[13:05:32.107] [INFO   ] thread bguspl.set.Main.main() starting.
[13:05:32.113] [SEVERE ] cannot read configuration file config.properties trying from resources.
[13:05:32.116] [SEVERE ] configuration file was loaded from resources directory.
[13:05:32.948] [INFO   ] thread dealer starting.
[13:05:32.949] [INFO   ] thread dealer starting.
[13:05:32.951] [SEVERE ] updating countdown to 60000
[13:05:33.067] [SEVERE ] placing card 58 in slot 0
[13:05:33.176] [SEVERE ] placing card 30 in slot 1
[13:05:33.285] [SEVERE ] placing card 32 in slot 2
[13:05:33.393] [SEVERE ] placing card 26 in slot 3
[13:05:33.500] [SEVERE ] placing card 45 in slot 4
[13:05:33.609] [SEVERE ] placing card 67 in slot 5
[13:05:33.717] [SEVERE ] placing card 80 in slot 6
[13:05:33.827] [SEVERE ] placing card 5 in slot 7
[13:05:33.936] [SEVERE ] placing card 44 in slot 8
[13:05:34.045] [SEVERE ] placing card 25 in slot 9
[13:05:34.154] [SEVERE ] placing card 49 in slot 10
[13:05:34.263] [SEVERE ] placing card 29 in slot 11
[13:05:35.273] [SEVERE ] updating countdown to 57678
[13:05:35.273] [SEVERE ] updating countdown to 57678
[13:05:36.284] [SEVERE ] updating countdown to 56667
[13:05:36.285] [SEVERE ] updating countdown to 56666
[13:05:37.166] [SEVERE ] key 83 was pressed by player 1
[13:05:37.297] [SEVERE ] updating countdown to 55654
[13:05:37.297] [SEVERE ] updating countdown to 55654
[13:05:38.235] [SEVERE ] key 87 was pressed by player 1
[13:05:38.310] [SEVERE ] updating countdown to 54641
[13:05:38.310] [SEVERE ] updating countdown to 54641
[13:05:38.925] [SEVERE ] key 83 was pressed by player 1
[13:05:39.267] [SEVERE ] key 68 was pressed by player 1
[13:05:39.322] [SEVERE ] updating countdown to 53629
[13:05:39.322] [SEVERE ] updating countdown to 53629
[13:05:40.332] [SEVERE ] updating countdown to 52619
[13:05:40.332] [SEVERE ] updating countdown to 52619
[13:05:41.334] [SEVERE ] updating countdown to 51617
[13:05:41.334] [SEVERE ] updating countdown to 51617
[13:05:42.343] [SEVERE ] updating countdown to 50608
[13:05:42.343] [SEVERE ] updating countdown to 50608
[13:05:43.354] [SEVERE ] updating countdown to 49597
[13:05:43.354] [SEVERE ] updating countdown to 49597
[13:05:44.365] [SEVERE ] updating countdown to 48586
[13:05:44.366] [SEVERE ] updating countdown to 48586
[13:05:45.374] [SEVERE ] updating countdown to 47577
[13:05:45.374] [SEVERE ] updating countdown to 47577
[13:05:46.380] [SEVERE ] updating countdown to 46571
[13:05:46.381] [SEVERE ] updating countdown to 46570
[13:05:47.393] [SEVERE ] updating countdown to 45558
[13:05:47.393] [SEVERE ] updating countdown to 45558
[13:05:48.403] [SEVERE ] updating countdown to 44548
[13:05:48.403] [SEVERE ] updating countdown to 44548
[13:05:49.411] [SEVERE ] updating countdown to 43540
[13:05:49.411] [SEVERE ] updating countdown to 43540
[13:05:50.423] [SEVERE ] updating countdown to 42528
[13:05:50.423] [SEVERE ] updating countdown to 42528
[13:05:51.436] [SEVERE ] updating countdown to 41515
[13:05:51.436] [SEVERE ] updating countdown to 41515
[13:05:52.448] [SEVERE ] updating countdown to 40503
[13:05:52.448] [SEVERE ] updating countdown to 40503
[13:05:53.453] [SEVERE ] updating countdown to 39498
[13:05:53.453] [SEVERE ] updating countdown to 39498
[13:05:54.460] [SEVERE ] updating countdown to 38491
[13:05:54.460] [SEVERE ] updating countdown to 38491
[13:05:55.461] [SEVERE ] updating countdown to 37490
[13:05:55.461] [SEVERE ] updating countdown to 37490
[13:05:56.469] [SEVERE ] updating countdown to 36482
[13:05:56.469] [SEVERE ] updating countdown to 36482
[13:05:57.479] [SEVERE ] updating countdown to 35472
[13:05:57.479] [SEVERE ] updating countdown to 35472
[13:05:58.489] [SEVERE ] updating countdown to 34462
[13:05:58.489] [SEVERE ] updating countdown to 34462
[13:05:59.496] [SEVERE ] updating countdown to 33455
[13:05:59.496] [SEVERE ] updating countdown to 33455
[13:06:00.508] [SEVERE ] updating countdown to 32443
[13:06:00.508] [SEVERE ] updating countdown to 32443
[13:06:01.522] [SEVERE ] updating countdown to 31430
[13:06:01.522] [SEVERE ] updating countdown to 31429
[13:06:02.531] [SEVERE ] updating countdown to 30420
[13:06:02.531] [SEVERE ] updating countdown to 30420
[13:06:03.541] [SEVERE ] updating countdown to 29410
[13:06:03.541] [SEVERE ] updating countdown to 29410
[13:06:04.548] [SEVERE ] updating countdown to 28403
[13:06:04.548] [SEVERE ] updating countdown to 28403
[13:06:05.560] [SEVERE ] updating countdown to 27392
[13:06:05.560] [SEVERE ] updating countdown to 27391
[13:06:06.566] [SEVERE ] updating countdown to 26385
[13:06:06.566] [SEVERE ] updating countdown to 26385
[13:06:07.576] [SEVERE ] updating countdown to 25375
[13:06:07.578] [SEVERE ] updating countdown to 25373
[13:06:08.586] [SEVERE ] updating countdown to 24365
[13:06:08.586] [SEVERE ] updating countdown to 24365
[13:06:09.599] [SEVERE ] updating countdown to 23352
[13:06:09.600] [SEVERE ] updating countdown to 23351
[13:06:10.612] [SEVERE ] updating countdown to 22339
[13:06:10.613] [SEVERE ] updating countdown to 22338
[13:06:11.625] [SEVERE ] updating countdown to 21326
[13:06:11.625] [SEVERE ] updating countdown to 21326
