[14:28:56.980] [INFO   ] thread main starting.
[14:28:56.990] [SEVERE ] cannot read configuration file config.properties trying from resources.
[14:28:56.992] [SEVERE ] configuration file was loaded from resources directory.
[14:28:57.815] [INFO   ] thread dealer starting.
[14:28:57.815] [INFO   ] thread dealer starting.
[14:28:57.816] [SEVERE ] updating countdown to 60000
[14:28:57.817] [INFO   ] thread Thread-0 starting.
[14:28:57.817] [INFO   ] thread Thread-1 starting.
[14:28:57.935] [SEVERE ] placing card 36 in slot 0
[14:28:58.042] [SEVERE ] placing card 66 in slot 1
[14:28:58.152] [SEVERE ] placing card 62 in slot 2
[14:28:58.263] [SEVERE ] placing card 80 in slot 3
[14:28:58.371] [SEVERE ] placing card 19 in slot 4
[14:28:58.480] [SEVERE ] placing card 50 in slot 5
[14:28:58.588] [SEVERE ] placing card 6 in slot 6
[14:28:58.695] [SEVERE ] placing card 12 in slot 7
[14:28:58.802] [SEVERE ] placing card 31 in slot 8
[14:28:58.910] [SEVERE ] placing card 48 in slot 9
[14:28:59.017] [SEVERE ] placing card 24 in slot 10
[14:28:59.124] [SEVERE ] placing card 15 in slot 11
[14:29:00.127] [SEVERE ] updating countdown to 57689
[14:29:00.128] [SEVERE ] updating countdown to 57688
[14:29:01.136] [SEVERE ] updating countdown to 56680
[14:29:01.137] [SEVERE ] updating countdown to 56679
[14:29:02.146] [SEVERE ] updating countdown to 55670
[14:29:02.146] [SEVERE ] updating countdown to 55670
[14:29:03.150] [SEVERE ] updating countdown to 54666
[14:29:03.150] [SEVERE ] updating countdown to 54666
[14:29:03.983] [SEVERE ] key 81 was pressed by player 1
[14:29:03.985] [SEVERE ] player 1 placing token on slot 0
[14:29:04.073] [SEVERE ] key 87 was pressed by player 1
[14:29:04.074] [SEVERE ] player 1 placing token on slot 1
[14:29:04.160] [SEVERE ] updating countdown to 53656
[14:29:04.160] [SEVERE ] updating countdown to 53656
[14:29:04.307] [SEVERE ] key 69 was pressed by player 1
[14:29:04.308] [SEVERE ] player 1 placing token on slot 2
[14:29:05.162] [SEVERE ] updating countdown to 52654
[14:29:05.163] [SEVERE ] updating countdown to 52653
[14:29:05.163] [SEVERE ] setting player 1 freeze to 3000
[14:29:08.178] [SEVERE ] setting player 1 freeze to 0
[14:29:09.182] [SEVERE ] updating countdown to 48634
[14:29:09.182] [SEVERE ] updating countdown to 48634
[14:29:10.197] [SEVERE ] updating countdown to 47619
[14:29:10.197] [SEVERE ] updating countdown to 47619
[14:29:11.207] [SEVERE ] updating countdown to 46609
[14:29:11.208] [SEVERE ] updating countdown to 46608
[14:29:11.952] [SEVERE ] key 69 was pressed by player 1
[14:29:12.217] [SEVERE ] updating countdown to 45599
[14:29:12.219] [SEVERE ] updating countdown to 45597
[14:29:13.226] [SEVERE ] updating countdown to 44590
[14:29:13.226] [SEVERE ] updating countdown to 44590
[14:29:14.233] [SEVERE ] updating countdown to 43583
[14:29:14.233] [SEVERE ] updating countdown to 43583
[14:29:15.244] [SEVERE ] updating countdown to 42572
[14:29:15.245] [SEVERE ] updating countdown to 42571
[14:29:16.255] [SEVERE ] updating countdown to 41561
[14:29:16.256] [SEVERE ] updating countdown to 41560
[14:29:17.267] [SEVERE ] updating countdown to 40549
[14:29:17.267] [SEVERE ] updating countdown to 40549
[14:29:18.279] [SEVERE ] updating countdown to 39537
[14:29:18.279] [SEVERE ] updating countdown to 39537
[14:29:19.291] [SEVERE ] updating countdown to 38525
[14:29:19.292] [SEVERE ] updating countdown to 38524
[14:29:20.301] [SEVERE ] updating countdown to 37515
[14:29:20.302] [SEVERE ] updating countdown to 37514
[14:29:21.314] [SEVERE ] updating countdown to 36502
[14:29:21.314] [SEVERE ] updating countdown to 36502
[14:29:22.318] [SEVERE ] updating countdown to 35498
[14:29:22.318] [SEVERE ] updating countdown to 35498
[14:29:23.326] [SEVERE ] updating countdown to 34490
[14:29:23.327] [SEVERE ] updating countdown to 34490
[14:29:24.331] [SEVERE ] updating countdown to 33485
[14:29:24.332] [SEVERE ] updating countdown to 33484
[14:29:25.338] [SEVERE ] updating countdown to 32478
[14:29:25.338] [SEVERE ] updating countdown to 32478
[14:29:26.344] [SEVERE ] updating countdown to 31472
[14:29:26.344] [SEVERE ] updating countdown to 31472
[14:29:27.351] [SEVERE ] updating countdown to 30465
[14:29:27.351] [SEVERE ] updating countdown to 30465
[14:29:28.365] [SEVERE ] updating countdown to 29451
[14:29:28.365] [SEVERE ] updating countdown to 29451
[14:29:29.374] [SEVERE ] updating countdown to 28442
[14:29:29.375] [SEVERE ] updating countdown to 28441
[14:29:30.379] [SEVERE ] updating countdown to 27437
[14:29:30.380] [SEVERE ] updating countdown to 27436
[14:29:31.388] [SEVERE ] updating countdown to 26428
[14:29:31.388] [SEVERE ] updating countdown to 26428
[14:29:32.398] [SEVERE ] updating countdown to 25418
[14:29:32.399] [SEVERE ] updating countdown to 25417
[14:29:33.407] [SEVERE ] updating countdown to 24409
[14:29:33.408] [SEVERE ] updating countdown to 24408
[14:29:34.420] [SEVERE ] updating countdown to 23396
[14:29:34.421] [SEVERE ] updating countdown to 23395
[14:29:35.427] [SEVERE ] updating countdown to 22389
[14:29:35.427] [SEVERE ] updating countdown to 22389
[14:29:36.432] [SEVERE ] updating countdown to 21384
[14:29:36.432] [SEVERE ] updating countdown to 21384
[14:29:37.443] [SEVERE ] updating countdown to 20373
[14:29:37.443] [SEVERE ] updating countdown to 20373
[14:29:38.457] [SEVERE ] updating countdown to 19359
[14:29:38.457] [SEVERE ] updating countdown to 19359
[14:29:39.466] [SEVERE ] updating countdown to 18350
[14:29:39.467] [SEVERE ] updating countdown to 18349
[14:29:40.475] [SEVERE ] updating countdown to 17341
[14:29:40.476] [SEVERE ] updating countdown to 17340
[14:29:41.486] [SEVERE ] updating countdown to 16330
[14:29:41.486] [SEVERE ] updating countdown to 16330
[14:29:42.498] [SEVERE ] updating countdown to 15318
[14:29:42.500] [SEVERE ] updating countdown to 15316
[14:29:43.505] [SEVERE ] updating countdown to 14311
[14:29:43.505] [SEVERE ] updating countdown to 14311
[14:29:44.519] [SEVERE ] updating countdown to 13297
[14:29:44.519] [SEVERE ] updating countdown to 13297
[14:29:45.532] [SEVERE ] updating countdown to 12284
[14:29:45.533] [SEVERE ] updating countdown to 12283
[14:29:46.542] [SEVERE ] updating countdown to 11274
[14:29:46.543] [SEVERE ] updating countdown to 11273
