[13:16:16.247] [INFO   ] thread bguspl.set.Main.main() starting.
[13:16:16.247] [SEVERE ] cannot read configuration file config.properties trying from resources.
[13:16:16.247] [SEVERE ] configuration file was loaded from resources directory.
[13:16:17.320] [INFO   ] thread dealer starting.
[13:16:17.320] [INFO   ] thread dealer starting.
[13:16:17.320] [SEVERE ] updating countdown to 60000
[13:16:17.443] [SEVERE ] placing card 36 in slot 0
[13:16:17.554] [SEVERE ] placing card 71 in slot 1
[13:16:17.656] [SEVERE ] placing card 17 in slot 2
[13:16:17.769] [SEVERE ] placing card 5 in slot 3
[13:16:17.873] [SEVERE ] placing card 60 in slot 4
[13:16:17.976] [SEVERE ] placing card 80 in slot 5
[13:16:18.079] [SEVERE ] placing card 67 in slot 6
[13:16:18.190] [SEVERE ] placing card 66 in slot 7
[13:16:18.295] [SEVERE ] placing card 74 in slot 8
[13:16:18.407] [SEVERE ] placing card 57 in slot 9
[13:16:18.509] [SEVERE ] placing card 55 in slot 10
[13:16:18.612] [SEVERE ] placing card 30 in slot 11
[13:16:19.349] [SEVERE ] key 87 was pressed by player 1
[13:16:19.621] [SEVERE ] updating countdown to 57699
[13:16:19.623] [SEVERE ] updating countdown to 57697
[13:16:20.629] [SEVERE ] updating countdown to 56691
[13:16:20.629] [SEVERE ] updating countdown to 56691
[13:16:20.658] [SEVERE ] key 87 was pressed by player 1
[13:16:21.499] [SEVERE ] key 87 was pressed by player 1
[13:16:21.632] [SEVERE ] updating countdown to 55688
[13:16:21.632] [SEVERE ] updating countdown to 55688
[13:16:22.086] [SEVERE ] key 87 was pressed by player 1
[13:16:22.600] [SEVERE ] key 87 was pressed by player 1
[13:16:22.642] [SEVERE ] updating countdown to 54678
[13:16:22.642] [SEVERE ] updating countdown to 54678
[13:16:23.587] [SEVERE ] key 69 was pressed by player 1
[13:16:23.657] [SEVERE ] updating countdown to 53663
[13:16:23.657] [SEVERE ] updating countdown to 53663
[13:16:24.661] [SEVERE ] updating countdown to 52659
[13:16:24.661] [SEVERE ] updating countdown to 52659
[13:16:25.671] [SEVERE ] updating countdown to 51649
[13:16:25.672] [SEVERE ] updating countdown to 51648
[13:16:26.678] [SEVERE ] updating countdown to 50642
[13:16:26.678] [SEVERE ] updating countdown to 50642
[13:16:27.687] [SEVERE ] updating countdown to 49633
[13:16:27.687] [SEVERE ] updating countdown to 49633
[13:16:28.694] [SEVERE ] updating countdown to 48626
[13:16:28.695] [SEVERE ] updating countdown to 48625
[13:16:29.705] [SEVERE ] updating countdown to 47615
[13:16:29.705] [SEVERE ] updating countdown to 47615
[13:16:30.568] [SEVERE ] key 69 was pressed by player 1
[13:16:30.709] [SEVERE ] updating countdown to 46611
[13:16:30.709] [SEVERE ] updating countdown to 46611
[13:16:31.168] [SEVERE ] key 69 was pressed by player 1
[13:16:31.562] [SEVERE ] key 87 was pressed by player 1
[13:16:31.718] [SEVERE ] updating countdown to 45602
[13:16:31.718] [SEVERE ] updating countdown to 45602
[13:16:32.007] [SEVERE ] key 87 was pressed by player 1
[13:16:32.268] [SEVERE ] key 87 was pressed by player 1
[13:16:32.458] [SEVERE ] key 87 was pressed by player 1
[13:16:32.688] [SEVERE ] key 87 was pressed by player 1
[13:16:32.722] [SEVERE ] updating countdown to 44598
[13:16:32.722] [SEVERE ] updating countdown to 44598
[13:16:33.047] [SEVERE ] key 87 was pressed by player 1
[13:16:33.736] [SEVERE ] updating countdown to 43584
[13:16:33.738] [SEVERE ] updating countdown to 43582
[13:16:34.231] [SEVERE ] key 87 was pressed by player 1
[13:16:34.663] [SEVERE ] key 87 was pressed by player 1
[13:16:34.740] [SEVERE ] updating countdown to 42580
[13:16:34.741] [SEVERE ] updating countdown to 42579
[13:16:34.998] [SEVERE ] key 87 was pressed by player 1
[13:16:35.747] [SEVERE ] updating countdown to 41573
[13:16:35.748] [SEVERE ] updating countdown to 41572
[13:16:36.247] [SEVERE ] exit button pressed
[13:16:36.759] [SEVERE ] updating countdown to 40561
[13:16:36.759] [SEVERE ] updating countdown to 40561
[13:16:36.759] [SEVERE ] updating countdown to 40561
[13:16:36.870] [SEVERE ] removing card from slot 0
[13:16:36.982] [SEVERE ] removing card from slot 1
[13:16:37.096] [SEVERE ] removing card from slot 2
[13:16:37.205] [SEVERE ] removing card from slot 3
[13:16:37.318] [SEVERE ] removing card from slot 4
[13:16:37.429] [SEVERE ] removing card from slot 5
[13:16:37.542] [SEVERE ] removing card from slot 6
[13:16:37.658] [SEVERE ] removing card from slot 7
[13:16:37.767] [SEVERE ] removing card from slot 8
[13:16:37.879] [SEVERE ] removing card from slot 9
[13:16:37.991] [SEVERE ] removing card from slot 10
[13:16:38.104] [SEVERE ] removing card from slot 11
[13:16:38.106] [SEVERE ] announcing winner(s): player 1, player 2
[13:16:38.120] [INFO   ] thread dealer terminated.
[13:16:38.120] [SEVERE ] thanks for playing... it was fun!
[13:16:38.120] [INFO   ] thread bguspl.set.Main.main() terminated.
[13:16:41.056] [SEVERE ] exit button pressed
[13:16:41.367] [SEVERE ] exit button pressed
[13:16:41.997] [SEVERE ] exit button pressed
[13:16:42.898] [SEVERE ] exit button pressed
[13:16:43.598] [SEVERE ] exit button pressed
