[14:35:44.297] [INFO   ] thread main starting.
[14:35:44.305] [SEVERE ] cannot read configuration file config.properties trying from resources.
[14:35:44.309] [SEVERE ] configuration file was loaded from resources directory.
[14:35:45.046] [INFO   ] thread dealer starting.
[14:35:45.047] [INFO   ] thread dealer starting.
[14:35:45.047] [SEVERE ] updating countdown to 60000
[14:35:45.048] [INFO   ] thread Thread-0 starting.
[14:35:45.048] [INFO   ] thread Thread-1 starting.
[14:35:45.160] [SEVERE ] placing card 34 in slot 0
[14:35:45.284] [SEVERE ] placing card 28 in slot 1
[14:35:45.395] [SEVERE ] placing card 1 in slot 2
[14:35:45.504] [SEVERE ] placing card 38 in slot 3
[14:35:45.613] [SEVERE ] placing card 50 in slot 4
[14:35:45.725] [SEVERE ] placing card 74 in slot 5
[14:35:45.833] [SEVERE ] placing card 22 in slot 6
[14:35:45.942] [SEVERE ] placing card 60 in slot 7
[14:35:46.053] [SEVERE ] placing card 42 in slot 8
[14:35:46.161] [SEVERE ] placing card 13 in slot 9
[14:35:46.271] [SEVERE ] placing card 32 in slot 10
[14:35:46.381] [SEVERE ] placing card 63 in slot 11
[14:35:47.395] [SEVERE ] updating countdown to 57652
[14:35:47.396] [SEVERE ] updating countdown to 57651
[14:35:48.014] [SEVERE ] key 81 was pressed by player 1
[14:35:48.016] [SEVERE ] player 1 placing token on slot 0
[14:35:48.406] [SEVERE ] updating countdown to 56641
[14:35:48.407] [SEVERE ] updating countdown to 56640
[14:35:48.646] [SEVERE ] key 87 was pressed by player 1
[14:35:48.647] [SEVERE ] player 1 placing token on slot 1
[14:35:49.016] [SEVERE ] key 69 was pressed by player 1
[14:35:49.018] [SEVERE ] player 1 placing token on slot 2
[14:35:49.414] [SEVERE ] updating countdown to 55633
[14:35:49.415] [SEVERE ] updating countdown to 55632
[14:35:49.415] [SEVERE ] setting player 1 freeze to 3000
[14:35:50.521] [SEVERE ] key 75 was pressed by player 2
[14:35:50.523] [SEVERE ] player 2 placing token on slot 5
[14:35:50.993] [SEVERE ] key 79 was pressed by player 2
[14:35:50.994] [SEVERE ] player 2 placing token on slot 2
[14:35:52.244] [SEVERE ] key 80 was pressed by player 2
[14:35:52.246] [SEVERE ] player 2 placing token on slot 3
[14:35:52.421] [SEVERE ] setting player 1 freeze to 0
[14:35:53.283] [SEVERE ] key 75 was pressed by player 2
[14:35:53.434] [SEVERE ] updating countdown to 51613
[14:35:53.435] [SEVERE ] updating countdown to 51612
[14:35:53.435] [SEVERE ] setting player 2 freeze to 3000
[14:35:54.477] [SEVERE ] key 75 was pressed by player 2
[14:35:55.116] [SEVERE ] key 65 was pressed by player 1
[14:35:55.538] [SEVERE ] key 75 was pressed by player 2
[14:35:55.766] [SEVERE ] key 81 was pressed by player 1
[14:35:56.077] [SEVERE ] key 75 was pressed by player 2
[14:35:56.443] [SEVERE ] setting player 2 freeze to 0
[14:35:57.453] [SEVERE ] updating countdown to 47594
[14:35:57.453] [SEVERE ] updating countdown to 47594
[14:35:58.464] [SEVERE ] updating countdown to 46583
[14:35:58.465] [SEVERE ] updating countdown to 46582
[14:35:59.472] [SEVERE ] updating countdown to 45575
[14:35:59.473] [SEVERE ] updating countdown to 45574
[14:36:00.483] [SEVERE ] updating countdown to 44564
[14:36:00.483] [SEVERE ] updating countdown to 44564
[14:36:01.494] [SEVERE ] updating countdown to 43553
[14:36:01.494] [SEVERE ] updating countdown to 43553
[14:36:02.503] [SEVERE ] updating countdown to 42544
[14:36:02.504] [SEVERE ] updating countdown to 42543
[14:36:03.516] [SEVERE ] updating countdown to 41531
[14:36:03.516] [SEVERE ] updating countdown to 41531
[14:36:04.524] [SEVERE ] updating countdown to 40523
[14:36:04.524] [SEVERE ] updating countdown to 40523
