[15:32:00.309] [INFO   ] thread main starting.
[15:32:00.325] [SEVERE ] cannot read configuration file config.properties trying from resources.
[15:32:00.328] [SEVERE ] configuration file was loaded from resources directory.
[15:32:01.216] [INFO   ] thread dealer starting.
[15:32:01.217] [INFO   ] thread dealer starting.
[15:32:01.217] [SEVERE ] updating countdown to 60000
[15:32:01.219] [INFO   ] thread Thread-0 starting.
[15:32:01.219] [INFO   ] thread Thread-1 starting.
[15:32:01.332] [SEVERE ] placing card 6 in slot 0
[15:32:01.440] [SEVERE ] placing card 63 in slot 1
[15:32:01.548] [SEVERE ] placing card 71 in slot 2
[15:32:01.658] [SEVERE ] placing card 15 in slot 3
[15:32:01.766] [SEVERE ] placing card 3 in slot 4
[15:32:01.876] [SEVERE ] placing card 72 in slot 5
[15:32:01.984] [SEVERE ] placing card 45 in slot 6
[15:32:02.093] [SEVERE ] placing card 1 in slot 7
[15:32:02.200] [SEVERE ] placing card 41 in slot 8
[15:32:02.311] [SEVERE ] placing card 4 in slot 9
[15:32:02.418] [SEVERE ] placing card 2 in slot 10
[15:32:02.526] [SEVERE ] placing card 46 in slot 11
[15:32:03.209] [SEVERE ] key 81 was pressed by player 1
[15:32:03.210] [SEVERE ] player 1 placing token on slot 0
[15:32:03.539] [SEVERE ] updating countdown to 57678
[15:32:03.540] [SEVERE ] updating countdown to 57677
[15:32:03.716] [SEVERE ] key 87 was pressed by player 1
[15:32:03.717] [SEVERE ] player 1 placing token on slot 1
[15:32:04.175] [SEVERE ] key 69 was pressed by player 1
[15:32:04.177] [SEVERE ] player 1 placing token on slot 2
[15:32:04.554] [SEVERE ] updating countdown to 56663
[15:32:04.554] [SEVERE ] updating countdown to 56663
[15:32:04.554] [SEVERE ] setting player 1 freeze to 3000
[15:32:07.569] [SEVERE ] setting player 1 freeze to 0
[15:32:08.582] [SEVERE ] updating countdown to 52635
[15:32:08.583] [SEVERE ] updating countdown to 52634
[15:32:09.594] [SEVERE ] updating countdown to 51623
[15:32:09.595] [SEVERE ] updating countdown to 51622
[15:32:10.606] [SEVERE ] updating countdown to 50611
[15:32:10.607] [SEVERE ] updating countdown to 50610
[15:32:11.617] [SEVERE ] updating countdown to 49600
[15:32:11.617] [SEVERE ] updating countdown to 49600
[15:32:12.631] [SEVERE ] updating countdown to 48586
[15:32:12.631] [SEVERE ] updating countdown to 48586
[15:32:13.644] [SEVERE ] updating countdown to 47573
[15:32:13.644] [SEVERE ] updating countdown to 47573
[15:32:14.657] [SEVERE ] updating countdown to 46560
[15:32:14.657] [SEVERE ] updating countdown to 46560
[15:32:15.668] [SEVERE ] updating countdown to 45549
[15:32:15.669] [SEVERE ] updating countdown to 45548
[15:32:16.679] [SEVERE ] updating countdown to 44538
[15:32:16.679] [SEVERE ] updating countdown to 44538
[15:32:17.689] [SEVERE ] updating countdown to 43528
[15:32:17.689] [SEVERE ] updating countdown to 43528
[15:32:18.699] [SEVERE ] updating countdown to 42518
[15:32:18.699] [SEVERE ] updating countdown to 42518
[15:32:19.711] [SEVERE ] updating countdown to 41506
[15:32:19.711] [SEVERE ] updating countdown to 41506
[15:32:20.715] [SEVERE ] updating countdown to 40502
[15:32:20.716] [SEVERE ] updating countdown to 40501
[15:32:21.723] [SEVERE ] updating countdown to 39494
[15:32:21.723] [SEVERE ] updating countdown to 39494
[15:32:22.734] [SEVERE ] updating countdown to 38483
[15:32:22.735] [SEVERE ] updating countdown to 38482
[15:32:23.742] [SEVERE ] updating countdown to 37475
[15:32:23.743] [SEVERE ] updating countdown to 37474
[15:32:24.753] [SEVERE ] updating countdown to 36464
[15:32:24.753] [SEVERE ] updating countdown to 36464
[15:32:25.765] [SEVERE ] updating countdown to 35452
[15:32:25.766] [SEVERE ] updating countdown to 35451
[15:32:26.777] [SEVERE ] updating countdown to 34440
[15:32:26.777] [SEVERE ] updating countdown to 34440
[15:32:27.790] [SEVERE ] updating countdown to 33427
[15:32:27.791] [SEVERE ] updating countdown to 33426
[15:32:28.795] [SEVERE ] updating countdown to 32422
[15:32:28.796] [SEVERE ] updating countdown to 32421
[15:32:29.804] [SEVERE ] updating countdown to 31413
[15:32:29.805] [SEVERE ] updating countdown to 31412
[15:32:30.807] [SEVERE ] updating countdown to 30410
[15:32:30.809] [SEVERE ] updating countdown to 30408
[15:32:31.824] [SEVERE ] updating countdown to 29393
[15:32:31.825] [SEVERE ] updating countdown to 29392
[15:32:32.649] [SEVERE ] key 81 was pressed by player 1
[15:32:32.830] [SEVERE ] updating countdown to 28387
[15:32:32.831] [SEVERE ] updating countdown to 28386
[15:32:33.836] [SEVERE ] updating countdown to 27381
[15:32:33.836] [SEVERE ] updating countdown to 27381
[15:32:33.964] [SEVERE ] key 81 was pressed by player 1
[15:32:34.846] [SEVERE ] updating countdown to 26371
[15:32:34.847] [SEVERE ] updating countdown to 26370
[15:32:35.854] [SEVERE ] updating countdown to 25363
[15:32:35.854] [SEVERE ] updating countdown to 25363
[15:32:36.865] [SEVERE ] updating countdown to 24352
[15:32:36.866] [SEVERE ] updating countdown to 24351
[15:32:36.934] [SEVERE ] key 81 was pressed by player 1
[15:32:37.877] [SEVERE ] updating countdown to 23340
[15:32:37.877] [SEVERE ] updating countdown to 23340
[15:32:38.886] [SEVERE ] updating countdown to 22331
[15:32:38.886] [SEVERE ] updating countdown to 22331
[15:32:39.892] [SEVERE ] updating countdown to 21325
[15:32:39.892] [SEVERE ] updating countdown to 21325
[15:32:40.389] [SEVERE ] key 87 was pressed by player 1
[15:32:40.906] [SEVERE ] updating countdown to 20311
[15:32:40.906] [SEVERE ] updating countdown to 20311
[15:32:41.920] [SEVERE ] updating countdown to 19297
[15:32:41.920] [SEVERE ] updating countdown to 19297
[15:32:42.933] [SEVERE ] updating countdown to 18284
[15:32:42.933] [SEVERE ] updating countdown to 18284
[15:32:43.943] [SEVERE ] updating countdown to 17274
[15:32:43.943] [SEVERE ] updating countdown to 17274
[15:32:44.957] [SEVERE ] updating countdown to 16260
[15:32:44.958] [SEVERE ] updating countdown to 16259
[15:32:45.968] [SEVERE ] updating countdown to 15249
[15:32:45.968] [SEVERE ] updating countdown to 15249
[15:32:46.980] [SEVERE ] updating countdown to 14237
[15:32:46.980] [SEVERE ] updating countdown to 14237
[15:32:47.988] [SEVERE ] updating countdown to 13229
[15:32:47.988] [SEVERE ] updating countdown to 13229
[15:32:49.001] [SEVERE ] updating countdown to 12216
[15:32:49.001] [SEVERE ] updating countdown to 12216
