[14:20:20.035] [INFO   ] thread main starting.
[14:20:20.050] [SEVERE ] cannot read configuration file config.properties trying from resources.
[14:20:20.054] [SEVERE ] configuration file was loaded from resources directory.
[14:20:20.524] [INFO   ] thread dealer starting.
[14:20:20.524] [INFO   ] thread dealer starting.
[14:20:20.525] [SEVERE ] updating countdown to 60000
[14:20:20.526] [INFO   ] thread Thread-0 starting.
[14:20:20.526] [INFO   ] thread Thread-1 starting.
[14:20:20.637] [SEVERE ] placing card 57 in slot 0
[14:20:20.750] [SEVERE ] placing card 43 in slot 1
[14:20:20.857] [SEVERE ] placing card 48 in slot 2
[14:20:20.966] [SEVERE ] placing card 25 in slot 3
[14:20:21.076] [SEVERE ] placing card 72 in slot 4
[14:20:21.186] [SEVERE ] placing card 47 in slot 5
[14:20:21.297] [SEVERE ] placing card 3 in slot 6
[14:20:21.407] [SEVERE ] placing card 54 in slot 7
[14:20:21.517] [SEVERE ] placing card 5 in slot 8
[14:20:21.627] [SEVERE ] placing card 24 in slot 9
[14:20:21.737] [SEVERE ] placing card 70 in slot 10
[14:20:21.847] [SEVERE ] placing card 61 in slot 11
[14:20:22.744] [SEVERE ] key 81 was pressed by player 1
[14:20:22.744] [SEVERE ] player 1 placing token on slot 0
[14:20:22.859] [SEVERE ] updating countdown to 57666
[14:20:22.859] [SEVERE ] updating countdown to 57666
[14:20:23.314] [SEVERE ] key 87 was pressed by player 1
[14:20:23.314] [SEVERE ] player 1 placing token on slot 1
[14:20:23.808] [SEVERE ] key 69 was pressed by player 1
[14:20:23.808] [SEVERE ] player 1 placing token on slot 2
[14:20:23.861] [SEVERE ] updating countdown to 56664
[14:20:23.861] [SEVERE ] updating countdown to 56664
[14:20:23.861] [SEVERE ] setting player 1 freeze to 3000
[14:20:23.861] [INFO   ] thread dealer terminated.
[14:20:28.875] [SEVERE ] thanks for playing... it was fun!
[14:20:28.875] [INFO   ] thread main terminated.
[14:20:28.875] [SEVERE ] disposing of user interface elements
