[14:33:25.001] [INFO   ] thread main starting.
[14:33:25.012] [SEVERE ] cannot read configuration file config.properties trying from resources.
[14:33:25.014] [SEVERE ] configuration file was loaded from resources directory.
[14:33:25.763] [INFO   ] thread dealer starting.
[14:33:25.764] [INFO   ] thread dealer starting.
[14:33:25.764] [SEVERE ] updating countdown to 60000
[14:33:25.767] [INFO   ] thread Thread-0 starting.
[14:33:25.767] [INFO   ] thread Thread-1 starting.
[14:33:25.888] [SEVERE ] placing card 74 in slot 0
[14:33:25.996] [SEVERE ] placing card 27 in slot 1
[14:33:26.106] [SEVERE ] placing card 69 in slot 2
[14:33:26.214] [SEVERE ] placing card 26 in slot 3
[14:33:26.321] [SEVERE ] placing card 29 in slot 4
[14:33:26.430] [SEVERE ] placing card 38 in slot 5
[14:33:26.538] [SEVERE ] placing card 0 in slot 6
[14:33:26.648] [SEVERE ] placing card 64 in slot 7
[14:33:26.757] [SEVERE ] placing card 2 in slot 8
[14:33:26.865] [SEVERE ] placing card 6 in slot 9
[14:33:26.972] [SEVERE ] placing card 28 in slot 10
[14:33:27.036] [SEVERE ] key 81 was pressed by player 1
[14:33:27.038] [SEVERE ] player 1 placing token on slot 0
[14:33:27.081] [SEVERE ] placing card 33 in slot 11
[14:33:27.307] [SEVERE ] key 87 was pressed by player 1
[14:33:27.308] [SEVERE ] player 1 placing token on slot 1
[14:33:27.835] [SEVERE ] key 69 was pressed by player 1
[14:33:27.836] [SEVERE ] player 1 placing token on slot 2
[14:33:28.094] [SEVERE ] updating countdown to 57670
[14:33:28.095] [SEVERE ] updating countdown to 57669
[14:33:28.095] [SEVERE ] setting player 1 freeze to 3000
[14:33:31.104] [SEVERE ] setting player 1 freeze to 0
[14:33:32.115] [SEVERE ] updating countdown to 53649
[14:33:32.116] [SEVERE ] updating countdown to 53648
[14:33:33.129] [SEVERE ] updating countdown to 52635
[14:33:33.129] [SEVERE ] updating countdown to 52635
[14:33:34.141] [SEVERE ] updating countdown to 51623
[14:33:34.142] [SEVERE ] updating countdown to 51622
[14:33:34.680] [SEVERE ] key 69 was pressed by player 1
[14:33:35.151] [SEVERE ] updating countdown to 50613
[14:33:35.151] [SEVERE ] updating countdown to 50613
[14:33:36.161] [SEVERE ] updating countdown to 49603
[14:33:36.161] [SEVERE ] updating countdown to 49603
[14:33:37.177] [SEVERE ] updating countdown to 48587
[14:33:37.179] [SEVERE ] updating countdown to 48585
