[14:14:18.079] [INFO   ] thread main starting.
[14:14:18.079] [SEVERE ] cannot read configuration file config.properties trying from resources.
[14:14:18.079] [SEVERE ] configuration file was loaded from resources directory.
[14:14:18.582] [INFO   ] thread dealer starting.
[14:14:18.588] [INFO   ] thread dealer starting.
[14:14:18.588] [SEVERE ] updating countdown to 60000
[14:14:18.589] [INFO   ] thread Thread-1 starting.
[14:14:18.589] [INFO   ] thread Thread-0 starting.
[14:14:18.707] [SEVERE ] placing card 50 in slot 0
[14:14:18.825] [SEVERE ] placing card 42 in slot 1
[14:14:18.926] [SEVERE ] placing card 16 in slot 2
[14:14:19.036] [SEVERE ] placing card 57 in slot 3
[14:14:19.147] [SEVERE ] placing card 27 in slot 4
[14:14:19.257] [SEVERE ] placing card 33 in slot 5
[14:14:19.367] [SEVERE ] placing card 44 in slot 6
[14:14:19.477] [SEVERE ] placing card 5 in slot 7
[14:14:19.580] [SEVERE ] placing card 71 in slot 8
[14:14:19.687] [SEVERE ] placing card 69 in slot 9
[14:14:19.797] [SEVERE ] placing card 54 in slot 10
[14:14:19.907] [SEVERE ] placing card 41 in slot 11
[14:14:20.912] [SEVERE ] updating countdown to 57676
[14:14:20.912] [SEVERE ] updating countdown to 57676
[14:14:21.510] [SEVERE ] key 81 was pressed by player 1
[14:14:21.510] [SEVERE ] player 1 placing token on slot 0
[14:14:21.919] [SEVERE ] updating countdown to 56669
[14:14:21.919] [SEVERE ] updating countdown to 56669
[14:14:22.925] [SEVERE ] updating countdown to 55663
[14:14:22.925] [SEVERE ] updating countdown to 55663
[14:14:23.934] [SEVERE ] updating countdown to 54654
[14:14:23.934] [SEVERE ] updating countdown to 54654
[14:14:24.948] [SEVERE ] updating countdown to 53640
[14:14:24.948] [SEVERE ] updating countdown to 53640
[14:14:25.957] [SEVERE ] updating countdown to 52631
[14:14:25.957] [SEVERE ] updating countdown to 52631
[14:14:26.963] [SEVERE ] updating countdown to 51625
[14:14:26.963] [SEVERE ] updating countdown to 51625
[14:14:27.976] [SEVERE ] updating countdown to 50612
[14:14:27.977] [SEVERE ] updating countdown to 50611
[14:14:28.981] [SEVERE ] updating countdown to 49607
[14:14:28.981] [SEVERE ] updating countdown to 49607
[14:14:29.983] [SEVERE ] updating countdown to 48605
[14:14:29.983] [SEVERE ] updating countdown to 48605
[14:14:30.997] [SEVERE ] updating countdown to 47591
[14:14:30.997] [SEVERE ] updating countdown to 47591
[14:14:32.005] [SEVERE ] updating countdown to 46583
[14:14:32.005] [SEVERE ] updating countdown to 46583
[14:14:33.011] [SEVERE ] updating countdown to 45577
[14:14:33.011] [SEVERE ] updating countdown to 45577
[14:14:34.015] [SEVERE ] updating countdown to 44574
[14:14:34.015] [SEVERE ] updating countdown to 44573
[14:14:35.031] [SEVERE ] updating countdown to 43557
[14:14:35.031] [SEVERE ] updating countdown to 43557
[14:14:36.040] [SEVERE ] updating countdown to 42548
[14:14:36.040] [SEVERE ] updating countdown to 42548
[14:14:37.042] [SEVERE ] updating countdown to 41546
[14:14:37.042] [SEVERE ] updating countdown to 41546
[14:14:38.055] [SEVERE ] updating countdown to 40533
[14:14:38.055] [SEVERE ] updating countdown to 40533
[14:14:39.057] [SEVERE ] updating countdown to 39531
[14:14:39.057] [SEVERE ] updating countdown to 39531
[14:14:40.058] [SEVERE ] updating countdown to 38530
[14:14:40.058] [SEVERE ] updating countdown to 38530
[14:14:41.061] [SEVERE ] updating countdown to 37527
[14:14:41.061] [SEVERE ] updating countdown to 37527
[14:14:42.072] [SEVERE ] updating countdown to 36516
[14:14:42.072] [SEVERE ] updating countdown to 36516
[14:14:43.076] [SEVERE ] updating countdown to 35512
[14:14:43.076] [SEVERE ] updating countdown to 35512
[14:14:43.092] [SEVERE ] key 81 was pressed by player 1
[14:14:43.092] [SEVERE ] removing player 1 token from slot 0
[14:14:43.615] [SEVERE ] key 81 was pressed by player 1
[14:14:43.615] [SEVERE ] player 1 placing token on slot 0
[14:14:44.062] [SEVERE ] key 81 was pressed by player 1
[14:14:44.062] [SEVERE ] removing player 1 token from slot 0
[14:14:44.078] [SEVERE ] updating countdown to 34510
[14:14:44.078] [SEVERE ] updating countdown to 34510
[14:14:44.495] [SEVERE ] key 81 was pressed by player 1
[14:14:44.495] [SEVERE ] player 1 placing token on slot 0
[14:14:44.765] [SEVERE ] key 81 was pressed by player 1
[14:14:44.765] [SEVERE ] removing player 1 token from slot 0
[14:14:45.037] [SEVERE ] key 81 was pressed by player 1
[14:14:45.037] [SEVERE ] player 1 placing token on slot 0
[14:14:45.090] [SEVERE ] updating countdown to 33498
[14:14:45.090] [SEVERE ] updating countdown to 33498
[14:14:45.581] [SEVERE ] key 81 was pressed by player 1
[14:14:45.597] [SEVERE ] removing player 1 token from slot 0
[14:14:45.598] [SEVERE ] key 81 was pressed by player 1
[14:14:45.598] [SEVERE ] player 1 placing token on slot 0
[14:14:45.659] [SEVERE ] key 81 was pressed by player 1
[14:14:45.660] [SEVERE ] removing player 1 token from slot 0
[14:14:45.675] [SEVERE ] key 81 was pressed by player 1
[14:14:45.675] [SEVERE ] player 1 placing token on slot 0
[14:14:45.702] [SEVERE ] key 81 was pressed by player 1
[14:14:45.702] [SEVERE ] removing player 1 token from slot 0
[14:14:45.769] [SEVERE ] key 81 was pressed by player 1
[14:14:45.770] [SEVERE ] player 1 placing token on slot 0
[14:14:45.772] [SEVERE ] key 81 was pressed by player 1
[14:14:45.773] [SEVERE ] removing player 1 token from slot 0
[14:14:45.796] [SEVERE ] key 81 was pressed by player 1
[14:14:45.797] [SEVERE ] player 1 placing token on slot 0
[14:14:45.827] [SEVERE ] key 81 was pressed by player 1
[14:14:45.827] [SEVERE ] removing player 1 token from slot 0
[14:14:45.859] [SEVERE ] key 81 was pressed by player 1
[14:14:45.860] [SEVERE ] player 1 placing token on slot 0
[14:14:45.892] [SEVERE ] key 81 was pressed by player 1
[14:14:45.892] [SEVERE ] removing player 1 token from slot 0
[14:14:45.927] [SEVERE ] key 81 was pressed by player 1
[14:14:45.927] [SEVERE ] player 1 placing token on slot 0
[14:14:45.955] [SEVERE ] key 81 was pressed by player 1
[14:14:45.956] [SEVERE ] removing player 1 token from slot 0
[14:14:45.984] [SEVERE ] key 81 was pressed by player 1
[14:14:45.984] [SEVERE ] player 1 placing token on slot 0
[14:14:46.019] [SEVERE ] key 81 was pressed by player 1
[14:14:46.019] [SEVERE ] removing player 1 token from slot 0
[14:14:46.044] [SEVERE ] key 81 was pressed by player 1
[14:14:46.044] [SEVERE ] player 1 placing token on slot 0
[14:14:46.078] [SEVERE ] key 81 was pressed by player 1
[14:14:46.078] [SEVERE ] removing player 1 token from slot 0
[14:14:46.101] [SEVERE ] updating countdown to 32487
[14:14:46.101] [SEVERE ] updating countdown to 32487
[14:14:46.116] [SEVERE ] key 81 was pressed by player 1
[14:14:46.117] [SEVERE ] player 1 placing token on slot 0
[14:14:46.142] [SEVERE ] key 81 was pressed by player 1
[14:14:46.143] [SEVERE ] removing player 1 token from slot 0
[14:14:46.170] [SEVERE ] key 81 was pressed by player 1
[14:14:46.170] [SEVERE ] player 1 placing token on slot 0
[14:14:46.204] [SEVERE ] key 81 was pressed by player 1
[14:14:46.205] [SEVERE ] removing player 1 token from slot 0
[14:14:46.241] [SEVERE ] key 81 was pressed by player 1
[14:14:46.241] [SEVERE ] player 1 placing token on slot 0
[14:14:46.268] [SEVERE ] key 81 was pressed by player 1
[14:14:46.269] [SEVERE ] removing player 1 token from slot 0
[14:14:46.299] [SEVERE ] key 81 was pressed by player 1
[14:14:46.300] [SEVERE ] player 1 placing token on slot 0
[14:14:46.327] [SEVERE ] key 81 was pressed by player 1
[14:14:46.327] [SEVERE ] removing player 1 token from slot 0
[14:14:46.361] [SEVERE ] key 81 was pressed by player 1
[14:14:46.361] [SEVERE ] player 1 placing token on slot 0
[14:14:46.393] [SEVERE ] key 81 was pressed by player 1
[14:14:46.394] [SEVERE ] removing player 1 token from slot 0
[14:14:46.419] [SEVERE ] key 81 was pressed by player 1
[14:14:46.425] [SEVERE ] player 1 placing token on slot 0
[14:14:46.456] [SEVERE ] key 81 was pressed by player 1
[14:14:46.456] [SEVERE ] removing player 1 token from slot 0
[14:14:46.485] [SEVERE ] key 81 was pressed by player 1
[14:14:46.485] [SEVERE ] player 1 placing token on slot 0
[14:14:46.518] [SEVERE ] key 81 was pressed by player 1
[14:14:46.518] [SEVERE ] removing player 1 token from slot 0
[14:14:46.556] [SEVERE ] key 81 was pressed by player 1
[14:14:46.559] [SEVERE ] player 1 placing token on slot 0
[14:14:46.584] [SEVERE ] key 81 was pressed by player 1
[14:14:46.585] [SEVERE ] removing player 1 token from slot 0
[14:14:46.629] [SEVERE ] key 81 was pressed by player 1
[14:14:46.630] [SEVERE ] player 1 placing token on slot 0
[14:14:46.687] [SEVERE ] key 81 was pressed by player 1
[14:14:46.688] [SEVERE ] removing player 1 token from slot 0
[14:14:46.690] [SEVERE ] key 81 was pressed by player 1
[14:14:46.691] [SEVERE ] player 1 placing token on slot 0
[14:14:46.744] [SEVERE ] key 81 was pressed by player 1
[14:14:46.744] [SEVERE ] removing player 1 token from slot 0
[14:14:46.744] [SEVERE ] key 81 was pressed by player 1
[14:14:46.744] [SEVERE ] player 1 placing token on slot 0
[14:14:46.809] [SEVERE ] key 81 was pressed by player 1
[14:14:46.809] [SEVERE ] removing player 1 token from slot 0
[14:14:46.830] [SEVERE ] key 81 was pressed by player 1
[14:14:46.830] [SEVERE ] player 1 placing token on slot 0
[14:14:46.852] [SEVERE ] key 81 was pressed by player 1
[14:14:46.852] [SEVERE ] removing player 1 token from slot 0
[14:14:46.885] [SEVERE ] key 81 was pressed by player 1
[14:14:46.885] [SEVERE ] player 1 placing token on slot 0
[14:14:46.917] [SEVERE ] key 81 was pressed by player 1
[14:14:46.918] [SEVERE ] removing player 1 token from slot 0
[14:14:46.944] [SEVERE ] key 81 was pressed by player 1
[14:14:46.944] [SEVERE ] player 1 placing token on slot 0
[14:14:46.979] [SEVERE ] key 81 was pressed by player 1
[14:14:46.980] [SEVERE ] removing player 1 token from slot 0
[14:14:47.011] [SEVERE ] key 81 was pressed by player 1
[14:14:47.011] [SEVERE ] player 1 placing token on slot 0
[14:14:47.042] [SEVERE ] key 81 was pressed by player 1
[14:14:47.043] [SEVERE ] removing player 1 token from slot 0
[14:14:47.070] [SEVERE ] key 81 was pressed by player 1
[14:14:47.070] [SEVERE ] player 1 placing token on slot 0
[14:14:47.102] [SEVERE ] updating countdown to 31486
[14:14:47.102] [SEVERE ] updating countdown to 31486
[14:14:47.102] [SEVERE ] key 81 was pressed by player 1
[14:14:47.102] [SEVERE ] removing player 1 token from slot 0
[14:14:47.136] [SEVERE ] key 81 was pressed by player 1
[14:14:47.136] [SEVERE ] player 1 placing token on slot 0
[14:14:47.160] [SEVERE ] key 81 was pressed by player 1
[14:14:47.160] [SEVERE ] removing player 1 token from slot 0
[14:14:47.194] [SEVERE ] key 81 was pressed by player 1
[14:14:47.194] [SEVERE ] player 1 placing token on slot 0
[14:14:47.228] [SEVERE ] key 81 was pressed by player 1
[14:14:47.228] [SEVERE ] removing player 1 token from slot 0
[14:14:47.259] [SEVERE ] key 81 was pressed by player 1
[14:14:47.260] [SEVERE ] player 1 placing token on slot 0
[14:14:47.295] [SEVERE ] key 81 was pressed by player 1
[14:14:47.296] [SEVERE ] removing player 1 token from slot 0
[14:14:47.319] [SEVERE ] key 81 was pressed by player 1
[14:14:47.320] [SEVERE ] player 1 placing token on slot 0
[14:14:47.350] [SEVERE ] key 81 was pressed by player 1
[14:14:47.350] [SEVERE ] removing player 1 token from slot 0
[14:14:48.110] [SEVERE ] updating countdown to 30478
[14:14:48.110] [SEVERE ] updating countdown to 30478
[14:14:48.691] [SEVERE ] key 81 was pressed by player 1
[14:14:48.704] [SEVERE ] player 1 placing token on slot 0
[14:14:49.112] [SEVERE ] updating countdown to 29476
[14:14:49.112] [SEVERE ] updating countdown to 29476
[14:14:49.284] [SEVERE ] key 87 was pressed by player 1
[14:14:49.284] [SEVERE ] player 1 placing token on slot 1
[14:14:50.125] [SEVERE ] updating countdown to 28463
[14:14:50.125] [SEVERE ] updating countdown to 28463
[14:14:50.236] [SEVERE ] key 87 was pressed by player 1
[14:14:50.236] [SEVERE ] removing player 1 token from slot 1
[14:14:50.565] [SEVERE ] key 81 was pressed by player 1
[14:14:50.565] [SEVERE ] removing player 1 token from slot 0
[14:14:51.043] [SEVERE ] key 81 was pressed by player 1
[14:14:51.043] [SEVERE ] player 1 placing token on slot 0
[14:14:51.128] [SEVERE ] updating countdown to 27460
[14:14:51.128] [SEVERE ] updating countdown to 27460
[14:14:51.262] [SEVERE ] key 87 was pressed by player 1
[14:14:51.262] [SEVERE ] player 1 placing token on slot 1
[14:14:51.512] [SEVERE ] key 69 was pressed by player 1
[14:14:51.512] [SEVERE ] player 1 placing token on slot 2
[14:14:52.142] [SEVERE ] updating countdown to 26446
[14:14:52.142] [SEVERE ] updating countdown to 26446
[14:14:52.142] [SEVERE ] setting player 1 freeze to 3000
[14:14:55.144] [SEVERE ] setting player 1 freeze to 0
[14:14:56.151] [SEVERE ] updating countdown to 22437
[14:14:56.151] [SEVERE ] updating countdown to 22437
[14:14:57.158] [SEVERE ] updating countdown to 21430
[14:14:57.158] [SEVERE ] updating countdown to 21430
[14:14:58.164] [SEVERE ] updating countdown to 20424
[14:14:58.164] [SEVERE ] updating countdown to 20424
[14:14:59.170] [SEVERE ] updating countdown to 19418
[14:14:59.170] [SEVERE ] updating countdown to 19418
[14:15:00.177] [SEVERE ] updating countdown to 18411
[14:15:00.177] [SEVERE ] updating countdown to 18411
[14:15:01.181] [SEVERE ] updating countdown to 17407
[14:15:01.181] [SEVERE ] updating countdown to 17407
[14:15:01.732] [SEVERE ] key 83 was pressed by player 1
[14:15:02.190] [SEVERE ] updating countdown to 16398
[14:15:02.190] [SEVERE ] updating countdown to 16398
[14:15:03.195] [SEVERE ] updating countdown to 15393
[14:15:03.195] [SEVERE ] updating countdown to 15393
[14:15:03.463] [SEVERE ] key 65 was pressed by player 1
[14:15:04.164] [SEVERE ] key 68 was pressed by player 1
[14:15:04.197] [SEVERE ] updating countdown to 14391
[14:15:04.197] [SEVERE ] updating countdown to 14391
[14:15:05.204] [SEVERE ] updating countdown to 13384
[14:15:05.204] [SEVERE ] updating countdown to 13384
[14:15:06.211] [SEVERE ] updating countdown to 12377
[14:15:06.211] [SEVERE ] updating countdown to 12377
[14:15:07.217] [SEVERE ] updating countdown to 11371
[14:15:07.217] [SEVERE ] updating countdown to 11371
[14:15:08.223] [SEVERE ] updating countdown to 10365
[14:15:08.223] [SEVERE ] updating countdown to 10365
[14:15:09.230] [SEVERE ] updating countdown to 9358
[14:15:09.230] [SEVERE ] updating countdown to 9358
[14:15:10.232] [SEVERE ] updating countdown to 8356
[14:15:10.232] [SEVERE ] updating countdown to 8356
[14:15:11.241] [SEVERE ] updating countdown to 7347
[14:15:11.241] [SEVERE ] updating countdown to 7347
