[13:52:33.719] [INFO   ] thread bguspl.set.Main.main() starting.
[13:52:33.722] [SEVERE ] cannot read configuration file config.properties trying from resources.
[13:52:33.723] [SEVERE ] configuration file was loaded from resources directory.
[13:52:34.119] [INFO   ] thread dealer starting.
[13:52:34.120] [INFO   ] thread dealer starting.
[13:52:34.120] [SEVERE ] updating countdown to 60000
[13:52:34.238] [SEVERE ] placing card 70 in slot 0
[13:52:34.347] [SEVERE ] placing card 64 in slot 1
[13:52:34.456] [SEVERE ] placing card 36 in slot 2
[13:52:34.564] [SEVERE ] placing card 75 in slot 3
[13:52:34.673] [SEVERE ] placing card 4 in slot 4
[13:52:34.781] [SEVERE ] placing card 23 in slot 5
[13:52:34.891] [SEVERE ] placing card 27 in slot 6
[13:52:35.000] [SEVERE ] placing card 73 in slot 7
[13:52:35.109] [SEVERE ] placing card 33 in slot 8
[13:52:35.219] [SEVERE ] placing card 3 in slot 9
[13:52:35.330] [SEVERE ] placing card 10 in slot 10
[13:52:35.440] [SEVERE ] placing card 47 in slot 11
[13:52:36.455] [SEVERE ] updating countdown to 57665
[13:52:36.457] [SEVERE ] updating countdown to 57663
[13:52:37.112] [SEVERE ] key 81 was pressed by player 1
[13:52:37.470] [SEVERE ] updating countdown to 56650
[13:52:37.472] [SEVERE ] updating countdown to 56648
[13:52:37.849] [SEVERE ] key 87 was pressed by player 1
[13:52:38.356] [SEVERE ] key 69 was pressed by player 1
[13:52:38.485] [SEVERE ] updating countdown to 55635
[13:52:38.486] [SEVERE ] updating countdown to 55634
[13:52:38.946] [SEVERE ] key 81 was pressed by player 1
[13:52:39.500] [SEVERE ] updating countdown to 54620
[13:52:39.501] [SEVERE ] updating countdown to 54619
[13:52:40.515] [SEVERE ] updating countdown to 53605
[13:52:40.515] [SEVERE ] updating countdown to 53605
[13:52:41.525] [SEVERE ] updating countdown to 52595
[13:52:41.525] [SEVERE ] updating countdown to 52595
[13:52:42.540] [SEVERE ] updating countdown to 51580
[13:52:42.540] [SEVERE ] updating countdown to 51580
[13:52:43.554] [SEVERE ] updating countdown to 50566
[13:52:43.556] [SEVERE ] updating countdown to 50564
