[14:40:28.169] [INFO   ] thread main starting.
[14:40:28.186] [SEVERE ] cannot read configuration file config.properties trying from resources.
[14:40:28.189] [SEVERE ] configuration file was loaded from resources directory.
[14:40:28.990] [INFO   ] thread dealer starting.
[14:40:28.991] [INFO   ] thread dealer starting.
[14:40:28.992] [SEVERE ] updating countdown to 60000
[14:40:28.994] [INFO   ] thread Thread-1 starting.
[14:40:28.994] [INFO   ] thread Thread-0 starting.
[14:40:29.117] [SEVERE ] placing card 70 in slot 0
[14:40:29.225] [SEVERE ] placing card 42 in slot 1
[14:40:29.334] [SEVERE ] placing card 43 in slot 2
[14:40:29.443] [SEVERE ] placing card 75 in slot 3
[14:40:29.552] [SEVERE ] placing card 27 in slot 4
[14:40:29.661] [SEVERE ] placing card 33 in slot 5
[14:40:29.773] [SEVERE ] placing card 5 in slot 6
[14:40:29.880] [SEVERE ] placing card 15 in slot 7
[14:40:29.988] [SEVERE ] placing card 78 in slot 8
[14:40:30.099] [SEVERE ] placing card 14 in slot 9
[14:40:30.207] [SEVERE ] placing card 57 in slot 10
[14:40:30.315] [SEVERE ] placing card 1 in slot 11
[14:40:31.330] [SEVERE ] updating countdown to 57662
[14:40:31.330] [SEVERE ] updating countdown to 57662
[14:40:32.343] [SEVERE ] updating countdown to 56649
[14:40:32.343] [SEVERE ] updating countdown to 56649
[14:40:33.344] [SEVERE ] updating countdown to 55648
[14:40:33.345] [SEVERE ] updating countdown to 55647
[14:40:33.345] [SEVERE ] key 81 was pressed by player 1
[14:40:33.347] [SEVERE ] player 1 placing token on slot 0
[14:40:33.551] [SEVERE ] key 87 was pressed by player 1
[14:40:33.553] [SEVERE ] player 1 placing token on slot 1
[14:40:33.850] [SEVERE ] key 69 was pressed by player 1
[14:40:33.851] [SEVERE ] player 1 placing token on slot 2
[14:40:34.355] [SEVERE ] updating countdown to 54637
[14:40:34.355] [SEVERE ] updating countdown to 54637
[14:40:34.356] [SEVERE ] setting player 1 freeze to 3000
[14:40:37.361] [SEVERE ] setting player 1 freeze to 0
[14:40:38.238] [SEVERE ] key 69 was pressed by player 1
[14:40:38.240] [SEVERE ] removing player 1 token from slot 2
[14:40:38.240] [SEVERE ] player 1 placing token on slot 2
[14:40:38.363] [SEVERE ] updating countdown to 50629
[14:40:38.364] [SEVERE ] updating countdown to 50628
[14:40:38.364] [SEVERE ] setting player 1 freeze to 3000
[14:40:41.379] [SEVERE ] setting player 1 freeze to 0
[14:40:42.394] [SEVERE ] updating countdown to 46598
[14:40:42.394] [SEVERE ] updating countdown to 46598
[14:40:43.407] [SEVERE ] updating countdown to 45585
[14:40:43.408] [SEVERE ] updating countdown to 45584
[14:40:43.601] [SEVERE ] key 69 was pressed by player 1
[14:40:43.603] [SEVERE ] removing player 1 token from slot 2
[14:40:43.603] [SEVERE ] player 1 placing token on slot 2
[14:40:44.420] [SEVERE ] updating countdown to 44572
[14:40:44.421] [SEVERE ] updating countdown to 44571
[14:40:44.421] [SEVERE ] setting player 1 freeze to 3000
[14:40:47.435] [SEVERE ] setting player 1 freeze to 0
[14:40:48.165] [SEVERE ] key 87 was pressed by player 1
[14:40:48.166] [SEVERE ] removing player 1 token from slot 1
[14:40:48.167] [SEVERE ] player 1 placing token on slot 1
[14:40:48.438] [SEVERE ] updating countdown to 40554
[14:40:48.440] [SEVERE ] updating countdown to 40552
[14:40:48.440] [SEVERE ] setting player 1 freeze to 3000
[14:40:51.452] [SEVERE ] setting player 1 freeze to 0
[14:40:52.465] [SEVERE ] updating countdown to 36527
[14:40:52.465] [SEVERE ] updating countdown to 36527
[14:40:53.480] [SEVERE ] updating countdown to 35512
[14:40:53.480] [SEVERE ] updating countdown to 35512
[14:40:54.481] [SEVERE ] updating countdown to 34511
[14:40:54.482] [SEVERE ] updating countdown to 34510
