[13:54:26.886] [INFO   ] thread main starting.
[13:54:26.895] [SEVERE ] cannot read configuration file config.properties trying from resources.
[13:54:26.897] [SEVERE ] configuration file was loaded from resources directory.
[13:54:27.350] [INFO   ] thread dealer starting.
[13:54:27.355] [INFO   ] thread dealer starting.
[13:54:27.355] [SEVERE ] updating countdown to 60000
[13:54:27.469] [SEVERE ] placing card 12 in slot 0
[13:54:27.583] [SEVERE ] placing card 46 in slot 1
[13:54:27.694] [SEVERE ] placing card 5 in slot 2
[13:54:27.805] [SEVERE ] placing card 77 in slot 3
[13:54:27.915] [SEVERE ] placing card 79 in slot 4
[13:54:28.025] [SEVERE ] placing card 6 in slot 5
[13:54:28.135] [SEVERE ] placing card 7 in slot 6
[13:54:28.245] [SEVERE ] placing card 49 in slot 7
[13:54:28.347] [SEVERE ] placing card 28 in slot 8
[13:54:28.453] [SEVERE ] placing card 44 in slot 9
[13:54:28.560] [SEVERE ] placing card 72 in slot 10
[13:54:28.667] [SEVERE ] placing card 23 in slot 11
[13:54:29.332] [SEVERE ] key 87 was pressed by player 1
[13:54:29.669] [SEVERE ] updating countdown to 57686
[13:54:29.671] [SEVERE ] updating countdown to 57684
[13:54:30.683] [SEVERE ] updating countdown to 56672
[13:54:30.683] [SEVERE ] updating countdown to 56672
[13:54:31.077] [SEVERE ] key 81 was pressed by player 1
[13:54:31.689] [SEVERE ] updating countdown to 55666
[13:54:31.689] [SEVERE ] updating countdown to 55666
[13:54:31.736] [SEVERE ] key 87 was pressed by player 1
[13:54:32.314] [SEVERE ] key 87 was pressed by player 1
[13:54:32.702] [SEVERE ] updating countdown to 54653
[13:54:32.702] [SEVERE ] updating countdown to 54653
[13:54:33.705] [SEVERE ] updating countdown to 53650
[13:54:33.705] [SEVERE ] updating countdown to 53650
[13:54:34.706] [SEVERE ] updating countdown to 52649
[13:54:34.706] [SEVERE ] updating countdown to 52649
[13:54:35.707] [SEVERE ] updating countdown to 51648
[13:54:35.707] [SEVERE ] updating countdown to 51648
[13:54:36.711] [SEVERE ] updating countdown to 50644
[13:54:36.711] [SEVERE ] updating countdown to 50644
[13:54:37.712] [SEVERE ] updating countdown to 49643
[13:54:37.712] [SEVERE ] updating countdown to 49643
[13:54:38.713] [SEVERE ] updating countdown to 48642
[13:54:38.713] [SEVERE ] updating countdown to 48642
[13:54:39.723] [SEVERE ] updating countdown to 47632
[13:54:39.724] [SEVERE ] updating countdown to 47631
[13:54:40.730] [SEVERE ] updating countdown to 46625
[13:54:40.730] [SEVERE ] updating countdown to 46625
[13:54:41.741] [SEVERE ] updating countdown to 45614
[13:54:41.741] [SEVERE ] updating countdown to 45614
[13:54:42.746] [SEVERE ] updating countdown to 44609
[13:54:42.746] [SEVERE ] updating countdown to 44609
[13:54:43.750] [SEVERE ] updating countdown to 43605
[13:54:43.750] [SEVERE ] updating countdown to 43605
[13:54:44.761] [SEVERE ] updating countdown to 42594
[13:54:44.761] [SEVERE ] updating countdown to 42594
[13:54:45.771] [SEVERE ] updating countdown to 41584
[13:54:45.771] [SEVERE ] updating countdown to 41584
[13:54:46.786] [SEVERE ] updating countdown to 40569
[13:54:46.786] [SEVERE ] updating countdown to 40569
[13:54:47.799] [SEVERE ] updating countdown to 39556
[13:54:47.799] [SEVERE ] updating countdown to 39556
[13:54:48.811] [SEVERE ] updating countdown to 38544
[13:54:48.811] [SEVERE ] updating countdown to 38544
[13:54:49.824] [SEVERE ] updating countdown to 37531
[13:54:49.824] [SEVERE ] updating countdown to 37531
[13:54:50.827] [SEVERE ] updating countdown to 36528
[13:54:50.827] [SEVERE ] updating countdown to 36528
[13:54:51.829] [SEVERE ] updating countdown to 35526
[13:54:51.829] [SEVERE ] updating countdown to 35526
[13:54:52.836] [SEVERE ] updating countdown to 34519
[13:54:52.836] [SEVERE ] updating countdown to 34519
[13:54:53.837] [SEVERE ] updating countdown to 33518
[13:54:53.837] [SEVERE ] updating countdown to 33518
[13:54:54.849] [SEVERE ] updating countdown to 32506
[13:54:54.849] [SEVERE ] updating countdown to 32506
