[15:56:12.765] [INFO   ] thread main starting.
[15:56:12.771] [SEVERE ] cannot read configuration file config.properties trying from resources.
[15:56:12.774] [SEVERE ] configuration file was loaded from resources directory.
[15:56:13.275] [INFO   ] thread dealer starting.
[15:56:13.276] [INFO   ] thread dealer starting.
[15:56:13.276] [SEVERE ] updating countdown to 60000
[15:56:13.277] [INFO   ] thread Thread-0 starting.
[15:56:13.277] [INFO   ] thread Thread-1 starting.
[15:56:13.390] [SEVERE ] placing card 27 in slot 0
[15:56:13.508] [SEVERE ] placing card 62 in slot 1
[15:56:13.614] [SEVERE ] placing card 68 in slot 2
[15:56:13.719] [SEVERE ] placing card 46 in slot 3
[15:56:13.829] [SEVERE ] placing card 58 in slot 4
[15:56:13.939] [SEVERE ] placing card 54 in slot 5
[15:56:14.050] [SEVERE ] placing card 63 in slot 6
[15:56:14.160] [SEVERE ] placing card 75 in slot 7
[15:56:14.270] [SEVERE ] placing card 52 in slot 8
[15:56:14.380] [SEVERE ] placing card 2 in slot 9
[15:56:14.486] [SEVERE ] placing card 5 in slot 10
[15:56:14.610] [SEVERE ] placing card 33 in slot 11
[15:56:15.098] [SEVERE ] key 81 was pressed by player 1
[15:56:15.098] [SEVERE ] player 1 placing token on slot 0
[15:56:15.565] [SEVERE ] key 87 was pressed by player 1
[15:56:15.565] [SEVERE ] player 1 placing token on slot 1
[15:56:15.614] [SEVERE ] updating countdown to 57662
[15:56:15.614] [SEVERE ] updating countdown to 57662
[15:56:15.945] [SEVERE ] key 69 was pressed by player 1
[15:56:15.945] [SEVERE ] player 1 placing token on slot 2
[15:56:16.618] [SEVERE ] updating countdown to 56658
[15:56:16.618] [SEVERE ] updating countdown to 56658
[15:56:16.618] [SEVERE ] setting player 1 freeze to 3000
[15:56:19.621] [SEVERE ] setting player 1 freeze to 0
[15:56:20.622] [SEVERE ] updating countdown to 52654
[15:56:20.622] [SEVERE ] updating countdown to 52654
[15:56:21.623] [SEVERE ] updating countdown to 51653
[15:56:21.623] [SEVERE ] updating countdown to 51653
[15:56:22.640] [SEVERE ] updating countdown to 50637
[15:56:22.640] [SEVERE ] updating countdown to 50636
[15:56:23.649] [SEVERE ] updating countdown to 49627
[15:56:23.649] [SEVERE ] updating countdown to 49627
[15:56:24.650] [SEVERE ] updating countdown to 48626
[15:56:24.650] [SEVERE ] updating countdown to 48626
[15:56:25.653] [SEVERE ] updating countdown to 47623
[15:56:25.653] [SEVERE ] updating countdown to 47623
