[15:23:44.402] [INFO   ] thread main starting.
[15:23:44.417] [SEVERE ] cannot read configuration file config.properties trying from resources.
[15:23:44.419] [SEVERE ] configuration file was loaded from resources directory.
[15:23:44.949] [INFO   ] thread dealer starting.
[15:23:44.950] [INFO   ] thread dealer starting.
[15:23:44.952] [SEVERE ] updating countdown to 60000
[15:23:44.953] [INFO   ] thread Thread-0 starting.
[15:23:44.953] [INFO   ] thread Thread-1 starting.
[15:23:45.073] [SEVERE ] placing card 13 in slot 0
[15:23:45.181] [SEVERE ] placing card 30 in slot 1
[15:23:45.290] [SEVERE ] placing card 59 in slot 2
[15:23:45.400] [SEVERE ] placing card 33 in slot 3
[15:23:45.509] [SEVERE ] placing card 76 in slot 4
[15:23:45.619] [SEVERE ] placing card 51 in slot 5
[15:23:45.726] [SEVERE ] placing card 26 in slot 6
[15:23:45.833] [SEVERE ] placing card 20 in slot 7
[15:23:45.942] [SEVERE ] placing card 53 in slot 8
[15:23:46.052] [SEVERE ] placing card 65 in slot 9
[15:23:46.161] [SEVERE ] placing card 29 in slot 10
[15:23:46.268] [SEVERE ] placing card 63 in slot 11
[15:23:47.282] [SEVERE ] updating countdown to 57670
[15:23:47.284] [SEVERE ] updating countdown to 57668
[15:23:47.491] [SEVERE ] key 81 was pressed by player 1
[15:23:47.493] [SEVERE ] player 1 placing token on slot 0
[15:23:47.836] [SEVERE ] key 87 was pressed by player 1
[15:23:47.838] [SEVERE ] player 1 placing token on slot 1
[15:23:48.127] [SEVERE ] key 69 was pressed by player 1
[15:23:48.129] [SEVERE ] player 1 placing token on slot 2
[15:23:48.292] [SEVERE ] updating countdown to 56660
[15:23:48.292] [SEVERE ] updating countdown to 56660
[15:23:48.292] [SEVERE ] setting player 1 freeze to 3000
[15:23:51.304] [SEVERE ] setting player 1 freeze to 0
[15:23:51.987] [SEVERE ] key 81 was pressed by player 1
[15:23:51.989] [SEVERE ] removing player 1 token from slot 0
[15:23:52.315] [SEVERE ] updating countdown to 52637
[15:23:52.316] [SEVERE ] updating countdown to 52636
[15:23:52.323] [INFO   ] thread dealer terminated.
[15:23:57.335] [SEVERE ] thanks for playing... it was fun!
[15:23:57.336] [INFO   ] thread main terminated.
[15:23:57.337] [SEVERE ] disposing of user interface elements
