[16:38:26.792] [INFO   ] thread main starting.
[16:38:26.792] [SEVERE ] cannot read configuration file config.properties trying from resources.
[16:38:26.792] [SEVERE ] configuration file was loaded from resources directory.
[16:38:27.274] [INFO   ] thread dealer starting.
[16:38:27.275] [INFO   ] thread dealer starting.
[16:38:27.275] [SEVERE ] updating countdown to 60000
[16:38:27.276] [INFO   ] thread Thread-0 starting.
[16:38:27.276] [INFO   ] thread Thread-1 starting.
[16:38:27.393] [SEVERE ] placing card 70 in slot 0
[16:38:27.507] [SEVERE ] placing card 65 in slot 1
[16:38:27.614] [SEVERE ] placing card 35 in slot 2
[16:38:27.724] [SEVERE ] placing card 79 in slot 3
[16:38:27.834] [SEVERE ] placing card 39 in slot 4
[16:38:27.944] [SEVERE ] placing card 4 in slot 5
[16:38:28.055] [SEVERE ] placing card 57 in slot 6
[16:38:28.167] [SEVERE ] placing card 29 in slot 7
[16:38:28.277] [SEVERE ] placing card 66 in slot 8
[16:38:28.387] [SEVERE ] placing card 24 in slot 9
[16:38:28.497] [SEVERE ] placing card 30 in slot 10
[16:38:28.607] [SEVERE ] placing card 10 in slot 11
[16:38:28.617] [SEVERE ] key 81 was pressed by player 1
[16:38:28.617] [SEVERE ] player 1 placing token on slot 0
[16:38:28.719] [SEVERE ] key 87 was pressed by player 1
[16:38:28.719] [SEVERE ] player 1 placing token on slot 1
[16:38:28.955] [SEVERE ] key 69 was pressed by player 1
[16:38:28.955] [SEVERE ] player 1 placing token on slot 2
[16:38:29.609] [SEVERE ] updating countdown to 57666
[16:38:29.610] [SEVERE ] updating countdown to 57665
[16:38:29.610] [SEVERE ] setting player 1 freeze to 3000
[16:38:30.116] [SEVERE ] key 81 was pressed by player 1
[16:38:30.229] [SEVERE ] key 87 was pressed by player 1
[16:38:30.511] [SEVERE ] key 69 was pressed by player 1
[16:38:30.732] [SEVERE ] key 81 was pressed by player 1
[16:38:30.873] [SEVERE ] key 87 was pressed by player 1
[16:38:31.141] [SEVERE ] key 69 was pressed by player 1
[16:38:31.345] [SEVERE ] key 81 was pressed by player 1
[16:38:31.516] [SEVERE ] key 87 was pressed by player 1
[16:38:31.775] [SEVERE ] key 69 was pressed by player 1
[16:38:31.932] [SEVERE ] key 81 was pressed by player 1
[16:38:32.125] [SEVERE ] key 87 was pressed by player 1
[16:38:32.401] [SEVERE ] key 69 was pressed by player 1
[16:38:32.621] [SEVERE ] setting player 1 freeze to 0
[16:38:32.637] [SEVERE ] key 81 was pressed by player 1
[16:38:32.645] [SEVERE ] removing player 1 token from slot 0
[16:38:32.826] [SEVERE ] key 87 was pressed by player 1
[16:38:32.826] [SEVERE ] removing player 1 token from slot 1
[16:38:32.964] [SEVERE ] key 69 was pressed by player 1
[16:38:32.964] [SEVERE ] removing player 1 token from slot 2
[16:38:33.290] [SEVERE ] key 81 was pressed by player 1
[16:38:33.290] [SEVERE ] player 1 placing token on slot 0
[16:38:33.395] [SEVERE ] key 87 was pressed by player 1
[16:38:33.395] [SEVERE ] player 1 placing token on slot 1
[16:38:33.467] [SEVERE ] key 69 was pressed by player 1
[16:38:33.469] [SEVERE ] player 1 placing token on slot 2
[16:38:33.633] [SEVERE ] updating countdown to 53642
[16:38:33.633] [SEVERE ] updating countdown to 53642
[16:38:33.633] [SEVERE ] setting player 1 freeze to 3000
[16:38:33.699] [SEVERE ] key 81 was pressed by player 1
[16:38:33.827] [SEVERE ] key 87 was pressed by player 1
[16:38:33.856] [SEVERE ] key 69 was pressed by player 1
[16:38:34.078] [SEVERE ] key 81 was pressed by player 1
[16:38:34.166] [SEVERE ] key 69 was pressed by player 1
[16:38:34.331] [SEVERE ] key 81 was pressed by player 1
[16:38:34.347] [SEVERE ] key 87 was pressed by player 1
[16:38:34.474] [SEVERE ] key 69 was pressed by player 1
[16:38:34.628] [SEVERE ] key 81 was pressed by player 1
[16:38:34.631] [SEVERE ] key 87 was pressed by player 1
[16:38:34.741] [SEVERE ] key 69 was pressed by player 1
[16:38:34.852] [SEVERE ] key 81 was pressed by player 1
[16:38:34.852] [SEVERE ] key 87 was pressed by player 1
[16:38:34.978] [SEVERE ] key 69 was pressed by player 1
[16:38:35.056] [SEVERE ] key 87 was pressed by player 1
[16:38:35.073] [SEVERE ] key 81 was pressed by player 1
[16:38:35.229] [SEVERE ] key 69 was pressed by player 1
[16:38:35.636] [SEVERE ] key 87 was pressed by player 1
[16:38:35.869] [SEVERE ] key 81 was pressed by player 1
[16:38:36.648] [SEVERE ] setting player 1 freeze to 0
[16:38:37.105] [SEVERE ] key 81 was pressed by player 1
[16:38:37.105] [SEVERE ] removing player 1 token from slot 0
[16:38:37.260] [SEVERE ] key 87 was pressed by player 1
[16:38:37.276] [SEVERE ] removing player 1 token from slot 1
[16:38:37.406] [SEVERE ] key 69 was pressed by player 1
[16:38:37.422] [SEVERE ] removing player 1 token from slot 2
[16:38:37.662] [SEVERE ] updating countdown to 49613
[16:38:37.662] [SEVERE ] updating countdown to 49613
[16:38:37.693] [SEVERE ] key 81 was pressed by player 1
[16:38:37.693] [SEVERE ] player 1 placing token on slot 0
[16:38:37.793] [SEVERE ] key 87 was pressed by player 1
[16:38:37.793] [SEVERE ] player 1 placing token on slot 1
[16:38:37.892] [SEVERE ] key 69 was pressed by player 1
[16:38:37.906] [SEVERE ] player 1 placing token on slot 2
[16:38:38.181] [SEVERE ] key 81 was pressed by player 1
[16:38:38.263] [SEVERE ] key 87 was pressed by player 1
[16:38:38.371] [SEVERE ] key 69 was pressed by player 1
[16:38:38.667] [SEVERE ] updating countdown to 48608
[16:38:38.667] [SEVERE ] updating countdown to 48608
[16:38:38.667] [SEVERE ] setting player 1 freeze to 3000
[16:38:38.667] [SEVERE ] removing player 1 token from slot 0
[16:38:38.667] [SEVERE ] removing player 1 token from slot 1
[16:38:38.667] [SEVERE ] removing player 1 token from slot 2
[16:38:38.667] [SEVERE ] key 81 was pressed by player 1
[16:38:38.750] [SEVERE ] key 87 was pressed by player 1
[16:38:38.844] [SEVERE ] key 69 was pressed by player 1
[16:38:39.080] [SEVERE ] key 81 was pressed by player 1
[16:38:39.159] [SEVERE ] key 87 was pressed by player 1
[16:38:39.315] [SEVERE ] key 69 was pressed by player 1
[16:38:41.669] [SEVERE ] setting player 1 freeze to 0
[16:38:42.671] [SEVERE ] updating countdown to 44604
[16:38:42.671] [SEVERE ] updating countdown to 44604
[16:38:43.675] [SEVERE ] updating countdown to 43600
[16:38:43.675] [SEVERE ] updating countdown to 43600
[16:38:44.397] [SEVERE ] key 69 was pressed by player 1
[16:38:44.397] [SEVERE ] player 1 placing token on slot 2
[16:38:44.681] [SEVERE ] updating countdown to 42594
[16:38:44.681] [SEVERE ] updating countdown to 42594
[16:38:44.806] [SEVERE ] key 87 was pressed by player 1
[16:38:44.806] [SEVERE ] player 1 placing token on slot 1
[16:38:45.199] [SEVERE ] key 81 was pressed by player 1
[16:38:45.199] [SEVERE ] player 1 placing token on slot 0
[16:38:45.695] [SEVERE ] updating countdown to 41580
[16:38:45.695] [SEVERE ] updating countdown to 41580
[16:38:45.695] [SEVERE ] setting player 1 freeze to 3000
[16:38:45.879] [SEVERE ] key 87 was pressed by player 1
[16:38:48.699] [SEVERE ] setting player 1 freeze to 0
[16:38:49.342] [SEVERE ] key 81 was pressed by player 1
[16:38:49.354] [SEVERE ] removing player 1 token from slot 0
[16:38:49.358] [SEVERE ] key 69 was pressed by player 1
[16:38:49.358] [SEVERE ] removing player 1 token from slot 2
[16:38:49.373] [SEVERE ] key 87 was pressed by player 1
[16:38:49.373] [SEVERE ] removing player 1 token from slot 1
[16:38:49.710] [SEVERE ] updating countdown to 37565
[16:38:49.710] [SEVERE ] updating countdown to 37565
[16:38:49.872] [SEVERE ] key 81 was pressed by player 1
[16:38:49.872] [SEVERE ] player 1 placing token on slot 0
[16:38:49.872] [SEVERE ] key 69 was pressed by player 1
[16:38:49.872] [SEVERE ] player 1 placing token on slot 2
[16:38:50.010] [SEVERE ] key 87 was pressed by player 1
[16:38:50.010] [SEVERE ] player 1 placing token on slot 1
[16:38:50.229] [SEVERE ] key 81 was pressed by player 1
[16:38:50.229] [SEVERE ] key 69 was pressed by player 1
[16:38:50.248] [SEVERE ] key 87 was pressed by player 1
[16:38:50.538] [SEVERE ] key 87 was pressed by player 1
[16:38:50.714] [SEVERE ] updating countdown to 36561
[16:38:50.714] [SEVERE ] updating countdown to 36561
[16:38:50.714] [SEVERE ] setting player 1 freeze to 3000
[16:38:50.714] [SEVERE ] removing player 1 token from slot 0
[16:38:50.714] [SEVERE ] removing player 1 token from slot 2
[16:38:50.714] [SEVERE ] removing player 1 token from slot 1
[16:38:50.714] [SEVERE ] player 1 placing token on slot 1
[16:38:50.714] [SEVERE ] key 81 was pressed by player 1
[16:38:50.714] [SEVERE ] key 69 was pressed by player 1
[16:38:50.795] [SEVERE ] key 87 was pressed by player 1
[16:38:50.810] [SEVERE ] key 81 was pressed by player 1
[16:38:50.826] [SEVERE ] key 69 was pressed by player 1
[16:38:51.108] [SEVERE ] key 69 was pressed by player 1
[16:38:51.312] [SEVERE ] key 69 was pressed by player 1
[16:38:51.469] [SEVERE ] key 81 was pressed by player 1
[16:38:51.485] [SEVERE ] key 87 was pressed by player 1
[16:38:51.626] [SEVERE ] key 69 was pressed by player 1
[16:38:51.842] [SEVERE ] key 81 was pressed by player 1
[16:38:51.858] [SEVERE ] key 87 was pressed by player 1
[16:38:52.125] [SEVERE ] key 87 was pressed by player 1
[16:38:52.140] [SEVERE ] key 81 was pressed by player 1
[16:38:52.266] [SEVERE ] key 69 was pressed by player 1
[16:38:52.376] [SEVERE ] key 81 was pressed by player 1
[16:38:52.501] [SEVERE ] key 69 was pressed by player 1
[16:38:52.611] [SEVERE ] key 87 was pressed by player 1
[16:38:52.642] [SEVERE ] key 81 was pressed by player 1
[16:38:52.752] [SEVERE ] key 69 was pressed by player 1
[16:38:52.846] [SEVERE ] key 87 was pressed by player 1
[16:38:53.316] [SEVERE ] key 81 was pressed by player 1
[16:38:53.316] [SEVERE ] key 87 was pressed by player 1
[16:38:53.546] [SEVERE ] key 69 was pressed by player 1
[16:38:53.715] [SEVERE ] setting player 1 freeze to 0
[16:38:54.181] [SEVERE ] key 81 was pressed by player 1
[16:38:54.181] [SEVERE ] player 1 placing token on slot 0
[16:38:54.181] [SEVERE ] key 87 was pressed by player 1
[16:38:54.181] [SEVERE ] removing player 1 token from slot 1
[16:38:54.335] [SEVERE ] key 69 was pressed by player 1
[16:38:54.335] [SEVERE ] player 1 placing token on slot 2
[16:38:54.714] [SEVERE ] key 81 was pressed by player 1
[16:38:54.714] [SEVERE ] removing player 1 token from slot 0
[16:38:54.729] [SEVERE ] updating countdown to 32546
[16:38:54.729] [SEVERE ] updating countdown to 32546
[16:38:54.822] [SEVERE ] key 87 was pressed by player 1
[16:38:54.822] [SEVERE ] player 1 placing token on slot 1
[16:38:54.931] [SEVERE ] key 69 was pressed by player 1
[16:38:54.931] [SEVERE ] removing player 1 token from slot 2
[16:38:55.077] [SEVERE ] key 81 was pressed by player 1
[16:38:55.077] [SEVERE ] player 1 placing token on slot 0
[16:38:55.111] [SEVERE ] key 87 was pressed by player 1
[16:38:55.111] [SEVERE ] removing player 1 token from slot 1
[16:38:55.245] [SEVERE ] key 69 was pressed by player 1
[16:38:55.245] [SEVERE ] player 1 placing token on slot 2
[16:38:55.388] [SEVERE ] key 81 was pressed by player 1
[16:38:55.403] [SEVERE ] removing player 1 token from slot 0
[16:38:55.403] [SEVERE ] key 87 was pressed by player 1
[16:38:55.403] [SEVERE ] player 1 placing token on slot 1
[16:38:55.564] [SEVERE ] key 69 was pressed by player 1
[16:38:55.564] [SEVERE ] removing player 1 token from slot 2
[16:38:55.743] [SEVERE ] updating countdown to 31532
[16:38:55.743] [SEVERE ] updating countdown to 31532
[16:38:55.743] [SEVERE ] key 87 was pressed by player 1
[16:38:55.743] [SEVERE ] removing player 1 token from slot 1
[16:38:55.798] [SEVERE ] key 81 was pressed by player 1
[16:38:55.798] [SEVERE ] player 1 placing token on slot 0
[16:38:55.906] [SEVERE ] key 69 was pressed by player 1
[16:38:55.906] [SEVERE ] player 1 placing token on slot 2
[16:38:56.038] [SEVERE ] key 81 was pressed by player 1
[16:38:56.038] [SEVERE ] removing player 1 token from slot 0
[16:38:56.053] [SEVERE ] key 87 was pressed by player 1
[16:38:56.053] [SEVERE ] player 1 placing token on slot 1
[16:38:56.202] [SEVERE ] key 69 was pressed by player 1
[16:38:56.202] [SEVERE ] removing player 1 token from slot 2
[16:38:56.342] [SEVERE ] key 81 was pressed by player 1
[16:38:56.342] [SEVERE ] player 1 placing token on slot 0
[16:38:56.381] [SEVERE ] key 87 was pressed by player 1
[16:38:56.381] [SEVERE ] removing player 1 token from slot 1
[16:38:56.464] [SEVERE ] key 69 was pressed by player 1
[16:38:56.464] [SEVERE ] player 1 placing token on slot 2
[16:38:56.577] [SEVERE ] key 81 was pressed by player 1
[16:38:56.577] [SEVERE ] removing player 1 token from slot 0
[16:38:56.577] [SEVERE ] key 87 was pressed by player 1
[16:38:56.577] [SEVERE ] player 1 placing token on slot 1
[16:38:56.690] [SEVERE ] key 69 was pressed by player 1
[16:38:56.690] [SEVERE ] removing player 1 token from slot 2
[16:38:56.764] [SEVERE ] updating countdown to 30511
[16:38:56.764] [SEVERE ] updating countdown to 30511
[16:38:56.799] [SEVERE ] key 81 was pressed by player 1
[16:38:56.799] [SEVERE ] player 1 placing token on slot 0
[16:38:56.799] [SEVERE ] key 87 was pressed by player 1
[16:38:56.799] [SEVERE ] removing player 1 token from slot 1
[16:38:56.915] [SEVERE ] key 69 was pressed by player 1
[16:38:56.915] [SEVERE ] player 1 placing token on slot 2
[16:38:57.009] [SEVERE ] key 87 was pressed by player 1
[16:38:57.009] [SEVERE ] player 1 placing token on slot 1
[16:38:57.027] [SEVERE ] key 81 was pressed by player 1
[16:38:57.188] [SEVERE ] key 81 was pressed by player 1
[16:38:57.205] [SEVERE ] key 87 was pressed by player 1
[16:38:57.218] [SEVERE ] key 69 was pressed by player 1
[16:38:57.771] [SEVERE ] updating countdown to 29504
[16:38:57.771] [SEVERE ] updating countdown to 29504
[16:38:57.771] [SEVERE ] setting player 1 freeze to 3000
[16:38:57.771] [SEVERE ] removing player 1 token from slot 0
[16:38:57.771] [SEVERE ] player 1 placing token on slot 0
[16:38:57.771] [SEVERE ] key 69 was pressed by player 1
[16:38:57.771] [SEVERE ] key 81 was pressed by player 1
[16:38:57.771] [SEVERE ] key 87 was pressed by player 1
[16:38:57.771] [SEVERE ] key 81 was pressed by player 1
[16:38:57.839] [SEVERE ] key 81 was pressed by player 1
[16:38:57.866] [SEVERE ] key 69 was pressed by player 1
[16:38:57.871] [SEVERE ] key 87 was pressed by player 1
[16:38:58.054] [SEVERE ] key 81 was pressed by player 1
[16:38:58.187] [SEVERE ] key 87 was pressed by player 1
[16:38:58.207] [SEVERE ] key 69 was pressed by player 1
[16:38:58.216] [SEVERE ] key 81 was pressed by player 1
[16:38:58.375] [SEVERE ] key 87 was pressed by player 1
[16:38:58.504] [SEVERE ] key 87 was pressed by player 1
[16:38:58.529] [SEVERE ] key 69 was pressed by player 1
[16:38:58.656] [SEVERE ] key 87 was pressed by player 1
[16:38:58.676] [SEVERE ] key 81 was pressed by player 1
[16:38:58.838] [SEVERE ] key 87 was pressed by player 1
[16:38:58.863] [SEVERE ] key 81 was pressed by player 1
[16:38:58.871] [SEVERE ] key 69 was pressed by player 1
[16:39:00.782] [SEVERE ] setting player 1 freeze to 0
[16:39:01.792] [SEVERE ] updating countdown to 25483
[16:39:01.792] [SEVERE ] updating countdown to 25483
[16:39:01.792] [SEVERE ] setting player 1 freeze to 3000
[16:39:01.792] [SEVERE ] removing player 1 token from slot 1
[16:39:01.792] [SEVERE ] removing player 1 token from slot 2
