[14:30:22.329] [INFO   ] thread main starting.
[14:30:22.342] [SEVERE ] cannot read configuration file config.properties trying from resources.
[14:30:22.348] [SEVERE ] configuration file was loaded from resources directory.
[14:30:23.471] [INFO   ] thread dealer starting.
[14:30:23.472] [INFO   ] thread dealer starting.
[14:30:23.474] [SEVERE ] updating countdown to 60000
[14:30:23.478] [INFO   ] thread Thread-1 starting.
[14:30:23.478] [INFO   ] thread Thread-0 starting.
[14:30:23.589] [SEVERE ] placing card 74 in slot 0
[14:30:23.697] [SEVERE ] placing card 73 in slot 1
[14:30:23.806] [SEVERE ] placing card 60 in slot 2
[14:30:23.915] [SEVERE ] placing card 24 in slot 3
[14:30:24.025] [SEVERE ] placing card 66 in slot 4
[14:30:24.133] [SEVERE ] placing card 65 in slot 5
[14:30:24.242] [SEVERE ] placing card 37 in slot 6
[14:30:24.351] [SEVERE ] placing card 18 in slot 7
[14:30:24.457] [SEVERE ] placing card 71 in slot 8
[14:30:24.568] [SEVERE ] placing card 3 in slot 9
[14:30:24.676] [SEVERE ] placing card 80 in slot 10
[14:30:24.785] [SEVERE ] placing card 58 in slot 11
[14:30:25.795] [SEVERE ] updating countdown to 57678
[14:30:25.796] [SEVERE ] updating countdown to 57677
[14:30:25.912] [SEVERE ] key 81 was pressed by player 1
[14:30:25.913] [SEVERE ] player 1 placing token on slot 0
[14:30:26.803] [SEVERE ] updating countdown to 56670
[14:30:26.803] [SEVERE ] updating countdown to 56670
[14:30:26.994] [SEVERE ] key 87 was pressed by player 1
[14:30:26.995] [SEVERE ] player 1 placing token on slot 1
[14:30:27.433] [SEVERE ] key 69 was pressed by player 1
[14:30:27.435] [SEVERE ] player 1 placing token on slot 2
[14:30:27.816] [SEVERE ] updating countdown to 55657
[14:30:27.816] [SEVERE ] updating countdown to 55657
[14:30:27.817] [SEVERE ] setting player 1 freeze to 3000
[14:30:30.818] [SEVERE ] setting player 1 freeze to 0
[14:30:31.830] [SEVERE ] updating countdown to 51643
[14:30:31.830] [SEVERE ] updating countdown to 51643
[14:30:32.840] [SEVERE ] updating countdown to 50633
[14:30:32.840] [SEVERE ] updating countdown to 50633
[14:30:33.675] [SEVERE ] key 81 was pressed by player 1
[14:30:33.844] [SEVERE ] updating countdown to 49629
[14:30:33.845] [SEVERE ] updating countdown to 49628
[14:30:34.641] [SEVERE ] key 87 was pressed by player 1
[14:30:34.846] [SEVERE ] updating countdown to 48627
[14:30:34.846] [SEVERE ] updating countdown to 48627
[14:30:35.171] [SEVERE ] key 69 was pressed by player 1
[14:30:35.561] [SEVERE ] key 69 was pressed by player 1
[14:30:35.857] [SEVERE ] updating countdown to 47616
[14:30:35.857] [SEVERE ] updating countdown to 47616
[14:30:36.869] [SEVERE ] updating countdown to 46604
[14:30:36.870] [SEVERE ] updating countdown to 46603
[14:30:37.882] [SEVERE ] updating countdown to 45591
[14:30:37.882] [SEVERE ] updating countdown to 45591
[14:30:38.897] [SEVERE ] updating countdown to 44576
[14:30:38.897] [SEVERE ] updating countdown to 44576
[14:30:39.905] [SEVERE ] updating countdown to 43568
[14:30:39.905] [SEVERE ] updating countdown to 43568
[14:30:40.913] [SEVERE ] updating countdown to 42560
[14:30:40.913] [SEVERE ] updating countdown to 42560
[14:30:41.920] [SEVERE ] updating countdown to 41553
[14:30:41.921] [SEVERE ] updating countdown to 41552
[14:30:42.929] [SEVERE ] updating countdown to 40544
[14:30:42.929] [SEVERE ] updating countdown to 40544
[14:30:43.939] [SEVERE ] updating countdown to 39534
[14:30:43.939] [SEVERE ] updating countdown to 39534
[14:30:44.941] [SEVERE ] updating countdown to 38532
[14:30:44.941] [SEVERE ] updating countdown to 38532
[14:30:45.953] [SEVERE ] updating countdown to 37520
[14:30:45.953] [SEVERE ] updating countdown to 37520
