[14:46:10.194] [INFO   ] thread main starting.
[14:46:10.201] [SEVERE ] cannot read configuration file config.properties trying from resources.
[14:46:10.205] [SEVERE ] configuration file was loaded from resources directory.
[14:46:10.781] [INFO   ] thread dealer starting.
[14:46:10.782] [INFO   ] thread dealer starting.
[14:46:10.782] [SEVERE ] updating countdown to 60000
[14:46:10.784] [INFO   ] thread Thread-1 starting.
[14:46:10.784] [INFO   ] thread Thread-0 starting.
[14:46:10.896] [SEVERE ] placing card 79 in slot 0
[14:46:11.004] [SEVERE ] placing card 48 in slot 1
[14:46:11.112] [SEVERE ] placing card 31 in slot 2
[14:46:11.220] [SEVERE ] placing card 38 in slot 3
[14:46:11.328] [SEVERE ] placing card 62 in slot 4
[14:46:11.438] [SEVERE ] placing card 75 in slot 5
[14:46:11.545] [SEVERE ] placing card 52 in slot 6
[14:46:11.653] [SEVERE ] placing card 58 in slot 7
[14:46:11.762] [SEVERE ] placing card 22 in slot 8
[14:46:11.799] [SEVERE ] key 81 was pressed by player 1
[14:46:11.801] [SEVERE ] player 1 placing token on slot 0
[14:46:11.871] [SEVERE ] placing card 61 in slot 9
[14:46:11.978] [SEVERE ] placing card 28 in slot 10
[14:46:12.086] [SEVERE ] placing card 54 in slot 11
[14:46:12.119] [SEVERE ] key 87 was pressed by player 1
[14:46:12.120] [SEVERE ] player 1 placing token on slot 1
[14:46:12.488] [SEVERE ] key 69 was pressed by player 1
[14:46:12.489] [SEVERE ] player 1 placing token on slot 2
[14:46:13.093] [SEVERE ] updating countdown to 57689
[14:46:13.094] [SEVERE ] updating countdown to 57688
[14:46:13.094] [SEVERE ] setting player 1 freeze to 3000
[14:46:16.103] [SEVERE ] setting player 1 freeze to 0
[14:46:17.112] [SEVERE ] updating countdown to 53670
[14:46:17.112] [SEVERE ] updating countdown to 53670
[14:46:18.120] [SEVERE ] updating countdown to 52662
[14:46:18.120] [SEVERE ] updating countdown to 52662
[14:46:18.191] [SEVERE ] key 81 was pressed by player 1
[14:46:18.192] [SEVERE ] removing player 1 token from slot 0
[14:46:18.192] [SEVERE ] player 1 placing token on slot 0
[14:46:19.128] [SEVERE ] updating countdown to 51654
[14:46:19.129] [SEVERE ] updating countdown to 51653
[14:46:19.129] [SEVERE ] setting player 1 freeze to 3000
[14:46:22.135] [SEVERE ] setting player 1 freeze to 0
[14:46:23.144] [SEVERE ] updating countdown to 47638
[14:46:23.145] [SEVERE ] updating countdown to 47637
[14:46:24.153] [SEVERE ] updating countdown to 46629
[14:46:24.154] [SEVERE ] updating countdown to 46628
[14:46:25.157] [SEVERE ] updating countdown to 45625
[14:46:25.158] [SEVERE ] updating countdown to 45624
[14:46:26.162] [SEVERE ] updating countdown to 44620
[14:46:26.162] [SEVERE ] updating countdown to 44620
[14:46:27.171] [SEVERE ] updating countdown to 43611
[14:46:27.171] [SEVERE ] updating countdown to 43611
[14:46:28.183] [SEVERE ] updating countdown to 42599
[14:46:28.183] [SEVERE ] updating countdown to 42599
[14:46:29.193] [SEVERE ] updating countdown to 41589
[14:46:29.194] [SEVERE ] updating countdown to 41588
[14:46:30.203] [SEVERE ] updating countdown to 40579
[14:46:30.203] [SEVERE ] updating countdown to 40579
