[15:59:23.157] [INFO   ] thread main starting.
[15:59:23.164] [SEVERE ] cannot read configuration file config.properties trying from resources.
[15:59:23.164] [SEVERE ] configuration file was loaded from resources directory.
[15:59:23.608] [INFO   ] thread dealer starting.
[15:59:23.608] [INFO   ] thread dealer starting.
[15:59:23.608] [SEVERE ] updating countdown to 60000
[15:59:23.610] [INFO   ] thread Thread-0 starting.
[15:59:23.610] [INFO   ] thread Thread-1 starting.
[15:59:23.729] [SEVERE ] placing card 74 in slot 0
[15:59:23.845] [SEVERE ] placing card 4 in slot 1
[15:59:23.949] [SEVERE ] placing card 40 in slot 2
[15:59:24.061] [SEVERE ] placing card 76 in slot 3
[15:59:24.172] [SEVERE ] placing card 64 in slot 4
[15:59:24.289] [SEVERE ] placing card 41 in slot 5
[15:59:24.393] [SEVERE ] placing card 77 in slot 6
[15:59:24.505] [SEVERE ] placing card 23 in slot 7
[15:59:24.613] [SEVERE ] placing card 65 in slot 8
[15:59:24.722] [SEVERE ] placing card 49 in slot 9
[15:59:24.830] [SEVERE ] placing card 35 in slot 10
[15:59:24.936] [SEVERE ] placing card 36 in slot 11
[15:59:25.747] [SEVERE ] key 81 was pressed by player 1
[15:59:25.747] [SEVERE ] player 1 placing token on slot 0
[15:59:25.939] [SEVERE ] updating countdown to 57669
[15:59:25.939] [SEVERE ] updating countdown to 57669
[15:59:26.122] [SEVERE ] key 87 was pressed by player 1
[15:59:26.122] [SEVERE ] player 1 placing token on slot 1
[15:59:26.514] [SEVERE ] key 69 was pressed by player 1
[15:59:26.514] [SEVERE ] player 1 placing token on slot 2
[15:59:26.955] [SEVERE ] updating countdown to 56653
[15:59:26.955] [SEVERE ] updating countdown to 56653
[15:59:26.956] [SEVERE ] setting player 1 freeze to 3000
[15:59:29.972] [SEVERE ] setting player 1 freeze to 0
[15:59:30.975] [SEVERE ] updating countdown to 52633
[15:59:30.975] [SEVERE ] updating countdown to 52633
[15:59:31.989] [SEVERE ] updating countdown to 51619
[15:59:31.989] [SEVERE ] updating countdown to 51619
[15:59:32.999] [SEVERE ] updating countdown to 50609
[15:59:32.999] [SEVERE ] updating countdown to 50609
[15:59:34.010] [SEVERE ] updating countdown to 49598
[15:59:34.010] [SEVERE ] updating countdown to 49598
[15:59:35.012] [SEVERE ] updating countdown to 48596
[15:59:35.013] [SEVERE ] updating countdown to 48595
[15:59:36.027] [SEVERE ] updating countdown to 47581
[15:59:36.027] [SEVERE ] updating countdown to 47581
[15:59:36.478] [SEVERE ] key 81 was pressed by player 1
[15:59:36.480] [SEVERE ] removing player 1 token from slot 0
[15:59:37.039] [SEVERE ] updating countdown to 46569
[15:59:37.039] [SEVERE ] updating countdown to 46569
[15:59:37.483] [SEVERE ] key 87 was pressed by player 1
[15:59:37.483] [SEVERE ] removing player 1 token from slot 1
[15:59:38.055] [SEVERE ] updating countdown to 45553
[15:59:38.055] [SEVERE ] updating countdown to 45553
[15:59:38.830] [SEVERE ] key 69 was pressed by player 1
[15:59:38.830] [SEVERE ] removing player 1 token from slot 2
[15:59:39.072] [SEVERE ] updating countdown to 44536
[15:59:39.072] [SEVERE ] updating countdown to 44536
[15:59:40.080] [SEVERE ] updating countdown to 43528
[15:59:40.080] [SEVERE ] updating countdown to 43528
[15:59:40.358] [SEVERE ] key 81 was pressed by player 1
[15:59:40.359] [SEVERE ] player 1 placing token on slot 0
[15:59:41.083] [SEVERE ] updating countdown to 42525
[15:59:41.083] [SEVERE ] updating countdown to 42525
[15:59:41.288] [SEVERE ] key 65 was pressed by player 1
[15:59:41.288] [SEVERE ] player 1 placing token on slot 4
[15:59:41.741] [SEVERE ] key 90 was pressed by player 1
[15:59:41.742] [SEVERE ] player 1 placing token on slot 8
[15:59:42.084] [SEVERE ] updating countdown to 41524
[15:59:42.084] [SEVERE ] updating countdown to 41524
[15:59:42.084] [SEVERE ] setting player 1 freeze to 3000
[15:59:45.089] [SEVERE ] setting player 1 freeze to 0
[15:59:46.105] [SEVERE ] updating countdown to 37503
[15:59:46.105] [SEVERE ] updating countdown to 37503
[15:59:47.122] [SEVERE ] updating countdown to 36486
[15:59:47.122] [SEVERE ] updating countdown to 36486
[15:59:48.134] [SEVERE ] updating countdown to 35474
[15:59:48.134] [SEVERE ] updating countdown to 35474
[15:59:49.046] [SEVERE ] key 81 was pressed by player 1
[15:59:49.047] [SEVERE ] removing player 1 token from slot 0
[15:59:49.155] [SEVERE ] updating countdown to 34453
[15:59:49.155] [SEVERE ] updating countdown to 34453
[15:59:50.167] [SEVERE ] updating countdown to 33441
[15:59:50.167] [SEVERE ] updating countdown to 33441
[15:59:50.945] [SEVERE ] key 81 was pressed by player 1
[15:59:50.946] [SEVERE ] player 1 placing token on slot 0
[15:59:51.177] [SEVERE ] updating countdown to 32431
[15:59:51.177] [SEVERE ] updating countdown to 32431
[15:59:51.177] [SEVERE ] setting player 1 freeze to 3000
[15:59:54.187] [SEVERE ] setting player 1 freeze to 0
[15:59:54.396] [SEVERE ] key 81 was pressed by player 1
[15:59:54.397] [SEVERE ] removing player 1 token from slot 0
[15:59:55.189] [SEVERE ] updating countdown to 28419
[15:59:55.189] [SEVERE ] updating countdown to 28419
[15:59:55.896] [SEVERE ] key 81 was pressed by player 1
[15:59:55.896] [SEVERE ] player 1 placing token on slot 0
[15:59:56.196] [SEVERE ] updating countdown to 27412
[15:59:56.196] [SEVERE ] updating countdown to 27412
[15:59:56.196] [SEVERE ] setting player 1 freeze to 3000
[15:59:56.255] [SEVERE ] key 87 was pressed by player 1
[15:59:56.597] [SEVERE ] key 69 was pressed by player 1
[15:59:56.890] [SEVERE ] key 81 was pressed by player 1
[15:59:56.891] [SEVERE ] removing player 1 token from slot 0
[15:59:57.013] [SEVERE ] key 87 was pressed by player 1
[15:59:57.013] [SEVERE ] player 1 placing token on slot 1
[15:59:57.107] [SEVERE ] key 69 was pressed by player 1
[15:59:57.263] [SEVERE ] key 81 was pressed by player 1
[15:59:57.279] [SEVERE ] key 87 was pressed by player 1
[15:59:57.356] [SEVERE ] key 69 was pressed by player 1
[15:59:59.205] [SEVERE ] setting player 1 freeze to 0
[16:00:00.218] [SEVERE ] updating countdown to 23390
[16:00:00.218] [SEVERE ] updating countdown to 23390
[16:00:00.218] [SEVERE ] setting player 1 freeze to 3000
[16:00:00.218] [SEVERE ] key 81 was pressed by player 1
[16:00:00.218] [SEVERE ] removing player 1 token from slot 1
[16:00:00.218] [SEVERE ] key 87 was pressed by player 1
[16:00:00.218] [SEVERE ] player 1 placing token on slot 2
[16:00:00.222] [SEVERE ] key 69 was pressed by player 1
[16:00:00.222] [SEVERE ] key 81 was pressed by player 1
[16:00:03.228] [SEVERE ] setting player 1 freeze to 0
[16:00:04.239] [SEVERE ] updating countdown to 19369
[16:00:04.239] [SEVERE ] updating countdown to 19369
[16:00:04.239] [SEVERE ] setting player 1 freeze to 3000
[16:00:04.240] [SEVERE ] removing player 1 token from slot 2
[16:00:04.240] [SEVERE ] key 87 was pressed by player 1
[16:00:04.241] [SEVERE ] player 1 placing token on slot 0
[16:00:04.241] [SEVERE ] key 69 was pressed by player 1
[16:00:04.242] [SEVERE ] key 81 was pressed by player 1
[16:00:04.242] [SEVERE ] key 87 was pressed by player 1
