[15:18:38.168] [INFO   ] thread main starting.
[15:18:38.181] [SEVERE ] cannot read configuration file config.properties trying from resources.
[15:18:38.183] [SEVERE ] configuration file was loaded from resources directory.
[15:18:38.874] [INFO   ] thread dealer starting.
[15:18:38.874] [INFO   ] thread dealer starting.
[15:18:38.874] [SEVERE ] updating countdown to 60000
[15:18:38.874] [INFO   ] thread Thread-0 starting.
[15:18:38.874] [INFO   ] thread Thread-1 starting.
[15:18:38.982] [SEVERE ] placing card 7 in slot 0
[15:18:39.093] [SEVERE ] placing card 26 in slot 1
[15:18:39.205] [SEVERE ] placing card 4 in slot 2
[15:18:39.321] [SEVERE ] placing card 44 in slot 3
[15:18:39.432] [SEVERE ] placing card 8 in slot 4
[15:18:39.542] [SEVERE ] placing card 45 in slot 5
[15:18:39.655] [SEVERE ] placing card 23 in slot 6
[15:18:39.765] [SEVERE ] placing card 62 in slot 7
[15:18:39.879] [SEVERE ] placing card 12 in slot 8
[15:18:39.995] [SEVERE ] placing card 48 in slot 9
[15:18:40.103] [SEVERE ] placing card 34 in slot 10
[15:18:40.214] [SEVERE ] placing card 72 in slot 11
[15:18:41.223] [SEVERE ] updating countdown to 57651
[15:18:41.223] [SEVERE ] updating countdown to 57651
[15:18:42.233] [SEVERE ] updating countdown to 56641
[15:18:42.235] [SEVERE ] updating countdown to 56639
[15:18:43.240] [SEVERE ] updating countdown to 55634
[15:18:43.240] [SEVERE ] updating countdown to 55634
[15:18:44.252] [SEVERE ] updating countdown to 54622
[15:18:44.254] [SEVERE ] updating countdown to 54620
[15:18:44.587] [SEVERE ] key 81 was pressed by player 1
[15:18:44.587] [SEVERE ] player 1 placing token on slot 0
[15:18:45.257] [SEVERE ] updating countdown to 53617
[15:18:45.257] [SEVERE ] updating countdown to 53617
[15:18:46.263] [SEVERE ] updating countdown to 52611
[15:18:46.265] [SEVERE ] updating countdown to 52610
[15:18:47.271] [SEVERE ] updating countdown to 51603
[15:18:47.272] [SEVERE ] updating countdown to 51602
[15:18:48.285] [SEVERE ] updating countdown to 50590
[15:18:48.285] [SEVERE ] updating countdown to 50589
[15:18:49.288] [SEVERE ] updating countdown to 49586
[15:18:49.289] [SEVERE ] updating countdown to 49585
[15:18:50.296] [SEVERE ] updating countdown to 48578
[15:18:50.296] [SEVERE ] updating countdown to 48578
[15:18:51.305] [SEVERE ] updating countdown to 47569
[15:18:51.305] [SEVERE ] updating countdown to 47569
[15:18:52.311] [SEVERE ] updating countdown to 46563
[15:18:52.311] [SEVERE ] updating countdown to 46563
[15:18:53.313] [SEVERE ] updating countdown to 45561
[15:18:53.313] [SEVERE ] updating countdown to 45561
[15:18:54.328] [SEVERE ] updating countdown to 44546
[15:18:54.328] [SEVERE ] updating countdown to 44546
[15:18:55.335] [SEVERE ] updating countdown to 43539
[15:18:55.336] [SEVERE ] updating countdown to 43538
[15:18:56.344] [SEVERE ] updating countdown to 42530
[15:18:56.345] [SEVERE ] updating countdown to 42529
[15:18:57.352] [SEVERE ] updating countdown to 41522
[15:18:57.352] [SEVERE ] updating countdown to 41522
[15:18:58.360] [SEVERE ] updating countdown to 40514
[15:18:58.360] [SEVERE ] updating countdown to 40514
[15:18:59.370] [SEVERE ] updating countdown to 39504
[15:18:59.370] [SEVERE ] updating countdown to 39504
[15:19:00.188] [SEVERE ] key 87 was pressed by player 1
[15:19:00.188] [SEVERE ] player 1 placing token on slot 1
[15:19:00.385] [SEVERE ] updating countdown to 38489
[15:19:00.385] [SEVERE ] updating countdown to 38489
[15:19:00.945] [SEVERE ] key 69 was pressed by player 1
[15:19:00.950] [SEVERE ] player 1 placing token on slot 2
[15:19:01.390] [SEVERE ] updating countdown to 37484
[15:19:01.390] [SEVERE ] updating countdown to 37484
[15:19:01.390] [SEVERE ] setting player 1 freeze to 3000
[15:19:04.392] [SEVERE ] setting player 1 freeze to 0
[15:19:05.405] [SEVERE ] updating countdown to 33469
[15:19:05.405] [SEVERE ] updating countdown to 33469
[15:19:06.425] [SEVERE ] updating countdown to 32449
[15:19:06.425] [SEVERE ] updating countdown to 32449
