[13:08:01.106] [INFO   ] thread bguspl.set.Main.main() starting.
[13:08:01.110] [SEVERE ] cannot read configuration file config.properties trying from resources.
[13:08:01.111] [SEVERE ] configuration file was loaded from resources directory.
[13:08:01.975] [INFO   ] thread dealer starting.
[13:08:01.980] [INFO   ] thread dealer starting.
[13:08:01.980] [SEVERE ] updating countdown to 60000
[13:08:02.092] [SEVERE ] placing card 55 in slot 0
[13:08:02.198] [SEVERE ] placing card 77 in slot 1
[13:08:02.300] [SEVERE ] placing card 32 in slot 2
[13:08:02.414] [SEVERE ] placing card 39 in slot 3
[13:08:02.523] [SEVERE ] placing card 33 in slot 4
[13:08:02.637] [SEVERE ] placing card 59 in slot 5
[13:08:02.741] [SEVERE ] placing card 2 in slot 6
[13:08:02.843] [SEVERE ] placing card 80 in slot 7
[13:08:02.950] [SEVERE ] placing card 23 in slot 8
[13:08:03.052] [SEVERE ] placing card 14 in slot 9
[13:08:03.159] [SEVERE ] placing card 18 in slot 10
[13:08:03.272] [SEVERE ] placing card 28 in slot 11
[13:08:04.281] [SEVERE ] updating countdown to 57699
[13:08:04.281] [SEVERE ] updating countdown to 57699
[13:08:05.290] [SEVERE ] updating countdown to 56690
[13:08:05.291] [SEVERE ] updating countdown to 56689
[13:08:06.296] [SEVERE ] updating countdown to 55684
[13:08:06.296] [SEVERE ] updating countdown to 55684
[13:08:07.306] [SEVERE ] updating countdown to 54674
[13:08:07.306] [SEVERE ] updating countdown to 54674
[13:08:08.321] [SEVERE ] updating countdown to 53659
[13:08:08.321] [SEVERE ] updating countdown to 53659
[13:08:09.324] [SEVERE ] updating countdown to 52656
[13:08:09.324] [SEVERE ] updating countdown to 52656
[13:08:10.330] [SEVERE ] updating countdown to 51650
[13:08:10.331] [SEVERE ] updating countdown to 51649
[13:08:11.340] [SEVERE ] updating countdown to 50640
[13:08:11.340] [SEVERE ] updating countdown to 50640
[13:08:12.065] [SEVERE ] key 67 was pressed by player 1
[13:08:12.345] [SEVERE ] updating countdown to 49635
[13:08:12.346] [SEVERE ] updating countdown to 49634
[13:08:12.610] [SEVERE ] key 67 was pressed by player 1
[13:08:12.824] [SEVERE ] key 67 was pressed by player 1
[13:08:13.354] [SEVERE ] updating countdown to 48626
[13:08:13.354] [SEVERE ] updating countdown to 48626
[13:08:13.367] [SEVERE ] key 67 was pressed by player 1
[13:08:14.360] [SEVERE ] updating countdown to 47620
[13:08:14.360] [SEVERE ] updating countdown to 47620
[13:08:15.368] [SEVERE ] updating countdown to 46612
[13:08:15.369] [SEVERE ] updating countdown to 46611
[13:08:16.379] [SEVERE ] updating countdown to 45601
[13:08:16.379] [SEVERE ] updating countdown to 45601
[13:08:17.388] [SEVERE ] updating countdown to 44592
[13:08:17.388] [SEVERE ] updating countdown to 44592
[13:08:18.393] [SEVERE ] updating countdown to 43587
[13:08:18.393] [SEVERE ] updating countdown to 43587
[13:08:19.406] [SEVERE ] updating countdown to 42574
[13:08:19.406] [SEVERE ] updating countdown to 42574
[13:08:20.409] [SEVERE ] updating countdown to 41571
[13:08:20.411] [SEVERE ] updating countdown to 41569
[13:08:21.417] [SEVERE ] updating countdown to 40563
[13:08:21.417] [SEVERE ] updating countdown to 40563
[13:08:22.425] [SEVERE ] updating countdown to 39555
[13:08:22.425] [SEVERE ] updating countdown to 39555
[13:08:23.432] [SEVERE ] updating countdown to 38548
[13:08:23.432] [SEVERE ] updating countdown to 38548
[13:08:24.442] [SEVERE ] updating countdown to 37538
[13:08:24.443] [SEVERE ] updating countdown to 37537
[13:08:25.451] [SEVERE ] updating countdown to 36529
[13:08:25.451] [SEVERE ] updating countdown to 36529
[13:08:26.458] [SEVERE ] updating countdown to 35522
[13:08:26.459] [SEVERE ] updating countdown to 35521
[13:08:27.473] [SEVERE ] updating countdown to 34507
[13:08:27.474] [SEVERE ] updating countdown to 34507
[13:08:28.485] [SEVERE ] updating countdown to 33495
[13:08:28.485] [SEVERE ] updating countdown to 33495
[13:08:29.496] [SEVERE ] updating countdown to 32484
[13:08:29.496] [SEVERE ] updating countdown to 32484
[13:08:30.511] [SEVERE ] updating countdown to 31469
[13:08:30.511] [SEVERE ] updating countdown to 31469
[13:08:31.517] [SEVERE ] updating countdown to 30463
[13:08:31.518] [SEVERE ] updating countdown to 30462
[13:08:32.525] [SEVERE ] updating countdown to 29455
[13:08:32.525] [SEVERE ] updating countdown to 29455
[13:08:33.534] [SEVERE ] updating countdown to 28446
[13:08:33.534] [SEVERE ] updating countdown to 28446
[13:08:34.545] [SEVERE ] updating countdown to 27435
[13:08:34.545] [SEVERE ] updating countdown to 27435
[13:08:35.551] [SEVERE ] updating countdown to 26429
[13:08:35.552] [SEVERE ] updating countdown to 26428
[13:08:36.563] [SEVERE ] updating countdown to 25417
[13:08:36.564] [SEVERE ] updating countdown to 25416
[13:08:37.572] [SEVERE ] updating countdown to 24408
[13:08:37.572] [SEVERE ] updating countdown to 24408
[13:08:38.579] [SEVERE ] updating countdown to 23401
[13:08:38.580] [SEVERE ] updating countdown to 23400
[13:08:39.587] [SEVERE ] updating countdown to 22393
[13:08:39.588] [SEVERE ] updating countdown to 22392
