[13:09:44.303] [INFO   ] thread bguspl.set.Main.main() starting.
[13:09:44.309] [SEVERE ] cannot read configuration file config.properties trying from resources.
[13:09:44.311] [SEVERE ] configuration file was loaded from resources directory.
[13:09:45.070] [INFO   ] thread dealer starting.
[13:09:45.071] [INFO   ] thread dealer starting.
[13:09:45.071] [SEVERE ] updating countdown to 60000
[13:09:45.190] [SEVERE ] placing card 48 in slot 0
[13:09:45.299] [SEVERE ] placing card 10 in slot 1
[13:09:45.408] [SEVERE ] placing card 77 in slot 2
[13:09:45.516] [SEVERE ] placing card 8 in slot 3
[13:09:45.625] [SEVERE ] placing card 50 in slot 4
[13:09:45.734] [SEVERE ] placing card 2 in slot 5
[13:09:45.840] [SEVERE ] placing card 15 in slot 6
[13:09:45.951] [SEVERE ] placing card 62 in slot 7
[13:09:46.060] [SEVERE ] placing card 36 in slot 8
[13:09:46.170] [SEVERE ] placing card 38 in slot 9
[13:09:46.278] [SEVERE ] placing card 49 in slot 10
[13:09:46.386] [SEVERE ] placing card 74 in slot 11
[13:09:46.845] [SEVERE ] key 83 was pressed by player 1
[13:09:47.394] [SEVERE ] updating countdown to 57677
[13:09:47.395] [SEVERE ] updating countdown to 57676
[13:09:48.310] [SEVERE ] key 69 was pressed by player 1
[13:09:48.400] [SEVERE ] updating countdown to 56672
[13:09:48.401] [SEVERE ] updating countdown to 56670
[13:09:48.821] [SEVERE ] key 87 was pressed by player 1
[13:09:49.406] [SEVERE ] updating countdown to 55665
[13:09:49.407] [SEVERE ] updating countdown to 55664
[13:09:49.513] [SEVERE ] key 81 was pressed by player 1
[13:09:50.414] [SEVERE ] updating countdown to 54657
[13:09:50.415] [SEVERE ] updating countdown to 54656
[13:09:51.417] [SEVERE ] updating countdown to 53654
[13:09:51.417] [SEVERE ] updating countdown to 53654
[13:09:52.419] [SEVERE ] updating countdown to 52652
[13:09:52.419] [SEVERE ] updating countdown to 52652
[13:09:53.431] [SEVERE ] updating countdown to 51640
[13:09:53.431] [SEVERE ] updating countdown to 51640
[13:09:54.441] [SEVERE ] updating countdown to 50630
[13:09:54.441] [SEVERE ] updating countdown to 50630
[13:09:55.449] [SEVERE ] updating countdown to 49622
[13:09:55.449] [SEVERE ] updating countdown to 49622
