[14:44:28.849] [INFO   ] thread main starting.
[14:44:28.861] [SEVERE ] cannot read configuration file config.properties trying from resources.
[14:44:28.863] [SEVERE ] configuration file was loaded from resources directory.
[14:44:29.471] [INFO   ] thread dealer starting.
[14:44:29.471] [INFO   ] thread dealer starting.
[14:44:29.472] [SEVERE ] updating countdown to 60000
[14:44:29.473] [INFO   ] thread Thread-0 starting.
[14:44:29.473] [INFO   ] thread Thread-1 starting.
[14:44:29.594] [SEVERE ] placing card 28 in slot 0
[14:44:29.702] [SEVERE ] placing card 59 in slot 1
[14:44:29.811] [SEVERE ] placing card 27 in slot 2
[14:44:29.919] [SEVERE ] placing card 8 in slot 3
[14:44:30.030] [SEVERE ] placing card 19 in slot 4
[14:44:30.139] [SEVERE ] placing card 40 in slot 5
[14:44:30.248] [SEVERE ] placing card 1 in slot 6
[14:44:30.357] [SEVERE ] placing card 43 in slot 7
[14:44:30.464] [SEVERE ] placing card 16 in slot 8
[14:44:30.572] [SEVERE ] placing card 70 in slot 9
[14:44:30.683] [SEVERE ] placing card 11 in slot 10
[14:44:30.790] [SEVERE ] placing card 69 in slot 11
[14:44:30.905] [SEVERE ] key 81 was pressed by player 1
[14:44:30.907] [SEVERE ] player 1 placing token on slot 0
[14:44:31.195] [SEVERE ] key 87 was pressed by player 1
[14:44:31.196] [SEVERE ] player 1 placing token on slot 1
[14:44:31.689] [SEVERE ] key 69 was pressed by player 1
[14:44:31.691] [SEVERE ] player 1 placing token on slot 2
[14:44:31.795] [SEVERE ] updating countdown to 57677
[14:44:31.796] [SEVERE ] updating countdown to 57677
[14:44:31.796] [SEVERE ] setting player 1 freeze to 3000
[14:44:34.803] [SEVERE ] setting player 1 freeze to 0
[14:44:35.818] [SEVERE ] updating countdown to 53654
[14:44:35.818] [SEVERE ] updating countdown to 53654
[14:44:36.831] [SEVERE ] updating countdown to 52641
[14:44:36.831] [SEVERE ] updating countdown to 52641
[14:44:37.838] [SEVERE ] updating countdown to 51634
[14:44:37.839] [SEVERE ] updating countdown to 51633
[14:44:38.848] [SEVERE ] updating countdown to 50624
[14:44:38.849] [SEVERE ] updating countdown to 50623
[14:44:39.861] [SEVERE ] updating countdown to 49611
[14:44:39.862] [SEVERE ] updating countdown to 49611
[14:44:40.866] [SEVERE ] updating countdown to 48606
[14:44:40.867] [SEVERE ] updating countdown to 48605
[14:44:41.869] [SEVERE ] updating countdown to 47603
[14:44:41.870] [SEVERE ] updating countdown to 47602
[14:44:42.876] [SEVERE ] updating countdown to 46596
[14:44:42.877] [SEVERE ] updating countdown to 46595
[14:44:43.887] [SEVERE ] updating countdown to 45585
[14:44:43.887] [SEVERE ] updating countdown to 45585
[14:44:44.896] [SEVERE ] updating countdown to 44576
[14:44:44.897] [SEVERE ] updating countdown to 44575
[14:44:45.905] [SEVERE ] updating countdown to 43567
[14:44:45.906] [SEVERE ] updating countdown to 43566
[14:44:46.915] [SEVERE ] updating countdown to 42557
[14:44:46.915] [SEVERE ] updating countdown to 42557
[14:44:47.926] [SEVERE ] updating countdown to 41546
[14:44:47.927] [SEVERE ] updating countdown to 41545
[14:44:48.938] [SEVERE ] updating countdown to 40534
[14:44:48.939] [SEVERE ] updating countdown to 40533
[14:44:49.949] [SEVERE ] updating countdown to 39523
[14:44:49.950] [SEVERE ] updating countdown to 39522
[14:44:50.960] [SEVERE ] updating countdown to 38512
[14:44:50.961] [SEVERE ] updating countdown to 38511
[14:44:51.972] [SEVERE ] updating countdown to 37500
[14:44:51.973] [SEVERE ] updating countdown to 37499
