[14:42:00.874] [INFO   ] thread main starting.
[14:42:00.890] [SEVERE ] cannot read configuration file config.properties trying from resources.
[14:42:00.895] [SEVERE ] configuration file was loaded from resources directory.
[14:42:01.709] [INFO   ] thread dealer starting.
[14:42:01.711] [INFO   ] thread dealer starting.
[14:42:01.711] [SEVERE ] updating countdown to 60000
[14:42:01.713] [INFO   ] thread Thread-0 starting.
[14:42:01.713] [INFO   ] thread Thread-1 starting.
[14:42:01.845] [SEVERE ] placing card 38 in slot 0
[14:42:01.955] [SEVERE ] placing card 5 in slot 1
[14:42:02.066] [SEVERE ] placing card 64 in slot 2
[14:42:02.176] [SEVERE ] placing card 2 in slot 3
[14:42:02.283] [SEVERE ] placing card 66 in slot 4
[14:42:02.389] [SEVERE ] placing card 47 in slot 5
[14:42:02.498] [SEVERE ] placing card 68 in slot 6
[14:42:02.606] [SEVERE ] placing card 41 in slot 7
[14:42:02.714] [SEVERE ] placing card 70 in slot 8
[14:42:02.823] [SEVERE ] placing card 75 in slot 9
[14:42:02.932] [SEVERE ] placing card 31 in slot 10
[14:42:03.040] [SEVERE ] placing card 50 in slot 11
[14:42:03.964] [SEVERE ] key 81 was pressed by player 1
[14:42:03.967] [SEVERE ] player 1 placing token on slot 0
[14:42:04.048] [SEVERE ] updating countdown to 57663
[14:42:04.048] [SEVERE ] updating countdown to 57663
[14:42:04.289] [SEVERE ] key 87 was pressed by player 1
[14:42:04.291] [SEVERE ] player 1 placing token on slot 1
[14:42:04.684] [SEVERE ] key 69 was pressed by player 1
[14:42:04.685] [SEVERE ] player 1 placing token on slot 2
[14:42:05.056] [SEVERE ] updating countdown to 56655
[14:42:05.057] [SEVERE ] updating countdown to 56654
[14:42:05.057] [SEVERE ] setting player 1 freeze to 3000
[14:42:08.064] [SEVERE ] setting player 1 freeze to 0
[14:42:09.072] [SEVERE ] updating countdown to 52639
[14:42:09.073] [SEVERE ] updating countdown to 52638
[14:42:09.753] [SEVERE ] key 81 was pressed by player 1
[14:42:09.754] [SEVERE ] removing player 1 token from slot 0
[14:42:09.754] [SEVERE ] player 1 placing token on slot 0
[14:42:10.081] [SEVERE ] updating countdown to 51630
[14:42:10.081] [SEVERE ] updating countdown to 51630
[14:42:10.082] [SEVERE ] setting player 1 freeze to 3000
[14:42:13.089] [SEVERE ] setting player 1 freeze to 0
[14:42:14.096] [SEVERE ] updating countdown to 47615
[14:42:14.096] [SEVERE ] updating countdown to 47615
[14:42:15.106] [SEVERE ] updating countdown to 46605
[14:42:15.107] [SEVERE ] updating countdown to 46604
[14:42:16.111] [SEVERE ] updating countdown to 45600
[14:42:16.111] [SEVERE ] updating countdown to 45600
[14:42:17.118] [SEVERE ] updating countdown to 44593
[14:42:17.118] [SEVERE ] updating countdown to 44593
[14:42:18.124] [SEVERE ] updating countdown to 43587
[14:42:18.126] [SEVERE ] updating countdown to 43585
[14:42:19.134] [SEVERE ] updating countdown to 42577
[14:42:19.134] [SEVERE ] updating countdown to 42577
[14:42:20.147] [SEVERE ] updating countdown to 41564
[14:42:20.147] [SEVERE ] updating countdown to 41564
[14:42:21.160] [SEVERE ] updating countdown to 40551
[14:42:21.160] [SEVERE ] updating countdown to 40551
[14:42:21.201] [SEVERE ] key 81 was pressed by player 1
[14:42:21.202] [SEVERE ] removing player 1 token from slot 0
[14:42:21.202] [SEVERE ] player 1 placing token on slot 0
[14:42:22.169] [SEVERE ] updating countdown to 39542
[14:42:22.170] [SEVERE ] updating countdown to 39541
[14:42:22.170] [SEVERE ] setting player 1 freeze to 3000
