[16:01:18.366] [INFO   ] thread main starting.
[16:01:18.369] [SEVERE ] cannot read configuration file config.properties trying from resources.
[16:01:18.369] [SEVERE ] configuration file was loaded from resources directory.
[16:01:18.793] [INFO   ] thread dealer starting.
[16:01:18.794] [INFO   ] thread dealer starting.
[16:01:18.794] [SEVERE ] updating countdown to 60000
[16:01:18.796] [INFO   ] thread Thread-0 starting.
[16:01:18.796] [INFO   ] thread Thread-1 starting.
[16:01:18.904] [SEVERE ] placing card 16 in slot 0
[16:01:19.007] [SEVERE ] placing card 9 in slot 1
[16:01:19.116] [SEVERE ] placing card 30 in slot 2
[16:01:19.220] [SEVERE ] placing card 63 in slot 3
[16:01:19.330] [SEVERE ] placing card 29 in slot 4
[16:01:19.446] [SEVERE ] placing card 10 in slot 5
[16:01:19.557] [SEVERE ] placing card 33 in slot 6
[16:01:19.667] [SEVERE ] placing card 72 in slot 7
[16:01:19.777] [SEVERE ] placing card 22 in slot 8
[16:01:19.903] [SEVERE ] placing card 61 in slot 9
[16:01:20.013] [SEVERE ] placing card 52 in slot 10
[16:01:20.119] [SEVERE ] placing card 60 in slot 11
[16:01:20.686] [SEVERE ] key 81 was pressed by player 1
[16:01:20.686] [SEVERE ] player 1 placing token on slot 0
[16:01:20.940] [SEVERE ] key 87 was pressed by player 1
[16:01:20.940] [SEVERE ] player 1 placing token on slot 1
[16:01:21.120] [SEVERE ] updating countdown to 57674
[16:01:21.120] [SEVERE ] updating countdown to 57674
[16:01:21.310] [SEVERE ] key 69 was pressed by player 1
[16:01:21.310] [SEVERE ] player 1 placing token on slot 2
[16:01:22.132] [SEVERE ] updating countdown to 56662
[16:01:22.132] [SEVERE ] updating countdown to 56662
[16:01:22.132] [SEVERE ] setting player 1 freeze to 3000
[16:01:25.141] [SEVERE ] setting player 1 freeze to 0
[16:01:26.143] [SEVERE ] updating countdown to 52651
[16:01:26.143] [SEVERE ] updating countdown to 52651
[16:01:27.153] [SEVERE ] updating countdown to 51641
[16:01:27.153] [SEVERE ] updating countdown to 51641
[16:01:28.136] [SEVERE ] key 69 was pressed by player 1
[16:01:28.136] [SEVERE ] removing player 1 token from slot 2
[16:01:28.154] [SEVERE ] updating countdown to 50640
[16:01:28.154] [SEVERE ] updating countdown to 50640
[16:01:28.585] [SEVERE ] key 87 was pressed by player 1
[16:01:28.585] [SEVERE ] removing player 1 token from slot 1
[16:01:29.042] [SEVERE ] key 81 was pressed by player 1
[16:01:29.042] [SEVERE ] removing player 1 token from slot 0
[16:01:29.160] [SEVERE ] updating countdown to 49634
[16:01:29.160] [SEVERE ] updating countdown to 49634
[16:01:30.165] [SEVERE ] updating countdown to 48629
[16:01:30.165] [SEVERE ] updating countdown to 48629
[16:01:31.172] [SEVERE ] updating countdown to 47622
[16:01:31.172] [SEVERE ] updating countdown to 47622
[16:01:32.131] [SEVERE ] key 81 was pressed by player 1
[16:01:32.131] [SEVERE ] player 1 placing token on slot 0
[16:01:32.173] [SEVERE ] updating countdown to 46621
[16:01:32.173] [SEVERE ] updating countdown to 46621
[16:01:32.608] [SEVERE ] key 87 was pressed by player 1
[16:01:32.608] [SEVERE ] player 1 placing token on slot 1
[16:01:33.060] [SEVERE ] key 69 was pressed by player 1
[16:01:33.060] [SEVERE ] player 1 placing token on slot 2
[16:01:33.175] [SEVERE ] updating countdown to 45619
[16:01:33.175] [SEVERE ] updating countdown to 45619
[16:01:33.175] [SEVERE ] setting player 1 freeze to 3000
[16:01:33.565] [SEVERE ] key 69 was pressed by player 1
[16:01:33.565] [SEVERE ] removing player 1 token from slot 2
[16:01:33.822] [SEVERE ] key 87 was pressed by player 1
[16:01:33.822] [SEVERE ] removing player 1 token from slot 1
[16:01:34.076] [SEVERE ] key 81 was pressed by player 1
[16:01:34.092] [SEVERE ] removing player 1 token from slot 0
[16:01:36.182] [SEVERE ] setting player 1 freeze to 0
[16:01:37.184] [SEVERE ] updating countdown to 41610
[16:01:37.184] [SEVERE ] updating countdown to 41610
[16:01:38.190] [SEVERE ] updating countdown to 40604
[16:01:38.190] [SEVERE ] updating countdown to 40604
[16:01:39.053] [SEVERE ] key 67 was pressed by player 1
[16:01:39.053] [SEVERE ] player 1 placing token on slot 10
[16:01:39.201] [SEVERE ] updating countdown to 39593
[16:01:39.201] [SEVERE ] updating countdown to 39593
[16:01:40.209] [SEVERE ] updating countdown to 38585
[16:01:40.210] [SEVERE ] updating countdown to 38584
[16:01:41.212] [SEVERE ] updating countdown to 37582
[16:01:41.212] [SEVERE ] updating countdown to 37582
[16:01:42.213] [SEVERE ] updating countdown to 36581
[16:01:42.213] [SEVERE ] updating countdown to 36581
