[14:25:57.683] [INFO   ] thread main starting.
[14:25:57.706] [SEVERE ] cannot read configuration file config.properties trying from resources.
[14:25:57.713] [SEVERE ] configuration file was loaded from resources directory.
[14:25:58.626] [INFO   ] thread dealer starting.
[14:25:58.627] [INFO   ] thread dealer starting.
[14:25:58.628] [SEVERE ] updating countdown to 60000
[14:25:58.630] [INFO   ] thread Thread-1 starting.
[14:25:58.630] [INFO   ] thread Thread-0 starting.
[14:25:58.753] [SEVERE ] placing card 46 in slot 0
[14:25:58.861] [SEVERE ] placing card 41 in slot 1
[14:25:58.971] [SEVERE ] placing card 8 in slot 2
[14:25:59.079] [SEVERE ] placing card 44 in slot 3
[14:25:59.187] [SEVERE ] placing card 16 in slot 4
[14:25:59.298] [SEVERE ] placing card 19 in slot 5
[14:25:59.410] [SEVERE ] placing card 35 in slot 6
[14:25:59.518] [SEVERE ] placing card 53 in slot 7
[14:25:59.627] [SEVERE ] placing card 69 in slot 8
[14:25:59.738] [SEVERE ] placing card 51 in slot 9
[14:25:59.849] [SEVERE ] placing card 27 in slot 10
[14:25:59.959] [SEVERE ] placing card 21 in slot 11
[14:26:00.966] [SEVERE ] updating countdown to 57662
[14:26:00.966] [SEVERE ] updating countdown to 57662
[14:26:01.971] [SEVERE ] updating countdown to 56657
[14:26:01.971] [SEVERE ] updating countdown to 56657
[14:26:02.981] [SEVERE ] updating countdown to 55647
[14:26:02.981] [SEVERE ] updating countdown to 55647
[14:26:03.994] [SEVERE ] updating countdown to 54634
[14:26:03.994] [SEVERE ] updating countdown to 54634
[14:26:04.996] [SEVERE ] updating countdown to 53632
[14:26:04.996] [SEVERE ] updating countdown to 53632
[14:26:06.009] [SEVERE ] updating countdown to 52619
[14:26:06.009] [SEVERE ] updating countdown to 52619
[14:26:06.741] [SEVERE ] key 81 was pressed by player 1
[14:26:06.743] [SEVERE ] player 1 placing token on slot 0
[14:26:07.021] [SEVERE ] updating countdown to 51607
[14:26:07.021] [SEVERE ] updating countdown to 51607
[14:26:07.181] [SEVERE ] key 87 was pressed by player 1
[14:26:07.183] [SEVERE ] player 1 placing token on slot 1
[14:26:07.833] [SEVERE ] key 69 was pressed by player 1
[14:26:07.835] [SEVERE ] player 1 placing token on slot 2
[14:26:08.036] [SEVERE ] updating countdown to 50592
[14:26:08.037] [SEVERE ] updating countdown to 50591
[14:26:08.038] [SEVERE ] setting player 1 freeze to 3000
[14:26:11.046] [SEVERE ] setting player 1 freeze to 0
[14:26:12.061] [SEVERE ] updating countdown to 46567
[14:26:12.061] [SEVERE ] updating countdown to 46567
[14:26:13.065] [SEVERE ] updating countdown to 45563
[14:26:13.065] [SEVERE ] updating countdown to 45563
[14:26:14.077] [SEVERE ] updating countdown to 44551
[14:26:14.078] [SEVERE ] updating countdown to 44551
[14:26:15.091] [SEVERE ] updating countdown to 43537
[14:26:15.091] [SEVERE ] updating countdown to 43537
[14:26:16.104] [SEVERE ] updating countdown to 42524
[14:26:16.104] [SEVERE ] updating countdown to 42524
[14:26:17.116] [SEVERE ] updating countdown to 41512
[14:26:17.116] [SEVERE ] updating countdown to 41512
[14:26:18.129] [SEVERE ] updating countdown to 40499
[14:26:18.129] [SEVERE ] updating countdown to 40499
[14:26:19.142] [SEVERE ] updating countdown to 39486
[14:26:19.143] [SEVERE ] updating countdown to 39485
[14:26:20.156] [SEVERE ] updating countdown to 38472
[14:26:20.157] [SEVERE ] updating countdown to 38471
[14:26:21.169] [SEVERE ] updating countdown to 37459
[14:26:21.171] [SEVERE ] updating countdown to 37457
[14:26:22.184] [SEVERE ] updating countdown to 36444
[14:26:22.185] [SEVERE ] updating countdown to 36443
