[16:27:22.915] [INFO   ] thread main starting.
[16:27:22.915] [SEVERE ] cannot read configuration file config.properties trying from resources.
[16:27:22.915] [SEVERE ] configuration file was loaded from resources directory.
[16:27:23.416] [INFO   ] thread dealer starting.
[16:27:23.416] [INFO   ] thread dealer starting.
[16:27:23.416] [SEVERE ] updating countdown to 60000
[16:27:23.417] [INFO   ] thread Thread-0 starting.
[16:27:23.417] [INFO   ] thread Thread-1 starting.
[16:27:23.542] [SEVERE ] placing card 25 in slot 0
[16:27:23.646] [SEVERE ] placing card 23 in slot 1
[16:27:23.752] [SEVERE ] placing card 64 in slot 2
[16:27:23.861] [SEVERE ] placing card 5 in slot 3
[16:27:23.969] [SEVERE ] placing card 21 in slot 4
[16:27:24.071] [SEVERE ] placing card 44 in slot 5
[16:27:24.172] [SEVERE ] placing card 28 in slot 6
[16:27:24.282] [SEVERE ] placing card 56 in slot 7
[16:27:24.393] [SEVERE ] placing card 78 in slot 8
[16:27:24.502] [SEVERE ] placing card 51 in slot 9
[16:27:24.612] [SEVERE ] placing card 72 in slot 10
[16:27:24.723] [SEVERE ] placing card 20 in slot 11
[16:27:25.733] [SEVERE ] updating countdown to 57683
[16:27:25.733] [SEVERE ] updating countdown to 57683
[16:27:26.742] [SEVERE ] updating countdown to 56674
[16:27:26.742] [SEVERE ] updating countdown to 56674
[16:27:26.930] [SEVERE ] key 81 was pressed by player 1
[16:27:26.930] [SEVERE ] player 1 placing token on slot 0
[16:27:27.701] [SEVERE ] key 87 was pressed by player 1
[16:27:27.701] [SEVERE ] player 1 placing token on slot 1
[16:27:27.743] [SEVERE ] updating countdown to 55673
[16:27:27.743] [SEVERE ] updating countdown to 55673
[16:27:28.759] [SEVERE ] updating countdown to 54657
[16:27:28.759] [SEVERE ] updating countdown to 54657
[16:27:29.760] [SEVERE ] updating countdown to 53656
[16:27:29.760] [SEVERE ] updating countdown to 53656
[16:27:29.976] [SEVERE ] key 69 was pressed by player 1
[16:27:29.976] [SEVERE ] player 1 placing token on slot 2
[16:27:30.773] [SEVERE ] updating countdown to 52643
[16:27:30.773] [SEVERE ] updating countdown to 52643
[16:27:30.773] [SEVERE ] setting player 1 freeze to 3000
[16:27:33.777] [SEVERE ] setting player 1 freeze to 0
[16:27:34.778] [SEVERE ] updating countdown to 48638
[16:27:34.778] [SEVERE ] updating countdown to 48638
[16:27:35.785] [SEVERE ] updating countdown to 47631
[16:27:35.785] [SEVERE ] updating countdown to 47631
[16:27:36.254] [SEVERE ] key 81 was pressed by player 1
[16:27:36.255] [SEVERE ] removing player 1 token from slot 0
[16:27:36.589] [SEVERE ] key 87 was pressed by player 1
[16:27:36.589] [SEVERE ] removing player 1 token from slot 1
[16:27:36.792] [SEVERE ] updating countdown to 46624
[16:27:36.792] [SEVERE ] updating countdown to 46624
[16:27:36.887] [SEVERE ] key 69 was pressed by player 1
[16:27:36.887] [SEVERE ] removing player 1 token from slot 2
[16:27:37.559] [SEVERE ] key 81 was pressed by player 1
[16:27:37.559] [SEVERE ] player 1 placing token on slot 0
[16:27:37.667] [SEVERE ] key 87 was pressed by player 1
[16:27:37.667] [SEVERE ] player 1 placing token on slot 1
[16:27:37.694] [SEVERE ] key 69 was pressed by player 1
[16:27:37.694] [SEVERE ] player 1 placing token on slot 2
[16:27:37.806] [SEVERE ] updating countdown to 45610
[16:27:37.806] [SEVERE ] updating countdown to 45610
[16:27:37.806] [SEVERE ] setting player 1 freeze to 3000
[16:27:40.812] [SEVERE ] setting player 1 freeze to 0
[16:27:41.818] [SEVERE ] updating countdown to 41598
[16:27:41.818] [SEVERE ] updating countdown to 41598
[16:27:42.828] [SEVERE ] updating countdown to 40588
[16:27:42.829] [SEVERE ] updating countdown to 40587
[16:27:42.940] [SEVERE ] key 81 was pressed by player 1
[16:27:42.940] [SEVERE ] removing player 1 token from slot 0
[16:27:43.286] [SEVERE ] key 87 was pressed by player 1
[16:27:43.286] [SEVERE ] removing player 1 token from slot 1
[16:27:43.619] [SEVERE ] key 69 was pressed by player 1
[16:27:43.619] [SEVERE ] removing player 1 token from slot 2
[16:27:43.842] [SEVERE ] updating countdown to 39574
[16:27:43.842] [SEVERE ] updating countdown to 39574
[16:27:44.314] [SEVERE ] key 81 was pressed by player 1
[16:27:44.314] [SEVERE ] player 1 placing token on slot 0
[16:27:44.471] [SEVERE ] key 87 was pressed by player 1
[16:27:44.471] [SEVERE ] player 1 placing token on slot 1
[16:27:44.652] [SEVERE ] key 69 was pressed by player 1
[16:27:44.652] [SEVERE ] player 1 placing token on slot 2
[16:27:44.844] [SEVERE ] updating countdown to 38572
[16:27:44.844] [SEVERE ] updating countdown to 38572
[16:27:44.844] [SEVERE ] setting player 1 freeze to 3000
[16:27:47.848] [SEVERE ] setting player 1 freeze to 0
[16:27:48.851] [SEVERE ] updating countdown to 34565
[16:27:48.851] [SEVERE ] updating countdown to 34565
[16:27:49.197] [SEVERE ] key 81 was pressed by player 1
[16:27:49.197] [SEVERE ] removing player 1 token from slot 0
[16:27:49.289] [SEVERE ] key 87 was pressed by player 1
[16:27:49.289] [SEVERE ] removing player 1 token from slot 1
[16:27:49.357] [SEVERE ] key 69 was pressed by player 1
[16:27:49.357] [SEVERE ] removing player 1 token from slot 2
[16:27:49.785] [SEVERE ] key 81 was pressed by player 1
[16:27:49.785] [SEVERE ] player 1 placing token on slot 0
[16:27:49.844] [SEVERE ] key 87 was pressed by player 1
[16:27:49.844] [SEVERE ] player 1 placing token on slot 1
[16:27:49.859] [SEVERE ] updating countdown to 33557
[16:27:49.859] [SEVERE ] updating countdown to 33557
[16:27:49.934] [SEVERE ] key 69 was pressed by player 1
[16:27:49.935] [SEVERE ] player 1 placing token on slot 2
[16:27:50.198] [SEVERE ] key 81 was pressed by player 1
[16:27:50.325] [SEVERE ] key 87 was pressed by player 1
[16:27:50.386] [SEVERE ] key 69 was pressed by player 1
[16:27:50.634] [SEVERE ] key 81 was pressed by player 1
[16:27:50.873] [SEVERE ] updating countdown to 32543
[16:27:50.873] [SEVERE ] updating countdown to 32543
[16:27:50.873] [SEVERE ] setting player 1 freeze to 3000
[16:27:50.873] [SEVERE ] key 87 was pressed by player 1
[16:27:50.873] [SEVERE ] key 69 was pressed by player 1
[16:27:50.873] [SEVERE ] removing player 1 token from slot 0
[16:27:50.873] [SEVERE ] removing player 1 token from slot 1
[16:27:50.873] [SEVERE ] removing player 1 token from slot 2
[16:27:50.873] [SEVERE ] player 1 placing token on slot 0
[16:27:50.913] [SEVERE ] key 81 was pressed by player 1
[16:27:51.027] [SEVERE ] key 87 was pressed by player 1
[16:27:51.043] [SEVERE ] key 69 was pressed by player 1
[16:27:51.190] [SEVERE ] key 81 was pressed by player 1
[16:27:51.331] [SEVERE ] key 87 was pressed by player 1
[16:27:51.331] [SEVERE ] key 69 was pressed by player 1
[16:27:51.473] [SEVERE ] key 81 was pressed by player 1
[16:27:51.574] [SEVERE ] key 87 was pressed by player 1
[16:27:51.598] [SEVERE ] key 69 was pressed by player 1
[16:27:51.708] [SEVERE ] key 81 was pressed by player 1
[16:27:51.818] [SEVERE ] key 87 was pressed by player 1
[16:27:51.834] [SEVERE ] key 69 was pressed by player 1
[16:27:51.977] [SEVERE ] key 81 was pressed by player 1
[16:27:52.103] [SEVERE ] key 87 was pressed by player 1
[16:27:52.119] [SEVERE ] key 69 was pressed by player 1
[16:27:52.275] [SEVERE ] key 81 was pressed by player 1
[16:27:52.463] [SEVERE ] key 87 was pressed by player 1
[16:27:52.620] [SEVERE ] key 81 was pressed by player 1
[16:27:52.763] [SEVERE ] key 87 was pressed by player 1
[16:27:52.779] [SEVERE ] key 69 was pressed by player 1
[16:27:52.936] [SEVERE ] key 81 was pressed by player 1
[16:27:53.046] [SEVERE ] key 87 was pressed by player 1
[16:27:53.061] [SEVERE ] key 69 was pressed by player 1
[16:27:53.214] [SEVERE ] key 81 was pressed by player 1
[16:27:53.339] [SEVERE ] key 87 was pressed by player 1
[16:27:53.339] [SEVERE ] key 69 was pressed by player 1
[16:27:53.512] [SEVERE ] key 81 was pressed by player 1
[16:27:53.640] [SEVERE ] key 87 was pressed by player 1
[16:27:53.648] [SEVERE ] key 69 was pressed by player 1
[16:27:53.789] [SEVERE ] key 81 was pressed by player 1
[16:27:53.881] [SEVERE ] setting player 1 freeze to 0
[16:27:53.939] [SEVERE ] key 87 was pressed by player 1
[16:27:53.948] [SEVERE ] player 1 placing token on slot 1
[16:27:53.958] [SEVERE ] key 69 was pressed by player 1
[16:27:53.960] [SEVERE ] player 1 placing token on slot 2
[16:27:54.072] [SEVERE ] key 81 was pressed by player 1
[16:27:54.196] [SEVERE ] key 69 was pressed by player 1
[16:27:54.196] [SEVERE ] key 87 was pressed by player 1
[16:27:54.308] [SEVERE ] key 81 was pressed by player 1
[16:27:54.890] [SEVERE ] updating countdown to 28526
[16:27:54.890] [SEVERE ] updating countdown to 28526
[16:27:54.890] [SEVERE ] setting player 1 freeze to 3000
[16:27:54.890] [SEVERE ] removing player 1 token from slot 0
[16:27:54.890] [SEVERE ] key 69 was pressed by player 1
[16:27:54.890] [SEVERE ] key 87 was pressed by player 1
[16:27:54.890] [SEVERE ] removing player 1 token from slot 2
[16:27:54.890] [SEVERE ] key 81 was pressed by player 1
[16:27:54.890] [SEVERE ] key 69 was pressed by player 1
[16:27:54.890] [SEVERE ] key 87 was pressed by player 1
[16:27:54.890] [SEVERE ] removing player 1 token from slot 1
[16:27:54.890] [SEVERE ] key 81 was pressed by player 1
[16:27:54.890] [SEVERE ] player 1 placing token on slot 0
[16:27:56.736] [SEVERE ] key 81 was pressed by player 1
[16:27:57.897] [SEVERE ] setting player 1 freeze to 0
[16:27:58.499] [SEVERE ] key 81 was pressed by player 1
[16:27:58.499] [SEVERE ] removing player 1 token from slot 0
[16:27:58.898] [SEVERE ] updating countdown to 24518
[16:27:58.898] [SEVERE ] updating countdown to 24518
[16:27:58.992] [SEVERE ] key 81 was pressed by player 1
[16:27:58.992] [SEVERE ] player 1 placing token on slot 0
[16:27:59.299] [SEVERE ] key 87 was pressed by player 1
[16:27:59.299] [SEVERE ] player 1 placing token on slot 1
[16:27:59.612] [SEVERE ] key 69 was pressed by player 1
[16:27:59.612] [SEVERE ] player 1 placing token on slot 2
[16:27:59.901] [SEVERE ] updating countdown to 23515
[16:27:59.901] [SEVERE ] updating countdown to 23515
[16:27:59.901] [SEVERE ] setting player 1 freeze to 3000
[16:28:00.475] [SEVERE ] key 69 was pressed by player 1
[16:28:00.538] [SEVERE ] key 87 was pressed by player 1
[16:28:00.664] [SEVERE ] key 81 was pressed by player 1
[16:28:01.198] [SEVERE ] key 81 was pressed by player 1
[16:28:01.261] [SEVERE ] key 87 was pressed by player 1
[16:28:01.295] [SEVERE ] key 69 was pressed by player 1
[16:28:01.576] [SEVERE ] key 81 was pressed by player 1
[16:28:01.859] [SEVERE ] key 69 was pressed by player 1
[16:28:01.906] [SEVERE ] key 87 was pressed by player 1
[16:28:02.032] [SEVERE ] key 81 was pressed by player 1
[16:28:02.505] [SEVERE ] key 69 was pressed by player 1
[16:28:02.631] [SEVERE ] key 87 was pressed by player 1
[16:28:02.820] [SEVERE ] key 81 was pressed by player 1
[16:28:02.914] [SEVERE ] setting player 1 freeze to 0
[16:28:03.527] [SEVERE ] key 69 was pressed by player 1
[16:28:03.527] [SEVERE ] removing player 1 token from slot 2
[16:28:03.769] [SEVERE ] key 81 was pressed by player 1
[16:28:03.769] [SEVERE ] removing player 1 token from slot 0
[16:28:03.807] [SEVERE ] key 87 was pressed by player 1
[16:28:03.807] [SEVERE ] removing player 1 token from slot 1
[16:28:03.915] [SEVERE ] updating countdown to 19501
[16:28:03.915] [SEVERE ] updating countdown to 19501
[16:28:04.203] [SEVERE ] key 87 was pressed by player 1
[16:28:04.203] [SEVERE ] player 1 placing token on slot 1
[16:28:04.218] [SEVERE ] key 69 was pressed by player 1
[16:28:04.218] [SEVERE ] player 1 placing token on slot 2
[16:28:04.250] [SEVERE ] key 81 was pressed by player 1
[16:28:04.251] [SEVERE ] player 1 placing token on slot 0
[16:28:04.579] [SEVERE ] key 87 was pressed by player 1
[16:28:04.604] [SEVERE ] key 69 was pressed by player 1
[16:28:04.740] [SEVERE ] key 81 was pressed by player 1
[16:28:04.923] [SEVERE ] updating countdown to 18493
[16:28:04.923] [SEVERE ] updating countdown to 18493
[16:28:04.923] [SEVERE ] setting player 1 freeze to 3000
[16:28:04.923] [SEVERE ] removing player 1 token from slot 1
[16:28:04.923] [SEVERE ] removing player 1 token from slot 2
[16:28:04.923] [SEVERE ] removing player 1 token from slot 0
[16:28:05.029] [SEVERE ] key 87 was pressed by player 1
[16:28:05.044] [SEVERE ] key 69 was pressed by player 1
[16:28:05.421] [SEVERE ] key 81 was pressed by player 1
[16:28:05.468] [SEVERE ] key 87 was pressed by player 1
[16:28:05.468] [SEVERE ] key 69 was pressed by player 1
[16:28:07.937] [SEVERE ] setting player 1 freeze to 0
[16:28:08.945] [SEVERE ] updating countdown to 14471
[16:28:08.945] [SEVERE ] updating countdown to 14471
[16:28:09.958] [SEVERE ] updating countdown to 13458
[16:28:09.958] [SEVERE ] updating countdown to 13458
[16:28:10.958] [SEVERE ] updating countdown to 12458
[16:28:10.958] [SEVERE ] updating countdown to 12458
[16:28:11.962] [SEVERE ] updating countdown to 11454
[16:28:11.962] [SEVERE ] updating countdown to 11454
[16:28:12.965] [SEVERE ] updating countdown to 10451
[16:28:12.965] [SEVERE ] updating countdown to 10451
[16:28:13.968] [SEVERE ] updating countdown to 9448
[16:28:13.968] [SEVERE ] updating countdown to 9448
[16:28:14.981] [SEVERE ] updating countdown to 8435
[16:28:14.981] [SEVERE ] updating countdown to 8435
