[15:52:14.678] [INFO   ] thread main starting.
[15:52:14.683] [SEVERE ] cannot read configuration file config.properties trying from resources.
[15:52:14.686] [SEVERE ] configuration file was loaded from resources directory.
[15:52:15.100] [INFO   ] thread dealer starting.
[15:52:15.100] [INFO   ] thread dealer starting.
[15:52:15.100] [SEVERE ] updating countdown to 60000
[15:52:15.102] [INFO   ] thread Thread-0 starting.
[15:52:15.102] [INFO   ] thread Thread-1 starting.
[15:52:15.219] [SEVERE ] placing card 54 in slot 0
[15:52:15.322] [SEVERE ] placing card 78 in slot 1
[15:52:15.423] [SEVERE ] placing card 72 in slot 2
[15:52:15.533] [SEVERE ] placing card 14 in slot 3
[15:52:15.644] [SEVERE ] placing card 11 in slot 4
[15:52:15.754] [SEVERE ] placing card 26 in slot 5
[15:52:15.864] [SEVERE ] placing card 55 in slot 6
[15:52:15.975] [SEVERE ] placing card 57 in slot 7
[15:52:16.075] [SEVERE ] placing card 8 in slot 8
[15:52:16.177] [SEVERE ] placing card 52 in slot 9
[15:52:16.287] [SEVERE ] placing card 71 in slot 10
[15:52:16.398] [SEVERE ] placing card 19 in slot 11
[15:52:17.403] [SEVERE ] updating countdown to 57697
[15:52:17.403] [SEVERE ] updating countdown to 57697
[15:52:17.403] [SEVERE ] key 81 was pressed by player 1
[15:52:17.403] [SEVERE ] player 1 placing token on slot 0
[15:52:18.034] [SEVERE ] key 87 was pressed by player 1
[15:52:18.035] [SEVERE ] player 1 placing token on slot 1
[15:52:18.355] [SEVERE ] key 69 was pressed by player 1
[15:52:18.355] [SEVERE ] player 1 placing token on slot 2
[15:52:18.413] [SEVERE ] updating countdown to 56687
[15:52:18.413] [SEVERE ] updating countdown to 56687
[15:52:19.414] [SEVERE ] updating countdown to 55686
[15:52:19.414] [SEVERE ] updating countdown to 55686
[15:52:19.965] [SEVERE ] key 69 was pressed by player 1
[15:52:20.418] [SEVERE ] updating countdown to 54682
[15:52:20.418] [SEVERE ] updating countdown to 54682
[15:52:20.418] [SEVERE ] setting player 1 freeze to 3000
[15:52:20.418] [SEVERE ] removing player 1 token from slot 2
[15:52:22.188] [SEVERE ] key 69 was pressed by player 1
[15:52:22.188] [SEVERE ] player 1 placing token on slot 2
[15:52:23.419] [SEVERE ] setting player 1 freeze to 0
[15:52:24.080] [SEVERE ] key 69 was pressed by player 1
[15:52:24.421] [SEVERE ] updating countdown to 50679
[15:52:24.421] [SEVERE ] updating countdown to 50679
[15:52:24.421] [SEVERE ] setting player 1 freeze to 3000
[15:52:24.421] [SEVERE ] removing player 1 token from slot 2
[15:52:24.864] [SEVERE ] key 69 was pressed by player 1
[15:52:24.864] [SEVERE ] player 1 placing token on slot 2
[15:52:25.895] [SEVERE ] key 69 was pressed by player 1
[15:52:26.134] [SEVERE ] key 69 was pressed by player 1
[15:52:26.274] [SEVERE ] key 69 was pressed by player 1
[15:52:26.433] [SEVERE ] key 69 was pressed by player 1
[15:52:27.434] [SEVERE ] setting player 1 freeze to 0
[15:52:28.441] [SEVERE ] updating countdown to 46659
[15:52:28.441] [SEVERE ] updating countdown to 46659
[15:52:28.441] [SEVERE ] setting player 1 freeze to 3000
[15:52:28.441] [SEVERE ] key 69 was pressed by player 1
[15:52:28.441] [SEVERE ] removing player 1 token from slot 2
[15:52:28.441] [SEVERE ] player 1 placing token on slot 2
[15:52:28.441] [SEVERE ] key 69 was pressed by player 1
[15:52:31.449] [SEVERE ] setting player 1 freeze to 0
[15:52:32.456] [SEVERE ] updating countdown to 42644
[15:52:32.456] [SEVERE ] updating countdown to 42644
[15:52:32.456] [SEVERE ] setting player 1 freeze to 3000
[15:52:32.456] [SEVERE ] key 69 was pressed by player 1
[15:52:32.456] [SEVERE ] removing player 1 token from slot 2
[15:52:32.456] [SEVERE ] player 1 placing token on slot 2
[15:52:32.456] [SEVERE ] key 69 was pressed by player 1
