[14:58:33.576] [INFO   ] thread main starting.
[14:58:33.587] [SEVERE ] cannot read configuration file config.properties trying from resources.
[14:58:33.587] [SEVERE ] configuration file was loaded from resources directory.
[14:58:34.197] [INFO   ] thread dealer starting.
[14:58:34.197] [INFO   ] thread dealer starting.
[14:58:34.198] [SEVERE ] updating countdown to 60000
[14:58:34.199] [INFO   ] thread Thread-0 starting.
[14:58:34.199] [INFO   ] thread Thread-1 starting.
[14:58:34.315] [SEVERE ] placing card 18 in slot 0
[14:58:34.428] [SEVERE ] placing card 75 in slot 1
[14:58:34.531] [SEVERE ] placing card 3 in slot 2
[14:58:34.635] [SEVERE ] placing card 63 in slot 3
[14:58:34.747] [SEVERE ] placing card 36 in slot 4
[14:58:34.860] [SEVERE ] placing card 71 in slot 5
[14:58:34.973] [SEVERE ] placing card 64 in slot 6
[14:58:35.084] [SEVERE ] placing card 1 in slot 7
[14:58:35.197] [SEVERE ] placing card 47 in slot 8
[14:58:35.307] [SEVERE ] placing card 53 in slot 9
[14:58:35.421] [SEVERE ] placing card 51 in slot 10
[14:58:35.533] [SEVERE ] placing card 73 in slot 11
[14:58:36.541] [SEVERE ] updating countdown to 57657
[14:58:36.541] [SEVERE ] updating countdown to 57657
[14:58:36.921] [SEVERE ] key 81 was pressed by player 1
[14:58:36.923] [SEVERE ] player 1 placing token on slot 0
[14:58:37.144] [SEVERE ] key 87 was pressed by player 1
[14:58:37.147] [SEVERE ] player 1 placing token on slot 1
[14:58:37.415] [SEVERE ] key 69 was pressed by player 1
[14:58:37.417] [SEVERE ] player 1 placing token on slot 2
[14:58:37.549] [SEVERE ] updating countdown to 56649
[14:58:37.551] [SEVERE ] updating countdown to 56647
[14:58:37.551] [SEVERE ] setting player 1 freeze to 3000
[14:58:40.557] [SEVERE ] setting player 1 freeze to 0
[14:58:41.565] [SEVERE ] updating countdown to 52633
[14:58:41.565] [SEVERE ] updating countdown to 52633
[14:58:41.951] [SEVERE ] key 81 was pressed by player 1
[14:58:41.951] [SEVERE ] removing player 1 token from slot 0
[14:58:42.581] [SEVERE ] updating countdown to 51617
[14:58:42.581] [SEVERE ] updating countdown to 51617
[14:58:42.699] [SEVERE ] key 87 was pressed by player 1
[14:58:42.701] [SEVERE ] player 1 placing token on slot 1
[14:58:43.598] [SEVERE ] updating countdown to 50600
[14:58:43.598] [SEVERE ] updating countdown to 50600
[14:58:43.598] [SEVERE ] setting player 1 freeze to 3000
[14:58:46.605] [SEVERE ] setting player 1 freeze to 0
[14:58:47.607] [SEVERE ] updating countdown to 46591
[14:58:47.607] [SEVERE ] updating countdown to 46591
[14:58:48.621] [SEVERE ] updating countdown to 45577
[14:58:48.621] [SEVERE ] updating countdown to 45577
[14:58:49.630] [SEVERE ] updating countdown to 44568
[14:58:49.630] [SEVERE ] updating countdown to 44568
[14:58:50.636] [SEVERE ] updating countdown to 43562
[14:58:50.636] [SEVERE ] updating countdown to 43562
[14:58:51.643] [SEVERE ] updating countdown to 42555
[14:58:51.643] [SEVERE ] updating countdown to 42555
[14:58:52.652] [SEVERE ] updating countdown to 41546
[14:58:52.652] [SEVERE ] updating countdown to 41546
[14:58:53.661] [SEVERE ] updating countdown to 40537
[14:58:53.661] [SEVERE ] updating countdown to 40537
[14:58:54.663] [SEVERE ] updating countdown to 39535
[14:58:54.663] [SEVERE ] updating countdown to 39535
[14:58:55.670] [SEVERE ] updating countdown to 38528
[14:58:55.670] [SEVERE ] updating countdown to 38528
[14:58:56.681] [SEVERE ] updating countdown to 37517
[14:58:56.681] [SEVERE ] updating countdown to 37517
[14:58:57.692] [SEVERE ] updating countdown to 36506
[14:58:57.692] [SEVERE ] updating countdown to 36506
[14:58:58.693] [SEVERE ] updating countdown to 35505
[14:58:58.693] [SEVERE ] updating countdown to 35505
[14:58:59.694] [SEVERE ] updating countdown to 34504
[14:58:59.694] [SEVERE ] updating countdown to 34504
[14:59:00.701] [SEVERE ] updating countdown to 33498
[14:59:00.701] [SEVERE ] updating countdown to 33497
[14:59:01.709] [SEVERE ] updating countdown to 32489
[14:59:01.709] [SEVERE ] updating countdown to 32489
[14:59:02.714] [SEVERE ] updating countdown to 31484
[14:59:02.715] [SEVERE ] updating countdown to 31483
[14:59:03.731] [SEVERE ] updating countdown to 30467
[14:59:03.731] [SEVERE ] updating countdown to 30467
[14:59:04.732] [SEVERE ] updating countdown to 29466
[14:59:04.732] [SEVERE ] updating countdown to 29466
[14:59:05.740] [SEVERE ] updating countdown to 28458
[14:59:05.741] [SEVERE ] updating countdown to 28457
[14:59:06.749] [SEVERE ] updating countdown to 27449
[14:59:06.749] [SEVERE ] updating countdown to 27449
[14:59:07.754] [SEVERE ] updating countdown to 26444
[14:59:07.754] [SEVERE ] updating countdown to 26444
[14:59:08.764] [SEVERE ] updating countdown to 25434
[14:59:08.765] [SEVERE ] updating countdown to 25433
[14:59:09.778] [SEVERE ] updating countdown to 24420
[14:59:09.778] [SEVERE ] updating countdown to 24420
[14:59:10.780] [SEVERE ] updating countdown to 23418
[14:59:10.781] [SEVERE ] updating countdown to 23417
[14:59:11.797] [SEVERE ] updating countdown to 22401
[14:59:11.797] [SEVERE ] updating countdown to 22401
[14:59:12.811] [SEVERE ] updating countdown to 21387
[14:59:12.811] [SEVERE ] updating countdown to 21387
[14:59:13.826] [SEVERE ] updating countdown to 20372
[14:59:13.826] [SEVERE ] updating countdown to 20372
[14:59:14.831] [SEVERE ] updating countdown to 19367
[14:59:14.831] [SEVERE ] updating countdown to 19367
[14:59:15.836] [SEVERE ] updating countdown to 18362
[14:59:15.836] [SEVERE ] updating countdown to 18362
[14:59:16.845] [SEVERE ] updating countdown to 17353
[14:59:16.845] [SEVERE ] updating countdown to 17353
[14:59:17.853] [SEVERE ] updating countdown to 16345
[14:59:17.853] [SEVERE ] updating countdown to 16345
[14:59:18.860] [SEVERE ] updating countdown to 15338
[14:59:18.861] [SEVERE ] updating countdown to 15337
[14:59:19.870] [SEVERE ] updating countdown to 14328
[14:59:19.870] [SEVERE ] updating countdown to 14328
[14:59:20.877] [SEVERE ] updating countdown to 13321
[14:59:20.877] [SEVERE ] updating countdown to 13321
[14:59:21.878] [SEVERE ] updating countdown to 12320
[14:59:21.878] [SEVERE ] updating countdown to 12320
[14:59:22.893] [SEVERE ] updating countdown to 11305
[14:59:22.893] [SEVERE ] updating countdown to 11305
[14:59:23.902] [SEVERE ] updating countdown to 10296
[14:59:23.902] [SEVERE ] updating countdown to 10296
[14:59:24.910] [SEVERE ] updating countdown to 9288
[14:59:24.910] [SEVERE ] updating countdown to 9288
[14:59:25.913] [SEVERE ] updating countdown to 8285
[14:59:25.914] [SEVERE ] updating countdown to 8284
