[13:49:35.027] [INFO   ] thread bguspl.set.Main.main() starting.
[13:49:35.027] [SEVERE ] cannot read configuration file config.properties trying from resources.
[13:49:35.043] [SEVERE ] configuration file was loaded from resources directory.
[13:49:35.476] [INFO   ] thread dealer starting.
[13:49:35.477] [INFO   ] thread dealer starting.
[13:49:35.477] [SEVERE ] updating countdown to 60000
[13:49:35.595] [SEVERE ] placing card 79 in slot 0
[13:49:35.711] [SEVERE ] placing card 65 in slot 1
[13:49:35.813] [SEVERE ] placing card 24 in slot 2
[13:49:35.927] [SEVERE ] placing card 76 in slot 3
[13:49:36.031] [SEVERE ] placing card 32 in slot 4
[13:49:36.144] [SEVERE ] placing card 77 in slot 5
[13:49:36.260] [SEVERE ] placing card 3 in slot 6
[13:49:36.363] [SEVERE ] placing card 68 in slot 7
[13:49:36.477] [SEVERE ] placing card 13 in slot 8
[13:49:36.592] [SEVERE ] placing card 38 in slot 9
[13:49:36.694] [SEVERE ] placing card 69 in slot 10
[13:49:36.803] [SEVERE ] placing card 52 in slot 11
[13:49:37.253] [SEVERE ] key 81 was pressed by player 1
[13:49:37.804] [SEVERE ] updating countdown to 57673
[13:49:37.805] [SEVERE ] updating countdown to 57672
[13:49:38.409] [SEVERE ] key 87 was pressed by player 1
[13:49:38.810] [SEVERE ] updating countdown to 56667
[13:49:38.810] [SEVERE ] updating countdown to 56667
[13:49:39.825] [SEVERE ] updating countdown to 55652
[13:49:39.825] [SEVERE ] updating countdown to 55652
[13:49:40.828] [SEVERE ] updating countdown to 54649
[13:49:40.828] [SEVERE ] updating countdown to 54649
[13:49:41.841] [SEVERE ] updating countdown to 53636
[13:49:41.843] [SEVERE ] updating countdown to 53634
[13:49:42.651] [SEVERE ] key 69 was pressed by player 1
[13:49:42.845] [SEVERE ] updating countdown to 52632
[13:49:42.846] [SEVERE ] updating countdown to 52631
[13:49:43.853] [SEVERE ] updating countdown to 51624
[13:49:43.853] [SEVERE ] updating countdown to 51624
[13:49:44.854] [SEVERE ] updating countdown to 50623
[13:49:44.854] [SEVERE ] updating countdown to 50623
[13:49:45.860] [SEVERE ] updating countdown to 49617
[13:49:45.860] [SEVERE ] updating countdown to 49617
[13:49:46.877] [SEVERE ] updating countdown to 48600
[13:49:46.878] [SEVERE ] updating countdown to 48599
[13:49:47.329] [SEVERE ] key 83 was pressed by player 1
[13:49:47.879] [SEVERE ] updating countdown to 47598
[13:49:47.880] [SEVERE ] updating countdown to 47597
[13:49:48.886] [SEVERE ] updating countdown to 46591
[13:49:48.886] [SEVERE ] updating countdown to 46591
[13:49:49.894] [SEVERE ] updating countdown to 45583
[13:49:49.894] [SEVERE ] updating countdown to 45583
[13:49:50.896] [SEVERE ] updating countdown to 44581
[13:49:50.896] [SEVERE ] updating countdown to 44581
[13:49:51.911] [SEVERE ] updating countdown to 43566
[13:49:51.911] [SEVERE ] updating countdown to 43566
[13:49:52.919] [SEVERE ] updating countdown to 42558
[13:49:52.919] [SEVERE ] updating countdown to 42558
[13:49:53.921] [SEVERE ] updating countdown to 41556
[13:49:53.921] [SEVERE ] updating countdown to 41556
[13:49:54.935] [SEVERE ] updating countdown to 40542
[13:49:54.936] [SEVERE ] updating countdown to 40541
[13:49:55.937] [SEVERE ] updating countdown to 39540
[13:49:55.937] [SEVERE ] updating countdown to 39540
[13:49:56.939] [SEVERE ] updating countdown to 38538
[13:49:56.939] [SEVERE ] updating countdown to 38538
[13:49:57.941] [SEVERE ] updating countdown to 37536
[13:49:57.941] [SEVERE ] updating countdown to 37536
[13:49:58.944] [SEVERE ] updating countdown to 36533
[13:49:58.945] [SEVERE ] updating countdown to 36532
[13:49:59.960] [SEVERE ] updating countdown to 35517
[13:49:59.960] [SEVERE ] updating countdown to 35517
