[15:25:33.686] [INFO   ] thread main starting.
[15:25:33.703] [SEVERE ] cannot read configuration file config.properties trying from resources.
[15:25:33.703] [SEVERE ] configuration file was loaded from resources directory.
[15:25:34.293] [INFO   ] thread dealer starting.
[15:25:34.294] [INFO   ] thread dealer starting.
[15:25:34.294] [SEVERE ] updating countdown to 60000
[15:25:34.297] [INFO   ] thread Thread-0 starting.
[15:25:34.297] [INFO   ] thread Thread-1 starting.
[15:25:34.403] [SEVERE ] placing card 23 in slot 0
[15:25:34.517] [SEVERE ] placing card 58 in slot 1
[15:25:34.629] [SEVERE ] placing card 78 in slot 2
[15:25:34.732] [SEVERE ] placing card 66 in slot 3
[15:25:34.837] [SEVERE ] placing card 44 in slot 4
[15:25:34.950] [SEVERE ] placing card 11 in slot 5
[15:25:35.060] [SEVERE ] placing card 16 in slot 6
[15:25:35.174] [SEVERE ] placing card 65 in slot 7
[15:25:35.283] [SEVERE ] placing card 63 in slot 8
[15:25:35.397] [SEVERE ] placing card 55 in slot 9
[15:25:35.510] [SEVERE ] placing card 79 in slot 10
[15:25:35.623] [SEVERE ] placing card 13 in slot 11
[15:25:36.453] [SEVERE ] key 81 was pressed by player 1
[15:25:36.455] [SEVERE ] player 1 placing token on slot 0
[15:25:36.631] [SEVERE ] updating countdown to 57663
[15:25:36.631] [SEVERE ] updating countdown to 57663
[15:25:37.612] [SEVERE ] key 87 was pressed by player 1
[15:25:37.612] [SEVERE ] player 1 placing token on slot 1
[15:25:37.643] [SEVERE ] updating countdown to 56651
[15:25:37.643] [SEVERE ] updating countdown to 56651
[15:25:37.964] [SEVERE ] key 69 was pressed by player 1
[15:25:37.969] [SEVERE ] player 1 placing token on slot 2
[15:25:38.648] [SEVERE ] updating countdown to 55646
[15:25:38.649] [SEVERE ] updating countdown to 55645
[15:25:38.649] [SEVERE ] setting player 1 freeze to 3000
[15:25:41.655] [SEVERE ] setting player 1 freeze to 0
[15:25:42.661] [SEVERE ] updating countdown to 51633
[15:25:42.663] [SEVERE ] updating countdown to 51631
[15:25:43.669] [SEVERE ] updating countdown to 50625
[15:25:43.669] [SEVERE ] updating countdown to 50625
[15:25:43.803] [SEVERE ] key 81 was pressed by player 1
[15:25:43.813] [SEVERE ] removing player 1 token from slot 0
[15:25:44.677] [SEVERE ] updating countdown to 49617
[15:25:44.678] [SEVERE ] updating countdown to 49616
[15:25:44.682] [INFO   ] thread dealer terminated.
[15:25:49.685] [SEVERE ] thanks for playing... it was fun!
[15:25:49.686] [INFO   ] thread main terminated.
[15:25:49.686] [SEVERE ] disposing of user interface elements
