[13:51:36.984] [INFO   ] thread bguspl.set.Main.main() starting.
[13:51:36.984] [SEVERE ] cannot read configuration file config.properties trying from resources.
[13:51:36.984] [SEVERE ] configuration file was loaded from resources directory.
[13:51:37.402] [INFO   ] thread dealer starting.
[13:51:37.402] [INFO   ] thread dealer starting.
[13:51:37.402] [SEVERE ] updating countdown to 60000
[13:51:37.524] [SEVERE ] placing card 76 in slot 0
[13:51:37.634] [SEVERE ] placing card 78 in slot 1
[13:51:37.749] [SEVERE ] placing card 31 in slot 2
[13:51:37.860] [SEVERE ] placing card 59 in slot 3
[13:51:37.969] [SEVERE ] placing card 56 in slot 4
[13:51:38.080] [SEVERE ] placing card 15 in slot 5
[13:51:38.191] [SEVERE ] placing card 18 in slot 6
[13:51:38.302] [SEVERE ] placing card 7 in slot 7
[13:51:38.412] [SEVERE ] placing card 49 in slot 8
[13:51:38.522] [SEVERE ] placing card 38 in slot 9
[13:51:38.632] [SEVERE ] placing card 61 in slot 10
[13:51:38.743] [SEVERE ] placing card 48 in slot 11
[13:51:39.749] [SEVERE ] updating countdown to 57653
[13:51:39.749] [SEVERE ] updating countdown to 57653
[13:51:39.749] [SEVERE ] key 87 was pressed by player 1
[13:51:40.760] [SEVERE ] updating countdown to 56642
[13:51:40.760] [SEVERE ] updating countdown to 56642
[13:51:41.211] [SEVERE ] key 87 was pressed by player 1
[13:51:41.764] [SEVERE ] updating countdown to 55638
[13:51:41.764] [SEVERE ] updating countdown to 55638
[13:51:41.921] [SEVERE ] key 81 was pressed by player 1
[13:51:42.571] [SEVERE ] key 87 was pressed by player 1
[13:51:42.766] [SEVERE ] updating countdown to 54636
[13:51:42.766] [SEVERE ] updating countdown to 54636
[13:51:43.769] [SEVERE ] updating countdown to 53633
[13:51:43.769] [SEVERE ] updating countdown to 53633
[13:51:44.773] [SEVERE ] updating countdown to 52629
[13:51:44.773] [SEVERE ] updating countdown to 52629
[13:51:45.783] [SEVERE ] updating countdown to 51619
[13:51:45.784] [SEVERE ] updating countdown to 51618
[13:51:46.785] [SEVERE ] updating countdown to 50617
[13:51:46.785] [SEVERE ] updating countdown to 50617
[13:51:47.799] [SEVERE ] updating countdown to 49603
[13:51:47.799] [SEVERE ] updating countdown to 49603
[13:51:48.801] [SEVERE ] updating countdown to 48601
[13:51:48.801] [SEVERE ] updating countdown to 48601
[13:51:49.804] [SEVERE ] updating countdown to 47598
[13:51:49.804] [SEVERE ] updating countdown to 47598
[13:51:50.810] [SEVERE ] updating countdown to 46592
[13:51:50.810] [SEVERE ] updating countdown to 46592
[13:51:51.816] [SEVERE ] updating countdown to 45586
[13:51:51.816] [SEVERE ] updating countdown to 45586
[13:51:52.823] [SEVERE ] updating countdown to 44579
[13:51:52.823] [SEVERE ] updating countdown to 44579
[13:51:53.834] [SEVERE ] updating countdown to 43568
[13:51:53.834] [SEVERE ] updating countdown to 43568
[13:51:54.836] [SEVERE ] updating countdown to 42566
[13:51:54.836] [SEVERE ] updating countdown to 42566
