[14:03:10.648] [INFO   ] thread main starting.
[14:03:10.653] [SEVERE ] cannot read configuration file config.properties trying from resources.
[14:03:10.653] [SEVERE ] configuration file was loaded from resources directory.
[14:03:11.069] [INFO   ] thread dealer starting.
[14:03:11.069] [INFO   ] thread dealer starting.
[14:03:11.069] [SEVERE ] updating countdown to 60000
[14:03:11.069] [INFO   ] thread Thread-0 starting.
[14:03:11.069] [INFO   ] thread Thread-1 starting.
[14:03:11.176] [SEVERE ] placing card 47 in slot 0
[14:03:11.292] [SEVERE ] placing card 34 in slot 1
[14:03:11.400] [SEVERE ] placing card 55 in slot 2
[14:03:11.504] [SEVERE ] placing card 64 in slot 3
[14:03:11.614] [SEVERE ] placing card 23 in slot 4
[14:03:11.726] [SEVERE ] placing card 2 in slot 5
[14:03:11.836] [SEVERE ] placing card 70 in slot 6
[14:03:11.946] [SEVERE ] placing card 49 in slot 7
[14:03:12.057] [SEVERE ] placing card 65 in slot 8
[14:03:12.166] [SEVERE ] placing card 10 in slot 9
[14:03:12.277] [SEVERE ] placing card 22 in slot 10
[14:03:12.390] [SEVERE ] placing card 44 in slot 11
[14:03:13.394] [SEVERE ] updating countdown to 57675
[14:03:13.394] [SEVERE ] updating countdown to 57675
[14:03:14.396] [SEVERE ] updating countdown to 56673
[14:03:14.396] [SEVERE ] updating countdown to 56673
[14:03:15.397] [SEVERE ] updating countdown to 55672
[14:03:15.397] [SEVERE ] updating countdown to 55672
