[15:13:50.039] [INFO   ] thread main starting.
[15:13:50.053] [SEVERE ] cannot read configuration file config.properties trying from resources.
[15:13:50.056] [SEVERE ] configuration file was loaded from resources directory.
[15:13:50.822] [INFO   ] thread dealer starting.
[15:13:50.822] [INFO   ] thread dealer starting.
[15:13:50.823] [SEVERE ] updating countdown to 60000
[15:13:50.826] [INFO   ] thread Thread-0 starting.
[15:13:50.826] [INFO   ] thread Thread-1 starting.
[15:13:50.939] [SEVERE ] placing card 19 in slot 0
[15:13:51.048] [SEVERE ] placing card 54 in slot 1
[15:13:51.155] [SEVERE ] placing card 49 in slot 2
[15:13:51.264] [SEVERE ] placing card 60 in slot 3
[15:13:51.373] [SEVERE ] placing card 11 in slot 4
[15:13:51.482] [SEVERE ] placing card 37 in slot 5
[15:13:51.591] [SEVERE ] placing card 0 in slot 6
[15:13:51.698] [SEVERE ] placing card 16 in slot 7
[15:13:51.805] [SEVERE ] placing card 72 in slot 8
[15:13:51.912] [SEVERE ] placing card 51 in slot 9
[15:13:52.019] [SEVERE ] placing card 3 in slot 10
[15:13:52.128] [SEVERE ] placing card 21 in slot 11
[15:13:53.137] [SEVERE ] updating countdown to 57686
[15:13:53.138] [SEVERE ] updating countdown to 57685
[15:13:54.149] [SEVERE ] updating countdown to 56674
[15:13:54.150] [SEVERE ] updating countdown to 56673
[15:13:55.159] [SEVERE ] updating countdown to 55664
[15:13:55.161] [SEVERE ] updating countdown to 55662
[15:13:56.166] [SEVERE ] updating countdown to 54657
[15:13:56.166] [SEVERE ] updating countdown to 54657
[15:13:56.699] [SEVERE ] key 81 was pressed by player 1
[15:13:56.701] [SEVERE ] player 1 placing token on slot 0
[15:13:57.172] [SEVERE ] updating countdown to 53651
[15:13:57.173] [SEVERE ] updating countdown to 53650
[15:13:57.493] [SEVERE ] key 87 was pressed by player 1
[15:13:57.494] [SEVERE ] player 1 placing token on slot 1
[15:13:58.085] [SEVERE ] key 69 was pressed by player 1
[15:13:58.086] [SEVERE ] player 1 placing token on slot 2
[15:13:58.183] [SEVERE ] updating countdown to 52640
[15:13:58.184] [SEVERE ] updating countdown to 52639
[15:13:58.184] [SEVERE ] setting player 1 freeze to 3000
[15:14:01.190] [SEVERE ] setting player 1 freeze to 0
[15:14:02.201] [SEVERE ] updating countdown to 48622
[15:14:02.202] [SEVERE ] updating countdown to 48621
[15:14:03.202] [SEVERE ] updating countdown to 47621
[15:14:03.203] [SEVERE ] updating countdown to 47620
[15:14:04.208] [SEVERE ] updating countdown to 46615
[15:14:04.209] [SEVERE ] updating countdown to 46614
[15:14:04.367] [SEVERE ] key 81 was pressed by player 1
[15:14:04.368] [SEVERE ] removing player 1 token from slot 0
[15:14:05.219] [SEVERE ] updating countdown to 45604
[15:14:05.221] [SEVERE ] updating countdown to 45602
[15:14:06.230] [SEVERE ] updating countdown to 44593
[15:14:06.231] [SEVERE ] updating countdown to 44592
[15:14:07.240] [SEVERE ] updating countdown to 43583
[15:14:07.241] [SEVERE ] updating countdown to 43582
[15:14:07.815] [SEVERE ] key 87 was pressed by player 1
[15:14:07.816] [SEVERE ] player 1 placing token on slot 1
[15:14:08.253] [SEVERE ] updating countdown to 42570
[15:14:08.254] [SEVERE ] updating countdown to 42569
[15:14:08.254] [SEVERE ] setting player 1 freeze to 3000
[15:14:10.097] [SEVERE ] key 87 was pressed by player 1
[15:14:10.098] [SEVERE ] removing player 1 token from slot 1
[15:14:11.256] [SEVERE ] setting player 1 freeze to 0
[15:14:12.266] [SEVERE ] updating countdown to 38557
[15:14:12.266] [SEVERE ] updating countdown to 38557
[15:14:13.274] [SEVERE ] updating countdown to 37549
[15:14:13.274] [SEVERE ] updating countdown to 37549
[15:14:13.535] [SEVERE ] key 69 was pressed by player 1
[15:14:13.537] [SEVERE ] player 1 placing token on slot 2
[15:14:14.162] [SEVERE ] key 69 was pressed by player 1
[15:14:14.286] [SEVERE ] updating countdown to 36537
[15:14:14.287] [SEVERE ] updating countdown to 36536
[15:14:14.287] [SEVERE ] setting player 1 freeze to 3000
[15:14:14.736] [SEVERE ] key 69 was pressed by player 1
[15:14:14.738] [SEVERE ] removing player 1 token from slot 2
[15:14:17.292] [SEVERE ] setting player 1 freeze to 0
[15:14:18.297] [SEVERE ] updating countdown to 32526
[15:14:18.297] [SEVERE ] updating countdown to 32526
[15:14:19.300] [SEVERE ] updating countdown to 31523
[15:14:19.300] [SEVERE ] updating countdown to 31523
[15:14:20.302] [SEVERE ] updating countdown to 30521
[15:14:20.302] [SEVERE ] updating countdown to 30521
[15:14:21.306] [SEVERE ] updating countdown to 29517
[15:14:21.306] [SEVERE ] updating countdown to 29517
[15:14:22.309] [SEVERE ] updating countdown to 28514
[15:14:22.309] [SEVERE ] updating countdown to 28514
[15:14:23.311] [SEVERE ] updating countdown to 27512
[15:14:23.311] [SEVERE ] updating countdown to 27512
[15:14:24.312] [SEVERE ] updating countdown to 26511
[15:14:24.312] [SEVERE ] updating countdown to 26511
