[14:32:15.120] [INFO   ] thread main starting.
[14:32:15.136] [SEVERE ] cannot read configuration file config.properties trying from resources.
[14:32:15.139] [SEVERE ] configuration file was loaded from resources directory.
[14:32:15.990] [INFO   ] thread dealer starting.
[14:32:15.992] [INFO   ] thread dealer starting.
[14:32:15.993] [SEVERE ] updating countdown to 60000
[14:32:15.996] [INFO   ] thread Thread-0 starting.
[14:32:15.996] [INFO   ] thread Thread-1 starting.
[14:32:16.119] [SEVERE ] placing card 4 in slot 0
[14:32:16.228] [SEVERE ] placing card 40 in slot 1
[14:32:16.335] [SEVERE ] placing card 0 in slot 2
[14:32:16.444] [SEVERE ] placing card 25 in slot 3
[14:32:16.553] [SEVERE ] placing card 72 in slot 4
[14:32:16.662] [SEVERE ] placing card 54 in slot 5
[14:32:16.771] [SEVERE ] placing card 38 in slot 6
[14:32:16.880] [SEVERE ] placing card 34 in slot 7
[14:32:16.989] [SEVERE ] placing card 56 in slot 8
[14:32:17.099] [SEVERE ] placing card 9 in slot 9
[14:32:17.208] [SEVERE ] placing card 53 in slot 10
[14:32:17.317] [SEVERE ] placing card 33 in slot 11
[14:32:18.003] [SEVERE ] key 81 was pressed by player 1
[14:32:18.005] [SEVERE ] player 1 placing token on slot 0
[14:32:18.326] [SEVERE ] updating countdown to 57667
[14:32:18.326] [SEVERE ] updating countdown to 57667
[14:32:18.415] [SEVERE ] key 87 was pressed by player 1
[14:32:18.417] [SEVERE ] player 1 placing token on slot 1
[14:32:19.134] [SEVERE ] key 69 was pressed by player 1
[14:32:19.136] [SEVERE ] player 1 placing token on slot 2
[14:32:19.336] [SEVERE ] updating countdown to 56657
[14:32:19.337] [SEVERE ] updating countdown to 56656
[14:32:19.337] [SEVERE ] setting player 1 freeze to 3000
[14:32:22.341] [SEVERE ] setting player 1 freeze to 0
[14:32:23.348] [SEVERE ] updating countdown to 52645
[14:32:23.349] [SEVERE ] updating countdown to 52644
[14:32:24.363] [SEVERE ] updating countdown to 51630
[14:32:24.364] [SEVERE ] updating countdown to 51629
[14:32:25.377] [SEVERE ] updating countdown to 50616
[14:32:25.377] [SEVERE ] updating countdown to 50616
[14:32:26.392] [SEVERE ] updating countdown to 49601
[14:32:26.393] [SEVERE ] updating countdown to 49601
[14:32:27.402] [SEVERE ] updating countdown to 48591
[14:32:27.403] [SEVERE ] updating countdown to 48590
[14:32:27.850] [SEVERE ] key 87 was pressed by player 1
[14:32:28.242] [SEVERE ] key 87 was pressed by player 1
[14:32:28.412] [SEVERE ] updating countdown to 47581
[14:32:28.412] [SEVERE ] updating countdown to 47581
[14:32:28.749] [SEVERE ] key 87 was pressed by player 1
[14:32:29.154] [SEVERE ] key 87 was pressed by player 1
[14:32:29.425] [SEVERE ] updating countdown to 46568
[14:32:29.425] [SEVERE ] updating countdown to 46568
[14:32:30.437] [SEVERE ] updating countdown to 45556
[14:32:30.438] [SEVERE ] updating countdown to 45555
[14:32:31.452] [SEVERE ] updating countdown to 44541
[14:32:31.452] [SEVERE ] updating countdown to 44541
[14:32:32.461] [SEVERE ] updating countdown to 43532
[14:32:32.461] [SEVERE ] updating countdown to 43532
