[13:05:08.222] [INFO   ] thread bguspl.set.Main.main() starting.
[13:05:08.229] [SEVERE ] cannot read configuration file config.properties trying from resources.
[13:05:08.231] [SEVERE ] configuration file was loaded from resources directory.
[13:05:08.880] [INFO   ] thread dealer starting.
[13:05:08.881] [INFO   ] thread dealer starting.
[13:05:08.881] [SEVERE ] updating countdown to 60000
[13:05:09.003] [SEVERE ] placing card 0 in slot 0
[13:05:09.111] [SEVERE ] placing card 9 in slot 1
[13:05:09.219] [SEVERE ] placing card 1 in slot 2
[13:05:09.328] [SEVERE ] placing card 26 in slot 3
[13:05:09.437] [SEVERE ] placing card 28 in slot 4
[13:05:09.546] [SEVERE ] placing card 62 in slot 5
[13:05:09.657] [SEVERE ] placing card 42 in slot 6
[13:05:09.766] [SEVERE ] placing card 69 in slot 7
[13:05:09.876] [SEVERE ] placing card 66 in slot 8
[13:05:09.985] [SEVERE ] placing card 32 in slot 9
[13:05:10.094] [SEVERE ] placing card 73 in slot 10
[13:05:10.202] [SEVERE ] placing card 76 in slot 11
[13:05:11.211] [SEVERE ] updating countdown to 57670
[13:05:11.212] [SEVERE ] updating countdown to 57669
[13:05:12.221] [SEVERE ] updating countdown to 56660
[13:05:12.221] [SEVERE ] updating countdown to 56660
[13:05:13.226] [SEVERE ] updating countdown to 55655
[13:05:13.226] [SEVERE ] updating countdown to 55655
[13:05:14.228] [SEVERE ] updating countdown to 54653
[13:05:14.228] [SEVERE ] updating countdown to 54653
[13:05:15.241] [SEVERE ] updating countdown to 53640
[13:05:15.243] [SEVERE ] updating countdown to 53638
[13:05:16.248] [SEVERE ] updating countdown to 52633
[13:05:16.249] [SEVERE ] updating countdown to 52632
[13:05:17.264] [SEVERE ] updating countdown to 51617
[13:05:17.266] [SEVERE ] updating countdown to 51615
[13:05:18.276] [SEVERE ] updating countdown to 50605
[13:05:18.276] [SEVERE ] updating countdown to 50605
[13:05:19.292] [SEVERE ] updating countdown to 49589
[13:05:19.293] [SEVERE ] updating countdown to 49588
[13:05:20.301] [SEVERE ] updating countdown to 48580
[13:05:20.301] [SEVERE ] updating countdown to 48580
