[15:01:50.048] [INFO   ] thread main starting.
[15:01:50.054] [SEVERE ] cannot read configuration file config.properties trying from resources.
[15:01:50.056] [SEVERE ] configuration file was loaded from resources directory.
[15:01:50.626] [INFO   ] thread dealer starting.
[15:01:50.627] [INFO   ] thread dealer starting.
[15:01:50.628] [SEVERE ] updating countdown to 60000
[15:01:50.631] [INFO   ] thread Thread-1 starting.
[15:01:50.631] [INFO   ] thread Thread-0 starting.
[15:01:50.746] [SEVERE ] placing card 43 in slot 0
[15:01:50.857] [SEVERE ] placing card 20 in slot 1
[15:01:50.966] [SEVERE ] placing card 3 in slot 2
[15:01:51.074] [SEVERE ] placing card 6 in slot 3
[15:01:51.182] [SEVERE ] placing card 35 in slot 4
[15:01:51.291] [SEVERE ] placing card 28 in slot 5
[15:01:51.401] [SEVERE ] placing card 22 in slot 6
[15:01:51.510] [SEVERE ] placing card 14 in slot 7
[15:01:51.617] [SEVERE ] placing card 32 in slot 8
[15:01:51.726] [SEVERE ] placing card 46 in slot 9
[15:01:51.835] [SEVERE ] placing card 79 in slot 10
[15:01:51.942] [SEVERE ] placing card 70 in slot 11
[15:01:52.955] [SEVERE ] updating countdown to 57673
[15:01:52.956] [SEVERE ] updating countdown to 57672
[15:01:53.968] [SEVERE ] updating countdown to 56660
[15:01:53.968] [SEVERE ] updating countdown to 56660
[15:01:54.171] [SEVERE ] key 81 was pressed by player 1
[15:01:54.173] [SEVERE ] player 1 placing token on slot 0
[15:01:54.482] [SEVERE ] key 65 was pressed by player 1
[15:01:54.484] [SEVERE ] player 1 placing token on slot 4
[15:01:54.982] [SEVERE ] updating countdown to 55646
[15:01:54.982] [SEVERE ] updating countdown to 55646
[15:01:55.715] [SEVERE ] key 83 was pressed by player 1
[15:01:55.716] [SEVERE ] player 1 placing token on slot 5
[15:01:55.996] [SEVERE ] updating countdown to 54632
[15:01:55.997] [SEVERE ] updating countdown to 54631
[15:01:55.997] [SEVERE ] setting player 1 freeze to 3000
[15:01:59.004] [SEVERE ] setting player 1 freeze to 0
[15:02:00.010] [SEVERE ] updating countdown to 50618
[15:02:00.010] [SEVERE ] updating countdown to 50618
[15:02:00.106] [SEVERE ] key 65 was pressed by player 1
[15:02:00.107] [SEVERE ] removing player 1 token from slot 4
[15:02:01.023] [SEVERE ] updating countdown to 49605
[15:02:01.023] [SEVERE ] updating countdown to 49605
[15:02:02.031] [SEVERE ] updating countdown to 48597
[15:02:02.031] [SEVERE ] updating countdown to 48597
[15:02:02.698] [SEVERE ] key 83 was pressed by player 1
[15:02:02.700] [SEVERE ] player 1 placing token on slot 5
[15:02:03.045] [SEVERE ] updating countdown to 47583
[15:02:03.045] [SEVERE ] updating countdown to 47583
[15:02:03.045] [SEVERE ] setting player 1 freeze to 3000
[15:02:06.060] [SEVERE ] setting player 1 freeze to 0
[15:02:06.667] [SEVERE ] key 83 was pressed by player 1
[15:02:06.668] [SEVERE ] removing player 1 token from slot 5
[15:02:07.061] [SEVERE ] updating countdown to 43567
[15:02:07.061] [SEVERE ] updating countdown to 43567
[15:02:08.069] [SEVERE ] updating countdown to 42559
[15:02:08.069] [SEVERE ] updating countdown to 42559
[15:02:09.075] [SEVERE ] updating countdown to 41553
[15:02:09.076] [SEVERE ] updating countdown to 41552
[15:02:09.139] [SEVERE ] key 81 was pressed by player 1
[15:02:09.140] [SEVERE ] player 1 placing token on slot 0
[15:02:10.087] [SEVERE ] updating countdown to 40541
[15:02:10.087] [SEVERE ] updating countdown to 40541
[15:02:10.088] [SEVERE ] setting player 1 freeze to 3000
[15:02:10.542] [SEVERE ] key 81 was pressed by player 1
[15:02:10.544] [SEVERE ] removing player 1 token from slot 0
[15:02:13.098] [SEVERE ] setting player 1 freeze to 0
[15:02:13.462] [SEVERE ] key 81 was pressed by player 1
[15:02:13.929] [SEVERE ] key 81 was pressed by player 1
[15:02:13.931] [SEVERE ] removing player 1 token from slot 0
[15:02:14.111] [SEVERE ] updating countdown to 36517
[15:02:14.111] [SEVERE ] updating countdown to 36517
[15:02:14.824] [SEVERE ] key 81 was pressed by player 1
[15:02:14.826] [SEVERE ] player 1 placing token on slot 0
[15:02:15.124] [SEVERE ] updating countdown to 35504
[15:02:15.124] [SEVERE ] updating countdown to 35504
[15:02:16.139] [SEVERE ] updating countdown to 34489
[15:02:16.139] [SEVERE ] updating countdown to 34489
[15:02:17.149] [SEVERE ] updating countdown to 33479
[15:02:17.149] [SEVERE ] updating countdown to 33479
[15:02:17.882] [SEVERE ] key 87 was pressed by player 1
[15:02:17.884] [SEVERE ] player 1 placing token on slot 1
[15:02:18.160] [SEVERE ] updating countdown to 32468
[15:02:18.160] [SEVERE ] updating countdown to 32468
[15:02:18.368] [SEVERE ] key 69 was pressed by player 1
[15:02:18.826] [SEVERE ] key 69 was pressed by player 1
[15:02:19.170] [SEVERE ] updating countdown to 31458
[15:02:19.170] [SEVERE ] updating countdown to 31458
[15:02:19.322] [SEVERE ] key 69 was pressed by player 1
[15:02:20.180] [SEVERE ] updating countdown to 30448
[15:02:20.180] [SEVERE ] updating countdown to 30448
[15:02:20.513] [SEVERE ] key 69 was pressed by player 1
[15:02:20.894] [SEVERE ] key 65 was pressed by player 1
[15:02:21.192] [SEVERE ] updating countdown to 29436
[15:02:21.192] [SEVERE ] updating countdown to 29436
[15:02:21.433] [SEVERE ] key 83 was pressed by player 1
[15:02:21.434] [SEVERE ] removing player 1 token from slot 5
[15:02:21.948] [SEVERE ] key 68 was pressed by player 1
[15:02:21.949] [SEVERE ] player 1 placing token on slot 6
[15:02:22.204] [SEVERE ] updating countdown to 28424
[15:02:22.205] [SEVERE ] updating countdown to 28423
[15:02:22.205] [SEVERE ] setting player 1 freeze to 3000
[15:02:25.214] [SEVERE ] setting player 1 freeze to 0
[15:02:26.224] [SEVERE ] updating countdown to 24404
[15:02:26.224] [SEVERE ] updating countdown to 24404
[15:02:27.236] [SEVERE ] updating countdown to 23392
[15:02:27.236] [SEVERE ] updating countdown to 23392
[15:02:28.248] [SEVERE ] updating countdown to 22380
[15:02:28.248] [SEVERE ] updating countdown to 22380
[15:02:28.728] [SEVERE ] exit button pressed
[15:02:28.730] [SEVERE ] disposing of user interface elements
[15:02:28.730] [INFO   ] thread Thread-1 terminated.
[15:02:28.730] [INFO   ] thread Thread-0 terminated.
