[14:26:46.421] [INFO   ] thread main starting.
[14:26:46.437] [SEVERE ] cannot read configuration file config.properties trying from resources.
[14:26:46.444] [SEVERE ] configuration file was loaded from resources directory.
[14:26:47.561] [INFO   ] thread dealer starting.
[14:26:47.562] [INFO   ] thread dealer starting.
[14:26:47.562] [SEVERE ] updating countdown to 60000
[14:26:47.565] [INFO   ] thread Thread-1 starting.
[14:26:47.565] [INFO   ] thread Thread-0 starting.
[14:26:47.685] [SEVERE ] placing card 72 in slot 0
[14:26:47.793] [SEVERE ] placing card 79 in slot 1
[14:26:47.901] [SEVERE ] placing card 31 in slot 2
[14:26:48.009] [SEVERE ] placing card 53 in slot 3
[14:26:48.118] [SEVERE ] placing card 1 in slot 4
[14:26:48.227] [SEVERE ] placing card 10 in slot 5
[14:26:48.336] [SEVERE ] placing card 48 in slot 6
[14:26:48.444] [SEVERE ] placing card 56 in slot 7
[14:26:48.553] [SEVERE ] placing card 80 in slot 8
[14:26:48.661] [SEVERE ] placing card 67 in slot 9
[14:26:48.770] [SEVERE ] placing card 35 in slot 10
[14:26:48.879] [SEVERE ] placing card 46 in slot 11
[14:26:49.737] [SEVERE ] key 81 was pressed by player 1
[14:26:49.739] [SEVERE ] player 1 placing token on slot 0
[14:26:49.893] [SEVERE ] updating countdown to 57669
[14:26:49.893] [SEVERE ] updating countdown to 57669
[14:26:50.074] [SEVERE ] key 87 was pressed by player 1
[14:26:50.075] [SEVERE ] player 1 placing token on slot 1
[14:26:50.901] [SEVERE ] updating countdown to 56661
[14:26:50.901] [SEVERE ] updating countdown to 56661
[14:26:50.991] [SEVERE ] key 69 was pressed by player 1
[14:26:50.993] [SEVERE ] player 1 placing token on slot 2
[14:26:51.907] [SEVERE ] updating countdown to 55655
[14:26:51.907] [SEVERE ] updating countdown to 55655
[14:26:51.907] [SEVERE ] setting player 1 freeze to 3000
[14:26:54.919] [SEVERE ] setting player 1 freeze to 0
[14:26:55.923] [SEVERE ] updating countdown to 51639
[14:26:55.923] [SEVERE ] updating countdown to 51639
[14:26:56.931] [SEVERE ] updating countdown to 50631
[14:26:56.932] [SEVERE ] updating countdown to 50630
[14:26:57.941] [SEVERE ] updating countdown to 49621
[14:26:57.941] [SEVERE ] updating countdown to 49621
[14:26:58.951] [SEVERE ] updating countdown to 48611
[14:26:58.952] [SEVERE ] updating countdown to 48610
[14:26:59.957] [SEVERE ] updating countdown to 47605
[14:26:59.958] [SEVERE ] updating countdown to 47604
[14:27:00.966] [SEVERE ] updating countdown to 46596
[14:27:00.967] [SEVERE ] updating countdown to 46595
[14:27:01.975] [SEVERE ] updating countdown to 45587
[14:27:01.975] [SEVERE ] updating countdown to 45587
[14:27:02.976] [SEVERE ] updating countdown to 44586
[14:27:02.977] [SEVERE ] updating countdown to 44585
[14:27:03.985] [SEVERE ] updating countdown to 43577
[14:27:03.985] [SEVERE ] updating countdown to 43577
[14:27:04.995] [SEVERE ] updating countdown to 42567
[14:27:04.996] [SEVERE ] updating countdown to 42566
[14:27:06.010] [SEVERE ] updating countdown to 41552
[14:27:06.011] [SEVERE ] updating countdown to 41551
[14:27:07.019] [SEVERE ] updating countdown to 40543
[14:27:07.019] [SEVERE ] updating countdown to 40543
