[20:53:46.110] [INFO   ] thread main starting.
[20:53:46.116] [SEVERE ] cannot read configuration file config.properties trying from resources.
[20:53:46.117] [SEVERE ] configuration file was loaded from resources directory.
[20:53:46.470] [INFO   ] thread dealer starting.
[20:53:46.470] [INFO   ] thread dealer starting.
[20:53:46.470] [SEVERE ] updating countdown to 60000
[20:53:46.470] [INFO   ] thread Thread-0 starting.
[20:53:46.470] [INFO   ] thread Thread-1 starting.
[20:53:46.470] [INFO   ] thread computer-1 starting.
[20:53:46.470] [SEVERE ] player 2 placing token on slot 8
[20:53:46.470] [SEVERE ] player 2 placing token on slot 10
[20:53:46.470] [SEVERE ] player 2 placing token on slot 9
[20:53:46.977] [SEVERE ] updating countdown to 59493
[20:53:47.087] [SEVERE ] placing card 0 in slot 0
[20:53:47.196] [SEVERE ] placing card 33 in slot 1
[20:53:47.306] [SEVERE ] placing card 8 in slot 2
[20:53:47.415] [SEVERE ] placing card 36 in slot 3
[20:53:47.526] [SEVERE ] placing card 58 in slot 4
[20:53:47.635] [SEVERE ] placing card 24 in slot 5
[20:53:47.745] [SEVERE ] placing card 22 in slot 6
[20:53:47.855] [SEVERE ] placing card 31 in slot 7
[20:53:47.965] [SEVERE ] placing card 15 in slot 8
[20:53:48.075] [SEVERE ] placing card 45 in slot 9
[20:53:48.186] [SEVERE ] placing card 25 in slot 10
[20:53:48.296] [SEVERE ] placing card 53 in slot 11
[20:53:48.296] [SEVERE ] updating countdown to 58174
[20:53:49.302] [SEVERE ] updating countdown to 57168
[20:53:49.302] [SEVERE ] setting player 2 freeze to 3000
[20:53:52.304] [SEVERE ] setting player 2 freeze to 3000
[20:53:52.304] [SEVERE ] removing player 2 token from slot 10
[20:53:52.304] [SEVERE ] updating countdown to 54166
[20:53:52.304] [SEVERE ] player 2 placing token on slot 10
[20:53:53.308] [SEVERE ] updating countdown to 53162
[20:53:53.308] [SEVERE ] setting player 2 freeze to 1996
[20:53:53.308] [SEVERE ] setting player 2 freeze to 3000
[20:53:56.316] [SEVERE ] setting player 2 freeze to 3000
[20:53:56.316] [SEVERE ] updating countdown to 50154
[20:53:56.316] [SEVERE ] removing player 2 token from slot 10
[20:53:56.316] [SEVERE ] player 2 placing token on slot 5
[20:53:57.322] [SEVERE ] updating countdown to 49148
[20:53:57.322] [SEVERE ] setting player 2 freeze to 1994
[20:53:57.322] [SEVERE ] setting player 2 freeze to 3000
[20:54:00.324] [SEVERE ] setting player 2 freeze to 3000
[20:54:00.324] [SEVERE ] updating countdown to 46146
[20:54:00.324] [SEVERE ] removing player 2 token from slot 8
[20:54:00.324] [SEVERE ] player 2 placing token on slot 6
[20:54:01.328] [SEVERE ] updating countdown to 45142
[20:54:01.328] [SEVERE ] setting player 2 freeze to 1996
[20:54:01.328] [SEVERE ] setting player 2 freeze to 3000
[20:54:04.339] [SEVERE ] setting player 2 freeze to 3000
[20:54:04.339] [SEVERE ] removing player 2 token from slot 5
[20:54:04.339] [SEVERE ] updating countdown to 42131
[20:54:04.339] [SEVERE ] player 2 placing token on slot 8
[20:54:05.343] [SEVERE ] updating countdown to 41127
[20:54:05.343] [SEVERE ] setting player 2 freeze to 1996
[20:54:05.343] [SEVERE ] setting player 2 freeze to 3000
[20:54:06.415] [SEVERE ] key 81 was pressed by player 1
[20:54:06.415] [SEVERE ] player 1 placing token on slot 0
[20:54:06.808] [SEVERE ] key 87 was pressed by player 1
[20:54:06.808] [SEVERE ] player 1 placing token on slot 1
[20:54:07.514] [SEVERE ] key 69 was pressed by player 1
[20:54:07.514] [SEVERE ] player 1 placing token on slot 2
[20:54:08.348] [SEVERE ] setting player 2 freeze to 3000
[20:54:08.348] [SEVERE ] updating countdown to 38122
[20:54:08.348] [SEVERE ] removing player 2 token from slot 8
[20:54:08.348] [SEVERE ] player 2 placing token on slot 1
[20:54:09.357] [SEVERE ] updating countdown to 37113
[20:54:09.357] [SEVERE ] setting player 2 freeze to 1991
[20:54:09.357] [SEVERE ] setting player 1 freeze to 3000
[20:54:11.344] [SEVERE ] key 69 was pressed by player 1
[20:54:12.364] [SEVERE ] setting player 1 freeze to 3000
[20:54:12.364] [SEVERE ] setting player 2 freeze to 0
[20:54:12.364] [SEVERE ] updating countdown to 34106
[20:54:13.375] [SEVERE ] updating countdown to 33095
[20:54:13.375] [SEVERE ] setting player 1 freeze to 1989
[20:54:13.375] [SEVERE ] setting player 2 freeze to 3000
[20:54:14.046] [SEVERE ] key 69 was pressed by player 1
[20:54:14.046] [SEVERE ] removing player 1 token from slot 2
[20:54:14.486] [SEVERE ] key 87 was pressed by player 1
[20:54:14.486] [SEVERE ] removing player 1 token from slot 1
[20:54:14.769] [SEVERE ] key 81 was pressed by player 1
[20:54:14.769] [SEVERE ] removing player 1 token from slot 0
[20:54:16.378] [SEVERE ] setting player 1 freeze to 0
[20:54:16.378] [SEVERE ] removing player 2 token from slot 6
[20:54:16.378] [SEVERE ] player 2 placing token on slot 6
[20:54:16.378] [SEVERE ] setting player 2 freeze to 3000
[20:54:16.378] [SEVERE ] updating countdown to 30092
[20:54:16.990] [SEVERE ] key 81 was pressed by player 1
[20:54:16.990] [SEVERE ] player 1 placing token on slot 0
[20:54:17.387] [SEVERE ] updating countdown to 29083
[20:54:17.387] [SEVERE ] setting player 2 freeze to 1991
[20:54:17.387] [SEVERE ] setting player 2 freeze to 3000
[20:54:17.477] [SEVERE ] key 87 was pressed by player 1
[20:54:17.477] [SEVERE ] player 1 placing token on slot 1
[20:54:18.010] [SEVERE ] key 69 was pressed by player 1
[20:54:18.010] [SEVERE ] player 1 placing token on slot 2
[20:54:20.398] [SEVERE ] setting player 2 freeze to 3000
[20:54:20.398] [SEVERE ] removing player 2 token from slot 6
[20:54:20.398] [SEVERE ] updating countdown to 26072
[20:54:20.399] [SEVERE ] player 2 placing token on slot 7
[20:54:21.278] [SEVERE ] key 87 was pressed by player 1
[20:54:21.404] [SEVERE ] updating countdown to 25066
[20:54:21.404] [SEVERE ] setting player 2 freeze to 1994
[20:54:21.404] [SEVERE ] setting player 1 freeze to 3000
[20:54:21.887] [SEVERE ] key 81 was pressed by player 1
[20:54:22.955] [SEVERE ] key 81 was pressed by player 1
[20:54:24.418] [SEVERE ] setting player 1 freeze to 3000
[20:54:24.418] [SEVERE ] setting player 2 freeze to 0
[20:54:24.418] [SEVERE ] updating countdown to 22052
[20:54:25.406] [SEVERE ] key 81 was pressed by player 1
[20:54:25.406] [SEVERE ] removing player 1 token from slot 0
[20:54:25.421] [SEVERE ] updating countdown to 21049
[20:54:25.421] [SEVERE ] setting player 1 freeze to 1997
[20:54:25.421] [SEVERE ] setting player 2 freeze to 3000
[20:54:25.948] [SEVERE ] key 87 was pressed by player 1
[20:54:25.948] [SEVERE ] removing player 1 token from slot 1
[20:54:26.371] [SEVERE ] key 69 was pressed by player 1
[20:54:26.371] [SEVERE ] removing player 1 token from slot 2
[20:54:28.426] [SEVERE ] setting player 1 freeze to 0
[20:54:28.426] [SEVERE ] removing player 2 token from slot 1
[20:54:28.426] [SEVERE ] removing player 2 token from slot 9
[20:54:28.426] [SEVERE ] setting player 2 freeze to 3000
[20:54:28.426] [SEVERE ] updating countdown to 18044
[20:54:28.426] [SEVERE ] player 2 placing token on slot 8
[20:54:28.426] [SEVERE ] player 2 placing token on slot 5
[20:54:28.818] [SEVERE ] key 81 was pressed by player 1
[20:54:28.818] [SEVERE ] player 1 placing token on slot 0
[20:54:29.414] [SEVERE ] key 65 was pressed by player 1
[20:54:29.414] [SEVERE ] player 1 placing token on slot 4
[20:54:29.430] [SEVERE ] updating countdown to 17040
[20:54:29.430] [SEVERE ] setting player 2 freeze to 1996
[20:54:29.430] [SEVERE ] setting player 2 freeze to 3000
[20:54:31.267] [SEVERE ] key 81 was pressed by player 1
[20:54:31.267] [SEVERE ] removing player 1 token from slot 0
[20:54:31.816] [SEVERE ] key 65 was pressed by player 1
[20:54:31.816] [SEVERE ] removing player 1 token from slot 4
[20:54:32.224] [SEVERE ] key 81 was pressed by player 1
[20:54:32.224] [SEVERE ] player 1 placing token on slot 0
[20:54:32.443] [SEVERE ] setting player 2 freeze to 3000
[20:54:32.443] [SEVERE ] removing player 2 token from slot 5
[20:54:32.443] [SEVERE ] updating countdown to 14027
[20:54:32.443] [SEVERE ] player 2 placing token on slot 1
[20:54:32.632] [SEVERE ] key 65 was pressed by player 1
[20:54:32.632] [SEVERE ] player 1 placing token on slot 4
[20:54:33.024] [SEVERE ] key 81 was pressed by player 1
[20:54:33.039] [SEVERE ] removing player 1 token from slot 0
[20:54:33.322] [SEVERE ] key 65 was pressed by player 1
[20:54:33.322] [SEVERE ] removing player 1 token from slot 4
[20:54:33.447] [SEVERE ] updating countdown to 13023
[20:54:33.447] [SEVERE ] setting player 2 freeze to 1996
[20:54:33.447] [SEVERE ] setting player 2 freeze to 3000
[20:54:33.624] [SEVERE ] key 81 was pressed by player 1
[20:54:33.624] [SEVERE ] player 1 placing token on slot 0
[20:54:33.969] [SEVERE ] key 65 was pressed by player 1
[20:54:33.969] [SEVERE ] player 1 placing token on slot 4
[20:54:34.345] [SEVERE ] key 81 was pressed by player 1
[20:54:34.345] [SEVERE ] removing player 1 token from slot 0
[20:54:34.612] [SEVERE ] key 65 was pressed by player 1
[20:54:34.612] [SEVERE ] removing player 1 token from slot 4
[20:54:34.988] [SEVERE ] key 81 was pressed by player 1
[20:54:34.988] [SEVERE ] player 1 placing token on slot 0
[20:54:35.380] [SEVERE ] key 65 was pressed by player 1
[20:54:35.380] [SEVERE ] player 1 placing token on slot 4
[20:54:35.757] [SEVERE ] key 81 was pressed by player 1
[20:54:35.757] [SEVERE ] removing player 1 token from slot 0
[20:54:36.164] [SEVERE ] key 65 was pressed by player 1
[20:54:36.164] [SEVERE ] removing player 1 token from slot 4
[20:54:36.463] [SEVERE ] setting player 2 freeze to 3000
[20:54:36.463] [SEVERE ] updating countdown to 10007
[20:54:36.463] [SEVERE ] removing player 2 token from slot 7
[20:54:36.464] [SEVERE ] player 2 placing token on slot 10
[20:54:36.510] [SEVERE ] key 81 was pressed by player 1
[20:54:36.510] [SEVERE ] player 1 placing token on slot 0
[20:54:36.871] [SEVERE ] key 65 was pressed by player 1
[20:54:36.871] [SEVERE ] player 1 placing token on slot 4
[20:54:37.270] [SEVERE ] key 81 was pressed by player 1
[20:54:37.270] [SEVERE ] removing player 1 token from slot 0
[20:54:37.474] [SEVERE ] updating countdown to 8996
[20:54:37.474] [SEVERE ] setting player 2 freeze to 1989
[20:54:37.474] [SEVERE ] setting player 2 freeze to 3000
[20:54:37.552] [SEVERE ] key 65 was pressed by player 1
[20:54:37.552] [SEVERE ] removing player 1 token from slot 4
[20:54:37.921] [SEVERE ] key 81 was pressed by player 1
[20:54:37.921] [SEVERE ] player 1 placing token on slot 0
[20:54:38.234] [SEVERE ] key 65 was pressed by player 1
[20:54:38.234] [SEVERE ] player 1 placing token on slot 4
[20:54:38.627] [SEVERE ] key 81 was pressed by player 1
[20:54:38.627] [SEVERE ] removing player 1 token from slot 0
[20:54:38.972] [SEVERE ] key 65 was pressed by player 1
[20:54:38.972] [SEVERE ] removing player 1 token from slot 4
[20:54:39.348] [SEVERE ] key 81 was pressed by player 1
[20:54:39.348] [SEVERE ] player 1 placing token on slot 0
[20:54:39.756] [SEVERE ] key 87 was pressed by player 1
[20:54:39.756] [SEVERE ] player 1 placing token on slot 1
[20:54:40.133] [SEVERE ] key 81 was pressed by player 1
[20:54:40.133] [SEVERE ] removing player 1 token from slot 0
[20:54:40.478] [SEVERE ] setting player 2 freeze to 3000
[20:54:40.478] [SEVERE ] removing player 2 token from slot 1
[20:54:40.478] [SEVERE ] updating countdown to 5992
[20:54:40.478] [SEVERE ] player 2 placing token on slot 11
[20:54:40.519] [SEVERE ] key 65 was pressed by player 1
[20:54:40.519] [SEVERE ] player 1 placing token on slot 4
[20:54:41.482] [SEVERE ] updating countdown to 4988
[20:54:41.482] [SEVERE ] setting player 2 freeze to 1996
[20:54:41.482] [SEVERE ] setting player 2 freeze to 3000
[20:54:42.874] [SEVERE ] key 65 was pressed by player 1
[20:54:42.874] [SEVERE ] removing player 1 token from slot 4
[20:54:44.492] [SEVERE ] setting player 2 freeze to 3000
[20:54:44.492] [SEVERE ] removing player 2 token from slot 11
[20:54:44.492] [SEVERE ] updating countdown to 1978
[20:54:44.492] [SEVERE ] player 2 placing token on slot 0
[20:54:45.496] [SEVERE ] setting player 2 freeze to 1996
[20:54:45.496] [SEVERE ] setting player 2 freeze to 3000
[20:54:48.507] [SEVERE ] setting player 2 freeze to 3000
[20:54:48.507] [SEVERE ] updating countdown to 60000
[20:54:48.507] [SEVERE ] setting player 2 freeze to 3000
[20:54:48.507] [SEVERE ] removing player 2 token from slot 8
[20:54:48.507] [SEVERE ] player 2 placing token on slot 5
[20:54:48.616] [SEVERE ] removing player 2 token from slot 0
[20:54:48.616] [SEVERE ] removing card from slot 0
[20:54:48.727] [SEVERE ] removing player 1 token from slot 1
[20:54:48.727] [SEVERE ] removing card from slot 1
[20:54:48.838] [SEVERE ] removing card from slot 2
[20:54:48.948] [SEVERE ] removing card from slot 3
[20:54:49.058] [SEVERE ] removing card from slot 4
[20:54:49.168] [SEVERE ] removing player 2 token from slot 5
[20:54:49.168] [SEVERE ] removing card from slot 5
[20:54:49.277] [SEVERE ] removing card from slot 6
[20:54:49.387] [SEVERE ] removing card from slot 7
[20:54:49.498] [SEVERE ] removing card from slot 8
[20:54:49.608] [SEVERE ] removing card from slot 9
[20:54:49.717] [SEVERE ] removing player 2 token from slot 10
[20:54:49.717] [SEVERE ] removing card from slot 10
[20:54:49.827] [SEVERE ] removing card from slot 11
[20:54:49.937] [SEVERE ] placing card 9 in slot 0
[20:54:50.047] [SEVERE ] placing card 6 in slot 1
[20:54:50.157] [SEVERE ] placing card 67 in slot 2
[20:54:50.267] [SEVERE ] placing card 12 in slot 3
[20:54:50.377] [SEVERE ] placing card 25 in slot 4
[20:54:50.487] [SEVERE ] placing card 37 in slot 5
[20:54:50.596] [SEVERE ] placing card 41 in slot 6
[20:54:50.707] [SEVERE ] placing card 10 in slot 7
[20:54:50.816] [SEVERE ] placing card 18 in slot 8
[20:54:50.926] [SEVERE ] placing card 77 in slot 9
[20:54:51.036] [SEVERE ] placing card 38 in slot 10
[20:54:51.146] [SEVERE ] placing card 72 in slot 11
[20:54:51.146] [SEVERE ] updating countdown to 57361
[20:54:52.152] [SEVERE ] updating countdown to 56355
[20:54:52.152] [SEVERE ] setting player 2 freeze to 0
[20:54:52.152] [INFO   ] thread dealer terminated.
[20:54:54.918] [SEVERE ] key 65 was pressed by player 1
[20:54:54.918] [SEVERE ] player 1 placing token on slot 4
[20:54:55.389] [SEVERE ] key 81 was pressed by player 1
[20:54:55.389] [SEVERE ] player 1 placing token on slot 0
[20:54:56.111] [SEVERE ] key 87 was pressed by player 1
[20:54:56.111] [SEVERE ] player 1 placing token on slot 1
[20:54:57.167] [SEVERE ] thanks for playing... it was fun!
[20:54:57.167] [INFO   ] thread main terminated.
[20:54:57.167] [SEVERE ] disposing of user interface elements
