[19:29:21.827] [INFO   ] thread main starting.
[19:29:21.831] [SEVERE ] cannot read configuration file config.properties trying from resources.
[19:29:21.836] [SEVERE ] configuration file was loaded from resources directory.
[19:29:22.203] [INFO   ] thread dealer starting.
[19:29:22.203] [INFO   ] thread dealer starting.
[19:29:22.203] [SEVERE ] updating countdown to 60000
[19:29:22.203] [INFO   ] thread Thread-0 starting.
[19:29:22.203] [INFO   ] thread Thread-1 starting.
[19:29:22.716] [SEVERE ] updating countdown to 59487
[19:29:22.822] [SEVERE ] placing card 9 in slot 0
[19:29:22.927] [SEVERE ] placing card 15 in slot 1
[19:29:23.037] [SEVERE ] placing card 37 in slot 2
[19:29:23.147] [SEVERE ] placing card 16 in slot 3
[19:29:23.256] [SEVERE ] placing card 79 in slot 4
[19:29:23.366] [SEVERE ] placing card 38 in slot 5
[19:29:23.477] [SEVERE ] placing card 30 in slot 6
[19:29:23.587] [SEVERE ] placing card 21 in slot 7
[19:29:23.696] [SEVERE ] placing card 5 in slot 8
[19:29:23.806] [SEVERE ] placing card 73 in slot 9
[19:29:23.916] [SEVERE ] placing card 27 in slot 10
[19:29:24.026] [SEVERE ] placing card 34 in slot 11
[19:29:24.026] [SEVERE ] updating countdown to 58177
[19:29:25.031] [SEVERE ] updating countdown to 57173
[19:29:25.031] [SEVERE ] updating countdown to 57172
[19:29:26.045] [SEVERE ] updating countdown to 56158
[19:29:26.045] [SEVERE ] updating countdown to 56158
[19:29:26.657] [SEVERE ] key 81 was pressed by player 1
[19:29:26.657] [SEVERE ] player 1 placing token on slot 0
[19:29:27.046] [SEVERE ] updating countdown to 55157
[19:29:27.046] [SEVERE ] updating countdown to 55157
[19:29:27.078] [SEVERE ] key 87 was pressed by player 1
[19:29:27.078] [SEVERE ] player 1 placing token on slot 1
[19:29:28.048] [SEVERE ] updating countdown to 54155
[19:29:28.048] [SEVERE ] updating countdown to 54155
[19:29:28.284] [SEVERE ] key 69 was pressed by player 1
[19:29:28.284] [SEVERE ] player 1 placing token on slot 2
[19:29:28.810] [SEVERE ] key 69 was pressed by player 1
[19:29:29.062] [SEVERE ] updating countdown to 53141
[19:29:29.062] [SEVERE ] setting player 1 freeze to 3000
[19:29:29.983] [SEVERE ] key 69 was pressed by player 1
[19:29:30.871] [SEVERE ] key 69 was pressed by player 1
[19:29:31.343] [SEVERE ] key 69 was pressed by player 1
[19:29:31.641] [SEVERE ] key 69 was pressed by player 1
[19:29:32.066] [SEVERE ] setting player 1 freeze to 0
[19:29:32.066] [SEVERE ] updating countdown to 50137
[19:29:32.318] [SEVERE ] key 69 was pressed by player 1
[19:29:32.318] [SEVERE ] removing player 1 token from slot 2
[19:29:32.769] [SEVERE ] key 87 was pressed by player 1
[19:29:32.769] [SEVERE ] removing player 1 token from slot 1
[19:29:33.044] [SEVERE ] key 81 was pressed by player 1
[19:29:33.044] [SEVERE ] removing player 1 token from slot 0
[19:29:33.075] [SEVERE ] updating countdown to 49128
[19:29:33.075] [SEVERE ] updating countdown to 49128
[19:29:33.354] [SEVERE ] key 87 was pressed by player 1
[19:29:33.354] [SEVERE ] player 1 placing token on slot 1
[19:29:33.777] [SEVERE ] key 69 was pressed by player 1
[19:29:33.777] [SEVERE ] player 1 placing token on slot 2
[19:29:34.087] [SEVERE ] updating countdown to 48116
[19:29:34.087] [SEVERE ] updating countdown to 48116
[19:29:34.392] [SEVERE ] key 87 was pressed by player 1
[19:29:34.392] [SEVERE ] removing player 1 token from slot 1
[19:29:34.644] [SEVERE ] key 69 was pressed by player 1
[19:29:34.644] [SEVERE ] removing player 1 token from slot 2
[19:29:34.871] [SEVERE ] key 87 was pressed by player 1
[19:29:34.871] [SEVERE ] player 1 placing token on slot 1
[19:29:35.094] [SEVERE ] key 69 was pressed by player 1
[19:29:35.098] [SEVERE ] updating countdown to 47105
[19:29:35.098] [SEVERE ] player 1 placing token on slot 2
[19:29:35.098] [SEVERE ] updating countdown to 47105
[19:29:35.314] [SEVERE ] key 81 was pressed by player 1
[19:29:35.314] [SEVERE ] player 1 placing token on slot 0
[19:29:35.435] [SEVERE ] key 81 was pressed by player 1
[19:29:35.498] [SEVERE ] key 81 was pressed by player 1
[19:29:35.545] [SEVERE ] key 87 was pressed by player 1
[19:29:35.592] [SEVERE ] key 69 was pressed by player 1
[19:29:35.906] [SEVERE ] key 87 was pressed by player 1
[19:29:35.985] [SEVERE ] key 69 was pressed by player 1
[19:29:36.111] [SEVERE ] updating countdown to 46092
[19:29:36.111] [SEVERE ] setting player 1 freeze to 3000
[19:29:36.181] [SEVERE ] key 81 was pressed by player 1
[19:29:36.947] [SEVERE ] key 81 was pressed by player 1
[19:29:37.088] [SEVERE ] key 87 was pressed by player 1
[19:29:37.198] [SEVERE ] key 69 was pressed by player 1
[19:29:37.417] [SEVERE ] key 81 was pressed by player 1
