[19:31:26.841] [INFO   ] thread main starting.
[19:31:26.856] [SEVERE ] cannot read configuration file config.properties trying from resources.
[19:31:26.858] [SEVERE ] configuration file was loaded from resources directory.
[19:31:27.190] [INFO   ] thread dealer starting.
[19:31:27.191] [INFO   ] thread dealer starting.
[19:31:27.191] [SEVERE ] updating countdown to 60000
[19:31:27.191] [INFO   ] thread Thread-0 starting.
[19:31:27.191] [INFO   ] thread Thread-1 starting.
[19:31:27.191] [INFO   ] thread computer-1 starting.
[19:31:27.191] [SEVERE ] player 2 placing token on slot 8
[19:31:27.191] [SEVERE ] player 2 placing token on slot 11
[19:31:27.191] [SEVERE ] player 2 placing token on slot 3
[19:31:27.696] [SEVERE ] updating countdown to 59495
[19:31:27.805] [SEVERE ] placing card 24 in slot 0
[19:31:27.915] [SEVERE ] placing card 61 in slot 1
[19:31:28.025] [SEVERE ] placing card 41 in slot 2
[19:31:28.135] [SEVERE ] placing card 16 in slot 3
[19:31:28.245] [SEVERE ] placing card 63 in slot 4
[19:31:28.355] [SEVERE ] placing card 79 in slot 5
[19:31:28.464] [SEVERE ] placing card 8 in slot 6
[19:31:28.574] [SEVERE ] placing card 69 in slot 7
[19:31:28.684] [SEVERE ] placing card 64 in slot 8
[19:31:28.794] [SEVERE ] placing card 23 in slot 9
[19:31:28.904] [SEVERE ] placing card 22 in slot 10
[19:31:29.014] [SEVERE ] placing card 6 in slot 11
[19:31:29.014] [SEVERE ] updating countdown to 58177
[19:31:30.017] [SEVERE ] updating countdown to 57174
[19:31:30.017] [SEVERE ] setting player 2 freeze to 3000
[19:31:30.017] [SEVERE ] removing player 2 token from slot 3
[19:31:30.017] [SEVERE ] removing player 2 token from slot 8
[19:31:30.017] [SEVERE ] player 2 placing token on slot 9
[19:31:31.996] [SEVERE ] key 81 was pressed by player 1
[19:31:31.996] [SEVERE ] player 1 placing token on slot 0
[19:31:32.275] [SEVERE ] key 87 was pressed by player 1
[19:31:32.275] [SEVERE ] player 1 placing token on slot 1
[19:31:32.652] [SEVERE ] key 69 was pressed by player 1
[19:31:32.661] [SEVERE ] player 1 placing token on slot 2
[19:31:33.031] [SEVERE ] setting player 2 freeze to 0
[19:31:33.031] [SEVERE ] updating countdown to 54160
[19:31:33.031] [SEVERE ] player 2 placing token on slot 0
[19:31:33.907] [SEVERE ] key 81 was pressed by player 1
[19:31:34.033] [SEVERE ] updating countdown to 53158
[19:31:34.033] [SEVERE ] setting player 1 freeze to 3000
[19:31:34.362] [SEVERE ] key 87 was pressed by player 1
[19:31:35.822] [SEVERE ] key 69 was pressed by player 1
[19:31:36.214] [SEVERE ] key 81 was pressed by player 1
[19:31:36.732] [SEVERE ] key 83 was pressed by player 1
[19:31:37.046] [SEVERE ] setting player 1 freeze to 0
[19:31:37.046] [SEVERE ] updating countdown to 50145
[19:31:37.156] [SEVERE ] key 83 was pressed by player 1
[19:31:37.438] [SEVERE ] key 68 was pressed by player 1
[19:31:37.972] [SEVERE ] key 65 was pressed by player 1
[19:31:38.050] [SEVERE ] updating countdown to 49141
[19:31:38.050] [SEVERE ] setting player 2 freeze to 3000
[19:31:38.945] [SEVERE ] key 83 was pressed by player 1
[19:31:39.354] [SEVERE ] key 68 was pressed by player 1
[19:31:40.139] [SEVERE ] key 83 was pressed by player 1
[19:31:40.955] [SEVERE ] key 83 was pressed by player 1
[19:31:41.065] [SEVERE ] setting player 2 freeze to 0
[19:31:41.065] [SEVERE ] removing player 2 token from slot 9
[19:31:41.065] [SEVERE ] updating countdown to 46126
[19:31:41.065] [SEVERE ] player 2 placing token on slot 1
[19:31:41.615] [SEVERE ] key 83 was pressed by player 1
[19:31:42.069] [SEVERE ] updating countdown to 45122
[19:31:42.069] [SEVERE ] setting player 2 freeze to 3000
[19:31:44.957] [SEVERE ] key 83 was pressed by player 1
[19:31:45.082] [SEVERE ] setting player 2 freeze to 0
[19:31:45.082] [SEVERE ] removing player 2 token from slot 1
[19:31:45.082] [SEVERE ] updating countdown to 42109
[19:31:45.082] [SEVERE ] removing player 2 token from slot 0
[19:31:45.082] [SEVERE ] player 2 placing token on slot 3
[19:31:45.082] [SEVERE ] removing player 2 token from slot 3
[19:31:45.082] [SEVERE ] player 2 placing token on slot 5
[19:31:45.082] [SEVERE ] player 2 placing token on slot 7
[19:31:45.443] [SEVERE ] key 83 was pressed by player 1
[19:31:46.086] [SEVERE ] updating countdown to 41105
[19:31:46.086] [SEVERE ] setting player 2 freeze to 3000
[19:31:46.086] [SEVERE ] removing player 2 token from slot 7
[19:31:46.086] [SEVERE ] player 2 placing token on slot 8
[19:31:46.996] [SEVERE ] key 65 was pressed by player 1
[19:31:47.702] [SEVERE ] key 83 was pressed by player 1
[19:31:48.000] [SEVERE ] key 68 was pressed by player 1
[19:31:48.470] [SEVERE ] key 65 was pressed by player 1
[19:31:49.097] [SEVERE ] setting player 2 freeze to 0
[19:31:49.097] [SEVERE ] updating countdown to 38094
[19:31:50.102] [SEVERE ] updating countdown to 37089
[19:31:50.102] [SEVERE ] setting player 2 freeze to 3000
[19:31:50.102] [SEVERE ] removing player 2 token from slot 11
[19:31:50.102] [SEVERE ] removing player 2 token from slot 8
[19:31:50.102] [SEVERE ] player 2 placing token on slot 11
[19:31:50.102] [SEVERE ] player 2 placing token on slot 6
[19:31:53.114] [SEVERE ] setting player 2 freeze to 0
[19:31:53.114] [SEVERE ] updating countdown to 34077
[19:31:54.117] [SEVERE ] updating countdown to 33074
[19:31:54.117] [SEVERE ] setting player 2 freeze to 3000
[19:31:54.117] [SEVERE ] removing player 2 token from slot 5
[19:31:54.117] [SEVERE ] player 2 placing token on slot 9
[19:31:55.404] [SEVERE ] key 81 was pressed by player 1
[19:31:55.404] [SEVERE ] removing player 1 token from slot 0
[19:31:55.812] [SEVERE ] key 87 was pressed by player 1
[19:31:55.812] [SEVERE ] removing player 1 token from slot 1
[19:31:56.235] [SEVERE ] key 69 was pressed by player 1
[19:31:56.235] [SEVERE ] removing player 1 token from slot 2
[19:31:57.129] [SEVERE ] setting player 2 freeze to 0
[19:31:57.129] [SEVERE ] updating countdown to 30062
[19:31:57.301] [SEVERE ] key 81 was pressed by player 1
[19:31:57.301] [SEVERE ] player 1 placing token on slot 0
[19:31:57.803] [SEVERE ] key 87 was pressed by player 1
[19:31:57.803] [SEVERE ] player 1 placing token on slot 1
[19:31:58.133] [SEVERE ] updating countdown to 29058
[19:31:58.133] [SEVERE ] setting player 2 freeze to 3000
[19:31:58.133] [SEVERE ] removing player 2 token from slot 11
[19:31:58.133] [SEVERE ] player 2 placing token on slot 1
[19:31:58.149] [SEVERE ] key 69 was pressed by player 1
[19:31:58.149] [SEVERE ] player 1 placing token on slot 2
[19:31:58.598] [SEVERE ] key 69 was pressed by player 1
[19:31:59.211] [SEVERE ] key 69 was pressed by player 1
[19:31:59.634] [SEVERE ] key 87 was pressed by player 1
[19:32:00.058] [SEVERE ] key 81 was pressed by player 1
[19:32:00.451] [SEVERE ] key 87 was pressed by player 1
[19:32:00.811] [SEVERE ] key 69 was pressed by player 1
[19:32:01.141] [SEVERE ] setting player 2 freeze to 0
[19:32:01.141] [SEVERE ] updating countdown to 26050
[19:32:01.313] [SEVERE ] key 69 was pressed by player 1
[19:32:01.894] [SEVERE ] key 69 was pressed by player 1
[19:32:02.145] [SEVERE ] updating countdown to 25046
[19:32:02.145] [SEVERE ] setting player 2 freeze to 3000
[19:32:02.145] [SEVERE ] removing player 2 token from slot 1
[19:32:02.145] [SEVERE ] player 2 placing token on slot 3
[19:32:02.859] [SEVERE ] key 69 was pressed by player 1
[19:32:03.486] [SEVERE ] key 81 was pressed by player 1
[19:32:04.020] [SEVERE ] key 87 was pressed by player 1
[19:32:04.397] [SEVERE ] key 69 was pressed by player 1
[19:32:05.150] [SEVERE ] setting player 2 freeze to 0
[19:32:05.150] [SEVERE ] updating countdown to 22041
[19:32:05.636] [SEVERE ] key 81 was pressed by player 1
[19:32:06.154] [SEVERE ] updating countdown to 21037
[19:32:06.154] [SEVERE ] setting player 1 freeze to 3000
[19:32:06.514] [SEVERE ] key 81 was pressed by player 1
[19:32:09.165] [SEVERE ] setting player 1 freeze to 0
[19:32:09.165] [SEVERE ] updating countdown to 18026
[19:32:10.090] [SEVERE ] key 81 was pressed by player 1
[19:32:10.090] [SEVERE ] removing player 1 token from slot 0
[19:32:10.169] [SEVERE ] updating countdown to 17022
[19:32:10.169] [SEVERE ] setting player 2 freeze to 3000
[19:32:10.169] [SEVERE ] removing player 2 token from slot 6
[19:32:10.169] [SEVERE ] player 2 placing token on slot 1
[19:32:10.733] [SEVERE ] key 87 was pressed by player 1
[19:32:10.733] [SEVERE ] removing player 1 token from slot 1
[19:32:11.298] [SEVERE ] key 69 was pressed by player 1
[19:32:11.298] [SEVERE ] removing player 1 token from slot 2
[19:32:11.690] [SEVERE ] key 83 was pressed by player 1
[19:32:11.690] [SEVERE ] player 1 placing token on slot 5
[19:32:12.556] [SEVERE ] key 83 was pressed by player 1
[19:32:12.556] [SEVERE ] removing player 1 token from slot 5
[19:32:13.132] [SEVERE ] key 88 was pressed by player 1
[19:32:13.132] [SEVERE ] player 1 placing token on slot 9
[19:32:13.180] [SEVERE ] setting player 2 freeze to 0
[19:32:13.180] [SEVERE ] updating countdown to 14011
[19:32:13.776] [SEVERE ] key 67 was pressed by player 1
[19:32:13.776] [SEVERE ] player 1 placing token on slot 10
[19:32:14.184] [SEVERE ] updating countdown to 13007
[19:32:14.184] [SEVERE ] setting player 2 freeze to 3000
[19:32:14.184] [SEVERE ] removing player 2 token from slot 9
[19:32:14.184] [SEVERE ] player 2 placing token on slot 5
[19:32:14.560] [SEVERE ] key 88 was pressed by player 1
[19:32:14.560] [SEVERE ] removing player 1 token from slot 9
[19:32:15.124] [SEVERE ] key 67 was pressed by player 1
[19:32:15.124] [SEVERE ] removing player 1 token from slot 10
[19:32:16.035] [SEVERE ] key 70 was pressed by player 1
[19:32:16.035] [SEVERE ] player 1 placing token on slot 7
[19:32:16.878] [SEVERE ] key 70 was pressed by player 1
[19:32:16.878] [SEVERE ] removing player 1 token from slot 7
[19:32:17.182] [SEVERE ] key 68 was pressed by player 1
[19:32:17.182] [SEVERE ] player 1 placing token on slot 6
[19:32:17.198] [SEVERE ] setting player 2 freeze to 0
[19:32:17.198] [SEVERE ] updating countdown to 9993
[19:32:17.527] [SEVERE ] key 83 was pressed by player 1
[19:32:17.527] [SEVERE ] player 1 placing token on slot 5
[19:32:17.998] [SEVERE ] key 68 was pressed by player 1
[19:32:17.998] [SEVERE ] removing player 1 token from slot 6
[19:32:18.201] [SEVERE ] updating countdown to 8990
[19:32:18.201] [SEVERE ] setting player 2 freeze to 3000
[19:32:18.201] [SEVERE ] removing player 2 token from slot 5
[19:32:18.201] [SEVERE ] player 2 placing token on slot 2
[19:32:18.390] [SEVERE ] key 83 was pressed by player 1
[19:32:18.390] [SEVERE ] removing player 1 token from slot 5
[19:32:18.923] [SEVERE ] key 65 was pressed by player 1
[19:32:18.923] [SEVERE ] player 1 placing token on slot 4
[19:32:19.895] [SEVERE ] key 65 was pressed by player 1
[19:32:19.895] [SEVERE ] removing player 1 token from slot 4
[19:32:20.664] [SEVERE ] key 81 was pressed by player 1
[19:32:20.664] [SEVERE ] player 1 placing token on slot 0
[19:32:21.103] [SEVERE ] key 65 was pressed by player 1
[19:32:21.103] [SEVERE ] player 1 placing token on slot 4
[19:32:21.213] [SEVERE ] setting player 2 freeze to 0
[19:32:21.213] [SEVERE ] updating countdown to 5978
[19:32:21.558] [SEVERE ] key 90 was pressed by player 1
[19:32:21.558] [SEVERE ] player 1 placing token on slot 8
[19:32:22.220] [SEVERE ] updating countdown to 4971
[19:32:22.220] [SEVERE ] setting player 2 freeze to 3000
[19:32:22.220] [SEVERE ] removing player 2 token from slot 2
[19:32:22.220] [SEVERE ] player 2 placing token on slot 11
[19:32:24.690] [SEVERE ] key 90 was pressed by player 1
[19:32:25.207] [SEVERE ] key 65 was pressed by player 1
[19:32:25.223] [SEVERE ] setting player 2 freeze to 0
[19:32:25.223] [SEVERE ] updating countdown to 1968
[19:32:26.085] [SEVERE ] key 90 was pressed by player 1
[19:32:26.226] [SEVERE ] setting player 1 freeze to 3000
[19:32:27.383] [SEVERE ] key 90 was pressed by player 1
[19:32:27.970] [SEVERE ] key 65 was pressed by player 1
[19:32:28.535] [SEVERE ] key 81 was pressed by player 1
[19:32:29.238] [SEVERE ] setting player 1 freeze to 0
[19:32:29.238] [SEVERE ] updating countdown to 60000
[19:32:29.347] [SEVERE ] removing player 1 token from slot 0
[19:32:29.347] [SEVERE ] removing card from slot 0
[19:32:29.455] [SEVERE ] removing player 2 token from slot 1
[19:32:29.455] [SEVERE ] removing card from slot 1
[19:32:29.556] [SEVERE ] removing card from slot 2
[19:32:29.662] [SEVERE ] removing player 2 token from slot 3
[19:32:29.662] [SEVERE ] removing card from slot 3
[19:32:29.772] [SEVERE ] removing player 1 token from slot 4
[19:32:29.772] [SEVERE ] removing card from slot 4
[19:32:29.880] [SEVERE ] removing card from slot 5
[19:32:29.993] [SEVERE ] removing card from slot 6
[19:32:30.103] [SEVERE ] removing card from slot 7
[19:32:30.212] [SEVERE ] removing player 1 token from slot 8
[19:32:30.212] [SEVERE ] removing card from slot 8
[19:32:30.323] [SEVERE ] removing card from slot 9
[19:32:30.432] [SEVERE ] removing card from slot 10
[19:32:30.542] [SEVERE ] removing player 2 token from slot 11
[19:32:30.542] [SEVERE ] removing card from slot 11
[19:32:30.652] [SEVERE ] placing card 29 in slot 0
[19:32:30.762] [SEVERE ] placing card 34 in slot 1
[19:32:30.872] [SEVERE ] placing card 55 in slot 2
[19:32:30.982] [SEVERE ] placing card 21 in slot 3
[19:32:31.092] [SEVERE ] placing card 68 in slot 4
[19:32:31.202] [SEVERE ] placing card 54 in slot 5
[19:32:31.311] [SEVERE ] placing card 14 in slot 6
[19:32:31.421] [SEVERE ] placing card 18 in slot 7
[19:32:31.531] [SEVERE ] placing card 46 in slot 8
[19:32:31.641] [SEVERE ] placing card 4 in slot 9
[19:32:31.750] [SEVERE ] placing card 31 in slot 10
[19:32:31.860] [SEVERE ] placing card 79 in slot 11
[19:32:31.860] [SEVERE ] updating countdown to 57378
[19:32:32.864] [SEVERE ] updating countdown to 56374
[19:32:32.864] [INFO   ] thread dealer terminated.
[19:32:32.896] [SEVERE ] key 81 was pressed by player 1
[19:32:32.896] [SEVERE ] player 1 placing token on slot 0
[19:32:33.576] [SEVERE ] key 65 was pressed by player 1
[19:32:33.576] [SEVERE ] player 1 placing token on slot 4
[19:32:36.300] [SEVERE ] key 90 was pressed by player 1
[19:32:36.300] [SEVERE ] player 1 placing token on slot 8
[19:32:37.874] [SEVERE ] thanks for playing... it was fun!
[19:32:37.874] [INFO   ] thread main terminated.
[19:32:37.874] [SEVERE ] disposing of user interface elements
