[19:36:34.853] [INFO   ] thread main starting.
[19:36:34.858] [SEVERE ] cannot read configuration file config.properties trying from resources.
[19:36:34.862] [SEVERE ] configuration file was loaded from resources directory.
[19:36:35.213] [INFO   ] thread dealer starting.
[19:36:35.213] [INFO   ] thread dealer starting.
[19:36:35.213] [SEVERE ] updating countdown to 60000
[19:36:35.213] [INFO   ] thread Thread-1 starting.
[19:36:35.213] [INFO   ] thread Thread-0 starting.
[19:36:35.213] [INFO   ] thread computer-1 starting.
[19:36:35.213] [SEVERE ] player 2 placing token on slot 1
[19:36:35.213] [SEVERE ] player 2 placing token on slot 5
[19:36:35.213] [SEVERE ] removing player 2 token from slot 1
[19:36:35.213] [SEVERE ] player 2 placing token on slot 9
[19:36:35.213] [SEVERE ] player 2 placing token on slot 0
[19:36:35.720] [SEVERE ] updating countdown to 59493
[19:36:35.830] [SEVERE ] placing card 52 in slot 0
[19:36:35.940] [SEVERE ] placing card 5 in slot 1
[19:36:36.049] [SEVERE ] placing card 69 in slot 2
[19:36:36.159] [SEVERE ] placing card 42 in slot 3
[19:36:36.270] [SEVERE ] placing card 46 in slot 4
[19:36:36.380] [SEVERE ] placing card 40 in slot 5
[19:36:36.490] [SEVERE ] placing card 60 in slot 6
[19:36:36.600] [SEVERE ] placing card 66 in slot 7
[19:36:36.710] [SEVERE ] placing card 31 in slot 8
[19:36:36.819] [SEVERE ] placing card 67 in slot 9
[19:36:36.929] [SEVERE ] placing card 61 in slot 10
[19:36:37.039] [SEVERE ] placing card 16 in slot 11
[19:36:37.039] [SEVERE ] updating countdown to 58174
[19:36:37.228] [SEVERE ] key 69 was pressed by player 1
[19:36:37.228] [SEVERE ] player 1 placing token on slot 2
[19:36:37.705] [SEVERE ] key 87 was pressed by player 1
[19:36:37.705] [SEVERE ] player 1 placing token on slot 1
[19:36:38.050] [SEVERE ] updating countdown to 57163
[19:36:38.050] [SEVERE ] setting player 2 freeze to 3000
[19:36:38.099] [SEVERE ] key 81 was pressed by player 1
[19:36:38.099] [SEVERE ] player 1 placing token on slot 0
[19:36:38.750] [SEVERE ] key 87 was pressed by player 1
[19:36:40.297] [SEVERE ] key 69 was pressed by player 1
[19:36:41.058] [SEVERE ] setting player 2 freeze to 0
[19:36:41.058] [SEVERE ] updating countdown to 54155
[19:36:41.623] [SEVERE ] key 69 was pressed by player 1
[19:36:42.062] [SEVERE ] updating countdown to 53151
[19:36:42.062] [SEVERE ] setting player 1 freeze to 3000
[19:36:42.157] [SEVERE ] key 69 was pressed by player 1
[19:36:42.634] [SEVERE ] key 69 was pressed by player 1
[19:36:45.075] [SEVERE ] setting player 1 freeze to 0
[19:36:45.075] [SEVERE ] updating countdown to 50138
[19:36:46.087] [SEVERE ] updating countdown to 49126
[19:36:46.087] [SEVERE ] updating countdown to 49126
[19:36:47.092] [SEVERE ] updating countdown to 48121
[19:36:47.092] [SEVERE ] updating countdown to 48121
[19:36:47.360] [SEVERE ] exit button pressed
[19:36:47.360] [SEVERE ] disposing of user interface elements
[19:36:47.360] [INFO   ] thread computer-1 terminated.
