[16:46:28.038] [INFO   ] thread main starting.
[16:46:28.043] [SEVERE ] cannot read configuration file config.properties trying from resources.
[16:46:28.045] [SEVERE ] configuration file was loaded from resources directory.
[16:46:28.425] [INFO   ] thread dealer starting.
[16:46:28.425] [INFO   ] thread dealer starting.
[16:46:28.426] [SEVERE ] updating countdown to 60000
[16:46:28.932] [SEVERE ] updating countdown to 59494
[16:46:28.932] [SEVERE ] updating countdown to 59494
[16:46:28.932] [INFO   ] thread Thread-0 starting.
[16:46:28.932] [INFO   ] thread Thread-1 starting.
[16:46:28.932] [INFO   ] thread Thread-2 starting.
[16:46:28.932] [INFO   ] thread Thread-3 starting.
[16:46:28.932] [INFO   ] thread computer-0 starting.
[16:46:28.932] [INFO   ] thread computer-3 starting.
[16:46:28.932] [INFO   ] thread computer-1 starting.
[16:46:28.932] [INFO   ] thread computer-2 starting.
[16:46:28.932] [SEVERE ] updating countdown to 59494
[16:46:28.932] [SEVERE ] updating countdown to 59494
[16:46:29.047] [SEVERE ] placing card 77 in slot 0
[16:46:29.150] [SEVERE ] placing card 53 in slot 1
[16:46:29.252] [SEVERE ] placing card 24 in slot 2
[16:46:29.362] [SEVERE ] placing card 40 in slot 3
[16:46:29.473] [SEVERE ] placing card 74 in slot 4
[16:46:29.583] [SEVERE ] placing card 29 in slot 5
[16:46:29.685] [SEVERE ] placing card 49 in slot 6
[16:46:29.799] [SEVERE ] placing card 22 in slot 7
[16:46:29.913] [SEVERE ] placing card 21 in slot 8
[16:46:30.016] [SEVERE ] placing card 16 in slot 9
[16:46:30.131] [SEVERE ] placing card 3 in slot 10
[16:46:30.143] [SEVERE ] player 2 placing token on slot 2
[16:46:30.143] [SEVERE ] player 1 placing token on slot 0
[16:46:30.143] [SEVERE ] player 3 placing token on slot 8
[16:46:30.143] [SEVERE ] player 4 placing token on slot 2
[16:46:30.145] [SEVERE ] player 2 placing token on slot 3
[16:46:30.145] [SEVERE ] player 1 placing token on slot 11
[16:46:30.146] [SEVERE ] player 3 placing token on slot 11
[16:46:30.147] [SEVERE ] player 4 placing token on slot 10
[16:46:30.148] [SEVERE ] player 3 placing token on slot 5
[16:46:30.148] [SEVERE ] player 4 placing token on slot 0
[16:46:30.149] [SEVERE ] removing player 2 token from slot 3
[16:46:30.150] [SEVERE ] player 1 placing token on slot 1
[16:46:30.150] [SEVERE ] player 2 placing token on slot 3
[16:46:30.151] [SEVERE ] player 2 placing token on slot 11
[16:46:30.236] [SEVERE ] placing card 42 in slot 11
[16:46:30.244] [SEVERE ] updating countdown to 58182
[16:46:31.253] [SEVERE ] updating countdown to 57173
[16:46:31.253] [SEVERE ] setting player 3 freeze to 0
[16:46:31.253] [SEVERE ] setting player 3 freeze to 0
[16:46:31.253] [SEVERE ] updating countdown to 57173
[16:46:31.253] [SEVERE ] removing player 3 token from slot 11
[16:46:31.253] [SEVERE ] player 3 placing token on slot 11
[16:46:31.253] [SEVERE ] updating countdown to 57173
[16:46:32.264] [SEVERE ] updating countdown to 56162
[16:46:32.264] [SEVERE ] setting player 1 freeze to 0
[16:46:32.264] [SEVERE ] setting player 1 freeze to 0
[16:46:32.264] [SEVERE ] updating countdown to 56162
[16:46:32.264] [SEVERE ] removing player 1 token from slot 0
[16:46:32.264] [SEVERE ] player 1 placing token on slot 9
[16:46:32.264] [SEVERE ] updating countdown to 56162
[16:46:33.267] [SEVERE ] updating countdown to 55159
[16:46:33.267] [SEVERE ] setting player 4 freeze to 0
[16:46:33.267] [SEVERE ] setting player 4 freeze to 0
[16:46:33.267] [SEVERE ] updating countdown to 55159
[16:46:33.267] [SEVERE ] removing player 4 token from slot 2
[16:46:33.269] [SEVERE ] updating countdown to 55157
[16:46:33.269] [SEVERE ] player 4 placing token on slot 7
[16:46:34.275] [SEVERE ] updating countdown to 54151
[16:46:34.275] [SEVERE ] setting player 2 freeze to 0
[16:46:34.275] [SEVERE ] setting player 2 freeze to 0
[16:46:34.275] [SEVERE ] removing player 2 token from slot 3
[16:46:34.275] [SEVERE ] updating countdown to 54151
[16:46:34.275] [SEVERE ] player 2 placing token on slot 9
[16:46:34.275] [SEVERE ] updating countdown to 54151
[16:46:35.284] [SEVERE ] updating countdown to 53142
[16:46:35.284] [SEVERE ] setting player 3 freeze to 0
[16:46:35.284] [SEVERE ] setting player 3 freeze to 0
[16:46:35.284] [SEVERE ] removing player 3 token from slot 11
[16:46:35.284] [SEVERE ] updating countdown to 53142
[16:46:35.284] [SEVERE ] updating countdown to 53142
[16:46:35.284] [SEVERE ] player 3 placing token on slot 6
[16:46:36.292] [SEVERE ] updating countdown to 52134
[16:46:36.292] [SEVERE ] setting player 1 freeze to 0
[16:46:36.292] [SEVERE ] setting player 1 freeze to 0
[16:46:36.292] [SEVERE ] updating countdown to 52134
[16:46:36.292] [SEVERE ] removing player 1 token from slot 9
[16:46:36.292] [SEVERE ] updating countdown to 52134
[16:46:36.292] [SEVERE ] player 1 placing token on slot 7
[16:46:37.299] [SEVERE ] updating countdown to 51127
[16:46:37.299] [SEVERE ] setting player 4 freeze to 0
[16:46:37.299] [SEVERE ] setting player 4 freeze to 0
[16:46:37.299] [SEVERE ] updating countdown to 51127
[16:46:37.299] [SEVERE ] removing player 4 token from slot 7
[16:46:37.299] [SEVERE ] updating countdown to 51127
[16:46:37.299] [SEVERE ] player 4 placing token on slot 2
[16:46:38.300] [SEVERE ] updating countdown to 50126
[16:46:38.300] [SEVERE ] setting player 2 freeze to 0
[16:46:38.300] [SEVERE ] setting player 2 freeze to 0
[16:46:38.300] [SEVERE ] updating countdown to 50126
[16:46:38.300] [SEVERE ] removing player 2 token from slot 2
[16:46:38.300] [SEVERE ] player 2 placing token on slot 5
[16:46:38.300] [SEVERE ] updating countdown to 50126
[16:46:39.307] [SEVERE ] updating countdown to 49119
[16:46:39.307] [SEVERE ] setting player 3 freeze to 0
[16:46:39.307] [SEVERE ] setting player 3 freeze to 0
[16:46:39.307] [SEVERE ] updating countdown to 49119
[16:46:39.307] [SEVERE ] removing player 3 token from slot 5
[16:46:39.307] [SEVERE ] updating countdown to 49119
[16:46:39.307] [SEVERE ] player 3 placing token on slot 10
[16:46:40.309] [SEVERE ] updating countdown to 48117
[16:46:40.309] [SEVERE ] setting player 1 freeze to 0
[16:46:40.309] [SEVERE ] setting player 1 freeze to 0
[16:46:40.309] [SEVERE ] updating countdown to 48117
[16:46:40.309] [SEVERE ] removing player 1 token from slot 7
[16:46:40.309] [SEVERE ] updating countdown to 48117
[16:46:40.309] [SEVERE ] removing player 1 token from slot 1
[16:46:40.309] [SEVERE ] player 1 placing token on slot 4
[16:46:40.309] [SEVERE ] player 1 placing token on slot 7
[16:46:41.316] [SEVERE ] updating countdown to 47110
[16:46:41.316] [SEVERE ] setting player 4 freeze to 0
[16:46:41.316] [SEVERE ] setting player 4 freeze to 0
[16:46:41.316] [SEVERE ] removing player 4 token from slot 10
[16:46:41.316] [SEVERE ] updating countdown to 47110
[16:46:41.316] [SEVERE ] player 4 placing token on slot 5
[16:46:41.316] [SEVERE ] updating countdown to 47110
[16:46:42.324] [SEVERE ] updating countdown to 46102
[16:46:42.324] [SEVERE ] setting player 2 freeze to 0
[16:46:42.324] [SEVERE ] setting player 2 freeze to 0
[16:46:42.324] [SEVERE ] updating countdown to 46102
[16:46:42.324] [SEVERE ] removing player 2 token from slot 9
[16:46:42.324] [SEVERE ] updating countdown to 46102
[16:46:42.324] [SEVERE ] player 2 placing token on slot 7
[16:46:43.332] [SEVERE ] updating countdown to 45094
[16:46:43.332] [SEVERE ] setting player 3 freeze to 0
[16:46:43.332] [SEVERE ] setting player 3 freeze to 0
[16:46:43.332] [SEVERE ] updating countdown to 45094
[16:46:43.332] [SEVERE ] removing player 3 token from slot 10
[16:46:43.332] [SEVERE ] updating countdown to 45094
[16:46:43.332] [SEVERE ] player 3 placing token on slot 7
[16:46:44.337] [SEVERE ] updating countdown to 44089
[16:46:44.337] [SEVERE ] setting player 1 freeze to 0
[16:46:44.337] [SEVERE ] setting player 1 freeze to 0
[16:46:44.337] [SEVERE ] updating countdown to 44089
[16:46:44.337] [SEVERE ] updating countdown to 44089
[16:46:44.337] [SEVERE ] removing player 1 token from slot 11
[16:46:44.337] [SEVERE ] player 1 placing token on slot 10
[16:46:45.341] [SEVERE ] updating countdown to 43085
[16:46:45.341] [SEVERE ] setting player 4 freeze to 0
[16:46:45.341] [SEVERE ] setting player 4 freeze to 0
[16:46:45.341] [SEVERE ] updating countdown to 43085
[16:46:45.341] [SEVERE ] updating countdown to 43085
[16:46:45.341] [SEVERE ] removing player 4 token from slot 0
[16:46:45.341] [SEVERE ] removing player 4 token from slot 2
[16:46:45.341] [SEVERE ] player 4 placing token on slot 10
[16:46:45.341] [SEVERE ] player 4 placing token on slot 9
[16:46:46.349] [SEVERE ] updating countdown to 42077
[16:46:46.349] [SEVERE ] setting player 2 freeze to 0
[16:46:46.349] [SEVERE ] setting player 2 freeze to 0
[16:46:46.349] [SEVERE ] updating countdown to 42077
[16:46:46.349] [SEVERE ] removing player 2 token from slot 11
[16:46:46.349] [SEVERE ] updating countdown to 42077
[16:46:46.349] [SEVERE ] player 2 placing token on slot 9
[16:46:47.350] [SEVERE ] updating countdown to 41076
[16:46:47.350] [SEVERE ] setting player 3 freeze to 0
[16:46:47.350] [SEVERE ] setting player 3 freeze to 0
[16:46:47.350] [SEVERE ] updating countdown to 41076
[16:46:47.350] [SEVERE ] removing player 3 token from slot 7
[16:46:47.350] [SEVERE ] updating countdown to 41076
[16:46:47.350] [SEVERE ] player 3 placing token on slot 11
[16:46:48.355] [SEVERE ] updating countdown to 40071
[16:46:48.355] [SEVERE ] setting player 1 freeze to 0
[16:46:48.355] [SEVERE ] setting player 1 freeze to 0
[16:46:48.355] [SEVERE ] updating countdown to 40071
[16:46:48.355] [SEVERE ] updating countdown to 40071
[16:46:48.355] [SEVERE ] removing player 1 token from slot 10
[16:46:48.356] [SEVERE ] player 1 placing token on slot 10
[16:46:49.370] [SEVERE ] updating countdown to 39056
[16:46:49.370] [SEVERE ] setting player 4 freeze to 0
[16:46:49.370] [SEVERE ] setting player 4 freeze to 0
[16:46:49.370] [SEVERE ] updating countdown to 39056
[16:46:49.370] [SEVERE ] updating countdown to 39056
[16:46:49.370] [SEVERE ] removing player 4 token from slot 5
[16:46:49.370] [SEVERE ] removing player 4 token from slot 9
[16:46:49.370] [SEVERE ] player 4 placing token on slot 7
[16:46:49.370] [SEVERE ] player 4 placing token on slot 3
[16:46:50.383] [SEVERE ] updating countdown to 38043
[16:46:50.383] [SEVERE ] setting player 2 freeze to 0
[16:46:50.383] [SEVERE ] setting player 2 freeze to 0
[16:46:50.383] [SEVERE ] updating countdown to 38043
[16:46:50.383] [SEVERE ] removing player 2 token from slot 5
[16:46:50.383] [SEVERE ] updating countdown to 38043
[16:46:50.383] [SEVERE ] player 2 placing token on slot 2
[16:46:51.398] [SEVERE ] updating countdown to 37028
[16:46:51.398] [SEVERE ] setting player 3 freeze to 0
[16:46:51.398] [SEVERE ] setting player 3 freeze to 0
[16:46:51.398] [SEVERE ] updating countdown to 37028
[16:46:51.398] [SEVERE ] removing player 3 token from slot 8
[16:46:51.398] [SEVERE ] updating countdown to 37028
[16:46:51.398] [SEVERE ] player 3 placing token on slot 5
[16:46:52.408] [SEVERE ] updating countdown to 36018
[16:46:52.408] [SEVERE ] setting player 1 freeze to 0
[16:46:52.408] [SEVERE ] setting player 1 freeze to 0
[16:46:52.408] [SEVERE ] updating countdown to 36018
[16:46:52.408] [SEVERE ] removing player 1 token from slot 10
[16:46:52.408] [SEVERE ] updating countdown to 36018
[16:46:52.408] [SEVERE ] player 1 placing token on slot 6
[16:46:53.416] [SEVERE ] updating countdown to 35010
[16:46:53.416] [SEVERE ] setting player 4 freeze to 0
[16:46:53.416] [SEVERE ] setting player 4 freeze to 0
[16:46:53.416] [SEVERE ] updating countdown to 35010
[16:46:53.416] [SEVERE ] updating countdown to 35010
[16:46:53.416] [SEVERE ] removing player 4 token from slot 7
[16:46:53.416] [SEVERE ] removing player 4 token from slot 10
[16:46:53.416] [SEVERE ] player 4 placing token on slot 4
[16:46:53.416] [SEVERE ] player 4 placing token on slot 6
[16:46:54.425] [SEVERE ] updating countdown to 34001
[16:46:54.425] [SEVERE ] setting player 2 freeze to 0
[16:46:54.425] [SEVERE ] setting player 2 freeze to 0
[16:46:54.425] [SEVERE ] updating countdown to 34001
[16:46:54.425] [SEVERE ] removing player 2 token from slot 2
[16:46:54.425] [SEVERE ] updating countdown to 34001
[16:46:54.425] [SEVERE ] player 2 placing token on slot 2
[16:46:55.434] [SEVERE ] updating countdown to 32992
[16:46:55.544] [SEVERE ] removing player 3 token from slot 6
[16:46:55.544] [SEVERE ] removing player 4 token from slot 6
[16:46:55.544] [SEVERE ] removing card from slot 6
[16:46:55.656] [SEVERE ] removing player 3 token from slot 11
[16:46:55.656] [SEVERE ] removing card from slot 11
[16:46:55.764] [SEVERE ] removing player 3 token from slot 5
[16:46:55.764] [SEVERE ] removing card from slot 5
[16:46:55.764] [SEVERE ] updating countdown to 32662
[16:46:55.872] [SEVERE ] placing card 11 in slot 5
[16:46:55.983] [SEVERE ] placing card 9 in slot 6
[16:46:56.093] [SEVERE ] placing card 65 in slot 11
[16:46:56.093] [SEVERE ] updating countdown to 60000
[16:46:56.093] [SEVERE ] setting player 3 freeze to 0
[16:46:56.093] [SEVERE ] setting player 3 score to 1
[16:46:56.093] [SEVERE ] setting player 3 freeze to 0
[16:46:56.093] [SEVERE ] updating countdown to 60000
[16:46:56.093] [SEVERE ] updating countdown to 60000
[16:46:57.007] [SEVERE ] player 3 placing token on slot 5
[16:46:57.007] [SEVERE ] player 3 placing token on slot 10
[16:46:57.007] [SEVERE ] player 3 placing token on slot 2
[16:46:57.106] [SEVERE ] updating countdown to 58987
[16:46:57.106] [SEVERE ] setting player 1 freeze to 0
[16:46:57.106] [SEVERE ] setting player 1 freeze to 0
[16:46:57.106] [SEVERE ] updating countdown to 58987
[16:46:57.106] [SEVERE ] updating countdown to 58987
[16:46:57.106] [SEVERE ] removing player 1 token from slot 4
[16:46:57.106] [SEVERE ] player 1 placing token on slot 8
[16:46:58.117] [SEVERE ] updating countdown to 57976
[16:46:58.117] [SEVERE ] setting player 4 freeze to 0
[16:46:58.117] [SEVERE ] setting player 4 freeze to 0
[16:46:58.117] [SEVERE ] updating countdown to 57976
[16:46:58.117] [SEVERE ] player 4 placing token on slot 0
[16:46:58.117] [SEVERE ] updating countdown to 57976
[16:46:58.117] [SEVERE ] removing player 4 token from slot 0
[16:46:58.117] [SEVERE ] player 4 placing token on slot 1
[16:46:59.124] [SEVERE ] updating countdown to 56969
[16:46:59.124] [SEVERE ] setting player 2 freeze to 0
[16:46:59.124] [SEVERE ] setting player 2 freeze to 0
[16:46:59.124] [SEVERE ] updating countdown to 56969
[16:46:59.124] [SEVERE ] removing player 2 token from slot 9
[16:46:59.124] [SEVERE ] updating countdown to 56969
[16:46:59.124] [SEVERE ] player 2 placing token on slot 0
[16:47:00.133] [SEVERE ] updating countdown to 55960
[16:47:00.133] [SEVERE ] setting player 3 freeze to 0
[16:47:00.133] [SEVERE ] setting player 3 freeze to 0
[16:47:00.133] [SEVERE ] updating countdown to 55960
[16:47:00.133] [SEVERE ] removing player 3 token from slot 10
[16:47:00.133] [SEVERE ] updating countdown to 55960
[16:47:00.133] [SEVERE ] player 3 placing token on slot 6
[16:47:01.141] [SEVERE ] updating countdown to 54952
[16:47:01.141] [SEVERE ] setting player 1 freeze to 0
[16:47:01.141] [SEVERE ] setting player 1 freeze to 0
[16:47:01.141] [SEVERE ] updating countdown to 54952
[16:47:01.141] [SEVERE ] removing player 1 token from slot 8
[16:47:01.141] [SEVERE ] updating countdown to 54952
[16:47:01.141] [SEVERE ] player 1 placing token on slot 9
[16:47:02.150] [SEVERE ] updating countdown to 53943
[16:47:02.150] [SEVERE ] setting player 4 freeze to 0
[16:47:02.150] [SEVERE ] setting player 4 freeze to 0
[16:47:02.150] [SEVERE ] updating countdown to 53943
[16:47:02.150] [SEVERE ] removing player 4 token from slot 4
[16:47:02.150] [SEVERE ] updating countdown to 53943
[16:47:02.150] [SEVERE ] player 4 placing token on slot 6
[16:47:03.158] [SEVERE ] updating countdown to 52935
[16:47:03.158] [SEVERE ] setting player 2 freeze to 0
[16:47:03.158] [SEVERE ] setting player 2 freeze to 0
[16:47:03.158] [SEVERE ] updating countdown to 52935
[16:47:03.158] [SEVERE ] removing player 2 token from slot 7
[16:47:03.158] [SEVERE ] updating countdown to 52935
[16:47:03.158] [SEVERE ] player 2 placing token on slot 3
[16:47:04.165] [SEVERE ] updating countdown to 51928
[16:47:04.165] [SEVERE ] setting player 3 freeze to 0
[16:47:04.165] [SEVERE ] setting player 3 freeze to 0
[16:47:04.165] [SEVERE ] updating countdown to 51928
[16:47:04.165] [SEVERE ] removing player 3 token from slot 2
[16:47:04.165] [SEVERE ] updating countdown to 51928
[16:47:04.165] [SEVERE ] player 3 placing token on slot 9
[16:47:05.174] [SEVERE ] updating countdown to 50919
[16:47:05.174] [SEVERE ] setting player 1 freeze to 0
[16:47:05.174] [SEVERE ] setting player 1 freeze to 0
[16:47:05.174] [SEVERE ] updating countdown to 50919
[16:47:05.174] [SEVERE ] updating countdown to 50919
[16:47:05.174] [SEVERE ] removing player 1 token from slot 6
[16:47:05.174] [SEVERE ] player 1 placing token on slot 6
[16:47:06.183] [SEVERE ] updating countdown to 49910
[16:47:06.183] [SEVERE ] setting player 4 freeze to 0
[16:47:06.183] [SEVERE ] setting player 4 freeze to 0
[16:47:06.183] [SEVERE ] updating countdown to 49910
[16:47:06.183] [SEVERE ] removing player 4 token from slot 6
[16:47:06.183] [SEVERE ] updating countdown to 49910
[16:47:06.183] [SEVERE ] player 4 placing token on slot 7
[16:47:07.191] [SEVERE ] updating countdown to 48902
[16:47:07.191] [SEVERE ] setting player 2 freeze to 0
[16:47:07.191] [SEVERE ] setting player 2 freeze to 0
[16:47:07.191] [SEVERE ] updating countdown to 48902
[16:47:07.191] [SEVERE ] removing player 2 token from slot 2
[16:47:07.191] [SEVERE ] updating countdown to 48902
[16:47:07.191] [SEVERE ] player 2 placing token on slot 2
[16:47:08.193] [SEVERE ] updating countdown to 47900
[16:47:08.193] [SEVERE ] setting player 3 freeze to 0
[16:47:08.193] [SEVERE ] setting player 3 freeze to 0
[16:47:08.193] [SEVERE ] updating countdown to 47900
[16:47:08.193] [SEVERE ] removing player 3 token from slot 5
[16:47:08.193] [SEVERE ] updating countdown to 47900
[16:47:08.193] [SEVERE ] player 3 placing token on slot 10
[16:47:09.202] [SEVERE ] updating countdown to 46891
[16:47:09.202] [SEVERE ] setting player 1 freeze to 0
[16:47:09.202] [SEVERE ] setting player 1 freeze to 0
[16:47:09.202] [SEVERE ] updating countdown to 46891
[16:47:09.202] [SEVERE ] updating countdown to 46891
[16:47:09.202] [SEVERE ] removing player 1 token from slot 7
[16:47:09.202] [SEVERE ] removing player 1 token from slot 9
[16:47:09.202] [SEVERE ] player 1 placing token on slot 9
[16:47:09.202] [SEVERE ] player 1 placing token on slot 1
[16:47:09.784] [SEVERE ] exit button pressed
[16:47:09.784] [SEVERE ] disposing of user interface elements
[16:47:09.784] [INFO   ] thread computer-0 terminated.
[16:47:09.784] [INFO   ] thread Thread-0 terminated.
[16:47:09.784] [INFO   ] thread computer-2 terminated.
[16:47:09.784] [INFO   ] thread computer-3 terminated.
[16:47:09.784] [INFO   ] thread computer-1 terminated.
[16:47:09.784] [INFO   ] thread Thread-2 terminated.
[16:47:09.784] [INFO   ] thread Thread-3 terminated.
[16:47:09.784] [INFO   ] thread Thread-1 terminated.
