[19:55:52.109] [INFO   ] thread main starting.
[19:55:52.112] [SEVERE ] cannot read configuration file config.properties trying from resources.
[19:55:52.112] [SEVERE ] configuration file was loaded from resources directory.
[19:55:52.465] [INFO   ] thread dealer starting.
[19:55:52.465] [INFO   ] thread dealer starting.
[19:55:52.465] [SEVERE ] updating countdown to 10000
[19:55:52.465] [INFO   ] thread Thread-0 starting.
[19:55:52.465] [INFO   ] thread Thread-1 starting.
[19:55:52.465] [INFO   ] thread Thread-2 starting.
[19:55:52.465] [INFO   ] thread Thread-3 starting.
[19:55:52.471] [INFO   ] thread computer-1 starting.
[19:55:52.471] [INFO   ] thread computer-0 starting.
[19:55:52.472] [INFO   ] thread computer-2 starting.
[19:55:52.472] [INFO   ] thread computer-3 starting.
[19:55:52.985] [SEVERE ] updating countdown to 9480
[19:55:53.198] [SEVERE ] placing card 36 in slot 0
[19:55:53.415] [SEVERE ] placing card 62 in slot 1
[19:55:53.617] [SEVERE ] placing card 24 in slot 2
[19:55:53.831] [SEVERE ] placing card 1 in slot 3
[19:55:54.041] [SEVERE ] placing card 44 in slot 4
[19:55:54.245] [SEVERE ] placing card 33 in slot 5
[19:55:54.454] [SEVERE ] placing card 77 in slot 6
[19:55:54.659] [SEVERE ] placing card 63 in slot 7
[19:55:54.863] [SEVERE ] placing card 73 in slot 8
[19:55:55.065] [SEVERE ] placing card 69 in slot 9
[19:55:55.266] [SEVERE ] placing card 32 in slot 10
[19:55:55.466] [SEVERE ] placing card 15 in slot 11
[19:55:55.466] [SEVERE ] player 2 placing token on slot 8
[19:55:55.466] [SEVERE ] player 3 placing token on slot 6
[19:55:55.466] [SEVERE ] player 4 placing token on slot 3
[19:55:55.467] [SEVERE ] player 2 placing token on slot 11
[19:55:55.467] [SEVERE ] player 3 placing token on slot 3
[19:55:55.466] [SEVERE ] player 1 placing token on slot 0
[19:55:55.467] [SEVERE ] player 4 placing token on slot 8
[19:55:55.467] [SEVERE ] player 2 placing token on slot 10
[19:55:55.468] [SEVERE ] player 4 placing token on slot 2
[19:55:55.468] [SEVERE ] player 3 placing token on slot 0
[19:55:55.468] [SEVERE ] removing player 1 token from slot 0
[19:55:55.468] [SEVERE ] player 1 placing token on slot 0
[19:55:55.469] [SEVERE ] player 1 placing token on slot 7
[19:55:55.469] [SEVERE ] player 1 placing token on slot 8
[19:55:55.472] [SEVERE ] updating countdown to 6993
[19:55:56.488] [SEVERE ] updating countdown to 5977
[19:55:56.703] [SEVERE ] removing player 2 token from slot 8
[19:55:56.703] [SEVERE ] removing player 4 token from slot 8
[19:55:56.703] [SEVERE ] removing player 1 token from slot 8
[19:55:56.703] [SEVERE ] removing card from slot 8
[19:55:56.907] [SEVERE ] removing player 2 token from slot 11
[19:55:56.907] [SEVERE ] removing card from slot 11
[19:55:57.111] [SEVERE ] removing player 2 token from slot 10
[19:55:57.111] [SEVERE ] removing card from slot 10
[19:55:57.315] [SEVERE ] placing card 39 in slot 8
[19:55:57.521] [SEVERE ] placing card 0 in slot 10
[19:55:57.730] [SEVERE ] placing card 67 in slot 11
[19:55:57.732] [SEVERE ] updating countdown to 10000
[19:55:57.732] [SEVERE ] setting player 2 freeze to 1
[19:55:57.732] [INFO   ] thread dealer terminated.
[19:56:02.745] [SEVERE ] thanks for playing... it was fun!
[19:56:02.745] [INFO   ] thread main terminated.
[19:56:02.745] [SEVERE ] disposing of user interface elements
