[19:15:07.831] [INFO   ] thread main starting.
[19:15:07.842] [SEVERE ] cannot read configuration file config.properties trying from resources.
[19:15:07.844] [SEVERE ] configuration file was loaded from resources directory.
[19:15:08.197] [INFO   ] thread dealer starting.
[19:15:08.197] [INFO   ] thread dealer starting.
[19:15:08.197] [SEVERE ] updating countdown to 10000
[19:15:08.197] [INFO   ] thread Thread-0 starting.
[19:15:08.197] [INFO   ] thread Thread-3 starting.
[19:15:08.197] [INFO   ] thread Thread-1 starting.
[19:15:08.197] [INFO   ] thread computer-0 starting.
[19:15:08.197] [INFO   ] thread Thread-2 starting.
[19:15:08.197] [INFO   ] thread computer-1 starting.
[19:15:08.197] [INFO   ] thread computer-3 starting.
[19:15:08.197] [INFO   ] thread computer-2 starting.
[19:15:08.702] [SEVERE ] updating countdown to 9495
[19:15:08.924] [SEVERE ] placing card 79 in slot 0
[19:15:09.132] [SEVERE ] placing card 21 in slot 1
[19:15:09.338] [SEVERE ] placing card 75 in slot 2
[19:15:09.553] [SEVERE ] placing card 6 in slot 3
[19:15:09.769] [SEVERE ] placing card 61 in slot 4
[19:15:09.975] [SEVERE ] placing card 33 in slot 5
[19:15:10.180] [SEVERE ] placing card 1 in slot 6
[19:15:10.384] [SEVERE ] placing card 58 in slot 7
[19:15:10.588] [SEVERE ] placing card 31 in slot 8
[19:15:10.791] [SEVERE ] placing card 57 in slot 9
[19:15:10.995] [SEVERE ] placing card 38 in slot 10
[19:15:11.199] [SEVERE ] placing card 43 in slot 11
[19:15:11.199] [SEVERE ] player 4 placing token on slot 8
[19:15:11.199] [SEVERE ] player 3 placing token on slot 5
[19:15:11.199] [SEVERE ] player 4 placing token on slot 11
[19:15:11.199] [SEVERE ] player 2 placing token on slot 11
[19:15:11.199] [SEVERE ] player 2 placing token on slot 5
[19:15:11.199] [SEVERE ] player 1 placing token on slot 9
[19:15:11.199] [SEVERE ] player 3 placing token on slot 7
[19:15:11.199] [SEVERE ] player 4 placing token on slot 7
[19:15:11.199] [SEVERE ] player 2 placing token on slot 7
[19:15:11.199] [SEVERE ] player 1 placing token on slot 1
[19:15:11.199] [SEVERE ] player 3 placing token on slot 6
[19:15:11.199] [SEVERE ] player 1 placing token on slot 11
[19:15:11.199] [SEVERE ] updating countdown to 6998
[19:15:12.213] [SEVERE ] updating countdown to 5984
[19:15:12.230] [SEVERE ] setting player 1 freeze to 1
[19:15:12.230] [SEVERE ] setting player 1 freeze to 0
[19:15:12.230] [SEVERE ] removing player 1 token from slot 11
[19:15:12.230] [SEVERE ] removing player 1 token from slot 1
[19:15:12.230] [SEVERE ] player 1 placing token on slot 7
[19:15:12.230] [SEVERE ] player 1 placing token on slot 0
[19:15:12.230] [SEVERE ] updating countdown to 5967
[19:15:13.234] [SEVERE ] setting player 2 freeze to 1
[19:15:13.234] [SEVERE ] setting player 2 freeze to 0
[19:15:13.234] [SEVERE ] removing player 2 token from slot 11
[19:15:13.234] [SEVERE ] player 2 placing token on slot 1
[19:15:14.239] [SEVERE ] setting player 3 freeze to 1
[19:15:14.239] [SEVERE ] setting player 3 freeze to 0
[19:15:14.239] [SEVERE ] removing player 3 token from slot 5
[19:15:14.239] [SEVERE ] player 3 placing token on slot 9
[19:15:15.247] [SEVERE ] setting player 4 freeze to 1
[19:15:15.247] [SEVERE ] setting player 4 freeze to 0
[19:15:15.247] [SEVERE ] removing player 4 token from slot 11
[19:15:15.247] [SEVERE ] player 4 placing token on slot 2
[19:15:16.262] [SEVERE ] setting player 1 freeze to 1
[19:15:16.262] [SEVERE ] setting player 1 freeze to 0
[19:15:16.262] [SEVERE ] removing player 1 token from slot 7
[19:15:16.262] [SEVERE ] player 1 placing token on slot 2
[19:15:17.273] [SEVERE ] setting player 2 freeze to 1
[19:15:17.273] [SEVERE ] setting player 2 freeze to 0
[19:15:17.273] [SEVERE ] removing player 2 token from slot 5
[19:15:17.273] [SEVERE ] player 2 placing token on slot 9
[19:15:18.287] [SEVERE ] updating countdown to 10000
[19:15:18.287] [SEVERE ] setting player 3 freeze to 1
[19:15:18.287] [SEVERE ] setting player 3 freeze to 0
[19:15:18.287] [SEVERE ] updating countdown to 10000
[19:15:18.287] [SEVERE ] removing player 3 token from slot 9
[19:15:18.287] [SEVERE ] setting player 4 freeze to 1
[19:15:18.287] [SEVERE ] setting player 4 freeze to 0
[19:15:18.496] [SEVERE ] removing player 1 token from slot 0
[19:15:18.496] [SEVERE ] removing card from slot 0
[19:15:18.701] [SEVERE ] removing player 2 token from slot 1
[19:15:18.701] [SEVERE ] removing card from slot 1
[19:15:18.906] [SEVERE ] removing player 4 token from slot 2
[19:15:18.906] [SEVERE ] removing player 1 token from slot 2
[19:15:18.906] [SEVERE ] removing card from slot 2
[19:15:19.110] [SEVERE ] removing card from slot 3
[19:15:19.314] [SEVERE ] removing card from slot 4
[19:15:19.518] [SEVERE ] removing card from slot 5
[19:15:19.721] [SEVERE ] removing player 3 token from slot 6
[19:15:19.721] [SEVERE ] removing card from slot 6
[19:15:19.925] [SEVERE ] removing player 3 token from slot 7
[19:15:19.925] [SEVERE ] removing player 4 token from slot 7
[19:15:19.925] [SEVERE ] removing player 2 token from slot 7
[19:15:19.925] [SEVERE ] removing card from slot 7
[19:15:20.129] [SEVERE ] removing player 4 token from slot 8
[19:15:20.130] [SEVERE ] removing card from slot 8
[19:15:20.338] [SEVERE ] removing player 1 token from slot 9
[19:15:20.338] [SEVERE ] removing player 2 token from slot 9
[19:15:20.338] [SEVERE ] removing card from slot 9
[19:15:20.542] [SEVERE ] removing card from slot 10
[19:15:20.749] [SEVERE ] removing card from slot 11
[19:15:20.749] [SEVERE ] player 3 placing token on slot 2
[19:15:20.749] [SEVERE ] player 4 placing token on slot 4
[19:15:20.953] [SEVERE ] placing card 9 in slot 0
[19:15:21.157] [SEVERE ] placing card 46 in slot 1
[19:15:21.360] [SEVERE ] placing card 70 in slot 2
[19:15:21.564] [SEVERE ] placing card 42 in slot 3
[19:15:21.768] [SEVERE ] placing card 49 in slot 4
[19:15:21.972] [SEVERE ] placing card 3 in slot 5
[19:15:22.179] [SEVERE ] placing card 64 in slot 6
[19:15:22.383] [SEVERE ] placing card 22 in slot 7
[19:15:22.593] [SEVERE ] placing card 10 in slot 8
[19:15:22.797] [SEVERE ] placing card 30 in slot 9
[19:15:23.001] [SEVERE ] placing card 36 in slot 10
[19:15:23.205] [SEVERE ] placing card 18 in slot 11
[19:15:23.205] [SEVERE ] player 3 placing token on slot 8
[19:15:23.205] [SEVERE ] player 4 placing token on slot 11
[19:15:23.205] [SEVERE ] player 4 placing token on slot 0
[19:15:23.205] [SEVERE ] player 3 placing token on slot 3
[19:15:23.205] [SEVERE ] removing player 4 token from slot 11
[19:15:23.205] [SEVERE ] player 4 placing token on slot 6
[19:15:23.205] [SEVERE ] updating countdown to 5082
[19:15:23.419] [SEVERE ] removing player 4 token from slot 0
[19:15:23.419] [SEVERE ] removing card from slot 0
[19:15:23.624] [SEVERE ] removing card from slot 1
[19:15:23.828] [SEVERE ] removing player 3 token from slot 2
[19:15:23.828] [SEVERE ] removing card from slot 2
[19:15:24.032] [SEVERE ] removing player 3 token from slot 3
[19:15:24.032] [SEVERE ] removing card from slot 3
[19:15:24.236] [SEVERE ] removing player 4 token from slot 4
[19:15:24.236] [SEVERE ] removing card from slot 4
[19:15:24.440] [SEVERE ] removing card from slot 5
[19:15:24.644] [SEVERE ] removing player 4 token from slot 6
[19:15:24.644] [SEVERE ] removing card from slot 6
[19:15:24.848] [SEVERE ] removing card from slot 7
[19:15:25.052] [SEVERE ] removing player 3 token from slot 8
[19:15:25.052] [SEVERE ] removing card from slot 8
[19:15:25.256] [SEVERE ] removing card from slot 9
[19:15:25.460] [SEVERE ] removing card from slot 10
[19:15:25.664] [SEVERE ] removing card from slot 11
[19:15:25.869] [SEVERE ] placing card 29 in slot 0
[19:15:26.073] [SEVERE ] placing card 18 in slot 1
[19:15:26.277] [SEVERE ] placing card 4 in slot 2
[19:15:26.481] [SEVERE ] placing card 44 in slot 3
[19:15:26.685] [SEVERE ] placing card 73 in slot 4
[19:15:26.889] [SEVERE ] placing card 9 in slot 5
[19:15:27.093] [SEVERE ] placing card 65 in slot 6
[19:15:27.297] [SEVERE ] placing card 6 in slot 7
[19:15:27.501] [SEVERE ] placing card 20 in slot 8
[19:15:27.705] [SEVERE ] placing card 56 in slot 9
[19:15:27.909] [SEVERE ] placing card 5 in slot 10
[19:15:28.112] [SEVERE ] placing card 45 in slot 11
[19:15:29.121] [SEVERE ] updating countdown to 10000
[19:15:29.121] [SEVERE ] updating countdown to 10000
[19:15:29.330] [SEVERE ] removing card from slot 0
[19:15:29.534] [SEVERE ] removing card from slot 1
[19:15:29.738] [SEVERE ] removing card from slot 2
[19:15:29.941] [SEVERE ] removing card from slot 3
[19:15:30.145] [SEVERE ] removing card from slot 4
[19:15:30.349] [SEVERE ] removing card from slot 5
[19:15:30.553] [SEVERE ] removing card from slot 6
[19:15:30.757] [SEVERE ] removing card from slot 7
[19:15:30.961] [SEVERE ] removing card from slot 8
[19:15:31.166] [SEVERE ] removing card from slot 9
[19:15:31.369] [SEVERE ] removing card from slot 10
[19:15:31.573] [SEVERE ] removing card from slot 11
[19:15:31.777] [SEVERE ] placing card 76 in slot 0
[19:15:31.981] [SEVERE ] placing card 34 in slot 1
[19:15:32.184] [SEVERE ] placing card 42 in slot 2
[19:15:32.389] [SEVERE ] placing card 61 in slot 3
[19:15:32.593] [SEVERE ] placing card 41 in slot 4
[19:15:32.797] [SEVERE ] placing card 40 in slot 5
[19:15:33.001] [SEVERE ] placing card 56 in slot 6
[19:15:33.205] [SEVERE ] placing card 32 in slot 7
[19:15:33.408] [SEVERE ] placing card 21 in slot 8
[19:15:33.612] [SEVERE ] placing card 7 in slot 9
[19:15:33.816] [SEVERE ] placing card 68 in slot 10
[19:15:34.020] [SEVERE ] placing card 31 in slot 11
[19:15:34.020] [INFO   ] thread dealer terminated.
[19:15:39.036] [SEVERE ] thanks for playing... it was fun!
[19:15:39.036] [INFO   ] thread main terminated.
[19:15:39.036] [SEVERE ] disposing of user interface elements
