[18:17:23.283] [INFO   ] thread main starting.
[18:17:23.288] [SEVERE ] cannot read configuration file config.properties trying from resources.
[18:17:23.290] [SEVERE ] configuration file was loaded from resources directory.
[18:17:23.649] [INFO   ] thread dealer starting.
[18:17:23.649] [INFO   ] thread dealer starting.
[18:17:23.650] [SEVERE ] updating countdown to 20000
[18:17:23.650] [INFO   ] thread Thread-0 starting.
[18:17:23.650] [INFO   ] thread Thread-1 starting.
[18:17:23.650] [INFO   ] thread Thread-2 starting.
[18:17:23.650] [INFO   ] thread Thread-3 starting.
[18:17:23.651] [INFO   ] thread computer-0 starting.
[18:17:23.651] [INFO   ] thread computer-2 starting.
[18:17:23.651] [INFO   ] thread computer-1 starting.
[18:17:23.651] [INFO   ] thread computer-3 starting.
[18:17:24.157] [SEVERE ] updating countdown to 19493
[18:17:24.567] [SEVERE ] placing card 23 in slot 0
[18:17:24.972] [SEVERE ] placing card 39 in slot 1
[18:17:25.380] [SEVERE ] placing card 9 in slot 2
[18:17:25.784] [SEVERE ] placing card 77 in slot 3
[18:17:26.188] [SEVERE ] placing card 26 in slot 4
[18:17:26.598] [SEVERE ] placing card 67 in slot 5
[18:17:27.011] [SEVERE ] placing card 76 in slot 6
[18:17:27.413] [SEVERE ] placing card 71 in slot 7
[18:17:27.827] [SEVERE ] placing card 44 in slot 8
[18:17:28.241] [SEVERE ] placing card 53 in slot 9
[18:17:28.646] [SEVERE ] placing card 40 in slot 10
[18:17:29.061] [SEVERE ] placing card 63 in slot 11
[18:17:29.061] [SEVERE ] player 4 placing token on slot 6
[18:17:29.061] [SEVERE ] player 3 placing token on slot 3
[18:17:29.061] [SEVERE ] player 1 placing token on slot 10
[18:17:29.061] [SEVERE ] player 2 placing token on slot 5
[18:17:29.061] [SEVERE ] player 2 placing token on slot 3
[18:17:29.061] [SEVERE ] player 4 placing token on slot 4
[18:17:29.061] [SEVERE ] player 3 placing token on slot 7
[18:17:29.061] [SEVERE ] player 1 placing token on slot 9
[18:17:29.061] [SEVERE ] player 1 placing token on slot 7
[18:17:29.061] [SEVERE ] player 2 placing token on slot 1
[18:17:29.061] [SEVERE ] removing player 4 token from slot 4
[18:17:29.061] [SEVERE ] player 3 placing token on slot 1
[18:17:29.061] [SEVERE ] player 4 placing token on slot 4
[18:17:29.061] [SEVERE ] player 4 placing token on slot 0
[18:17:29.068] [SEVERE ] updating countdown to 14582
[18:17:30.070] [SEVERE ] updating countdown to 13580
[18:17:30.071] [SEVERE ] setting player 1 freeze to 1
[18:17:30.071] [SEVERE ] setting player 1 freeze to 0
[18:17:30.071] [SEVERE ] removing player 1 token from slot 7
[18:17:30.071] [SEVERE ] player 1 placing token on slot 5
[18:17:30.071] [SEVERE ] updating countdown to 13579
[18:17:31.083] [SEVERE ] updating countdown to 12567
[18:17:31.083] [SEVERE ] setting player 2 freeze to 1
[18:17:31.083] [SEVERE ] setting player 2 freeze to 0
[18:17:31.083] [SEVERE ] removing player 2 token from slot 5
[18:17:31.083] [SEVERE ] player 2 placing token on slot 11
[18:17:31.083] [SEVERE ] updating countdown to 12567
[18:17:32.092] [SEVERE ] updating countdown to 11558
[18:17:32.092] [SEVERE ] setting player 3 freeze to 1
[18:17:32.092] [SEVERE ] setting player 3 freeze to 0
[18:17:32.092] [SEVERE ] removing player 3 token from slot 7
[18:17:32.092] [SEVERE ] player 3 placing token on slot 9
[18:17:32.092] [SEVERE ] updating countdown to 11558
[18:17:33.098] [SEVERE ] updating countdown to 10552
[18:17:33.098] [SEVERE ] setting player 4 freeze to 1
[18:17:33.098] [SEVERE ] setting player 4 freeze to 0
[18:17:33.098] [SEVERE ] removing player 4 token from slot 0
[18:17:33.098] [SEVERE ] updating countdown to 10552
[18:17:33.098] [SEVERE ] player 4 placing token on slot 5
[18:17:34.110] [SEVERE ] updating countdown to 9540
[18:17:34.110] [SEVERE ] setting player 1 freeze to 1
[18:17:34.110] [SEVERE ] setting player 1 freeze to 0
[18:17:34.110] [SEVERE ] removing player 1 token from slot 9
[18:17:34.110] [SEVERE ] player 1 placing token on slot 9
[18:17:34.110] [SEVERE ] updating countdown to 9540
[18:17:35.117] [SEVERE ] updating countdown to 8533
[18:17:35.117] [SEVERE ] setting player 2 freeze to 1
[18:17:35.118] [SEVERE ] setting player 2 freeze to 0
[18:17:35.118] [SEVERE ] removing player 2 token from slot 1
[18:17:35.118] [SEVERE ] player 2 placing token on slot 2
[18:17:35.118] [SEVERE ] updating countdown to 8532
[18:17:36.123] [SEVERE ] updating countdown to 7527
[18:17:36.123] [SEVERE ] setting player 3 freeze to 1
[18:17:36.123] [SEVERE ] setting player 3 freeze to 0
[18:17:36.123] [SEVERE ] removing player 3 token from slot 1
[18:17:36.123] [SEVERE ] player 3 placing token on slot 10
[18:17:36.123] [SEVERE ] updating countdown to 7527
[18:17:37.138] [SEVERE ] updating countdown to 6512
[18:17:37.138] [SEVERE ] setting player 4 freeze to 1
[18:17:37.138] [SEVERE ] setting player 4 freeze to 0
[18:17:37.138] [SEVERE ] removing player 4 token from slot 6
[18:17:37.138] [SEVERE ] removing player 4 token from slot 5
[18:17:37.138] [SEVERE ] player 4 placing token on slot 9
[18:17:37.138] [SEVERE ] player 4 placing token on slot 2
[18:17:37.138] [SEVERE ] updating countdown to 6512
[18:17:38.153] [SEVERE ] updating countdown to 5497
[18:17:38.153] [SEVERE ] setting player 1 freeze to 1
[18:17:38.153] [SEVERE ] setting player 1 freeze to 0
[18:17:38.153] [SEVERE ] removing player 1 token from slot 9
[18:17:38.153] [SEVERE ] updating countdown to 5497
[18:17:38.153] [SEVERE ] player 1 placing token on slot 8
[18:17:39.167] [SEVERE ] setting player 2 freeze to 1
[18:17:39.168] [SEVERE ] setting player 2 freeze to 0
[18:17:39.168] [SEVERE ] removing player 2 token from slot 3
[18:17:39.168] [SEVERE ] player 2 placing token on slot 5
[18:17:40.182] [SEVERE ] setting player 3 freeze to 1
[18:17:40.182] [SEVERE ] setting player 3 freeze to 0
[18:17:40.182] [SEVERE ] removing player 3 token from slot 9
[18:17:40.182] [SEVERE ] player 3 placing token on slot 7
[18:17:41.193] [SEVERE ] setting player 4 freeze to 1
[18:17:41.193] [SEVERE ] setting player 4 freeze to 0
[18:17:41.193] [SEVERE ] removing player 4 token from slot 2
[18:17:41.193] [SEVERE ] player 4 placing token on slot 0
[18:17:42.195] [SEVERE ] setting player 1 freeze to 1
[18:17:42.195] [SEVERE ] setting player 1 freeze to 0
[18:17:42.195] [SEVERE ] removing player 1 token from slot 8
[18:17:42.195] [SEVERE ] player 1 placing token on slot 2
[18:17:43.197] [SEVERE ] setting player 2 freeze to 1
[18:17:43.197] [SEVERE ] setting player 2 freeze to 0
[18:17:43.198] [SEVERE ] removing player 2 token from slot 2
[18:17:43.198] [SEVERE ] player 2 placing token on slot 0
[18:17:44.210] [SEVERE ] updating countdown to 20000
[18:17:44.210] [SEVERE ] setting player 3 freeze to 1
[18:17:44.210] [SEVERE ] setting player 3 freeze to 0
[18:17:44.210] [SEVERE ] updating countdown to 20000
[18:17:44.210] [SEVERE ] removing player 3 token from slot 7
[18:17:44.620] [SEVERE ] removing player 4 token from slot 0
[18:17:44.620] [SEVERE ] removing player 2 token from slot 0
[18:17:44.620] [SEVERE ] removing card from slot 0
[18:17:45.031] [SEVERE ] removing card from slot 1
[18:17:45.445] [SEVERE ] removing player 1 token from slot 2
[18:17:45.445] [SEVERE ] removing card from slot 2
[18:17:45.854] [SEVERE ] removing player 3 token from slot 3
[18:17:45.854] [SEVERE ] removing card from slot 3
[18:17:46.263] [SEVERE ] removing player 4 token from slot 4
[18:17:46.263] [SEVERE ] removing card from slot 4
[18:17:46.673] [SEVERE ] removing player 1 token from slot 5
[18:17:46.673] [SEVERE ] removing player 2 token from slot 5
[18:17:46.673] [SEVERE ] removing card from slot 5
[18:17:47.085] [SEVERE ] removing card from slot 6
[18:17:47.493] [SEVERE ] removing card from slot 7
[18:17:47.903] [SEVERE ] removing card from slot 8
[18:17:48.316] [SEVERE ] removing player 4 token from slot 9
[18:17:48.316] [SEVERE ] removing card from slot 9
[18:17:48.728] [SEVERE ] removing player 1 token from slot 10
[18:17:48.728] [SEVERE ] removing player 3 token from slot 10
[18:17:48.728] [SEVERE ] removing card from slot 10
[18:17:49.138] [SEVERE ] removing player 2 token from slot 11
[18:17:49.138] [SEVERE ] removing card from slot 11
[18:17:49.547] [SEVERE ] placing card 55 in slot 0
[18:17:49.958] [SEVERE ] placing card 24 in slot 1
[18:17:50.370] [SEVERE ] placing card 5 in slot 2
[18:17:50.772] [SEVERE ] placing card 11 in slot 3
[18:17:51.180] [SEVERE ] placing card 32 in slot 4
[18:17:51.585] [SEVERE ] placing card 3 in slot 5
[18:17:51.995] [SEVERE ] placing card 15 in slot 6
[18:17:52.288] [SEVERE ] exit button pressed
[18:17:52.288] [SEVERE ] disposing of user interface elements
[18:17:52.288] [INFO   ] thread computer-0 terminated.
[18:17:52.288] [INFO   ] thread computer-2 terminated.
[18:17:52.288] [INFO   ] thread computer-3 terminated.
[18:17:52.288] [INFO   ] thread Thread-0 terminated.
[18:17:52.288] [INFO   ] thread computer-1 terminated.
[18:17:52.288] [INFO   ] thread Thread-3 terminated.
[18:17:52.288] [INFO   ] thread Thread-2 terminated.
[18:17:52.288] [INFO   ] thread Thread-1 terminated.
