[16:28:42.846] [INFO   ] thread main starting.
[16:28:42.846] [SEVERE ] cannot read configuration file config.properties trying from resources.
[16:28:42.846] [SEVERE ] configuration file was loaded from resources directory.
[16:28:43.221] [INFO   ] thread dealer starting.
[16:28:43.221] [INFO   ] thread dealer starting.
[16:28:43.221] [SEVERE ] updating countdown to 20000
[16:28:43.728] [SEVERE ] updating countdown to 19493
[16:28:43.728] [SEVERE ] updating countdown to 19493
[16:28:43.728] [INFO   ] thread Thread-0 starting.
[16:28:43.728] [INFO   ] thread Thread-1 starting.
[16:28:43.728] [INFO   ] thread computer-1 starting.
[16:28:43.728] [SEVERE ] updating countdown to 19493
[16:28:43.728] [SEVERE ] updating countdown to 19493
[16:28:43.845] [SEVERE ] placing card 68 in slot 0
[16:28:43.947] [SEVERE ] placing card 56 in slot 1
[16:28:44.049] [SEVERE ] placing card 58 in slot 2
[16:28:44.159] [SEVERE ] placing card 44 in slot 3
[16:28:44.269] [SEVERE ] placing card 20 in slot 4
[16:28:44.379] [SEVERE ] placing card 30 in slot 5
[16:28:44.489] [SEVERE ] placing card 53 in slot 6
[16:28:44.599] [SEVERE ] placing card 42 in slot 7
[16:28:44.709] [SEVERE ] placing card 29 in slot 8
[16:28:44.819] [SEVERE ] placing card 2 in slot 9
[16:28:44.929] [SEVERE ] placing card 69 in slot 10
[16:28:44.940] [SEVERE ] player 2 placing token on slot 6
[16:28:44.940] [SEVERE ] player 2 placing token on slot 5
[16:28:44.940] [SEVERE ] player 2 placing token on slot 9
[16:28:45.035] [SEVERE ] placing card 22 in slot 11
[16:28:45.035] [SEVERE ] updating countdown to 18186
[16:28:45.986] [SEVERE ] key 81 was pressed by player 1
[16:28:45.986] [SEVERE ] player 1 placing token on slot 0
[16:28:46.044] [SEVERE ] updating countdown to 17177
[16:28:46.044] [SEVERE ] setting player 2 freeze to 3000
[16:28:46.044] [SEVERE ] setting player 2 freeze to 3000
[16:28:46.044] [SEVERE ] updating countdown to 17177
[16:28:46.044] [SEVERE ] setting player 2 freeze to 3000
[16:28:46.047] [SEVERE ] updating countdown to 17174
[16:28:46.048] [SEVERE ] setting player 2 freeze to 2996
[16:28:46.066] [SEVERE ] key 87 was pressed by player 1
[16:28:46.066] [SEVERE ] player 1 placing token on slot 1
[16:28:46.122] [SEVERE ] key 69 was pressed by player 1
[16:28:46.122] [SEVERE ] player 1 placing token on slot 2
[16:28:46.312] [SEVERE ] key 87 was pressed by player 1
[16:28:46.382] [SEVERE ] key 81 was pressed by player 1
[16:28:46.455] [SEVERE ] key 69 was pressed by player 1
[16:28:46.812] [SEVERE ] key 69 was pressed by player 1
[16:28:46.819] [SEVERE ] key 87 was pressed by player 1
[16:28:46.834] [SEVERE ] key 81 was pressed by player 1
[16:28:46.986] [SEVERE ] key 69 was pressed by player 1
[16:28:47.049] [SEVERE ] updating countdown to 16172
[16:28:47.049] [SEVERE ] setting player 2 freeze to 1995
[16:28:47.049] [SEVERE ] setting player 1 freeze to 3000
[16:28:47.049] [SEVERE ] setting player 1 freeze to 3000
[16:28:47.049] [SEVERE ] setting player 2 freeze to 1995
[16:28:47.049] [SEVERE ] updating countdown to 16172
[16:28:47.049] [SEVERE ] setting player 1 freeze to 3000
[16:28:47.049] [SEVERE ] setting player 2 freeze to 1995
[16:28:47.049] [SEVERE ] updating countdown to 16172
[16:28:47.049] [SEVERE ] setting player 1 freeze to 3000
[16:28:47.049] [SEVERE ] setting player 2 freeze to 1995
[16:28:47.214] [SEVERE ] key 87 was pressed by player 1
[16:28:47.497] [SEVERE ] key 81 was pressed by player 1
[16:28:47.507] [SEVERE ] key 87 was pressed by player 1
[16:28:47.560] [SEVERE ] key 69 was pressed by player 1
[16:28:47.937] [SEVERE ] key 81 was pressed by player 1
[16:28:48.065] [SEVERE ] updating countdown to 15156
[16:28:48.065] [SEVERE ] setting player 1 freeze to 1984
[16:28:48.065] [SEVERE ] setting player 2 freeze to 979
[16:28:48.065] [SEVERE ] updating countdown to 15156
[16:28:48.065] [SEVERE ] setting player 1 freeze to 1984
[16:28:48.065] [SEVERE ] setting player 2 freeze to 979
[16:28:48.065] [SEVERE ] updating countdown to 15156
[16:28:48.065] [SEVERE ] setting player 1 freeze to 1984
[16:28:48.065] [SEVERE ] setting player 2 freeze to 979
[16:28:48.492] [SEVERE ] key 81 was pressed by player 1
[16:28:48.515] [SEVERE ] key 81 was pressed by player 1
[16:28:48.546] [SEVERE ] key 81 was pressed by player 1
[16:28:48.582] [SEVERE ] key 81 was pressed by player 1
[16:28:48.614] [SEVERE ] key 81 was pressed by player 1
[16:28:48.641] [SEVERE ] key 81 was pressed by player 1
[16:28:48.676] [SEVERE ] key 81 was pressed by player 1
[16:28:48.704] [SEVERE ] key 81 was pressed by player 1
[16:28:48.735] [SEVERE ] key 81 was pressed by player 1
[16:28:48.751] [SEVERE ] key 81 was pressed by player 1
[16:28:48.797] [SEVERE ] key 81 was pressed by player 1
[16:28:48.814] [SEVERE ] key 81 was pressed by player 1
[16:28:48.846] [SEVERE ] key 81 was pressed by player 1
[16:28:48.883] [SEVERE ] key 81 was pressed by player 1
[16:28:48.909] [SEVERE ] key 81 was pressed by player 1
[16:28:48.940] [SEVERE ] key 81 was pressed by player 1
[16:28:48.987] [SEVERE ] key 81 was pressed by player 1
[16:28:49.005] [SEVERE ] key 81 was pressed by player 1
[16:28:49.035] [SEVERE ] key 81 was pressed by player 1
[16:28:49.051] [SEVERE ] removing player 2 token from slot 9
[16:28:49.052] [SEVERE ] player 2 placing token on slot 8
[16:28:49.070] [SEVERE ] updating countdown to 14151
[16:28:49.070] [SEVERE ] setting player 1 freeze to 979
[16:28:49.070] [SEVERE ] setting player 2 freeze to 0
[16:28:49.070] [SEVERE ] setting player 2 freeze to 3000
[16:28:49.071] [SEVERE ] setting player 1 freeze to 978
[16:28:49.071] [SEVERE ] setting player 2 freeze to 2999
[16:28:49.071] [SEVERE ] updating countdown to 14150
[16:28:49.071] [SEVERE ] setting player 1 freeze to 978
[16:28:49.071] [SEVERE ] setting player 2 freeze to 2999
[16:28:49.071] [SEVERE ] updating countdown to 14150
[16:28:49.071] [SEVERE ] setting player 1 freeze to 978
[16:28:49.071] [SEVERE ] setting player 2 freeze to 2999
[16:28:49.075] [SEVERE ] key 81 was pressed by player 1
[16:28:49.105] [SEVERE ] key 81 was pressed by player 1
[16:28:49.145] [SEVERE ] key 81 was pressed by player 1
[16:28:49.177] [SEVERE ] key 81 was pressed by player 1
[16:28:49.198] [SEVERE ] key 81 was pressed by player 1
[16:28:49.240] [SEVERE ] key 81 was pressed by player 1
[16:28:49.271] [SEVERE ] key 81 was pressed by player 1
[16:28:49.287] [SEVERE ] key 81 was pressed by player 1
[16:28:49.318] [SEVERE ] key 81 was pressed by player 1
[16:28:49.350] [SEVERE ] key 81 was pressed by player 1
[16:28:49.385] [SEVERE ] key 81 was pressed by player 1
[16:28:49.412] [SEVERE ] key 81 was pressed by player 1
[16:28:49.457] [SEVERE ] key 81 was pressed by player 1
[16:28:49.488] [SEVERE ] key 81 was pressed by player 1
[16:28:49.508] [SEVERE ] key 81 was pressed by player 1
[16:28:49.539] [SEVERE ] key 81 was pressed by player 1
[16:28:49.571] [SEVERE ] key 81 was pressed by player 1
[16:28:49.604] [SEVERE ] key 81 was pressed by player 1
[16:28:49.637] [SEVERE ] key 81 was pressed by player 1
[16:28:49.675] [SEVERE ] key 81 was pressed by player 1
[16:28:49.706] [SEVERE ] key 81 was pressed by player 1
[16:28:49.730] [SEVERE ] key 81 was pressed by player 1
[16:28:49.762] [SEVERE ] key 81 was pressed by player 1
[16:28:49.795] [SEVERE ] key 81 was pressed by player 1
[16:28:49.825] [SEVERE ] key 81 was pressed by player 1
[16:28:49.856] [SEVERE ] key 81 was pressed by player 1
[16:28:49.888] [SEVERE ] key 81 was pressed by player 1
[16:28:49.920] [SEVERE ] key 81 was pressed by player 1
[16:28:49.952] [SEVERE ] key 81 was pressed by player 1
[16:28:49.983] [SEVERE ] key 81 was pressed by player 1
[16:28:50.015] [SEVERE ] key 81 was pressed by player 1
[16:28:50.031] [SEVERE ] key 81 was pressed by player 1
[16:28:50.078] [SEVERE ] updating countdown to 13143
[16:28:50.079] [SEVERE ] setting player 1 freeze to 0
[16:28:50.080] [SEVERE ] setting player 2 freeze to 1990
[16:28:50.080] [SEVERE ] updating countdown to 13141
[16:28:50.080] [SEVERE ] setting player 2 freeze to 1990
[16:28:50.080] [SEVERE ] updating countdown to 13141
[16:28:50.080] [SEVERE ] setting player 2 freeze to 1990
[16:28:50.080] [SEVERE ] key 81 was pressed by player 1
[16:28:50.080] [SEVERE ] removing player 1 token from slot 0
[16:28:50.080] [SEVERE ] key 69 was pressed by player 1
[16:28:50.088] [SEVERE ] removing player 1 token from slot 2
[16:28:50.611] [SEVERE ] key 69 was pressed by player 1
[16:28:50.611] [SEVERE ] player 1 placing token on slot 2
[16:28:50.651] [SEVERE ] key 69 was pressed by player 1
[16:28:50.651] [SEVERE ] removing player 1 token from slot 2
[16:28:50.683] [SEVERE ] key 69 was pressed by player 1
[16:28:50.683] [SEVERE ] player 1 placing token on slot 2
[16:28:50.714] [SEVERE ] key 69 was pressed by player 1
[16:28:50.714] [SEVERE ] removing player 1 token from slot 2
[16:28:50.745] [SEVERE ] key 69 was pressed by player 1
[16:28:50.746] [SEVERE ] player 1 placing token on slot 2
[16:28:50.772] [SEVERE ] key 69 was pressed by player 1
[16:28:50.772] [SEVERE ] removing player 1 token from slot 2
[16:28:50.812] [SEVERE ] key 69 was pressed by player 1
[16:28:50.813] [SEVERE ] player 1 placing token on slot 2
[16:28:50.838] [SEVERE ] key 69 was pressed by player 1
[16:28:50.838] [SEVERE ] removing player 1 token from slot 2
[16:28:50.869] [SEVERE ] key 69 was pressed by player 1
[16:28:50.869] [SEVERE ] player 1 placing token on slot 2
[16:28:50.901] [SEVERE ] key 69 was pressed by player 1
[16:28:50.901] [SEVERE ] removing player 1 token from slot 2
[16:28:50.932] [SEVERE ] key 69 was pressed by player 1
[16:28:50.933] [SEVERE ] player 1 placing token on slot 2
[16:28:50.962] [SEVERE ] key 69 was pressed by player 1
[16:28:50.962] [SEVERE ] removing player 1 token from slot 2
[16:28:50.991] [SEVERE ] key 69 was pressed by player 1
[16:28:50.991] [SEVERE ] player 1 placing token on slot 2
[16:28:51.024] [SEVERE ] key 69 was pressed by player 1
[16:28:51.024] [SEVERE ] removing player 1 token from slot 2
[16:28:51.058] [SEVERE ] key 69 was pressed by player 1
[16:28:51.058] [SEVERE ] player 1 placing token on slot 2
[16:28:51.082] [SEVERE ] updating countdown to 12139
[16:28:51.082] [SEVERE ] setting player 2 freeze to 988
[16:28:51.082] [SEVERE ] updating countdown to 12139
[16:28:51.082] [SEVERE ] setting player 2 freeze to 988
[16:28:51.082] [SEVERE ] updating countdown to 12139
[16:28:51.083] [SEVERE ] setting player 2 freeze to 987
[16:28:51.088] [SEVERE ] key 69 was pressed by player 1
[16:28:51.088] [SEVERE ] removing player 1 token from slot 2
[16:28:51.122] [SEVERE ] key 69 was pressed by player 1
[16:28:51.122] [SEVERE ] player 1 placing token on slot 2
[16:28:51.149] [SEVERE ] key 69 was pressed by player 1
[16:28:51.149] [SEVERE ] removing player 1 token from slot 2
[16:28:51.253] [SEVERE ] key 69 was pressed by player 1
[16:28:51.253] [SEVERE ] player 1 placing token on slot 2
[16:28:51.255] [SEVERE ] key 69 was pressed by player 1
[16:28:51.255] [SEVERE ] removing player 1 token from slot 2
[16:28:51.255] [SEVERE ] key 69 was pressed by player 1
[16:28:51.255] [SEVERE ] player 1 placing token on slot 2
[16:28:51.313] [SEVERE ] key 69 was pressed by player 1
[16:28:51.313] [SEVERE ] removing player 1 token from slot 2
[16:28:51.313] [SEVERE ] key 69 was pressed by player 1
[16:28:51.313] [SEVERE ] player 1 placing token on slot 2
[16:28:51.350] [SEVERE ] key 69 was pressed by player 1
[16:28:51.350] [SEVERE ] removing player 1 token from slot 2
[16:28:51.379] [SEVERE ] key 69 was pressed by player 1
[16:28:51.379] [SEVERE ] player 1 placing token on slot 2
[16:28:51.405] [SEVERE ] key 69 was pressed by player 1
[16:28:51.405] [SEVERE ] removing player 1 token from slot 2
[16:28:51.439] [SEVERE ] key 69 was pressed by player 1
[16:28:51.439] [SEVERE ] player 1 placing token on slot 2
[16:28:51.472] [SEVERE ] key 69 was pressed by player 1
[16:28:51.473] [SEVERE ] removing player 1 token from slot 2
[16:28:51.504] [SEVERE ] key 69 was pressed by player 1
[16:28:51.504] [SEVERE ] player 1 placing token on slot 2
[16:28:51.533] [SEVERE ] key 69 was pressed by player 1
[16:28:51.533] [SEVERE ] removing player 1 token from slot 2
[16:28:51.565] [SEVERE ] key 69 was pressed by player 1
[16:28:51.565] [SEVERE ] player 1 placing token on slot 2
[16:28:51.597] [SEVERE ] key 69 was pressed by player 1
[16:28:51.597] [SEVERE ] removing player 1 token from slot 2
[16:28:51.629] [SEVERE ] key 69 was pressed by player 1
[16:28:51.629] [SEVERE ] player 1 placing token on slot 2
[16:28:51.661] [SEVERE ] key 69 was pressed by player 1
[16:28:51.661] [SEVERE ] removing player 1 token from slot 2
[16:28:51.691] [SEVERE ] key 69 was pressed by player 1
[16:28:51.691] [SEVERE ] player 1 placing token on slot 2
[16:28:51.721] [SEVERE ] key 69 was pressed by player 1
[16:28:51.721] [SEVERE ] removing player 1 token from slot 2
[16:28:51.746] [SEVERE ] key 69 was pressed by player 1
[16:28:51.746] [SEVERE ] player 1 placing token on slot 2
[16:28:51.779] [SEVERE ] key 69 was pressed by player 1
[16:28:51.779] [SEVERE ] removing player 1 token from slot 2
[16:28:51.812] [SEVERE ] key 69 was pressed by player 1
[16:28:51.813] [SEVERE ] player 1 placing token on slot 2
[16:28:51.844] [SEVERE ] key 69 was pressed by player 1
[16:28:51.844] [SEVERE ] removing player 1 token from slot 2
[16:28:51.871] [SEVERE ] key 69 was pressed by player 1
[16:28:51.871] [SEVERE ] player 1 placing token on slot 2
[16:28:51.905] [SEVERE ] key 69 was pressed by player 1
[16:28:51.905] [SEVERE ] removing player 1 token from slot 2
[16:28:51.935] [SEVERE ] key 69 was pressed by player 1
[16:28:51.935] [SEVERE ] player 1 placing token on slot 2
[16:28:51.963] [SEVERE ] key 69 was pressed by player 1
[16:28:51.963] [SEVERE ] removing player 1 token from slot 2
[16:28:51.996] [SEVERE ] key 69 was pressed by player 1
[16:28:51.996] [SEVERE ] player 1 placing token on slot 2
[16:28:52.030] [SEVERE ] key 69 was pressed by player 1
[16:28:52.030] [SEVERE ] removing player 1 token from slot 2
[16:28:52.062] [SEVERE ] key 69 was pressed by player 1
[16:28:52.062] [SEVERE ] player 1 placing token on slot 2
[16:28:52.071] [SEVERE ] removing player 2 token from slot 8
[16:28:52.071] [SEVERE ] removing player 2 token from slot 6
[16:28:52.072] [SEVERE ] removing player 2 token from slot 5
[16:28:52.073] [SEVERE ] player 2 placing token on slot 4
[16:28:52.073] [SEVERE ] player 2 placing token on slot 3
[16:28:52.074] [SEVERE ] player 2 placing token on slot 2
[16:28:52.088] [SEVERE ] updating countdown to 11133
[16:28:52.088] [SEVERE ] setting player 2 freeze to 0
[16:28:52.088] [SEVERE ] setting player 2 freeze to 3000
[16:28:52.088] [SEVERE ] setting player 2 freeze to 3000
[16:28:52.088] [SEVERE ] updating countdown to 11133
[16:28:52.088] [SEVERE ] removing player 2 token from slot 4
[16:28:52.088] [SEVERE ] setting player 2 freeze to 3000
[16:28:52.088] [SEVERE ] player 2 placing token on slot 8
[16:28:52.088] [SEVERE ] updating countdown to 11133
[16:28:52.088] [SEVERE ] setting player 2 freeze to 3000
[16:28:52.088] [SEVERE ] key 69 was pressed by player 1
[16:28:52.093] [SEVERE ] removing player 1 token from slot 2
[16:28:52.122] [SEVERE ] key 69 was pressed by player 1
[16:28:52.122] [SEVERE ] player 1 placing token on slot 2
[16:28:52.156] [SEVERE ] key 69 was pressed by player 1
[16:28:52.157] [SEVERE ] removing player 1 token from slot 2
[16:28:52.187] [SEVERE ] key 69 was pressed by player 1
[16:28:52.187] [SEVERE ] player 1 placing token on slot 2
[16:28:52.245] [SEVERE ] key 69 was pressed by player 1
[16:28:52.245] [SEVERE ] removing player 1 token from slot 2
[16:28:52.247] [SEVERE ] key 69 was pressed by player 1
[16:28:52.247] [SEVERE ] player 1 placing token on slot 2
[16:28:52.296] [SEVERE ] key 69 was pressed by player 1
[16:28:52.297] [SEVERE ] removing player 1 token from slot 2
[16:28:52.331] [SEVERE ] key 69 was pressed by player 1
[16:28:52.331] [SEVERE ] player 1 placing token on slot 2
[16:28:52.354] [SEVERE ] key 69 was pressed by player 1
[16:28:52.354] [SEVERE ] removing player 1 token from slot 2
[16:28:52.413] [SEVERE ] key 69 was pressed by player 1
[16:28:52.413] [SEVERE ] player 1 placing token on slot 2
[16:28:52.413] [SEVERE ] key 69 was pressed by player 1
[16:28:52.413] [SEVERE ] removing player 1 token from slot 2
[16:28:52.449] [SEVERE ] key 69 was pressed by player 1
[16:28:52.450] [SEVERE ] player 1 placing token on slot 2
[16:28:52.485] [SEVERE ] key 69 was pressed by player 1
[16:28:52.485] [SEVERE ] removing player 1 token from slot 2
[16:28:52.506] [SEVERE ] key 69 was pressed by player 1
[16:28:52.506] [SEVERE ] player 1 placing token on slot 2
[16:28:52.539] [SEVERE ] key 69 was pressed by player 1
[16:28:52.539] [SEVERE ] removing player 1 token from slot 2
[16:28:52.580] [SEVERE ] key 69 was pressed by player 1
[16:28:52.580] [SEVERE ] player 1 placing token on slot 2
[16:28:52.607] [SEVERE ] key 69 was pressed by player 1
[16:28:52.607] [SEVERE ] removing player 1 token from slot 2
[16:28:52.640] [SEVERE ] key 69 was pressed by player 1
[16:28:52.640] [SEVERE ] player 1 placing token on slot 2
[16:28:52.671] [SEVERE ] key 69 was pressed by player 1
[16:28:52.671] [SEVERE ] removing player 1 token from slot 2
[16:28:52.697] [SEVERE ] key 69 was pressed by player 1
[16:28:52.697] [SEVERE ] player 1 placing token on slot 2
[16:28:52.732] [SEVERE ] key 69 was pressed by player 1
[16:28:52.732] [SEVERE ] removing player 1 token from slot 2
[16:28:52.763] [SEVERE ] key 69 was pressed by player 1
[16:28:52.763] [SEVERE ] player 1 placing token on slot 2
[16:28:52.794] [SEVERE ] key 69 was pressed by player 1
[16:28:52.794] [SEVERE ] removing player 1 token from slot 2
[16:28:52.826] [SEVERE ] key 69 was pressed by player 1
[16:28:52.826] [SEVERE ] player 1 placing token on slot 2
[16:28:52.858] [SEVERE ] key 69 was pressed by player 1
[16:28:52.858] [SEVERE ] removing player 1 token from slot 2
[16:28:52.893] [SEVERE ] key 69 was pressed by player 1
[16:28:52.893] [SEVERE ] player 1 placing token on slot 2
[16:28:52.919] [SEVERE ] key 69 was pressed by player 1
[16:28:52.919] [SEVERE ] removing player 1 token from slot 2
[16:28:52.949] [SEVERE ] key 69 was pressed by player 1
[16:28:52.949] [SEVERE ] player 1 placing token on slot 2
[16:28:52.980] [SEVERE ] key 69 was pressed by player 1
[16:28:52.980] [SEVERE ] removing player 1 token from slot 2
[16:28:53.012] [SEVERE ] key 69 was pressed by player 1
[16:28:53.012] [SEVERE ] player 1 placing token on slot 2
[16:28:53.039] [SEVERE ] key 69 was pressed by player 1
[16:28:53.039] [SEVERE ] removing player 1 token from slot 2
[16:28:53.075] [SEVERE ] key 69 was pressed by player 1
[16:28:53.075] [SEVERE ] player 1 placing token on slot 2
[16:28:53.098] [SEVERE ] updating countdown to 10123
[16:28:53.098] [SEVERE ] setting player 2 freeze to 1990
[16:28:53.098] [SEVERE ] setting player 2 freeze to 3000
[16:28:53.098] [SEVERE ] setting player 2 freeze to 3000
[16:28:53.098] [SEVERE ] updating countdown to 10123
[16:28:53.098] [SEVERE ] setting player 2 freeze to 3000
[16:28:53.098] [SEVERE ] updating countdown to 10123
[16:28:53.098] [SEVERE ] setting player 2 freeze to 3000
[16:28:53.105] [SEVERE ] key 69 was pressed by player 1
[16:28:53.105] [SEVERE ] removing player 1 token from slot 2
[16:28:53.135] [SEVERE ] key 69 was pressed by player 1
[16:28:53.138] [SEVERE ] player 1 placing token on slot 2
[16:28:53.168] [SEVERE ] key 69 was pressed by player 1
[16:28:53.168] [SEVERE ] removing player 1 token from slot 2
[16:28:53.205] [SEVERE ] key 69 was pressed by player 1
[16:28:53.205] [SEVERE ] player 1 placing token on slot 2
[16:28:53.230] [SEVERE ] key 69 was pressed by player 1
[16:28:53.231] [SEVERE ] removing player 1 token from slot 2
[16:28:53.272] [SEVERE ] key 69 was pressed by player 1
[16:28:53.272] [SEVERE ] player 1 placing token on slot 2
[16:28:53.307] [SEVERE ] key 69 was pressed by player 1
[16:28:53.307] [SEVERE ] removing player 1 token from slot 2
[16:28:53.368] [SEVERE ] key 69 was pressed by player 1
[16:28:53.368] [SEVERE ] player 1 placing token on slot 2
[16:28:53.370] [SEVERE ] key 69 was pressed by player 1
[16:28:53.370] [SEVERE ] removing player 1 token from slot 2
[16:28:53.399] [SEVERE ] key 69 was pressed by player 1
[16:28:53.399] [SEVERE ] player 1 placing token on slot 2
[16:28:53.449] [SEVERE ] key 69 was pressed by player 1
[16:28:53.449] [SEVERE ] removing player 1 token from slot 2
[16:28:53.482] [SEVERE ] key 69 was pressed by player 1
[16:28:53.482] [SEVERE ] player 1 placing token on slot 2
[16:28:53.501] [SEVERE ] key 69 was pressed by player 1
[16:28:53.501] [SEVERE ] removing player 1 token from slot 2
[16:28:53.532] [SEVERE ] key 69 was pressed by player 1
[16:28:53.532] [SEVERE ] player 1 placing token on slot 2
[16:28:53.562] [SEVERE ] key 69 was pressed by player 1
[16:28:53.563] [SEVERE ] removing player 1 token from slot 2
[16:28:53.591] [SEVERE ] key 69 was pressed by player 1
[16:28:53.591] [SEVERE ] player 1 placing token on slot 2
[16:28:53.626] [SEVERE ] key 69 was pressed by player 1
[16:28:53.626] [SEVERE ] removing player 1 token from slot 2
[16:28:53.657] [SEVERE ] key 69 was pressed by player 1
[16:28:53.657] [SEVERE ] player 1 placing token on slot 2
[16:28:53.690] [SEVERE ] key 69 was pressed by player 1
[16:28:53.690] [SEVERE ] removing player 1 token from slot 2
[16:28:53.721] [SEVERE ] key 69 was pressed by player 1
[16:28:53.721] [SEVERE ] player 1 placing token on slot 2
[16:28:53.750] [SEVERE ] key 69 was pressed by player 1
[16:28:53.750] [SEVERE ] removing player 1 token from slot 2
[16:28:53.783] [SEVERE ] key 69 was pressed by player 1
[16:28:53.783] [SEVERE ] player 1 placing token on slot 2
[16:28:53.813] [SEVERE ] key 69 was pressed by player 1
[16:28:53.813] [SEVERE ] removing player 1 token from slot 2
[16:28:53.841] [SEVERE ] key 69 was pressed by player 1
[16:28:53.841] [SEVERE ] player 1 placing token on slot 2
[16:28:53.875] [SEVERE ] key 69 was pressed by player 1
[16:28:53.875] [SEVERE ] removing player 1 token from slot 2
[16:28:53.909] [SEVERE ] key 69 was pressed by player 1
[16:28:53.909] [SEVERE ] player 1 placing token on slot 2
[16:28:53.938] [SEVERE ] key 69 was pressed by player 1
[16:28:53.938] [SEVERE ] removing player 1 token from slot 2
[16:28:53.971] [SEVERE ] key 69 was pressed by player 1
[16:28:53.971] [SEVERE ] player 1 placing token on slot 2
[16:28:53.996] [SEVERE ] key 69 was pressed by player 1
[16:28:53.996] [SEVERE ] removing player 1 token from slot 2
[16:28:54.030] [SEVERE ] key 69 was pressed by player 1
[16:28:54.030] [SEVERE ] player 1 placing token on slot 2
[16:28:54.061] [SEVERE ] key 69 was pressed by player 1
[16:28:54.063] [SEVERE ] removing player 1 token from slot 2
[16:28:54.090] [SEVERE ] key 69 was pressed by player 1
[16:28:54.090] [SEVERE ] player 1 placing token on slot 2
[16:28:54.105] [SEVERE ] updating countdown to 9116
[16:28:54.105] [SEVERE ] setting player 2 freeze to 1993
[16:28:54.105] [SEVERE ] updating countdown to 9116
[16:28:54.105] [SEVERE ] setting player 2 freeze to 1993
[16:28:54.105] [SEVERE ] updating countdown to 9116
[16:28:54.105] [SEVERE ] setting player 2 freeze to 1993
[16:28:54.122] [SEVERE ] key 69 was pressed by player 1
[16:28:54.122] [SEVERE ] removing player 1 token from slot 2
[16:28:54.151] [SEVERE ] key 69 was pressed by player 1
[16:28:54.151] [SEVERE ] player 1 placing token on slot 2
[16:28:54.152] [SEVERE ] key 87 was pressed by player 1
[16:28:54.152] [SEVERE ] removing player 1 token from slot 1
[16:28:54.362] [SEVERE ] key 69 was pressed by player 1
[16:28:54.362] [SEVERE ] removing player 1 token from slot 2
[16:28:54.627] [SEVERE ] key 81 was pressed by player 1
[16:28:54.627] [SEVERE ] player 1 placing token on slot 0
[16:28:54.713] [SEVERE ] key 87 was pressed by player 1
[16:28:54.713] [SEVERE ] player 1 placing token on slot 1
[16:28:54.836] [SEVERE ] key 69 was pressed by player 1
[16:28:54.836] [SEVERE ] player 1 placing token on slot 2
[16:28:55.038] [SEVERE ] key 81 was pressed by player 1
[16:28:55.070] [SEVERE ] key 87 was pressed by player 1
[16:28:55.117] [SEVERE ] updating countdown to 8104
[16:28:55.117] [SEVERE ] setting player 2 freeze to 981
[16:28:55.117] [SEVERE ] setting player 1 freeze to 3000
[16:28:55.117] [SEVERE ] setting player 1 freeze to 3000
[16:28:55.117] [SEVERE ] setting player 2 freeze to 981
[16:28:55.117] [SEVERE ] updating countdown to 8104
[16:28:55.117] [SEVERE ] setting player 1 freeze to 3000
[16:28:55.117] [SEVERE ] setting player 2 freeze to 981
[16:28:55.117] [SEVERE ] updating countdown to 8104
[16:28:55.117] [SEVERE ] setting player 1 freeze to 3000
[16:28:55.117] [SEVERE ] setting player 2 freeze to 981
[16:28:55.196] [SEVERE ] key 69 was pressed by player 1
[16:28:55.293] [SEVERE ] key 81 was pressed by player 1
[16:28:55.432] [SEVERE ] key 87 was pressed by player 1
[16:28:55.699] [SEVERE ] key 69 was pressed by player 1
[16:28:55.715] [SEVERE ] key 81 was pressed by player 1
[16:28:55.730] [SEVERE ] key 87 was pressed by player 1
[16:28:56.108] [SEVERE ] removing player 2 token from slot 8
[16:28:56.109] [SEVERE ] player 2 placing token on slot 9
[16:28:56.124] [SEVERE ] updating countdown to 7097
[16:28:56.124] [SEVERE ] setting player 1 freeze to 1993
[16:28:56.124] [SEVERE ] setting player 2 freeze to 0
[16:28:56.124] [SEVERE ] setting player 2 freeze to 3000
[16:28:56.124] [SEVERE ] setting player 1 freeze to 1993
[16:28:56.124] [SEVERE ] setting player 2 freeze to 3000
[16:28:56.124] [SEVERE ] updating countdown to 7097
[16:28:56.124] [SEVERE ] setting player 1 freeze to 1993
[16:28:56.124] [SEVERE ] setting player 2 freeze to 3000
[16:28:56.124] [SEVERE ] removing player 2 token from slot 3
[16:28:56.124] [SEVERE ] updating countdown to 7097
[16:28:56.124] [SEVERE ] setting player 1 freeze to 1993
[16:28:56.124] [SEVERE ] setting player 2 freeze to 3000
[16:28:56.125] [SEVERE ] player 2 placing token on slot 4
[16:28:56.252] [SEVERE ] key 87 was pressed by player 1
[16:28:56.300] [SEVERE ] key 87 was pressed by player 1
[16:28:56.315] [SEVERE ] key 87 was pressed by player 1
[16:28:56.346] [SEVERE ] key 87 was pressed by player 1
[16:28:56.377] [SEVERE ] key 87 was pressed by player 1
[16:28:56.472] [SEVERE ] key 87 was pressed by player 1
[16:28:56.472] [SEVERE ] key 87 was pressed by player 1
[16:28:56.519] [SEVERE ] key 87 was pressed by player 1
[16:28:56.519] [SEVERE ] key 87 was pressed by player 1
[16:28:56.551] [SEVERE ] key 87 was pressed by player 1
[16:28:56.582] [SEVERE ] key 87 was pressed by player 1
[16:28:56.613] [SEVERE ] key 87 was pressed by player 1
[16:28:56.630] [SEVERE ] key 87 was pressed by player 1
[16:28:56.660] [SEVERE ] key 87 was pressed by player 1
[16:28:56.696] [SEVERE ] key 87 was pressed by player 1
[16:28:56.723] [SEVERE ] key 87 was pressed by player 1
[16:28:56.756] [SEVERE ] key 87 was pressed by player 1
[16:28:56.787] [SEVERE ] key 87 was pressed by player 1
[16:28:56.818] [SEVERE ] key 87 was pressed by player 1
[16:28:56.849] [SEVERE ] key 87 was pressed by player 1
[16:28:56.881] [SEVERE ] key 87 was pressed by player 1
[16:28:56.911] [SEVERE ] key 87 was pressed by player 1
[16:28:56.943] [SEVERE ] key 87 was pressed by player 1
[16:28:56.974] [SEVERE ] key 87 was pressed by player 1
[16:28:57.006] [SEVERE ] key 87 was pressed by player 1
[16:28:57.038] [SEVERE ] key 87 was pressed by player 1
[16:28:57.069] [SEVERE ] key 87 was pressed by player 1
[16:28:57.101] [SEVERE ] key 87 was pressed by player 1
[16:28:57.132] [SEVERE ] updating countdown to 6089
[16:28:57.132] [SEVERE ] setting player 1 freeze to 985
[16:28:57.132] [SEVERE ] setting player 2 freeze to 1992
[16:28:57.132] [SEVERE ] setting player 2 freeze to 3000
[16:28:57.132] [SEVERE ] setting player 1 freeze to 985
[16:28:57.132] [SEVERE ] setting player 2 freeze to 3000
[16:28:57.132] [SEVERE ] updating countdown to 6089
[16:28:57.132] [SEVERE ] setting player 1 freeze to 985
[16:28:57.132] [SEVERE ] setting player 2 freeze to 3000
[16:28:57.132] [SEVERE ] updating countdown to 6089
[16:28:57.132] [SEVERE ] setting player 1 freeze to 985
[16:28:57.132] [SEVERE ] setting player 2 freeze to 3000
[16:28:57.132] [SEVERE ] key 87 was pressed by player 1
[16:28:57.164] [SEVERE ] key 87 was pressed by player 1
[16:28:57.196] [SEVERE ] key 87 was pressed by player 1
[16:28:57.227] [SEVERE ] key 87 was pressed by player 1
[16:28:57.258] [SEVERE ] key 87 was pressed by player 1
[16:28:57.290] [SEVERE ] key 87 was pressed by player 1
[16:28:57.322] [SEVERE ] key 87 was pressed by player 1
[16:28:57.354] [SEVERE ] key 87 was pressed by player 1
[16:28:57.397] [SEVERE ] key 87 was pressed by player 1
[16:28:57.418] [SEVERE ] key 87 was pressed by player 1
[16:28:57.464] [SEVERE ] key 87 was pressed by player 1
[16:28:57.512] [SEVERE ] key 87 was pressed by player 1
[16:28:57.527] [SEVERE ] key 87 was pressed by player 1
[16:28:57.574] [SEVERE ] key 87 was pressed by player 1
[16:28:57.606] [SEVERE ] key 87 was pressed by player 1
[16:28:57.637] [SEVERE ] key 87 was pressed by player 1
[16:28:57.653] [SEVERE ] key 87 was pressed by player 1
[16:28:57.698] [SEVERE ] key 87 was pressed by player 1
[16:28:57.716] [SEVERE ] key 87 was pressed by player 1
[16:28:57.764] [SEVERE ] key 87 was pressed by player 1
[16:28:57.781] [SEVERE ] key 87 was pressed by player 1
[16:28:57.812] [SEVERE ] key 87 was pressed by player 1
[16:28:57.843] [SEVERE ] key 87 was pressed by player 1
[16:28:57.874] [SEVERE ] key 87 was pressed by player 1
[16:28:57.906] [SEVERE ] key 87 was pressed by player 1
[16:28:57.937] [SEVERE ] key 87 was pressed by player 1
[16:28:57.969] [SEVERE ] key 87 was pressed by player 1
[16:28:58.000] [SEVERE ] key 87 was pressed by player 1
[16:28:58.031] [SEVERE ] key 87 was pressed by player 1
[16:28:58.063] [SEVERE ] key 87 was pressed by player 1
[16:28:58.099] [SEVERE ] key 87 was pressed by player 1
[16:28:58.126] [SEVERE ] key 87 was pressed by player 1
[16:28:58.126] [SEVERE ] removing player 1 token from slot 1
[16:28:58.142] [SEVERE ] updating countdown to 5079
[16:28:58.142] [SEVERE ] setting player 1 freeze to 0
[16:28:58.142] [SEVERE ] setting player 2 freeze to 1990
[16:28:58.142] [SEVERE ] updating countdown to 5079
[16:28:58.142] [SEVERE ] setting player 2 freeze to 1990
[16:28:58.142] [SEVERE ] updating countdown to 5079
[16:28:58.142] [SEVERE ] setting player 2 freeze to 1990
[16:28:58.163] [SEVERE ] key 87 was pressed by player 1
[16:28:58.163] [SEVERE ] player 1 placing token on slot 1
[16:28:58.194] [SEVERE ] key 87 was pressed by player 1
[16:28:58.232] [SEVERE ] key 87 was pressed by player 1
[16:28:58.254] [SEVERE ] key 87 was pressed by player 1
[16:28:58.285] [SEVERE ] key 87 was pressed by player 1
[16:28:58.317] [SEVERE ] key 87 was pressed by player 1
[16:28:58.348] [SEVERE ] key 87 was pressed by player 1
[16:28:58.379] [SEVERE ] key 87 was pressed by player 1
[16:28:58.411] [SEVERE ] key 87 was pressed by player 1
[16:28:58.442] [SEVERE ] key 87 was pressed by player 1
[16:28:58.474] [SEVERE ] key 87 was pressed by player 1
[16:28:58.552] [SEVERE ] key 87 was pressed by player 1
[16:28:58.552] [SEVERE ] key 87 was pressed by player 1
[16:28:58.583] [SEVERE ] key 87 was pressed by player 1
[16:28:58.615] [SEVERE ] key 87 was pressed by player 1
[16:28:58.646] [SEVERE ] key 87 was pressed by player 1
[16:28:58.693] [SEVERE ] key 87 was pressed by player 1
[16:28:58.709] [SEVERE ] key 87 was pressed by player 1
[16:28:58.741] [SEVERE ] key 87 was pressed by player 1
[16:28:58.772] [SEVERE ] key 87 was pressed by player 1
[16:28:58.804] [SEVERE ] key 87 was pressed by player 1
[16:28:58.835] [SEVERE ] key 87 was pressed by player 1
[16:28:58.866] [SEVERE ] key 87 was pressed by player 1
[16:28:58.901] [SEVERE ] key 87 was pressed by player 1
[16:28:58.929] [SEVERE ] key 87 was pressed by player 1
[16:28:58.960] [SEVERE ] key 87 was pressed by player 1
[16:28:58.992] [SEVERE ] key 87 was pressed by player 1
[16:28:59.023] [SEVERE ] key 87 was pressed by player 1
[16:28:59.055] [SEVERE ] key 87 was pressed by player 1
[16:28:59.086] [SEVERE ] key 87 was pressed by player 1
[16:28:59.118] [SEVERE ] key 87 was pressed by player 1
[16:28:59.149] [SEVERE ] setting player 2 freeze to 983
[16:28:59.149] [SEVERE ] setting player 1 freeze to 3000
[16:28:59.149] [SEVERE ] setting player 1 freeze to 3000
[16:28:59.149] [SEVERE ] setting player 2 freeze to 983
[16:28:59.149] [SEVERE ] setting player 1 freeze to 3000
[16:28:59.149] [SEVERE ] setting player 2 freeze to 983
[16:28:59.149] [SEVERE ] setting player 1 freeze to 3000
[16:28:59.149] [SEVERE ] setting player 2 freeze to 983
[16:28:59.149] [SEVERE ] key 87 was pressed by player 1
[16:28:59.180] [SEVERE ] key 87 was pressed by player 1
[16:28:59.212] [SEVERE ] key 87 was pressed by player 1
[16:28:59.243] [SEVERE ] key 87 was pressed by player 1
[16:28:59.275] [SEVERE ] key 87 was pressed by player 1
[16:28:59.306] [SEVERE ] key 87 was pressed by player 1
[16:28:59.338] [SEVERE ] key 87 was pressed by player 1
[16:28:59.369] [SEVERE ] key 87 was pressed by player 1
[16:28:59.400] [SEVERE ] key 87 was pressed by player 1
[16:28:59.416] [SEVERE ] key 87 was pressed by player 1
[16:28:59.447] [SEVERE ] key 87 was pressed by player 1
[16:28:59.479] [SEVERE ] key 87 was pressed by player 1
[16:28:59.588] [SEVERE ] key 87 was pressed by player 1
[16:28:59.588] [SEVERE ] key 87 was pressed by player 1
[16:28:59.588] [SEVERE ] key 87 was pressed by player 1
[16:28:59.620] [SEVERE ] key 87 was pressed by player 1
[16:28:59.651] [SEVERE ] key 87 was pressed by player 1
[16:28:59.682] [SEVERE ] key 87 was pressed by player 1
[16:28:59.714] [SEVERE ] key 87 was pressed by player 1
[16:28:59.745] [SEVERE ] key 87 was pressed by player 1
[16:28:59.777] [SEVERE ] key 87 was pressed by player 1
[16:28:59.808] [SEVERE ] key 87 was pressed by player 1
[16:28:59.839] [SEVERE ] key 87 was pressed by player 1
[16:28:59.871] [SEVERE ] key 87 was pressed by player 1
[16:28:59.905] [SEVERE ] key 87 was pressed by player 1
[16:28:59.934] [SEVERE ] key 87 was pressed by player 1
[16:28:59.965] [SEVERE ] key 87 was pressed by player 1
[16:28:59.996] [SEVERE ] key 87 was pressed by player 1
[16:29:00.028] [SEVERE ] key 87 was pressed by player 1
[16:29:00.059] [SEVERE ] key 87 was pressed by player 1
[16:29:00.091] [SEVERE ] key 87 was pressed by player 1
[16:29:00.122] [SEVERE ] key 87 was pressed by player 1
[16:29:00.138] [SEVERE ] removing player 2 token from slot 9
[16:29:00.138] [SEVERE ] removing player 2 token from slot 4
[16:29:00.138] [SEVERE ] player 2 placing token on slot 8
[16:29:00.138] [SEVERE ] player 2 placing token on slot 6
[16:29:00.155] [SEVERE ] setting player 1 freeze to 1994
[16:29:00.155] [SEVERE ] setting player 2 freeze to 0
[16:29:00.155] [SEVERE ] setting player 2 freeze to 3000
[16:29:00.155] [SEVERE ] setting player 1 freeze to 1994
[16:29:00.155] [SEVERE ] setting player 2 freeze to 3000
[16:29:00.155] [SEVERE ] setting player 1 freeze to 1994
[16:29:00.155] [SEVERE ] setting player 2 freeze to 3000
[16:29:00.156] [SEVERE ] setting player 1 freeze to 1993
[16:29:00.156] [SEVERE ] setting player 2 freeze to 2999
[16:29:00.157] [SEVERE ] key 87 was pressed by player 1
[16:29:00.187] [SEVERE ] key 87 was pressed by player 1
[16:29:00.206] [SEVERE ] key 87 was pressed by player 1
[16:29:00.235] [SEVERE ] key 87 was pressed by player 1
[16:29:00.267] [SEVERE ] key 87 was pressed by player 1
[16:29:00.306] [SEVERE ] key 87 was pressed by player 1
[16:29:00.330] [SEVERE ] key 87 was pressed by player 1
[16:29:00.361] [SEVERE ] key 87 was pressed by player 1
[16:29:00.406] [SEVERE ] key 87 was pressed by player 1
[16:29:00.424] [SEVERE ] key 87 was pressed by player 1
[16:29:00.455] [SEVERE ] key 87 was pressed by player 1
[16:29:00.486] [SEVERE ] key 87 was pressed by player 1
[16:29:00.518] [SEVERE ] key 87 was pressed by player 1
[16:29:00.565] [SEVERE ] key 87 was pressed by player 1
[16:29:00.628] [SEVERE ] key 87 was pressed by player 1
[16:29:00.628] [SEVERE ] key 87 was pressed by player 1
[16:29:00.691] [SEVERE ] key 87 was pressed by player 1
[16:29:00.691] [SEVERE ] key 87 was pressed by player 1
[16:29:00.753] [SEVERE ] key 87 was pressed by player 1
[16:29:00.769] [SEVERE ] key 87 was pressed by player 1
[16:29:00.800] [SEVERE ] key 87 was pressed by player 1
[16:29:00.832] [SEVERE ] key 87 was pressed by player 1
[16:29:00.847] [SEVERE ] key 87 was pressed by player 1
[16:29:00.894] [SEVERE ] key 87 was pressed by player 1
[16:29:00.910] [SEVERE ] key 87 was pressed by player 1
[16:29:00.941] [SEVERE ] key 87 was pressed by player 1
[16:29:00.973] [SEVERE ] key 87 was pressed by player 1
[16:29:01.007] [SEVERE ] key 87 was pressed by player 1
[16:29:01.051] [SEVERE ] key 87 was pressed by player 1
[16:29:01.082] [SEVERE ] key 87 was pressed by player 1
[16:29:01.108] [SEVERE ] key 87 was pressed by player 1
[16:29:01.130] [SEVERE ] key 87 was pressed by player 1
[16:29:01.161] [SEVERE ] setting player 1 freeze to 988
[16:29:01.161] [SEVERE ] setting player 2 freeze to 1994
[16:29:01.161] [SEVERE ] setting player 1 freeze to 988
[16:29:01.161] [SEVERE ] setting player 2 freeze to 1994
[16:29:01.164] [SEVERE ] setting player 1 freeze to 985
[16:29:01.164] [SEVERE ] setting player 2 freeze to 1991
[16:29:01.164] [SEVERE ] key 87 was pressed by player 1
[16:29:01.193] [SEVERE ] key 87 was pressed by player 1
[16:29:01.239] [SEVERE ] key 87 was pressed by player 1
[16:29:01.256] [SEVERE ] key 87 was pressed by player 1
[16:29:01.288] [SEVERE ] key 87 was pressed by player 1
[16:29:01.319] [SEVERE ] key 87 was pressed by player 1
[16:29:01.350] [SEVERE ] key 87 was pressed by player 1
[16:29:01.381] [SEVERE ] key 87 was pressed by player 1
[16:29:01.413] [SEVERE ] key 87 was pressed by player 1
[16:29:01.445] [SEVERE ] key 87 was pressed by player 1
[16:29:01.476] [SEVERE ] key 87 was pressed by player 1
[16:29:01.510] [SEVERE ] key 87 was pressed by player 1
[16:29:01.539] [SEVERE ] key 87 was pressed by player 1
[16:29:01.570] [SEVERE ] key 87 was pressed by player 1
[16:29:01.617] [SEVERE ] key 87 was pressed by player 1
[16:29:01.633] [SEVERE ] key 87 was pressed by player 1
[16:29:01.664] [SEVERE ] key 87 was pressed by player 1
[16:29:01.711] [SEVERE ] key 87 was pressed by player 1
[16:29:01.727] [SEVERE ] key 87 was pressed by player 1
[16:29:01.758] [SEVERE ] key 87 was pressed by player 1
[16:29:01.789] [SEVERE ] key 87 was pressed by player 1
[16:29:01.821] [SEVERE ] key 87 was pressed by player 1
[16:29:01.852] [SEVERE ] key 87 was pressed by player 1
[16:29:01.883] [SEVERE ] key 87 was pressed by player 1
[16:29:01.915] [SEVERE ] key 87 was pressed by player 1
[16:29:01.946] [SEVERE ] key 87 was pressed by player 1
[16:29:01.978] [SEVERE ] key 87 was pressed by player 1
[16:29:02.012] [SEVERE ] key 87 was pressed by player 1
[16:29:02.040] [SEVERE ] key 87 was pressed by player 1
[16:29:02.072] [SEVERE ] key 87 was pressed by player 1
[16:29:02.103] [SEVERE ] key 87 was pressed by player 1
[16:29:02.135] [SEVERE ] key 87 was pressed by player 1
[16:29:02.169] [SEVERE ] setting player 1 freeze to 0
[16:29:02.169] [SEVERE ] setting player 2 freeze to 986
[16:29:02.169] [SEVERE ] setting player 2 freeze to 986
[16:29:02.169] [SEVERE ] setting player 2 freeze to 986
[16:29:02.170] [SEVERE ] key 87 was pressed by player 1
[16:29:02.170] [SEVERE ] removing player 1 token from slot 1
[16:29:02.201] [SEVERE ] key 87 was pressed by player 1
[16:29:02.201] [SEVERE ] player 1 placing token on slot 1
[16:29:02.231] [SEVERE ] key 87 was pressed by player 1
[16:29:02.241] [SEVERE ] key 81 was pressed by player 1
[16:29:02.771] [SEVERE ] key 81 was pressed by player 1
[16:29:02.813] [SEVERE ] key 81 was pressed by player 1
[16:29:02.834] [SEVERE ] key 81 was pressed by player 1
[16:29:02.866] [SEVERE ] key 81 was pressed by player 1
[16:29:02.898] [SEVERE ] key 81 was pressed by player 1
[16:29:02.935] [SEVERE ] key 81 was pressed by player 1
[16:29:02.962] [SEVERE ] key 81 was pressed by player 1
[16:29:02.998] [SEVERE ] key 81 was pressed by player 1
[16:29:03.025] [SEVERE ] key 81 was pressed by player 1
[16:29:03.058] [SEVERE ] key 81 was pressed by player 1
[16:29:03.094] [SEVERE ] key 81 was pressed by player 1
[16:29:03.119] [SEVERE ] key 81 was pressed by player 1
[16:29:03.151] [SEVERE ] key 81 was pressed by player 1
[16:29:03.166] [SEVERE ] removing player 2 token from slot 2
[16:29:03.166] [SEVERE ] player 2 placing token on slot 0
[16:29:03.182] [SEVERE ] setting player 2 freeze to 0
[16:29:03.182] [SEVERE ] setting player 1 freeze to 3000
[16:29:03.182] [SEVERE ] setting player 1 freeze to 3000
[16:29:03.182] [SEVERE ] setting player 1 freeze to 3000
[16:29:03.182] [SEVERE ] setting player 1 freeze to 3000
[16:29:03.188] [SEVERE ] key 81 was pressed by player 1
[16:29:03.188] [SEVERE ] removing player 1 token from slot 0
[16:29:03.221] [SEVERE ] key 81 was pressed by player 1
[16:29:03.221] [SEVERE ] player 1 placing token on slot 0
[16:29:03.251] [SEVERE ] key 81 was pressed by player 1
[16:29:03.281] [SEVERE ] key 81 was pressed by player 1
[16:29:03.312] [SEVERE ] key 81 was pressed by player 1
[16:29:03.328] [SEVERE ] key 81 was pressed by player 1
[16:29:03.361] [SEVERE ] key 81 was pressed by player 1
[16:29:03.392] [SEVERE ] key 81 was pressed by player 1
[16:29:03.423] [SEVERE ] key 81 was pressed by player 1
[16:29:03.455] [SEVERE ] key 81 was pressed by player 1
[16:29:03.486] [SEVERE ] key 81 was pressed by player 1
[16:29:03.518] [SEVERE ] key 81 was pressed by player 1
[16:29:03.549] [SEVERE ] key 81 was pressed by player 1
[16:29:03.581] [SEVERE ] key 81 was pressed by player 1
[16:29:03.615] [SEVERE ] key 81 was pressed by player 1
[16:29:03.644] [SEVERE ] key 81 was pressed by player 1
[16:29:03.722] [SEVERE ] key 81 was pressed by player 1
[16:29:03.722] [SEVERE ] key 81 was pressed by player 1
[16:29:03.769] [SEVERE ] key 81 was pressed by player 1
[16:29:03.769] [SEVERE ] key 81 was pressed by player 1
[16:29:03.816] [SEVERE ] key 81 was pressed by player 1
[16:29:03.848] [SEVERE ] key 81 was pressed by player 1
[16:29:03.879] [SEVERE ] key 81 was pressed by player 1
[16:29:03.911] [SEVERE ] key 81 was pressed by player 1
[16:29:03.942] [SEVERE ] key 81 was pressed by player 1
[16:29:03.974] [SEVERE ] key 81 was pressed by player 1
[16:29:04.005] [SEVERE ] key 81 was pressed by player 1
[16:29:04.037] [SEVERE ] key 81 was pressed by player 1
[16:29:04.068] [SEVERE ] key 81 was pressed by player 1
[16:29:04.100] [SEVERE ] key 81 was pressed by player 1
[16:29:04.132] [SEVERE ] key 81 was pressed by player 1
[16:29:04.163] [SEVERE ] key 81 was pressed by player 1
[16:29:04.179] [SEVERE ] key 81 was pressed by player 1
[16:29:04.195] [SEVERE ] updating countdown to 20000
[16:29:04.195] [SEVERE ] setting player 1 freeze to 1987
[16:29:04.195] [SEVERE ] setting player 2 freeze to 3000
[16:29:04.196] [SEVERE ] setting player 1 freeze to 1986
[16:29:04.196] [SEVERE ] setting player 2 freeze to 2999
[16:29:04.196] [SEVERE ] updating countdown to 19999
[16:29:04.196] [SEVERE ] setting player 1 freeze to 1986
[16:29:04.196] [SEVERE ] setting player 2 freeze to 2999
[16:29:04.215] [SEVERE ] key 81 was pressed by player 1
[16:29:04.243] [SEVERE ] key 81 was pressed by player 1
[16:29:04.274] [SEVERE ] key 81 was pressed by player 1
[16:29:04.306] [SEVERE ] removing player 2 token from slot 0
[16:29:04.308] [SEVERE ] removing card from slot 0
[16:29:04.320] [SEVERE ] key 81 was pressed by player 1
[16:29:04.347] [SEVERE ] key 81 was pressed by player 1
[16:29:04.380] [SEVERE ] key 81 was pressed by player 1
[16:29:04.412] [SEVERE ] removing player 1 token from slot 1
[16:29:04.412] [SEVERE ] removing card from slot 1
[16:29:04.412] [SEVERE ] key 81 was pressed by player 1
[16:29:04.438] [SEVERE ] key 81 was pressed by player 1
[16:29:04.473] [SEVERE ] key 81 was pressed by player 1
[16:29:04.504] [SEVERE ] key 81 was pressed by player 1
[16:29:04.516] [SEVERE ] removing player 1 token from slot 2
[16:29:04.516] [SEVERE ] removing card from slot 2
[16:29:04.538] [SEVERE ] key 81 was pressed by player 1
[16:29:04.563] [SEVERE ] key 81 was pressed by player 1
[16:29:04.598] [SEVERE ] key 81 was pressed by player 1
[16:29:04.619] [SEVERE ] removing card from slot 3
[16:29:04.619] [SEVERE ] key 81 was pressed by player 1
[16:29:04.650] [SEVERE ] key 81 was pressed by player 1
[16:29:04.681] [SEVERE ] key 81 was pressed by player 1
[16:29:04.729] [SEVERE ] removing card from slot 4
[16:29:04.760] [SEVERE ] key 81 was pressed by player 1
[16:29:04.776] [SEVERE ] key 81 was pressed by player 1
[16:29:04.791] [SEVERE ] key 81 was pressed by player 1
[16:29:04.839] [SEVERE ] key 81 was pressed by player 1
[16:29:04.839] [SEVERE ] removing card from slot 5
[16:29:04.870] [SEVERE ] key 81 was pressed by player 1
[16:29:04.901] [SEVERE ] key 81 was pressed by player 1
[16:29:04.917] [SEVERE ] key 81 was pressed by player 1
[16:29:04.948] [SEVERE ] removing player 2 token from slot 6
[16:29:04.948] [SEVERE ] removing card from slot 6
[16:29:04.952] [SEVERE ] key 81 was pressed by player 1
[16:29:04.980] [SEVERE ] key 81 was pressed by player 1
[16:29:05.007] [SEVERE ] key 81 was pressed by player 1
[16:29:05.046] [SEVERE ] key 81 was pressed by player 1
[16:29:05.062] [SEVERE ] removing card from slot 7
[16:29:05.078] [SEVERE ] key 81 was pressed by player 1
[16:29:05.093] [SEVERE ] key 81 was pressed by player 1
[16:29:05.140] [SEVERE ] key 81 was pressed by player 1
[16:29:05.172] [SEVERE ] removing player 2 token from slot 8
[16:29:05.172] [SEVERE ] key 81 was pressed by player 1
[16:29:05.172] [SEVERE ] removing card from slot 8
[16:29:05.202] [SEVERE ] key 81 was pressed by player 1
[16:29:05.235] [SEVERE ] key 81 was pressed by player 1
[16:29:05.261] [SEVERE ] key 81 was pressed by player 1
[16:29:05.277] [SEVERE ] removing card from slot 9
[16:29:05.293] [SEVERE ] key 81 was pressed by player 1
[16:29:05.325] [SEVERE ] key 81 was pressed by player 1
[16:29:05.356] [SEVERE ] key 81 was pressed by player 1
[16:29:05.387] [SEVERE ] removing card from slot 10
[16:29:05.387] [SEVERE ] key 81 was pressed by player 1
[16:29:05.426] [SEVERE ] key 81 was pressed by player 1
[16:29:05.457] [SEVERE ] key 81 was pressed by player 1
[16:29:05.489] [SEVERE ] key 81 was pressed by player 1
[16:29:05.489] [SEVERE ] removing card from slot 11
[16:29:05.489] [SEVERE ] updating countdown to 18706
[16:29:05.489] [SEVERE ] setting player 1 freeze to 693
[16:29:05.489] [SEVERE ] setting player 2 freeze to 1706
[16:29:05.520] [SEVERE ] key 81 was pressed by player 1
[16:29:05.552] [SEVERE ] key 81 was pressed by player 1
[16:29:05.583] [SEVERE ] key 81 was pressed by player 1
[16:29:05.599] [SEVERE ] placing card 20 in slot 0
[16:29:05.619] [SEVERE ] key 81 was pressed by player 1
[16:29:05.652] [SEVERE ] key 81 was pressed by player 1
[16:29:05.681] [SEVERE ] key 81 was pressed by player 1
[16:29:05.710] [SEVERE ] placing card 77 in slot 1
[16:29:05.719] [SEVERE ] key 81 was pressed by player 1
[16:29:05.741] [SEVERE ] key 81 was pressed by player 1
[16:29:05.773] [SEVERE ] key 81 was pressed by player 1
[16:29:05.804] [SEVERE ] key 81 was pressed by player 1
[16:29:05.820] [SEVERE ] placing card 6 in slot 2
[16:29:05.867] [SEVERE ] key 81 was pressed by player 1
[16:29:05.867] [SEVERE ] key 81 was pressed by player 1
[16:29:05.930] [SEVERE ] placing card 53 in slot 3
[16:29:05.946] [SEVERE ] key 81 was pressed by player 1
[16:29:05.946] [SEVERE ] key 81 was pressed by player 1
[16:29:05.961] [SEVERE ] key 81 was pressed by player 1
[16:29:05.993] [SEVERE ] key 81 was pressed by player 1
[16:29:06.024] [SEVERE ] key 81 was pressed by player 1
[16:29:06.040] [SEVERE ] placing card 32 in slot 4
[16:29:06.055] [SEVERE ] key 81 was pressed by player 1
[16:29:06.087] [SEVERE ] key 81 was pressed by player 1
[16:29:06.120] [SEVERE ] key 81 was pressed by player 1
[16:29:06.150] [SEVERE ] placing card 67 in slot 5
[16:29:06.151] [SEVERE ] key 81 was pressed by player 1
[16:29:06.182] [SEVERE ] key 81 was pressed by player 1
[16:29:06.220] [SEVERE ] key 81 was pressed by player 1
[16:29:06.245] [SEVERE ] key 81 was pressed by player 1
[16:29:06.260] [SEVERE ] placing card 21 in slot 6
[16:29:06.277] [SEVERE ] key 81 was pressed by player 1
[16:29:06.308] [SEVERE ] key 81 was pressed by player 1
[16:29:06.339] [SEVERE ] key 81 was pressed by player 1
[16:29:06.371] [SEVERE ] placing card 40 in slot 7
[16:29:06.371] [SEVERE ] key 81 was pressed by player 1
[16:29:06.402] [SEVERE ] key 81 was pressed by player 1
[16:29:06.434] [SEVERE ] key 81 was pressed by player 1
[16:29:06.465] [SEVERE ] key 81 was pressed by player 1
[16:29:06.481] [SEVERE ] placing card 19 in slot 8
[16:29:06.497] [SEVERE ] key 81 was pressed by player 1
[16:29:06.529] [SEVERE ] key 81 was pressed by player 1
[16:29:06.560] [SEVERE ] key 81 was pressed by player 1
[16:29:06.591] [SEVERE ] placing card 22 in slot 9
[16:29:06.591] [SEVERE ] key 81 was pressed by player 1
[16:29:06.623] [SEVERE ] key 81 was pressed by player 1
[16:29:06.654] [SEVERE ] key 81 was pressed by player 1
[16:29:06.686] [SEVERE ] key 81 was pressed by player 1
[16:29:06.701] [SEVERE ] placing card 30 in slot 10
[16:29:06.721] [SEVERE ] key 81 was pressed by player 1
[16:29:06.750] [SEVERE ] key 81 was pressed by player 1
[16:29:06.780] [SEVERE ] key 81 was pressed by player 1
[16:29:06.812] [SEVERE ] placing card 70 in slot 11
[16:29:06.812] [INFO   ] thread dealer terminated.
[16:29:06.840] [SEVERE ] key 81 was pressed by player 1
[16:29:06.897] [SEVERE ] key 81 was pressed by player 1
[16:29:06.899] [SEVERE ] key 81 was pressed by player 1
[16:29:06.946] [SEVERE ] key 81 was pressed by player 1
[16:29:06.961] [SEVERE ] key 81 was pressed by player 1
[16:29:07.009] [SEVERE ] key 81 was pressed by player 1
[16:29:07.025] [SEVERE ] key 81 was pressed by player 1
[16:29:07.056] [SEVERE ] key 81 was pressed by player 1
[16:29:07.198] [SEVERE ] player 2 placing token on slot 1
[16:29:07.198] [SEVERE ] removing player 2 token from slot 1
[16:29:07.199] [SEVERE ] player 2 placing token on slot 11
[16:29:07.199] [SEVERE ] player 2 placing token on slot 2
[16:29:07.199] [SEVERE ] player 2 placing token on slot 10
[16:29:07.199] [SEVERE ] removing player 2 token from slot 2
[16:29:07.199] [SEVERE ] player 2 placing token on slot 3
[16:29:11.821] [SEVERE ] thanks for playing... it was fun!
[16:29:11.821] [INFO   ] thread main terminated.
[16:29:11.821] [SEVERE ] disposing of user interface elements
