[15:22:00.343] [INFO   ] thread main starting.
[15:22:00.357] [SEVERE ] cannot read configuration file config.properties trying from resources.
[15:22:00.362] [SEVERE ] configuration file was loaded from resources directory.
[15:22:01.125] [INFO   ] thread dealer starting.
[15:22:01.126] [INFO   ] thread dealer starting.
[15:22:01.127] [SEVERE ] updating countdown to 60000
[15:22:01.128] [INFO   ] thread Thread-0 starting.
[15:22:01.128] [INFO   ] thread Thread-1 starting.
[15:22:01.130] [INFO   ] thread computer-1 starting.
[15:22:01.132] [SEVERE ] player 2 placing token on slot 8
[15:22:01.135] [SEVERE ] player 2 placing token on slot 3
[15:22:01.135] [SEVERE ] removing player 2 token from slot 8
[15:22:01.136] [SEVERE ] player 2 placing token on slot 4
[15:22:01.137] [SEVERE ] player 2 placing token on slot 10
[15:22:01.631] [SEVERE ] updating countdown to 59496
[15:22:01.631] [SEVERE ] updating countdown to 59496
[15:22:01.637] [SEVERE ] updating countdown to 59490
[15:22:01.637] [SEVERE ] updating countdown to 59490
[15:22:01.739] [SEVERE ] placing card 51 in slot 0
[15:22:01.844] [SEVERE ] placing card 74 in slot 1
[15:22:01.951] [SEVERE ] placing card 22 in slot 2
[15:22:02.059] [SEVERE ] placing card 14 in slot 3
[15:22:02.167] [SEVERE ] placing card 42 in slot 4
[15:22:02.274] [SEVERE ] placing card 13 in slot 5
[15:22:02.382] [SEVERE ] placing card 23 in slot 6
[15:22:02.490] [SEVERE ] placing card 64 in slot 7
[15:22:02.596] [SEVERE ] placing card 34 in slot 8
[15:22:02.705] [SEVERE ] placing card 1 in slot 9
[15:22:02.814] [SEVERE ] placing card 36 in slot 10
[15:22:02.922] [SEVERE ] placing card 59 in slot 11
[15:22:02.934] [SEVERE ] updating countdown to 58193
[15:22:03.711] [SEVERE ] key 81 was pressed by player 1
[15:22:03.712] [SEVERE ] player 1 placing token on slot 0
[15:22:03.950] [SEVERE ] updating countdown to 57177
[15:22:03.950] [SEVERE ] setting player 2 freeze to 3000
[15:22:03.951] [SEVERE ] removing player 2 token from slot 4
[15:22:03.951] [SEVERE ] player 2 placing token on slot 4
[15:22:04.058] [SEVERE ] key 87 was pressed by player 1
[15:22:04.058] [SEVERE ] player 1 placing token on slot 1
[15:22:04.343] [SEVERE ] key 69 was pressed by player 1
[15:22:04.343] [SEVERE ] player 1 placing token on slot 2
[15:22:04.570] [SEVERE ] key 87 was pressed by player 1
[15:22:04.584] [SEVERE ] key 69 was pressed by player 1
[15:22:04.723] [SEVERE ] key 81 was pressed by player 1
[15:22:04.823] [SEVERE ] key 69 was pressed by player 1
[15:22:06.958] [SEVERE ] setting player 2 freeze to 0
[15:22:06.959] [SEVERE ] updating countdown to 54168
[15:22:06.961] [SEVERE ] updating countdown to 54166
[15:22:07.964] [SEVERE ] updating countdown to 53163
[15:22:07.964] [SEVERE ] setting player 2 freeze to 3000
[15:22:07.964] [SEVERE ] removing player 2 token from slot 10
[15:22:07.965] [SEVERE ] player 2 placing token on slot 9
[15:22:10.975] [SEVERE ] setting player 2 freeze to 0
[15:22:10.975] [SEVERE ] updating countdown to 50152
[15:22:10.976] [SEVERE ] updating countdown to 50151
[15:22:11.990] [SEVERE ] updating countdown to 49137
[15:22:12.099] [SEVERE ] removing player 1 token from slot 0
[15:22:12.099] [SEVERE ] removing card from slot 0
[15:22:12.207] [SEVERE ] removing player 1 token from slot 1
[15:22:12.207] [SEVERE ] removing card from slot 1
[15:22:12.316] [SEVERE ] removing player 1 token from slot 2
[15:22:12.316] [SEVERE ] removing card from slot 2
[15:22:12.317] [SEVERE ] updating countdown to 48810
[15:22:12.424] [SEVERE ] placing card 43 in slot 0
[15:22:12.534] [SEVERE ] placing card 19 in slot 1
[15:22:12.643] [SEVERE ] placing card 80 in slot 2
[15:22:12.652] [SEVERE ] updating countdown to 60000
[15:22:12.652] [SEVERE ] setting player 1 freeze to 1000
[15:22:12.652] [SEVERE ] setting player 1 score to 1
[15:22:12.652] [SEVERE ] player 1 placing token on slot 1
[15:22:12.653] [SEVERE ] player 1 placing token on slot 2
[15:22:12.653] [SEVERE ] player 1 placing token on slot 0
[15:22:12.653] [SEVERE ] key 87 was pressed by player 1
[15:22:12.654] [SEVERE ] key 81 was pressed by player 1
[15:22:12.654] [SEVERE ] key 87 was pressed by player 1
[15:22:13.660] [SEVERE ] setting player 1 freeze to 0
[15:22:13.660] [SEVERE ] updating countdown to 58992
[15:22:13.661] [SEVERE ] updating countdown to 58991
[15:22:14.670] [SEVERE ] updating countdown to 57982
[15:22:14.670] [SEVERE ] setting player 2 freeze to 3000
[15:22:14.671] [SEVERE ] removing player 2 token from slot 9
[15:22:14.671] [SEVERE ] player 2 placing token on slot 5
[15:22:17.676] [SEVERE ] setting player 2 freeze to 0
[15:22:17.677] [SEVERE ] updating countdown to 54975
[15:22:17.677] [SEVERE ] updating countdown to 54975
