[18:23:43.976] [INFO   ] thread main starting.
[18:23:43.979] [SEVERE ] cannot read configuration file config.properties trying from resources.
[18:23:43.984] [SEVERE ] configuration file was loaded from resources directory.
[18:23:44.324] [INFO   ] thread dealer starting.
[18:23:44.325] [INFO   ] thread dealer starting.
[18:23:44.325] [SEVERE ] updating countdown to 5000
[18:23:44.325] [INFO   ] thread Thread-0 starting.
[18:23:44.325] [INFO   ] thread Thread-1 starting.
[18:23:44.325] [INFO   ] thread Thread-2 starting.
[18:23:44.325] [INFO   ] thread Thread-3 starting.
[18:23:44.325] [INFO   ] thread computer-1 starting.
[18:23:44.325] [INFO   ] thread computer-0 starting.
[18:23:44.325] [INFO   ] thread computer-2 starting.
[18:23:44.325] [INFO   ] thread computer-3 starting.
[18:23:44.943] [SEVERE ] placing card 44 in slot 0
[18:23:45.058] [SEVERE ] placing card 71 in slot 1
[18:23:45.165] [SEVERE ] placing card 33 in slot 2
[18:23:45.267] [SEVERE ] placing card 40 in slot 3
[18:23:45.374] [SEVERE ] placing card 53 in slot 4
[18:23:45.490] [SEVERE ] placing card 65 in slot 5
[18:23:45.600] [SEVERE ] placing card 56 in slot 6
[18:23:45.714] [SEVERE ] placing card 64 in slot 7
[18:23:45.819] [SEVERE ] placing card 62 in slot 8
[18:23:45.920] [SEVERE ] placing card 61 in slot 9
[18:23:46.032] [SEVERE ] placing card 77 in slot 10
[18:23:46.144] [SEVERE ] placing card 8 in slot 11
[18:23:46.144] [SEVERE ] player 3 placing token on slot 5
[18:23:46.144] [SEVERE ] player 4 placing token on slot 9
[18:23:46.144] [SEVERE ] player 4 placing token on slot 4
[18:23:46.144] [SEVERE ] player 2 placing token on slot 3
[18:23:46.144] [SEVERE ] player 1 placing token on slot 0
[18:23:46.144] [SEVERE ] player 3 placing token on slot 10
[18:23:46.144] [SEVERE ] player 4 placing token on slot 10
[18:23:46.144] [SEVERE ] removing player 2 token from slot 3
[18:23:46.144] [SEVERE ] player 1 placing token on slot 10
[18:23:46.144] [SEVERE ] player 1 placing token on slot 5
[18:23:46.144] [SEVERE ] player 3 placing token on slot 7
[18:23:46.144] [SEVERE ] player 2 placing token on slot 2
[18:23:46.144] [SEVERE ] player 2 placing token on slot 7
[18:23:46.144] [SEVERE ] player 2 placing token on slot 6
[18:23:47.152] [SEVERE ] setting player 1 freeze to 1
[18:23:47.152] [SEVERE ] setting player 1 freeze to 0
[18:23:47.152] [SEVERE ] removing player 1 token from slot 0
[18:23:47.152] [SEVERE ] player 1 placing token on slot 4
[18:23:48.165] [SEVERE ] setting player 2 freeze to 1
[18:23:48.165] [SEVERE ] setting player 2 freeze to 0
[18:23:48.165] [SEVERE ] removing player 2 token from slot 2
[18:23:48.165] [SEVERE ] player 2 placing token on slot 2
[18:23:49.179] [SEVERE ] setting player 3 freeze to 1
[18:23:49.179] [SEVERE ] setting player 3 freeze to 0
[18:23:49.179] [SEVERE ] removing player 3 token from slot 5
[18:23:49.179] [SEVERE ] player 3 placing token on slot 6
[18:23:50.184] [SEVERE ] updating countdown to 5000
[18:23:50.184] [SEVERE ] setting player 4 freeze to 1
[18:23:50.184] [SEVERE ] setting player 4 freeze to 0
[18:23:50.184] [SEVERE ] updating countdown to 5000
[18:23:50.184] [SEVERE ] removing player 4 token from slot 9
[18:23:50.184] [SEVERE ] removing player 4 token from slot 4
[18:23:50.288] [SEVERE ] removing card from slot 0
[18:23:50.392] [SEVERE ] removing card from slot 1
[18:23:50.501] [SEVERE ] removing player 2 token from slot 2
[18:23:50.501] [SEVERE ] removing card from slot 2
[18:23:50.602] [SEVERE ] removing card from slot 3
[18:23:50.707] [SEVERE ] removing player 1 token from slot 4
[18:23:50.707] [SEVERE ] removing card from slot 4
[18:23:50.820] [SEVERE ] removing player 1 token from slot 5
[18:23:50.820] [SEVERE ] removing card from slot 5
[18:23:50.930] [SEVERE ] removing player 2 token from slot 6
[18:23:50.930] [SEVERE ] removing player 3 token from slot 6
[18:23:50.930] [SEVERE ] removing card from slot 6
[18:23:51.041] [SEVERE ] removing player 3 token from slot 7
[18:23:51.041] [SEVERE ] removing player 2 token from slot 7
[18:23:51.041] [SEVERE ] removing card from slot 7
[18:23:51.153] [SEVERE ] removing card from slot 8
[18:23:51.263] [SEVERE ] removing card from slot 9
[18:23:51.373] [SEVERE ] removing player 3 token from slot 10
[18:23:51.373] [SEVERE ] removing player 4 token from slot 10
[18:23:51.374] [SEVERE ] removing player 1 token from slot 10
[18:23:51.374] [SEVERE ] removing card from slot 10
[18:23:51.485] [SEVERE ] removing card from slot 11
[18:23:51.596] [SEVERE ] placing card 63 in slot 0
[18:23:51.708] [SEVERE ] placing card 49 in slot 1
[18:23:51.819] [SEVERE ] placing card 17 in slot 2
[18:23:51.930] [SEVERE ] placing card 0 in slot 3
[18:23:52.041] [SEVERE ] placing card 43 in slot 4
[18:23:52.152] [SEVERE ] placing card 73 in slot 5
[18:23:52.264] [SEVERE ] placing card 79 in slot 6
[18:23:52.374] [SEVERE ] placing card 48 in slot 7
[18:23:52.485] [SEVERE ] placing card 6 in slot 8
[18:23:52.594] [SEVERE ] placing card 19 in slot 9
[18:23:52.695] [SEVERE ] placing card 39 in slot 10
[18:23:52.806] [SEVERE ] placing card 50 in slot 11
[18:23:52.806] [SEVERE ] player 4 placing token on slot 8
[18:23:52.806] [SEVERE ] player 4 placing token on slot 4
[18:23:52.806] [SEVERE ] player 4 placing token on slot 3
[18:23:52.806] [INFO   ] thread dealer terminated.
[18:23:57.822] [SEVERE ] thanks for playing... it was fun!
[18:23:57.822] [INFO   ] thread main terminated.
[18:23:57.822] [SEVERE ] disposing of user interface elements
