[18:30:47.671] [INFO   ] thread main starting.
[18:30:47.677] [SEVERE ] cannot read configuration file config.properties trying from resources.
[18:30:47.679] [SEVERE ] configuration file was loaded from resources directory.
[18:30:48.056] [INFO   ] thread dealer starting.
[18:30:48.056] [INFO   ] thread dealer starting.
[18:30:48.057] [INFO   ] thread Thread-0 starting.
[18:30:48.057] [SEVERE ] updating countdown to 5000
[18:30:48.057] [INFO   ] thread Thread-2 starting.
[18:30:48.057] [INFO   ] thread Thread-1 starting.
[18:30:48.057] [INFO   ] thread Thread-3 starting.
[18:30:48.058] [INFO   ] thread computer-2 starting.
[18:30:48.058] [INFO   ] thread computer-0 starting.
[18:30:48.058] [INFO   ] thread computer-1 starting.
[18:30:48.058] [INFO   ] thread computer-3 starting.
[18:30:48.687] [SEVERE ] placing card 73 in slot 0
[18:30:48.795] [SEVERE ] placing card 72 in slot 1
[18:30:48.911] [SEVERE ] placing card 13 in slot 2
[18:30:49.022] [SEVERE ] placing card 78 in slot 3
[18:30:49.128] [SEVERE ] placing card 35 in slot 4
[18:30:49.229] [SEVERE ] placing card 39 in slot 5
[18:30:49.337] [SEVERE ] placing card 21 in slot 6
[18:30:49.444] [SEVERE ] placing card 24 in slot 7
[18:30:49.559] [SEVERE ] placing card 16 in slot 8
[18:30:49.661] [SEVERE ] placing card 67 in slot 9
[18:30:49.762] [SEVERE ] placing card 51 in slot 10
[18:30:49.863] [SEVERE ] placing card 23 in slot 11
[18:30:49.863] [SEVERE ] player 2 placing token on slot 8
[18:30:49.863] [SEVERE ] player 3 placing token on slot 7
[18:30:49.863] [SEVERE ] player 2 placing token on slot 10
[18:30:49.863] [SEVERE ] player 2 placing token on slot 7
[18:30:49.863] [SEVERE ] player 1 placing token on slot 3
[18:30:49.863] [SEVERE ] player 1 placing token on slot 5
[18:30:49.863] [SEVERE ] player 4 placing token on slot 9
[18:30:49.863] [SEVERE ] player 3 placing token on slot 11
[18:30:49.863] [SEVERE ] player 1 placing token on slot 11
[18:30:49.863] [SEVERE ] player 4 placing token on slot 1
[18:30:49.863] [SEVERE ] player 3 placing token on slot 8
[18:30:49.863] [SEVERE ] player 4 placing token on slot 10
[18:30:50.878] [SEVERE ] setting player 1 freeze to 1
[18:30:50.880] [SEVERE ] setting player 1 freeze to 0
[18:30:50.880] [SEVERE ] removing player 1 token from slot 3
[18:30:50.880] [SEVERE ] player 1 placing token on slot 4
[18:30:51.892] [SEVERE ] setting player 2 freeze to 1
[18:30:51.892] [SEVERE ] setting player 2 freeze to 0
[18:30:51.892] [SEVERE ] removing player 2 token from slot 8
[18:30:51.893] [SEVERE ] player 2 placing token on slot 8
[18:30:52.904] [SEVERE ] setting player 3 freeze to 1
[18:30:52.905] [SEVERE ] setting player 3 freeze to 0
[18:30:52.905] [SEVERE ] removing player 3 token from slot 11
[18:30:52.905] [SEVERE ] player 3 placing token on slot 11
[18:30:53.912] [SEVERE ] updating countdown to 5000
[18:30:53.912] [SEVERE ] setting player 4 freeze to 1
[18:30:53.912] [SEVERE ] setting player 4 freeze to 0
[18:30:53.912] [SEVERE ] updating countdown to 5000
[18:30:53.912] [SEVERE ] removing player 4 token from slot 1
[18:30:54.027] [SEVERE ] removing card from slot 0
[18:30:54.129] [SEVERE ] removing card from slot 1
[18:30:54.241] [SEVERE ] removing card from slot 2
[18:30:54.344] [SEVERE ] removing card from slot 3
[18:30:54.458] [SEVERE ] removing player 1 token from slot 4
[18:30:54.458] [SEVERE ] removing card from slot 4
[18:30:54.560] [SEVERE ] removing player 1 token from slot 5
[18:30:54.560] [SEVERE ] removing card from slot 5
[18:30:54.662] [SEVERE ] removing card from slot 6
[18:30:54.763] [SEVERE ] removing player 3 token from slot 7
[18:30:54.763] [SEVERE ] removing player 2 token from slot 7
[18:30:54.763] [SEVERE ] removing card from slot 7
[18:30:54.877] [SEVERE ] removing player 3 token from slot 8
[18:30:54.877] [SEVERE ] removing player 2 token from slot 8
[18:30:54.877] [SEVERE ] removing card from slot 8
[18:30:54.979] [SEVERE ] removing player 4 token from slot 9
[18:30:54.979] [SEVERE ] removing card from slot 9
[18:30:55.087] [SEVERE ] removing player 2 token from slot 10
[18:30:55.087] [SEVERE ] removing player 4 token from slot 10
[18:30:55.087] [SEVERE ] removing card from slot 10
[18:30:55.188] [SEVERE ] removing player 1 token from slot 11
[18:30:55.188] [SEVERE ] removing player 3 token from slot 11
[18:30:55.189] [SEVERE ] removing card from slot 11
[18:30:55.294] [SEVERE ] placing card 13 in slot 0
[18:30:55.408] [SEVERE ] placing card 76 in slot 1
[18:30:55.523] [SEVERE ] placing card 68 in slot 2
[18:30:55.627] [SEVERE ] placing card 42 in slot 3
[18:30:55.728] [SEVERE ] placing card 44 in slot 4
[18:30:55.837] [SEVERE ] placing card 14 in slot 5
[18:30:55.944] [SEVERE ] placing card 52 in slot 6
[18:30:56.059] [SEVERE ] placing card 77 in slot 7
[18:30:56.171] [SEVERE ] placing card 0 in slot 8
[18:30:56.279] [SEVERE ] placing card 47 in slot 9
[18:30:56.388] [SEVERE ] placing card 41 in slot 10
[18:30:56.492] [SEVERE ] placing card 10 in slot 11
[18:30:56.492] [SEVERE ] player 4 placing token on slot 5
[18:30:56.492] [SEVERE ] player 4 placing token on slot 8
[18:30:56.492] [SEVERE ] removing player 4 token from slot 8
[18:30:56.493] [SEVERE ] player 4 placing token on slot 7
[18:30:56.493] [SEVERE ] player 4 placing token on slot 10
[18:30:56.500] [INFO   ] thread dealer terminated.
[18:31:01.507] [SEVERE ] thanks for playing... it was fun!
[18:31:01.507] [INFO   ] thread main terminated.
[18:31:01.507] [SEVERE ] disposing of user interface elements
