[18:21:58.382] [INFO   ] thread main starting.
[18:21:58.391] [SEVERE ] cannot read configuration file config.properties trying from resources.
[18:21:58.393] [SEVERE ] configuration file was loaded from resources directory.
[18:21:58.855] [INFO   ] thread dealer starting.
[18:21:58.856] [INFO   ] thread dealer starting.
[18:21:58.857] [SEVERE ] updating countdown to 5000
[18:21:58.857] [INFO   ] thread Thread-0 starting.
[18:21:58.857] [INFO   ] thread Thread-2 starting.
[18:21:58.857] [INFO   ] thread Thread-1 starting.
[18:21:58.857] [INFO   ] thread Thread-3 starting.
[18:21:58.858] [INFO   ] thread computer-0 starting.
[18:21:58.858] [INFO   ] thread computer-1 starting.
[18:21:58.858] [INFO   ] thread computer-2 starting.
[18:21:58.858] [INFO   ] thread computer-3 starting.
[18:21:59.478] [SEVERE ] placing card 57 in slot 0
[18:21:59.586] [SEVERE ] placing card 66 in slot 1
[18:21:59.696] [SEVERE ] placing card 6 in slot 2
[18:21:59.804] [SEVERE ] placing card 50 in slot 3
[18:21:59.913] [SEVERE ] placing card 68 in slot 4
[18:22:00.021] [SEVERE ] placing card 0 in slot 5
[18:22:00.131] [SEVERE ] placing card 43 in slot 6
[18:22:00.241] [SEVERE ] placing card 28 in slot 7
[18:22:00.352] [SEVERE ] placing card 69 in slot 8
[18:22:00.461] [SEVERE ] placing card 62 in slot 9
[18:22:00.570] [SEVERE ] placing card 20 in slot 10
[18:22:00.680] [SEVERE ] placing card 5 in slot 11
[18:22:00.680] [SEVERE ] player 1 placing token on slot 2
[18:22:00.680] [SEVERE ] player 3 placing token on slot 4
[18:22:00.680] [SEVERE ] player 2 placing token on slot 3
[18:22:00.680] [SEVERE ] player 4 placing token on slot 1
[18:22:00.681] [SEVERE ] player 1 placing token on slot 3
[18:22:00.681] [SEVERE ] player 3 placing token on slot 9
[18:22:00.681] [SEVERE ] player 2 placing token on slot 2
[18:22:00.682] [SEVERE ] player 2 placing token on slot 10
[18:22:00.681] [SEVERE ] player 4 placing token on slot 9
[18:22:00.681] [SEVERE ] player 1 placing token on slot 11
[18:22:00.682] [SEVERE ] removing player 3 token from slot 4
[18:22:00.682] [SEVERE ] player 4 placing token on slot 2
[18:22:00.682] [SEVERE ] player 3 placing token on slot 8
[18:22:00.683] [SEVERE ] player 3 placing token on slot 6
[18:22:01.702] [SEVERE ] setting player 1 freeze to 1
[18:22:01.702] [SEVERE ] setting player 1 freeze to 0
[18:22:01.702] [SEVERE ] removing player 1 token from slot 11
[18:22:01.702] [SEVERE ] player 1 placing token on slot 6
[18:22:02.719] [SEVERE ] setting player 2 freeze to 1
[18:22:02.719] [SEVERE ] setting player 2 freeze to 0
[18:22:02.720] [SEVERE ] removing player 2 token from slot 10
[18:22:02.720] [SEVERE ] player 2 placing token on slot 7
[18:22:03.734] [SEVERE ] setting player 3 freeze to 1
[18:22:03.734] [SEVERE ] setting player 3 freeze to 0
[18:22:03.734] [SEVERE ] removing player 3 token from slot 6
[18:22:03.735] [SEVERE ] player 3 placing token on slot 10
[18:22:04.752] [SEVERE ] updating countdown to 5000
[18:22:04.753] [SEVERE ] setting player 4 freeze to 1
[18:22:04.753] [SEVERE ] setting player 4 freeze to 0
[18:22:04.753] [SEVERE ] removing player 4 token from slot 2
[18:22:04.861] [SEVERE ] removing card from slot 0
[18:22:04.968] [SEVERE ] removing player 4 token from slot 1
[18:22:04.968] [SEVERE ] removing card from slot 1
[18:22:05.079] [SEVERE ] removing player 1 token from slot 2
[18:22:05.079] [SEVERE ] removing player 2 token from slot 2
[18:22:05.079] [SEVERE ] removing card from slot 2
[18:22:05.188] [SEVERE ] removing player 2 token from slot 3
[18:22:05.188] [SEVERE ] removing player 1 token from slot 3
[18:22:05.188] [SEVERE ] removing card from slot 3
[18:22:05.296] [SEVERE ] removing card from slot 4
[18:22:05.406] [SEVERE ] removing card from slot 5
[18:22:05.515] [SEVERE ] removing player 1 token from slot 6
[18:22:05.515] [SEVERE ] removing card from slot 6
[18:22:05.626] [SEVERE ] removing player 2 token from slot 7
[18:22:05.626] [SEVERE ] removing card from slot 7
[18:22:05.734] [SEVERE ] removing player 3 token from slot 8
[18:22:05.734] [SEVERE ] removing card from slot 8
[18:22:05.845] [SEVERE ] removing player 3 token from slot 9
[18:22:05.845] [SEVERE ] removing player 4 token from slot 9
[18:22:05.845] [SEVERE ] removing card from slot 9
[18:22:05.954] [SEVERE ] removing player 3 token from slot 10
[18:22:05.954] [SEVERE ] removing card from slot 10
[18:22:06.065] [SEVERE ] removing card from slot 11
[18:22:06.175] [SEVERE ] placing card 77 in slot 0
[18:22:06.284] [SEVERE ] placing card 44 in slot 1
[18:22:06.395] [SEVERE ] placing card 20 in slot 2
[18:22:06.505] [SEVERE ] placing card 53 in slot 3
[18:22:06.615] [SEVERE ] placing card 3 in slot 4
[18:22:06.726] [SEVERE ] placing card 2 in slot 5
[18:22:06.836] [SEVERE ] placing card 5 in slot 6
[18:22:06.947] [SEVERE ] placing card 56 in slot 7
[18:22:07.055] [SEVERE ] placing card 13 in slot 8
[18:22:07.162] [SEVERE ] placing card 24 in slot 9
[18:22:07.271] [SEVERE ] placing card 11 in slot 10
[18:22:07.381] [SEVERE ] placing card 79 in slot 11
[18:22:07.381] [SEVERE ] player 4 placing token on slot 1
[18:22:07.381] [SEVERE ] player 4 placing token on slot 9
[18:22:07.381] [SEVERE ] player 4 placing token on slot 2
[18:22:07.386] [INFO   ] thread dealer terminated.
[18:22:12.398] [SEVERE ] thanks for playing... it was fun!
[18:22:12.398] [INFO   ] thread main terminated.
[18:22:12.399] [SEVERE ] disposing of user interface elements
