[19:58:23.527] [INFO   ] thread main starting.
[19:58:23.534] [SEVERE ] cannot read configuration file config.properties trying from resources.
[19:58:23.536] [SEVERE ] configuration file was loaded from resources directory.
[19:58:23.896] [INFO   ] thread dealer starting.
[19:58:23.896] [INFO   ] thread dealer starting.
[19:58:23.897] [SEVERE ] updating countdown to 10000
[19:58:23.897] [INFO   ] thread Thread-1 starting.
[19:58:23.897] [INFO   ] thread Thread-0 starting.
[19:58:23.897] [INFO   ] thread Thread-3 starting.
[19:58:23.897] [INFO   ] thread Thread-2 starting.
[19:58:23.898] [INFO   ] thread computer-0 starting.
[19:58:23.898] [INFO   ] thread computer-2 starting.
[19:58:23.898] [INFO   ] thread computer-1 starting.
[19:58:23.898] [INFO   ] thread computer-3 starting.
[19:58:24.401] [SEVERE ] updating countdown to 9496
[19:58:24.620] [SEVERE ] placing card 29 in slot 0
[19:58:24.824] [SEVERE ] placing card 15 in slot 1
[19:58:25.028] [SEVERE ] placing card 25 in slot 2
[19:58:25.244] [SEVERE ] placing card 31 in slot 3
[19:58:25.445] [SEVERE ] placing card 38 in slot 4
[19:58:25.662] [SEVERE ] placing card 35 in slot 5
[19:58:25.867] [SEVERE ] placing card 78 in slot 6
[19:58:26.072] [SEVERE ] placing card 76 in slot 7
[19:58:26.276] [SEVERE ] placing card 26 in slot 8
[19:58:26.480] [SEVERE ] placing card 48 in slot 9
[19:58:26.686] [SEVERE ] placing card 7 in slot 10
[19:58:26.892] [SEVERE ] placing card 39 in slot 11
[19:58:26.892] [SEVERE ] player 4 placing token on slot 4
[19:58:26.892] [SEVERE ] player 2 placing token on slot 10
[19:58:26.892] [SEVERE ] player 3 placing token on slot 10
[19:58:26.892] [SEVERE ] player 1 placing token on slot 4
[19:58:26.893] [SEVERE ] player 4 placing token on slot 3
[19:58:26.893] [SEVERE ] removing player 2 token from slot 10
[19:58:26.893] [SEVERE ] player 3 placing token on slot 3
[19:58:26.894] [SEVERE ] player 2 placing token on slot 10
[19:58:26.893] [SEVERE ] player 1 placing token on slot 11
[19:58:26.894] [SEVERE ] player 4 placing token on slot 10
[19:58:26.894] [SEVERE ] player 3 placing token on slot 5
[19:58:26.894] [SEVERE ] player 2 placing token on slot 5
[19:58:26.895] [SEVERE ] player 1 placing token on slot 6
[19:58:26.895] [SEVERE ] player 2 placing token on slot 0
[19:58:26.898] [SEVERE ] updating countdown to 6999
[19:58:27.908] [SEVERE ] updating countdown to 5989
[19:58:27.922] [SEVERE ] setting player 1 freeze to 1
[19:58:27.922] [SEVERE ] setting player 1 freeze to 0
[19:58:27.924] [SEVERE ] removing player 1 token from slot 6
[19:58:27.924] [SEVERE ] player 1 placing token on slot 7
[19:58:27.925] [SEVERE ] updating countdown to 5972
[19:58:28.938] [SEVERE ] setting player 2 freeze to 1
[19:58:28.939] [SEVERE ] setting player 2 freeze to 0
[19:58:28.940] [SEVERE ] removing player 2 token from slot 10
[19:58:28.941] [SEVERE ] player 2 placing token on slot 11
[19:58:29.950] [SEVERE ] setting player 3 freeze to 1
[19:58:29.950] [SEVERE ] setting player 3 freeze to 0
[19:58:29.951] [SEVERE ] removing player 3 token from slot 3
[19:58:29.951] [SEVERE ] player 3 placing token on slot 1
[19:58:30.964] [SEVERE ] setting player 4 freeze to 1
[19:58:30.964] [SEVERE ] setting player 4 freeze to 0
[19:58:30.966] [SEVERE ] removing player 4 token from slot 10
[19:58:30.967] [SEVERE ] player 4 placing token on slot 2
[19:58:31.978] [SEVERE ] setting player 1 freeze to 1
[19:58:31.979] [SEVERE ] setting player 1 freeze to 0
[19:58:31.979] [SEVERE ] removing player 1 token from slot 4
[19:58:31.980] [SEVERE ] player 1 placing token on slot 3
[19:58:32.995] [SEVERE ] setting player 2 freeze to 1
[19:58:32.995] [SEVERE ] setting player 2 freeze to 0
[19:58:32.996] [SEVERE ] removing player 2 token from slot 11
[19:58:32.996] [SEVERE ] player 2 placing token on slot 1
[19:58:34.007] [SEVERE ] updating countdown to 10000
[19:58:34.008] [SEVERE ] setting player 3 freeze to 1
[19:58:34.008] [SEVERE ] setting player 3 freeze to 0
[19:58:34.008] [SEVERE ] updating countdown to 9999
[19:58:34.009] [SEVERE ] setting player 4 freeze to 1
[19:58:34.009] [SEVERE ] setting player 4 freeze to 0
[19:58:34.214] [SEVERE ] removing player 2 token from slot 0
[19:58:34.214] [SEVERE ] removing card from slot 0
[19:58:34.420] [SEVERE ] removing player 3 token from slot 1
[19:58:34.420] [SEVERE ] removing player 2 token from slot 1
[19:58:34.420] [SEVERE ] removing card from slot 1
[19:58:34.626] [SEVERE ] removing player 4 token from slot 2
[19:58:34.626] [SEVERE ] removing card from slot 2
[19:58:34.832] [SEVERE ] removing player 4 token from slot 3
[19:58:34.833] [SEVERE ] removing player 1 token from slot 3
[19:58:34.833] [SEVERE ] removing card from slot 3
[19:58:35.037] [SEVERE ] removing player 4 token from slot 4
[19:58:35.037] [SEVERE ] removing card from slot 4
[19:58:35.239] [SEVERE ] removing player 3 token from slot 5
[19:58:35.239] [SEVERE ] removing player 2 token from slot 5
[19:58:35.239] [SEVERE ] removing card from slot 5
[19:58:35.444] [SEVERE ] removing card from slot 6
[19:58:35.652] [SEVERE ] removing player 1 token from slot 7
[19:58:35.652] [SEVERE ] removing card from slot 7
[19:58:35.858] [SEVERE ] removing card from slot 8
[19:58:36.064] [SEVERE ] removing card from slot 9
[19:58:36.270] [SEVERE ] removing player 3 token from slot 10
[19:58:36.270] [SEVERE ] removing card from slot 10
[19:58:36.476] [SEVERE ] removing player 1 token from slot 11
[19:58:36.476] [SEVERE ] removing card from slot 11
[19:58:36.683] [SEVERE ] placing card 3 in slot 0
[19:58:36.891] [SEVERE ] placing card 20 in slot 1
[19:58:37.097] [SEVERE ] placing card 11 in slot 2
[19:58:37.301] [SEVERE ] placing card 19 in slot 3
[19:58:37.506] [SEVERE ] placing card 12 in slot 4
[19:58:37.713] [SEVERE ] placing card 44 in slot 5
[19:58:37.918] [SEVERE ] placing card 46 in slot 6
[19:58:38.124] [SEVERE ] placing card 38 in slot 7
[19:58:38.330] [SEVERE ] placing card 62 in slot 8
[19:58:38.536] [SEVERE ] placing card 28 in slot 9
[19:58:38.743] [SEVERE ] placing card 52 in slot 10
[19:58:38.948] [SEVERE ] placing card 37 in slot 11
[19:58:38.954] [SEVERE ] updating countdown to 5053
[19:58:38.996] [SEVERE ] player 3 placing token on slot 4
[19:58:38.996] [SEVERE ] player 4 placing token on slot 3
[19:58:38.997] [SEVERE ] player 3 placing token on slot 9
[19:58:38.997] [SEVERE ] player 4 placing token on slot 0
[19:58:38.997] [SEVERE ] player 3 placing token on slot 5
[19:58:38.997] [SEVERE ] player 4 placing token on slot 10
[19:58:38.998] [SEVERE ] removing player 4 token from slot 0
[19:58:38.998] [SEVERE ] player 4 placing token on slot 4
[19:58:38.998] [SEVERE ] removing player 3 token from slot 5
[19:58:38.999] [SEVERE ] removing player 3 token from slot 4
[19:58:38.999] [SEVERE ] player 3 placing token on slot 4
[19:58:38.999] [SEVERE ] removing player 3 token from slot 9
[19:58:39.000] [SEVERE ] player 3 placing token on slot 9
[19:58:39.000] [SEVERE ] player 3 placing token on slot 7
[19:58:39.963] [SEVERE ] setting player 4 freeze to 1
[19:58:39.963] [SEVERE ] setting player 4 freeze to 0
[19:58:39.964] [SEVERE ] removing player 4 token from slot 4
[19:58:39.965] [SEVERE ] player 4 placing token on slot 1
[19:58:40.975] [SEVERE ] setting player 3 freeze to 1
[19:58:40.976] [SEVERE ] setting player 3 freeze to 0
[19:58:40.977] [SEVERE ] removing player 3 token from slot 4
[19:58:40.977] [SEVERE ] player 3 placing token on slot 6
[19:58:41.051] [SEVERE ] exit button pressed
[19:58:41.051] [SEVERE ] disposing of user interface elements
[19:58:41.051] [INFO   ] thread computer-0 terminated.
[19:58:41.051] [INFO   ] thread computer-2 terminated.
[19:58:41.051] [INFO   ] thread Thread-0 terminated.
[19:58:41.051] [INFO   ] thread computer-3 terminated.
[19:58:41.051] [INFO   ] thread computer-1 terminated.
[19:58:41.051] [INFO   ] thread Thread-2 terminated.
[19:58:41.052] [INFO   ] thread Thread-1 terminated.
[19:58:41.052] [INFO   ] thread Thread-3 terminated.
