[19:01:01.710] [INFO   ] thread main starting.
[19:01:01.716] [SEVERE ] cannot read configuration file config.properties trying from resources.
[19:01:01.718] [SEVERE ] configuration file was loaded from resources directory.
[19:01:02.090] [INFO   ] thread dealer starting.
[19:01:02.090] [INFO   ] thread dealer starting.
[19:01:02.090] [SEVERE ] updating countdown to 10000
[19:01:02.090] [INFO   ] thread Thread-3 starting.
[19:01:02.090] [INFO   ] thread Thread-0 starting.
[19:01:02.090] [INFO   ] thread Thread-1 starting.
[19:01:02.090] [INFO   ] thread Thread-2 starting.
[19:01:02.098] [INFO   ] thread computer-2 starting.
[19:01:02.098] [INFO   ] thread computer-1 starting.
[19:01:02.099] [INFO   ] thread computer-0 starting.
[19:01:02.099] [INFO   ] thread computer-3 starting.
[19:01:02.611] [SEVERE ] updating countdown to 9479
[19:01:02.824] [SEVERE ] placing card 68 in slot 0
[19:01:03.033] [SEVERE ] placing card 61 in slot 1
[19:01:03.239] [SEVERE ] placing card 50 in slot 2
[19:01:03.440] [SEVERE ] placing card 75 in slot 3
[19:01:03.656] [SEVERE ] placing card 46 in slot 4
[19:01:03.860] [SEVERE ] placing card 66 in slot 5
[19:01:04.065] [SEVERE ] placing card 60 in slot 6
[19:01:04.270] [SEVERE ] placing card 37 in slot 7
[19:01:04.477] [SEVERE ] placing card 7 in slot 8
[19:01:04.681] [SEVERE ] placing card 8 in slot 9
[19:01:04.885] [SEVERE ] placing card 13 in slot 10
[19:01:05.089] [SEVERE ] placing card 41 in slot 11
[19:01:05.089] [SEVERE ] player 3 placing token on slot 5
[19:01:05.089] [SEVERE ] player 2 placing token on slot 9
[19:01:05.089] [SEVERE ] player 1 placing token on slot 10
[19:01:05.089] [SEVERE ] player 1 placing token on slot 6
[19:01:05.089] [SEVERE ] player 4 placing token on slot 5
[19:01:05.089] [SEVERE ] player 3 placing token on slot 7
[19:01:05.089] [SEVERE ] player 2 placing token on slot 4
[19:01:05.089] [SEVERE ] player 1 placing token on slot 8
[19:01:05.089] [SEVERE ] player 4 placing token on slot 3
[19:01:05.089] [SEVERE ] player 3 placing token on slot 1
[19:01:05.089] [SEVERE ] player 2 placing token on slot 5
[19:01:05.089] [SEVERE ] player 4 placing token on slot 9
[19:01:05.089] [SEVERE ] updating countdown to 7001
[19:01:06.099] [SEVERE ] updating countdown to 5991
[19:01:06.099] [SEVERE ] setting player 1 freeze to 1
[19:01:06.099] [SEVERE ] setting player 1 freeze to 0
[19:01:06.099] [SEVERE ] removing player 1 token from slot 8
[19:01:06.099] [SEVERE ] player 1 placing token on slot 7
[19:01:06.099] [SEVERE ] updating countdown to 5991
[19:01:07.321] [SEVERE ] removing player 2 token from slot 9
[19:01:07.321] [SEVERE ] removing player 4 token from slot 9
[19:01:07.321] [SEVERE ] removing card from slot 9
[19:01:07.525] [SEVERE ] removing player 2 token from slot 4
[19:01:07.525] [SEVERE ] removing card from slot 4
[19:01:07.733] [SEVERE ] removing player 3 token from slot 5
[19:01:07.733] [SEVERE ] removing player 4 token from slot 5
[19:01:07.733] [SEVERE ] removing player 2 token from slot 5
[19:01:07.733] [SEVERE ] removing card from slot 5
[19:01:07.940] [SEVERE ] placing card 25 in slot 4
[19:01:08.142] [SEVERE ] placing card 18 in slot 5
[19:01:08.349] [SEVERE ] placing card 55 in slot 9
[19:01:08.349] [SEVERE ] updating countdown to 10000
[19:01:08.349] [SEVERE ] setting player 2 freeze to 1
[19:01:08.349] [SEVERE ] setting player 2 score to 1
[19:01:08.349] [SEVERE ] setting player 2 freeze to 0
[19:01:08.349] [SEVERE ] player 2 placing token on slot 2
[19:01:08.349] [SEVERE ] player 2 placing token on slot 7
[19:01:08.349] [SEVERE ] player 2 placing token on slot 11
[19:01:08.349] [SEVERE ] updating countdown to 10000
[19:01:09.355] [SEVERE ] updating countdown to 8994
[19:01:09.355] [SEVERE ] updating countdown to 8994
[19:01:10.365] [SEVERE ] updating countdown to 7984
[19:01:10.365] [SEVERE ] updating countdown to 7984
[19:01:11.373] [SEVERE ] updating countdown to 6976
[19:01:11.373] [SEVERE ] updating countdown to 6976
[19:01:12.375] [SEVERE ] updating countdown to 5974
[19:01:12.375] [SEVERE ] updating countdown to 5974
[19:01:18.400] [SEVERE ] updating countdown to 10000
[19:01:18.401] [SEVERE ] updating countdown to 9999
[19:01:18.603] [SEVERE ] removing card from slot 0
[19:01:18.805] [SEVERE ] removing player 3 token from slot 1
[19:01:18.805] [SEVERE ] removing card from slot 1
[19:01:19.008] [SEVERE ] removing player 2 token from slot 2
[19:01:19.008] [SEVERE ] removing card from slot 2
[19:01:19.213] [SEVERE ] removing player 4 token from slot 3
[19:01:19.213] [SEVERE ] removing card from slot 3
[19:01:19.260] [SEVERE ] exit button pressed
[19:01:19.260] [SEVERE ] disposing of user interface elements
[19:01:19.260] [INFO   ] thread computer-3 terminated.
[19:01:19.260] [INFO   ] thread computer-2 terminated.
[19:01:19.260] [INFO   ] thread computer-0 terminated.
[19:01:19.260] [INFO   ] thread computer-1 terminated.
[19:01:19.260] [INFO   ] thread Thread-3 terminated.
[19:01:19.260] [INFO   ] thread Thread-1 terminated.
[19:01:19.260] [INFO   ] thread Thread-0 terminated.
[19:01:19.260] [INFO   ] thread Thread-2 terminated.
