[14:53:45.826] [INFO   ] thread main starting.
[14:53:45.834] [SEVERE ] cannot read configuration file config.properties trying from resources.
[14:53:45.836] [SEVERE ] configuration file was loaded from resources directory.
[14:53:46.420] [INFO   ] thread dealer starting.
[14:53:46.420] [INFO   ] thread dealer starting.
[14:53:46.420] [SEVERE ] updating countdown to 60000
[14:53:46.422] [INFO   ] thread Thread-0 starting.
[14:53:46.422] [INFO   ] thread Thread-1 starting.
[14:53:46.424] [INFO   ] thread computer-1 starting.
[14:53:46.425] [SEVERE ] player 2 placing token on slot 8
[14:53:46.426] [SEVERE ] player 2 placing token on slot 6
[14:53:46.426] [SEVERE ] player 2 placing token on slot 11
[14:53:46.925] [SEVERE ] updating countdown to 59495
[14:53:47.036] [SEVERE ] placing card 68 in slot 0
[14:53:47.138] [SEVERE ] placing card 79 in slot 1
[14:53:47.250] [SEVERE ] placing card 1 in slot 2
[14:53:47.353] [SEVERE ] placing card 43 in slot 3
[14:53:47.460] [SEVERE ] placing card 48 in slot 4
[14:53:47.573] [SEVERE ] placing card 33 in slot 5
[14:53:47.689] [SEVERE ] placing card 12 in slot 6
[14:53:47.806] [SEVERE ] placing card 38 in slot 7
[14:53:47.918] [SEVERE ] placing card 67 in slot 8
[14:53:48.028] [SEVERE ] placing card 52 in slot 9
[14:53:48.136] [SEVERE ] placing card 50 in slot 10
[14:53:48.239] [SEVERE ] placing card 36 in slot 11
[14:53:48.240] [SEVERE ] updating countdown to 58181
[14:53:49.246] [SEVERE ] updating countdown to 57174
[14:53:49.246] [SEVERE ] setting player 2 freeze to 3000
[14:53:50.143] [SEVERE ] key 87 was pressed by player 1
[14:53:50.143] [SEVERE ] player 1 placing token on slot 1
[14:53:50.729] [SEVERE ] key 87 was pressed by player 1
[14:53:50.729] [SEVERE ] removing player 1 token from slot 1
[14:53:51.147] [SEVERE ] key 87 was pressed by player 1
[14:53:51.150] [SEVERE ] player 1 placing token on slot 1
[14:53:51.357] [SEVERE ] key 81 was pressed by player 1
[14:53:51.357] [SEVERE ] player 1 placing token on slot 0
[14:53:51.624] [SEVERE ] key 69 was pressed by player 1
[14:53:51.624] [SEVERE ] player 1 placing token on slot 2
[14:53:51.947] [SEVERE ] key 69 was pressed by player 1
[14:53:52.249] [SEVERE ] removing player 2 token from slot 11
[14:53:52.249] [SEVERE ] setting player 2 freeze to 3000
[14:53:52.250] [SEVERE ] updating countdown to 54170
[14:53:52.250] [SEVERE ] player 2 placing token on slot 1
[14:53:52.405] [SEVERE ] key 69 was pressed by player 1
[14:53:52.600] [SEVERE ] key 69 was pressed by player 1
[14:53:52.879] [SEVERE ] key 81 was pressed by player 1
[14:53:53.251] [SEVERE ] updating countdown to 53169
[14:53:53.251] [SEVERE ] setting player 2 freeze to 1998
[14:53:53.251] [SEVERE ] setting player 1 freeze to 3000
[14:53:56.262] [SEVERE ] setting player 1 freeze to 3000
[14:53:56.262] [SEVERE ] removing player 1 token from slot 2
[14:53:56.262] [SEVERE ] setting player 2 freeze to 0
[14:53:56.262] [SEVERE ] player 1 placing token on slot 2
[14:53:56.262] [SEVERE ] key 87 was pressed by player 1
[14:53:56.262] [SEVERE ] updating countdown to 50158
[14:53:56.263] [SEVERE ] key 69 was pressed by player 1
[14:53:57.264] [SEVERE ] updating countdown to 49156
[14:53:57.264] [SEVERE ] setting player 1 freeze to 1998
[14:53:57.264] [SEVERE ] setting player 2 freeze to 3000
[14:54:00.266] [SEVERE ] setting player 1 freeze to 0
[14:54:00.266] [SEVERE ] removing player 2 token from slot 8
[14:54:00.266] [SEVERE ] setting player 2 freeze to 3000
[14:54:00.266] [SEVERE ] updating countdown to 46154
[14:54:00.266] [SEVERE ] player 2 placing token on slot 9
[14:54:01.271] [SEVERE ] updating countdown to 45149
[14:54:01.271] [SEVERE ] setting player 2 freeze to 1995
[14:54:01.271] [SEVERE ] setting player 1 freeze to 3000
[14:54:04.280] [SEVERE ] setting player 1 freeze to 3000
[14:54:04.280] [SEVERE ] setting player 2 freeze to 0
[14:54:04.280] [SEVERE ] removing player 1 token from slot 2
[14:54:04.280] [SEVERE ] updating countdown to 42140
[14:54:04.280] [SEVERE ] removing player 1 token from slot 0
[14:54:04.280] [SEVERE ] removing player 1 token from slot 1
[14:54:04.280] [SEVERE ] player 1 placing token on slot 2
[14:54:04.280] [SEVERE ] key 81 was pressed by player 1
[14:54:04.280] [SEVERE ] player 1 placing token on slot 0
[14:54:04.280] [SEVERE ] key 87 was pressed by player 1
[14:54:04.281] [SEVERE ] player 1 placing token on slot 1
[14:54:04.281] [SEVERE ] key 69 was pressed by player 1
[14:54:04.281] [SEVERE ] key 81 was pressed by player 1
[14:54:04.281] [SEVERE ] key 87 was pressed by player 1
[14:54:04.281] [SEVERE ] key 69 was pressed by player 1
[14:54:05.295] [SEVERE ] updating countdown to 41125
[14:54:05.295] [SEVERE ] setting player 1 freeze to 1985
[14:54:05.295] [SEVERE ] setting player 2 freeze to 3000
[14:54:08.306] [SEVERE ] setting player 1 freeze to 0
[14:54:08.306] [SEVERE ] removing player 2 token from slot 9
[14:54:08.306] [SEVERE ] setting player 2 freeze to 3000
[14:54:08.306] [SEVERE ] player 2 placing token on slot 3
[14:54:08.306] [SEVERE ] updating countdown to 38114
[14:54:09.310] [SEVERE ] updating countdown to 37110
[14:54:09.310] [SEVERE ] setting player 2 freeze to 1996
[14:54:09.310] [SEVERE ] setting player 1 freeze to 3000
[14:54:12.321] [SEVERE ] setting player 1 freeze to 3000
[14:54:12.321] [SEVERE ] removing player 1 token from slot 2
[14:54:12.321] [SEVERE ] removing player 1 token from slot 0
[14:54:12.321] [SEVERE ] removing player 1 token from slot 1
[14:54:12.321] [SEVERE ] player 1 placing token on slot 2
[14:54:12.321] [SEVERE ] setting player 2 freeze to 0
[14:54:12.321] [SEVERE ] key 81 was pressed by player 1
[14:54:12.322] [SEVERE ] player 1 placing token on slot 0
[14:54:12.322] [SEVERE ] updating countdown to 34099
[14:54:12.322] [SEVERE ] key 87 was pressed by player 1
[14:54:12.322] [SEVERE ] player 1 placing token on slot 1
[14:54:12.322] [SEVERE ] key 69 was pressed by player 1
[14:54:12.322] [SEVERE ] key 81 was pressed by player 1
[14:54:12.323] [SEVERE ] key 87 was pressed by player 1
[14:54:12.323] [SEVERE ] key 69 was pressed by player 1
[14:54:13.337] [SEVERE ] updating countdown to 33083
[14:54:13.337] [SEVERE ] setting player 1 freeze to 1984
[14:54:13.337] [SEVERE ] setting player 2 freeze to 3000
[14:54:16.345] [SEVERE ] setting player 1 freeze to 0
[14:54:16.345] [SEVERE ] removing player 2 token from slot 6
[14:54:16.345] [SEVERE ] setting player 2 freeze to 3000
[14:54:16.345] [SEVERE ] player 2 placing token on slot 7
[14:54:16.345] [SEVERE ] updating countdown to 30075
[14:54:17.352] [SEVERE ] updating countdown to 29068
[14:54:17.353] [SEVERE ] setting player 2 freeze to 1992
[14:54:17.353] [SEVERE ] setting player 1 freeze to 3000
