[16:42:21.128] [INFO   ] thread main starting.
[16:42:21.134] [SEVERE ] cannot read configuration file config.properties trying from resources.
[16:42:21.135] [SEVERE ] configuration file was loaded from resources directory.
[16:42:21.486] [INFO   ] thread dealer starting.
[16:42:21.486] [INFO   ] thread dealer starting.
[16:42:21.486] [SEVERE ] updating countdown to 10000
[16:42:21.994] [SEVERE ] updating countdown to 9492
[16:42:21.994] [SEVERE ] updating countdown to 9492
[16:42:21.994] [INFO   ] thread Thread-0 starting.
[16:42:21.994] [INFO   ] thread Thread-1 starting.
[16:42:21.994] [INFO   ] thread Thread-2 starting.
[16:42:21.994] [INFO   ] thread Thread-3 starting.
[16:42:21.994] [INFO   ] thread computer-0 starting.
[16:42:21.994] [INFO   ] thread computer-1 starting.
[16:42:21.994] [INFO   ] thread computer-2 starting.
[16:42:21.994] [INFO   ] thread computer-3 starting.
[16:42:21.994] [SEVERE ] updating countdown to 9492
[16:42:21.994] [SEVERE ] updating countdown to 9492
[16:42:22.109] [SEVERE ] placing card 71 in slot 0
[16:42:22.211] [SEVERE ] placing card 48 in slot 1
[16:42:22.320] [SEVERE ] placing card 1 in slot 2
[16:42:22.431] [SEVERE ] placing card 14 in slot 3
[16:42:22.541] [SEVERE ] placing card 13 in slot 4
[16:42:22.651] [SEVERE ] placing card 79 in slot 5
[16:42:22.755] [SEVERE ] placing card 34 in slot 6
[16:42:22.857] [SEVERE ] placing card 8 in slot 7
[16:42:22.958] [SEVERE ] placing card 18 in slot 8
[16:42:23.073] [SEVERE ] placing card 70 in slot 9
[16:42:23.189] [SEVERE ] placing card 40 in slot 10
[16:42:23.206] [SEVERE ] player 2 placing token on slot 5
[16:42:23.206] [SEVERE ] player 1 placing token on slot 1
[16:42:23.206] [SEVERE ] player 3 placing token on slot 0
[16:42:23.206] [SEVERE ] player 4 placing token on slot 7
[16:42:23.206] [SEVERE ] removing player 2 token from slot 5
[16:42:23.206] [SEVERE ] player 3 placing token on slot 7
[16:42:23.206] [SEVERE ] player 1 placing token on slot 9
[16:42:23.206] [SEVERE ] player 4 placing token on slot 1
[16:42:23.206] [SEVERE ] player 3 placing token on slot 9
[16:42:23.206] [SEVERE ] player 2 placing token on slot 10
[16:42:23.206] [SEVERE ] player 1 placing token on slot 4
[16:42:23.211] [SEVERE ] player 4 placing token on slot 10
[16:42:23.212] [SEVERE ] player 2 placing token on slot 8
[16:42:23.214] [SEVERE ] player 2 placing token on slot 0
[16:42:23.311] [SEVERE ] placing card 47 in slot 11
[16:42:23.318] [SEVERE ] updating countdown to 8168
[16:42:24.326] [SEVERE ] updating countdown to 7160
[16:42:24.326] [SEVERE ] setting player 3 freeze to 3000
[16:42:24.326] [SEVERE ] setting player 3 freeze to 3000
[16:42:24.326] [SEVERE ] updating countdown to 7160
[16:42:24.326] [SEVERE ] setting player 3 freeze to 3000
[16:42:24.326] [SEVERE ] updating countdown to 7160
[16:42:24.326] [SEVERE ] setting player 3 freeze to 3000
[16:42:25.334] [SEVERE ] updating countdown to 6152
[16:42:25.334] [SEVERE ] setting player 3 freeze to 1992
[16:42:25.334] [SEVERE ] setting player 1 freeze to 3000
[16:42:25.334] [SEVERE ] setting player 1 freeze to 3000
[16:42:25.334] [SEVERE ] setting player 3 freeze to 1992
[16:42:25.334] [SEVERE ] updating countdown to 6152
[16:42:25.334] [SEVERE ] setting player 1 freeze to 3000
[16:42:25.334] [SEVERE ] setting player 3 freeze to 1992
[16:42:25.334] [SEVERE ] updating countdown to 6152
[16:42:25.334] [SEVERE ] setting player 1 freeze to 3000
[16:42:25.334] [SEVERE ] setting player 3 freeze to 1992
[16:42:26.338] [SEVERE ] updating countdown to 5148
[16:42:26.338] [SEVERE ] setting player 1 freeze to 1996
[16:42:26.338] [SEVERE ] setting player 3 freeze to 988
[16:42:26.338] [SEVERE ] setting player 4 freeze to 3000
[16:42:26.338] [SEVERE ] setting player 1 freeze to 1996
[16:42:26.340] [SEVERE ] setting player 3 freeze to 986
[16:42:26.340] [SEVERE ] setting player 4 freeze to 2998
[16:42:26.340] [SEVERE ] updating countdown to 5146
[16:42:26.340] [SEVERE ] setting player 1 freeze to 1994
[16:42:26.340] [SEVERE ] setting player 3 freeze to 986
[16:42:26.340] [SEVERE ] setting player 4 freeze to 2998
[16:42:26.340] [SEVERE ] updating countdown to 5146
[16:42:26.340] [SEVERE ] setting player 1 freeze to 1994
[16:42:26.340] [SEVERE ] setting player 3 freeze to 986
[16:42:26.340] [SEVERE ] setting player 4 freeze to 2998
[16:42:27.328] [SEVERE ] removing player 3 token from slot 0
[16:42:27.328] [SEVERE ] player 3 placing token on slot 8
[16:42:27.346] [SEVERE ] setting player 1 freeze to 988
[16:42:27.347] [SEVERE ] setting player 3 freeze to 0
[16:42:27.347] [SEVERE ] setting player 4 freeze to 1991
[16:42:27.347] [SEVERE ] setting player 2 freeze to 3000
[16:42:27.347] [SEVERE ] setting player 1 freeze to 987
[16:42:27.347] [SEVERE ] setting player 2 freeze to 3000
[16:42:27.347] [SEVERE ] setting player 4 freeze to 1991
[16:42:27.347] [SEVERE ] setting player 1 freeze to 987
[16:42:27.347] [SEVERE ] setting player 2 freeze to 3000
[16:42:27.347] [SEVERE ] setting player 4 freeze to 1991
[16:42:27.347] [SEVERE ] setting player 1 freeze to 987
[16:42:27.347] [SEVERE ] setting player 2 freeze to 3000
[16:42:27.347] [SEVERE ] setting player 4 freeze to 1991
[16:42:28.338] [SEVERE ] removing player 1 token from slot 9
[16:42:28.338] [SEVERE ] removing player 1 token from slot 1
[16:42:28.338] [SEVERE ] player 1 placing token on slot 2
[16:42:28.338] [SEVERE ] player 1 placing token on slot 5
[16:42:28.353] [SEVERE ] setting player 1 freeze to 0
[16:42:28.353] [SEVERE ] setting player 2 freeze to 1994
[16:42:28.353] [SEVERE ] setting player 4 freeze to 985
[16:42:28.353] [SEVERE ] setting player 3 freeze to 3000
[16:42:28.353] [SEVERE ] setting player 2 freeze to 1994
[16:42:28.353] [SEVERE ] setting player 3 freeze to 3000
[16:42:28.353] [SEVERE ] setting player 4 freeze to 985
[16:42:28.353] [SEVERE ] setting player 2 freeze to 1994
[16:42:28.353] [SEVERE ] setting player 3 freeze to 3000
[16:42:28.353] [SEVERE ] setting player 4 freeze to 985
[16:42:28.356] [SEVERE ] setting player 2 freeze to 1991
[16:42:28.356] [SEVERE ] setting player 3 freeze to 2997
[16:42:28.357] [SEVERE ] setting player 4 freeze to 981
[16:42:29.346] [SEVERE ] removing player 4 token from slot 7
[16:42:29.346] [SEVERE ] player 4 placing token on slot 7
[16:42:29.362] [SEVERE ] setting player 2 freeze to 985
[16:42:29.362] [SEVERE ] setting player 3 freeze to 1991
[16:42:29.363] [SEVERE ] setting player 4 freeze to 0
[16:42:29.363] [SEVERE ] setting player 1 freeze to 3000
[16:42:29.363] [SEVERE ] setting player 1 freeze to 3000
[16:42:29.363] [SEVERE ] setting player 2 freeze to 984
[16:42:29.363] [SEVERE ] setting player 3 freeze to 1990
[16:42:29.363] [SEVERE ] removing player 1 token from slot 4
[16:42:29.363] [SEVERE ] setting player 1 freeze to 3000
[16:42:29.363] [SEVERE ] setting player 2 freeze to 984
[16:42:29.363] [SEVERE ] setting player 3 freeze to 1990
[16:42:29.364] [SEVERE ] removing player 1 token from slot 5
[16:42:29.364] [SEVERE ] setting player 1 freeze to 2999
[16:42:29.364] [SEVERE ] setting player 2 freeze to 983
[16:42:29.364] [SEVERE ] setting player 3 freeze to 1989
[16:42:29.365] [SEVERE ] player 1 placing token on slot 6
[16:42:29.366] [SEVERE ] player 1 placing token on slot 5
[16:42:30.353] [SEVERE ] removing player 2 token from slot 8
[16:42:30.353] [SEVERE ] player 2 placing token on slot 2
[16:42:30.369] [SEVERE ] setting player 1 freeze to 1994
[16:42:30.370] [SEVERE ] setting player 2 freeze to 0
[16:42:30.370] [SEVERE ] setting player 3 freeze to 983
[16:42:30.370] [SEVERE ] setting player 4 freeze to 3000
[16:42:30.370] [SEVERE ] setting player 1 freeze to 1993
[16:42:30.370] [SEVERE ] setting player 3 freeze to 983
[16:42:30.370] [SEVERE ] removing player 4 token from slot 10
[16:42:30.370] [SEVERE ] setting player 4 freeze to 3000
[16:42:30.371] [SEVERE ] setting player 1 freeze to 1992
[16:42:30.371] [SEVERE ] setting player 3 freeze to 982
[16:42:30.371] [SEVERE ] player 4 placing token on slot 11
[16:42:30.371] [SEVERE ] setting player 4 freeze to 2999
[16:42:30.372] [SEVERE ] setting player 1 freeze to 1991
[16:42:30.373] [SEVERE ] setting player 3 freeze to 980
[16:42:30.373] [SEVERE ] setting player 4 freeze to 2997
[16:42:31.356] [SEVERE ] removing player 3 token from slot 8
[16:42:31.356] [SEVERE ] removing player 3 token from slot 9
[16:42:31.358] [SEVERE ] player 3 placing token on slot 3
[16:42:31.358] [SEVERE ] player 3 placing token on slot 9
[16:42:31.375] [SEVERE ] setting player 1 freeze to 988
[16:42:31.375] [SEVERE ] setting player 3 freeze to 0
[16:42:31.375] [SEVERE ] setting player 4 freeze to 1995
[16:42:31.375] [SEVERE ] setting player 1 freeze to 3000
[16:42:31.375] [SEVERE ] setting player 1 freeze to 3000
[16:42:31.375] [SEVERE ] removing player 1 token from slot 2
[16:42:31.375] [SEVERE ] setting player 4 freeze to 1995
[16:42:31.376] [SEVERE ] setting player 1 freeze to 2999
[16:42:31.376] [SEVERE ] player 1 placing token on slot 10
[16:42:31.376] [SEVERE ] setting player 4 freeze to 1994
[16:42:31.376] [SEVERE ] setting player 1 freeze to 2999
[16:42:31.376] [SEVERE ] setting player 4 freeze to 1994
[16:42:32.377] [SEVERE ] updating countdown to 10000
[16:42:32.377] [SEVERE ] setting player 1 freeze to 1998
[16:42:32.377] [SEVERE ] setting player 4 freeze to 993
[16:42:32.377] [SEVERE ] setting player 2 freeze to 3000
[16:42:32.377] [SEVERE ] setting player 1 freeze to 1998
[16:42:32.378] [SEVERE ] removing player 2 token from slot 2
[16:42:32.378] [SEVERE ] setting player 2 freeze to 2999
[16:42:32.378] [SEVERE ] setting player 4 freeze to 992
[16:42:32.378] [SEVERE ] updating countdown to 9999
[16:42:32.378] [SEVERE ] setting player 1 freeze to 1997
[16:42:32.378] [SEVERE ] player 2 placing token on slot 1
[16:42:32.378] [SEVERE ] setting player 2 freeze to 2999
[16:42:32.378] [SEVERE ] setting player 4 freeze to 992
[16:42:32.485] [SEVERE ] removing player 1 token from slot 6
[16:42:32.485] [SEVERE ] removing player 1 token from slot 10
[16:42:32.485] [SEVERE ] removing player 2 token from slot 10
[16:42:32.485] [SEVERE ] removing player 2 token from slot 1
[16:42:32.485] [SEVERE ] removing player 3 token from slot 7
[16:42:32.487] [SEVERE ] removing player 3 token from slot 9
[16:42:32.487] [SEVERE ] removing player 4 token from slot 1
[16:42:32.488] [SEVERE ] removing player 4 token from slot 11
[16:42:32.488] [SEVERE ] removing card from slot 0
[16:42:32.593] [SEVERE ] removing player 1 token from slot 5
[16:42:32.593] [SEVERE ] removing player 2 token from slot 0
[16:42:32.593] [SEVERE ] removing player 3 token from slot 3
[16:42:32.593] [SEVERE ] removing player 4 token from slot 7
[16:42:32.593] [SEVERE ] removing card from slot 1
[16:42:32.708] [SEVERE ] removing card from slot 2
[16:42:32.818] [SEVERE ] removing card from slot 3
[16:42:32.928] [SEVERE ] removing card from slot 4
[16:42:33.038] [SEVERE ] removing card from slot 5
[16:42:33.148] [SEVERE ] removing card from slot 6
[16:42:33.258] [SEVERE ] removing card from slot 7
[16:42:33.367] [SEVERE ] removing card from slot 8
[16:42:33.477] [SEVERE ] removing card from slot 9
[16:42:33.587] [SEVERE ] removing card from slot 10
[16:42:33.697] [SEVERE ] removing card from slot 11
[16:42:33.697] [SEVERE ] updating countdown to 8680
[16:42:33.697] [SEVERE ] setting player 1 freeze to 678
[16:42:33.697] [SEVERE ] setting player 2 freeze to 1680
[16:42:33.697] [SEVERE ] setting player 4 freeze to 0
[16:42:33.807] [SEVERE ] placing card 6 in slot 0
[16:42:33.917] [SEVERE ] placing card 3 in slot 1
[16:42:34.026] [SEVERE ] placing card 17 in slot 2
[16:42:34.138] [SEVERE ] placing card 51 in slot 3
[16:42:34.248] [SEVERE ] placing card 25 in slot 4
[16:42:34.357] [SEVERE ] placing card 75 in slot 5
[16:42:34.467] [SEVERE ] placing card 41 in slot 6
[16:42:34.578] [SEVERE ] placing card 11 in slot 7
[16:42:34.688] [SEVERE ] placing card 67 in slot 8
[16:42:34.798] [SEVERE ] placing card 14 in slot 9
[16:42:34.909] [SEVERE ] placing card 30 in slot 10
[16:42:35.019] [SEVERE ] placing card 31 in slot 11
[16:42:35.020] [INFO   ] thread dealer terminated.
[16:42:40.038] [SEVERE ] thanks for playing... it was fun!
[16:42:40.038] [INFO   ] thread main terminated.
[16:42:40.038] [SEVERE ] disposing of user interface elements
