[18:32:11.883] [INFO   ] thread main starting.
[18:32:11.888] [SEVERE ] cannot read configuration file config.properties trying from resources.
[18:32:11.889] [SEVERE ] configuration file was loaded from resources directory.
[18:32:12.286] [INFO   ] thread dealer starting.
[18:32:12.286] [INFO   ] thread dealer starting.
[18:32:12.286] [SEVERE ] updating countdown to 5000
[18:32:12.286] [INFO   ] thread Thread-1 starting.
[18:32:12.286] [INFO   ] thread Thread-0 starting.
[18:32:12.288] [INFO   ] thread Thread-2 starting.
[18:32:12.288] [INFO   ] thread Thread-3 starting.
[18:32:12.288] [INFO   ] thread computer-1 starting.
[18:32:12.288] [INFO   ] thread computer-2 starting.
[18:32:12.288] [INFO   ] thread computer-0 starting.
[18:32:12.288] [INFO   ] thread computer-3 starting.
[18:32:12.896] [SEVERE ] placing card 69 in slot 0
[18:32:13.001] [SEVERE ] placing card 55 in slot 1
[18:32:13.102] [SEVERE ] placing card 39 in slot 2
[18:32:13.204] [SEVERE ] placing card 53 in slot 3
[18:32:13.318] [SEVERE ] placing card 48 in slot 4
[18:32:13.420] [SEVERE ] placing card 24 in slot 5
[18:32:13.523] [SEVERE ] placing card 0 in slot 6
[18:32:13.635] [SEVERE ] placing card 57 in slot 7
[18:32:13.740] [SEVERE ] placing card 72 in slot 8
[18:32:13.853] [SEVERE ] placing card 54 in slot 9
[18:32:13.968] [SEVERE ] placing card 11 in slot 10
[18:32:14.069] [SEVERE ] placing card 67 in slot 11
[18:32:14.069] [SEVERE ] player 4 placing token on slot 4
[18:32:14.069] [SEVERE ] player 3 placing token on slot 0
[18:32:14.069] [SEVERE ] player 1 placing token on slot 7
[18:32:14.069] [SEVERE ] player 2 placing token on slot 3
[18:32:14.069] [SEVERE ] player 1 placing token on slot 6
[18:32:14.069] [SEVERE ] player 1 placing token on slot 11
[18:32:14.069] [SEVERE ] player 4 placing token on slot 6
[18:32:14.069] [SEVERE ] player 3 placing token on slot 3
[18:32:14.069] [SEVERE ] player 2 placing token on slot 11
[18:32:14.069] [SEVERE ] removing player 2 token from slot 3
[18:32:14.069] [SEVERE ] player 4 placing token on slot 3
[18:32:14.069] [SEVERE ] player 3 placing token on slot 2
[18:32:14.069] [SEVERE ] player 2 placing token on slot 3
[18:32:14.069] [SEVERE ] removing player 2 token from slot 11
[18:32:14.069] [SEVERE ] player 2 placing token on slot 7
[18:32:14.069] [SEVERE ] player 2 placing token on slot 5
[18:32:15.079] [SEVERE ] setting player 1 freeze to 1
[18:32:15.080] [SEVERE ] setting player 1 freeze to 0
[18:32:15.080] [SEVERE ] removing player 1 token from slot 7
[18:32:15.080] [SEVERE ] player 1 placing token on slot 3
[18:32:16.091] [SEVERE ] setting player 2 freeze to 1
[18:32:16.091] [SEVERE ] setting player 2 freeze to 0
[18:32:16.091] [SEVERE ] removing player 2 token from slot 3
[18:32:16.096] [SEVERE ] player 2 placing token on slot 6
[18:32:17.111] [SEVERE ] setting player 3 freeze to 1
[18:32:17.112] [SEVERE ] setting player 3 freeze to 0
[18:32:17.112] [SEVERE ] removing player 3 token from slot 2
[18:32:17.112] [SEVERE ] player 3 placing token on slot 1
[18:32:18.126] [SEVERE ] updating countdown to 5000
[18:32:18.128] [SEVERE ] setting player 4 freeze to 1
[18:32:18.128] [SEVERE ] setting player 4 freeze to 0
[18:32:18.128] [SEVERE ] removing player 4 token from slot 6
[18:32:18.245] [SEVERE ] removing player 3 token from slot 0
[18:32:18.245] [SEVERE ] removing card from slot 0
[18:32:18.361] [SEVERE ] removing player 3 token from slot 1
[18:32:18.361] [SEVERE ] removing card from slot 1
[18:32:18.462] [SEVERE ] removing card from slot 2
[18:32:18.576] [SEVERE ] removing player 3 token from slot 3
[18:32:18.576] [SEVERE ] removing player 4 token from slot 3
[18:32:18.576] [SEVERE ] removing player 1 token from slot 3
[18:32:18.576] [SEVERE ] removing card from slot 3
[18:32:18.692] [SEVERE ] removing player 4 token from slot 4
[18:32:18.692] [SEVERE ] removing card from slot 4
[18:32:18.806] [SEVERE ] removing player 2 token from slot 5
[18:32:18.806] [SEVERE ] removing card from slot 5
[18:32:18.917] [SEVERE ] removing player 1 token from slot 6
[18:32:18.917] [SEVERE ] removing player 2 token from slot 6
[18:32:18.918] [SEVERE ] removing card from slot 6
[18:32:19.026] [SEVERE ] removing player 2 token from slot 7
[18:32:19.026] [SEVERE ] removing card from slot 7
[18:32:19.129] [SEVERE ] removing card from slot 8
[18:32:19.244] [SEVERE ] removing card from slot 9
[18:32:19.346] [SEVERE ] removing card from slot 10
[18:32:19.461] [SEVERE ] removing player 1 token from slot 11
[18:32:19.461] [SEVERE ] removing card from slot 11
[18:32:19.568] [SEVERE ] placing card 18 in slot 0
[18:32:19.678] [SEVERE ] placing card 59 in slot 1
[18:32:19.793] [SEVERE ] placing card 14 in slot 2
[18:32:19.902] [SEVERE ] placing card 66 in slot 3
[18:32:20.011] [SEVERE ] placing card 71 in slot 4
[18:32:20.124] [SEVERE ] placing card 2 in slot 5
[18:32:20.225] [SEVERE ] placing card 20 in slot 6
[18:32:20.326] [SEVERE ] placing card 70 in slot 7
[18:32:20.440] [SEVERE ] placing card 21 in slot 8
[18:32:20.544] [SEVERE ] placing card 60 in slot 9
[18:32:20.661] [SEVERE ] placing card 54 in slot 10
[18:32:20.761] [SEVERE ] placing card 1 in slot 11
[18:32:20.761] [SEVERE ] player 4 placing token on slot 8
[18:32:20.762] [SEVERE ] player 4 placing token on slot 6
[18:32:20.762] [SEVERE ] player 4 placing token on slot 10
[18:32:20.876] [SEVERE ] removing card from slot 0
[18:32:20.994] [SEVERE ] removing card from slot 1
[18:32:21.106] [SEVERE ] removing card from slot 2
[18:32:21.211] [SEVERE ] removing card from slot 3
[18:32:21.315] [SEVERE ] removing card from slot 4
[18:32:21.424] [SEVERE ] removing card from slot 5
[18:32:21.526] [SEVERE ] removing player 4 token from slot 6
[18:32:21.526] [SEVERE ] removing card from slot 6
[18:32:21.644] [SEVERE ] removing card from slot 7
[18:32:21.745] [SEVERE ] removing player 4 token from slot 8
[18:32:21.745] [SEVERE ] removing card from slot 8
[18:32:21.861] [SEVERE ] removing card from slot 9
[18:32:21.968] [SEVERE ] removing player 4 token from slot 10
[18:32:21.968] [SEVERE ] removing card from slot 10
[18:32:22.074] [SEVERE ] removing card from slot 11
[18:32:22.175] [SEVERE ] placing card 44 in slot 0
[18:32:22.276] [SEVERE ] placing card 31 in slot 1
[18:32:22.390] [SEVERE ] placing card 64 in slot 2
[18:32:22.494] [SEVERE ] placing card 51 in slot 3
[18:32:22.611] [SEVERE ] placing card 11 in slot 4
[18:32:22.712] [SEVERE ] placing card 70 in slot 5
[18:32:22.824] [SEVERE ] placing card 32 in slot 6
[18:32:22.944] [SEVERE ] placing card 57 in slot 7
[18:32:23.045] [SEVERE ] placing card 46 in slot 8
[18:32:23.156] [SEVERE ] placing card 21 in slot 9
[18:32:23.261] [SEVERE ] placing card 12 in slot 10
[18:32:23.374] [SEVERE ] placing card 76 in slot 11
[18:32:23.379] [INFO   ] thread dealer terminated.
[18:32:28.394] [SEVERE ] thanks for playing... it was fun!
[18:32:28.395] [INFO   ] thread main terminated.
[18:32:28.395] [SEVERE ] disposing of user interface elements
