[19:06:53.576] [INFO   ] thread main starting.
[19:06:53.582] [SEVERE ] cannot read configuration file config.properties trying from resources.
[19:06:53.585] [SEVERE ] configuration file was loaded from resources directory.
[19:06:53.962] [INFO   ] thread dealer starting.
[19:06:53.962] [INFO   ] thread dealer starting.
[19:06:53.962] [SEVERE ] updating countdown to 10000
[19:06:53.962] [INFO   ] thread Thread-0 starting.
[19:06:53.962] [INFO   ] thread Thread-1 starting.
[19:06:53.962] [INFO   ] thread Thread-2 starting.
[19:06:53.962] [INFO   ] thread Thread-3 starting.
[19:06:53.969] [INFO   ] thread computer-0 starting.
[19:06:53.969] [INFO   ] thread computer-1 starting.
[19:06:53.969] [INFO   ] thread computer-2 starting.
[19:06:53.970] [INFO   ] thread computer-3 starting.
[19:06:54.472] [SEVERE ] updating countdown to 9490
[19:06:54.681] [SEVERE ] placing card 65 in slot 0
[19:06:54.884] [SEVERE ] placing card 42 in slot 1
[19:06:55.091] [SEVERE ] placing card 35 in slot 2
[19:06:55.304] [SEVERE ] placing card 67 in slot 3
[19:06:55.508] [SEVERE ] placing card 43 in slot 4
[19:06:55.716] [SEVERE ] placing card 76 in slot 5
[19:06:55.919] [SEVERE ] placing card 16 in slot 6
[19:06:56.122] [SEVERE ] placing card 68 in slot 7
[19:06:56.326] [SEVERE ] placing card 34 in slot 8
[19:06:56.530] [SEVERE ] placing card 15 in slot 9
[19:06:56.732] [SEVERE ] placing card 32 in slot 10
[19:06:56.936] [SEVERE ] placing card 70 in slot 11
[19:06:56.936] [SEVERE ] player 4 placing token on slot 7
[19:06:56.936] [SEVERE ] player 3 placing token on slot 3
[19:06:56.936] [SEVERE ] player 3 placing token on slot 6
[19:06:56.936] [SEVERE ] player 1 placing token on slot 9
[19:06:56.936] [SEVERE ] player 2 placing token on slot 10
[19:06:56.936] [SEVERE ] player 4 placing token on slot 1
[19:06:56.936] [SEVERE ] player 3 placing token on slot 7
[19:06:56.936] [SEVERE ] player 1 placing token on slot 8
[19:06:56.936] [SEVERE ] player 2 placing token on slot 8
[19:06:56.936] [SEVERE ] player 1 placing token on slot 4
[19:06:56.936] [SEVERE ] player 4 placing token on slot 2
[19:06:56.936] [SEVERE ] player 2 placing token on slot 4
[19:06:56.936] [SEVERE ] updating countdown to 7026
[19:06:57.951] [SEVERE ] updating countdown to 6011
[19:06:57.951] [SEVERE ] setting player 1 freeze to 1
[19:06:57.951] [SEVERE ] setting player 1 freeze to 0
[19:06:57.951] [SEVERE ] removing player 1 token from slot 4
[19:06:57.951] [SEVERE ] player 1 placing token on slot 6
[19:06:57.951] [SEVERE ] updating countdown to 6011
[19:06:58.961] [SEVERE ] updating countdown to 5001
[19:06:58.961] [SEVERE ] setting player 2 freeze to 1
[19:06:58.961] [SEVERE ] setting player 2 freeze to 0
[19:06:58.961] [SEVERE ] removing player 2 token from slot 10
[19:06:58.961] [SEVERE ] player 2 placing token on slot 2
[19:06:58.961] [SEVERE ] updating countdown to 5001
[19:06:59.966] [SEVERE ] setting player 3 freeze to 1
[19:06:59.966] [SEVERE ] setting player 3 freeze to 0
[19:06:59.966] [SEVERE ] removing player 3 token from slot 6
[19:06:59.966] [SEVERE ] player 3 placing token on slot 5
[19:07:00.979] [SEVERE ] setting player 4 freeze to 1
[19:07:00.979] [SEVERE ] setting player 4 freeze to 0
[19:07:00.979] [SEVERE ] removing player 4 token from slot 7
[19:07:00.979] [SEVERE ] player 4 placing token on slot 9
[19:07:01.986] [SEVERE ] setting player 1 freeze to 1
[19:07:01.986] [SEVERE ] setting player 1 freeze to 0
[19:07:01.986] [SEVERE ] removing player 1 token from slot 8
[19:07:01.986] [SEVERE ] player 1 placing token on slot 1
[19:07:02.995] [SEVERE ] setting player 2 freeze to 1
[19:07:02.995] [SEVERE ] setting player 2 freeze to 0
[19:07:02.995] [SEVERE ] removing player 2 token from slot 4
[19:07:02.995] [SEVERE ] player 2 placing token on slot 5
[19:07:04.003] [SEVERE ] updating countdown to 10000
[19:07:04.003] [SEVERE ] setting player 3 freeze to 1
[19:07:04.003] [SEVERE ] setting player 3 freeze to 0
[19:07:04.003] [SEVERE ] updating countdown to 10000
[19:07:04.003] [SEVERE ] removing player 3 token from slot 7
[19:07:04.003] [SEVERE ] setting player 4 freeze to 1
[19:07:04.003] [SEVERE ] setting player 4 freeze to 0
[19:07:04.211] [SEVERE ] removing card from slot 0
[19:07:04.415] [SEVERE ] removing player 4 token from slot 1
[19:07:04.415] [SEVERE ] removing player 1 token from slot 1
[19:07:04.415] [SEVERE ] removing card from slot 1
[19:07:04.618] [SEVERE ] removing player 4 token from slot 2
[19:07:04.618] [SEVERE ] removing player 2 token from slot 2
[19:07:04.618] [SEVERE ] removing card from slot 2
[19:07:04.822] [SEVERE ] removing player 3 token from slot 3
[19:07:04.822] [SEVERE ] removing card from slot 3
[19:07:05.026] [SEVERE ] removing card from slot 4
[19:07:05.230] [SEVERE ] removing player 3 token from slot 5
[19:07:05.230] [SEVERE ] removing player 2 token from slot 5
[19:07:05.230] [SEVERE ] removing card from slot 5
[19:07:05.434] [SEVERE ] removing player 1 token from slot 6
[19:07:05.434] [SEVERE ] removing card from slot 6
[19:07:05.638] [SEVERE ] removing card from slot 7
[19:07:05.842] [SEVERE ] removing player 2 token from slot 8
[19:07:05.842] [SEVERE ] removing card from slot 8
[19:07:06.046] [SEVERE ] removing player 1 token from slot 9
[19:07:06.046] [SEVERE ] removing player 4 token from slot 9
[19:07:06.046] [SEVERE ] removing card from slot 9
[19:07:06.250] [SEVERE ] removing card from slot 10
[19:07:06.454] [SEVERE ] removing card from slot 11
[19:07:06.454] [SEVERE ] player 4 placing token on slot 8
[19:07:06.658] [SEVERE ] placing card 32 in slot 0
[19:07:06.862] [SEVERE ] placing card 78 in slot 1
[19:07:07.066] [SEVERE ] placing card 13 in slot 2
[19:07:07.270] [SEVERE ] placing card 6 in slot 3
[19:07:07.474] [SEVERE ] placing card 71 in slot 4
[19:07:07.677] [SEVERE ] placing card 48 in slot 5
[19:07:07.881] [SEVERE ] placing card 27 in slot 6
[19:07:08.085] [SEVERE ] placing card 30 in slot 7
[19:07:08.288] [SEVERE ] placing card 37 in slot 8
[19:07:08.492] [SEVERE ] placing card 77 in slot 9
[19:07:08.695] [SEVERE ] placing card 17 in slot 10
[19:07:08.900] [SEVERE ] placing card 58 in slot 11
[19:07:08.900] [SEVERE ] player 4 placing token on slot 1
[19:07:08.900] [SEVERE ] player 3 placing token on slot 6
[19:07:08.900] [SEVERE ] player 4 placing token on slot 2
[19:07:08.900] [SEVERE ] player 3 placing token on slot 1
[19:07:08.900] [SEVERE ] removing player 4 token from slot 2
[19:07:08.900] [SEVERE ] player 3 placing token on slot 7
[19:07:08.900] [SEVERE ] player 4 placing token on slot 7
[19:07:08.917] [SEVERE ] updating countdown to 5086
[19:07:10.929] [SEVERE ] setting player 3 freeze to 1
[19:07:10.929] [SEVERE ] setting player 3 freeze to 0
[19:07:10.929] [SEVERE ] removing player 3 token from slot 6
[19:07:10.929] [SEVERE ] player 3 placing token on slot 0
[19:07:11.935] [SEVERE ] setting player 4 freeze to 1
[19:07:11.935] [SEVERE ] setting player 4 freeze to 0
[19:07:11.935] [SEVERE ] removing player 4 token from slot 8
[19:07:11.935] [SEVERE ] player 4 placing token on slot 4
[19:07:12.943] [SEVERE ] setting player 3 freeze to 1
[19:07:12.943] [SEVERE ] setting player 3 freeze to 0
[19:07:12.943] [SEVERE ] removing player 3 token from slot 1
[19:07:12.943] [SEVERE ] player 3 placing token on slot 2
[19:07:13.959] [SEVERE ] setting player 4 freeze to 1
[19:07:13.959] [SEVERE ] setting player 4 freeze to 0
[19:07:13.959] [SEVERE ] removing player 4 token from slot 4
[19:07:13.959] [SEVERE ] player 4 placing token on slot 5
[19:07:14.968] [SEVERE ] updating countdown to 10000
[19:07:14.968] [SEVERE ] setting player 3 freeze to 1
[19:07:14.968] [SEVERE ] setting player 3 freeze to 0
[19:07:14.968] [SEVERE ] updating countdown to 10000
[19:07:14.968] [SEVERE ] setting player 4 freeze to 1
[19:07:14.968] [SEVERE ] setting player 4 freeze to 0
[19:07:15.170] [SEVERE ] removing player 3 token from slot 0
[19:07:15.170] [SEVERE ] removing card from slot 0
[19:07:15.375] [SEVERE ] removing player 4 token from slot 1
[19:07:15.375] [SEVERE ] removing card from slot 1
[19:07:15.579] [SEVERE ] removing player 3 token from slot 2
[19:07:15.579] [SEVERE ] removing card from slot 2
[19:07:15.783] [SEVERE ] removing card from slot 3
[19:07:15.984] [SEVERE ] removing card from slot 4
[19:07:16.193] [SEVERE ] removing player 4 token from slot 5
[19:07:16.193] [SEVERE ] removing card from slot 5
[19:07:16.397] [SEVERE ] removing card from slot 6
[19:07:16.601] [SEVERE ] removing player 3 token from slot 7
[19:07:16.601] [SEVERE ] removing player 4 token from slot 7
[19:07:16.601] [SEVERE ] removing card from slot 7
[19:07:16.805] [SEVERE ] removing card from slot 8
[19:07:17.009] [SEVERE ] removing card from slot 9
[19:07:17.213] [SEVERE ] removing card from slot 10
[19:07:17.416] [SEVERE ] removing card from slot 11
[19:07:17.416] [SEVERE ] player 3 placing token on slot 6
[19:07:17.416] [SEVERE ] player 4 placing token on slot 11
[19:07:17.620] [SEVERE ] placing card 66 in slot 0
[19:07:17.824] [SEVERE ] placing card 61 in slot 1
[19:07:18.028] [SEVERE ] placing card 76 in slot 2
[19:07:18.232] [SEVERE ] placing card 11 in slot 3
[19:07:18.436] [SEVERE ] placing card 5 in slot 4
[19:07:18.640] [SEVERE ] placing card 38 in slot 5
[19:07:18.844] [SEVERE ] placing card 44 in slot 6
[19:07:19.048] [SEVERE ] placing card 48 in slot 7
[19:07:19.251] [SEVERE ] placing card 56 in slot 8
[19:07:19.455] [SEVERE ] placing card 25 in slot 9
[19:07:19.659] [SEVERE ] placing card 43 in slot 10
[19:07:19.863] [SEVERE ] placing card 3 in slot 11
[19:07:19.863] [SEVERE ] player 4 placing token on slot 7
[19:07:19.863] [SEVERE ] player 3 placing token on slot 4
[19:07:19.863] [SEVERE ] removing player 4 token from slot 7
[19:07:19.863] [SEVERE ] player 3 placing token on slot 11
[19:07:19.863] [SEVERE ] player 4 placing token on slot 8
[19:07:19.863] [SEVERE ] removing player 3 token from slot 4
[19:07:19.863] [SEVERE ] player 4 placing token on slot 7
[19:07:19.863] [SEVERE ] player 3 placing token on slot 5
[19:07:19.863] [SEVERE ] removing player 4 token from slot 7
[19:07:19.863] [SEVERE ] player 4 placing token on slot 6
[19:07:19.863] [SEVERE ] setting player 3 freeze to 1
[19:07:19.863] [SEVERE ] removing player 3 token from slot 5
[19:07:19.863] [SEVERE ] setting player 3 freeze to 0
[19:07:19.863] [SEVERE ] player 3 placing token on slot 7
[19:07:19.863] [SEVERE ] updating countdown to 5105
[19:07:20.870] [SEVERE ] setting player 3 freeze to 1
[19:07:20.870] [SEVERE ] setting player 3 freeze to 0
[19:07:20.870] [SEVERE ] removing player 3 token from slot 6
[19:07:20.870] [SEVERE ] player 3 placing token on slot 1
[19:07:21.877] [SEVERE ] setting player 4 freeze to 1
[19:07:21.877] [SEVERE ] setting player 4 freeze to 0
[19:07:21.877] [SEVERE ] removing player 4 token from slot 6
[19:07:21.877] [SEVERE ] player 4 placing token on slot 9
[19:07:22.883] [SEVERE ] setting player 3 freeze to 1
[19:07:22.883] [SEVERE ] setting player 3 freeze to 0
[19:07:22.883] [SEVERE ] removing player 3 token from slot 7
[19:07:22.883] [SEVERE ] player 3 placing token on slot 7
[19:07:23.762] [SEVERE ] exit button pressed
[19:07:23.762] [SEVERE ] disposing of user interface elements
[19:07:23.762] [INFO   ] thread computer-0 terminated.
[19:07:23.762] [INFO   ] thread computer-3 terminated.
[19:07:23.762] [INFO   ] thread computer-1 terminated.
[19:07:23.762] [INFO   ] thread Thread-3 terminated.
[19:07:23.762] [INFO   ] thread computer-2 terminated.
[19:07:23.762] [INFO   ] thread Thread-1 terminated.
[19:07:23.762] [INFO   ] thread Thread-0 terminated.
[19:07:23.762] [INFO   ] thread Thread-2 terminated.
