[16:08:27.702] [INFO   ] thread main starting.
[16:08:27.712] [SEVERE ] cannot read configuration file config.properties trying from resources.
[16:08:27.712] [SEVERE ] configuration file was loaded from resources directory.
[16:08:28.132] [INFO   ] thread dealer starting.
[16:08:28.132] [INFO   ] thread dealer starting.
[16:08:28.132] [SEVERE ] updating countdown to 60000
[16:08:28.639] [SEVERE ] updating countdown to 59493
[16:08:28.640] [SEVERE ] updating countdown to 59492
[16:08:28.642] [INFO   ] thread Thread-0 starting.
[16:08:28.643] [INFO   ] thread Thread-1 starting.
[16:08:28.645] [INFO   ] thread computer-1 starting.
[16:08:28.645] [SEVERE ] updating countdown to 59487
[16:08:28.645] [SEVERE ] updating countdown to 59487
[16:08:28.758] [SEVERE ] placing card 44 in slot 0
[16:08:28.872] [SEVERE ] placing card 36 in slot 1
[16:08:28.986] [SEVERE ] placing card 37 in slot 2
[16:08:29.098] [SEVERE ] placing card 23 in slot 3
[16:08:29.209] [SEVERE ] placing card 73 in slot 4
[16:08:29.314] [SEVERE ] placing card 46 in slot 5
[16:08:29.416] [SEVERE ] placing card 78 in slot 6
[16:08:29.525] [SEVERE ] placing card 39 in slot 7
[16:08:29.640] [SEVERE ] placing card 45 in slot 8
[16:08:29.747] [SEVERE ] placing card 26 in slot 9
[16:08:29.859] [SEVERE ] placing card 65 in slot 10
[16:08:29.859] [SEVERE ] player 2 placing token on slot 10
[16:08:29.970] [SEVERE ] player 2 placing token on slot 1
[16:08:29.970] [SEVERE ] placing card 21 in slot 11
[16:08:29.972] [SEVERE ] updating countdown to 58160
[16:08:30.081] [SEVERE ] player 2 placing token on slot 8
[16:08:30.977] [SEVERE ] updating countdown to 57155
[16:08:30.977] [SEVERE ] setting player 2 freeze to 3000
[16:08:30.977] [SEVERE ] setting player 2 freeze to 3000
[16:08:30.977] [SEVERE ] updating countdown to 57155
[16:08:30.977] [SEVERE ] setting player 2 freeze to 3000
[16:08:30.977] [SEVERE ] updating countdown to 57155
[16:08:30.977] [SEVERE ] setting player 2 freeze to 3000
[16:08:31.052] [SEVERE ] key 81 was pressed by player 1
[16:08:31.052] [SEVERE ] player 1 placing token on slot 0
[16:08:31.482] [SEVERE ] key 87 was pressed by player 1
[16:08:31.482] [SEVERE ] player 1 placing token on slot 1
[16:08:31.859] [SEVERE ] key 69 was pressed by player 1
[16:08:31.859] [SEVERE ] player 1 placing token on slot 2
[16:08:31.987] [SEVERE ] updating countdown to 56145
[16:08:31.987] [SEVERE ] setting player 2 freeze to 1990
[16:08:31.987] [SEVERE ] setting player 1 freeze to 3000
[16:08:31.987] [SEVERE ] setting player 1 freeze to 3000
[16:08:31.987] [SEVERE ] setting player 2 freeze to 1990
[16:08:31.987] [SEVERE ] updating countdown to 56145
[16:08:31.987] [SEVERE ] setting player 1 freeze to 3000
[16:08:31.987] [SEVERE ] setting player 2 freeze to 1990
[16:08:31.992] [SEVERE ] updating countdown to 56140
[16:08:31.992] [SEVERE ] setting player 1 freeze to 2995
[16:08:31.992] [SEVERE ] setting player 2 freeze to 1985
[16:08:32.382] [SEVERE ] key 69 was pressed by player 1
[16:08:32.382] [SEVERE ] key 81 was pressed by player 1
[16:08:32.382] [SEVERE ] key 87 was pressed by player 1
[16:08:32.858] [SEVERE ] key 69 was pressed by player 1
[16:08:32.862] [SEVERE ] key 87 was pressed by player 1
[16:08:32.874] [SEVERE ] key 81 was pressed by player 1
[16:08:33.001] [SEVERE ] updating countdown to 55131
[16:08:33.001] [SEVERE ] setting player 1 freeze to 1986
[16:08:33.001] [SEVERE ] setting player 2 freeze to 976
[16:08:33.001] [SEVERE ] updating countdown to 55131
[16:08:33.001] [SEVERE ] setting player 1 freeze to 1986
[16:08:33.002] [SEVERE ] setting player 2 freeze to 975
[16:08:33.002] [SEVERE ] updating countdown to 55130
[16:08:33.002] [SEVERE ] setting player 1 freeze to 1985
[16:08:33.002] [SEVERE ] setting player 2 freeze to 975
[16:08:33.219] [SEVERE ] key 69 was pressed by player 1
[16:08:33.232] [SEVERE ] key 81 was pressed by player 1
[16:08:33.242] [SEVERE ] key 87 was pressed by player 1
[16:08:33.487] [SEVERE ] key 69 was pressed by player 1
[16:08:33.487] [SEVERE ] key 87 was pressed by player 1
[16:08:33.492] [SEVERE ] key 81 was pressed by player 1
[16:08:33.693] [SEVERE ] key 81 was pressed by player 1
[16:08:33.708] [SEVERE ] key 69 was pressed by player 1
[16:08:33.712] [SEVERE ] key 87 was pressed by player 1
[16:08:33.874] [SEVERE ] key 81 was pressed by player 1
[16:08:33.904] [SEVERE ] key 87 was pressed by player 1
[16:08:33.915] [SEVERE ] key 69 was pressed by player 1
[16:08:33.979] [SEVERE ] removing player 2 token from slot 1
[16:08:33.979] [SEVERE ] player 2 placing token on slot 5
[16:08:34.011] [SEVERE ] updating countdown to 54121
[16:08:34.011] [SEVERE ] setting player 1 freeze to 976
[16:08:34.011] [SEVERE ] setting player 2 freeze to 0
[16:08:34.012] [SEVERE ] setting player 2 freeze to 3000
[16:08:34.012] [SEVERE ] setting player 1 freeze to 975
[16:08:34.012] [SEVERE ] setting player 2 freeze to 3000
[16:08:34.012] [SEVERE ] updating countdown to 54120
[16:08:34.012] [SEVERE ] setting player 1 freeze to 975
[16:08:34.012] [SEVERE ] setting player 2 freeze to 3000
[16:08:34.012] [SEVERE ] updating countdown to 54120
[16:08:34.012] [SEVERE ] setting player 1 freeze to 975
[16:08:34.012] [SEVERE ] setting player 2 freeze to 3000
[16:08:34.124] [SEVERE ] key 87 was pressed by player 1
[16:08:34.135] [SEVERE ] key 81 was pressed by player 1
[16:08:34.142] [SEVERE ] key 69 was pressed by player 1
[16:08:34.412] [SEVERE ] key 87 was pressed by player 1
[16:08:34.418] [SEVERE ] key 69 was pressed by player 1
[16:08:34.434] [SEVERE ] key 81 was pressed by player 1
[16:08:34.645] [SEVERE ] key 81 was pressed by player 1
[16:08:34.652] [SEVERE ] key 69 was pressed by player 1
[16:08:34.662] [SEVERE ] key 87 was pressed by player 1
[16:08:35.012] [SEVERE ] key 87 was pressed by player 1
[16:08:35.012] [SEVERE ] removing player 1 token from slot 1
[16:08:35.027] [SEVERE ] updating countdown to 53105
[16:08:35.027] [SEVERE ] setting player 1 freeze to 0
[16:08:35.027] [SEVERE ] setting player 2 freeze to 1985
[16:08:35.027] [SEVERE ] updating countdown to 53105
[16:08:35.027] [SEVERE ] setting player 2 freeze to 1985
[16:08:35.027] [SEVERE ] updating countdown to 53105
[16:08:35.027] [SEVERE ] setting player 2 freeze to 1985
[16:08:35.032] [SEVERE ] key 81 was pressed by player 1
[16:08:35.032] [SEVERE ] removing player 1 token from slot 0
[16:08:35.050] [SEVERE ] key 69 was pressed by player 1
[16:08:35.050] [SEVERE ] removing player 1 token from slot 2
[16:08:35.512] [SEVERE ] key 69 was pressed by player 1
[16:08:35.512] [SEVERE ] player 1 placing token on slot 2
[16:08:35.524] [SEVERE ] key 81 was pressed by player 1
[16:08:35.524] [SEVERE ] player 1 placing token on slot 0
[16:08:35.532] [SEVERE ] key 87 was pressed by player 1
[16:08:35.532] [SEVERE ] player 1 placing token on slot 1
[16:08:36.012] [SEVERE ] key 69 was pressed by player 1
[16:08:36.022] [SEVERE ] key 81 was pressed by player 1
[16:08:36.033] [SEVERE ] updating countdown to 52099
[16:08:36.033] [SEVERE ] setting player 2 freeze to 979
[16:08:36.033] [SEVERE ] setting player 1 freeze to 3000
[16:08:36.033] [SEVERE ] setting player 1 freeze to 3000
[16:08:36.033] [SEVERE ] setting player 2 freeze to 979
[16:08:36.033] [SEVERE ] updating countdown to 52099
[16:08:36.033] [SEVERE ] setting player 1 freeze to 3000
[16:08:36.033] [SEVERE ] setting player 2 freeze to 979
[16:08:36.033] [SEVERE ] updating countdown to 52099
[16:08:36.033] [SEVERE ] setting player 1 freeze to 3000
[16:08:36.033] [SEVERE ] setting player 2 freeze to 979
[16:08:36.033] [SEVERE ] key 87 was pressed by player 1
[16:08:36.432] [SEVERE ] key 69 was pressed by player 1
[16:08:36.432] [SEVERE ] key 81 was pressed by player 1
[16:08:36.434] [SEVERE ] key 87 was pressed by player 1
[16:08:36.732] [SEVERE ] key 69 was pressed by player 1
[16:08:36.752] [SEVERE ] key 81 was pressed by player 1
[16:08:36.762] [SEVERE ] key 87 was pressed by player 1
[16:08:37.016] [SEVERE ] removing player 2 token from slot 8
[16:08:37.016] [SEVERE ] player 2 placing token on slot 9
[16:08:37.047] [SEVERE ] updating countdown to 51085
[16:08:37.047] [SEVERE ] setting player 1 freeze to 1986
[16:08:37.047] [SEVERE ] setting player 2 freeze to 0
[16:08:37.047] [SEVERE ] setting player 2 freeze to 3000
[16:08:37.047] [SEVERE ] setting player 1 freeze to 1986
[16:08:37.047] [SEVERE ] setting player 2 freeze to 3000
[16:08:37.047] [SEVERE ] updating countdown to 51085
[16:08:37.047] [SEVERE ] setting player 1 freeze to 1986
[16:08:37.047] [SEVERE ] setting player 2 freeze to 3000
[16:08:37.047] [SEVERE ] updating countdown to 51085
[16:08:37.047] [SEVERE ] setting player 1 freeze to 1986
[16:08:37.047] [SEVERE ] setting player 2 freeze to 3000
[16:08:37.052] [SEVERE ] key 87 was pressed by player 1
[16:08:37.063] [SEVERE ] key 81 was pressed by player 1
[16:08:37.082] [SEVERE ] key 69 was pressed by player 1
[16:08:37.366] [SEVERE ] key 87 was pressed by player 1
[16:08:37.376] [SEVERE ] key 69 was pressed by player 1
[16:08:37.382] [SEVERE ] key 81 was pressed by player 1
[16:08:37.652] [SEVERE ] key 87 was pressed by player 1
[16:08:37.672] [SEVERE ] key 69 was pressed by player 1
[16:08:37.684] [SEVERE ] key 81 was pressed by player 1
[16:08:37.939] [SEVERE ] key 81 was pressed by player 1
[16:08:37.962] [SEVERE ] key 87 was pressed by player 1
[16:08:37.972] [SEVERE ] key 69 was pressed by player 1
[16:08:38.051] [SEVERE ] updating countdown to 50081
[16:08:38.051] [SEVERE ] setting player 1 freeze to 982
[16:08:38.052] [SEVERE ] setting player 2 freeze to 1995
[16:08:38.052] [SEVERE ] updating countdown to 50080
[16:08:38.052] [SEVERE ] setting player 1 freeze to 981
[16:08:38.052] [SEVERE ] setting player 2 freeze to 1995
[16:08:38.052] [SEVERE ] updating countdown to 50080
[16:08:38.052] [SEVERE ] setting player 1 freeze to 981
[16:08:38.052] [SEVERE ] setting player 2 freeze to 1995
[16:08:38.232] [SEVERE ] key 87 was pressed by player 1
[16:08:38.248] [SEVERE ] key 81 was pressed by player 1
[16:08:38.252] [SEVERE ] key 69 was pressed by player 1
[16:08:38.492] [SEVERE ] key 87 was pressed by player 1
[16:08:38.492] [SEVERE ] key 81 was pressed by player 1
[16:08:38.526] [SEVERE ] key 69 was pressed by player 1
[16:08:38.695] [SEVERE ] key 81 was pressed by player 1
[16:08:38.721] [SEVERE ] key 87 was pressed by player 1
[16:08:38.735] [SEVERE ] key 69 was pressed by player 1
[16:08:38.928] [SEVERE ] key 87 was pressed by player 1
[16:08:38.943] [SEVERE ] key 69 was pressed by player 1
[16:08:38.953] [SEVERE ] key 81 was pressed by player 1
[16:08:39.066] [SEVERE ] updating countdown to 49066
[16:08:39.066] [SEVERE ] setting player 1 freeze to 0
[16:08:39.066] [SEVERE ] setting player 2 freeze to 981
[16:08:39.066] [SEVERE ] updating countdown to 49066
[16:08:39.066] [SEVERE ] setting player 2 freeze to 981
[16:08:39.067] [SEVERE ] updating countdown to 49065
[16:08:39.068] [SEVERE ] setting player 2 freeze to 979
[16:08:40.050] [SEVERE ] removing player 2 token from slot 5
[16:08:40.050] [SEVERE ] player 2 placing token on slot 8
[16:08:40.069] [SEVERE ] updating countdown to 48063
[16:08:40.069] [SEVERE ] setting player 2 freeze to 0
[16:08:40.069] [SEVERE ] setting player 2 freeze to 3000
[16:08:40.069] [SEVERE ] setting player 2 freeze to 3000
[16:08:40.069] [SEVERE ] updating countdown to 48063
[16:08:40.069] [SEVERE ] setting player 2 freeze to 3000
[16:08:40.069] [SEVERE ] updating countdown to 48063
[16:08:40.069] [SEVERE ] setting player 2 freeze to 3000
[16:08:41.070] [SEVERE ] updating countdown to 47062
[16:08:41.070] [SEVERE ] setting player 2 freeze to 1999
[16:08:41.070] [SEVERE ] updating countdown to 47062
[16:08:41.070] [SEVERE ] setting player 2 freeze to 1999
[16:08:41.070] [SEVERE ] updating countdown to 47062
[16:08:41.071] [SEVERE ] setting player 2 freeze to 1998
[16:08:42.074] [SEVERE ] updating countdown to 46058
[16:08:42.074] [SEVERE ] setting player 2 freeze to 995
[16:08:42.075] [SEVERE ] updating countdown to 46057
[16:08:42.075] [SEVERE ] setting player 2 freeze to 994
[16:08:42.075] [SEVERE ] updating countdown to 46057
[16:08:42.075] [SEVERE ] setting player 2 freeze to 994
[16:08:43.076] [SEVERE ] removing player 2 token from slot 9
[16:08:43.076] [SEVERE ] player 2 placing token on slot 0
[16:08:43.077] [SEVERE ] updating countdown to 45055
[16:08:43.077] [SEVERE ] setting player 2 freeze to 0
[16:08:43.077] [SEVERE ] setting player 2 freeze to 3000
[16:08:43.077] [SEVERE ] setting player 2 freeze to 3000
[16:08:43.077] [SEVERE ] removing player 2 token from slot 10
[16:08:43.077] [SEVERE ] player 2 placing token on slot 11
[16:08:43.077] [SEVERE ] updating countdown to 45055
[16:08:43.077] [SEVERE ] setting player 2 freeze to 3000
[16:08:43.077] [SEVERE ] updating countdown to 45055
[16:08:43.077] [SEVERE ] setting player 2 freeze to 3000
[16:08:44.090] [SEVERE ] updating countdown to 44042
[16:08:44.090] [SEVERE ] setting player 2 freeze to 1987
[16:08:44.090] [SEVERE ] setting player 2 freeze to 3000
[16:08:44.090] [SEVERE ] setting player 2 freeze to 3000
[16:08:44.090] [SEVERE ] updating countdown to 44042
[16:08:44.090] [SEVERE ] setting player 2 freeze to 3000
[16:08:44.090] [SEVERE ] updating countdown to 44042
[16:08:44.090] [SEVERE ] setting player 2 freeze to 3000
[16:08:44.482] [SEVERE ] key 81 was pressed by player 1
[16:08:44.482] [SEVERE ] removing player 1 token from slot 0
[16:08:44.607] [SEVERE ] key 87 was pressed by player 1
[16:08:44.607] [SEVERE ] removing player 1 token from slot 1
[16:08:44.698] [SEVERE ] key 69 was pressed by player 1
[16:08:44.698] [SEVERE ] removing player 1 token from slot 2
[16:08:44.992] [SEVERE ] key 87 was pressed by player 1
[16:08:44.992] [SEVERE ] player 1 placing token on slot 1
[16:08:45.003] [SEVERE ] key 81 was pressed by player 1
[16:08:45.003] [SEVERE ] player 1 placing token on slot 0
[16:08:45.017] [SEVERE ] key 69 was pressed by player 1
[16:08:45.017] [SEVERE ] player 1 placing token on slot 2
[16:08:45.096] [SEVERE ] updating countdown to 43036
[16:08:45.096] [SEVERE ] setting player 2 freeze to 1994
[16:08:45.096] [SEVERE ] setting player 1 freeze to 3000
[16:08:45.096] [SEVERE ] setting player 1 freeze to 3000
[16:08:45.096] [SEVERE ] setting player 2 freeze to 1994
[16:08:45.096] [SEVERE ] updating countdown to 43036
[16:08:45.096] [SEVERE ] setting player 1 freeze to 3000
[16:08:45.096] [SEVERE ] setting player 2 freeze to 1994
[16:08:45.096] [SEVERE ] updating countdown to 43036
[16:08:45.096] [SEVERE ] setting player 1 freeze to 3000
[16:08:45.096] [SEVERE ] setting player 2 freeze to 1994
[16:08:45.288] [SEVERE ] key 87 was pressed by player 1
[16:08:45.292] [SEVERE ] key 81 was pressed by player 1
[16:08:45.305] [SEVERE ] key 69 was pressed by player 1
[16:08:45.452] [SEVERE ] key 81 was pressed by player 1
[16:08:45.479] [SEVERE ] key 87 was pressed by player 1
[16:08:45.482] [SEVERE ] key 69 was pressed by player 1
[16:08:45.627] [SEVERE ] key 81 was pressed by player 1
[16:08:45.642] [SEVERE ] key 87 was pressed by player 1
[16:08:45.669] [SEVERE ] key 69 was pressed by player 1
[16:08:45.782] [SEVERE ] key 81 was pressed by player 1
[16:08:45.817] [SEVERE ] key 87 was pressed by player 1
[16:08:45.817] [SEVERE ] key 69 was pressed by player 1
[16:08:45.942] [SEVERE ] key 81 was pressed by player 1
[16:08:45.952] [SEVERE ] key 87 was pressed by player 1
[16:08:45.962] [SEVERE ] key 69 was pressed by player 1
[16:08:46.084] [SEVERE ] key 81 was pressed by player 1
[16:08:46.099] [SEVERE ] updating countdown to 42033
[16:08:46.099] [SEVERE ] setting player 1 freeze to 1997
[16:08:46.099] [SEVERE ] setting player 2 freeze to 991
[16:08:46.099] [SEVERE ] updating countdown to 42033
[16:08:46.099] [SEVERE ] setting player 1 freeze to 1997
[16:08:46.099] [SEVERE ] setting player 2 freeze to 991
[16:08:46.102] [SEVERE ] updating countdown to 42030
[16:08:46.102] [SEVERE ] setting player 1 freeze to 1994
[16:08:46.102] [SEVERE ] setting player 2 freeze to 988
[16:08:46.122] [SEVERE ] key 87 was pressed by player 1
[16:08:46.282] [SEVERE ] key 87 was pressed by player 1
[16:08:46.302] [SEVERE ] key 69 was pressed by player 1
[16:08:46.662] [SEVERE ] key 87 was pressed by player 1
[16:08:46.674] [SEVERE ] key 81 was pressed by player 1
[16:08:46.682] [SEVERE ] key 69 was pressed by player 1
[16:08:46.944] [SEVERE ] key 69 was pressed by player 1
[16:08:46.952] [SEVERE ] key 87 was pressed by player 1
[16:08:46.962] [SEVERE ] key 81 was pressed by player 1
[16:08:47.103] [SEVERE ] removing player 2 token from slot 8
[16:08:47.103] [SEVERE ] updating countdown to 41029
[16:08:47.103] [SEVERE ] player 2 placing token on slot 10
[16:08:47.103] [SEVERE ] setting player 1 freeze to 993
[16:08:47.103] [SEVERE ] setting player 2 freeze to 0
[16:08:47.103] [SEVERE ] setting player 2 freeze to 3000
[16:08:47.103] [SEVERE ] setting player 1 freeze to 993
[16:08:47.103] [SEVERE ] setting player 2 freeze to 3000
[16:08:47.103] [SEVERE ] updating countdown to 41029
[16:08:47.103] [SEVERE ] setting player 1 freeze to 993
[16:08:47.103] [SEVERE ] setting player 2 freeze to 3000
[16:08:47.103] [SEVERE ] updating countdown to 41029
[16:08:47.103] [SEVERE ] setting player 1 freeze to 993
[16:08:47.103] [SEVERE ] setting player 2 freeze to 3000
[16:08:47.202] [SEVERE ] key 87 was pressed by player 1
[16:08:47.214] [SEVERE ] key 81 was pressed by player 1
[16:08:47.222] [SEVERE ] key 69 was pressed by player 1
[16:08:47.382] [SEVERE ] key 81 was pressed by player 1
[16:08:47.422] [SEVERE ] key 69 was pressed by player 1
[16:08:47.432] [SEVERE ] key 87 was pressed by player 1
[16:08:47.652] [SEVERE ] key 69 was pressed by player 1
[16:08:47.662] [SEVERE ] key 81 was pressed by player 1
[16:08:47.675] [SEVERE ] key 87 was pressed by player 1
[16:08:47.872] [SEVERE ] key 69 was pressed by player 1
[16:08:47.932] [SEVERE ] key 87 was pressed by player 1
[16:08:47.932] [SEVERE ] key 81 was pressed by player 1
[16:08:48.110] [SEVERE ] updating countdown to 40022
[16:08:48.110] [SEVERE ] setting player 1 freeze to 0
[16:08:48.110] [SEVERE ] setting player 2 freeze to 1993
[16:08:48.110] [SEVERE ] updating countdown to 40022
[16:08:48.110] [SEVERE ] setting player 2 freeze to 1993
[16:08:48.110] [SEVERE ] updating countdown to 40022
[16:08:48.110] [SEVERE ] setting player 2 freeze to 1993
[16:08:48.132] [SEVERE ] key 87 was pressed by player 1
[16:08:48.132] [SEVERE ] removing player 1 token from slot 1
[16:08:48.142] [SEVERE ] key 69 was pressed by player 1
[16:08:48.142] [SEVERE ] removing player 1 token from slot 2
[16:08:48.157] [SEVERE ] key 81 was pressed by player 1
[16:08:48.157] [SEVERE ] removing player 1 token from slot 0
[16:08:48.407] [SEVERE ] key 87 was pressed by player 1
[16:08:48.407] [SEVERE ] player 1 placing token on slot 1
[16:08:48.412] [SEVERE ] key 81 was pressed by player 1
[16:08:48.412] [SEVERE ] player 1 placing token on slot 0
[16:08:48.432] [SEVERE ] key 69 was pressed by player 1
[16:08:48.432] [SEVERE ] player 1 placing token on slot 2
[16:08:48.652] [SEVERE ] key 87 was pressed by player 1
[16:08:48.664] [SEVERE ] key 81 was pressed by player 1
[16:08:48.672] [SEVERE ] key 69 was pressed by player 1
[16:08:48.920] [SEVERE ] key 81 was pressed by player 1
[16:08:48.922] [SEVERE ] key 87 was pressed by player 1
[16:08:48.922] [SEVERE ] key 69 was pressed by player 1
[16:08:49.126] [SEVERE ] updating countdown to 39006
[16:08:49.126] [SEVERE ] setting player 2 freeze to 977
[16:08:49.126] [SEVERE ] setting player 1 freeze to 3000
[16:08:49.126] [SEVERE ] setting player 1 freeze to 3000
[16:08:49.126] [SEVERE ] setting player 2 freeze to 977
[16:08:49.126] [SEVERE ] updating countdown to 39006
[16:08:49.126] [SEVERE ] setting player 1 freeze to 3000
[16:08:49.126] [SEVERE ] setting player 2 freeze to 977
[16:08:49.126] [SEVERE ] updating countdown to 39006
[16:08:49.126] [SEVERE ] setting player 1 freeze to 3000
[16:08:49.126] [SEVERE ] setting player 2 freeze to 977
[16:08:49.159] [SEVERE ] key 81 was pressed by player 1
[16:08:49.164] [SEVERE ] key 87 was pressed by player 1
[16:08:49.174] [SEVERE ] key 69 was pressed by player 1
[16:08:49.412] [SEVERE ] key 87 was pressed by player 1
[16:08:49.422] [SEVERE ] key 81 was pressed by player 1
[16:08:49.434] [SEVERE ] key 69 was pressed by player 1
[16:08:49.668] [SEVERE ] key 87 was pressed by player 1
[16:08:49.672] [SEVERE ] key 69 was pressed by player 1
[16:08:49.684] [SEVERE ] key 81 was pressed by player 1
[16:08:49.906] [SEVERE ] key 87 was pressed by player 1
[16:08:49.922] [SEVERE ] key 81 was pressed by player 1
[16:08:49.942] [SEVERE ] key 69 was pressed by player 1
[16:08:50.082] [SEVERE ] key 81 was pressed by player 1
[16:08:50.113] [SEVERE ] removing player 2 token from slot 0
[16:08:50.113] [SEVERE ] player 2 placing token on slot 7
[16:08:50.129] [SEVERE ] updating countdown to 38003
[16:08:50.129] [SEVERE ] setting player 1 freeze to 1997
[16:08:50.129] [SEVERE ] setting player 2 freeze to 0
[16:08:50.129] [SEVERE ] setting player 2 freeze to 3000
[16:08:50.129] [SEVERE ] setting player 1 freeze to 1997
[16:08:50.129] [SEVERE ] setting player 2 freeze to 3000
[16:08:50.129] [SEVERE ] updating countdown to 38003
[16:08:50.129] [SEVERE ] setting player 1 freeze to 1997
[16:08:50.129] [SEVERE ] setting player 2 freeze to 3000
[16:08:50.129] [SEVERE ] updating countdown to 38003
[16:08:50.129] [SEVERE ] setting player 1 freeze to 1997
[16:08:50.129] [SEVERE ] setting player 2 freeze to 3000
[16:08:50.152] [SEVERE ] key 69 was pressed by player 1
[16:08:50.162] [SEVERE ] key 87 was pressed by player 1
[16:08:50.402] [SEVERE ] key 81 was pressed by player 1
[16:08:50.432] [SEVERE ] key 87 was pressed by player 1
[16:08:50.437] [SEVERE ] key 69 was pressed by player 1
[16:08:50.672] [SEVERE ] key 87 was pressed by player 1
[16:08:50.685] [SEVERE ] key 81 was pressed by player 1
[16:08:50.692] [SEVERE ] key 69 was pressed by player 1
[16:08:50.908] [SEVERE ] key 69 was pressed by player 1
[16:08:50.932] [SEVERE ] key 87 was pressed by player 1
[16:08:50.932] [SEVERE ] key 81 was pressed by player 1
[16:08:51.130] [SEVERE ] updating countdown to 37002
[16:08:51.130] [SEVERE ] setting player 1 freeze to 996
[16:08:51.130] [SEVERE ] setting player 2 freeze to 1999
[16:08:51.130] [SEVERE ] updating countdown to 37002
[16:08:51.130] [SEVERE ] setting player 1 freeze to 996
[16:08:51.130] [SEVERE ] setting player 2 freeze to 1999
[16:08:51.130] [SEVERE ] updating countdown to 37002
[16:08:51.132] [SEVERE ] setting player 1 freeze to 994
[16:08:51.132] [SEVERE ] setting player 2 freeze to 1997
[16:08:51.146] [SEVERE ] key 87 was pressed by player 1
[16:08:51.166] [SEVERE ] key 69 was pressed by player 1
[16:08:51.178] [SEVERE ] key 81 was pressed by player 1
[16:08:51.386] [SEVERE ] key 87 was pressed by player 1
[16:08:51.402] [SEVERE ] key 69 was pressed by player 1
[16:08:51.412] [SEVERE ] key 81 was pressed by player 1
[16:08:51.632] [SEVERE ] key 87 was pressed by player 1
[16:08:51.642] [SEVERE ] key 69 was pressed by player 1
[16:08:51.652] [SEVERE ] key 81 was pressed by player 1
[16:08:51.832] [SEVERE ] key 87 was pressed by player 1
[16:08:51.842] [SEVERE ] key 69 was pressed by player 1
[16:08:51.863] [SEVERE ] key 81 was pressed by player 1
[16:08:52.032] [SEVERE ] key 81 was pressed by player 1
[16:08:52.052] [SEVERE ] key 87 was pressed by player 1
[16:08:52.099] [SEVERE ] key 69 was pressed by player 1
[16:08:52.147] [SEVERE ] updating countdown to 35985
[16:08:52.147] [SEVERE ] setting player 1 freeze to 0
[16:08:52.147] [SEVERE ] setting player 2 freeze to 982
[16:08:52.147] [SEVERE ] updating countdown to 35985
[16:08:52.147] [SEVERE ] setting player 2 freeze to 982
[16:08:52.147] [SEVERE ] updating countdown to 35985
[16:08:52.147] [SEVERE ] setting player 2 freeze to 982
[16:08:52.262] [SEVERE ] key 87 was pressed by player 1
[16:08:52.262] [SEVERE ] removing player 1 token from slot 1
[16:08:52.275] [SEVERE ] key 69 was pressed by player 1
[16:08:52.282] [SEVERE ] removing player 1 token from slot 2
[16:08:52.292] [SEVERE ] key 81 was pressed by player 1
[16:08:52.292] [SEVERE ] removing player 1 token from slot 0
[16:08:52.422] [SEVERE ] key 81 was pressed by player 1
[16:08:52.422] [SEVERE ] player 1 placing token on slot 0
[16:08:52.442] [SEVERE ] key 87 was pressed by player 1
[16:08:52.442] [SEVERE ] player 1 placing token on slot 1
[16:08:52.452] [SEVERE ] key 69 was pressed by player 1
[16:08:52.452] [SEVERE ] player 1 placing token on slot 2
[16:08:52.642] [SEVERE ] key 69 was pressed by player 1
[16:08:52.652] [SEVERE ] key 87 was pressed by player 1
[16:08:52.902] [SEVERE ] key 87 was pressed by player 1
[16:08:52.922] [SEVERE ] key 69 was pressed by player 1
[16:08:52.932] [SEVERE ] key 81 was pressed by player 1
[16:08:53.134] [SEVERE ] removing player 2 token from slot 7
[16:08:53.134] [SEVERE ] removing player 2 token from slot 10
[16:08:53.134] [SEVERE ] player 2 placing token on slot 5
[16:08:53.134] [SEVERE ] player 2 placing token on slot 3
[16:08:53.150] [SEVERE ] updating countdown to 34982
[16:08:53.150] [SEVERE ] setting player 2 freeze to 0
[16:08:53.150] [SEVERE ] setting player 1 freeze to 3000
[16:08:53.150] [SEVERE ] setting player 1 freeze to 3000
[16:08:53.151] [SEVERE ] updating countdown to 34981
[16:08:53.151] [SEVERE ] setting player 1 freeze to 2999
[16:08:53.151] [SEVERE ] updating countdown to 34981
[16:08:53.151] [SEVERE ] setting player 1 freeze to 2999
[16:08:53.166] [SEVERE ] key 87 was pressed by player 1
[16:08:53.172] [SEVERE ] key 81 was pressed by player 1
[16:08:53.392] [SEVERE ] key 87 was pressed by player 1
[16:08:53.405] [SEVERE ] key 81 was pressed by player 1
[16:08:53.612] [SEVERE ] key 69 was pressed by player 1
[16:08:53.624] [SEVERE ] key 81 was pressed by player 1
[16:08:53.632] [SEVERE ] key 87 was pressed by player 1
[16:08:53.817] [SEVERE ] key 69 was pressed by player 1
[16:08:53.832] [SEVERE ] key 87 was pressed by player 1
[16:08:53.833] [SEVERE ] key 81 was pressed by player 1
[16:08:54.076] [SEVERE ] key 87 was pressed by player 1
[16:08:54.092] [SEVERE ] key 81 was pressed by player 1
[16:08:54.109] [SEVERE ] key 69 was pressed by player 1
[16:08:54.152] [SEVERE ] updating countdown to 33980
[16:08:54.152] [SEVERE ] setting player 1 freeze to 1998
[16:08:54.152] [SEVERE ] setting player 2 freeze to 3000
[16:08:54.152] [SEVERE ] setting player 1 freeze to 1998
[16:08:54.152] [SEVERE ] setting player 2 freeze to 3000
[16:08:54.152] [SEVERE ] updating countdown to 33980
[16:08:54.152] [SEVERE ] setting player 1 freeze to 1998
[16:08:54.152] [SEVERE ] setting player 2 freeze to 3000
[16:08:54.152] [SEVERE ] updating countdown to 33980
[16:08:54.152] [SEVERE ] setting player 1 freeze to 1998
[16:08:54.152] [SEVERE ] setting player 2 freeze to 3000
[16:08:54.295] [SEVERE ] key 81 was pressed by player 1
[16:08:54.342] [SEVERE ] key 69 was pressed by player 1
[16:08:54.359] [SEVERE ] key 87 was pressed by player 1
[16:08:54.622] [SEVERE ] key 87 was pressed by player 1
[16:08:54.643] [SEVERE ] key 81 was pressed by player 1
[16:08:54.872] [SEVERE ] key 87 was pressed by player 1
[16:08:54.913] [SEVERE ] key 81 was pressed by player 1
[16:08:55.093] [SEVERE ] key 87 was pressed by player 1
[16:08:55.112] [SEVERE ] key 81 was pressed by player 1
[16:08:55.152] [SEVERE ] key 69 was pressed by player 1
[16:08:55.167] [SEVERE ] updating countdown to 32965
[16:08:55.167] [SEVERE ] setting player 1 freeze to 983
[16:08:55.167] [SEVERE ] setting player 2 freeze to 1985
[16:08:55.167] [SEVERE ] updating countdown to 32965
[16:08:55.167] [SEVERE ] setting player 1 freeze to 983
[16:08:55.167] [SEVERE ] setting player 2 freeze to 1985
[16:08:55.167] [SEVERE ] updating countdown to 32965
[16:08:55.169] [SEVERE ] setting player 1 freeze to 981
[16:08:55.169] [SEVERE ] setting player 2 freeze to 1983
[16:08:55.309] [SEVERE ] key 87 was pressed by player 1
[16:08:55.325] [SEVERE ] key 69 was pressed by player 1
[16:08:55.332] [SEVERE ] key 81 was pressed by player 1
[16:08:55.522] [SEVERE ] key 87 was pressed by player 1
[16:08:55.532] [SEVERE ] key 81 was pressed by player 1
[16:08:55.546] [SEVERE ] key 69 was pressed by player 1
[16:08:55.712] [SEVERE ] key 87 was pressed by player 1
[16:08:55.722] [SEVERE ] key 69 was pressed by player 1
[16:08:55.737] [SEVERE ] key 81 was pressed by player 1
[16:08:56.181] [SEVERE ] updating countdown to 31951
[16:08:56.181] [SEVERE ] setting player 1 freeze to 0
[16:08:56.181] [SEVERE ] setting player 2 freeze to 971
[16:08:56.181] [SEVERE ] updating countdown to 31951
[16:08:56.181] [SEVERE ] setting player 2 freeze to 971
[16:08:56.181] [SEVERE ] updating countdown to 31951
[16:08:56.181] [SEVERE ] setting player 2 freeze to 971
[16:08:56.275] [SEVERE ] key 81 was pressed by player 1
[16:08:56.275] [SEVERE ] removing player 1 token from slot 0
[16:08:56.307] [SEVERE ] key 81 was pressed by player 1
[16:08:56.307] [SEVERE ] player 1 placing token on slot 0
[16:08:56.335] [SEVERE ] key 81 was pressed by player 1
[16:08:56.370] [SEVERE ] key 81 was pressed by player 1
[16:08:56.402] [SEVERE ] key 81 was pressed by player 1
[16:08:56.434] [SEVERE ] key 81 was pressed by player 1
[16:08:56.468] [SEVERE ] key 81 was pressed by player 1
[16:08:56.503] [SEVERE ] key 81 was pressed by player 1
[16:08:56.529] [SEVERE ] key 81 was pressed by player 1
[16:08:56.561] [SEVERE ] key 81 was pressed by player 1
[16:08:56.587] [SEVERE ] key 81 was pressed by player 1
[16:08:56.624] [SEVERE ] key 81 was pressed by player 1
[16:08:56.652] [SEVERE ] key 81 was pressed by player 1
[16:08:56.682] [SEVERE ] key 81 was pressed by player 1
[16:08:56.712] [SEVERE ] key 81 was pressed by player 1
[16:08:56.752] [SEVERE ] key 81 was pressed by player 1
[16:08:56.782] [SEVERE ] key 81 was pressed by player 1
[16:08:56.812] [SEVERE ] key 81 was pressed by player 1
[16:08:56.842] [SEVERE ] key 81 was pressed by player 1
[16:08:56.872] [SEVERE ] key 81 was pressed by player 1
[16:08:56.902] [SEVERE ] key 81 was pressed by player 1
[16:08:56.932] [SEVERE ] key 81 was pressed by player 1
[16:08:56.962] [SEVERE ] key 81 was pressed by player 1
[16:08:56.993] [SEVERE ] key 81 was pressed by player 1
[16:08:57.022] [SEVERE ] key 81 was pressed by player 1
[16:08:57.052] [SEVERE ] key 81 was pressed by player 1
[16:08:57.102] [SEVERE ] key 81 was pressed by player 1
[16:08:57.161] [SEVERE ] removing player 2 token from slot 11
[16:08:57.161] [SEVERE ] player 2 placing token on slot 10
[16:08:57.168] [SEVERE ] key 81 was pressed by player 1
[16:08:57.168] [SEVERE ] key 81 was pressed by player 1
[16:08:57.192] [SEVERE ] updating countdown to 30940
[16:08:57.192] [SEVERE ] setting player 2 freeze to 0
[16:08:57.192] [SEVERE ] setting player 1 freeze to 3000
[16:08:57.192] [SEVERE ] setting player 1 freeze to 3000
[16:08:57.192] [SEVERE ] updating countdown to 30940
[16:08:57.192] [SEVERE ] setting player 1 freeze to 3000
[16:08:57.192] [SEVERE ] updating countdown to 30940
[16:08:57.192] [SEVERE ] setting player 1 freeze to 3000
[16:08:57.232] [SEVERE ] key 81 was pressed by player 1
[16:08:57.232] [SEVERE ] key 81 was pressed by player 1
[16:08:57.292] [SEVERE ] key 81 was pressed by player 1
[16:08:57.297] [SEVERE ] key 81 was pressed by player 1
[16:08:57.322] [SEVERE ] key 81 was pressed by player 1
[16:08:57.352] [SEVERE ] key 81 was pressed by player 1
[16:08:57.383] [SEVERE ] key 81 was pressed by player 1
[16:08:57.414] [SEVERE ] key 81 was pressed by player 1
[16:08:57.452] [SEVERE ] key 81 was pressed by player 1
[16:08:57.478] [SEVERE ] key 81 was pressed by player 1
[16:08:57.510] [SEVERE ] key 81 was pressed by player 1
[16:08:57.534] [SEVERE ] key 81 was pressed by player 1
[16:08:57.570] [SEVERE ] key 81 was pressed by player 1
[16:08:57.602] [SEVERE ] key 81 was pressed by player 1
[16:08:57.634] [SEVERE ] key 81 was pressed by player 1
[16:08:57.662] [SEVERE ] key 81 was pressed by player 1
[16:08:57.692] [SEVERE ] key 81 was pressed by player 1
[16:08:57.722] [SEVERE ] key 81 was pressed by player 1
[16:08:57.762] [SEVERE ] key 81 was pressed by player 1
[16:08:57.784] [SEVERE ] key 81 was pressed by player 1
[16:08:57.819] [SEVERE ] key 81 was pressed by player 1
[16:08:57.842] [SEVERE ] key 81 was pressed by player 1
[16:08:57.876] [SEVERE ] key 81 was pressed by player 1
[16:08:57.907] [SEVERE ] key 81 was pressed by player 1
[16:08:57.942] [SEVERE ] key 81 was pressed by player 1
[16:08:57.977] [SEVERE ] key 81 was pressed by player 1
[16:08:58.002] [SEVERE ] key 81 was pressed by player 1
[16:08:58.034] [SEVERE ] key 81 was pressed by player 1
[16:08:58.072] [SEVERE ] key 81 was pressed by player 1
[16:08:58.092] [SEVERE ] key 81 was pressed by player 1
[16:08:58.132] [SEVERE ] key 81 was pressed by player 1
[16:08:58.162] [SEVERE ] key 81 was pressed by player 1
[16:08:58.199] [SEVERE ] updating countdown to 29933
[16:08:58.199] [SEVERE ] setting player 1 freeze to 1993
[16:08:58.199] [SEVERE ] setting player 2 freeze to 3000
[16:08:58.199] [SEVERE ] setting player 1 freeze to 1993
[16:08:58.199] [SEVERE ] setting player 2 freeze to 3000
[16:08:58.199] [SEVERE ] updating countdown to 29933
[16:08:58.199] [SEVERE ] setting player 1 freeze to 1993
[16:08:58.199] [SEVERE ] setting player 2 freeze to 3000
[16:08:58.199] [SEVERE ] removing player 2 token from slot 5
[16:08:58.199] [SEVERE ] removing player 2 token from slot 10
[16:08:58.199] [SEVERE ] player 2 placing token on slot 9
[16:08:58.199] [SEVERE ] updating countdown to 29933
[16:08:58.199] [SEVERE ] player 2 placing token on slot 11
[16:08:58.199] [SEVERE ] setting player 1 freeze to 1993
[16:08:58.199] [SEVERE ] setting player 2 freeze to 3000
[16:08:58.204] [SEVERE ] key 81 was pressed by player 1
[16:08:58.232] [SEVERE ] key 81 was pressed by player 1
[16:08:58.263] [SEVERE ] key 81 was pressed by player 1
[16:08:58.302] [SEVERE ] key 81 was pressed by player 1
[16:08:58.332] [SEVERE ] key 81 was pressed by player 1
[16:08:58.362] [SEVERE ] key 81 was pressed by player 1
[16:08:58.392] [SEVERE ] key 81 was pressed by player 1
[16:08:58.422] [SEVERE ] key 81 was pressed by player 1
[16:08:58.454] [SEVERE ] key 81 was pressed by player 1
[16:08:58.492] [SEVERE ] key 81 was pressed by player 1
[16:08:58.517] [SEVERE ] key 81 was pressed by player 1
[16:08:58.552] [SEVERE ] key 81 was pressed by player 1
[16:08:58.585] [SEVERE ] key 81 was pressed by player 1
[16:08:58.614] [SEVERE ] key 81 was pressed by player 1
[16:08:58.644] [SEVERE ] key 81 was pressed by player 1
[16:08:58.676] [SEVERE ] key 81 was pressed by player 1
[16:08:58.708] [SEVERE ] key 81 was pressed by player 1
[16:08:58.732] [SEVERE ] key 81 was pressed by player 1
[16:08:58.770] [SEVERE ] key 81 was pressed by player 1
[16:08:58.804] [SEVERE ] key 81 was pressed by player 1
[16:08:58.832] [SEVERE ] key 81 was pressed by player 1
[16:08:58.862] [SEVERE ] key 81 was pressed by player 1
[16:08:58.892] [SEVERE ] key 81 was pressed by player 1
[16:08:58.922] [SEVERE ] key 81 was pressed by player 1
[16:08:58.957] [SEVERE ] key 81 was pressed by player 1
[16:08:58.987] [SEVERE ] key 81 was pressed by player 1
[16:08:59.017] [SEVERE ] key 81 was pressed by player 1
[16:08:59.052] [SEVERE ] key 81 was pressed by player 1
[16:08:59.082] [SEVERE ] key 81 was pressed by player 1
[16:08:59.112] [SEVERE ] key 81 was pressed by player 1
[16:08:59.142] [SEVERE ] key 81 was pressed by player 1
[16:08:59.202] [SEVERE ] updating countdown to 28930
[16:08:59.202] [SEVERE ] setting player 1 freeze to 990
[16:08:59.202] [SEVERE ] setting player 2 freeze to 1997
[16:08:59.202] [SEVERE ] setting player 2 freeze to 3000
[16:08:59.202] [SEVERE ] setting player 1 freeze to 990
[16:08:59.202] [SEVERE ] setting player 2 freeze to 3000
[16:08:59.202] [SEVERE ] updating countdown to 28930
[16:08:59.202] [SEVERE ] setting player 1 freeze to 990
[16:08:59.202] [SEVERE ] setting player 2 freeze to 3000
[16:08:59.202] [SEVERE ] removing player 2 token from slot 3
[16:08:59.202] [SEVERE ] updating countdown to 28930
[16:08:59.202] [SEVERE ] setting player 1 freeze to 990
[16:08:59.202] [SEVERE ] setting player 2 freeze to 3000
[16:08:59.203] [SEVERE ] player 2 placing token on slot 2
[16:08:59.209] [SEVERE ] key 81 was pressed by player 1
[16:08:59.209] [SEVERE ] key 81 was pressed by player 1
[16:08:59.242] [SEVERE ] key 81 was pressed by player 1
[16:08:59.272] [SEVERE ] key 81 was pressed by player 1
[16:08:59.314] [SEVERE ] key 81 was pressed by player 1
[16:08:59.345] [SEVERE ] key 81 was pressed by player 1
[16:08:59.384] [SEVERE ] key 81 was pressed by player 1
[16:08:59.408] [SEVERE ] key 81 was pressed by player 1
[16:08:59.437] [SEVERE ] key 81 was pressed by player 1
[16:08:59.471] [SEVERE ] key 81 was pressed by player 1
[16:08:59.502] [SEVERE ] key 81 was pressed by player 1
[16:08:59.533] [SEVERE ] key 81 was pressed by player 1
[16:08:59.562] [SEVERE ] key 81 was pressed by player 1
[16:08:59.592] [SEVERE ] key 81 was pressed by player 1
[16:08:59.627] [SEVERE ] key 81 was pressed by player 1
[16:08:59.657] [SEVERE ] key 81 was pressed by player 1
[16:08:59.682] [SEVERE ] key 81 was pressed by player 1
[16:08:59.722] [SEVERE ] key 81 was pressed by player 1
[16:08:59.752] [SEVERE ] key 81 was pressed by player 1
[16:08:59.783] [SEVERE ] key 81 was pressed by player 1
[16:08:59.812] [SEVERE ] key 81 was pressed by player 1
[16:08:59.842] [SEVERE ] key 81 was pressed by player 1
[16:08:59.877] [SEVERE ] key 81 was pressed by player 1
[16:08:59.907] [SEVERE ] key 81 was pressed by player 1
[16:08:59.933] [SEVERE ] key 81 was pressed by player 1
[16:08:59.965] [SEVERE ] key 81 was pressed by player 1
[16:08:59.997] [SEVERE ] key 81 was pressed by player 1
[16:09:00.032] [SEVERE ] key 81 was pressed by player 1
[16:09:00.062] [SEVERE ] key 81 was pressed by player 1
[16:09:00.092] [SEVERE ] key 81 was pressed by player 1
[16:09:00.124] [SEVERE ] key 81 was pressed by player 1
[16:09:00.155] [SEVERE ] key 81 was pressed by player 1
[16:09:00.187] [SEVERE ] key 81 was pressed by player 1
[16:09:00.203] [SEVERE ] updating countdown to 27929
[16:09:00.203] [SEVERE ] setting player 1 freeze to 0
[16:09:00.203] [SEVERE ] setting player 2 freeze to 1999
[16:09:00.203] [SEVERE ] setting player 2 freeze to 3000
[16:09:00.203] [SEVERE ] setting player 2 freeze to 3000
[16:09:00.203] [SEVERE ] updating countdown to 27929
[16:09:00.203] [SEVERE ] setting player 2 freeze to 3000
[16:09:00.203] [SEVERE ] updating countdown to 27929
[16:09:00.203] [SEVERE ] setting player 2 freeze to 3000
[16:09:00.292] [SEVERE ] key 81 was pressed by player 1
[16:09:00.292] [SEVERE ] removing player 1 token from slot 0
[16:09:00.292] [SEVERE ] key 81 was pressed by player 1
[16:09:00.292] [SEVERE ] player 1 placing token on slot 0
[16:09:00.299] [SEVERE ] key 81 was pressed by player 1
[16:09:00.314] [SEVERE ] key 81 was pressed by player 1
[16:09:00.345] [SEVERE ] key 81 was pressed by player 1
[16:09:00.393] [SEVERE ] key 81 was pressed by player 1
[16:09:00.422] [SEVERE ] key 81 was pressed by player 1
[16:09:00.452] [SEVERE ] key 81 was pressed by player 1
[16:09:00.488] [SEVERE ] key 81 was pressed by player 1
[16:09:00.512] [SEVERE ] key 81 was pressed by player 1
[16:09:00.542] [SEVERE ] key 81 was pressed by player 1
[16:09:00.572] [SEVERE ] key 81 was pressed by player 1
[16:09:00.610] [SEVERE ] key 81 was pressed by player 1
[16:09:00.634] [SEVERE ] key 81 was pressed by player 1
[16:09:00.673] [SEVERE ] key 81 was pressed by player 1
[16:09:00.702] [SEVERE ] key 81 was pressed by player 1
[16:09:00.732] [SEVERE ] key 81 was pressed by player 1
[16:09:00.762] [SEVERE ] key 81 was pressed by player 1
[16:09:00.792] [SEVERE ] key 81 was pressed by player 1
[16:09:00.825] [SEVERE ] key 81 was pressed by player 1
[16:09:00.856] [SEVERE ] key 81 was pressed by player 1
[16:09:00.887] [SEVERE ] key 81 was pressed by player 1
[16:09:00.912] [SEVERE ] key 81 was pressed by player 1
[16:09:00.952] [SEVERE ] key 81 was pressed by player 1
[16:09:00.982] [SEVERE ] key 81 was pressed by player 1
[16:09:01.012] [SEVERE ] key 81 was pressed by player 1
[16:09:01.042] [SEVERE ] key 81 was pressed by player 1
[16:09:01.073] [SEVERE ] key 81 was pressed by player 1
[16:09:01.102] [SEVERE ] key 81 was pressed by player 1
[16:09:01.132] [SEVERE ] key 81 was pressed by player 1
[16:09:01.162] [SEVERE ] key 81 was pressed by player 1
[16:09:01.192] [SEVERE ] key 81 was pressed by player 1
[16:09:01.207] [SEVERE ] updating countdown to 26925
[16:09:01.207] [SEVERE ] setting player 2 freeze to 1996
[16:09:01.207] [SEVERE ] setting player 1 freeze to 3000
[16:09:01.207] [SEVERE ] setting player 1 freeze to 3000
[16:09:01.207] [SEVERE ] setting player 2 freeze to 1996
[16:09:01.207] [SEVERE ] updating countdown to 26925
[16:09:01.207] [SEVERE ] setting player 1 freeze to 3000
[16:09:01.207] [SEVERE ] setting player 2 freeze to 1996
[16:09:01.207] [SEVERE ] updating countdown to 26925
[16:09:01.207] [SEVERE ] setting player 1 freeze to 3000
[16:09:01.207] [SEVERE ] setting player 2 freeze to 1996
[16:09:01.223] [SEVERE ] key 81 was pressed by player 1
[16:09:01.262] [SEVERE ] key 81 was pressed by player 1
[16:09:01.287] [SEVERE ] key 81 was pressed by player 1
[16:09:01.335] [SEVERE ] key 81 was pressed by player 1
[16:09:01.374] [SEVERE ] key 81 was pressed by player 1
[16:09:01.414] [SEVERE ] key 81 was pressed by player 1
[16:09:01.446] [SEVERE ] key 81 was pressed by player 1
[16:09:01.462] [SEVERE ] key 81 was pressed by player 1
[16:09:01.493] [SEVERE ] key 81 was pressed by player 1
[16:09:01.525] [SEVERE ] key 81 was pressed by player 1
[16:09:01.556] [SEVERE ] key 81 was pressed by player 1
[16:09:01.592] [SEVERE ] key 81 was pressed by player 1
[16:09:01.622] [SEVERE ] key 81 was pressed by player 1
[16:09:01.652] [SEVERE ] key 81 was pressed by player 1
[16:09:01.683] [SEVERE ] key 81 was pressed by player 1
[16:09:01.718] [SEVERE ] key 81 was pressed by player 1
[16:09:01.747] [SEVERE ] key 81 was pressed by player 1
[16:09:01.774] [SEVERE ] key 81 was pressed by player 1
[16:09:01.802] [SEVERE ] key 81 was pressed by player 1
[16:09:01.832] [SEVERE ] key 81 was pressed by player 1
[16:09:01.872] [SEVERE ] key 81 was pressed by player 1
[16:09:01.902] [SEVERE ] key 81 was pressed by player 1
[16:09:01.937] [SEVERE ] key 81 was pressed by player 1
[16:09:01.962] [SEVERE ] key 81 was pressed by player 1
[16:09:01.992] [SEVERE ] key 81 was pressed by player 1
[16:09:02.022] [SEVERE ] key 81 was pressed by player 1
[16:09:02.052] [SEVERE ] key 81 was pressed by player 1
[16:09:02.085] [SEVERE ] key 81 was pressed by player 1
[16:09:02.117] [SEVERE ] key 81 was pressed by player 1
[16:09:02.142] [SEVERE ] key 81 was pressed by player 1
[16:09:02.176] [SEVERE ] key 81 was pressed by player 1
[16:09:02.212] [SEVERE ] key 81 was pressed by player 1
[16:09:02.222] [SEVERE ] updating countdown to 25910
[16:09:02.222] [SEVERE ] setting player 1 freeze to 1985
[16:09:02.222] [SEVERE ] setting player 2 freeze to 981
[16:09:02.222] [SEVERE ] updating countdown to 25910
[16:09:02.222] [SEVERE ] setting player 1 freeze to 1985
[16:09:02.222] [SEVERE ] setting player 2 freeze to 981
[16:09:02.222] [SEVERE ] updating countdown to 25910
[16:09:02.222] [SEVERE ] setting player 1 freeze to 1985
[16:09:02.222] [SEVERE ] setting player 2 freeze to 981
[16:09:02.242] [SEVERE ] key 81 was pressed by player 1
[16:09:02.272] [SEVERE ] key 81 was pressed by player 1
[16:09:02.312] [SEVERE ] key 81 was pressed by player 1
[16:09:02.352] [SEVERE ] key 81 was pressed by player 1
[16:09:02.375] [SEVERE ] key 81 was pressed by player 1
[16:09:02.412] [SEVERE ] key 81 was pressed by player 1
[16:09:02.476] [SEVERE ] key 81 was pressed by player 1
[16:09:02.476] [SEVERE ] key 81 was pressed by player 1
[16:09:02.508] [SEVERE ] key 81 was pressed by player 1
[16:09:02.542] [SEVERE ] key 81 was pressed by player 1
[16:09:02.575] [SEVERE ] key 81 was pressed by player 1
[16:09:02.604] [SEVERE ] key 81 was pressed by player 1
[16:09:02.636] [SEVERE ] key 81 was pressed by player 1
[16:09:02.668] [SEVERE ] key 81 was pressed by player 1
[16:09:02.702] [SEVERE ] key 81 was pressed by player 1
[16:09:02.733] [SEVERE ] key 81 was pressed by player 1
[16:09:02.763] [SEVERE ] key 81 was pressed by player 1
[16:09:02.795] [SEVERE ] key 81 was pressed by player 1
[16:09:02.827] [SEVERE ] key 81 was pressed by player 1
[16:09:02.859] [SEVERE ] key 81 was pressed by player 1
[16:09:02.885] [SEVERE ] key 81 was pressed by player 1
[16:09:02.912] [SEVERE ] key 81 was pressed by player 1
[16:09:02.942] [SEVERE ] key 81 was pressed by player 1
[16:09:02.975] [SEVERE ] key 81 was pressed by player 1
[16:09:03.012] [SEVERE ] key 81 was pressed by player 1
[16:09:03.043] [SEVERE ] key 81 was pressed by player 1
[16:09:03.207] [SEVERE ] removing player 2 token from slot 9
[16:09:03.207] [SEVERE ] player 2 placing token on slot 1
[16:09:03.225] [SEVERE ] updating countdown to 24907
[16:09:03.225] [SEVERE ] setting player 1 freeze to 982
[16:09:03.225] [SEVERE ] setting player 2 freeze to 0
[16:09:03.225] [SEVERE ] setting player 2 freeze to 3000
[16:09:03.225] [SEVERE ] setting player 1 freeze to 982
[16:09:03.225] [SEVERE ] setting player 2 freeze to 3000
[16:09:03.225] [SEVERE ] updating countdown to 24907
[16:09:03.225] [SEVERE ] setting player 1 freeze to 982
[16:09:03.225] [SEVERE ] setting player 2 freeze to 3000
[16:09:03.225] [SEVERE ] updating countdown to 24907
[16:09:03.225] [SEVERE ] setting player 1 freeze to 982
[16:09:03.225] [SEVERE ] setting player 2 freeze to 3000
[16:09:04.240] [SEVERE ] updating countdown to 23892
[16:09:04.240] [SEVERE ] setting player 1 freeze to 0
[16:09:04.240] [SEVERE ] setting player 2 freeze to 1985
[16:09:04.240] [SEVERE ] updating countdown to 23892
[16:09:04.240] [SEVERE ] setting player 2 freeze to 1985
[16:09:04.240] [SEVERE ] updating countdown to 23892
[16:09:04.240] [SEVERE ] setting player 2 freeze to 1985
[16:09:05.241] [SEVERE ] updating countdown to 22891
[16:09:05.241] [SEVERE ] setting player 2 freeze to 984
[16:09:05.241] [SEVERE ] updating countdown to 22891
[16:09:05.241] [SEVERE ] setting player 2 freeze to 984
[16:09:05.242] [SEVERE ] updating countdown to 22890
[16:09:05.242] [SEVERE ] setting player 2 freeze to 983
[16:09:06.227] [SEVERE ] removing player 2 token from slot 11
[16:09:06.227] [SEVERE ] player 2 placing token on slot 10
[16:09:06.243] [SEVERE ] updating countdown to 21889
[16:09:06.243] [SEVERE ] setting player 2 freeze to 0
[16:09:06.243] [SEVERE ] setting player 2 freeze to 3000
[16:09:06.243] [SEVERE ] setting player 2 freeze to 3000
[16:09:06.243] [SEVERE ] updating countdown to 21889
[16:09:06.243] [SEVERE ] setting player 2 freeze to 3000
[16:09:06.243] [SEVERE ] updating countdown to 21889
[16:09:06.243] [SEVERE ] setting player 2 freeze to 3000
[16:09:07.246] [SEVERE ] updating countdown to 20886
[16:09:07.246] [SEVERE ] setting player 2 freeze to 1997
[16:09:07.246] [SEVERE ] updating countdown to 20886
[16:09:07.246] [SEVERE ] setting player 2 freeze to 1997
[16:09:07.246] [SEVERE ] updating countdown to 20886
[16:09:07.246] [SEVERE ] setting player 2 freeze to 1997
[16:09:08.259] [SEVERE ] updating countdown to 19873
[16:09:08.259] [SEVERE ] setting player 2 freeze to 984
[16:09:08.259] [SEVERE ] updating countdown to 19873
[16:09:08.259] [SEVERE ] setting player 2 freeze to 984
[16:09:08.259] [SEVERE ] updating countdown to 19873
[16:09:08.259] [SEVERE ] setting player 2 freeze to 984
[16:09:09.253] [SEVERE ] removing player 2 token from slot 1
[16:09:09.253] [SEVERE ] player 2 placing token on slot 6
[16:09:09.268] [SEVERE ] updating countdown to 18864
[16:09:09.268] [SEVERE ] setting player 2 freeze to 0
[16:09:09.268] [SEVERE ] setting player 2 freeze to 3000
[16:09:09.268] [SEVERE ] setting player 2 freeze to 3000
[16:09:09.268] [SEVERE ] updating countdown to 18864
[16:09:09.268] [SEVERE ] setting player 2 freeze to 3000
[16:09:09.268] [SEVERE ] updating countdown to 18864
[16:09:09.268] [SEVERE ] setting player 2 freeze to 3000
[16:09:10.273] [SEVERE ] updating countdown to 17859
[16:09:10.273] [SEVERE ] setting player 2 freeze to 1995
[16:09:10.273] [SEVERE ] updating countdown to 17859
[16:09:10.273] [SEVERE ] setting player 2 freeze to 1995
[16:09:10.273] [SEVERE ] updating countdown to 17859
[16:09:10.273] [SEVERE ] setting player 2 freeze to 1995
[16:09:11.277] [SEVERE ] updating countdown to 16855
[16:09:11.277] [SEVERE ] setting player 2 freeze to 991
[16:09:11.277] [SEVERE ] updating countdown to 16855
[16:09:11.277] [SEVERE ] setting player 2 freeze to 991
[16:09:11.277] [SEVERE ] updating countdown to 16855
[16:09:11.277] [SEVERE ] setting player 2 freeze to 991
[16:09:12.283] [SEVERE ] updating countdown to 15849
[16:09:12.283] [SEVERE ] removing player 2 token from slot 6
[16:09:12.283] [SEVERE ] setting player 2 freeze to 0
[16:09:12.283] [SEVERE ] updating countdown to 15849
[16:09:12.283] [SEVERE ] player 2 placing token on slot 1
[16:09:12.283] [SEVERE ] updating countdown to 15849
[16:09:13.287] [SEVERE ] updating countdown to 14845
[16:09:13.287] [SEVERE ] setting player 2 freeze to 3000
[16:09:13.287] [SEVERE ] setting player 2 freeze to 3000
[16:09:13.287] [SEVERE ] updating countdown to 14845
[16:09:13.287] [SEVERE ] setting player 2 freeze to 3000
[16:09:13.287] [SEVERE ] removing player 2 token from slot 10
[16:09:13.287] [SEVERE ] updating countdown to 14845
[16:09:13.287] [SEVERE ] player 2 placing token on slot 4
[16:09:13.287] [SEVERE ] setting player 2 freeze to 3000
[16:09:14.291] [SEVERE ] updating countdown to 13841
[16:09:14.291] [SEVERE ] setting player 2 freeze to 1996
[16:09:14.291] [SEVERE ] setting player 2 freeze to 3000
[16:09:14.291] [SEVERE ] setting player 2 freeze to 3000
[16:09:14.291] [SEVERE ] updating countdown to 13841
[16:09:14.291] [SEVERE ] setting player 2 freeze to 3000
[16:09:14.291] [SEVERE ] updating countdown to 13841
[16:09:14.291] [SEVERE ] setting player 2 freeze to 3000
[16:09:15.298] [SEVERE ] updating countdown to 12834
[16:09:15.298] [SEVERE ] setting player 2 freeze to 1993
[16:09:15.298] [SEVERE ] updating countdown to 12834
[16:09:15.298] [SEVERE ] setting player 2 freeze to 1993
[16:09:15.298] [SEVERE ] updating countdown to 12834
[16:09:15.298] [SEVERE ] setting player 2 freeze to 1993
[16:09:16.304] [SEVERE ] updating countdown to 11828
[16:09:16.304] [SEVERE ] setting player 2 freeze to 987
[16:09:16.304] [SEVERE ] updating countdown to 11828
[16:09:16.304] [SEVERE ] setting player 2 freeze to 987
[16:09:16.304] [SEVERE ] updating countdown to 11828
[16:09:16.304] [SEVERE ] setting player 2 freeze to 987
[16:09:17.296] [SEVERE ] removing player 2 token from slot 1
[16:09:17.296] [SEVERE ] player 2 placing token on slot 9
[16:09:17.311] [SEVERE ] updating countdown to 10821
[16:09:17.311] [SEVERE ] setting player 2 freeze to 0
[16:09:17.312] [SEVERE ] setting player 2 freeze to 3000
[16:09:17.313] [SEVERE ] setting player 2 freeze to 2999
[16:09:17.313] [SEVERE ] updating countdown to 10819
[16:09:17.313] [SEVERE ] setting player 2 freeze to 2999
[16:09:17.313] [SEVERE ] updating countdown to 10819
[16:09:17.313] [SEVERE ] setting player 2 freeze to 2999
[16:09:18.325] [SEVERE ] updating countdown to 9807
[16:09:18.325] [SEVERE ] setting player 2 freeze to 1987
[16:09:18.325] [SEVERE ] updating countdown to 9807
[16:09:18.325] [SEVERE ] setting player 2 freeze to 1987
[16:09:18.326] [SEVERE ] updating countdown to 9806
[16:09:18.326] [SEVERE ] setting player 2 freeze to 1986
[16:09:19.326] [SEVERE ] updating countdown to 8806
[16:09:19.326] [SEVERE ] setting player 2 freeze to 986
[16:09:19.326] [SEVERE ] updating countdown to 8806
[16:09:19.326] [SEVERE ] setting player 2 freeze to 986
[16:09:19.327] [SEVERE ] updating countdown to 8805
[16:09:19.327] [SEVERE ] setting player 2 freeze to 985
[16:09:20.314] [SEVERE ] removing player 2 token from slot 4
[16:09:20.314] [SEVERE ] player 2 placing token on slot 4
[16:09:20.330] [SEVERE ] updating countdown to 7802
[16:09:20.330] [SEVERE ] setting player 2 freeze to 0
[16:09:20.330] [SEVERE ] setting player 2 freeze to 3000
[16:09:20.330] [SEVERE ] setting player 2 freeze to 3000
[16:09:20.330] [SEVERE ] updating countdown to 7802
[16:09:20.330] [SEVERE ] setting player 2 freeze to 3000
[16:09:20.330] [SEVERE ] updating countdown to 7802
[16:09:20.330] [SEVERE ] setting player 2 freeze to 3000
[16:09:21.333] [SEVERE ] updating countdown to 6799
[16:09:21.333] [SEVERE ] setting player 2 freeze to 1997
[16:09:21.333] [SEVERE ] updating countdown to 6799
[16:09:21.333] [SEVERE ] setting player 2 freeze to 1997
[16:09:21.333] [SEVERE ] updating countdown to 6799
[16:09:21.333] [SEVERE ] setting player 2 freeze to 1997
[16:09:22.337] [SEVERE ] updating countdown to 5795
[16:09:22.337] [SEVERE ] setting player 2 freeze to 993
[16:09:22.337] [SEVERE ] updating countdown to 5795
[16:09:22.337] [SEVERE ] setting player 2 freeze to 993
[16:09:22.337] [SEVERE ] updating countdown to 5795
[16:09:22.337] [SEVERE ] setting player 2 freeze to 993
[16:09:23.199] [SEVERE ] key 81 was pressed by player 1
[16:09:23.199] [SEVERE ] removing player 1 token from slot 0
[16:09:23.307] [SEVERE ] key 87 was pressed by player 1
[16:09:23.307] [SEVERE ] removing player 1 token from slot 1
[16:09:23.337] [SEVERE ] removing player 2 token from slot 2
[16:09:23.337] [SEVERE ] player 2 placing token on slot 3
[16:09:23.338] [SEVERE ] key 69 was pressed by player 1
[16:09:23.338] [SEVERE ] removing player 1 token from slot 2
[16:09:23.352] [SEVERE ] setting player 2 freeze to 0
[16:09:23.352] [SEVERE ] setting player 2 freeze to 3000
[16:09:23.352] [SEVERE ] setting player 2 freeze to 3000
[16:09:23.352] [SEVERE ] setting player 2 freeze to 3000
[16:09:23.352] [SEVERE ] setting player 2 freeze to 3000
[16:09:23.587] [SEVERE ] key 81 was pressed by player 1
[16:09:23.587] [SEVERE ] player 1 placing token on slot 0
[16:09:23.597] [SEVERE ] key 87 was pressed by player 1
[16:09:23.597] [SEVERE ] player 1 placing token on slot 1
[16:09:23.637] [SEVERE ] key 69 was pressed by player 1
[16:09:23.637] [SEVERE ] player 1 placing token on slot 2
[16:09:23.819] [SEVERE ] key 69 was pressed by player 1
[16:09:23.836] [SEVERE ] key 81 was pressed by player 1
[16:09:23.880] [SEVERE ] key 87 was pressed by player 1
[16:09:24.037] [SEVERE ] key 69 was pressed by player 1
[16:09:24.050] [SEVERE ] key 87 was pressed by player 1
[16:09:24.065] [SEVERE ] key 81 was pressed by player 1
[16:09:24.237] [SEVERE ] key 81 was pressed by player 1
[16:09:24.247] [SEVERE ] key 69 was pressed by player 1
[16:09:24.257] [SEVERE ] key 87 was pressed by player 1
[16:09:24.368] [SEVERE ] setting player 2 freeze to 1984
[16:09:24.368] [SEVERE ] setting player 1 freeze to 3000
[16:09:24.368] [SEVERE ] setting player 1 freeze to 3000
[16:09:24.368] [SEVERE ] setting player 2 freeze to 1984
[16:09:24.368] [SEVERE ] setting player 1 freeze to 3000
[16:09:24.368] [SEVERE ] setting player 2 freeze to 1984
[16:09:24.368] [SEVERE ] setting player 1 freeze to 3000
[16:09:24.368] [SEVERE ] setting player 2 freeze to 1984
[16:09:24.447] [SEVERE ] key 87 was pressed by player 1
[16:09:24.457] [SEVERE ] key 81 was pressed by player 1
[16:09:24.467] [SEVERE ] key 69 was pressed by player 1
[16:09:24.627] [SEVERE ] key 69 was pressed by player 1
[16:09:24.638] [SEVERE ] key 81 was pressed by player 1
[16:09:24.647] [SEVERE ] key 87 was pressed by player 1
[16:09:24.807] [SEVERE ] key 69 was pressed by player 1
[16:09:24.867] [SEVERE ] key 87 was pressed by player 1
[16:09:24.948] [SEVERE ] key 81 was pressed by player 1
[16:09:25.102] [SEVERE ] key 87 was pressed by player 1
[16:09:25.107] [SEVERE ] key 81 was pressed by player 1
[16:09:25.267] [SEVERE ] key 69 was pressed by player 1
[16:09:25.277] [SEVERE ] key 81 was pressed by player 1
[16:09:25.289] [SEVERE ] key 87 was pressed by player 1
[16:09:25.371] [SEVERE ] setting player 1 freeze to 1997
[16:09:25.371] [SEVERE ] setting player 2 freeze to 981
[16:09:25.371] [SEVERE ] setting player 1 freeze to 1997
[16:09:25.371] [SEVERE ] setting player 2 freeze to 981
[16:09:25.371] [SEVERE ] setting player 1 freeze to 1997
[16:09:25.371] [SEVERE ] setting player 2 freeze to 981
[16:09:25.817] [SEVERE ] key 87 was pressed by player 1
[16:09:25.837] [SEVERE ] key 87 was pressed by player 1
[16:09:25.867] [SEVERE ] key 87 was pressed by player 1
[16:09:25.902] [SEVERE ] key 87 was pressed by player 1
[16:09:25.973] [SEVERE ] key 87 was pressed by player 1
[16:09:25.973] [SEVERE ] key 87 was pressed by player 1
[16:09:26.027] [SEVERE ] key 87 was pressed by player 1
[16:09:26.067] [SEVERE ] key 87 was pressed by player 1
[16:09:26.077] [SEVERE ] key 87 was pressed by player 1
[16:09:26.117] [SEVERE ] key 87 was pressed by player 1
[16:09:26.137] [SEVERE ] key 87 was pressed by player 1
[16:09:26.177] [SEVERE ] key 87 was pressed by player 1
[16:09:26.207] [SEVERE ] key 87 was pressed by player 1
[16:09:26.237] [SEVERE ] key 87 was pressed by player 1
[16:09:26.267] [SEVERE ] key 87 was pressed by player 1
[16:09:26.297] [SEVERE ] key 87 was pressed by player 1
[16:09:26.327] [SEVERE ] key 87 was pressed by player 1
[16:09:26.356] [SEVERE ] removing player 2 token from slot 4
[16:09:26.356] [SEVERE ] player 2 placing token on slot 1
[16:09:26.362] [SEVERE ] key 87 was pressed by player 1
[16:09:26.373] [SEVERE ] setting player 1 freeze to 995
[16:09:26.373] [SEVERE ] setting player 2 freeze to 0
[16:09:26.373] [SEVERE ] setting player 2 freeze to 3000
[16:09:26.373] [SEVERE ] setting player 1 freeze to 995
[16:09:26.373] [SEVERE ] setting player 2 freeze to 3000
[16:09:26.373] [SEVERE ] setting player 1 freeze to 995
[16:09:26.373] [SEVERE ] setting player 2 freeze to 3000
[16:09:26.373] [SEVERE ] setting player 1 freeze to 995
[16:09:26.373] [SEVERE ] setting player 2 freeze to 3000
[16:09:26.397] [SEVERE ] key 87 was pressed by player 1
[16:09:26.427] [SEVERE ] key 87 was pressed by player 1
[16:09:26.457] [SEVERE ] key 87 was pressed by player 1
[16:09:26.487] [SEVERE ] key 87 was pressed by player 1
[16:09:26.517] [SEVERE ] key 87 was pressed by player 1
[16:09:26.548] [SEVERE ] key 87 was pressed by player 1
[16:09:26.580] [SEVERE ] key 87 was pressed by player 1
[16:09:26.607] [SEVERE ] key 87 was pressed by player 1
[16:09:26.637] [SEVERE ] key 87 was pressed by player 1
[16:09:26.672] [SEVERE ] key 87 was pressed by player 1
[16:09:26.703] [SEVERE ] key 87 was pressed by player 1
[16:09:26.727] [SEVERE ] key 87 was pressed by player 1
[16:09:26.767] [SEVERE ] key 87 was pressed by player 1
[16:09:26.796] [SEVERE ] key 87 was pressed by player 1
[16:09:26.827] [SEVERE ] key 87 was pressed by player 1
[16:09:26.857] [SEVERE ] key 87 was pressed by player 1
[16:09:26.887] [SEVERE ] key 87 was pressed by player 1
[16:09:26.917] [SEVERE ] key 87 was pressed by player 1
[16:09:26.997] [SEVERE ] key 87 was pressed by player 1
[16:09:26.997] [SEVERE ] key 87 was pressed by player 1
[16:09:27.043] [SEVERE ] key 87 was pressed by player 1
[16:09:27.057] [SEVERE ] key 87 was pressed by player 1
[16:09:27.092] [SEVERE ] key 87 was pressed by player 1
[16:09:27.151] [SEVERE ] key 87 was pressed by player 1
[16:09:27.157] [SEVERE ] key 87 was pressed by player 1
[16:09:27.177] [SEVERE ] key 87 was pressed by player 1
[16:09:27.207] [SEVERE ] key 87 was pressed by player 1
[16:09:27.242] [SEVERE ] key 87 was pressed by player 1
[16:09:27.275] [SEVERE ] key 87 was pressed by player 1
[16:09:27.310] [SEVERE ] key 87 was pressed by player 1
[16:09:27.327] [SEVERE ] key 87 was pressed by player 1
[16:09:27.367] [SEVERE ] key 87 was pressed by player 1
[16:09:27.375] [SEVERE ] setting player 1 freeze to 0
[16:09:27.375] [SEVERE ] setting player 2 freeze to 1998
[16:09:27.375] [SEVERE ] setting player 2 freeze to 1998
[16:09:27.377] [SEVERE ] setting player 2 freeze to 1996
[16:09:27.397] [SEVERE ] key 87 was pressed by player 1
[16:09:27.397] [SEVERE ] removing player 1 token from slot 1
[16:09:27.427] [SEVERE ] key 87 was pressed by player 1
[16:09:27.427] [SEVERE ] player 1 placing token on slot 1
[16:09:27.457] [SEVERE ] key 87 was pressed by player 1
[16:09:27.492] [SEVERE ] key 87 was pressed by player 1
[16:09:27.518] [SEVERE ] key 87 was pressed by player 1
[16:09:27.550] [SEVERE ] key 87 was pressed by player 1
[16:09:27.585] [SEVERE ] key 87 was pressed by player 1
[16:09:27.617] [SEVERE ] key 87 was pressed by player 1
[16:09:27.650] [SEVERE ] key 87 was pressed by player 1
[16:09:27.678] [SEVERE ] key 87 was pressed by player 1
[16:09:27.710] [SEVERE ] key 87 was pressed by player 1
[16:09:27.742] [SEVERE ] key 87 was pressed by player 1
[16:09:27.774] [SEVERE ] key 87 was pressed by player 1
[16:09:27.805] [SEVERE ] key 87 was pressed by player 1
[16:09:27.837] [SEVERE ] key 87 was pressed by player 1
[16:09:27.867] [SEVERE ] key 87 was pressed by player 1
[16:09:27.897] [SEVERE ] key 87 was pressed by player 1
[16:09:27.933] [SEVERE ] key 87 was pressed by player 1
[16:09:27.957] [SEVERE ] key 87 was pressed by player 1
[16:09:28.007] [SEVERE ] key 87 was pressed by player 1
[16:09:28.027] [SEVERE ] key 87 was pressed by player 1
[16:09:28.127] [SEVERE ] key 87 was pressed by player 1
[16:09:28.135] [SEVERE ] key 87 was pressed by player 1
[16:09:28.137] [SEVERE ] key 87 was pressed by player 1
[16:09:28.197] [SEVERE ] key 87 was pressed by player 1
[16:09:28.197] [SEVERE ] key 87 was pressed by player 1
[16:09:28.227] [SEVERE ] key 87 was pressed by player 1
[16:09:28.256] [SEVERE ] key 87 was pressed by player 1
[16:09:28.287] [SEVERE ] key 87 was pressed by player 1
[16:09:28.317] [SEVERE ] key 87 was pressed by player 1
[16:09:28.347] [SEVERE ] key 87 was pressed by player 1
[16:09:28.378] [SEVERE ] updating countdown to 60000
[16:09:28.378] [SEVERE ] setting player 2 freeze to 995
[16:09:28.378] [SEVERE ] setting player 1 freeze to 3000
[16:09:28.378] [SEVERE ] setting player 1 freeze to 3000
[16:09:28.378] [SEVERE ] setting player 2 freeze to 995
[16:09:28.378] [SEVERE ] updating countdown to 60000
[16:09:28.378] [SEVERE ] setting player 1 freeze to 3000
[16:09:28.378] [SEVERE ] setting player 2 freeze to 995
[16:09:28.387] [SEVERE ] key 87 was pressed by player 1
[16:09:28.417] [SEVERE ] key 87 was pressed by player 1
[16:09:28.447] [SEVERE ] key 87 was pressed by player 1
[16:09:28.477] [SEVERE ] key 87 was pressed by player 1
[16:09:28.490] [SEVERE ] removing player 1 token from slot 0
[16:09:28.490] [SEVERE ] removing card from slot 0
[16:09:28.507] [SEVERE ] key 87 was pressed by player 1
[16:09:28.538] [SEVERE ] key 87 was pressed by player 1
[16:09:28.570] [SEVERE ] key 87 was pressed by player 1
[16:09:28.587] [SEVERE ] key 87 was pressed by player 1
[16:09:28.601] [SEVERE ] removing player 2 token from slot 1
[16:09:28.601] [SEVERE ] removing card from slot 1
[16:09:28.712] [SEVERE ] removing player 1 token from slot 2
[16:09:28.712] [SEVERE ] removing card from slot 2
[16:09:28.823] [SEVERE ] removing player 2 token from slot 3
[16:09:28.823] [SEVERE ] removing card from slot 3
[16:09:28.935] [SEVERE ] removing card from slot 4
[16:09:29.046] [SEVERE ] removing card from slot 5
[16:09:29.157] [SEVERE ] removing card from slot 6
[16:09:29.268] [SEVERE ] removing card from slot 7
[16:09:29.380] [SEVERE ] removing card from slot 8
[16:09:29.380] [SEVERE ] player 2 placing token on slot 2
[16:09:29.380] [SEVERE ] player 2 placing token on slot 11
[16:09:29.380] [SEVERE ] removing player 2 token from slot 9
[16:09:29.380] [SEVERE ] removing player 2 token from slot 11
[16:09:29.380] [SEVERE ] player 2 placing token on slot 6
[16:09:29.380] [SEVERE ] player 2 placing token on slot 4
[16:09:29.492] [SEVERE ] removing card from slot 9
[16:09:29.603] [SEVERE ] removing card from slot 10
[16:09:29.714] [SEVERE ] removing card from slot 11
[16:09:29.714] [SEVERE ] updating countdown to 58664
[16:09:29.714] [SEVERE ] setting player 1 freeze to 1664
[16:09:29.714] [SEVERE ] setting player 2 freeze to 0
[16:09:29.826] [SEVERE ] placing card 10 in slot 0
[16:09:29.937] [SEVERE ] placing card 37 in slot 1
[16:09:30.048] [SEVERE ] placing card 43 in slot 2
[16:09:30.159] [SEVERE ] placing card 24 in slot 3
[16:09:30.271] [SEVERE ] placing card 22 in slot 4
[16:09:30.382] [SEVERE ] placing card 8 in slot 5
[16:09:30.494] [SEVERE ] placing card 73 in slot 6
[16:09:30.605] [SEVERE ] placing card 53 in slot 7
[16:09:30.717] [SEVERE ] placing card 55 in slot 8
[16:09:30.828] [SEVERE ] placing card 34 in slot 9
[16:09:30.907] [SEVERE ] key 81 was pressed by player 1
[16:09:30.939] [SEVERE ] placing card 56 in slot 10
[16:09:30.987] [SEVERE ] key 87 was pressed by player 1
[16:09:31.007] [SEVERE ] key 69 was pressed by player 1
[16:09:31.049] [SEVERE ] placing card 79 in slot 11
[16:09:31.051] [SEVERE ] setting player 2 freeze to 3000
[16:09:31.051] [SEVERE ] setting player 1 freeze to 327
[16:09:31.051] [SEVERE ] setting player 2 freeze to 3000
[16:09:31.051] [SEVERE ] updating countdown to 57327
[16:09:31.051] [SEVERE ] setting player 1 freeze to 327
[16:09:31.051] [SEVERE ] setting player 2 freeze to 3000
[16:09:31.051] [SEVERE ] updating countdown to 57327
[16:09:31.051] [SEVERE ] setting player 1 freeze to 327
[16:09:31.051] [SEVERE ] setting player 2 freeze to 3000
[16:09:31.987] [SEVERE ] key 81 was pressed by player 1
[16:09:31.987] [SEVERE ] player 1 placing token on slot 0
[16:09:32.058] [SEVERE ] updating countdown to 56320
[16:09:32.058] [SEVERE ] setting player 1 freeze to 0
[16:09:32.058] [SEVERE ] setting player 2 freeze to 1993
[16:09:32.058] [SEVERE ] updating countdown to 56320
[16:09:32.058] [SEVERE ] setting player 2 freeze to 1993
[16:09:32.058] [SEVERE ] updating countdown to 56320
[16:09:32.058] [SEVERE ] setting player 2 freeze to 1993
[16:09:32.059] [SEVERE ] key 87 was pressed by player 1
[16:09:32.059] [SEVERE ] removing player 1 token from slot 1
[16:09:32.241] [SEVERE ] key 69 was pressed by player 1
[16:09:32.241] [SEVERE ] player 1 placing token on slot 2
[16:09:32.610] [SEVERE ] key 81 was pressed by player 1
[16:09:32.610] [SEVERE ] removing player 1 token from slot 0
[16:09:32.637] [SEVERE ] key 87 was pressed by player 1
[16:09:32.637] [SEVERE ] player 1 placing token on slot 1
[16:09:32.821] [SEVERE ] key 69 was pressed by player 1
[16:09:32.821] [SEVERE ] removing player 1 token from slot 2
[16:09:33.061] [SEVERE ] updating countdown to 55317
[16:09:33.061] [SEVERE ] setting player 2 freeze to 990
[16:09:33.061] [SEVERE ] updating countdown to 55317
[16:09:33.061] [SEVERE ] setting player 2 freeze to 990
[16:09:33.061] [SEVERE ] updating countdown to 55317
[16:09:33.061] [SEVERE ] setting player 2 freeze to 990
[16:09:33.067] [SEVERE ] key 81 was pressed by player 1
[16:09:33.067] [SEVERE ] player 1 placing token on slot 0
[16:09:33.077] [SEVERE ] key 87 was pressed by player 1
[16:09:33.077] [SEVERE ] removing player 1 token from slot 1
[16:09:33.220] [SEVERE ] key 69 was pressed by player 1
[16:09:33.220] [SEVERE ] player 1 placing token on slot 2
[16:09:33.490] [SEVERE ] key 87 was pressed by player 1
[16:09:33.490] [SEVERE ] player 1 placing token on slot 1
[16:09:33.667] [SEVERE ] key 81 was pressed by player 1
[16:09:33.667] [SEVERE ] removing player 1 token from slot 0
[16:09:33.763] [SEVERE ] key 87 was pressed by player 1
[16:09:33.763] [SEVERE ] removing player 1 token from slot 1
[16:09:33.875] [SEVERE ] key 69 was pressed by player 1
[16:09:33.875] [SEVERE ] removing player 1 token from slot 2
[16:09:34.066] [SEVERE ] updating countdown to 54312
[16:09:34.067] [SEVERE ] setting player 2 freeze to 0
[16:09:34.067] [SEVERE ] updating countdown to 54311
[16:09:34.067] [SEVERE ] updating countdown to 54311
[16:09:34.163] [SEVERE ] removing player 2 token from slot 2
[16:09:34.163] [SEVERE ] player 2 placing token on slot 0
[16:09:34.300] [SEVERE ] key 87 was pressed by player 1
[16:09:34.300] [SEVERE ] player 1 placing token on slot 1
[16:09:34.300] [SEVERE ] key 69 was pressed by player 1
[16:09:34.300] [SEVERE ] player 1 placing token on slot 2
[16:09:34.317] [SEVERE ] key 81 was pressed by player 1
[16:09:34.317] [SEVERE ] player 1 placing token on slot 0
[16:09:34.563] [SEVERE ] key 69 was pressed by player 1
[16:09:34.597] [SEVERE ] key 87 was pressed by player 1
[16:09:34.787] [SEVERE ] key 69 was pressed by player 1
[16:09:34.797] [SEVERE ] key 81 was pressed by player 1
[16:09:34.807] [SEVERE ] key 87 was pressed by player 1
[16:09:35.017] [SEVERE ] key 81 was pressed by player 1
[16:09:35.028] [SEVERE ] key 69 was pressed by player 1
[16:09:35.040] [SEVERE ] key 87 was pressed by player 1
[16:09:35.071] [SEVERE ] updating countdown to 53307
[16:09:35.071] [SEVERE ] setting player 2 freeze to 3000
[16:09:35.071] [SEVERE ] setting player 2 freeze to 3000
[16:09:35.071] [SEVERE ] updating countdown to 53307
[16:09:35.071] [SEVERE ] setting player 2 freeze to 3000
[16:09:35.072] [SEVERE ] updating countdown to 53306
[16:09:35.072] [SEVERE ] setting player 2 freeze to 2999
[16:09:36.088] [SEVERE ] updating countdown to 52290
[16:09:36.088] [SEVERE ] setting player 2 freeze to 1983
[16:09:36.088] [SEVERE ] setting player 1 freeze to 3000
[16:09:36.088] [SEVERE ] setting player 1 freeze to 3000
[16:09:36.088] [SEVERE ] setting player 2 freeze to 1983
[16:09:36.088] [SEVERE ] updating countdown to 52290
[16:09:36.088] [SEVERE ] setting player 1 freeze to 3000
[16:09:36.088] [SEVERE ] setting player 2 freeze to 1983
[16:09:36.088] [SEVERE ] updating countdown to 52290
[16:09:36.088] [SEVERE ] setting player 1 freeze to 3000
[16:09:36.088] [SEVERE ] setting player 2 freeze to 1983
[16:09:37.090] [SEVERE ] updating countdown to 51288
[16:09:37.090] [SEVERE ] setting player 1 freeze to 1998
[16:09:37.090] [SEVERE ] setting player 2 freeze to 981
[16:09:37.090] [SEVERE ] updating countdown to 51288
[16:09:37.090] [SEVERE ] setting player 1 freeze to 1998
[16:09:37.090] [SEVERE ] setting player 2 freeze to 981
[16:09:37.090] [SEVERE ] updating countdown to 51288
[16:09:37.090] [SEVERE ] setting player 1 freeze to 1998
[16:09:37.090] [SEVERE ] setting player 2 freeze to 981
[16:09:38.075] [SEVERE ] removing player 2 token from slot 0
[16:09:38.075] [SEVERE ] player 2 placing token on slot 1
[16:09:38.092] [SEVERE ] updating countdown to 50286
[16:09:38.092] [SEVERE ] setting player 1 freeze to 996
[16:09:38.092] [SEVERE ] setting player 2 freeze to 0
[16:09:38.092] [SEVERE ] setting player 2 freeze to 3000
[16:09:38.092] [SEVERE ] setting player 1 freeze to 996
[16:09:38.092] [SEVERE ] setting player 2 freeze to 3000
[16:09:38.092] [SEVERE ] updating countdown to 50286
[16:09:38.092] [SEVERE ] setting player 1 freeze to 996
[16:09:38.092] [SEVERE ] setting player 2 freeze to 3000
[16:09:38.092] [SEVERE ] updating countdown to 50286
[16:09:38.092] [SEVERE ] setting player 1 freeze to 996
[16:09:38.092] [SEVERE ] setting player 2 freeze to 3000
[16:09:39.108] [SEVERE ] updating countdown to 49270
[16:09:39.108] [SEVERE ] setting player 1 freeze to 0
[16:09:39.108] [SEVERE ] setting player 2 freeze to 1984
[16:09:39.108] [SEVERE ] updating countdown to 49270
[16:09:39.108] [SEVERE ] setting player 2 freeze to 1984
[16:09:39.108] [SEVERE ] updating countdown to 49270
[16:09:39.108] [SEVERE ] setting player 2 freeze to 1984
[16:09:40.111] [SEVERE ] updating countdown to 48267
[16:09:40.111] [SEVERE ] setting player 2 freeze to 981
[16:09:40.111] [SEVERE ] updating countdown to 48267
[16:09:40.111] [SEVERE ] setting player 2 freeze to 981
[16:09:40.111] [SEVERE ] updating countdown to 48267
[16:09:40.111] [SEVERE ] setting player 2 freeze to 981
[16:09:40.536] [SEVERE ] exit button pressed
[16:09:40.536] [SEVERE ] disposing of user interface elements
[16:09:40.536] [INFO   ] thread Thread-0 terminated.
[16:09:40.536] [INFO   ] thread computer-1 terminated.
[16:09:40.536] [INFO   ] thread Thread-1 terminated.
