[16:02:57.558] [INFO   ] thread main starting.
[16:02:57.566] [SEVERE ] cannot read configuration file config.properties trying from resources.
[16:02:57.567] [SEVERE ] configuration file was loaded from resources directory.
[16:02:57.906] [INFO   ] thread dealer starting.
[16:02:57.906] [INFO   ] thread dealer starting.
[16:02:57.906] [SEVERE ] updating countdown to 60000
[16:02:58.420] [SEVERE ] updating countdown to 59486
[16:02:58.420] [SEVERE ] updating countdown to 59486
[16:02:58.420] [INFO   ] thread Thread-0 starting.
[16:02:58.420] [INFO   ] thread Thread-1 starting.
[16:02:58.420] [SEVERE ] updating countdown to 59486
[16:02:58.420] [SEVERE ] updating countdown to 59486
[16:02:58.420] [INFO   ] thread computer-1 starting.
[16:02:58.420] [SEVERE ] player 2 placing token on slot 9
[16:02:58.420] [SEVERE ] player 2 placing token on slot 0
[16:02:58.420] [SEVERE ] player 2 placing token on slot 4
[16:02:58.528] [SEVERE ] placing card 19 in slot 0
[16:02:58.645] [SEVERE ] placing card 66 in slot 1
[16:02:58.756] [SEVERE ] placing card 44 in slot 2
[16:02:58.866] [SEVERE ] placing card 58 in slot 3
[16:02:58.977] [SEVERE ] placing card 62 in slot 4
[16:02:59.086] [SEVERE ] placing card 29 in slot 5
[16:02:59.198] [SEVERE ] placing card 56 in slot 6
[16:02:59.308] [SEVERE ] placing card 13 in slot 7
[16:02:59.419] [SEVERE ] placing card 6 in slot 8
[16:02:59.534] [SEVERE ] placing card 74 in slot 9
[16:02:59.644] [SEVERE ] placing card 15 in slot 10
[16:02:59.754] [SEVERE ] placing card 54 in slot 11
[16:02:59.754] [SEVERE ] updating countdown to 58152
[16:03:00.762] [SEVERE ] updating countdown to 57144
[16:03:00.762] [SEVERE ] setting player 2 freeze to 3000
[16:03:00.762] [SEVERE ] setting player 2 freeze to 3000
[16:03:00.762] [SEVERE ] updating countdown to 57144
[16:03:00.762] [SEVERE ] setting player 2 freeze to 3000
[16:03:00.762] [SEVERE ] updating countdown to 57144
[16:03:00.762] [SEVERE ] setting player 2 freeze to 3000
[16:03:01.768] [SEVERE ] updating countdown to 56138
[16:03:01.768] [SEVERE ] setting player 2 freeze to 1994
[16:03:01.768] [SEVERE ] updating countdown to 56138
[16:03:01.768] [SEVERE ] setting player 2 freeze to 1994
[16:03:01.768] [SEVERE ] updating countdown to 56138
[16:03:01.768] [SEVERE ] setting player 2 freeze to 1994
[16:03:02.776] [SEVERE ] updating countdown to 55130
[16:03:02.776] [SEVERE ] setting player 2 freeze to 986
[16:03:02.776] [SEVERE ] updating countdown to 55130
[16:03:02.776] [SEVERE ] setting player 2 freeze to 986
[16:03:02.776] [SEVERE ] updating countdown to 55130
[16:03:02.776] [SEVERE ] setting player 2 freeze to 986
[16:03:03.765] [SEVERE ] removing player 2 token from slot 4
[16:03:03.765] [SEVERE ] player 2 placing token on slot 11
[16:03:03.780] [SEVERE ] updating countdown to 54126
[16:03:03.780] [SEVERE ] setting player 2 freeze to 0
[16:03:03.780] [SEVERE ] setting player 2 freeze to 3000
[16:03:03.780] [SEVERE ] setting player 2 freeze to 3000
[16:03:03.780] [SEVERE ] updating countdown to 54126
[16:03:03.780] [SEVERE ] setting player 2 freeze to 3000
[16:03:03.780] [SEVERE ] updating countdown to 54126
[16:03:03.780] [SEVERE ] setting player 2 freeze to 3000
[16:03:04.787] [SEVERE ] updating countdown to 53119
[16:03:04.787] [SEVERE ] setting player 2 freeze to 1993
[16:03:04.787] [SEVERE ] updating countdown to 53119
[16:03:04.787] [SEVERE ] setting player 2 freeze to 1993
[16:03:04.787] [SEVERE ] updating countdown to 53119
[16:03:04.787] [SEVERE ] setting player 2 freeze to 1993
[16:03:05.795] [SEVERE ] updating countdown to 52111
[16:03:05.795] [SEVERE ] setting player 2 freeze to 985
[16:03:05.795] [SEVERE ] updating countdown to 52111
[16:03:05.795] [SEVERE ] setting player 2 freeze to 985
[16:03:05.795] [SEVERE ] updating countdown to 52111
[16:03:05.795] [SEVERE ] setting player 2 freeze to 985
[16:03:06.721] [SEVERE ] exit button pressed
[16:03:06.727] [SEVERE ] disposing of user interface elements
[16:03:06.727] [INFO   ] thread computer-1 terminated.
[16:03:06.727] [INFO   ] thread Thread-0 terminated.
[16:03:06.727] [INFO   ] thread Thread-1 terminated.
