[17:41:11.011] [INFO   ] thread main starting.
[17:41:11.017] [SEVERE ] cannot read configuration file config.properties trying from resources.
[17:41:11.018] [SEVERE ] configuration file was loaded from resources directory.
[17:41:11.441] [INFO   ] thread dealer starting.
[17:41:11.441] [INFO   ] thread dealer starting.
[17:41:11.441] [INFO   ] thread Thread-0 starting.
[17:41:11.441] [INFO   ] thread Thread-3 starting.
[17:41:11.441] [INFO   ] thread Thread-1 starting.
[17:41:11.441] [SEVERE ] updating countdown to 20000
[17:41:11.441] [INFO   ] thread Thread-2 starting.
[17:41:11.441] [INFO   ] thread computer-3 starting.
[17:41:11.441] [INFO   ] thread computer-0 starting.
[17:41:11.441] [INFO   ] thread computer-1 starting.
[17:41:11.441] [INFO   ] thread computer-2 starting.
[17:41:11.955] [SEVERE ] updating countdown to 19486
[17:41:12.079] [SEVERE ] placing card 26 in slot 0
[17:41:12.195] [SEVERE ] placing card 62 in slot 1
[17:41:12.303] [SEVERE ] placing card 19 in slot 2
[17:41:12.405] [SEVERE ] placing card 51 in slot 3
[17:41:12.518] [SEVERE ] placing card 3 in slot 4
[17:41:12.623] [SEVERE ] placing card 58 in slot 5
[17:41:12.656] [SEVERE ] player 2 placing token on slot 11
[17:41:12.657] [SEVERE ] player 2 placing token on slot 5
[17:41:12.657] [SEVERE ] player 2 placing token on slot 3
[17:41:12.656] [SEVERE ] player 3 placing token on slot 0
[17:41:12.657] [SEVERE ] player 3 placing token on slot 2
[17:41:12.656] [SEVERE ] player 4 placing token on slot 0
[17:41:12.656] [SEVERE ] player 1 placing token on slot 5
[17:41:12.659] [SEVERE ] player 4 placing token on slot 6
[17:41:12.659] [SEVERE ] player 4 placing token on slot 2
[17:41:12.659] [SEVERE ] removing player 3 token from slot 2
[17:41:12.659] [SEVERE ] player 1 placing token on slot 11
[17:41:12.661] [SEVERE ] player 1 placing token on slot 6
[17:41:12.661] [SEVERE ] player 3 placing token on slot 4
[17:41:12.661] [SEVERE ] player 3 placing token on slot 9
[17:41:12.732] [SEVERE ] placing card 4 in slot 6
[17:41:12.838] [SEVERE ] placing card 29 in slot 7
[17:41:12.940] [SEVERE ] placing card 8 in slot 8
[17:41:13.050] [SEVERE ] placing card 74 in slot 9
[17:41:13.160] [SEVERE ] placing card 55 in slot 10
[17:41:13.271] [SEVERE ] placing card 78 in slot 11
[17:41:21.333] [SEVERE ] exit button pressed
[17:41:21.333] [SEVERE ] disposing of user interface elements
[17:41:21.333] [INFO   ] thread computer-0 terminated.
[17:41:21.333] [INFO   ] thread Thread-0 terminated.
[17:41:21.333] [INFO   ] thread computer-1 terminated.
[17:41:21.333] [INFO   ] thread computer-2 terminated.
[17:41:21.333] [INFO   ] thread computer-3 terminated.
[17:41:21.334] [INFO   ] thread Thread-1 terminated.
[17:41:21.334] [INFO   ] thread Thread-2 terminated.
[17:41:21.334] [INFO   ] thread Thread-3 terminated.
