[16:02:44.014] [INFO   ] thread main starting.
[16:02:44.020] [SEVERE ] cannot read configuration file config.properties trying from resources.
[16:02:44.020] [SEVERE ] configuration file was loaded from resources directory.
[16:02:44.417] [INFO   ] thread dealer starting.
[16:02:44.417] [INFO   ] thread dealer starting.
[16:02:44.418] [SEVERE ] updating countdown to 60000
[16:02:44.930] [SEVERE ] updating countdown to 59488
[16:02:44.930] [SEVERE ] updating countdown to 59488
[16:02:44.930] [INFO   ] thread Thread-0 starting.
[16:02:44.930] [INFO   ] thread Thread-1 starting.
[16:02:44.930] [INFO   ] thread computer-1 starting.
[16:02:44.930] [SEVERE ] updating countdown to 59488
[16:02:44.930] [SEVERE ] updating countdown to 59488
[16:02:44.930] [SEVERE ] player 2 placing token on slot 11
[16:02:44.946] [SEVERE ] player 2 placing token on slot 0
[16:02:44.946] [SEVERE ] player 2 placing token on slot 4
[16:02:45.046] [SEVERE ] placing card 33 in slot 0
[16:02:45.155] [SEVERE ] placing card 70 in slot 1
[16:02:45.258] [SEVERE ] placing card 39 in slot 2
[16:02:45.368] [SEVERE ] placing card 19 in slot 3
[16:02:45.478] [SEVERE ] placing card 37 in slot 4
[16:02:45.589] [SEVERE ] placing card 27 in slot 5
[16:02:45.699] [SEVERE ] placing card 6 in slot 6
[16:02:45.809] [SEVERE ] placing card 10 in slot 7
[16:02:45.920] [SEVERE ] placing card 31 in slot 8
[16:02:46.030] [SEVERE ] placing card 26 in slot 9
[16:02:46.140] [SEVERE ] placing card 67 in slot 10
[16:02:46.251] [SEVERE ] placing card 64 in slot 11
[16:02:46.251] [SEVERE ] updating countdown to 58167
[16:02:47.262] [SEVERE ] updating countdown to 57156
[16:02:47.263] [SEVERE ] setting player 2 freeze to 3000
[16:02:47.263] [SEVERE ] setting player 2 freeze to 2999
[16:02:47.263] [SEVERE ] updating countdown to 57155
[16:02:47.264] [SEVERE ] setting player 2 freeze to 2998
[16:02:47.265] [SEVERE ] updating countdown to 57153
[16:02:47.266] [SEVERE ] setting player 2 freeze to 2996
[16:02:48.276] [SEVERE ] updating countdown to 56142
[16:02:48.276] [SEVERE ] setting player 2 freeze to 1986
[16:02:48.276] [SEVERE ] updating countdown to 56142
[16:02:48.276] [SEVERE ] setting player 2 freeze to 1986
[16:02:48.278] [SEVERE ] updating countdown to 56140
[16:02:48.278] [SEVERE ] setting player 2 freeze to 1984
[16:02:49.284] [SEVERE ] updating countdown to 55134
[16:02:49.285] [SEVERE ] setting player 2 freeze to 977
[16:02:49.285] [SEVERE ] updating countdown to 55133
[16:02:49.285] [SEVERE ] setting player 2 freeze to 977
[16:02:49.285] [SEVERE ] updating countdown to 55133
[16:02:49.285] [SEVERE ] setting player 2 freeze to 977
[16:02:50.268] [SEVERE ] removing player 2 token from slot 0
[16:02:50.268] [SEVERE ] removing player 2 token from slot 11
[16:02:50.269] [SEVERE ] player 2 placing token on slot 9
[16:02:50.269] [SEVERE ] removing player 2 token from slot 9
[16:02:50.269] [SEVERE ] player 2 placing token on slot 3
[16:02:50.269] [SEVERE ] player 2 placing token on slot 8
[16:02:50.300] [SEVERE ] updating countdown to 54118
[16:02:50.300] [SEVERE ] setting player 2 freeze to 0
[16:02:50.300] [SEVERE ] setting player 2 freeze to 3000
[16:02:50.300] [SEVERE ] setting player 2 freeze to 3000
[16:02:50.300] [SEVERE ] updating countdown to 54118
[16:02:50.300] [SEVERE ] setting player 2 freeze to 3000
[16:02:50.300] [SEVERE ] updating countdown to 54118
[16:02:50.300] [SEVERE ] setting player 2 freeze to 3000
[16:02:51.307] [SEVERE ] updating countdown to 53111
[16:02:51.307] [SEVERE ] setting player 2 freeze to 1993
[16:02:51.307] [SEVERE ] updating countdown to 53111
[16:02:51.307] [SEVERE ] setting player 2 freeze to 1993
[16:02:51.307] [SEVERE ] updating countdown to 53111
[16:02:51.307] [SEVERE ] setting player 2 freeze to 1993
[16:02:52.002] [SEVERE ] exit button pressed
[16:02:52.002] [SEVERE ] disposing of user interface elements
[16:02:52.002] [INFO   ] thread Thread-0 terminated.
[16:02:52.002] [INFO   ] thread computer-1 terminated.
[16:02:52.002] [INFO   ] thread Thread-1 terminated.
