[17:58:58.117] [INFO   ] thread main starting.
[17:58:58.123] [SEVERE ] cannot read configuration file config.properties trying from resources.
[17:58:58.124] [SEVERE ] configuration file was loaded from resources directory.
[17:58:58.497] [INFO   ] thread dealer starting.
[17:58:58.502] [INFO   ] thread dealer starting.
[17:58:58.502] [SEVERE ] updating countdown to 20000
[17:58:58.502] [INFO   ] thread Thread-0 starting.
[17:58:58.502] [INFO   ] thread Thread-1 starting.
[17:58:58.503] [INFO   ] thread Thread-2 starting.
[17:58:58.503] [INFO   ] thread Thread-3 starting.
[17:58:58.504] [INFO   ] thread computer-0 starting.
[17:58:58.504] [INFO   ] thread computer-1 starting.
[17:58:58.504] [INFO   ] thread computer-2 starting.
[17:58:58.504] [INFO   ] thread computer-3 starting.
[17:58:59.008] [SEVERE ] updating countdown to 19494
[17:58:59.119] [SEVERE ] placing card 20 in slot 0
[17:58:59.228] [SEVERE ] placing card 76 in slot 1
[17:58:59.335] [SEVERE ] placing card 70 in slot 2
[17:58:59.452] [SEVERE ] placing card 2 in slot 3
[17:58:59.559] [SEVERE ] placing card 1 in slot 4
[17:58:59.669] [SEVERE ] placing card 19 in slot 5
[17:58:59.782] [SEVERE ] placing card 16 in slot 6
[17:58:59.885] [SEVERE ] placing card 62 in slot 7
[17:58:59.993] [SEVERE ] placing card 51 in slot 8
[17:59:00.097] [SEVERE ] placing card 52 in slot 9
[17:59:00.208] [SEVERE ] placing card 27 in slot 10
[17:59:00.320] [SEVERE ] placing card 3 in slot 11
[17:59:00.320] [SEVERE ] player 4 placing token on slot 2
[17:59:00.320] [SEVERE ] player 1 placing token on slot 6
[17:59:00.320] [SEVERE ] player 2 placing token on slot 11
[17:59:00.320] [SEVERE ] player 3 placing token on slot 9
[17:59:00.320] [SEVERE ] player 4 placing token on slot 8
[17:59:00.320] [SEVERE ] player 4 placing token on slot 7
[17:59:00.320] [SEVERE ] player 1 placing token on slot 3
[17:59:00.320] [SEVERE ] player 2 placing token on slot 5
[17:59:00.320] [SEVERE ] player 3 placing token on slot 11
[17:59:00.320] [SEVERE ] removing player 1 token from slot 3
[17:59:00.320] [SEVERE ] player 2 placing token on slot 6
[17:59:00.320] [SEVERE ] player 3 placing token on slot 6
[17:59:00.320] [SEVERE ] player 1 placing token on slot 2
[17:59:00.320] [SEVERE ] player 1 placing token on slot 5
[17:59:00.327] [SEVERE ] updating countdown to 18175
[17:59:01.339] [SEVERE ] updating countdown to 17163
[17:59:01.339] [SEVERE ] setting player 1 freeze to 1
[17:59:01.339] [SEVERE ] setting player 1 freeze to 0
[17:59:01.339] [SEVERE ] removing player 1 token from slot 6
[17:59:01.339] [SEVERE ] player 1 placing token on slot 7
[17:59:01.339] [SEVERE ] updating countdown to 17163
[17:59:02.351] [SEVERE ] updating countdown to 16151
[17:59:02.351] [SEVERE ] setting player 2 freeze to 1
[17:59:02.351] [SEVERE ] setting player 2 freeze to 0
[17:59:02.351] [SEVERE ] removing player 2 token from slot 5
[17:59:02.351] [SEVERE ] removing player 2 token from slot 6
[17:59:02.351] [SEVERE ] player 2 placing token on slot 7
[17:59:02.351] [SEVERE ] player 2 placing token on slot 0
[17:59:02.351] [SEVERE ] updating countdown to 16151
[17:59:03.362] [SEVERE ] updating countdown to 15140
[17:59:03.362] [SEVERE ] setting player 3 freeze to 1
[17:59:03.362] [SEVERE ] setting player 3 freeze to 0
[17:59:03.363] [SEVERE ] removing player 3 token from slot 6
[17:59:03.363] [SEVERE ] updating countdown to 15139
[17:59:03.363] [SEVERE ] player 3 placing token on slot 10
[17:59:04.369] [SEVERE ] updating countdown to 14133
[17:59:04.369] [SEVERE ] setting player 4 freeze to 1
[17:59:04.369] [SEVERE ] setting player 4 freeze to 0
[17:59:04.369] [SEVERE ] removing player 4 token from slot 8
[17:59:04.369] [SEVERE ] player 4 placing token on slot 8
[17:59:04.369] [SEVERE ] updating countdown to 14133
[17:59:05.376] [SEVERE ] updating countdown to 13126
[17:59:05.376] [SEVERE ] setting player 1 freeze to 1
[17:59:05.376] [SEVERE ] setting player 1 freeze to 0
[17:59:05.376] [SEVERE ] removing player 1 token from slot 2
[17:59:05.376] [SEVERE ] updating countdown to 13126
[17:59:05.376] [SEVERE ] player 1 placing token on slot 8
[17:59:06.387] [SEVERE ] updating countdown to 12115
[17:59:06.387] [SEVERE ] setting player 2 freeze to 1
[17:59:06.387] [SEVERE ] setting player 2 freeze to 0
[17:59:06.387] [SEVERE ] removing player 2 token from slot 0
[17:59:06.387] [SEVERE ] player 2 placing token on slot 3
[17:59:06.387] [SEVERE ] updating countdown to 12115
[17:59:07.400] [SEVERE ] updating countdown to 11102
[17:59:07.400] [SEVERE ] setting player 3 freeze to 1
[17:59:07.400] [SEVERE ] setting player 3 freeze to 0
[17:59:07.400] [SEVERE ] removing player 3 token from slot 9
[17:59:07.400] [SEVERE ] player 3 placing token on slot 3
[17:59:07.400] [SEVERE ] updating countdown to 11102
[17:59:08.411] [SEVERE ] updating countdown to 10091
[17:59:08.411] [SEVERE ] setting player 4 freeze to 1
[17:59:08.411] [SEVERE ] setting player 4 freeze to 0
[17:59:08.411] [SEVERE ] removing player 4 token from slot 8
[17:59:08.411] [SEVERE ] player 4 placing token on slot 3
[17:59:08.411] [SEVERE ] updating countdown to 10091
[17:59:09.426] [SEVERE ] updating countdown to 9076
[17:59:09.426] [SEVERE ] setting player 1 freeze to 1
[17:59:09.426] [SEVERE ] setting player 1 freeze to 0
[17:59:09.426] [SEVERE ] removing player 1 token from slot 8
[17:59:09.426] [SEVERE ] player 1 placing token on slot 6
[17:59:09.426] [SEVERE ] updating countdown to 9076
[17:59:10.434] [SEVERE ] updating countdown to 8068
[17:59:10.434] [SEVERE ] setting player 2 freeze to 1
[17:59:10.434] [SEVERE ] setting player 2 freeze to 0
[17:59:10.434] [SEVERE ] updating countdown to 8068
[17:59:10.434] [SEVERE ] removing player 2 token from slot 11
[17:59:10.436] [SEVERE ] player 2 placing token on slot 6
[17:59:11.445] [SEVERE ] updating countdown to 7057
[17:59:11.445] [SEVERE ] setting player 3 freeze to 1
[17:59:11.445] [SEVERE ] setting player 3 freeze to 0
[17:59:11.445] [SEVERE ] removing player 3 token from slot 3
[17:59:11.445] [SEVERE ] removing player 3 token from slot 11
[17:59:11.445] [SEVERE ] player 3 placing token on slot 1
[17:59:11.445] [SEVERE ] player 3 placing token on slot 3
[17:59:11.445] [SEVERE ] updating countdown to 7057
[17:59:12.447] [SEVERE ] updating countdown to 6055
[17:59:12.447] [SEVERE ] setting player 4 freeze to 1
[17:59:12.447] [SEVERE ] setting player 4 freeze to 0
[17:59:12.447] [SEVERE ] removing player 4 token from slot 3
[17:59:12.447] [SEVERE ] player 4 placing token on slot 3
[17:59:12.447] [SEVERE ] updating countdown to 6055
[17:59:13.457] [SEVERE ] updating countdown to 5045
[17:59:13.457] [SEVERE ] setting player 1 freeze to 1
[17:59:13.457] [SEVERE ] setting player 1 freeze to 0
[17:59:13.457] [SEVERE ] removing player 1 token from slot 5
[17:59:13.457] [SEVERE ] player 1 placing token on slot 4
[17:59:13.457] [SEVERE ] updating countdown to 5045
[17:59:14.471] [SEVERE ] setting player 2 freeze to 1
[17:59:14.471] [SEVERE ] setting player 2 freeze to 0
[17:59:14.471] [SEVERE ] removing player 2 token from slot 6
[17:59:14.471] [SEVERE ] player 2 placing token on slot 2
[17:59:15.482] [SEVERE ] setting player 3 freeze to 1
[17:59:15.482] [SEVERE ] setting player 3 freeze to 0
[17:59:15.482] [SEVERE ] removing player 3 token from slot 10
[17:59:15.482] [SEVERE ] player 3 placing token on slot 0
[17:59:16.489] [SEVERE ] setting player 4 freeze to 1
[17:59:16.489] [SEVERE ] setting player 4 freeze to 0
[17:59:16.489] [SEVERE ] removing player 4 token from slot 7
[17:59:16.489] [SEVERE ] player 4 placing token on slot 1
[17:59:17.499] [SEVERE ] setting player 1 freeze to 1
[17:59:17.499] [SEVERE ] setting player 1 freeze to 0
[17:59:17.499] [SEVERE ] removing player 1 token from slot 4
[17:59:17.499] [SEVERE ] player 1 placing token on slot 10
[17:59:18.506] [SEVERE ] updating countdown to 20000
[17:59:18.506] [SEVERE ] setting player 2 freeze to 1
[17:59:18.506] [SEVERE ] setting player 2 freeze to 0
[17:59:18.506] [SEVERE ] updating countdown to 20000
[17:59:18.616] [SEVERE ] removing player 3 token from slot 0
[17:59:18.616] [SEVERE ] removing card from slot 0
[17:59:18.727] [SEVERE ] removing player 3 token from slot 1
[17:59:18.727] [SEVERE ] removing card from slot 1
[17:59:18.837] [SEVERE ] removing player 4 token from slot 2
[17:59:18.837] [SEVERE ] removing card from slot 2
[17:59:18.949] [SEVERE ] removing player 2 token from slot 3
[17:59:18.949] [SEVERE ] removing player 4 token from slot 3
[17:59:18.949] [SEVERE ] removing card from slot 3
[17:59:19.061] [SEVERE ] removing card from slot 4
[17:59:19.172] [SEVERE ] removing card from slot 5
[17:59:19.282] [SEVERE ] removing player 1 token from slot 6
[17:59:19.282] [SEVERE ] removing card from slot 6
[17:59:19.393] [SEVERE ] removing player 1 token from slot 7
[17:59:19.393] [SEVERE ] removing card from slot 7
[17:59:19.501] [SEVERE ] removing card from slot 8
[17:59:19.612] [SEVERE ] removing card from slot 9
[17:59:19.722] [SEVERE ] removing player 1 token from slot 10
[17:59:19.722] [SEVERE ] removing card from slot 10
[17:59:19.832] [SEVERE ] removing card from slot 11
[17:59:19.943] [SEVERE ] placing card 18 in slot 0
[17:59:20.055] [SEVERE ] placing card 19 in slot 1
[17:59:20.166] [SEVERE ] placing card 52 in slot 2
[17:59:20.276] [SEVERE ] placing card 16 in slot 3
[17:59:20.387] [SEVERE ] placing card 11 in slot 4
[17:59:20.498] [SEVERE ] placing card 3 in slot 5
[17:59:20.609] [SEVERE ] placing card 71 in slot 6
[17:59:20.721] [SEVERE ] placing card 57 in slot 7
[17:59:20.831] [SEVERE ] placing card 75 in slot 8
[17:59:20.935] [SEVERE ] placing card 54 in slot 9
[17:59:21.036] [SEVERE ] placing card 32 in slot 10
[17:59:21.146] [SEVERE ] placing card 74 in slot 11
[17:59:21.146] [SEVERE ] removing player 2 token from slot 2
[17:59:21.146] [SEVERE ] player 2 placing token on slot 6
[17:59:21.146] [SEVERE ] player 2 placing token on slot 0
[17:59:21.146] [SEVERE ] removing player 2 token from slot 0
[17:59:21.146] [SEVERE ] player 2 placing token on slot 4
[17:59:21.151] [INFO   ] thread dealer terminated.
[17:59:26.161] [SEVERE ] thanks for playing... it was fun!
[17:59:26.161] [INFO   ] thread main terminated.
[17:59:26.161] [SEVERE ] disposing of user interface elements
