[18:57:11.884] [INFO   ] thread main starting.
[18:57:11.885] [SEVERE ] cannot read configuration file config.properties trying from resources.
[18:57:11.885] [SEVERE ] configuration file was loaded from resources directory.
[18:57:12.243] [INFO   ] thread dealer starting.
[18:57:12.243] [INFO   ] thread dealer starting.
[18:57:12.243] [SEVERE ] updating countdown to 10000
[18:57:12.243] [INFO   ] thread Thread-2 starting.
[18:57:12.243] [INFO   ] thread Thread-0 starting.
[18:57:12.243] [INFO   ] thread Thread-1 starting.
[18:57:12.243] [INFO   ] thread Thread-3 starting.
[18:57:12.243] [INFO   ] thread computer-2 starting.
[18:57:12.243] [INFO   ] thread computer-0 starting.
[18:57:12.243] [INFO   ] thread computer-3 starting.
[18:57:12.243] [INFO   ] thread computer-1 starting.
[18:57:12.757] [SEVERE ] updating countdown to 9486
[18:57:12.965] [SEVERE ] placing card 6 in slot 0
[18:57:13.168] [SEVERE ] placing card 67 in slot 1
[18:57:13.371] [SEVERE ] placing card 79 in slot 2
[18:57:13.584] [SEVERE ] placing card 59 in slot 3
[18:57:13.798] [SEVERE ] placing card 23 in slot 4
[18:57:14.003] [SEVERE ] placing card 33 in slot 5
[18:57:14.208] [SEVERE ] placing card 53 in slot 6
[18:57:14.413] [SEVERE ] placing card 37 in slot 7
[18:57:14.618] [SEVERE ] placing card 27 in slot 8
[18:57:14.822] [SEVERE ] placing card 69 in slot 9
[18:57:15.026] [SEVERE ] placing card 74 in slot 10
[18:57:15.230] [SEVERE ] placing card 60 in slot 11
[18:57:15.230] [SEVERE ] player 3 placing token on slot 6
[18:57:15.230] [SEVERE ] player 4 placing token on slot 3
[18:57:15.230] [SEVERE ] player 1 placing token on slot 11
[18:57:15.230] [SEVERE ] player 2 placing token on slot 3
[18:57:15.230] [SEVERE ] player 3 placing token on slot 9
[18:57:15.230] [SEVERE ] player 4 placing token on slot 7
[18:57:15.230] [SEVERE ] player 1 placing token on slot 1
[18:57:15.230] [SEVERE ] player 2 placing token on slot 4
[18:57:15.230] [SEVERE ] player 2 placing token on slot 10
[18:57:15.230] [SEVERE ] player 3 placing token on slot 10
[18:57:15.230] [SEVERE ] player 4 placing token on slot 0
[18:57:15.230] [SEVERE ] player 1 placing token on slot 9
[18:57:15.230] [SEVERE ] updating countdown to 7013
[18:57:16.242] [SEVERE ] updating countdown to 6001
[18:57:16.242] [SEVERE ] setting player 1 freeze to 1
[18:57:16.242] [SEVERE ] setting player 1 freeze to 0
[18:57:16.242] [SEVERE ] removing player 1 token from slot 11
[18:57:16.242] [SEVERE ] player 1 placing token on slot 6
[18:57:16.242] [SEVERE ] updating countdown to 6001
[18:57:17.257] [SEVERE ] setting player 2 freeze to 1
[18:57:17.257] [SEVERE ] setting player 2 freeze to 0
[18:57:17.257] [SEVERE ] removing player 2 token from slot 4
[18:57:17.260] [SEVERE ] player 2 placing token on slot 1
[18:57:18.268] [SEVERE ] setting player 3 freeze to 1
[18:57:18.268] [SEVERE ] setting player 3 freeze to 0
[18:57:18.268] [SEVERE ] removing player 3 token from slot 10
[18:57:18.268] [SEVERE ] player 3 placing token on slot 2
[18:57:19.277] [SEVERE ] setting player 4 freeze to 1
[18:57:19.277] [SEVERE ] setting player 4 freeze to 0
[18:57:19.277] [SEVERE ] removing player 4 token from slot 7
[18:57:19.277] [SEVERE ] player 4 placing token on slot 11
[18:57:20.284] [SEVERE ] setting player 1 freeze to 1
[18:57:20.284] [SEVERE ] setting player 1 freeze to 0
[18:57:20.284] [SEVERE ] removing player 1 token from slot 1
[18:57:20.284] [SEVERE ] player 1 placing token on slot 3
[18:57:21.293] [SEVERE ] setting player 2 freeze to 1
[18:57:21.293] [SEVERE ] setting player 2 freeze to 0
[18:57:21.293] [SEVERE ] removing player 2 token from slot 3
[18:57:21.293] [SEVERE ] player 2 placing token on slot 9
[18:57:22.301] [SEVERE ] updating countdown to 10000
[18:57:22.301] [SEVERE ] setting player 3 freeze to 1
[18:57:22.301] [SEVERE ] setting player 3 freeze to 0
[18:57:22.301] [SEVERE ] updating countdown to 10000
[18:57:22.301] [SEVERE ] removing player 3 token from slot 6
[18:57:22.301] [SEVERE ] setting player 4 freeze to 1
[18:57:22.301] [SEVERE ] setting player 4 freeze to 0
[18:57:22.517] [SEVERE ] removing player 4 token from slot 0
[18:57:22.517] [SEVERE ] removing card from slot 0
[18:57:22.720] [SEVERE ] removing player 2 token from slot 1
[18:57:22.720] [SEVERE ] removing card from slot 1
[18:57:22.924] [SEVERE ] removing player 3 token from slot 2
[18:57:22.924] [SEVERE ] removing card from slot 2
[18:57:23.128] [SEVERE ] removing player 4 token from slot 3
[18:57:23.128] [SEVERE ] removing player 1 token from slot 3
[18:57:23.128] [SEVERE ] removing card from slot 3
[18:57:23.332] [SEVERE ] removing card from slot 4
[18:57:23.536] [SEVERE ] removing card from slot 5
[18:57:23.740] [SEVERE ] removing player 1 token from slot 6
[18:57:23.740] [SEVERE ] removing card from slot 6
[18:57:23.943] [SEVERE ] removing card from slot 7
[18:57:24.147] [SEVERE ] removing card from slot 8
[18:57:24.351] [SEVERE ] removing player 3 token from slot 9
[18:57:24.351] [SEVERE ] removing player 1 token from slot 9
[18:57:24.351] [SEVERE ] removing player 2 token from slot 9
[18:57:24.351] [SEVERE ] removing card from slot 9
[18:57:24.557] [SEVERE ] removing player 2 token from slot 10
[18:57:24.557] [SEVERE ] removing card from slot 10
[18:57:24.760] [SEVERE ] removing player 4 token from slot 11
[18:57:24.760] [SEVERE ] removing card from slot 11
[18:57:24.760] [SEVERE ] player 3 placing token on slot 11
[18:57:24.760] [SEVERE ] player 4 placing token on slot 1
[18:57:24.964] [SEVERE ] placing card 32 in slot 0
[18:57:25.170] [SEVERE ] placing card 75 in slot 1
[18:57:25.374] [SEVERE ] placing card 2 in slot 2
[18:57:25.578] [SEVERE ] placing card 54 in slot 3
[18:57:25.782] [SEVERE ] placing card 78 in slot 4
[18:57:25.990] [SEVERE ] placing card 73 in slot 5
[18:57:26.194] [SEVERE ] placing card 34 in slot 6
[18:57:26.397] [SEVERE ] placing card 41 in slot 7
[18:57:26.601] [SEVERE ] placing card 56 in slot 8
[18:57:26.805] [SEVERE ] placing card 31 in slot 9
[18:57:27.009] [SEVERE ] placing card 44 in slot 10
[18:57:27.213] [SEVERE ] placing card 14 in slot 11
[18:57:27.213] [SEVERE ] player 3 placing token on slot 8
[18:57:27.213] [SEVERE ] player 4 placing token on slot 5
[18:57:27.213] [SEVERE ] player 3 placing token on slot 10
[18:57:27.213] [SEVERE ] removing player 4 token from slot 5
[18:57:27.213] [SEVERE ] player 4 placing token on slot 2
[18:57:27.213] [SEVERE ] player 4 placing token on slot 5
[18:57:27.213] [SEVERE ] removing player 4 token from slot 2
[18:57:27.213] [SEVERE ] player 4 placing token on slot 0
[18:57:27.213] [SEVERE ] updating countdown to 5088
[18:57:33.261] [SEVERE ] updating countdown to 10000
[18:57:33.261] [SEVERE ] updating countdown to 10000
[18:57:33.465] [SEVERE ] removing player 4 token from slot 0
[18:57:33.465] [SEVERE ] removing card from slot 0
[18:57:33.669] [SEVERE ] removing player 4 token from slot 1
[18:57:33.669] [SEVERE ] removing card from slot 1
[18:57:33.873] [SEVERE ] removing card from slot 2
[18:57:34.077] [SEVERE ] removing card from slot 3
[18:57:34.281] [SEVERE ] removing card from slot 4
[18:57:34.484] [SEVERE ] removing player 4 token from slot 5
[18:57:34.484] [SEVERE ] removing card from slot 5
[18:57:34.688] [SEVERE ] removing card from slot 6
[18:57:34.892] [SEVERE ] removing card from slot 7
[18:57:35.096] [SEVERE ] removing player 3 token from slot 8
[18:57:35.096] [SEVERE ] removing card from slot 8
[18:57:35.300] [SEVERE ] removing card from slot 9
[18:57:35.504] [SEVERE ] removing player 3 token from slot 10
[18:57:35.504] [SEVERE ] removing card from slot 10
[18:57:35.708] [SEVERE ] removing player 3 token from slot 11
[18:57:35.708] [SEVERE ] removing card from slot 11
[18:57:35.912] [SEVERE ] placing card 40 in slot 0
[18:57:36.115] [SEVERE ] placing card 13 in slot 1
[18:57:36.319] [SEVERE ] placing card 5 in slot 2
[18:57:36.523] [SEVERE ] placing card 15 in slot 3
[18:57:36.727] [SEVERE ] placing card 8 in slot 4
[18:57:36.931] [SEVERE ] placing card 35 in slot 5
[18:57:37.135] [SEVERE ] placing card 27 in slot 6
[18:57:37.339] [SEVERE ] placing card 47 in slot 7
[18:57:37.543] [SEVERE ] placing card 19 in slot 8
[18:57:37.747] [SEVERE ] placing card 36 in slot 9
[18:57:37.951] [SEVERE ] placing card 63 in slot 10
[18:57:38.154] [SEVERE ] placing card 78 in slot 11
[18:57:38.154] [SEVERE ] updating countdown to 5107
[18:57:39.082] [SEVERE ] exit button pressed
[18:57:39.082] [SEVERE ] disposing of user interface elements
[18:57:39.082] [INFO   ] thread computer-1 terminated.
[18:57:39.082] [INFO   ] thread computer-3 terminated.
[18:57:39.082] [INFO   ] thread computer-2 terminated.
[18:57:39.082] [INFO   ] thread computer-0 terminated.
[18:57:39.082] [INFO   ] thread Thread-1 terminated.
[18:57:39.082] [INFO   ] thread Thread-3 terminated.
[18:57:39.082] [INFO   ] thread Thread-2 terminated.
[18:57:39.082] [INFO   ] thread Thread-0 terminated.
