[16:37:20.627] [INFO   ] thread main starting.
[16:37:20.631] [SEVERE ] cannot read configuration file config.properties trying from resources.
[16:37:20.631] [SEVERE ] configuration file was loaded from resources directory.
[16:37:21.015] [INFO   ] thread dealer starting.
[16:37:21.015] [INFO   ] thread dealer starting.
[16:37:21.015] [SEVERE ] updating countdown to 10000
[16:37:21.521] [SEVERE ] updating countdown to 9494
[16:37:21.525] [SEVERE ] updating countdown to 9490
[16:37:21.525] [INFO   ] thread Thread-1 starting.
[16:37:21.525] [INFO   ] thread Thread-0 starting.
[16:37:21.525] [INFO   ] thread Thread-3 starting.
[16:37:21.525] [INFO   ] thread Thread-2 starting.
[16:37:21.525] [INFO   ] thread computer-1 starting.
[16:37:21.525] [INFO   ] thread computer-0 starting.
[16:37:21.525] [SEVERE ] updating countdown to 9490
[16:37:21.525] [INFO   ] thread computer-3 starting.
[16:37:21.525] [INFO   ] thread computer-2 starting.
[16:37:21.525] [SEVERE ] updating countdown to 9490
[16:37:21.638] [SEVERE ] placing card 61 in slot 0
[16:37:21.740] [SEVERE ] placing card 34 in slot 1
[16:37:21.845] [SEVERE ] placing card 79 in slot 2
[16:37:21.961] [SEVERE ] placing card 10 in slot 3
[16:37:22.072] [SEVERE ] placing card 42 in slot 4
[16:37:22.183] [SEVERE ] placing card 23 in slot 5
[16:37:22.291] [SEVERE ] placing card 28 in slot 6
[16:37:22.414] [SEVERE ] placing card 8 in slot 7
[16:37:22.522] [SEVERE ] placing card 80 in slot 8
[16:37:22.624] [SEVERE ] placing card 19 in slot 9
[16:37:22.738] [SEVERE ] player 4 placing token on slot 9
[16:37:22.739] [SEVERE ] player 1 placing token on slot 10
[16:37:22.739] [SEVERE ] player 3 placing token on slot 10
[16:37:22.739] [SEVERE ] player 2 placing token on slot 11
[16:37:22.739] [SEVERE ] placing card 39 in slot 10
[16:37:22.742] [SEVERE ] player 4 placing token on slot 1
[16:37:22.743] [SEVERE ] player 1 placing token on slot 7
[16:37:22.744] [SEVERE ] player 3 placing token on slot 3
[16:37:22.745] [SEVERE ] player 2 placing token on slot 0
[16:37:22.747] [SEVERE ] player 4 placing token on slot 0
[16:37:22.747] [SEVERE ] player 1 placing token on slot 9
[16:37:22.747] [SEVERE ] player 3 placing token on slot 0
[16:37:22.748] [SEVERE ] player 2 placing token on slot 1
[16:37:22.848] [SEVERE ] placing card 32 in slot 11
[16:37:22.848] [SEVERE ] updating countdown to 8167
[16:37:23.856] [SEVERE ] updating countdown to 7159
[16:37:23.856] [SEVERE ] setting player 1 freeze to 3000
[16:37:23.856] [SEVERE ] setting player 1 freeze to 3000
[16:37:23.856] [SEVERE ] updating countdown to 7159
[16:37:23.856] [SEVERE ] setting player 1 freeze to 3000
[16:37:23.856] [SEVERE ] updating countdown to 7159
[16:37:23.856] [SEVERE ] setting player 1 freeze to 3000
[16:37:24.867] [SEVERE ] updating countdown to 6148
[16:37:24.867] [SEVERE ] setting player 1 freeze to 1989
[16:37:24.867] [SEVERE ] setting player 2 freeze to 3000
[16:37:24.867] [SEVERE ] setting player 1 freeze to 1989
[16:37:24.867] [SEVERE ] setting player 2 freeze to 3000
[16:37:24.867] [SEVERE ] updating countdown to 6148
[16:37:24.867] [SEVERE ] setting player 1 freeze to 1989
[16:37:24.867] [SEVERE ] setting player 2 freeze to 3000
[16:37:24.867] [SEVERE ] updating countdown to 6148
[16:37:24.867] [SEVERE ] setting player 1 freeze to 1989
[16:37:24.867] [SEVERE ] setting player 2 freeze to 3000
[16:37:25.873] [SEVERE ] updating countdown to 5142
[16:37:25.873] [SEVERE ] setting player 1 freeze to 983
[16:37:25.873] [SEVERE ] setting player 2 freeze to 1994
[16:37:25.873] [SEVERE ] setting player 3 freeze to 3000
[16:37:25.873] [SEVERE ] setting player 1 freeze to 983
[16:37:25.873] [SEVERE ] setting player 2 freeze to 1994
[16:37:25.873] [SEVERE ] setting player 3 freeze to 3000
[16:37:25.873] [SEVERE ] updating countdown to 5142
[16:37:25.873] [SEVERE ] setting player 1 freeze to 983
[16:37:25.873] [SEVERE ] setting player 2 freeze to 1994
[16:37:25.873] [SEVERE ] setting player 3 freeze to 3000
[16:37:25.873] [SEVERE ] updating countdown to 5142
[16:37:25.873] [SEVERE ] setting player 1 freeze to 983
[16:37:25.873] [SEVERE ] setting player 2 freeze to 1994
[16:37:25.873] [SEVERE ] setting player 3 freeze to 3000
[16:37:26.865] [SEVERE ] removing player 1 token from slot 9
[16:37:26.865] [SEVERE ] player 1 placing token on slot 3
[16:37:26.881] [SEVERE ] setting player 1 freeze to 0
[16:37:26.881] [SEVERE ] setting player 2 freeze to 986
[16:37:26.881] [SEVERE ] setting player 3 freeze to 1992
[16:37:26.881] [SEVERE ] setting player 4 freeze to 3000
[16:37:26.881] [SEVERE ] setting player 2 freeze to 986
[16:37:26.881] [SEVERE ] setting player 3 freeze to 1992
[16:37:26.881] [SEVERE ] setting player 4 freeze to 3000
[16:37:26.881] [SEVERE ] setting player 2 freeze to 986
[16:37:26.881] [SEVERE ] setting player 3 freeze to 1992
[16:37:26.882] [SEVERE ] setting player 4 freeze to 2999
[16:37:26.882] [SEVERE ] setting player 2 freeze to 985
[16:37:26.882] [SEVERE ] setting player 3 freeze to 1991
[16:37:26.882] [SEVERE ] setting player 4 freeze to 2999
[16:37:27.880] [SEVERE ] removing player 2 token from slot 1
[16:37:27.880] [SEVERE ] player 2 placing token on slot 5
[16:37:27.896] [SEVERE ] setting player 2 freeze to 0
[16:37:27.896] [SEVERE ] setting player 3 freeze to 977
[16:37:27.896] [SEVERE ] setting player 4 freeze to 1985
[16:37:27.896] [SEVERE ] setting player 1 freeze to 3000
[16:37:27.896] [SEVERE ] setting player 1 freeze to 3000
[16:37:27.896] [SEVERE ] removing player 1 token from slot 7
[16:37:27.896] [SEVERE ] setting player 3 freeze to 977
[16:37:27.896] [SEVERE ] removing player 1 token from slot 10
[16:37:27.896] [SEVERE ] setting player 4 freeze to 1985
[16:37:27.898] [SEVERE ] setting player 1 freeze to 2998
[16:37:27.898] [SEVERE ] setting player 3 freeze to 975
[16:37:27.898] [SEVERE ] player 1 placing token on slot 1
[16:37:27.898] [SEVERE ] setting player 4 freeze to 1983
[16:37:27.899] [SEVERE ] player 1 placing token on slot 7
[16:37:27.899] [SEVERE ] setting player 1 freeze to 2997
[16:37:27.899] [SEVERE ] setting player 3 freeze to 974
[16:37:27.899] [SEVERE ] setting player 4 freeze to 1982
[16:37:28.885] [SEVERE ] removing player 3 token from slot 10
[16:37:28.885] [SEVERE ] player 3 placing token on slot 10
[16:37:28.901] [SEVERE ] setting player 1 freeze to 1995
[16:37:28.901] [SEVERE ] setting player 3 freeze to 0
[16:37:28.901] [SEVERE ] setting player 4 freeze to 980
[16:37:28.901] [SEVERE ] setting player 2 freeze to 3000
[16:37:28.902] [SEVERE ] setting player 1 freeze to 1994
[16:37:28.902] [SEVERE ] setting player 2 freeze to 2999
[16:37:28.902] [SEVERE ] setting player 4 freeze to 979
[16:37:28.902] [SEVERE ] setting player 1 freeze to 1994
[16:37:28.902] [SEVERE ] setting player 2 freeze to 2999
[16:37:28.902] [SEVERE ] setting player 4 freeze to 979
[16:37:28.904] [SEVERE ] setting player 1 freeze to 1992
[16:37:28.904] [SEVERE ] setting player 2 freeze to 2997
[16:37:28.904] [SEVERE ] setting player 4 freeze to 977
[16:37:29.882] [SEVERE ] removing player 4 token from slot 0
[16:37:29.882] [SEVERE ] removing player 4 token from slot 9
[16:37:29.882] [SEVERE ] player 4 placing token on slot 5
[16:37:29.882] [SEVERE ] player 4 placing token on slot 0
[16:37:29.906] [SEVERE ] setting player 1 freeze to 990
[16:37:29.906] [SEVERE ] setting player 2 freeze to 1995
[16:37:29.906] [SEVERE ] setting player 4 freeze to 0
[16:37:29.906] [SEVERE ] setting player 1 freeze to 3000
[16:37:29.906] [SEVERE ] setting player 1 freeze to 3000
[16:37:29.906] [SEVERE ] setting player 2 freeze to 1995
[16:37:29.906] [SEVERE ] setting player 1 freeze to 3000
[16:37:29.906] [SEVERE ] setting player 2 freeze to 1995
[16:37:29.906] [SEVERE ] setting player 1 freeze to 3000
[16:37:29.906] [SEVERE ] setting player 2 freeze to 1995
[16:37:30.913] [SEVERE ] setting player 1 freeze to 1993
[16:37:30.914] [SEVERE ] setting player 2 freeze to 987
[16:37:30.914] [SEVERE ] setting player 3 freeze to 3000
[16:37:30.914] [SEVERE ] setting player 1 freeze to 1992
[16:37:30.914] [SEVERE ] setting player 2 freeze to 987
[16:37:30.914] [SEVERE ] setting player 3 freeze to 3000
[16:37:30.914] [SEVERE ] setting player 1 freeze to 1992
[16:37:30.914] [SEVERE ] setting player 2 freeze to 987
[16:37:30.914] [SEVERE ] setting player 3 freeze to 3000
[16:37:30.914] [SEVERE ] setting player 1 freeze to 1992
[16:37:30.914] [SEVERE ] setting player 2 freeze to 987
[16:37:30.914] [SEVERE ] setting player 3 freeze to 3000
[16:37:31.918] [SEVERE ] removing player 2 token from slot 11
[16:37:31.918] [SEVERE ] updating countdown to 10000
[16:37:31.918] [SEVERE ] setting player 1 freeze to 988
[16:37:31.918] [SEVERE ] setting player 2 freeze to 0
[16:37:31.918] [SEVERE ] setting player 3 freeze to 1996
[16:37:31.918] [SEVERE ] setting player 4 freeze to 3000
[16:37:31.918] [SEVERE ] player 2 placing token on slot 11
[16:37:31.918] [SEVERE ] setting player 1 freeze to 988
[16:37:31.918] [SEVERE ] setting player 3 freeze to 1996
[16:37:31.918] [SEVERE ] setting player 4 freeze to 3000
[16:37:31.918] [SEVERE ] updating countdown to 10000
[16:37:31.918] [SEVERE ] setting player 1 freeze to 988
[16:37:31.918] [SEVERE ] setting player 3 freeze to 1996
[16:37:31.918] [SEVERE ] setting player 4 freeze to 3000
[16:37:32.029] [SEVERE ] removing player 2 token from slot 0
[16:37:32.029] [SEVERE ] removing player 4 token from slot 0
[16:37:32.029] [SEVERE ] removing card from slot 0
[16:37:32.137] [SEVERE ] removing player 4 token from slot 1
[16:37:32.137] [SEVERE ] removing card from slot 1
[16:37:32.246] [SEVERE ] removing card from slot 2
[16:37:32.356] [SEVERE ] removing player 3 token from slot 3
[16:37:32.356] [SEVERE ] removing card from slot 3
[16:37:32.462] [SEVERE ] removing card from slot 4
[16:37:32.573] [SEVERE ] removing player 2 token from slot 5
[16:37:32.573] [SEVERE ] removing card from slot 5
[16:37:32.680] [SEVERE ] removing card from slot 6
[16:37:32.790] [SEVERE ] removing player 1 token from slot 7
[16:37:32.792] [SEVERE ] removing card from slot 7
[16:37:32.904] [SEVERE ] removing card from slot 8
[16:37:32.920] [SEVERE ] player 1 placing token on slot 9
[16:37:32.920] [SEVERE ] removing player 1 token from slot 9
[16:37:32.920] [SEVERE ] player 1 placing token on slot 2
[16:37:33.006] [SEVERE ] removing card from slot 9
[16:37:33.116] [SEVERE ] removing player 3 token from slot 10
[16:37:33.116] [SEVERE ] removing card from slot 10
[16:37:33.229] [SEVERE ] removing player 2 token from slot 11
[16:37:33.229] [SEVERE ] removing card from slot 11
[16:37:33.230] [SEVERE ] updating countdown to 8688
[16:37:33.230] [SEVERE ] setting player 1 freeze to 0
[16:37:33.230] [SEVERE ] setting player 3 freeze to 684
[16:37:33.230] [SEVERE ] setting player 4 freeze to 1688
[16:37:33.332] [SEVERE ] placing card 13 in slot 0
[16:37:33.442] [SEVERE ] placing card 57 in slot 1
[16:37:33.551] [SEVERE ] placing card 43 in slot 2
[16:37:33.662] [SEVERE ] placing card 10 in slot 3
[16:37:33.772] [SEVERE ] placing card 68 in slot 4
[16:37:33.882] [SEVERE ] placing card 51 in slot 5
[16:37:33.929] [SEVERE ] removing player 3 token from slot 0
[16:37:33.929] [SEVERE ] player 3 placing token on slot 8
[16:37:33.929] [SEVERE ] player 3 placing token on slot 4
[16:37:33.929] [SEVERE ] player 3 placing token on slot 5
[16:37:33.929] [SEVERE ] removing player 3 token from slot 8
[16:37:33.929] [SEVERE ] player 3 placing token on slot 8
[16:37:33.989] [SEVERE ] placing card 41 in slot 6
[16:37:34.101] [SEVERE ] placing card 73 in slot 7
[16:37:34.211] [SEVERE ] placing card 47 in slot 8
[16:37:34.322] [SEVERE ] placing card 78 in slot 9
[16:37:34.432] [SEVERE ] placing card 9 in slot 10
[16:37:34.542] [SEVERE ] placing card 14 in slot 11
[16:37:34.548] [INFO   ] thread dealer terminated.
[16:37:34.930] [SEVERE ] player 4 placing token on slot 11
[16:37:34.930] [SEVERE ] removing player 4 token from slot 5
[16:37:34.930] [SEVERE ] player 4 placing token on slot 3
[16:37:34.930] [SEVERE ] player 4 placing token on slot 2
[16:37:34.930] [SEVERE ] removing player 4 token from slot 11
[16:37:34.930] [SEVERE ] player 4 placing token on slot 7
[16:37:39.557] [SEVERE ] thanks for playing... it was fun!
[16:37:39.557] [INFO   ] thread main terminated.
[16:37:39.557] [SEVERE ] disposing of user interface elements
