[11:12:56.628] [INFO   ] thread main starting.
[11:12:56.633] [SEVERE ] cannot read configuration file config.properties trying from resources.
[11:12:56.635] [SEVERE ] configuration file was loaded from resources directory.
[11:12:56.984] [INFO   ] thread dealer starting.
[11:12:56.985] [INFO   ] thread dealer starting.
[11:12:56.985] [SEVERE ] updating countdown to 60000
[11:12:56.985] [INFO   ] thread Thread-0 starting.
[11:12:56.985] [INFO   ] thread Thread-1 starting.
[11:12:56.985] [INFO   ] thread Thread-2 starting.
[11:12:56.985] [INFO   ] thread Thread-3 starting.
[11:12:56.987] [INFO   ] thread computer-1 starting.
[11:12:56.988] [INFO   ] thread computer-0 starting.
[11:12:56.988] [INFO   ] thread computer-2 starting.
[11:12:56.988] [INFO   ] thread computer-3 starting.
[11:12:56.990] [SEVERE ] player 3 placing token on slot 7
[11:12:56.990] [SEVERE ] player 1 placing token on slot 9
[11:12:56.991] [SEVERE ] player 4 placing token on slot 10
[11:12:56.990] [SEVERE ] player 2 placing token on slot 6
[11:12:56.990] [SEVERE ] player 3 placing token on slot 4
[11:12:56.991] [SEVERE ] player 1 placing token on slot 10
[11:12:56.991] [SEVERE ] player 4 placing token on slot 5
[11:12:56.991] [SEVERE ] player 2 placing token on slot 4
[11:12:56.991] [SEVERE ] player 3 placing token on slot 0
[11:12:56.991] [SEVERE ] player 1 placing token on slot 4
[11:12:56.992] [SEVERE ] player 4 placing token on slot 6
[11:12:56.992] [SEVERE ] player 2 placing token on slot 8
[11:12:56.994] [SEVERE ] updating countdown to 59991
[11:12:57.109] [SEVERE ] placing card 70 in slot 0
[11:12:57.221] [SEVERE ] placing card 17 in slot 1
[11:12:57.332] [SEVERE ] placing card 48 in slot 2
[11:12:57.443] [SEVERE ] placing card 80 in slot 3
[11:12:57.555] [SEVERE ] placing card 16 in slot 4
[11:12:57.666] [SEVERE ] placing card 19 in slot 5
[11:12:57.776] [SEVERE ] placing card 53 in slot 6
[11:12:57.885] [SEVERE ] placing card 34 in slot 7
[11:12:57.996] [SEVERE ] placing card 55 in slot 8
[11:12:58.106] [SEVERE ] placing card 65 in slot 9
[11:12:58.218] [SEVERE ] placing card 22 in slot 10
[11:12:58.328] [SEVERE ] placing card 67 in slot 11
[11:12:58.334] [SEVERE ] updating countdown to 58651
[11:12:58.359] [SEVERE ] updating countdown to 58626
[11:12:58.359] [SEVERE ] setting player 1 freeze to 900
[11:12:58.360] [SEVERE ] setting player 1 freeze to 0
[11:12:58.360] [SEVERE ] removing player 1 token from slot 10
[11:12:58.361] [SEVERE ] player 1 placing token on slot 7
[11:12:58.364] [SEVERE ] updating countdown to 58621
[11:12:58.375] [SEVERE ] updating countdown to 58610
[11:12:58.375] [SEVERE ] setting player 3 freeze to 900
[11:12:58.375] [SEVERE ] setting player 3 freeze to 0
[11:12:58.375] [SEVERE ] removing player 3 token from slot 0
[11:12:58.376] [SEVERE ] player 3 placing token on slot 2
[11:12:58.376] [SEVERE ] updating countdown to 58609
[11:12:58.391] [SEVERE ] updating countdown to 58594
[11:12:58.391] [SEVERE ] setting player 2 freeze to 900
[11:12:58.391] [SEVERE ] setting player 2 freeze to 0
[11:12:58.392] [SEVERE ] removing player 2 token from slot 8
[11:12:58.397] [SEVERE ] removing player 2 token from slot 4
[11:12:58.397] [SEVERE ] player 2 placing token on slot 4
[11:12:58.397] [SEVERE ] updating countdown to 58588
[11:12:58.397] [SEVERE ] player 2 placing token on slot 5
[11:12:58.408] [SEVERE ] updating countdown to 58577
[11:12:58.408] [SEVERE ] setting player 4 freeze to 900
[11:12:58.408] [SEVERE ] setting player 4 freeze to 0
[11:12:58.408] [SEVERE ] removing player 4 token from slot 6
[11:12:58.409] [SEVERE ] player 4 placing token on slot 4
[11:12:58.409] [SEVERE ] updating countdown to 58576
[11:12:58.422] [SEVERE ] updating countdown to 58563
[11:12:58.425] [SEVERE ] setting player 1 freeze to 900
[11:12:58.425] [SEVERE ] setting player 1 freeze to 0
[11:12:58.426] [SEVERE ] removing player 1 token from slot 4
[11:12:58.426] [SEVERE ] updating countdown to 58559
[11:12:58.426] [SEVERE ] player 1 placing token on slot 8
[11:12:58.438] [SEVERE ] updating countdown to 58547
[11:12:58.438] [SEVERE ] setting player 3 freeze to 900
[11:12:58.438] [SEVERE ] setting player 3 freeze to 0
[11:12:58.439] [SEVERE ] removing player 3 token from slot 7
[11:12:58.439] [SEVERE ] player 3 placing token on slot 9
[11:12:58.439] [SEVERE ] updating countdown to 58546
[11:12:58.454] [SEVERE ] updating countdown to 58531
[11:12:58.454] [SEVERE ] setting player 2 freeze to 900
[11:12:58.454] [SEVERE ] removing player 2 token from slot 6
[11:12:58.455] [SEVERE ] setting player 2 freeze to 0
[11:12:58.455] [SEVERE ] player 2 placing token on slot 2
[11:12:58.456] [SEVERE ] updating countdown to 58529
[11:12:58.470] [SEVERE ] updating countdown to 58515
[11:12:58.470] [SEVERE ] setting player 4 freeze to 900
[11:12:58.470] [SEVERE ] setting player 4 freeze to 0
[11:12:58.470] [SEVERE ] removing player 4 token from slot 4
[11:12:58.471] [SEVERE ] updating countdown to 58514
[11:12:58.471] [SEVERE ] player 4 placing token on slot 1
[11:12:58.486] [SEVERE ] updating countdown to 58499
[11:12:58.486] [SEVERE ] setting player 1 freeze to 900
[11:12:58.486] [SEVERE ] setting player 1 freeze to 0
[11:12:58.487] [SEVERE ] updating countdown to 58498
[11:12:58.487] [SEVERE ] removing player 1 token from slot 9
[11:12:58.487] [SEVERE ] player 1 placing token on slot 9
[11:12:58.502] [SEVERE ] updating countdown to 58483
[11:12:58.502] [SEVERE ] setting player 3 freeze to 900
[11:12:58.502] [SEVERE ] setting player 3 freeze to 0
[11:12:58.502] [SEVERE ] removing player 3 token from slot 2
[11:12:58.503] [SEVERE ] player 3 placing token on slot 10
[11:12:58.503] [SEVERE ] updating countdown to 58482
[11:12:58.518] [SEVERE ] updating countdown to 58467
[11:12:58.518] [SEVERE ] setting player 2 freeze to 900
[11:12:58.518] [SEVERE ] setting player 2 freeze to 0
[11:12:58.518] [SEVERE ] updating countdown to 58467
[11:12:58.519] [SEVERE ] removing player 2 token from slot 2
[11:12:58.519] [SEVERE ] player 2 placing token on slot 6
[11:12:58.534] [SEVERE ] updating countdown to 58451
[11:12:58.534] [SEVERE ] setting player 4 freeze to 900
[11:12:58.534] [SEVERE ] setting player 4 freeze to 0
[11:12:58.534] [SEVERE ] removing player 4 token from slot 5
[11:12:58.535] [SEVERE ] updating countdown to 58451
[11:12:58.535] [SEVERE ] player 4 placing token on slot 2
[11:12:58.550] [SEVERE ] updating countdown to 58435
[11:12:58.550] [SEVERE ] setting player 1 freeze to 900
[11:12:58.550] [SEVERE ] removing player 1 token from slot 7
[11:12:58.550] [SEVERE ] setting player 1 freeze to 0
[11:12:58.551] [SEVERE ] player 1 placing token on slot 11
[11:12:58.551] [SEVERE ] updating countdown to 58434
[11:12:58.566] [SEVERE ] updating countdown to 58419
[11:12:58.566] [SEVERE ] setting player 3 freeze to 900
[11:12:58.566] [SEVERE ] setting player 3 freeze to 0
[11:12:58.567] [SEVERE ] removing player 3 token from slot 4
[11:12:58.567] [SEVERE ] updating countdown to 58418
[11:12:58.567] [SEVERE ] player 3 placing token on slot 0
[11:12:58.582] [SEVERE ] updating countdown to 58403
[11:12:58.582] [SEVERE ] setting player 2 freeze to 900
[11:12:58.582] [SEVERE ] removing player 2 token from slot 5
[11:12:58.582] [SEVERE ] player 2 placing token on slot 1
[11:12:58.583] [SEVERE ] setting player 2 freeze to 0
[11:12:58.583] [SEVERE ] updating countdown to 58402
[11:12:58.598] [SEVERE ] updating countdown to 58387
[11:12:58.598] [SEVERE ] setting player 4 freeze to 900
[11:12:58.598] [SEVERE ] setting player 4 freeze to 0
[11:12:58.598] [SEVERE ] removing player 4 token from slot 2
[11:12:58.599] [SEVERE ] player 4 placing token on slot 0
[11:12:58.599] [SEVERE ] updating countdown to 58386
[11:12:58.613] [SEVERE ] updating countdown to 58372
[11:12:58.613] [SEVERE ] setting player 1 freeze to 900
[11:12:58.613] [SEVERE ] setting player 1 freeze to 0
[11:12:58.613] [SEVERE ] removing player 1 token from slot 11
[11:12:58.614] [SEVERE ] player 1 placing token on slot 7
[11:12:58.614] [SEVERE ] updating countdown to 58371
[11:12:58.628] [SEVERE ] updating countdown to 58357
[11:12:58.628] [SEVERE ] setting player 3 freeze to 900
[11:12:58.628] [SEVERE ] setting player 3 freeze to 0
[11:12:58.628] [SEVERE ] removing player 3 token from slot 10
[11:12:58.629] [SEVERE ] player 3 placing token on slot 1
[11:12:58.629] [SEVERE ] updating countdown to 58356
[11:12:58.643] [SEVERE ] updating countdown to 58342
[11:12:58.643] [SEVERE ] setting player 2 freeze to 900
[11:12:58.643] [SEVERE ] removing player 2 token from slot 1
[11:12:58.643] [SEVERE ] setting player 2 freeze to 0
[11:12:58.643] [SEVERE ] player 2 placing token on slot 8
[11:12:58.644] [SEVERE ] updating countdown to 58341
[11:12:58.658] [SEVERE ] updating countdown to 58327
[11:12:58.658] [SEVERE ] setting player 4 freeze to 900
[11:12:58.658] [SEVERE ] setting player 4 freeze to 0
[11:12:58.658] [SEVERE ] removing player 4 token from slot 1
[11:12:58.659] [SEVERE ] removing player 4 token from slot 0
[11:12:58.659] [SEVERE ] player 4 placing token on slot 0
[11:12:58.659] [SEVERE ] player 4 placing token on slot 9
[11:12:58.659] [SEVERE ] updating countdown to 58326
[11:12:58.674] [SEVERE ] updating countdown to 58311
[11:12:58.674] [SEVERE ] setting player 1 freeze to 900
[11:12:58.674] [SEVERE ] setting player 1 freeze to 0
[11:12:58.675] [SEVERE ] removing player 1 token from slot 9
[11:12:58.675] [SEVERE ] player 1 placing token on slot 1
[11:12:58.675] [SEVERE ] updating countdown to 58310
[11:12:58.690] [SEVERE ] updating countdown to 58295
[11:12:58.690] [SEVERE ] setting player 3 freeze to 900
[11:12:58.690] [SEVERE ] setting player 3 freeze to 0
[11:12:58.691] [SEVERE ] removing player 3 token from slot 9
[11:12:58.691] [SEVERE ] player 3 placing token on slot 11
[11:12:58.691] [SEVERE ] updating countdown to 58294
[11:12:58.705] [SEVERE ] updating countdown to 58280
[11:12:58.705] [SEVERE ] setting player 2 freeze to 900
[11:12:58.706] [SEVERE ] setting player 2 freeze to 0
[11:12:58.706] [SEVERE ] removing player 2 token from slot 8
[11:12:58.706] [SEVERE ] player 2 placing token on slot 7
[11:12:58.706] [SEVERE ] updating countdown to 58279
[11:12:58.721] [SEVERE ] updating countdown to 58264
[11:12:58.721] [SEVERE ] setting player 4 freeze to 900
[11:12:58.722] [SEVERE ] removing player 4 token from slot 0
[11:12:58.722] [SEVERE ] setting player 4 freeze to 0
[11:12:58.722] [SEVERE ] player 4 placing token on slot 7
[11:12:58.722] [SEVERE ] updating countdown to 58263
[11:12:58.737] [SEVERE ] updating countdown to 58248
[11:12:58.737] [SEVERE ] setting player 1 freeze to 900
[11:12:58.737] [SEVERE ] setting player 1 freeze to 0
[11:12:58.738] [SEVERE ] removing player 1 token from slot 8
[11:12:58.738] [SEVERE ] player 1 placing token on slot 2
[11:12:58.738] [SEVERE ] updating countdown to 58247
[11:12:58.752] [SEVERE ] updating countdown to 58233
[11:12:58.752] [SEVERE ] setting player 3 freeze to 900
[11:12:58.752] [SEVERE ] setting player 3 freeze to 0
[11:12:58.752] [SEVERE ] updating countdown to 58233
[11:12:58.753] [SEVERE ] removing player 3 token from slot 1
[11:12:58.753] [SEVERE ] player 3 placing token on slot 8
[11:12:58.768] [SEVERE ] updating countdown to 58217
[11:12:58.768] [SEVERE ] setting player 2 freeze to 900
[11:12:58.768] [SEVERE ] setting player 2 freeze to 0
[11:12:58.768] [SEVERE ] updating countdown to 58217
[11:12:58.769] [SEVERE ] removing player 2 token from slot 6
[11:12:58.769] [SEVERE ] player 2 placing token on slot 3
[11:12:58.784] [SEVERE ] updating countdown to 58201
[11:12:58.784] [SEVERE ] setting player 4 freeze to 900
[11:12:58.784] [SEVERE ] setting player 4 freeze to 0
[11:12:58.784] [SEVERE ] removing player 4 token from slot 10
[11:12:58.785] [SEVERE ] removing player 4 token from slot 9
[11:12:58.785] [SEVERE ] updating countdown to 58200
[11:12:58.785] [SEVERE ] player 4 placing token on slot 9
[11:12:58.785] [SEVERE ] player 4 placing token on slot 4
[11:12:58.800] [SEVERE ] updating countdown to 58185
[11:12:58.800] [SEVERE ] setting player 1 freeze to 900
[11:12:58.800] [SEVERE ] setting player 1 freeze to 0
[11:12:58.801] [SEVERE ] removing player 1 token from slot 1
[11:12:58.801] [SEVERE ] player 1 placing token on slot 6
[11:12:58.801] [SEVERE ] updating countdown to 58184
[11:12:58.816] [SEVERE ] updating countdown to 58169
[11:12:58.816] [SEVERE ] setting player 3 freeze to 900
[11:12:58.816] [SEVERE ] setting player 3 freeze to 0
[11:12:58.816] [SEVERE ] removing player 3 token from slot 8
[11:12:58.817] [SEVERE ] player 3 placing token on slot 5
[11:12:58.817] [SEVERE ] updating countdown to 58168
[11:12:58.831] [SEVERE ] updating countdown to 58154
[11:12:58.831] [SEVERE ] setting player 2 freeze to 900
[11:12:58.831] [SEVERE ] removing player 2 token from slot 7
[11:12:58.831] [SEVERE ] setting player 2 freeze to 0
[11:12:58.831] [SEVERE ] player 2 placing token on slot 2
[11:12:58.832] [SEVERE ] updating countdown to 58153
[11:12:58.847] [SEVERE ] updating countdown to 58138
[11:12:58.847] [SEVERE ] setting player 4 freeze to 900
[11:12:58.847] [SEVERE ] setting player 4 freeze to 0
[11:12:58.848] [SEVERE ] removing player 4 token from slot 7
[11:12:58.848] [SEVERE ] player 4 placing token on slot 10
[11:12:58.848] [SEVERE ] updating countdown to 58137
[11:12:58.863] [SEVERE ] updating countdown to 58122
[11:12:58.863] [SEVERE ] setting player 1 freeze to 900
[11:12:58.863] [SEVERE ] setting player 1 freeze to 0
[11:12:58.863] [SEVERE ] removing player 1 token from slot 6
[11:12:58.864] [SEVERE ] updating countdown to 58121
[11:12:58.864] [SEVERE ] player 1 placing token on slot 8
[11:12:58.879] [SEVERE ] updating countdown to 58106
[11:12:58.879] [SEVERE ] setting player 3 freeze to 900
[11:12:58.879] [SEVERE ] removing player 3 token from slot 11
[11:12:58.879] [SEVERE ] setting player 3 freeze to 0
[11:12:58.879] [SEVERE ] player 3 placing token on slot 11
[11:12:58.880] [SEVERE ] updating countdown to 58105
[11:12:58.895] [SEVERE ] updating countdown to 58090
[11:12:58.895] [SEVERE ] setting player 2 freeze to 900
[11:12:58.895] [SEVERE ] removing player 2 token from slot 4
[11:12:58.895] [SEVERE ] setting player 2 freeze to 0
[11:12:58.896] [SEVERE ] removing player 2 token from slot 3
[11:12:58.896] [SEVERE ] player 2 placing token on slot 3
[11:12:58.896] [SEVERE ] removing player 2 token from slot 2
[11:12:58.896] [SEVERE ] updating countdown to 58089
[11:12:58.896] [SEVERE ] player 2 placing token on slot 2
[11:12:58.896] [SEVERE ] player 2 placing token on slot 9
[11:12:58.911] [SEVERE ] updating countdown to 58074
[11:12:58.911] [SEVERE ] setting player 4 freeze to 900
[11:12:58.912] [SEVERE ] setting player 4 freeze to 0
[11:12:58.912] [SEVERE ] removing player 4 token from slot 10
[11:12:58.912] [SEVERE ] player 4 placing token on slot 11
[11:12:58.912] [SEVERE ] updating countdown to 58073
[11:12:58.927] [SEVERE ] updating countdown to 58058
[11:12:58.927] [SEVERE ] setting player 1 freeze to 900
[11:12:58.927] [SEVERE ] setting player 1 freeze to 0
[11:12:58.927] [SEVERE ] removing player 1 token from slot 2
[11:12:58.927] [SEVERE ] player 1 placing token on slot 4
[11:12:58.928] [SEVERE ] updating countdown to 58057
[11:12:58.943] [SEVERE ] updating countdown to 58042
[11:12:58.943] [SEVERE ] setting player 3 freeze to 900
[11:12:58.943] [SEVERE ] removing player 3 token from slot 11
[11:12:58.943] [SEVERE ] setting player 3 freeze to 0
[11:12:58.944] [SEVERE ] player 3 placing token on slot 7
[11:12:58.944] [SEVERE ] updating countdown to 58041
[11:12:58.959] [SEVERE ] updating countdown to 58026
[11:12:58.959] [SEVERE ] setting player 2 freeze to 900
[11:12:58.959] [SEVERE ] removing player 2 token from slot 9
[11:12:58.959] [SEVERE ] setting player 2 freeze to 0
[11:12:58.960] [SEVERE ] player 2 placing token on slot 8
[11:12:58.960] [SEVERE ] updating countdown to 58025
[11:12:58.975] [SEVERE ] updating countdown to 58010
[11:12:58.975] [SEVERE ] setting player 4 freeze to 900
[11:12:58.975] [SEVERE ] removing player 4 token from slot 9
[11:12:58.975] [SEVERE ] setting player 4 freeze to 0
[11:12:58.975] [SEVERE ] player 4 placing token on slot 9
[11:12:58.976] [SEVERE ] updating countdown to 58009
[11:12:58.991] [SEVERE ] updating countdown to 57994
[11:12:58.991] [SEVERE ] setting player 1 freeze to 900
[11:12:58.991] [SEVERE ] setting player 1 freeze to 0
[11:12:58.991] [SEVERE ] removing player 1 token from slot 4
[11:12:58.992] [SEVERE ] removing player 1 token from slot 8
[11:12:58.992] [SEVERE ] updating countdown to 57993
[11:12:58.992] [SEVERE ] player 1 placing token on slot 8
[11:12:58.992] [SEVERE ] player 1 placing token on slot 3
[11:12:59.006] [SEVERE ] updating countdown to 57979
[11:12:59.006] [SEVERE ] setting player 3 freeze to 900
[11:12:59.007] [SEVERE ] removing player 3 token from slot 5
[11:12:59.007] [SEVERE ] setting player 3 freeze to 0
[11:12:59.007] [SEVERE ] player 3 placing token on slot 10
[11:12:59.007] [SEVERE ] updating countdown to 57978
[11:12:59.021] [SEVERE ] updating countdown to 57964
[11:12:59.021] [SEVERE ] setting player 2 freeze to 900
[11:12:59.021] [SEVERE ] setting player 2 freeze to 0
[11:12:59.021] [SEVERE ] removing player 2 token from slot 8
[11:12:59.022] [SEVERE ] player 2 placing token on slot 8
[11:12:59.022] [SEVERE ] updating countdown to 57963
[11:12:59.037] [SEVERE ] updating countdown to 57948
[11:12:59.037] [SEVERE ] setting player 4 freeze to 900
[11:12:59.037] [SEVERE ] setting player 4 freeze to 0
[11:12:59.037] [SEVERE ] removing player 4 token from slot 11
[11:12:59.038] [SEVERE ] player 4 placing token on slot 10
[11:12:59.038] [SEVERE ] updating countdown to 57947
[11:12:59.053] [SEVERE ] updating countdown to 57932
[11:12:59.053] [SEVERE ] setting player 1 freeze to 900
[11:12:59.053] [SEVERE ] setting player 1 freeze to 0
[11:12:59.053] [SEVERE ] removing player 1 token from slot 8
[11:12:59.053] [SEVERE ] removing player 1 token from slot 7
[11:12:59.054] [SEVERE ] updating countdown to 57931
[11:12:59.054] [SEVERE ] player 1 placing token on slot 7
[11:12:59.054] [SEVERE ] player 1 placing token on slot 5
[11:12:59.069] [SEVERE ] updating countdown to 57916
[11:12:59.069] [SEVERE ] setting player 3 freeze to 900
[11:12:59.069] [SEVERE ] setting player 3 freeze to 0
[11:12:59.069] [SEVERE ] removing player 3 token from slot 10
[11:12:59.070] [SEVERE ] player 3 placing token on slot 8
[11:12:59.070] [SEVERE ] updating countdown to 57915
[11:12:59.085] [SEVERE ] updating countdown to 57900
[11:12:59.085] [SEVERE ] setting player 2 freeze to 900
[11:12:59.086] [SEVERE ] setting player 2 freeze to 0
[11:12:59.086] [SEVERE ] removing player 2 token from slot 8
[11:12:59.086] [SEVERE ] player 2 placing token on slot 4
[11:12:59.086] [SEVERE ] updating countdown to 57899
[11:12:59.101] [SEVERE ] updating countdown to 57884
[11:12:59.101] [SEVERE ] setting player 4 freeze to 900
[11:12:59.101] [SEVERE ] setting player 4 freeze to 0
[11:12:59.101] [SEVERE ] removing player 4 token from slot 9
[11:12:59.102] [SEVERE ] updating countdown to 57883
[11:12:59.102] [SEVERE ] player 4 placing token on slot 7
[11:12:59.117] [SEVERE ] updating countdown to 57868
[11:12:59.117] [SEVERE ] setting player 1 freeze to 900
[11:12:59.117] [SEVERE ] removing player 1 token from slot 5
[11:12:59.117] [SEVERE ] setting player 1 freeze to 0
[11:12:59.117] [SEVERE ] removing player 1 token from slot 7
[11:12:59.118] [SEVERE ] player 1 placing token on slot 7
[11:12:59.118] [SEVERE ] player 1 placing token on slot 10
[11:12:59.118] [SEVERE ] updating countdown to 57867
[11:12:59.133] [SEVERE ] updating countdown to 57852
[11:12:59.133] [SEVERE ] setting player 3 freeze to 900
[11:12:59.133] [SEVERE ] removing player 3 token from slot 0
[11:12:59.133] [SEVERE ] setting player 3 freeze to 0
[11:12:59.134] [SEVERE ] player 3 placing token on slot 4
[11:12:59.134] [SEVERE ] updating countdown to 57851
[11:12:59.149] [SEVERE ] updating countdown to 57836
[11:12:59.149] [SEVERE ] setting player 2 freeze to 900
[11:12:59.149] [SEVERE ] setting player 2 freeze to 0
[11:12:59.149] [SEVERE ] removing player 2 token from slot 3
[11:12:59.149] [SEVERE ] updating countdown to 57836
[11:12:59.149] [SEVERE ] player 2 placing token on slot 3
[11:12:59.165] [SEVERE ] updating countdown to 57820
[11:12:59.165] [SEVERE ] setting player 4 freeze to 900
[11:12:59.165] [SEVERE ] setting player 4 freeze to 0
[11:12:59.165] [SEVERE ] removing player 4 token from slot 4
[11:12:59.166] [SEVERE ] removing player 4 token from slot 7
[11:12:59.166] [SEVERE ] updating countdown to 57819
[11:12:59.166] [SEVERE ] player 4 placing token on slot 7
[11:12:59.166] [SEVERE ] player 4 placing token on slot 1
[11:12:59.181] [SEVERE ] updating countdown to 57804
[11:12:59.181] [SEVERE ] setting player 1 freeze to 900
[11:12:59.181] [SEVERE ] removing player 1 token from slot 3
[11:12:59.181] [SEVERE ] setting player 1 freeze to 0
[11:12:59.182] [SEVERE ] removing player 1 token from slot 10
[11:12:59.182] [SEVERE ] player 1 placing token on slot 10
[11:12:59.182] [SEVERE ] updating countdown to 57803
[11:12:59.182] [SEVERE ] player 1 placing token on slot 11
[11:12:59.196] [SEVERE ] updating countdown to 57789
[11:12:59.196] [SEVERE ] setting player 3 freeze to 900
[11:12:59.196] [SEVERE ] removing player 3 token from slot 8
[11:12:59.196] [SEVERE ] setting player 3 freeze to 0
[11:12:59.197] [SEVERE ] player 3 placing token on slot 9
[11:12:59.197] [SEVERE ] updating countdown to 57788
[11:12:59.212] [SEVERE ] updating countdown to 57773
[11:12:59.212] [SEVERE ] setting player 2 freeze to 900
[11:12:59.212] [SEVERE ] setting player 2 freeze to 0
[11:12:59.213] [SEVERE ] removing player 2 token from slot 3
[11:12:59.213] [SEVERE ] player 2 placing token on slot 3
[11:12:59.213] [SEVERE ] updating countdown to 57772
[11:12:59.227] [SEVERE ] updating countdown to 57758
[11:12:59.227] [SEVERE ] setting player 4 freeze to 900
[11:12:59.227] [SEVERE ] setting player 4 freeze to 0
[11:12:59.227] [SEVERE ] removing player 4 token from slot 10
[11:12:59.228] [SEVERE ] player 4 placing token on slot 10
[11:12:59.228] [SEVERE ] updating countdown to 57757
[11:12:59.243] [SEVERE ] updating countdown to 57742
[11:12:59.243] [SEVERE ] setting player 1 freeze to 900
[11:12:59.243] [SEVERE ] setting player 1 freeze to 0
[11:12:59.243] [SEVERE ] removing player 1 token from slot 11
[11:12:59.244] [SEVERE ] player 1 placing token on slot 0
[11:12:59.244] [SEVERE ] updating countdown to 57741
[11:12:59.259] [SEVERE ] updating countdown to 57726
[11:12:59.259] [SEVERE ] setting player 3 freeze to 900
[11:12:59.259] [SEVERE ] setting player 3 freeze to 0
[11:12:59.259] [SEVERE ] removing player 3 token from slot 7
[11:12:59.260] [SEVERE ] player 3 placing token on slot 11
[11:12:59.260] [SEVERE ] updating countdown to 57725
[11:12:59.275] [SEVERE ] updating countdown to 57710
[11:12:59.275] [SEVERE ] setting player 2 freeze to 900
[11:12:59.275] [SEVERE ] setting player 2 freeze to 0
[11:12:59.275] [SEVERE ] removing player 2 token from slot 4
[11:12:59.276] [SEVERE ] player 2 placing token on slot 4
[11:12:59.276] [SEVERE ] updating countdown to 57709
[11:12:59.291] [SEVERE ] updating countdown to 57694
[11:12:59.291] [SEVERE ] setting player 4 freeze to 900
[11:12:59.291] [SEVERE ] setting player 4 freeze to 0
[11:12:59.291] [SEVERE ] removing player 4 token from slot 10
[11:12:59.292] [SEVERE ] player 4 placing token on slot 9
[11:12:59.292] [SEVERE ] updating countdown to 57693
[11:12:59.307] [SEVERE ] updating countdown to 57678
[11:12:59.307] [SEVERE ] setting player 1 freeze to 900
[11:12:59.307] [SEVERE ] setting player 1 freeze to 0
[11:12:59.307] [SEVERE ] removing player 1 token from slot 10
[11:12:59.307] [SEVERE ] removing player 1 token from slot 7
[11:12:59.307] [SEVERE ] player 1 placing token on slot 7
[11:12:59.307] [SEVERE ] player 1 placing token on slot 8
[11:12:59.307] [SEVERE ] updating countdown to 57678
[11:12:59.323] [SEVERE ] updating countdown to 57662
[11:12:59.323] [SEVERE ] setting player 3 freeze to 900
[11:12:59.323] [SEVERE ] setting player 3 freeze to 0
[11:12:59.323] [SEVERE ] removing player 3 token from slot 11
[11:12:59.324] [SEVERE ] updating countdown to 57661
[11:12:59.324] [SEVERE ] player 3 placing token on slot 1
[11:12:59.339] [SEVERE ] updating countdown to 57646
[11:12:59.339] [SEVERE ] setting player 2 freeze to 900
[11:12:59.339] [SEVERE ] removing player 2 token from slot 2
[11:12:59.340] [SEVERE ] setting player 2 freeze to 0
[11:12:59.340] [SEVERE ] player 2 placing token on slot 2
[11:12:59.340] [SEVERE ] updating countdown to 57645
[11:12:59.355] [SEVERE ] updating countdown to 57630
[11:12:59.355] [SEVERE ] setting player 4 freeze to 900
[11:12:59.355] [SEVERE ] setting player 4 freeze to 0
[11:12:59.355] [SEVERE ] removing player 4 token from slot 7
[11:12:59.355] [SEVERE ] updating countdown to 57630
[11:12:59.356] [SEVERE ] player 4 placing token on slot 6
[11:12:59.371] [SEVERE ] updating countdown to 57614
[11:12:59.371] [SEVERE ] setting player 1 freeze to 900
[11:12:59.371] [SEVERE ] removing player 1 token from slot 0
[11:12:59.371] [SEVERE ] setting player 1 freeze to 0
[11:12:59.371] [SEVERE ] player 1 placing token on slot 3
[11:12:59.372] [SEVERE ] updating countdown to 57613
[11:12:59.387] [SEVERE ] updating countdown to 57598
[11:12:59.387] [SEVERE ] setting player 3 freeze to 900
[11:12:59.387] [SEVERE ] removing player 3 token from slot 9
[11:12:59.387] [SEVERE ] setting player 3 freeze to 0
[11:12:59.387] [SEVERE ] player 3 placing token on slot 3
[11:12:59.388] [SEVERE ] updating countdown to 57597
[11:12:59.403] [SEVERE ] updating countdown to 57582
[11:12:59.403] [SEVERE ] setting player 2 freeze to 900
[11:12:59.403] [SEVERE ] setting player 2 freeze to 0
[11:12:59.403] [SEVERE ] removing player 2 token from slot 2
[11:12:59.404] [SEVERE ] player 2 placing token on slot 6
[11:12:59.404] [SEVERE ] updating countdown to 57581
[11:12:59.419] [SEVERE ] updating countdown to 57566
[11:12:59.419] [SEVERE ] setting player 4 freeze to 900
[11:12:59.419] [SEVERE ] setting player 4 freeze to 0
[11:12:59.419] [SEVERE ] removing player 4 token from slot 6
[11:12:59.420] [SEVERE ] player 4 placing token on slot 4
[11:12:59.420] [SEVERE ] updating countdown to 57565
[11:12:59.434] [SEVERE ] updating countdown to 57551
[11:12:59.434] [SEVERE ] setting player 1 freeze to 900
[11:12:59.434] [SEVERE ] setting player 1 freeze to 0
[11:12:59.434] [SEVERE ] removing player 1 token from slot 8
[11:12:59.435] [SEVERE ] player 1 placing token on slot 5
[11:12:59.435] [SEVERE ] updating countdown to 57550
[11:12:59.450] [SEVERE ] updating countdown to 57535
[11:12:59.450] [SEVERE ] setting player 3 freeze to 900
[11:12:59.450] [SEVERE ] setting player 3 freeze to 0
[11:12:59.450] [SEVERE ] removing player 3 token from slot 1
[11:12:59.451] [SEVERE ] player 3 placing token on slot 7
[11:12:59.451] [SEVERE ] updating countdown to 57534
[11:12:59.466] [SEVERE ] updating countdown to 57519
[11:12:59.466] [SEVERE ] setting player 2 freeze to 900
[11:12:59.466] [SEVERE ] setting player 2 freeze to 0
[11:12:59.466] [SEVERE ] removing player 2 token from slot 4
[11:12:59.466] [SEVERE ] updating countdown to 57519
[11:12:59.466] [SEVERE ] player 2 placing token on slot 5
[11:12:59.482] [SEVERE ] updating countdown to 57503
[11:12:59.482] [SEVERE ] setting player 4 freeze to 900
[11:12:59.482] [SEVERE ] setting player 4 freeze to 0
[11:12:59.482] [SEVERE ] removing player 4 token from slot 9
[11:12:59.482] [SEVERE ] player 4 placing token on slot 11
[11:12:59.483] [SEVERE ] updating countdown to 57502
[11:12:59.498] [SEVERE ] updating countdown to 57487
[11:12:59.498] [SEVERE ] setting player 1 freeze to 900
[11:12:59.498] [SEVERE ] setting player 1 freeze to 0
[11:12:59.498] [SEVERE ] removing player 1 token from slot 5
[11:12:59.498] [SEVERE ] player 1 placing token on slot 2
[11:12:59.498] [SEVERE ] updating countdown to 57487
[11:12:59.514] [SEVERE ] updating countdown to 57471
[11:12:59.514] [SEVERE ] setting player 3 freeze to 900
[11:12:59.514] [SEVERE ] setting player 3 freeze to 0
[11:12:59.514] [SEVERE ] removing player 3 token from slot 7
[11:12:59.514] [SEVERE ] player 3 placing token on slot 9
[11:12:59.514] [SEVERE ] updating countdown to 57471
[11:12:59.530] [SEVERE ] updating countdown to 57455
[11:12:59.530] [SEVERE ] setting player 2 freeze to 900
[11:12:59.530] [SEVERE ] setting player 2 freeze to 0
[11:12:59.530] [SEVERE ] removing player 2 token from slot 6
[11:12:59.530] [SEVERE ] player 2 placing token on slot 10
[11:12:59.530] [SEVERE ] updating countdown to 57455
[11:12:59.546] [SEVERE ] updating countdown to 57439
[11:12:59.546] [SEVERE ] setting player 4 freeze to 900
[11:12:59.546] [SEVERE ] setting player 4 freeze to 0
[11:12:59.547] [SEVERE ] updating countdown to 57438
[11:12:59.547] [SEVERE ] removing player 4 token from slot 4
[11:12:59.547] [SEVERE ] player 4 placing token on slot 7
[11:12:59.562] [SEVERE ] updating countdown to 57423
[11:12:59.562] [SEVERE ] setting player 1 freeze to 900
[11:12:59.562] [SEVERE ] setting player 1 freeze to 0
[11:12:59.562] [SEVERE ] removing player 1 token from slot 2
[11:12:59.562] [SEVERE ] player 1 placing token on slot 4
[11:12:59.562] [SEVERE ] updating countdown to 57423
[11:12:59.578] [SEVERE ] updating countdown to 57407
[11:12:59.578] [SEVERE ] setting player 3 freeze to 900
[11:12:59.578] [SEVERE ] setting player 3 freeze to 0
[11:12:59.578] [SEVERE ] removing player 3 token from slot 4
[11:12:59.578] [SEVERE ] player 3 placing token on slot 10
[11:12:59.578] [SEVERE ] updating countdown to 57407
[11:12:59.594] [SEVERE ] updating countdown to 57391
[11:12:59.594] [SEVERE ] setting player 2 freeze to 900
[11:12:59.594] [SEVERE ] setting player 2 freeze to 0
[11:12:59.594] [SEVERE ] removing player 2 token from slot 10
[11:12:59.595] [SEVERE ] player 2 placing token on slot 4
[11:12:59.595] [SEVERE ] updating countdown to 57390
[11:12:59.610] [SEVERE ] updating countdown to 57375
[11:12:59.610] [SEVERE ] setting player 4 freeze to 900
[11:12:59.610] [SEVERE ] setting player 4 freeze to 0
[11:12:59.610] [SEVERE ] removing player 4 token from slot 1
[11:12:59.611] [SEVERE ] updating countdown to 57374
[11:12:59.611] [SEVERE ] player 4 placing token on slot 5
[11:12:59.625] [SEVERE ] updating countdown to 57360
[11:12:59.625] [SEVERE ] setting player 1 freeze to 900
[11:12:59.625] [SEVERE ] setting player 1 freeze to 0
[11:12:59.625] [SEVERE ] removing player 1 token from slot 7
[11:12:59.625] [SEVERE ] player 1 placing token on slot 5
[11:12:59.625] [SEVERE ] updating countdown to 57360
[11:12:59.641] [SEVERE ] updating countdown to 57344
[11:12:59.641] [SEVERE ] setting player 3 freeze to 900
[11:12:59.641] [SEVERE ] setting player 3 freeze to 0
[11:12:59.641] [SEVERE ] updating countdown to 57344
[11:12:59.641] [SEVERE ] removing player 3 token from slot 3
[11:12:59.641] [SEVERE ] player 3 placing token on slot 0
[11:12:59.657] [SEVERE ] updating countdown to 57328
[11:12:59.657] [SEVERE ] setting player 2 freeze to 900
[11:12:59.657] [SEVERE ] setting player 2 freeze to 0
[11:12:59.657] [SEVERE ] removing player 2 token from slot 4
[11:12:59.658] [SEVERE ] player 2 placing token on slot 10
[11:12:59.658] [SEVERE ] updating countdown to 57327
[11:12:59.672] [SEVERE ] updating countdown to 57313
[11:12:59.783] [SEVERE ] removing player 4 token from slot 11
[11:12:59.783] [SEVERE ] removing card from slot 11
[11:12:59.893] [SEVERE ] removing player 4 token from slot 7
[11:12:59.893] [SEVERE ] removing card from slot 7
[11:12:59.895] [INFO   ] thread dealer terminated.
[11:13:04.904] [SEVERE ] thanks for playing... it was fun!
[11:13:04.905] [INFO   ] thread main terminated.
[11:13:04.905] [SEVERE ] disposing of user interface elements
