[10:01:59.703] [INFO   ] thread main starting.
[10:01:59.705] [SEVERE ] cannot read configuration file config.properties trying from resources.
[10:01:59.705] [SEVERE ] configuration file was loaded from resources directory.
[10:02:00.058] [INFO   ] thread dealer starting.
[10:02:00.058] [INFO   ] thread dealer starting.
[10:02:00.059] [INFO   ] thread Thread-0 starting.
[10:02:00.059] [SEVERE ] updating countdown to 10000
[10:02:00.059] [INFO   ] thread Thread-2 starting.
[10:02:00.059] [INFO   ] thread Thread-1 starting.
[10:02:00.059] [INFO   ] thread Thread-3 starting.
[10:02:00.060] [INFO   ] thread computer-0 starting.
[10:02:00.060] [INFO   ] thread computer-2 starting.
[10:02:00.060] [INFO   ] thread computer-1 starting.
[10:02:00.060] [INFO   ] thread computer-3 starting.
[10:02:00.575] [SEVERE ] updating countdown to 9484
[10:02:00.779] [SEVERE ] placing card 14 in slot 0
[10:02:00.980] [SEVERE ] placing card 61 in slot 1
[10:02:01.193] [SEVERE ] placing card 9 in slot 2
[10:02:01.395] [SEVERE ] placing card 73 in slot 3
[10:02:01.609] [SEVERE ] placing card 48 in slot 4
[10:02:01.813] [SEVERE ] placing card 43 in slot 5
[10:02:02.017] [SEVERE ] placing card 35 in slot 6
[10:02:02.221] [SEVERE ] placing card 75 in slot 7
[10:02:02.425] [SEVERE ] placing card 11 in slot 8
[10:02:02.629] [SEVERE ] placing card 5 in slot 9
[10:02:02.833] [SEVERE ] placing card 59 in slot 10
[10:02:03.037] [SEVERE ] placing card 12 in slot 11
[10:02:03.037] [SEVERE ] player 2 placing token on slot 4
[10:02:03.037] [SEVERE ] player 4 placing token on slot 1
[10:02:03.037] [SEVERE ] player 4 placing token on slot 0
[10:02:03.037] [SEVERE ] player 1 placing token on slot 7
[10:02:03.037] [SEVERE ] player 3 placing token on slot 10
[10:02:03.037] [SEVERE ] player 2 placing token on slot 5
[10:02:03.037] [SEVERE ] removing player 2 token from slot 4
[10:02:03.037] [SEVERE ] player 4 placing token on slot 9
[10:02:03.037] [SEVERE ] player 1 placing token on slot 5
[10:02:03.037] [SEVERE ] player 3 placing token on slot 9
[10:02:03.037] [SEVERE ] player 2 placing token on slot 4
[10:02:03.037] [SEVERE ] player 1 placing token on slot 11
[10:02:03.037] [SEVERE ] player 3 placing token on slot 6
[10:02:03.037] [SEVERE ] player 2 placing token on slot 3
[10:02:04.044] [SEVERE ] updating countdown to 6015
[10:02:04.060] [SEVERE ] setting player 1 freeze to 1
[10:02:04.060] [SEVERE ] removing player 1 token from slot 7
[10:02:04.060] [SEVERE ] player 1 placing token on slot 0
[10:02:04.060] [SEVERE ] setting player 1 freeze to 0
[10:02:05.075] [SEVERE ] setting player 2 freeze to 1
[10:02:05.075] [SEVERE ] removing player 2 token from slot 5
[10:02:05.076] [SEVERE ] player 2 placing token on slot 1
[10:02:05.075] [SEVERE ] setting player 2 freeze to 0
[10:02:06.094] [SEVERE ] setting player 3 freeze to 1
[10:02:06.094] [SEVERE ] setting player 3 freeze to 0
[10:02:06.094] [SEVERE ] removing player 3 token from slot 6
[10:02:06.094] [SEVERE ] player 3 placing token on slot 5
[10:02:07.106] [SEVERE ] setting player 4 freeze to 1
[10:02:07.106] [SEVERE ] setting player 4 freeze to 0
[10:02:07.106] [SEVERE ] removing player 4 token from slot 1
[10:02:07.106] [SEVERE ] player 4 placing token on slot 7
[10:02:08.114] [SEVERE ] setting player 1 freeze to 1
[10:02:08.114] [SEVERE ] setting player 1 freeze to 0
[10:02:08.114] [SEVERE ] removing player 1 token from slot 11
[10:02:08.114] [SEVERE ] player 1 placing token on slot 3
[10:02:09.122] [SEVERE ] setting player 2 freeze to 1
[10:02:09.122] [SEVERE ] setting player 2 freeze to 0
[10:02:09.122] [SEVERE ] removing player 2 token from slot 3
[10:02:09.122] [SEVERE ] removing player 2 token from slot 1
[10:02:09.122] [SEVERE ] player 2 placing token on slot 1
[10:02:09.122] [SEVERE ] player 2 placing token on slot 9
[10:02:10.130] [SEVERE ] updating countdown to 10000
[10:02:10.130] [SEVERE ] setting player 3 freeze to 1
[10:02:10.130] [SEVERE ] setting player 3 freeze to 0
[10:02:10.130] [SEVERE ] updating countdown to 10000
[10:02:10.130] [SEVERE ] removing player 3 token from slot 10
[10:02:10.345] [SEVERE ] removing player 4 token from slot 0
[10:02:10.345] [SEVERE ] removing player 1 token from slot 0
[10:02:10.345] [SEVERE ] removing card from slot 0
[10:02:10.550] [SEVERE ] removing player 2 token from slot 1
[10:02:10.550] [SEVERE ] removing card from slot 1
[10:02:10.754] [SEVERE ] removing card from slot 2
[10:02:10.958] [SEVERE ] removing player 1 token from slot 3
[10:02:10.958] [SEVERE ] removing card from slot 3
[10:02:11.163] [SEVERE ] removing player 2 token from slot 4
[10:02:11.163] [SEVERE ] removing card from slot 4
[10:02:11.366] [SEVERE ] removing player 1 token from slot 5
[10:02:11.366] [SEVERE ] removing player 3 token from slot 5
[10:02:11.366] [SEVERE ] removing card from slot 5
[10:02:11.570] [SEVERE ] removing card from slot 6
[10:02:11.775] [SEVERE ] removing player 4 token from slot 7
[10:02:11.775] [SEVERE ] removing card from slot 7
[10:02:11.979] [SEVERE ] removing card from slot 8
[10:02:12.183] [SEVERE ] removing player 4 token from slot 9
[10:02:12.183] [SEVERE ] removing player 3 token from slot 9
[10:02:12.183] [SEVERE ] removing player 2 token from slot 9
[10:02:12.183] [SEVERE ] removing card from slot 9
[10:02:12.388] [SEVERE ] removing card from slot 10
[10:02:12.592] [SEVERE ] removing card from slot 11
[10:02:12.592] [SEVERE ] player 3 placing token on slot 0
[10:02:12.796] [SEVERE ] placing card 40 in slot 0
[10:02:13.001] [SEVERE ] placing card 74 in slot 1
[10:02:13.206] [SEVERE ] placing card 69 in slot 2
[10:02:13.410] [SEVERE ] placing card 53 in slot 3
[10:02:13.614] [SEVERE ] placing card 26 in slot 4
[10:02:13.818] [SEVERE ] placing card 31 in slot 5
[10:02:14.022] [SEVERE ] placing card 36 in slot 6
[10:02:14.225] [SEVERE ] placing card 0 in slot 7
[10:02:14.429] [SEVERE ] placing card 4 in slot 8
[10:02:14.633] [SEVERE ] placing card 68 in slot 9
[10:02:14.838] [SEVERE ] placing card 76 in slot 10
[10:02:15.042] [SEVERE ] placing card 65 in slot 11
[10:02:15.042] [SEVERE ] player 3 placing token on slot 5
[10:02:15.042] [SEVERE ] removing player 3 token from slot 0
[10:02:15.042] [SEVERE ] player 3 placing token on slot 0
[10:02:15.042] [SEVERE ] player 3 placing token on slot 3
[10:02:15.042] [SEVERE ] setting player 3 freeze to 1
[10:02:15.042] [SEVERE ] setting player 3 freeze to 0
[10:02:15.042] [SEVERE ] removing player 3 token from slot 5
[10:02:15.042] [SEVERE ] player 3 placing token on slot 9
[10:02:16.047] [SEVERE ] setting player 3 freeze to 1
[10:02:16.047] [SEVERE ] removing player 3 token from slot 0
[10:02:16.047] [SEVERE ] setting player 3 freeze to 0
[10:02:16.047] [SEVERE ] player 3 placing token on slot 8
[10:02:17.056] [SEVERE ] setting player 3 freeze to 1
[10:02:17.056] [SEVERE ] setting player 3 freeze to 0
[10:02:17.056] [SEVERE ] removing player 3 token from slot 8
[10:02:17.056] [SEVERE ] player 3 placing token on slot 10
[10:02:18.062] [SEVERE ] setting player 3 freeze to 1
[10:02:18.062] [SEVERE ] setting player 3 freeze to 0
[10:02:18.062] [SEVERE ] removing player 3 token from slot 3
[10:02:18.064] [SEVERE ] player 3 placing token on slot 5
[10:02:19.066] [SEVERE ] setting player 3 freeze to 1
[10:02:19.066] [SEVERE ] removing player 3 token from slot 9
[10:02:19.066] [SEVERE ] setting player 3 freeze to 0
[10:02:19.066] [SEVERE ] player 3 placing token on slot 6
[10:02:19.092] [SEVERE ] exit button pressed
[10:02:19.096] [SEVERE ] disposing of user interface elements
[10:02:19.096] [INFO   ] thread computer-0 terminated.
[10:02:19.096] [INFO   ] thread computer-2 terminated.
[10:02:19.096] [INFO   ] thread computer-1 terminated.
[10:02:19.096] [INFO   ] thread Thread-0 terminated.
[10:02:19.096] [INFO   ] thread computer-3 terminated.
[10:02:19.096] [INFO   ] thread Thread-2 terminated.
[10:02:19.096] [INFO   ] thread Thread-1 terminated.
[10:02:19.096] [INFO   ] thread Thread-3 terminated.
