[09:53:48.878] [INFO   ] thread main starting.
[09:53:48.883] [SEVERE ] cannot read configuration file config.properties trying from resources.
[09:53:48.885] [SEVERE ] configuration file was loaded from resources directory.
[09:53:49.232] [INFO   ] thread dealer starting.
[09:53:49.232] [INFO   ] thread dealer starting.
[09:53:49.233] [SEVERE ] updating countdown to 10000
[09:53:49.233] [INFO   ] thread Thread-1 starting.
[09:53:49.233] [INFO   ] thread Thread-0 starting.
[09:53:49.233] [INFO   ] thread Thread-2 starting.
[09:53:49.233] [INFO   ] thread Thread-3 starting.
[09:53:49.234] [INFO   ] thread computer-1 starting.
[09:53:49.234] [INFO   ] thread computer-0 starting.
[09:53:49.234] [INFO   ] thread computer-2 starting.
[09:53:49.234] [INFO   ] thread computer-3 starting.
[09:53:49.748] [SEVERE ] updating countdown to 9485
[09:53:49.953] [SEVERE ] placing card 56 in slot 0
[09:53:50.168] [SEVERE ] placing card 71 in slot 1
[09:53:50.369] [SEVERE ] placing card 76 in slot 2
[09:53:50.580] [SEVERE ] placing card 36 in slot 3
[09:53:50.781] [SEVERE ] placing card 45 in slot 4
[09:53:50.984] [SEVERE ] placing card 43 in slot 5
[09:53:51.192] [SEVERE ] placing card 44 in slot 6
[09:53:51.393] [SEVERE ] placing card 75 in slot 7
[09:53:51.599] [SEVERE ] placing card 68 in slot 8
[09:53:51.802] [SEVERE ] placing card 19 in slot 9
[09:53:52.006] [SEVERE ] placing card 1 in slot 10
[09:53:52.210] [SEVERE ] placing card 25 in slot 11
[09:53:52.210] [SEVERE ] player 1 placing token on slot 0
[09:53:52.210] [SEVERE ] player 4 placing token on slot 9
[09:53:52.210] [SEVERE ] player 2 placing token on slot 7
[09:53:52.210] [SEVERE ] player 3 placing token on slot 9
[09:53:52.210] [SEVERE ] removing player 1 token from slot 0
[09:53:52.210] [SEVERE ] player 4 placing token on slot 8
[09:53:52.210] [SEVERE ] player 2 placing token on slot 6
[09:53:52.210] [SEVERE ] player 4 placing token on slot 6
[09:53:52.210] [SEVERE ] player 3 placing token on slot 10
[09:53:52.210] [SEVERE ] player 1 placing token on slot 0
[09:53:52.210] [SEVERE ] player 1 placing token on slot 2
[09:53:52.210] [SEVERE ] player 2 placing token on slot 2
[09:53:52.210] [SEVERE ] player 3 placing token on slot 8
[09:53:52.210] [SEVERE ] player 1 placing token on slot 1
[09:53:53.214] [SEVERE ] updating countdown to 6019
[09:53:53.230] [SEVERE ] setting player 1 freeze to 1
[09:53:53.230] [SEVERE ] removing player 1 token from slot 2
[09:53:53.230] [SEVERE ] player 1 placing token on slot 7
[09:53:53.230] [SEVERE ] setting player 1 freeze to 0
[09:53:54.237] [SEVERE ] setting player 2 freeze to 1
[09:53:54.237] [SEVERE ] setting player 2 freeze to 0
[09:53:54.237] [SEVERE ] removing player 2 token from slot 2
[09:53:54.237] [SEVERE ] removing player 2 token from slot 7
[09:53:54.237] [SEVERE ] player 2 placing token on slot 7
[09:53:54.237] [SEVERE ] player 2 placing token on slot 5
[09:53:55.244] [SEVERE ] setting player 3 freeze to 1
[09:53:55.244] [SEVERE ] removing player 3 token from slot 9
[09:53:55.244] [SEVERE ] setting player 3 freeze to 0
[09:53:55.244] [SEVERE ] player 3 placing token on slot 3
[09:53:56.254] [SEVERE ] setting player 4 freeze to 1
[09:53:56.254] [SEVERE ] setting player 4 freeze to 0
[09:53:56.254] [SEVERE ] removing player 4 token from slot 6
[09:53:56.254] [SEVERE ] player 4 placing token on slot 5
[09:53:57.260] [SEVERE ] setting player 1 freeze to 1
[09:53:57.260] [SEVERE ] setting player 1 freeze to 0
[09:53:57.260] [SEVERE ] removing player 1 token from slot 0
[09:53:57.260] [SEVERE ] player 1 placing token on slot 3
[09:53:58.275] [SEVERE ] setting player 2 freeze to 1
[09:53:58.275] [SEVERE ] removing player 2 token from slot 7
[09:53:58.275] [SEVERE ] player 2 placing token on slot 8
[09:53:58.275] [SEVERE ] setting player 2 freeze to 0
[09:53:59.284] [SEVERE ] updating countdown to 10000
[09:53:59.284] [SEVERE ] setting player 3 freeze to 1
[09:53:59.284] [SEVERE ] removing player 3 token from slot 8
[09:53:59.284] [SEVERE ] setting player 3 freeze to 0
[09:53:59.284] [SEVERE ] updating countdown to 10000
[09:53:59.284] [SEVERE ] player 3 placing token on slot 6
[09:53:59.487] [SEVERE ] removing card from slot 0
[09:53:59.691] [SEVERE ] removing player 1 token from slot 1
[09:53:59.691] [SEVERE ] removing card from slot 1
[09:53:59.895] [SEVERE ] removing card from slot 2
[09:54:00.098] [SEVERE ] removing player 3 token from slot 3
[09:54:00.098] [SEVERE ] removing player 1 token from slot 3
[09:54:00.098] [SEVERE ] removing card from slot 3
[09:54:00.303] [SEVERE ] removing card from slot 4
[09:54:00.507] [SEVERE ] removing player 2 token from slot 5
[09:54:00.507] [SEVERE ] removing player 4 token from slot 5
[09:54:00.507] [SEVERE ] removing card from slot 5
[09:54:00.713] [SEVERE ] removing player 2 token from slot 6
[09:54:00.713] [SEVERE ] removing player 3 token from slot 6
[09:54:00.713] [SEVERE ] removing card from slot 6
[09:54:00.918] [SEVERE ] removing player 1 token from slot 7
[09:54:00.918] [SEVERE ] removing card from slot 7
[09:54:01.122] [SEVERE ] removing player 4 token from slot 8
[09:54:01.122] [SEVERE ] removing player 2 token from slot 8
[09:54:01.122] [SEVERE ] removing card from slot 8
[09:54:01.326] [SEVERE ] removing player 4 token from slot 9
[09:54:01.326] [SEVERE ] removing card from slot 9
[09:54:01.530] [SEVERE ] removing player 3 token from slot 10
[09:54:01.530] [SEVERE ] removing card from slot 10
[09:54:01.734] [SEVERE ] removing card from slot 11
[09:54:01.935] [SEVERE ] placing card 44 in slot 0
[09:54:02.139] [SEVERE ] placing card 1 in slot 1
[09:54:02.343] [SEVERE ] placing card 15 in slot 2
[09:54:02.547] [SEVERE ] placing card 64 in slot 3
[09:54:02.751] [SEVERE ] placing card 2 in slot 4
[09:54:02.955] [SEVERE ] placing card 68 in slot 5
[09:54:03.158] [SEVERE ] placing card 6 in slot 6
[09:54:03.362] [SEVERE ] placing card 21 in slot 7
[09:54:03.566] [SEVERE ] placing card 29 in slot 8
[09:54:03.770] [SEVERE ] placing card 27 in slot 9
[09:54:03.974] [SEVERE ] placing card 31 in slot 10
[09:54:04.178] [SEVERE ] placing card 40 in slot 11
[09:54:10.220] [SEVERE ] updating countdown to 10000
[09:54:10.220] [SEVERE ] updating countdown to 10000
[09:54:10.424] [SEVERE ] removing card from slot 0
[09:54:10.612] [SEVERE ] exit button pressed
[09:54:10.612] [SEVERE ] disposing of user interface elements
[09:54:10.612] [INFO   ] thread computer-1 terminated.
[09:54:10.612] [INFO   ] thread computer-0 terminated.
[09:54:10.612] [INFO   ] thread Thread-0 terminated.
[09:54:10.612] [INFO   ] thread computer-3 terminated.
[09:54:10.612] [INFO   ] thread computer-2 terminated.
[09:54:10.612] [INFO   ] thread Thread-1 terminated.
[09:54:10.612] [INFO   ] thread Thread-3 terminated.
[09:54:10.612] [INFO   ] thread Thread-2 terminated.
[09:54:10.625] [SEVERE ] removing card from slot 1
