[16:05:47.135] [INFO   ] thread main starting.
[16:05:47.135] [SEVERE ] cannot read configuration file config.properties trying from resources.
[16:05:47.135] [SEVERE ] configuration file was loaded from resources directory.
[16:05:47.500] [INFO   ] thread dealer starting.
[16:05:47.500] [INFO   ] thread dealer starting.
[16:05:47.500] [INFO   ] thread Thread-0 starting.
[16:05:47.500] [INFO   ] thread Thread-1 starting.
[16:05:47.500] [INFO   ] thread Thread-2 starting.
[16:05:47.500] [INFO   ] thread Thread-3 starting.
[16:05:47.500] [INFO   ] thread computer-0 starting.
[16:05:47.500] [INFO   ] thread computer-1 starting.
[16:05:47.500] [INFO   ] thread computer-2 starting.
[16:05:47.500] [INFO   ] thread computer-3 starting.
[16:05:47.611] [SEVERE ] placing card 72 in slot 0
[16:05:47.714] [SEVERE ] placing card 29 in slot 1
[16:05:47.815] [SEVERE ] placing card 30 in slot 2
[16:05:47.921] [SEVERE ] placing card 37 in slot 3
[16:05:48.023] [SEVERE ] placing card 58 in slot 4
[16:05:48.131] [SEVERE ] placing card 44 in slot 5
[16:05:48.242] [SEVERE ] placing card 17 in slot 6
[16:05:48.345] [SEVERE ] placing card 65 in slot 7
[16:05:48.461] [SEVERE ] placing card 63 in slot 8
[16:05:48.562] [SEVERE ] placing card 50 in slot 9
[16:05:48.663] [SEVERE ] placing card 69 in slot 10
[16:05:48.770] [SEVERE ] placing card 5 in slot 11
[16:05:48.770] [SEVERE ] player 3 placing token on slot 6
[16:05:48.771] [SEVERE ] removing player 3 token from slot 6
[16:05:48.771] [SEVERE ] player 3 placing token on slot 3
[16:05:48.771] [SEVERE ] player 3 placing token on slot 4
[16:05:48.772] [SEVERE ] player 3 placing token on slot 10
[16:05:48.772] [SEVERE ] player 1 placing token on slot 2
[16:05:48.773] [SEVERE ] player 1 placing token on slot 4
[16:05:48.773] [SEVERE ] player 1 placing token on slot 5
[16:05:48.773] [SEVERE ] player 4 placing token on slot 2
[16:05:48.774] [SEVERE ] player 4 placing token on slot 9
[16:05:48.774] [SEVERE ] player 4 placing token on slot 10
[16:05:48.775] [SEVERE ] player 2 placing token on slot 3
[16:05:48.775] [SEVERE ] player 2 placing token on slot 7
[16:05:48.775] [SEVERE ] player 2 placing token on slot 0
[16:05:48.775] [SEVERE ] updating countdown to 60000
[16:05:48.775] [SEVERE ] setting player 3 freeze to 3000
[16:05:49.789] [SEVERE ] updating countdown to 59000
[16:05:49.789] [SEVERE ] setting player 3 freeze to 2000
[16:05:49.789] [SEVERE ] setting player 1 freeze to 3000
[16:05:50.805] [SEVERE ] updating countdown to 58000
[16:05:50.805] [SEVERE ] setting player 1 freeze to 2000
[16:05:50.805] [SEVERE ] setting player 3 freeze to 1000
[16:05:50.805] [SEVERE ] setting player 4 freeze to 3000
[16:05:51.787] [SEVERE ] removing player 3 token from slot 4
[16:05:51.787] [SEVERE ] removing player 3 token from slot 3
[16:05:51.787] [SEVERE ] player 3 placing token on slot 5
[16:05:51.787] [SEVERE ] player 3 placing token on slot 2
[16:05:51.787] [SEVERE ] updating countdown to 57000
[16:05:51.787] [SEVERE ] setting player 1 freeze to 2000
[16:05:51.787] [SEVERE ] setting player 3 freeze to 0
[16:05:51.787] [SEVERE ] setting player 4 freeze to 3000
[16:05:51.787] [SEVERE ] setting player 2 freeze to 3000
[16:05:51.808] [SEVERE ] setting player 1 freeze to 1000
[16:05:51.808] [SEVERE ] setting player 2 freeze to 3000
[16:05:51.808] [SEVERE ] setting player 4 freeze to 2000
[16:05:51.808] [SEVERE ] setting player 3 freeze to 3000
[16:05:52.799] [SEVERE ] removing player 1 token from slot 5
[16:05:52.799] [SEVERE ] player 1 placing token on slot 6
[16:05:52.799] [SEVERE ] updating countdown to 56000
[16:05:52.799] [SEVERE ] setting player 1 freeze to 0
[16:05:52.799] [SEVERE ] setting player 2 freeze to 2000
[16:05:52.804] [SEVERE ] setting player 3 freeze to 3000
[16:05:52.804] [SEVERE ] setting player 4 freeze to 2000
[16:05:52.804] [SEVERE ] setting player 1 freeze to 3000
[16:05:52.817] [SEVERE ] setting player 1 freeze to 3000
[16:05:52.817] [SEVERE ] setting player 2 freeze to 2000
[16:05:52.817] [SEVERE ] setting player 3 freeze to 2000
[16:05:52.817] [SEVERE ] setting player 4 freeze to 1000
[16:05:53.809] [SEVERE ] removing player 4 token from slot 10
[16:05:53.809] [SEVERE ] player 4 placing token on slot 3
[16:05:53.809] [SEVERE ] updating countdown to 55000
[16:05:53.810] [SEVERE ] setting player 1 freeze to 2000
[16:05:53.810] [SEVERE ] setting player 2 freeze to 1000
[16:05:53.810] [SEVERE ] setting player 3 freeze to 1000
[16:05:53.810] [SEVERE ] setting player 4 freeze to 0
[16:05:53.810] [SEVERE ] setting player 4 freeze to 3000
[16:05:53.819] [SEVERE ] setting player 1 freeze to 2000
[16:05:53.819] [SEVERE ] setting player 2 freeze to 1000
[16:05:53.819] [SEVERE ] setting player 3 freeze to 1000
[16:05:53.819] [SEVERE ] setting player 4 freeze to 3000
[16:05:54.789] [SEVERE ] removing player 2 token from slot 7
[16:05:54.789] [SEVERE ] player 2 placing token on slot 8
[16:05:54.790] [SEVERE ] updating countdown to 54000
[16:05:54.790] [SEVERE ] setting player 1 freeze to 2000
[16:05:54.790] [SEVERE ] setting player 2 freeze to 0
[16:05:54.790] [SEVERE ] setting player 3 freeze to 1000
[16:05:54.790] [SEVERE ] setting player 4 freeze to 3000
[16:05:54.791] [SEVERE ] setting player 2 freeze to 3000
[16:05:54.811] [SEVERE ] removing player 3 token from slot 10
[16:05:54.811] [SEVERE ] player 3 placing token on slot 6
[16:05:54.811] [SEVERE ] setting player 1 freeze to 1000
[16:05:54.811] [SEVERE ] setting player 2 freeze to 3000
[16:05:54.811] [SEVERE ] setting player 3 freeze to 0
[16:05:54.811] [SEVERE ] setting player 4 freeze to 2000
[16:05:54.811] [SEVERE ] setting player 3 freeze to 3000
[16:05:54.812] [SEVERE ] removing player 3 token from slot 6
[16:05:54.812] [SEVERE ] player 3 placing token on slot 6
[16:05:54.812] [SEVERE ] setting player 1 freeze to 1000
[16:05:54.812] [SEVERE ] setting player 2 freeze to 3000
[16:05:54.812] [SEVERE ] setting player 3 freeze to 3000
[16:05:54.812] [SEVERE ] setting player 4 freeze to 2000
[16:05:54.812] [SEVERE ] setting player 3 freeze to 3000
[16:05:55.807] [SEVERE ] removing player 1 token from slot 4
[16:05:55.807] [SEVERE ] removing player 1 token from slot 6
[16:05:55.807] [SEVERE ] player 1 placing token on slot 1
[16:05:55.807] [SEVERE ] player 1 placing token on slot 9
[16:05:55.807] [SEVERE ] updating countdown to 53000
[16:05:55.807] [SEVERE ] setting player 1 freeze to 0
[16:05:55.807] [SEVERE ] setting player 2 freeze to 2000
[16:05:55.807] [SEVERE ] setting player 3 freeze to 3000
[16:05:55.807] [SEVERE ] setting player 4 freeze to 2000
[16:05:55.807] [SEVERE ] setting player 1 freeze to 3000
[16:05:55.816] [SEVERE ] setting player 1 freeze to 3000
[16:05:55.816] [SEVERE ] setting player 2 freeze to 2000
[16:05:55.816] [SEVERE ] setting player 3 freeze to 2000
[16:05:55.816] [SEVERE ] setting player 4 freeze to 1000
[16:05:56.813] [SEVERE ] removing player 4 token from slot 2
[16:05:56.814] [SEVERE ] player 4 placing token on slot 5
[16:05:56.814] [SEVERE ] updating countdown to 52000
[16:05:56.814] [SEVERE ] setting player 1 freeze to 2000
[16:05:56.814] [SEVERE ] setting player 2 freeze to 1000
[16:05:56.814] [SEVERE ] setting player 3 freeze to 1000
[16:05:56.814] [SEVERE ] setting player 4 freeze to 0
[16:05:56.814] [SEVERE ] setting player 4 freeze to 3000
[16:05:56.820] [SEVERE ] setting player 1 freeze to 2000
[16:05:56.820] [SEVERE ] setting player 2 freeze to 1000
[16:05:56.821] [SEVERE ] setting player 3 freeze to 1000
[16:05:56.821] [SEVERE ] setting player 4 freeze to 3000
[16:05:57.793] [SEVERE ] removing player 2 token from slot 8
[16:05:57.793] [SEVERE ] removing player 2 token from slot 3
[16:05:57.795] [SEVERE ] player 2 placing token on slot 2
[16:05:57.795] [SEVERE ] player 2 placing token on slot 11
[16:05:57.795] [SEVERE ] updating countdown to 51000
[16:05:57.795] [SEVERE ] setting player 1 freeze to 2000
[16:05:57.795] [SEVERE ] setting player 2 freeze to 0
[16:05:57.796] [SEVERE ] setting player 3 freeze to 1000
[16:05:57.796] [SEVERE ] setting player 4 freeze to 3000
[16:05:57.796] [SEVERE ] setting player 2 freeze to 3000
[16:05:57.796] [SEVERE ] removing player 2 token from slot 2
[16:05:57.797] [SEVERE ] player 2 placing token on slot 6
[16:05:57.797] [SEVERE ] setting player 1 freeze to 2000
[16:05:57.798] [SEVERE ] setting player 2 freeze to 3000
[16:05:57.799] [SEVERE ] setting player 3 freeze to 1000
[16:05:57.799] [SEVERE ] setting player 4 freeze to 3000
[16:05:57.799] [SEVERE ] setting player 2 freeze to 3000
[16:05:57.820] [SEVERE ] removing player 3 token from slot 5
[16:05:57.820] [SEVERE ] player 3 placing token on slot 3
[16:05:57.820] [SEVERE ] setting player 1 freeze to 1000
[16:05:57.820] [SEVERE ] setting player 2 freeze to 3000
[16:05:57.820] [SEVERE ] setting player 3 freeze to 0
[16:05:57.820] [SEVERE ] setting player 4 freeze to 2000
[16:05:57.820] [SEVERE ] setting player 3 freeze to 3000
[16:05:57.820] [SEVERE ] removing player 3 token from slot 2
[16:05:57.820] [SEVERE ] player 3 placing token on slot 11
[16:05:57.820] [SEVERE ] setting player 1 freeze to 1000
[16:05:57.820] [SEVERE ] setting player 2 freeze to 3000
[16:05:57.820] [SEVERE ] setting player 3 freeze to 3000
[16:05:57.820] [SEVERE ] setting player 4 freeze to 2000
[16:05:57.820] [SEVERE ] setting player 3 freeze to 3000
[16:05:58.811] [SEVERE ] removing player 1 token from slot 9
[16:05:58.811] [SEVERE ] player 1 placing token on slot 5
[16:05:58.812] [SEVERE ] updating countdown to 50000
[16:05:58.812] [SEVERE ] setting player 1 freeze to 0
[16:05:58.812] [SEVERE ] setting player 2 freeze to 2000
[16:05:58.812] [SEVERE ] setting player 3 freeze to 3000
[16:05:58.812] [SEVERE ] setting player 4 freeze to 2000
[16:05:58.812] [SEVERE ] setting player 1 freeze to 3000
[16:05:58.812] [SEVERE ] removing player 1 token from slot 2
[16:05:58.812] [SEVERE ] player 1 placing token on slot 8
[16:05:58.813] [SEVERE ] setting player 1 freeze to 3000
[16:05:58.813] [SEVERE ] setting player 2 freeze to 2000
[16:05:58.813] [SEVERE ] setting player 3 freeze to 3000
[16:05:58.813] [SEVERE ] setting player 4 freeze to 2000
[16:05:58.813] [SEVERE ] setting player 1 freeze to 3000
[16:05:58.813] [SEVERE ] removing player 1 token from slot 1
[16:05:58.813] [SEVERE ] player 1 placing token on slot 6
[16:05:58.813] [SEVERE ] setting player 1 freeze to 3000
[16:05:58.814] [SEVERE ] setting player 2 freeze to 2000
[16:05:58.814] [SEVERE ] setting player 3 freeze to 3000
[16:05:58.814] [SEVERE ] setting player 4 freeze to 1000
[16:05:58.814] [SEVERE ] setting player 1 freeze to 3000
[16:05:59.816] [SEVERE ] updating countdown to 49000
[16:05:59.816] [SEVERE ] setting player 1 freeze to 2000
[16:05:59.816] [SEVERE ] setting player 2 freeze to 1000
[16:05:59.816] [SEVERE ] setting player 3 freeze to 2000
[16:05:59.816] [SEVERE ] setting player 4 freeze to 0
[16:05:59.817] [SEVERE ] removing player 4 token from slot 5
[16:05:59.817] [SEVERE ] player 4 placing token on slot 5
[16:05:59.817] [SEVERE ] setting player 1 freeze to 2000
[16:05:59.817] [SEVERE ] setting player 2 freeze to 1000
[16:05:59.817] [SEVERE ] setting player 3 freeze to 2000
[16:05:59.817] [SEVERE ] setting player 4 freeze to 3000
[16:06:00.806] [SEVERE ] removing player 2 token from slot 6
[16:06:00.806] [SEVERE ] player 2 placing token on slot 5
[16:06:00.806] [SEVERE ] updating countdown to 48000
[16:06:00.806] [SEVERE ] setting player 1 freeze to 2000
[16:06:00.806] [SEVERE ] setting player 2 freeze to 0
[16:06:00.806] [SEVERE ] setting player 3 freeze to 1000
[16:06:00.806] [SEVERE ] setting player 4 freeze to 3000
[16:06:00.806] [SEVERE ] setting player 2 freeze to 3000
[16:06:00.820] [SEVERE ] setting player 1 freeze to 1000
[16:06:00.820] [SEVERE ] setting player 2 freeze to 3000
[16:06:00.820] [SEVERE ] setting player 3 freeze to 0
[16:06:00.820] [SEVERE ] setting player 4 freeze to 2000
[16:06:00.835] [SEVERE ] removing player 3 token from slot 11
[16:06:00.835] [SEVERE ] player 3 placing token on slot 1
[16:06:00.835] [SEVERE ] setting player 1 freeze to 1000
[16:06:00.835] [SEVERE ] setting player 2 freeze to 3000
[16:06:00.835] [SEVERE ] setting player 4 freeze to 2000
[16:06:00.835] [SEVERE ] setting player 3 freeze to 3000
[16:06:00.835] [SEVERE ] removing player 3 token from slot 1
[16:06:00.835] [SEVERE ] player 3 placing token on slot 0
[16:06:00.835] [SEVERE ] setting player 1 freeze to 1000
[16:06:00.835] [SEVERE ] setting player 2 freeze to 3000
[16:06:00.835] [SEVERE ] setting player 3 freeze to 3000
[16:06:00.835] [SEVERE ] setting player 4 freeze to 2000
[16:06:00.835] [SEVERE ] setting player 3 freeze to 3000
[16:06:00.835] [SEVERE ] removing player 3 token from slot 3
[16:06:00.835] [SEVERE ] player 3 placing token on slot 11
[16:06:00.835] [SEVERE ] setting player 1 freeze to 1000
[16:06:00.835] [SEVERE ] setting player 2 freeze to 3000
[16:06:00.835] [SEVERE ] setting player 3 freeze to 3000
[16:06:00.835] [SEVERE ] setting player 4 freeze to 2000
[16:06:00.835] [SEVERE ] setting player 3 freeze to 3000
[16:06:00.835] [SEVERE ] removing player 3 token from slot 11
[16:06:00.835] [SEVERE ] removing player 3 token from slot 6
[16:06:00.835] [SEVERE ] player 3 placing token on slot 4
[16:06:00.835] [SEVERE ] player 3 placing token on slot 2
[16:06:00.835] [SEVERE ] setting player 1 freeze to 1000
[16:06:00.835] [SEVERE ] setting player 2 freeze to 3000
[16:06:00.835] [SEVERE ] setting player 3 freeze to 3000
[16:06:00.835] [SEVERE ] setting player 4 freeze to 2000
[16:06:00.835] [SEVERE ] setting player 3 freeze to 3000
[16:06:00.835] [SEVERE ] removing player 3 token from slot 0
[16:06:00.835] [SEVERE ] player 3 placing token on slot 0
[16:06:00.835] [SEVERE ] setting player 1 freeze to 1000
[16:06:00.835] [SEVERE ] setting player 2 freeze to 3000
[16:06:00.835] [SEVERE ] setting player 3 freeze to 3000
[16:06:00.835] [SEVERE ] setting player 4 freeze to 2000
[16:06:00.835] [SEVERE ] setting player 3 freeze to 3000
[16:06:00.835] [SEVERE ] removing player 3 token from slot 0
[16:06:00.835] [SEVERE ] player 3 placing token on slot 11
[16:06:00.835] [SEVERE ] setting player 1 freeze to 1000
[16:06:00.835] [SEVERE ] setting player 2 freeze to 3000
[16:06:00.835] [SEVERE ] setting player 3 freeze to 3000
[16:06:00.835] [SEVERE ] setting player 4 freeze to 2000
[16:06:00.945] [SEVERE ] removing player 1 token from slot 4
[16:06:00.945] [SEVERE ] removing player 2 token from slot 4
[16:06:00.945] [SEVERE ] removing player 3 token from slot 4
[16:06:00.945] [SEVERE ] removing player 4 token from slot 4
[16:06:00.945] [SEVERE ] removing card from slot 4
[16:06:01.055] [SEVERE ] removing player 1 token from slot 2
[16:06:01.055] [SEVERE ] removing player 2 token from slot 2
[16:06:01.055] [SEVERE ] removing player 3 token from slot 2
[16:06:01.055] [SEVERE ] removing player 4 token from slot 2
[16:06:01.055] [SEVERE ] removing card from slot 2
[16:06:01.165] [SEVERE ] removing player 1 token from slot 11
[16:06:01.165] [SEVERE ] removing player 2 token from slot 11
[16:06:01.165] [SEVERE ] removing player 3 token from slot 11
[16:06:01.165] [SEVERE ] removing player 4 token from slot 11
[16:06:01.165] [SEVERE ] removing card from slot 11
[16:06:01.275] [SEVERE ] placing card 10 in slot 2
[16:06:01.385] [SEVERE ] placing card 70 in slot 4
[16:06:01.495] [SEVERE ] placing card 19 in slot 11
[16:06:01.495] [SEVERE ] updating countdown to 60000
[16:06:01.495] [SEVERE ] setting player 3 score to 1
[16:06:01.495] [SEVERE ] setting player 3 freeze to 1000
[16:06:01.820] [SEVERE ] removing player 1 token from slot 6
[16:06:01.820] [SEVERE ] player 1 placing token on slot 2
[16:06:01.820] [SEVERE ] updating countdown to 60000
[16:06:01.820] [SEVERE ] setting player 1 freeze to 0
[16:06:01.820] [SEVERE ] setting player 2 freeze to 2000
[16:06:01.820] [SEVERE ] setting player 3 freeze to 1000
[16:06:01.820] [SEVERE ] setting player 4 freeze to 1000
[16:06:01.820] [SEVERE ] setting player 1 freeze to 3000
[16:06:01.820] [SEVERE ] removing player 1 token from slot 2
[16:06:01.821] [SEVERE ] removing player 1 token from slot 5
[16:06:01.821] [SEVERE ] player 1 placing token on slot 3
[16:06:01.821] [SEVERE ] player 1 placing token on slot 4
[16:06:01.822] [SEVERE ] setting player 1 freeze to 3000
[16:06:01.822] [SEVERE ] setting player 2 freeze to 2000
[16:06:01.822] [SEVERE ] setting player 3 freeze to 1000
[16:06:01.822] [SEVERE ] setting player 4 freeze to 1000
[16:06:01.822] [SEVERE ] setting player 1 freeze to 3000
[16:06:01.822] [SEVERE ] removing player 1 token from slot 3
[16:06:01.822] [SEVERE ] removing player 1 token from slot 8
[16:06:01.822] [SEVERE ] player 1 placing token on slot 0
[16:06:01.822] [SEVERE ] player 1 placing token on slot 7
[16:06:01.822] [SEVERE ] setting player 1 freeze to 3000
[16:06:01.822] [SEVERE ] setting player 2 freeze to 2000
[16:06:01.822] [SEVERE ] setting player 3 freeze to 1000
[16:06:01.822] [SEVERE ] setting player 4 freeze to 1000
[16:06:01.822] [SEVERE ] setting player 1 freeze to 3000
[16:06:02.501] [SEVERE ] player 3 placing token on slot 10
[16:06:02.501] [SEVERE ] player 3 placing token on slot 11
[16:06:02.501] [SEVERE ] player 3 placing token on slot 4
[16:06:02.502] [SEVERE ] updating countdown to 59000
[16:06:02.502] [SEVERE ] setting player 1 freeze to 3000
[16:06:02.502] [SEVERE ] setting player 2 freeze to 2000
[16:06:02.502] [SEVERE ] setting player 3 freeze to 0
[16:06:02.502] [SEVERE ] setting player 4 freeze to 1000
[16:06:02.502] [SEVERE ] setting player 3 freeze to 3000
[16:06:02.502] [SEVERE ] removing player 3 token from slot 10
[16:06:02.502] [SEVERE ] player 3 placing token on slot 3
[16:06:02.502] [SEVERE ] setting player 1 freeze to 3000
[16:06:02.503] [SEVERE ] setting player 2 freeze to 2000
[16:06:02.503] [SEVERE ] setting player 3 freeze to 3000
[16:06:02.503] [SEVERE ] setting player 4 freeze to 1000
[16:06:02.503] [SEVERE ] setting player 3 freeze to 3000
[16:06:02.503] [SEVERE ] removing player 3 token from slot 3
[16:06:02.503] [SEVERE ] player 3 placing token on slot 3
[16:06:02.503] [SEVERE ] setting player 1 freeze to 3000
[16:06:02.503] [SEVERE ] setting player 2 freeze to 2000
[16:06:02.503] [SEVERE ] setting player 3 freeze to 3000
[16:06:02.503] [SEVERE ] setting player 4 freeze to 1000
[16:06:02.503] [SEVERE ] setting player 3 freeze to 3000
[16:06:02.503] [SEVERE ] removing player 3 token from slot 11
[16:06:02.503] [SEVERE ] removing player 3 token from slot 3
[16:06:02.503] [SEVERE ] player 3 placing token on slot 7
[16:06:02.503] [SEVERE ] player 3 placing token on slot 9
[16:06:02.504] [SEVERE ] setting player 1 freeze to 3000
[16:06:02.504] [SEVERE ] setting player 2 freeze to 2000
[16:06:02.504] [SEVERE ] setting player 3 freeze to 3000
[16:06:02.504] [SEVERE ] setting player 4 freeze to 1000
[16:06:02.504] [SEVERE ] setting player 3 freeze to 3000
[16:06:02.504] [SEVERE ] removing player 3 token from slot 7
[16:06:02.504] [SEVERE ] player 3 placing token on slot 8
[16:06:02.504] [SEVERE ] setting player 1 freeze to 3000
[16:06:02.504] [SEVERE ] setting player 2 freeze to 2000
[16:06:02.504] [SEVERE ] setting player 3 freeze to 3000
[16:06:02.504] [SEVERE ] setting player 4 freeze to 1000
[16:06:02.504] [SEVERE ] setting player 3 freeze to 3000
[16:06:02.504] [SEVERE ] removing player 3 token from slot 9
[16:06:02.505] [SEVERE ] removing player 3 token from slot 4
[16:06:02.505] [SEVERE ] player 3 placing token on slot 5
[16:06:02.505] [SEVERE ] player 3 placing token on slot 6
[16:06:02.505] [SEVERE ] setting player 1 freeze to 3000
[16:06:02.505] [SEVERE ] setting player 2 freeze to 2000
[16:06:02.505] [SEVERE ] setting player 3 freeze to 3000
[16:06:02.505] [SEVERE ] setting player 4 freeze to 1000
[16:06:02.505] [SEVERE ] setting player 3 freeze to 3000
[16:06:02.505] [SEVERE ] removing player 3 token from slot 5
[16:06:02.505] [SEVERE ] player 3 placing token on slot 2
[16:06:02.505] [SEVERE ] setting player 1 freeze to 3000
[16:06:02.506] [SEVERE ] setting player 2 freeze to 2000
[16:06:02.506] [SEVERE ] setting player 3 freeze to 3000
[16:06:02.506] [SEVERE ] setting player 4 freeze to 1000
[16:06:02.507] [SEVERE ] setting player 3 freeze to 3000
[16:06:02.508] [SEVERE ] removing player 3 token from slot 2
[16:06:02.509] [SEVERE ] player 3 placing token on slot 11
[16:06:02.509] [SEVERE ] setting player 1 freeze to 3000
[16:06:02.509] [SEVERE ] setting player 2 freeze to 2000
[16:06:02.509] [SEVERE ] setting player 3 freeze to 3000
[16:06:02.509] [SEVERE ] setting player 4 freeze to 1000
[16:06:02.509] [SEVERE ] setting player 3 freeze to 3000
[16:06:02.509] [SEVERE ] removing player 3 token from slot 8
[16:06:02.509] [SEVERE ] player 3 placing token on slot 1
[16:06:02.509] [SEVERE ] setting player 1 freeze to 3000
[16:06:02.509] [SEVERE ] setting player 2 freeze to 2000
[16:06:02.510] [SEVERE ] setting player 3 freeze to 3000
[16:06:02.510] [SEVERE ] setting player 4 freeze to 1000
[16:06:02.510] [SEVERE ] setting player 3 freeze to 3000
[16:06:02.510] [SEVERE ] removing player 3 token from slot 1
[16:06:02.510] [SEVERE ] removing player 3 token from slot 6
[16:06:02.510] [SEVERE ] player 3 placing token on slot 5
[16:06:02.510] [SEVERE ] removing player 3 token from slot 5
[16:06:02.510] [SEVERE ] player 3 placing token on slot 10
[16:06:02.510] [SEVERE ] player 3 placing token on slot 9
[16:06:02.511] [SEVERE ] setting player 1 freeze to 3000
[16:06:02.511] [SEVERE ] setting player 2 freeze to 2000
[16:06:02.511] [SEVERE ] setting player 3 freeze to 3000
[16:06:02.511] [SEVERE ] setting player 4 freeze to 1000
[16:06:02.511] [SEVERE ] setting player 3 freeze to 3000
[16:06:02.511] [SEVERE ] removing player 3 token from slot 11
[16:06:02.511] [SEVERE ] player 3 placing token on slot 3
[16:06:02.512] [SEVERE ] setting player 1 freeze to 3000
[16:06:02.512] [SEVERE ] setting player 2 freeze to 2000
[16:06:02.512] [SEVERE ] setting player 3 freeze to 3000
[16:06:02.512] [SEVERE ] setting player 4 freeze to 1000
[16:06:02.512] [SEVERE ] setting player 3 freeze to 3000
[16:06:02.512] [SEVERE ] removing player 3 token from slot 10
[16:06:02.512] [SEVERE ] player 3 placing token on slot 10
[16:06:02.513] [SEVERE ] setting player 1 freeze to 3000
[16:06:02.513] [SEVERE ] setting player 2 freeze to 2000
[16:06:02.513] [SEVERE ] setting player 3 freeze to 3000
[16:06:02.513] [SEVERE ] setting player 4 freeze to 1000
[16:06:02.513] [SEVERE ] setting player 3 freeze to 3000
[16:06:02.513] [SEVERE ] removing player 3 token from slot 3
[16:06:02.513] [SEVERE ] player 3 placing token on slot 6
[16:06:02.513] [SEVERE ] setting player 1 freeze to 3000
[16:06:02.513] [SEVERE ] setting player 2 freeze to 2000
[16:06:02.513] [SEVERE ] setting player 3 freeze to 3000
[16:06:02.513] [SEVERE ] setting player 4 freeze to 1000
[16:06:02.514] [SEVERE ] setting player 3 freeze to 3000
[16:06:02.819] [SEVERE ] removing player 4 token from slot 3
[16:06:02.819] [SEVERE ] removing player 4 token from slot 5
[16:06:02.819] [SEVERE ] player 4 placing token on slot 1
[16:06:02.819] [SEVERE ] player 4 placing token on slot 3
[16:06:02.819] [SEVERE ] setting player 1 freeze to 3000
[16:06:02.819] [SEVERE ] setting player 2 freeze to 1000
[16:06:02.819] [SEVERE ] setting player 3 freeze to 3000
[16:06:02.819] [SEVERE ] setting player 4 freeze to 0
[16:06:02.819] [SEVERE ] setting player 4 freeze to 3000
[16:06:03.516] [SEVERE ] updating countdown to 58000
[16:06:03.516] [SEVERE ] setting player 1 freeze to 2000
[16:06:03.516] [SEVERE ] setting player 2 freeze to 1000
[16:06:03.516] [SEVERE ] setting player 3 freeze to 2000
[16:06:03.516] [SEVERE ] setting player 4 freeze to 3000
[16:06:03.810] [SEVERE ] player 2 placing token on slot 6
[16:06:03.810] [SEVERE ] setting player 1 freeze to 2000
[16:06:03.810] [SEVERE ] setting player 2 freeze to 0
[16:06:03.810] [SEVERE ] setting player 3 freeze to 2000
[16:06:03.810] [SEVERE ] setting player 4 freeze to 3000
[16:06:03.810] [SEVERE ] setting player 2 freeze to 3000
[16:06:03.810] [SEVERE ] removing player 2 token from slot 5
[16:06:03.810] [SEVERE ] player 2 placing token on slot 11
[16:06:03.810] [SEVERE ] setting player 1 freeze to 2000
[16:06:03.810] [SEVERE ] setting player 2 freeze to 3000
[16:06:03.810] [SEVERE ] setting player 3 freeze to 2000
[16:06:03.810] [SEVERE ] setting player 4 freeze to 3000
[16:06:03.810] [SEVERE ] setting player 2 freeze to 3000
[16:06:04.814] [SEVERE ] updating countdown to 57000
[16:06:04.814] [SEVERE ] setting player 1 freeze to 1000
[16:06:04.814] [SEVERE ] setting player 2 freeze to 2000
[16:06:04.814] [SEVERE ] setting player 3 freeze to 1000
[16:06:04.814] [SEVERE ] setting player 4 freeze to 2000
[16:06:04.829] [SEVERE ] removing player 1 token from slot 0
[16:06:04.829] [SEVERE ] player 1 placing token on slot 10
[16:06:04.829] [SEVERE ] setting player 1 freeze to 0
[16:06:04.829] [SEVERE ] setting player 2 freeze to 2000
[16:06:04.829] [SEVERE ] setting player 3 freeze to 1000
[16:06:04.829] [SEVERE ] setting player 4 freeze to 1000
[16:06:04.829] [SEVERE ] setting player 1 freeze to 3000
[16:06:05.516] [SEVERE ] removing player 3 token from slot 10
[16:06:05.516] [SEVERE ] player 3 placing token on slot 3
[16:06:05.517] [SEVERE ] updating countdown to 56000
[16:06:05.517] [SEVERE ] setting player 1 freeze to 3000
[16:06:05.517] [SEVERE ] setting player 2 freeze to 2000
[16:06:05.517] [SEVERE ] setting player 3 freeze to 0
[16:06:05.517] [SEVERE ] setting player 4 freeze to 1000
[16:06:05.517] [SEVERE ] setting player 3 freeze to 3000
[16:06:05.517] [SEVERE ] removing player 3 token from slot 6
[16:06:05.517] [SEVERE ] player 3 placing token on slot 8
[16:06:05.517] [SEVERE ] setting player 1 freeze to 3000
[16:06:05.517] [SEVERE ] setting player 2 freeze to 2000
[16:06:05.517] [SEVERE ] setting player 3 freeze to 3000
[16:06:05.517] [SEVERE ] setting player 4 freeze to 1000
[16:06:05.517] [SEVERE ] setting player 3 freeze to 3000
[16:06:05.827] [SEVERE ] removing player 4 token from slot 9
[16:06:05.827] [SEVERE ] player 4 placing token on slot 5
[16:06:05.827] [SEVERE ] setting player 1 freeze to 3000
[16:06:05.827] [SEVERE ] setting player 2 freeze to 1000
[16:06:05.827] [SEVERE ] setting player 3 freeze to 3000
[16:06:05.827] [SEVERE ] setting player 4 freeze to 0
[16:06:05.827] [SEVERE ] setting player 4 freeze to 3000
[16:06:06.523] [SEVERE ] updating countdown to 55000
[16:06:06.523] [SEVERE ] setting player 1 freeze to 2000
[16:06:06.523] [SEVERE ] setting player 2 freeze to 1000
[16:06:06.523] [SEVERE ] setting player 3 freeze to 2000
[16:06:06.523] [SEVERE ] setting player 4 freeze to 3000
[16:06:06.813] [SEVERE ] removing player 2 token from slot 0
[16:06:06.813] [SEVERE ] removing player 2 token from slot 6
[16:06:06.813] [SEVERE ] player 2 placing token on slot 5
[16:06:06.813] [SEVERE ] player 2 placing token on slot 3
[16:06:06.813] [SEVERE ] setting player 1 freeze to 2000
[16:06:06.813] [SEVERE ] setting player 2 freeze to 0
[16:06:06.814] [SEVERE ] setting player 3 freeze to 2000
[16:06:06.814] [SEVERE ] setting player 4 freeze to 3000
[16:06:06.814] [SEVERE ] setting player 2 freeze to 3000
[16:06:06.814] [SEVERE ] removing player 2 token from slot 3
[16:06:06.814] [SEVERE ] player 2 placing token on slot 8
[16:06:06.814] [SEVERE ] setting player 1 freeze to 2000
[16:06:06.814] [SEVERE ] setting player 2 freeze to 3000
[16:06:06.814] [SEVERE ] setting player 3 freeze to 2000
[16:06:06.814] [SEVERE ] setting player 4 freeze to 3000
[16:06:06.814] [SEVERE ] setting player 2 freeze to 3000
[16:06:07.819] [SEVERE ] updating countdown to 54000
[16:06:07.819] [SEVERE ] setting player 1 freeze to 1000
[16:06:07.819] [SEVERE ] setting player 2 freeze to 2000
[16:06:07.819] [SEVERE ] setting player 3 freeze to 1000
[16:06:07.819] [SEVERE ] setting player 4 freeze to 2000
[16:06:07.835] [SEVERE ] removing player 1 token from slot 10
[16:06:07.835] [SEVERE ] player 1 placing token on slot 11
[16:06:07.835] [SEVERE ] setting player 1 freeze to 0
[16:06:07.835] [SEVERE ] setting player 2 freeze to 2000
[16:06:07.835] [SEVERE ] setting player 3 freeze to 1000
[16:06:07.835] [SEVERE ] setting player 4 freeze to 1000
[16:06:07.835] [SEVERE ] setting player 1 freeze to 3000
[16:06:07.835] [SEVERE ] removing player 1 token from slot 7
[16:06:07.836] [SEVERE ] player 1 placing token on slot 9
[16:06:07.836] [SEVERE ] setting player 1 freeze to 3000
[16:06:07.836] [SEVERE ] setting player 2 freeze to 2000
[16:06:07.836] [SEVERE ] setting player 3 freeze to 1000
[16:06:07.836] [SEVERE ] setting player 4 freeze to 1000
[16:06:07.836] [SEVERE ] setting player 1 freeze to 3000
[16:06:07.836] [SEVERE ] removing player 1 token from slot 9
[16:06:07.836] [SEVERE ] player 1 placing token on slot 10
[16:06:07.837] [SEVERE ] setting player 1 freeze to 3000
[16:06:07.837] [SEVERE ] setting player 2 freeze to 2000
[16:06:07.837] [SEVERE ] setting player 3 freeze to 1000
[16:06:07.837] [SEVERE ] setting player 4 freeze to 1000
[16:06:07.837] [SEVERE ] setting player 1 freeze to 3000
[16:06:07.837] [SEVERE ] removing player 1 token from slot 4
[16:06:07.837] [SEVERE ] player 1 placing token on slot 3
[16:06:07.837] [SEVERE ] setting player 1 freeze to 3000
[16:06:07.837] [SEVERE ] setting player 2 freeze to 2000
[16:06:07.837] [SEVERE ] setting player 3 freeze to 1000
[16:06:07.837] [SEVERE ] setting player 4 freeze to 1000
[16:06:07.837] [SEVERE ] setting player 1 freeze to 3000
[16:06:08.522] [SEVERE ] removing player 3 token from slot 8
[16:06:08.522] [SEVERE ] player 3 placing token on slot 0
[16:06:08.522] [SEVERE ] updating countdown to 53000
[16:06:08.522] [SEVERE ] setting player 1 freeze to 3000
[16:06:08.522] [SEVERE ] setting player 2 freeze to 2000
[16:06:08.522] [SEVERE ] setting player 3 freeze to 0
[16:06:08.522] [SEVERE ] setting player 4 freeze to 1000
[16:06:08.522] [SEVERE ] setting player 3 freeze to 3000
[16:06:08.836] [SEVERE ] removing player 4 token from slot 1
[16:06:08.837] [SEVERE ] player 4 placing token on slot 1
[16:06:08.838] [SEVERE ] setting player 1 freeze to 2000
[16:06:08.838] [SEVERE ] setting player 2 freeze to 1000
[16:06:08.838] [SEVERE ] setting player 3 freeze to 3000
[16:06:08.838] [SEVERE ] setting player 4 freeze to 0
[16:06:08.838] [SEVERE ] setting player 4 freeze to 3000
[16:06:08.838] [SEVERE ] setting player 1 freeze to 2000
[16:06:08.838] [SEVERE ] setting player 2 freeze to 1000
[16:06:08.838] [SEVERE ] setting player 3 freeze to 3000
[16:06:08.838] [SEVERE ] setting player 4 freeze to 3000
[16:06:09.827] [SEVERE ] removing player 2 token from slot 8
[16:06:09.827] [SEVERE ] player 2 placing token on slot 6
[16:06:09.827] [SEVERE ] updating countdown to 52000
[16:06:09.827] [SEVERE ] setting player 1 freeze to 2000
[16:06:09.827] [SEVERE ] setting player 2 freeze to 0
[16:06:09.827] [SEVERE ] setting player 3 freeze to 2000
[16:06:09.827] [SEVERE ] setting player 4 freeze to 3000
[16:06:09.827] [SEVERE ] setting player 2 freeze to 3000
[16:06:09.840] [SEVERE ] setting player 1 freeze to 1000
[16:06:09.840] [SEVERE ] setting player 2 freeze to 3000
[16:06:09.840] [SEVERE ] setting player 3 freeze to 2000
[16:06:09.840] [SEVERE ] setting player 4 freeze to 2000
[16:06:09.918] [SEVERE ] exit button pressed
[16:06:09.918] [INFO   ] thread computer-3 terminated.
[16:06:09.918] [INFO   ] thread computer-1 terminated.
[16:06:09.918] [INFO   ] thread computer-0 terminated.
[16:06:09.934] [SEVERE ] removing player 4 token from slot 5
[16:06:09.934] [INFO   ] thread computer-2 terminated.
[16:06:09.934] [INFO   ] thread Thread-3 terminated.
[16:06:09.934] [INFO   ] thread Thread-2 terminated.
[16:06:09.934] [INFO   ] thread Thread-1 terminated.
[16:06:09.934] [INFO   ] thread Thread-0 terminated.
[16:06:10.852] [SEVERE ] updating countdown to 51000
[16:06:10.852] [SEVERE ] setting player 1 freeze to 0
[16:06:10.852] [SEVERE ] setting player 2 freeze to 2000
[16:06:10.852] [SEVERE ] setting player 3 freeze to 1000
[16:06:10.852] [SEVERE ] setting player 4 freeze to 1000
[16:06:10.962] [SEVERE ] removing player 1 token from slot 0
[16:06:10.962] [SEVERE ] removing player 2 token from slot 0
[16:06:10.962] [SEVERE ] removing player 3 token from slot 0
[16:06:10.962] [SEVERE ] removing player 4 token from slot 0
[16:06:10.962] [SEVERE ] removing card from slot 0
[16:06:11.072] [SEVERE ] removing player 1 token from slot 1
[16:06:11.072] [SEVERE ] removing player 2 token from slot 1
[16:06:11.072] [SEVERE ] removing player 3 token from slot 1
[16:06:11.072] [SEVERE ] removing player 4 token from slot 1
[16:06:11.072] [SEVERE ] removing card from slot 1
[16:06:11.182] [SEVERE ] removing player 1 token from slot 2
[16:06:11.182] [SEVERE ] removing player 2 token from slot 2
[16:06:11.182] [SEVERE ] removing player 3 token from slot 2
[16:06:11.182] [SEVERE ] removing player 4 token from slot 2
[16:06:11.182] [SEVERE ] removing card from slot 2
[16:06:11.292] [SEVERE ] removing player 1 token from slot 3
[16:06:11.292] [SEVERE ] removing player 2 token from slot 3
[16:06:11.292] [SEVERE ] removing player 3 token from slot 3
[16:06:11.292] [SEVERE ] removing player 4 token from slot 3
[16:06:11.292] [SEVERE ] removing card from slot 3
[16:06:11.401] [SEVERE ] removing player 1 token from slot 4
[16:06:11.401] [SEVERE ] removing player 2 token from slot 4
[16:06:11.401] [SEVERE ] removing player 3 token from slot 4
[16:06:11.401] [SEVERE ] removing player 4 token from slot 4
[16:06:11.401] [SEVERE ] removing card from slot 4
[16:06:11.511] [SEVERE ] removing player 1 token from slot 5
[16:06:11.511] [SEVERE ] removing player 2 token from slot 5
[16:06:11.511] [SEVERE ] removing player 3 token from slot 5
[16:06:11.513] [SEVERE ] removing player 4 token from slot 5
[16:06:11.513] [SEVERE ] removing card from slot 5
[16:06:11.622] [SEVERE ] removing player 1 token from slot 6
[16:06:11.622] [SEVERE ] removing player 2 token from slot 6
[16:06:11.622] [SEVERE ] removing player 3 token from slot 6
[16:06:11.622] [SEVERE ] removing player 4 token from slot 6
[16:06:11.622] [SEVERE ] removing card from slot 6
[16:06:11.732] [SEVERE ] removing player 1 token from slot 7
[16:06:11.732] [SEVERE ] removing player 2 token from slot 7
[16:06:11.732] [SEVERE ] removing player 3 token from slot 7
[16:06:11.732] [SEVERE ] removing player 4 token from slot 7
[16:06:11.732] [SEVERE ] removing card from slot 7
[16:06:11.842] [SEVERE ] removing player 1 token from slot 8
[16:06:11.842] [SEVERE ] removing player 2 token from slot 8
[16:06:11.842] [SEVERE ] removing player 3 token from slot 8
[16:06:11.842] [SEVERE ] removing player 4 token from slot 8
[16:06:11.842] [SEVERE ] removing card from slot 8
[16:06:11.952] [SEVERE ] removing player 1 token from slot 9
[16:06:11.952] [SEVERE ] removing player 2 token from slot 9
[16:06:11.952] [SEVERE ] removing player 3 token from slot 9
[16:06:11.952] [SEVERE ] removing player 4 token from slot 9
[16:06:11.952] [SEVERE ] removing card from slot 9
[16:06:12.061] [SEVERE ] removing player 1 token from slot 10
[16:06:12.061] [SEVERE ] removing player 2 token from slot 10
[16:06:12.061] [SEVERE ] removing player 3 token from slot 10
[16:06:12.061] [SEVERE ] removing player 4 token from slot 10
[16:06:12.061] [SEVERE ] removing card from slot 10
[16:06:12.171] [SEVERE ] removing player 1 token from slot 11
[16:06:12.171] [SEVERE ] removing player 2 token from slot 11
[16:06:12.171] [SEVERE ] removing player 3 token from slot 11
[16:06:12.171] [SEVERE ] removing player 4 token from slot 11
[16:06:12.171] [SEVERE ] removing card from slot 11
[16:06:12.171] [SEVERE ] announcing winner(s): player 3
[16:06:12.171] [INFO   ] thread dealer terminated.
[16:06:12.171] [INFO   ] thread dealer terminated.
[16:06:12.171] [SEVERE ] thanks for playing... it was fun!
[16:06:12.171] [INFO   ] thread main terminated.
