[16:18:25.563] [INFO   ] thread main starting.
[16:18:25.574] [SEVERE ] cannot read configuration file config.properties trying from resources.
[16:18:25.576] [SEVERE ] configuration file was loaded from resources directory.
[16:18:25.942] [INFO   ] thread dealer starting.
[16:18:25.943] [INFO   ] thread dealer starting.
[16:18:25.943] [INFO   ] thread Thread-0 starting.
[16:18:25.943] [INFO   ] thread Thread-1 starting.
[16:18:25.943] [INFO   ] thread Thread-2 starting.
[16:18:25.944] [INFO   ] thread Thread-3 starting.
[16:18:25.945] [INFO   ] thread computer-2 starting.
[16:18:25.945] [INFO   ] thread computer-1 starting.
[16:18:25.945] [INFO   ] thread computer-3 starting.
[16:18:25.945] [INFO   ] thread computer-0 starting.
[16:18:26.052] [SEVERE ] placing card 51 in slot 0
[16:18:26.159] [SEVERE ] placing card 38 in slot 1
[16:18:26.269] [SEVERE ] placing card 64 in slot 2
[16:18:26.377] [SEVERE ] placing card 69 in slot 3
[16:18:26.487] [SEVERE ] placing card 70 in slot 4
[16:18:26.597] [SEVERE ] placing card 22 in slot 5
[16:18:26.708] [SEVERE ] placing card 17 in slot 6
[16:18:26.818] [SEVERE ] placing card 34 in slot 7
[16:18:26.928] [SEVERE ] placing card 42 in slot 8
[16:18:27.038] [SEVERE ] placing card 23 in slot 9
[16:18:27.148] [SEVERE ] placing card 75 in slot 10
[16:18:27.258] [SEVERE ] placing card 45 in slot 11
[16:18:27.258] [SEVERE ] player 2 placing token on slot 4
[16:18:27.259] [SEVERE ] player 3 placing token on slot 6
[16:18:27.260] [SEVERE ] player 3 placing token on slot 4
[16:18:27.260] [SEVERE ] removing player 3 token from slot 4
[16:18:27.260] [SEVERE ] player 3 placing token on slot 9
[16:18:27.260] [SEVERE ] player 3 placing token on slot 7
[16:18:27.260] [SEVERE ] player 4 placing token on slot 9
[16:18:27.260] [SEVERE ] player 4 placing token on slot 10
[16:18:27.260] [SEVERE ] player 4 placing token on slot 2
[16:18:27.260] [SEVERE ] player 2 placing token on slot 2
[16:18:27.260] [SEVERE ] player 2 placing token on slot 3
[16:18:27.260] [SEVERE ] player 1 placing token on slot 0
[16:18:27.260] [SEVERE ] player 1 placing token on slot 1
[16:18:27.260] [SEVERE ] player 1 placing token on slot 3
[16:18:27.260] [SEVERE ] updating countdown to 60000
[16:18:27.260] [SEVERE ] setting player 1 freeze to 0
[16:18:27.260] [SEVERE ] removing player 1 token from slot 1
[16:18:27.260] [SEVERE ] player 1 placing token on slot 9
[16:18:27.260] [SEVERE ] setting player 1 freeze to 0
[16:18:27.260] [SEVERE ] setting player 1 freeze to 0
[16:18:27.260] [SEVERE ] removing player 1 token from slot 3
[16:18:27.260] [SEVERE ] player 1 placing token on slot 11
[16:18:27.260] [SEVERE ] setting player 1 freeze to 0
[16:18:27.260] [SEVERE ] setting player 1 freeze to 0
[16:18:27.260] [SEVERE ] removing player 1 token from slot 9
[16:18:27.260] [SEVERE ] player 1 placing token on slot 7
[16:18:27.280] [SEVERE ] setting player 1 freeze to 0
[16:18:27.280] [SEVERE ] setting player 1 freeze to 0
[16:18:27.280] [SEVERE ] removing player 1 token from slot 7
[16:18:27.280] [SEVERE ] player 1 placing token on slot 4
[16:18:27.280] [SEVERE ] setting player 1 freeze to 0
[16:18:27.281] [SEVERE ] setting player 2 freeze to 0
[16:18:27.281] [SEVERE ] removing player 2 token from slot 3
[16:18:27.281] [SEVERE ] player 2 placing token on slot 8
[16:18:27.283] [SEVERE ] setting player 2 freeze to 0
[16:18:27.283] [SEVERE ] setting player 3 freeze to 0
[16:18:27.283] [SEVERE ] removing player 3 token from slot 6
[16:18:27.284] [SEVERE ] player 3 placing token on slot 6
[16:18:27.284] [SEVERE ] setting player 3 freeze to 0
[16:18:27.284] [SEVERE ] setting player 4 freeze to 0
[16:18:27.284] [SEVERE ] removing player 4 token from slot 9
[16:18:27.284] [SEVERE ] removing player 4 token from slot 2
[16:18:27.284] [SEVERE ] player 4 placing token on slot 1
[16:18:27.285] [SEVERE ] player 4 placing token on slot 2
[16:18:27.285] [SEVERE ] setting player 4 freeze to 0
[16:18:27.285] [SEVERE ] setting player 1 freeze to 0
[16:18:27.285] [SEVERE ] removing player 1 token from slot 4
[16:18:27.285] [SEVERE ] player 1 placing token on slot 10
[16:18:27.286] [SEVERE ] setting player 1 freeze to 0
[16:18:27.286] [SEVERE ] setting player 2 freeze to 0
[16:18:27.286] [SEVERE ] removing player 2 token from slot 8
[16:18:27.287] [SEVERE ] player 2 placing token on slot 1
[16:18:27.287] [SEVERE ] setting player 2 freeze to 0
[16:18:27.287] [SEVERE ] setting player 3 freeze to 0
[16:18:27.288] [SEVERE ] removing player 3 token from slot 6
[16:18:27.288] [SEVERE ] player 3 placing token on slot 1
[16:18:27.288] [SEVERE ] setting player 3 freeze to 0
[16:18:27.288] [SEVERE ] setting player 4 freeze to 0
[16:18:27.288] [SEVERE ] removing player 4 token from slot 10
[16:18:27.289] [SEVERE ] player 4 placing token on slot 9
[16:18:27.289] [SEVERE ] setting player 4 freeze to 0
[16:18:27.289] [SEVERE ] setting player 1 freeze to 0
[16:18:27.289] [SEVERE ] removing player 1 token from slot 11
[16:18:27.289] [SEVERE ] player 1 placing token on slot 7
[16:18:27.289] [SEVERE ] setting player 1 freeze to 0
[16:18:27.289] [SEVERE ] setting player 2 freeze to 0
[16:18:27.289] [SEVERE ] removing player 2 token from slot 4
[16:18:27.289] [SEVERE ] player 2 placing token on slot 0
[16:18:27.289] [SEVERE ] setting player 2 freeze to 0
[16:18:27.289] [SEVERE ] setting player 3 freeze to 0
[16:18:27.289] [SEVERE ] removing player 3 token from slot 7
[16:18:27.289] [SEVERE ] player 3 placing token on slot 4
[16:18:27.289] [SEVERE ] setting player 3 freeze to 0
[16:18:27.289] [SEVERE ] setting player 1 freeze to 0
[16:18:27.289] [SEVERE ] removing player 1 token from slot 7
[16:18:27.289] [SEVERE ] player 1 placing token on slot 2
[16:18:27.289] [SEVERE ] setting player 1 freeze to 0
[16:18:27.289] [SEVERE ] setting player 1 freeze to 0
[16:18:27.289] [SEVERE ] removing player 1 token from slot 10
[16:18:27.289] [SEVERE ] player 1 placing token on slot 8
[16:18:27.289] [SEVERE ] setting player 1 freeze to 0
[16:18:27.289] [SEVERE ] setting player 1 freeze to 0
[16:18:27.289] [SEVERE ] removing player 1 token from slot 8
[16:18:27.289] [SEVERE ] removing player 1 token from slot 0
[16:18:27.296] [SEVERE ] removing player 1 token from slot 2
[16:18:27.296] [SEVERE ] player 1 placing token on slot 5
[16:18:27.296] [SEVERE ] player 1 placing token on slot 7
[16:18:27.297] [SEVERE ] player 1 placing token on slot 9
[16:18:27.297] [SEVERE ] setting player 1 freeze to 0
[16:18:27.297] [SEVERE ] setting player 2 freeze to 0
[16:18:27.297] [SEVERE ] removing player 2 token from slot 2
[16:18:27.297] [SEVERE ] removing player 2 token from slot 0
[16:18:27.297] [SEVERE ] player 2 placing token on slot 3
[16:18:27.297] [SEVERE ] player 2 placing token on slot 11
[16:18:27.298] [SEVERE ] setting player 2 freeze to 0
[16:18:27.298] [SEVERE ] setting player 3 freeze to 0
[16:18:27.298] [SEVERE ] removing player 3 token from slot 4
[16:18:27.298] [SEVERE ] player 3 placing token on slot 11
[16:18:27.299] [SEVERE ] setting player 3 freeze to 0
[16:18:27.299] [SEVERE ] setting player 4 freeze to 0
[16:18:27.299] [SEVERE ] removing player 4 token from slot 1
[16:18:27.300] [SEVERE ] player 4 placing token on slot 8
[16:18:27.300] [SEVERE ] setting player 4 freeze to 0
[16:18:27.301] [SEVERE ] setting player 1 freeze to 0
[16:18:27.301] [SEVERE ] removing player 1 token from slot 7
[16:18:27.301] [SEVERE ] player 1 placing token on slot 3
[16:18:27.301] [SEVERE ] setting player 1 freeze to 0
[16:18:27.301] [SEVERE ] setting player 2 freeze to 0
[16:18:27.301] [SEVERE ] removing player 2 token from slot 1
[16:18:27.301] [SEVERE ] player 2 placing token on slot 6
[16:18:27.302] [SEVERE ] setting player 2 freeze to 0
[16:18:27.302] [SEVERE ] setting player 3 freeze to 0
[16:18:27.302] [SEVERE ] removing player 3 token from slot 11
[16:18:27.302] [SEVERE ] removing player 3 token from slot 9
[16:18:27.302] [SEVERE ] player 3 placing token on slot 3
[16:18:27.302] [SEVERE ] player 3 placing token on slot 2
[16:18:27.302] [SEVERE ] setting player 3 freeze to 0
[16:18:27.302] [SEVERE ] setting player 4 freeze to 0
[16:18:27.302] [SEVERE ] removing player 4 token from slot 8
[16:18:27.303] [SEVERE ] player 4 placing token on slot 3
[16:18:27.303] [SEVERE ] setting player 4 freeze to 0
[16:18:27.305] [SEVERE ] setting player 1 freeze to 0
[16:18:27.305] [SEVERE ] removing player 1 token from slot 5
[16:18:27.305] [SEVERE ] removing player 1 token from slot 3
[16:18:27.305] [SEVERE ] player 1 placing token on slot 5
[16:18:27.305] [SEVERE ] player 1 placing token on slot 3
[16:18:27.305] [SEVERE ] setting player 1 freeze to 0
[16:18:27.306] [SEVERE ] setting player 2 freeze to 0
[16:18:27.306] [SEVERE ] removing player 2 token from slot 11
[16:18:27.306] [SEVERE ] player 2 placing token on slot 4
[16:18:27.306] [SEVERE ] setting player 2 freeze to 0
[16:18:27.306] [SEVERE ] setting player 3 freeze to 0
[16:18:27.306] [SEVERE ] removing player 3 token from slot 1
[16:18:27.306] [SEVERE ] player 3 placing token on slot 0
[16:18:27.306] [SEVERE ] setting player 3 freeze to 0
[16:18:27.306] [SEVERE ] setting player 4 freeze to 0
[16:18:27.306] [SEVERE ] removing player 4 token from slot 3
[16:18:27.306] [SEVERE ] removing player 4 token from slot 2
[16:18:27.306] [SEVERE ] player 4 placing token on slot 2
[16:18:27.306] [SEVERE ] player 4 placing token on slot 8
[16:18:27.306] [SEVERE ] setting player 4 freeze to 0
[16:18:27.306] [SEVERE ] setting player 1 freeze to 0
[16:18:27.306] [SEVERE ] removing player 1 token from slot 9
[16:18:27.306] [SEVERE ] player 1 placing token on slot 6
[16:18:27.306] [SEVERE ] setting player 1 freeze to 0
[16:18:27.306] [SEVERE ] setting player 1 freeze to 0
[16:18:27.306] [SEVERE ] removing player 1 token from slot 6
[16:18:27.306] [SEVERE ] player 1 placing token on slot 9
[16:18:27.306] [SEVERE ] setting player 1 freeze to 0
[16:18:27.306] [SEVERE ] setting player 1 freeze to 0
[16:18:27.306] [SEVERE ] removing player 1 token from slot 9
[16:18:27.313] [SEVERE ] player 1 placing token on slot 10
[16:18:27.313] [SEVERE ] setting player 1 freeze to 0
[16:18:27.313] [SEVERE ] setting player 2 freeze to 0
[16:18:27.313] [SEVERE ] removing player 2 token from slot 6
[16:18:27.314] [SEVERE ] player 2 placing token on slot 5
[16:18:27.314] [SEVERE ] setting player 2 freeze to 0
[16:18:27.314] [SEVERE ] setting player 3 freeze to 0
[16:18:27.314] [SEVERE ] removing player 3 token from slot 3
[16:18:27.314] [SEVERE ] removing player 3 token from slot 0
[16:18:27.314] [SEVERE ] player 3 placing token on slot 1
[16:18:27.314] [SEVERE ] removing player 3 token from slot 1
[16:18:27.314] [SEVERE ] player 3 placing token on slot 5
[16:18:27.314] [SEVERE ] player 3 placing token on slot 4
[16:18:27.314] [SEVERE ] setting player 3 freeze to 0
[16:18:27.314] [SEVERE ] setting player 4 freeze to 0
[16:18:27.314] [SEVERE ] removing player 4 token from slot 8
[16:18:27.314] [SEVERE ] player 4 placing token on slot 3
[16:18:27.314] [SEVERE ] setting player 4 freeze to 0
[16:18:27.314] [SEVERE ] setting player 1 freeze to 0
[16:18:27.314] [SEVERE ] removing player 1 token from slot 5
[16:18:27.314] [SEVERE ] player 1 placing token on slot 6
[16:18:27.314] [SEVERE ] setting player 1 freeze to 0
[16:18:27.314] [SEVERE ] setting player 1 freeze to 0
[16:18:27.314] [SEVERE ] removing player 1 token from slot 6
[16:18:27.314] [SEVERE ] player 1 placing token on slot 7
[16:18:27.314] [SEVERE ] setting player 1 freeze to 0
[16:18:27.314] [SEVERE ] setting player 1 freeze to 0
[16:18:27.314] [SEVERE ] removing player 1 token from slot 7
[16:18:27.314] [SEVERE ] player 1 placing token on slot 1
[16:18:27.314] [SEVERE ] setting player 1 freeze to 0
[16:18:27.314] [SEVERE ] setting player 1 freeze to 0
[16:18:27.314] [SEVERE ] removing player 1 token from slot 10
[16:18:27.314] [SEVERE ] player 1 placing token on slot 5
[16:18:27.321] [SEVERE ] setting player 1 freeze to 0
[16:18:27.322] [SEVERE ] setting player 2 freeze to 0
[16:18:27.322] [SEVERE ] removing player 2 token from slot 4
[16:18:27.322] [SEVERE ] player 2 placing token on slot 8
[16:18:27.322] [SEVERE ] setting player 2 freeze to 0
[16:18:27.322] [SEVERE ] setting player 3 freeze to 0
[16:18:27.322] [SEVERE ] removing player 3 token from slot 2
[16:18:27.322] [SEVERE ] player 3 placing token on slot 0
[16:18:27.322] [SEVERE ] setting player 3 freeze to 0
[16:18:27.322] [SEVERE ] setting player 4 freeze to 0
[16:18:27.322] [SEVERE ] removing player 4 token from slot 2
[16:18:27.322] [SEVERE ] player 4 placing token on slot 0
[16:18:27.322] [SEVERE ] setting player 4 freeze to 0
[16:18:27.322] [SEVERE ] setting player 1 freeze to 0
[16:18:27.322] [SEVERE ] removing player 1 token from slot 3
[16:18:27.322] [SEVERE ] removing player 1 token from slot 5
[16:18:27.322] [SEVERE ] player 1 placing token on slot 2
[16:18:27.322] [SEVERE ] player 1 placing token on slot 8
[16:18:27.322] [SEVERE ] setting player 1 freeze to 0
[16:18:27.322] [SEVERE ] setting player 1 freeze to 0
[16:18:27.322] [SEVERE ] removing player 1 token from slot 2
[16:18:27.322] [SEVERE ] removing player 1 token from slot 1
[16:18:27.322] [SEVERE ] player 1 placing token on slot 2
[16:18:27.322] [SEVERE ] removing player 1 token from slot 2
[16:18:27.322] [SEVERE ] player 1 placing token on slot 7
[16:18:27.322] [SEVERE ] player 1 placing token on slot 2
[16:18:27.322] [SEVERE ] setting player 1 freeze to 0
[16:18:27.322] [SEVERE ] setting player 1 freeze to 0
[16:18:27.322] [SEVERE ] removing player 1 token from slot 8
[16:18:27.322] [SEVERE ] player 1 placing token on slot 10
[16:18:27.322] [SEVERE ] setting player 1 freeze to 0
[16:18:27.322] [SEVERE ] setting player 1 freeze to 0
[16:18:27.322] [SEVERE ] removing player 1 token from slot 7
[16:18:27.322] [SEVERE ] player 1 placing token on slot 5
[16:18:27.329] [SEVERE ] setting player 1 freeze to 0
[16:18:27.329] [SEVERE ] setting player 1 freeze to 0
[16:18:27.329] [SEVERE ] removing player 1 token from slot 2
[16:18:27.330] [SEVERE ] player 1 placing token on slot 6
[16:18:27.330] [SEVERE ] setting player 1 freeze to 0
[16:18:27.330] [SEVERE ] setting player 2 freeze to 0
[16:18:27.330] [SEVERE ] removing player 2 token from slot 3
[16:18:27.330] [SEVERE ] player 2 placing token on slot 9
[16:18:27.330] [SEVERE ] setting player 2 freeze to 0
[16:18:27.330] [SEVERE ] setting player 3 freeze to 0
[16:18:27.330] [SEVERE ] removing player 3 token from slot 4
[16:18:27.330] [SEVERE ] removing player 3 token from slot 5
[16:18:27.330] [SEVERE ] player 3 placing token on slot 10
[16:18:27.330] [SEVERE ] player 3 placing token on slot 5
[16:18:27.330] [SEVERE ] setting player 3 freeze to 0
[16:18:27.330] [SEVERE ] setting player 4 freeze to 0
[16:18:27.330] [SEVERE ] removing player 4 token from slot 3
[16:18:27.330] [SEVERE ] player 4 placing token on slot 11
[16:18:27.330] [SEVERE ] setting player 4 freeze to 0
[16:18:27.330] [SEVERE ] setting player 1 freeze to 0
[16:18:27.330] [SEVERE ] removing player 1 token from slot 5
[16:18:27.330] [SEVERE ] player 1 placing token on slot 5
[16:18:27.330] [SEVERE ] setting player 1 freeze to 0
[16:18:27.330] [SEVERE ] setting player 1 freeze to 0
[16:18:27.330] [SEVERE ] removing player 1 token from slot 5
[16:18:27.330] [SEVERE ] player 1 placing token on slot 0
[16:18:27.330] [SEVERE ] setting player 1 freeze to 0
[16:18:27.330] [SEVERE ] setting player 1 freeze to 0
[16:18:27.330] [SEVERE ] removing player 1 token from slot 0
[16:18:27.330] [SEVERE ] player 1 placing token on slot 9
[16:18:27.330] [SEVERE ] setting player 1 freeze to 0
[16:18:27.330] [SEVERE ] setting player 1 freeze to 0
[16:18:27.330] [SEVERE ] removing player 1 token from slot 10
[16:18:27.330] [SEVERE ] player 1 placing token on slot 1
[16:18:27.330] [SEVERE ] setting player 1 freeze to 0
[16:18:27.330] [SEVERE ] setting player 1 freeze to 0
[16:18:27.330] [SEVERE ] removing player 1 token from slot 6
[16:18:27.330] [SEVERE ] player 1 placing token on slot 6
[16:18:27.330] [SEVERE ] setting player 1 freeze to 0
[16:18:27.330] [SEVERE ] setting player 1 freeze to 0
[16:18:27.330] [SEVERE ] removing player 1 token from slot 6
[16:18:27.330] [SEVERE ] player 1 placing token on slot 0
[16:18:27.338] [SEVERE ] setting player 1 freeze to 0
[16:18:27.338] [SEVERE ] setting player 2 freeze to 0
[16:18:27.338] [SEVERE ] removing player 2 token from slot 9
[16:18:27.338] [SEVERE ] player 2 placing token on slot 10
[16:18:27.338] [SEVERE ] setting player 2 freeze to 0
[16:18:27.338] [SEVERE ] setting player 3 freeze to 0
[16:18:27.339] [SEVERE ] removing player 3 token from slot 10
[16:18:27.339] [SEVERE ] removing player 3 token from slot 0
[16:18:27.339] [SEVERE ] player 3 placing token on slot 2
[16:18:27.339] [SEVERE ] player 3 placing token on slot 9
[16:18:27.339] [SEVERE ] setting player 3 freeze to 0
[16:18:27.339] [SEVERE ] setting player 4 freeze to 0
[16:18:27.340] [SEVERE ] removing player 4 token from slot 9
[16:18:27.340] [SEVERE ] player 4 placing token on slot 6
[16:18:27.340] [SEVERE ] setting player 4 freeze to 0
[16:18:27.340] [SEVERE ] setting player 1 freeze to 0
[16:18:27.340] [SEVERE ] removing player 1 token from slot 1
[16:18:27.340] [SEVERE ] player 1 placing token on slot 6
[16:18:27.341] [SEVERE ] setting player 1 freeze to 0
[16:18:27.341] [SEVERE ] setting player 2 freeze to 0
[16:18:27.341] [SEVERE ] removing player 2 token from slot 10
[16:18:27.341] [SEVERE ] player 2 placing token on slot 3
[16:18:27.342] [SEVERE ] setting player 2 freeze to 0
[16:18:27.342] [SEVERE ] setting player 3 freeze to 0
[16:18:27.342] [SEVERE ] removing player 3 token from slot 5
[16:18:27.342] [SEVERE ] player 3 placing token on slot 8
[16:18:27.343] [SEVERE ] setting player 3 freeze to 0
[16:18:27.343] [SEVERE ] setting player 1 freeze to 0
[16:18:27.343] [SEVERE ] removing player 1 token from slot 6
[16:18:27.344] [SEVERE ] player 1 placing token on slot 10
[16:18:27.344] [SEVERE ] setting player 1 freeze to 0
[16:18:27.344] [SEVERE ] setting player 4 freeze to 0
[16:18:27.344] [SEVERE ] removing player 4 token from slot 11
[16:18:27.344] [SEVERE ] player 4 placing token on slot 10
[16:18:27.345] [SEVERE ] setting player 4 freeze to 0
[16:18:27.345] [SEVERE ] setting player 2 freeze to 0
[16:18:27.345] [SEVERE ] removing player 2 token from slot 8
[16:18:27.345] [SEVERE ] player 2 placing token on slot 7
[16:18:27.346] [SEVERE ] setting player 2 freeze to 0
[16:18:27.346] [SEVERE ] setting player 3 freeze to 0
[16:18:27.346] [SEVERE ] removing player 3 token from slot 8
[16:18:27.346] [SEVERE ] player 3 placing token on slot 7
[16:18:27.346] [SEVERE ] setting player 3 freeze to 0
[16:18:27.346] [SEVERE ] setting player 1 freeze to 0
[16:18:27.346] [SEVERE ] removing player 1 token from slot 9
[16:18:27.346] [SEVERE ] removing player 1 token from slot 0
[16:18:27.346] [SEVERE ] player 1 placing token on slot 9
[16:18:27.346] [SEVERE ] player 1 placing token on slot 8
[16:18:27.348] [SEVERE ] setting player 1 freeze to 0
[16:18:27.348] [SEVERE ] setting player 4 freeze to 0
[16:18:27.348] [SEVERE ] removing player 4 token from slot 6
[16:18:27.348] [SEVERE ] player 4 placing token on slot 3
[16:18:27.348] [SEVERE ] setting player 4 freeze to 0
[16:18:27.348] [SEVERE ] setting player 2 freeze to 0
[16:18:27.348] [SEVERE ] removing player 2 token from slot 3
[16:18:27.348] [SEVERE ] player 2 placing token on slot 6
[16:18:27.349] [SEVERE ] setting player 2 freeze to 0
[16:18:27.349] [SEVERE ] setting player 1 freeze to 0
[16:18:27.349] [SEVERE ] removing player 1 token from slot 10
[16:18:27.349] [SEVERE ] removing player 1 token from slot 9
[16:18:27.349] [SEVERE ] player 1 placing token on slot 0
[16:18:27.349] [SEVERE ] player 1 placing token on slot 3
[16:18:27.349] [SEVERE ] setting player 1 freeze to 0
[16:18:27.350] [SEVERE ] setting player 3 freeze to 0
[16:18:27.350] [SEVERE ] removing player 3 token from slot 9
[16:18:27.350] [SEVERE ] player 3 placing token on slot 0
[16:18:27.350] [SEVERE ] setting player 3 freeze to 0
[16:18:27.351] [SEVERE ] setting player 2 freeze to 0
[16:18:27.351] [SEVERE ] removing player 2 token from slot 5
[16:18:27.351] [SEVERE ] player 2 placing token on slot 3
[16:18:27.351] [SEVERE ] setting player 2 freeze to 0
[16:18:27.351] [SEVERE ] setting player 4 freeze to 0
[16:18:27.351] [SEVERE ] removing player 4 token from slot 10
[16:18:27.351] [SEVERE ] player 4 placing token on slot 7
[16:18:27.352] [SEVERE ] setting player 4 freeze to 0
[16:18:27.352] [SEVERE ] setting player 1 freeze to 0
[16:18:27.352] [SEVERE ] removing player 1 token from slot 0
[16:18:27.352] [SEVERE ] player 1 placing token on slot 7
[16:18:27.353] [SEVERE ] setting player 1 freeze to 0
[16:18:27.353] [SEVERE ] setting player 3 freeze to 0
[16:18:27.353] [SEVERE ] removing player 3 token from slot 7
[16:18:27.353] [SEVERE ] player 3 placing token on slot 8
[16:18:27.353] [SEVERE ] setting player 3 freeze to 0
[16:18:27.353] [SEVERE ] setting player 2 freeze to 0
[16:18:27.353] [SEVERE ] removing player 2 token from slot 3
[16:18:27.354] [SEVERE ] player 2 placing token on slot 9
[16:18:27.354] [SEVERE ] setting player 2 freeze to 0
[16:18:27.354] [SEVERE ] setting player 1 freeze to 0
[16:18:27.354] [SEVERE ] removing player 1 token from slot 3
[16:18:27.354] [SEVERE ] removing player 1 token from slot 8
[16:18:27.354] [SEVERE ] player 1 placing token on slot 10
[16:18:27.355] [SEVERE ] player 1 placing token on slot 5
[16:18:27.355] [SEVERE ] setting player 1 freeze to 0
[16:18:27.355] [SEVERE ] setting player 4 freeze to 0
[16:18:27.355] [SEVERE ] removing player 4 token from slot 3
[16:18:27.355] [SEVERE ] player 4 placing token on slot 5
[16:18:27.355] [SEVERE ] setting player 4 freeze to 0
[16:18:27.355] [SEVERE ] setting player 3 freeze to 0
[16:18:27.355] [SEVERE ] removing player 3 token from slot 0
[16:18:27.355] [SEVERE ] player 3 placing token on slot 7
[16:18:27.355] [SEVERE ] setting player 3 freeze to 0
[16:18:27.355] [SEVERE ] setting player 2 freeze to 0
[16:18:27.355] [SEVERE ] removing player 2 token from slot 6
[16:18:27.355] [SEVERE ] removing player 2 token from slot 7
[16:18:27.355] [SEVERE ] player 2 placing token on slot 10
[16:18:27.355] [SEVERE ] player 2 placing token on slot 3
[16:18:27.355] [SEVERE ] setting player 2 freeze to 0
[16:18:27.355] [SEVERE ] setting player 1 freeze to 0
[16:18:27.355] [SEVERE ] removing player 1 token from slot 5
[16:18:27.355] [SEVERE ] player 1 placing token on slot 3
[16:18:27.355] [SEVERE ] setting player 1 freeze to 0
[16:18:27.355] [SEVERE ] setting player 1 freeze to 0
[16:18:27.355] [SEVERE ] removing player 1 token from slot 10
[16:18:27.355] [SEVERE ] player 1 placing token on slot 9
[16:18:27.355] [SEVERE ] setting player 1 freeze to 0
[16:18:27.355] [SEVERE ] setting player 1 freeze to 0
[16:18:27.355] [SEVERE ] removing player 1 token from slot 7
[16:18:27.355] [SEVERE ] player 1 placing token on slot 5
[16:18:27.355] [SEVERE ] setting player 1 freeze to 0
[16:18:27.355] [SEVERE ] setting player 1 freeze to 0
[16:18:27.355] [SEVERE ] removing player 1 token from slot 3
[16:18:27.355] [SEVERE ] player 1 placing token on slot 4
[16:18:27.355] [SEVERE ] setting player 1 freeze to 0
[16:18:27.355] [SEVERE ] setting player 1 freeze to 0
[16:18:27.355] [SEVERE ] removing player 1 token from slot 4
[16:18:27.355] [SEVERE ] player 1 placing token on slot 1
[16:18:27.355] [SEVERE ] setting player 1 freeze to 0
[16:18:27.355] [SEVERE ] setting player 1 freeze to 0
[16:18:27.355] [SEVERE ] removing player 1 token from slot 1
[16:18:27.355] [SEVERE ] player 1 placing token on slot 2
[16:18:27.355] [SEVERE ] setting player 1 freeze to 0
[16:18:27.355] [SEVERE ] setting player 1 freeze to 0
[16:18:27.355] [SEVERE ] removing player 1 token from slot 9
[16:18:27.355] [SEVERE ] player 1 placing token on slot 11
[16:18:27.355] [SEVERE ] setting player 1 freeze to 0
[16:18:27.355] [SEVERE ] setting player 1 freeze to 0
[16:18:27.355] [SEVERE ] removing player 1 token from slot 5
[16:18:27.355] [SEVERE ] player 1 placing token on slot 4
[16:18:27.355] [SEVERE ] setting player 1 freeze to 0
[16:18:27.355] [SEVERE ] setting player 1 freeze to 0
[16:18:27.355] [SEVERE ] removing player 1 token from slot 11
[16:18:27.355] [SEVERE ] player 1 placing token on slot 7
[16:18:27.355] [SEVERE ] setting player 1 freeze to 0
[16:18:27.355] [SEVERE ] setting player 1 freeze to 0
[16:18:27.355] [SEVERE ] removing player 1 token from slot 4
[16:18:27.355] [SEVERE ] removing player 1 token from slot 2
[16:18:27.355] [SEVERE ] player 1 placing token on slot 8
[16:18:27.355] [SEVERE ] player 1 placing token on slot 9
[16:18:27.355] [SEVERE ] setting player 1 freeze to 0
[16:18:27.355] [SEVERE ] setting player 1 freeze to 0
[16:18:27.355] [SEVERE ] removing player 1 token from slot 9
[16:18:27.355] [SEVERE ] player 1 placing token on slot 11
[16:18:27.355] [SEVERE ] setting player 1 freeze to 0
[16:18:27.355] [SEVERE ] setting player 1 freeze to 0
[16:18:27.355] [SEVERE ] removing player 1 token from slot 7
[16:18:27.355] [SEVERE ] removing player 1 token from slot 11
[16:18:27.355] [SEVERE ] player 1 placing token on slot 5
[16:18:27.355] [SEVERE ] player 1 placing token on slot 0
[16:18:27.355] [SEVERE ] setting player 1 freeze to 0
[16:18:27.355] [SEVERE ] setting player 1 freeze to 0
[16:18:27.355] [SEVERE ] removing player 1 token from slot 5
[16:18:27.355] [SEVERE ] removing player 1 token from slot 0
[16:18:27.355] [SEVERE ] player 1 placing token on slot 3
[16:18:27.355] [SEVERE ] player 1 placing token on slot 10
[16:18:27.355] [SEVERE ] setting player 1 freeze to 0
[16:18:27.355] [SEVERE ] setting player 1 freeze to 0
[16:18:27.355] [SEVERE ] removing player 1 token from slot 8
[16:18:27.355] [SEVERE ] player 1 placing token on slot 7
[16:18:27.355] [SEVERE ] setting player 1 freeze to 0
[16:18:27.355] [SEVERE ] setting player 1 freeze to 0
[16:18:27.355] [SEVERE ] removing player 1 token from slot 3
[16:18:27.355] [SEVERE ] removing player 1 token from slot 7
[16:18:27.355] [SEVERE ] player 1 placing token on slot 7
[16:18:27.355] [SEVERE ] player 1 placing token on slot 8
[16:18:27.355] [SEVERE ] setting player 1 freeze to 0
[16:18:27.355] [SEVERE ] setting player 1 freeze to 0
[16:18:27.355] [SEVERE ] removing player 1 token from slot 10
[16:18:27.355] [SEVERE ] player 1 placing token on slot 2
[16:18:27.355] [SEVERE ] setting player 1 freeze to 0
[16:18:27.355] [SEVERE ] setting player 1 freeze to 0
[16:18:27.355] [SEVERE ] removing player 1 token from slot 7
[16:18:27.355] [SEVERE ] player 1 placing token on slot 10
[16:18:27.355] [SEVERE ] setting player 1 freeze to 0
[16:18:27.355] [SEVERE ] setting player 1 freeze to 0
[16:18:27.355] [SEVERE ] removing player 1 token from slot 2
[16:18:27.355] [SEVERE ] player 1 placing token on slot 1
[16:18:27.355] [SEVERE ] setting player 1 freeze to 0
[16:18:27.355] [SEVERE ] setting player 1 freeze to 0
[16:18:27.355] [SEVERE ] removing player 1 token from slot 1
[16:18:27.355] [SEVERE ] player 1 placing token on slot 9
[16:18:27.355] [SEVERE ] setting player 1 freeze to 0
[16:18:27.355] [SEVERE ] setting player 1 freeze to 0
[16:18:27.355] [SEVERE ] removing player 1 token from slot 8
[16:18:27.355] [SEVERE ] removing player 1 token from slot 10
[16:18:27.355] [SEVERE ] player 1 placing token on slot 1
[16:18:27.355] [SEVERE ] player 1 placing token on slot 11
[16:18:27.355] [SEVERE ] setting player 1 freeze to 0
[16:18:27.370] [SEVERE ] setting player 1 freeze to 0
[16:18:27.370] [SEVERE ] removing player 1 token from slot 11
[16:18:27.370] [SEVERE ] player 1 placing token on slot 10
[16:18:27.370] [SEVERE ] setting player 1 freeze to 0
[16:18:27.371] [SEVERE ] setting player 2 freeze to 0
[16:18:27.371] [SEVERE ] removing player 2 token from slot 3
[16:18:27.371] [SEVERE ] player 2 placing token on slot 11
[16:18:27.371] [SEVERE ] setting player 2 freeze to 0
[16:18:27.371] [SEVERE ] setting player 3 freeze to 0
[16:18:27.371] [SEVERE ] removing player 3 token from slot 8
[16:18:27.371] [SEVERE ] player 3 placing token on slot 9
[16:18:27.371] [SEVERE ] setting player 3 freeze to 0
[16:18:27.371] [SEVERE ] setting player 4 freeze to 0
[16:18:27.371] [SEVERE ] removing player 4 token from slot 5
[16:18:27.371] [SEVERE ] player 4 placing token on slot 11
[16:18:27.371] [SEVERE ] setting player 4 freeze to 0
[16:18:27.371] [SEVERE ] setting player 1 freeze to 0
[16:18:27.371] [SEVERE ] removing player 1 token from slot 9
[16:18:27.371] [SEVERE ] player 1 placing token on slot 0
[16:18:27.371] [SEVERE ] setting player 1 freeze to 0
[16:18:27.371] [SEVERE ] setting player 1 freeze to 0
[16:18:27.371] [SEVERE ] removing player 1 token from slot 0
[16:18:27.371] [SEVERE ] player 1 placing token on slot 3
[16:18:27.371] [SEVERE ] setting player 1 freeze to 0
[16:18:27.371] [SEVERE ] setting player 1 freeze to 0
[16:18:27.371] [SEVERE ] removing player 1 token from slot 3
[16:18:27.371] [SEVERE ] removing player 1 token from slot 1
[16:18:27.371] [SEVERE ] player 1 placing token on slot 8
[16:18:27.371] [SEVERE ] player 1 placing token on slot 0
[16:18:27.371] [SEVERE ] setting player 1 freeze to 0
[16:18:27.371] [SEVERE ] setting player 1 freeze to 0
[16:18:27.371] [SEVERE ] removing player 1 token from slot 8
[16:18:27.371] [SEVERE ] player 1 placing token on slot 1
[16:18:27.371] [SEVERE ] setting player 1 freeze to 0
[16:18:27.371] [SEVERE ] setting player 1 freeze to 0
[16:18:27.371] [SEVERE ] removing player 1 token from slot 0
[16:18:27.371] [SEVERE ] player 1 placing token on slot 5
[16:18:27.371] [SEVERE ] setting player 1 freeze to 0
[16:18:27.371] [SEVERE ] setting player 1 freeze to 0
[16:18:27.371] [SEVERE ] removing player 1 token from slot 5
[16:18:27.371] [SEVERE ] player 1 placing token on slot 2
[16:18:27.371] [SEVERE ] setting player 1 freeze to 0
[16:18:27.371] [SEVERE ] setting player 1 freeze to 0
[16:18:27.371] [SEVERE ] removing player 1 token from slot 1
[16:18:27.371] [SEVERE ] player 1 placing token on slot 4
[16:18:27.371] [SEVERE ] setting player 1 freeze to 0
[16:18:27.371] [SEVERE ] setting player 1 freeze to 0
[16:18:27.371] [SEVERE ] removing player 1 token from slot 10
[16:18:27.371] [SEVERE ] player 1 placing token on slot 11
[16:18:27.371] [SEVERE ] setting player 1 freeze to 0
[16:18:27.371] [SEVERE ] setting player 1 freeze to 0
[16:18:27.371] [SEVERE ] removing player 1 token from slot 4
[16:18:27.371] [SEVERE ] player 1 placing token on slot 7
[16:18:27.371] [SEVERE ] setting player 1 freeze to 0
[16:18:27.371] [SEVERE ] setting player 1 freeze to 0
[16:18:27.371] [SEVERE ] removing player 1 token from slot 2
[16:18:27.371] [SEVERE ] player 1 placing token on slot 9
[16:18:27.371] [SEVERE ] setting player 1 freeze to 0
[16:18:27.371] [SEVERE ] setting player 1 freeze to 0
[16:18:27.371] [SEVERE ] removing player 1 token from slot 9
[16:18:27.371] [SEVERE ] player 1 placing token on slot 2
[16:18:27.371] [SEVERE ] setting player 1 freeze to 0
[16:18:27.371] [SEVERE ] setting player 1 freeze to 0
[16:18:27.371] [SEVERE ] removing player 1 token from slot 11
[16:18:27.371] [SEVERE ] player 1 placing token on slot 4
[16:18:27.371] [SEVERE ] setting player 1 freeze to 0
[16:18:27.371] [SEVERE ] setting player 1 freeze to 0
[16:18:27.371] [SEVERE ] removing player 1 token from slot 4
[16:18:27.371] [SEVERE ] player 1 placing token on slot 6
[16:18:27.371] [SEVERE ] setting player 1 freeze to 0
[16:18:27.371] [SEVERE ] setting player 1 freeze to 0
[16:18:27.371] [SEVERE ] removing player 1 token from slot 2
[16:18:27.371] [SEVERE ] player 1 placing token on slot 2
[16:18:27.371] [SEVERE ] setting player 1 freeze to 0
[16:18:27.371] [SEVERE ] setting player 1 freeze to 0
[16:18:27.371] [SEVERE ] removing player 1 token from slot 7
[16:18:27.371] [SEVERE ] player 1 placing token on slot 3
[16:18:27.371] [SEVERE ] setting player 1 freeze to 0
[16:18:27.371] [SEVERE ] setting player 1 freeze to 0
[16:18:27.371] [SEVERE ] removing player 1 token from slot 2
[16:18:27.371] [SEVERE ] player 1 placing token on slot 0
[16:18:27.371] [SEVERE ] setting player 1 freeze to 0
[16:18:27.371] [SEVERE ] setting player 1 freeze to 0
[16:18:27.371] [SEVERE ] removing player 1 token from slot 3
[16:18:27.371] [SEVERE ] player 1 placing token on slot 2
[16:18:27.371] [SEVERE ] setting player 1 freeze to 0
[16:18:27.371] [SEVERE ] setting player 1 freeze to 0
[16:18:27.371] [SEVERE ] removing player 1 token from slot 6
[16:18:27.371] [SEVERE ] removing player 1 token from slot 0
[16:18:27.371] [SEVERE ] player 1 placing token on slot 3
[16:18:27.371] [SEVERE ] player 1 placing token on slot 8
[16:18:27.371] [SEVERE ] setting player 1 freeze to 0
[16:18:27.371] [SEVERE ] setting player 1 freeze to 0
[16:18:27.371] [SEVERE ] removing player 1 token from slot 2
[16:18:27.371] [SEVERE ] player 1 placing token on slot 4
[16:18:27.371] [SEVERE ] setting player 1 freeze to 0
[16:18:27.371] [SEVERE ] setting player 1 freeze to 0
[16:18:27.371] [SEVERE ] removing player 1 token from slot 8
[16:18:27.371] [SEVERE ] player 1 placing token on slot 1
[16:18:27.371] [SEVERE ] setting player 1 freeze to 0
[16:18:27.371] [SEVERE ] setting player 1 freeze to 0
[16:18:27.371] [SEVERE ] removing player 1 token from slot 1
[16:18:27.371] [SEVERE ] player 1 placing token on slot 10
[16:18:27.371] [SEVERE ] setting player 1 freeze to 0
[16:18:27.386] [SEVERE ] setting player 1 freeze to 0
[16:18:27.386] [SEVERE ] removing player 1 token from slot 10
[16:18:27.386] [SEVERE ] player 1 placing token on slot 8
[16:18:27.386] [SEVERE ] setting player 1 freeze to 0
[16:18:27.386] [SEVERE ] setting player 2 freeze to 0
[16:18:27.386] [SEVERE ] removing player 2 token from slot 10
[16:18:27.386] [SEVERE ] player 2 placing token on slot 1
[16:18:27.386] [SEVERE ] setting player 2 freeze to 0
[16:18:27.386] [SEVERE ] setting player 3 freeze to 0
[16:18:27.386] [SEVERE ] removing player 3 token from slot 2
[16:18:27.386] [SEVERE ] player 3 placing token on slot 0
[16:18:27.386] [SEVERE ] setting player 3 freeze to 0
[16:18:27.386] [SEVERE ] setting player 4 freeze to 0
[16:18:27.386] [SEVERE ] removing player 4 token from slot 0
[16:18:27.386] [SEVERE ] player 4 placing token on slot 3
[16:18:27.386] [SEVERE ] setting player 4 freeze to 0
[16:18:27.386] [SEVERE ] setting player 1 freeze to 0
[16:18:27.386] [SEVERE ] removing player 1 token from slot 3
[16:18:27.386] [SEVERE ] player 1 placing token on slot 10
[16:18:27.386] [SEVERE ] setting player 1 freeze to 0
[16:18:27.386] [SEVERE ] setting player 1 freeze to 0
[16:18:27.386] [SEVERE ] removing player 1 token from slot 10
[16:18:27.386] [SEVERE ] player 1 placing token on slot 9
[16:18:27.386] [SEVERE ] setting player 1 freeze to 0
[16:18:27.386] [SEVERE ] setting player 1 freeze to 0
[16:18:27.386] [SEVERE ] removing player 1 token from slot 9
[16:18:27.386] [SEVERE ] player 1 placing token on slot 6
[16:18:27.386] [SEVERE ] setting player 1 freeze to 0
[16:18:27.496] [SEVERE ] removing player 1 token from slot 4
[16:18:27.496] [SEVERE ] removing player 2 token from slot 4
[16:18:27.496] [SEVERE ] removing player 3 token from slot 4
[16:18:27.496] [SEVERE ] removing player 4 token from slot 4
[16:18:27.496] [SEVERE ] removing card from slot 4
[16:18:27.605] [SEVERE ] removing player 1 token from slot 8
[16:18:27.605] [SEVERE ] removing player 2 token from slot 8
[16:18:27.605] [SEVERE ] removing player 3 token from slot 8
[16:18:27.605] [SEVERE ] removing player 4 token from slot 8
[16:18:27.605] [SEVERE ] removing card from slot 8
[16:18:27.716] [SEVERE ] removing player 1 token from slot 6
[16:18:27.716] [SEVERE ] removing player 2 token from slot 6
[16:18:27.716] [SEVERE ] removing player 3 token from slot 6
[16:18:27.716] [SEVERE ] removing player 4 token from slot 6
[16:18:27.716] [SEVERE ] removing card from slot 6
[16:18:27.826] [SEVERE ] placing card 19 in slot 4
[16:18:27.935] [SEVERE ] placing card 29 in slot 6
[16:18:28.045] [SEVERE ] placing card 10 in slot 8
[16:18:28.045] [SEVERE ] updating countdown to 60000
[16:18:28.045] [SEVERE ] setting player 1 score to 1
[16:18:28.045] [SEVERE ] setting player 1 freeze to 0
[16:18:28.045] [SEVERE ] player 1 placing token on slot 1
[16:18:28.045] [SEVERE ] player 1 placing token on slot 0
[16:18:28.045] [SEVERE ] player 1 placing token on slot 5
[16:18:28.045] [SEVERE ] setting player 1 freeze to 0
[16:18:28.045] [SEVERE ] setting player 2 freeze to 0
[16:18:28.045] [SEVERE ] removing player 2 token from slot 11
[16:18:28.045] [SEVERE ] player 2 placing token on slot 4
[16:18:28.045] [SEVERE ] setting player 2 freeze to 0
[16:18:28.045] [SEVERE ] setting player 3 freeze to 0
[16:18:28.045] [SEVERE ] removing player 3 token from slot 9
[16:18:28.045] [SEVERE ] player 3 placing token on slot 6
[16:18:28.045] [SEVERE ] setting player 3 freeze to 0
[16:18:28.045] [SEVERE ] setting player 4 freeze to 0
[16:18:28.045] [SEVERE ] removing player 4 token from slot 11
[16:18:28.045] [SEVERE ] removing player 4 token from slot 7
[16:18:28.045] [SEVERE ] player 4 placing token on slot 7
[16:18:28.045] [SEVERE ] player 4 placing token on slot 8
[16:18:28.045] [SEVERE ] setting player 4 freeze to 0
[16:18:28.045] [SEVERE ] setting player 1 freeze to 0
[16:18:28.045] [SEVERE ] removing player 1 token from slot 0
[16:18:28.045] [SEVERE ] player 1 placing token on slot 11
[16:18:28.045] [SEVERE ] setting player 1 freeze to 0
[16:18:28.045] [SEVERE ] setting player 1 freeze to 0
[16:18:28.045] [SEVERE ] removing player 1 token from slot 11
[16:18:28.045] [SEVERE ] removing player 1 token from slot 5
[16:18:28.045] [SEVERE ] player 1 placing token on slot 9
[16:18:28.045] [SEVERE ] player 1 placing token on slot 8
[16:18:28.045] [SEVERE ] setting player 1 freeze to 0
[16:18:28.045] [SEVERE ] setting player 1 freeze to 0
[16:18:28.045] [SEVERE ] removing player 1 token from slot 9
[16:18:28.045] [SEVERE ] player 1 placing token on slot 7
[16:18:28.045] [SEVERE ] setting player 1 freeze to 0
[16:18:28.045] [SEVERE ] setting player 1 freeze to 0
[16:18:28.045] [SEVERE ] removing player 1 token from slot 1
[16:18:28.045] [SEVERE ] player 1 placing token on slot 2
[16:18:28.045] [SEVERE ] setting player 1 freeze to 0
[16:18:28.045] [SEVERE ] setting player 1 freeze to 0
[16:18:28.045] [SEVERE ] removing player 1 token from slot 8
[16:18:28.045] [SEVERE ] player 1 placing token on slot 6
[16:18:28.045] [SEVERE ] setting player 1 freeze to 0
[16:18:28.045] [SEVERE ] setting player 1 freeze to 0
[16:18:28.045] [SEVERE ] removing player 1 token from slot 7
[16:18:28.045] [SEVERE ] player 1 placing token on slot 10
[16:18:28.045] [SEVERE ] setting player 1 freeze to 0
[16:18:28.045] [SEVERE ] setting player 1 freeze to 0
[16:18:28.045] [SEVERE ] removing player 1 token from slot 2
[16:18:28.045] [SEVERE ] player 1 placing token on slot 7
[16:18:28.045] [SEVERE ] setting player 1 freeze to 0
[16:18:28.045] [SEVERE ] setting player 1 freeze to 0
[16:18:28.045] [SEVERE ] removing player 1 token from slot 6
[16:18:28.045] [SEVERE ] player 1 placing token on slot 1
[16:18:28.045] [SEVERE ] setting player 1 freeze to 0
[16:18:28.045] [SEVERE ] setting player 1 freeze to 0
[16:18:28.045] [SEVERE ] removing player 1 token from slot 10
[16:18:28.045] [SEVERE ] player 1 placing token on slot 8
[16:18:28.045] [SEVERE ] setting player 1 freeze to 0
[16:18:28.045] [SEVERE ] setting player 1 freeze to 0
[16:18:28.045] [SEVERE ] removing player 1 token from slot 8
[16:18:28.045] [SEVERE ] player 1 placing token on slot 4
[16:18:28.045] [SEVERE ] setting player 1 freeze to 0
[16:18:28.045] [SEVERE ] setting player 1 freeze to 0
[16:18:28.045] [SEVERE ] removing player 1 token from slot 7
[16:18:28.045] [SEVERE ] player 1 placing token on slot 11
[16:18:28.045] [SEVERE ] setting player 1 freeze to 0
[16:18:28.045] [SEVERE ] setting player 1 freeze to 0
[16:18:28.045] [SEVERE ] removing player 1 token from slot 1
[16:18:28.045] [SEVERE ] player 1 placing token on slot 1
[16:18:28.045] [SEVERE ] setting player 1 freeze to 0
[16:18:28.045] [SEVERE ] setting player 1 freeze to 0
[16:18:28.045] [SEVERE ] removing player 1 token from slot 1
[16:18:28.045] [SEVERE ] player 1 placing token on slot 0
[16:18:28.045] [SEVERE ] setting player 1 freeze to 0
[16:18:28.045] [SEVERE ] setting player 1 freeze to 0
[16:18:28.045] [SEVERE ] removing player 1 token from slot 11
[16:18:28.045] [SEVERE ] player 1 placing token on slot 1
[16:18:28.045] [SEVERE ] setting player 1 freeze to 0
[16:18:28.045] [SEVERE ] setting player 1 freeze to 0
[16:18:28.045] [SEVERE ] removing player 1 token from slot 4
[16:18:28.045] [SEVERE ] player 1 placing token on slot 5
[16:18:28.045] [SEVERE ] setting player 1 freeze to 0
[16:18:28.045] [SEVERE ] setting player 1 freeze to 0
[16:18:28.045] [SEVERE ] removing player 1 token from slot 1
[16:18:28.045] [SEVERE ] player 1 placing token on slot 10
[16:18:28.045] [SEVERE ] setting player 1 freeze to 0
[16:18:28.045] [SEVERE ] setting player 1 freeze to 0
[16:18:28.045] [SEVERE ] removing player 1 token from slot 5
[16:18:28.045] [SEVERE ] player 1 placing token on slot 1
[16:18:28.045] [SEVERE ] setting player 1 freeze to 0
[16:18:28.045] [SEVERE ] setting player 1 freeze to 0
[16:18:28.045] [SEVERE ] removing player 1 token from slot 1
[16:18:28.045] [SEVERE ] player 1 placing token on slot 8
[16:18:28.061] [SEVERE ] setting player 1 freeze to 0
[16:18:28.061] [SEVERE ] setting player 1 freeze to 0
[16:18:28.061] [SEVERE ] removing player 1 token from slot 0
[16:18:28.061] [SEVERE ] player 1 placing token on slot 11
[16:18:28.061] [SEVERE ] setting player 1 freeze to 0
[16:18:28.061] [SEVERE ] setting player 2 freeze to 0
[16:18:28.062] [SEVERE ] removing player 2 token from slot 4
[16:18:28.062] [SEVERE ] player 2 placing token on slot 0
[16:18:28.062] [SEVERE ] setting player 2 freeze to 0
[16:18:28.062] [SEVERE ] setting player 3 freeze to 0
[16:18:28.062] [SEVERE ] removing player 3 token from slot 0
[16:18:28.062] [SEVERE ] player 3 placing token on slot 9
[16:18:28.062] [SEVERE ] setting player 3 freeze to 0
[16:18:28.062] [SEVERE ] setting player 4 freeze to 0
[16:18:28.062] [SEVERE ] removing player 4 token from slot 3
[16:18:28.063] [SEVERE ] player 4 placing token on slot 1
[16:18:28.063] [SEVERE ] setting player 4 freeze to 0
[16:18:28.063] [SEVERE ] setting player 1 freeze to 0
[16:18:28.063] [SEVERE ] removing player 1 token from slot 11
[16:18:28.063] [SEVERE ] player 1 placing token on slot 5
[16:18:28.064] [SEVERE ] setting player 1 freeze to 0
[16:18:28.064] [SEVERE ] setting player 2 freeze to 0
[16:18:28.064] [SEVERE ] removing player 2 token from slot 1
[16:18:28.064] [SEVERE ] player 2 placing token on slot 2
[16:18:28.065] [SEVERE ] setting player 2 freeze to 0
[16:18:28.065] [SEVERE ] setting player 3 freeze to 0
[16:18:28.065] [SEVERE ] removing player 3 token from slot 6
[16:18:28.065] [SEVERE ] player 3 placing token on slot 0
[16:18:28.065] [SEVERE ] setting player 3 freeze to 0
[16:18:28.065] [SEVERE ] setting player 1 freeze to 0
[16:18:28.065] [SEVERE ] removing player 1 token from slot 10
[16:18:28.066] [SEVERE ] player 1 placing token on slot 10
[16:18:28.066] [SEVERE ] setting player 1 freeze to 0
[16:18:28.066] [SEVERE ] setting player 4 freeze to 0
[16:18:28.066] [SEVERE ] removing player 4 token from slot 7
[16:18:28.066] [SEVERE ] player 4 placing token on slot 6
[16:18:28.067] [SEVERE ] setting player 4 freeze to 0
[16:18:28.067] [SEVERE ] setting player 2 freeze to 0
[16:18:28.067] [SEVERE ] removing player 2 token from slot 9
[16:18:28.068] [SEVERE ] player 2 placing token on slot 8
[16:18:28.068] [SEVERE ] setting player 2 freeze to 0
[16:18:28.068] [SEVERE ] setting player 3 freeze to 0
[16:18:28.068] [SEVERE ] removing player 3 token from slot 0
[16:18:28.068] [SEVERE ] removing player 3 token from slot 7
[16:18:28.068] [SEVERE ] player 3 placing token on slot 0
[16:18:28.068] [SEVERE ] removing player 3 token from slot 0
[16:18:28.068] [SEVERE ] player 3 placing token on slot 3
[16:18:28.068] [SEVERE ] player 3 placing token on slot 2
[16:18:28.069] [SEVERE ] setting player 3 freeze to 0
[16:18:28.069] [SEVERE ] setting player 1 freeze to 0
[16:18:28.069] [SEVERE ] removing player 1 token from slot 10
[16:18:28.069] [SEVERE ] removing player 1 token from slot 5
[16:18:28.069] [SEVERE ] player 1 placing token on slot 5
[16:18:28.069] [SEVERE ] player 1 placing token on slot 11
[16:18:28.070] [SEVERE ] setting player 1 freeze to 0
[16:18:28.070] [SEVERE ] setting player 4 freeze to 0
[16:18:28.070] [SEVERE ] removing player 4 token from slot 8
[16:18:28.070] [SEVERE ] player 4 placing token on slot 10
[16:18:28.071] [SEVERE ] setting player 4 freeze to 0
[16:18:28.071] [SEVERE ] setting player 2 freeze to 0
[16:18:28.071] [SEVERE ] removing player 2 token from slot 2
[16:18:28.071] [SEVERE ] player 2 placing token on slot 6
[16:18:28.072] [SEVERE ] setting player 2 freeze to 0
[16:18:28.072] [SEVERE ] setting player 1 freeze to 0
[16:18:28.072] [SEVERE ] removing player 1 token from slot 8
[16:18:28.072] [SEVERE ] player 1 placing token on slot 10
[16:18:28.072] [SEVERE ] setting player 1 freeze to 0
[16:18:28.072] [SEVERE ] setting player 3 freeze to 0
[16:18:28.072] [SEVERE ] removing player 3 token from slot 2
[16:18:28.072] [SEVERE ] player 3 placing token on slot 7
[16:18:28.072] [SEVERE ] setting player 3 freeze to 0
[16:18:28.072] [SEVERE ] setting player 4 freeze to 0
[16:18:28.072] [SEVERE ] removing player 4 token from slot 10
[16:18:28.072] [SEVERE ] player 4 placing token on slot 11
[16:18:28.072] [SEVERE ] setting player 4 freeze to 0
[16:18:28.072] [SEVERE ] setting player 2 freeze to 0
[16:18:28.072] [SEVERE ] removing player 2 token from slot 0
[16:18:28.072] [SEVERE ] removing player 2 token from slot 6
[16:18:28.072] [SEVERE ] player 2 placing token on slot 10
[16:18:28.072] [SEVERE ] player 2 placing token on slot 4
[16:18:28.072] [SEVERE ] setting player 2 freeze to 0
[16:18:28.072] [SEVERE ] setting player 1 freeze to 0
[16:18:28.072] [SEVERE ] removing player 1 token from slot 11
[16:18:28.072] [SEVERE ] removing player 1 token from slot 5
[16:18:28.072] [SEVERE ] player 1 placing token on slot 9
[16:18:28.072] [SEVERE ] player 1 placing token on slot 4
[16:18:28.072] [SEVERE ] setting player 1 freeze to 0
[16:18:28.072] [SEVERE ] setting player 1 freeze to 0
[16:18:28.072] [SEVERE ] removing player 1 token from slot 4
[16:18:28.072] [SEVERE ] player 1 placing token on slot 1
[16:18:28.072] [SEVERE ] setting player 1 freeze to 0
[16:18:28.072] [SEVERE ] setting player 1 freeze to 0
[16:18:28.072] [SEVERE ] removing player 1 token from slot 9
[16:18:28.072] [SEVERE ] player 1 placing token on slot 7
[16:18:28.072] [SEVERE ] setting player 1 freeze to 0
[16:18:28.072] [SEVERE ] setting player 1 freeze to 0
[16:18:28.072] [SEVERE ] removing player 1 token from slot 7
[16:18:28.072] [SEVERE ] player 1 placing token on slot 2
[16:18:28.072] [SEVERE ] setting player 1 freeze to 0
[16:18:28.072] [SEVERE ] setting player 1 freeze to 0
[16:18:28.072] [SEVERE ] removing player 1 token from slot 2
[16:18:28.072] [SEVERE ] player 1 placing token on slot 11
[16:18:28.079] [SEVERE ] setting player 1 freeze to 0
[16:18:28.079] [SEVERE ] setting player 2 freeze to 0
[16:18:28.079] [SEVERE ] removing player 2 token from slot 8
[16:18:28.079] [SEVERE ] player 2 placing token on slot 9
[16:18:28.081] [SEVERE ] setting player 2 freeze to 0
[16:18:28.081] [SEVERE ] setting player 3 freeze to 0
[16:18:28.081] [SEVERE ] removing player 3 token from slot 7
[16:18:28.081] [SEVERE ] player 3 placing token on slot 4
[16:18:28.081] [SEVERE ] setting player 3 freeze to 0
[16:18:28.081] [SEVERE ] setting player 4 freeze to 0
[16:18:28.081] [SEVERE ] removing player 4 token from slot 1
[16:18:28.081] [SEVERE ] player 4 placing token on slot 7
[16:18:28.081] [SEVERE ] setting player 4 freeze to 0
[16:18:28.082] [SEVERE ] setting player 1 freeze to 0
[16:18:28.082] [SEVERE ] removing player 1 token from slot 10
[16:18:28.082] [SEVERE ] player 1 placing token on slot 8
[16:18:28.083] [SEVERE ] setting player 1 freeze to 0
[16:18:28.083] [SEVERE ] setting player 2 freeze to 0
[16:18:28.083] [SEVERE ] removing player 2 token from slot 10
[16:18:28.083] [SEVERE ] player 2 placing token on slot 2
[16:18:28.083] [SEVERE ] setting player 2 freeze to 0
[16:18:28.083] [SEVERE ] setting player 3 freeze to 0
[16:18:28.083] [SEVERE ] removing player 3 token from slot 4
[16:18:28.083] [SEVERE ] removing player 3 token from slot 3
[16:18:28.084] [SEVERE ] player 3 placing token on slot 11
[16:18:28.084] [SEVERE ] player 3 placing token on slot 6
[16:18:28.084] [SEVERE ] setting player 3 freeze to 0
[16:18:28.084] [SEVERE ] setting player 4 freeze to 0
[16:18:28.084] [SEVERE ] removing player 4 token from slot 6
[16:18:28.084] [SEVERE ] player 4 placing token on slot 10
[16:18:28.085] [SEVERE ] setting player 4 freeze to 0
[16:18:28.085] [SEVERE ] setting player 1 freeze to 0
[16:18:28.085] [SEVERE ] removing player 1 token from slot 1
[16:18:28.085] [SEVERE ] player 1 placing token on slot 10
[16:18:28.085] [SEVERE ] setting player 1 freeze to 0
[16:18:28.085] [SEVERE ] setting player 2 freeze to 0
[16:18:28.085] [SEVERE ] removing player 2 token from slot 9
[16:18:28.085] [SEVERE ] player 2 placing token on slot 7
[16:18:28.086] [SEVERE ] setting player 2 freeze to 0
[16:18:28.087] [SEVERE ] setting player 3 freeze to 0
[16:18:28.087] [SEVERE ] removing player 3 token from slot 9
[16:18:28.087] [SEVERE ] player 3 placing token on slot 5
[16:18:28.087] [SEVERE ] setting player 3 freeze to 0
[16:18:28.087] [SEVERE ] setting player 4 freeze to 0
[16:18:28.087] [SEVERE ] removing player 4 token from slot 10
[16:18:28.087] [SEVERE ] player 4 placing token on slot 9
[16:18:28.088] [SEVERE ] setting player 4 freeze to 0
[16:18:28.088] [SEVERE ] setting player 1 freeze to 0
[16:18:28.088] [SEVERE ] removing player 1 token from slot 10
[16:18:28.088] [SEVERE ] player 1 placing token on slot 1
[16:18:28.088] [SEVERE ] setting player 1 freeze to 0
[16:18:28.088] [SEVERE ] setting player 2 freeze to 0
[16:18:28.088] [SEVERE ] removing player 2 token from slot 4
[16:18:28.089] [SEVERE ] removing player 2 token from slot 7
[16:18:28.089] [SEVERE ] player 2 placing token on slot 7
[16:18:28.089] [SEVERE ] player 2 placing token on slot 8
[16:18:28.089] [SEVERE ] setting player 2 freeze to 0
[16:18:28.089] [SEVERE ] setting player 3 freeze to 0
[16:18:28.089] [SEVERE ] removing player 3 token from slot 5
[16:18:28.089] [SEVERE ] player 3 placing token on slot 7
[16:18:28.090] [SEVERE ] setting player 3 freeze to 0
[16:18:28.090] [SEVERE ] setting player 1 freeze to 0
[16:18:28.090] [SEVERE ] removing player 1 token from slot 11
[16:18:28.090] [SEVERE ] removing player 1 token from slot 1
[16:18:28.090] [SEVERE ] player 1 placing token on slot 10
[16:18:28.090] [SEVERE ] player 1 placing token on slot 2
[16:18:28.091] [SEVERE ] setting player 1 freeze to 0
[16:18:28.091] [SEVERE ] setting player 4 freeze to 0
[16:18:28.091] [SEVERE ] removing player 4 token from slot 7
[16:18:28.091] [SEVERE ] player 4 placing token on slot 10
[16:18:28.092] [SEVERE ] setting player 4 freeze to 0
[16:18:28.092] [SEVERE ] setting player 2 freeze to 0
[16:18:28.092] [SEVERE ] removing player 2 token from slot 8
[16:18:28.092] [SEVERE ] player 2 placing token on slot 3
[16:18:28.093] [SEVERE ] setting player 2 freeze to 0
[16:18:28.093] [SEVERE ] setting player 3 freeze to 0
[16:18:28.093] [SEVERE ] removing player 3 token from slot 6
[16:18:28.093] [SEVERE ] player 3 placing token on slot 2
[16:18:28.094] [SEVERE ] setting player 3 freeze to 0
[16:18:28.094] [SEVERE ] setting player 1 freeze to 0
[16:18:28.094] [SEVERE ] removing player 1 token from slot 2
[16:18:28.094] [SEVERE ] removing player 1 token from slot 8
[16:18:28.094] [SEVERE ] player 1 placing token on slot 9
[16:18:28.094] [SEVERE ] player 1 placing token on slot 0
[16:18:28.094] [SEVERE ] setting player 1 freeze to 0
[16:18:28.094] [SEVERE ] setting player 4 freeze to 0
[16:18:28.095] [SEVERE ] removing player 4 token from slot 10
[16:18:28.095] [SEVERE ] player 4 placing token on slot 8
[16:18:28.095] [SEVERE ] setting player 4 freeze to 0
[16:18:28.095] [SEVERE ] setting player 2 freeze to 0
[16:18:28.095] [SEVERE ] removing player 2 token from slot 3
[16:18:28.095] [SEVERE ] player 2 placing token on slot 8
[16:18:28.096] [SEVERE ] setting player 2 freeze to 0
[16:18:28.096] [SEVERE ] setting player 3 freeze to 0
[16:18:28.096] [SEVERE ] removing player 3 token from slot 7
[16:18:28.096] [SEVERE ] player 3 placing token on slot 8
[16:18:28.096] [SEVERE ] setting player 3 freeze to 0
[16:18:28.096] [SEVERE ] setting player 1 freeze to 0
[16:18:28.096] [SEVERE ] removing player 1 token from slot 0
[16:18:28.097] [SEVERE ] player 1 placing token on slot 5
[16:18:28.097] [SEVERE ] setting player 1 freeze to 0
[16:18:28.097] [SEVERE ] setting player 2 freeze to 0
[16:18:28.097] [SEVERE ] removing player 2 token from slot 2
[16:18:28.098] [SEVERE ] removing player 2 token from slot 7
[16:18:28.098] [SEVERE ] player 2 placing token on slot 11
[16:18:28.098] [SEVERE ] player 2 placing token on slot 5
[16:18:28.098] [SEVERE ] setting player 2 freeze to 0
[16:18:28.098] [SEVERE ] setting player 4 freeze to 0
[16:18:28.098] [SEVERE ] removing player 4 token from slot 8
[16:18:28.098] [SEVERE ] player 4 placing token on slot 6
[16:18:28.098] [SEVERE ] setting player 4 freeze to 0
[16:18:28.098] [SEVERE ] setting player 3 freeze to 0
[16:18:28.098] [SEVERE ] removing player 3 token from slot 8
[16:18:28.099] [SEVERE ] removing player 3 token from slot 11
[16:18:28.099] [SEVERE ] player 3 placing token on slot 11
[16:18:28.099] [SEVERE ] player 3 placing token on slot 7
[16:18:28.099] [SEVERE ] setting player 3 freeze to 0
[16:18:28.099] [SEVERE ] setting player 1 freeze to 0
[16:18:28.099] [SEVERE ] removing player 1 token from slot 10
[16:18:28.099] [SEVERE ] player 1 placing token on slot 4
[16:18:28.100] [SEVERE ] setting player 1 freeze to 0
[16:18:28.100] [SEVERE ] setting player 2 freeze to 0
[16:18:28.100] [SEVERE ] removing player 2 token from slot 8
[16:18:28.100] [SEVERE ] player 2 placing token on slot 8
[16:18:28.101] [SEVERE ] setting player 2 freeze to 0
[16:18:28.101] [SEVERE ] setting player 4 freeze to 0
[16:18:28.101] [SEVERE ] removing player 4 token from slot 9
[16:18:28.101] [SEVERE ] removing player 4 token from slot 11
[16:18:28.101] [SEVERE ] player 4 placing token on slot 5
[16:18:28.101] [SEVERE ] player 4 placing token on slot 1
[16:18:28.101] [SEVERE ] setting player 4 freeze to 0
[16:18:28.102] [SEVERE ] setting player 3 freeze to 0
[16:18:28.102] [SEVERE ] removing player 3 token from slot 2
[16:18:28.102] [SEVERE ] player 3 placing token on slot 3
[16:18:28.102] [SEVERE ] setting player 3 freeze to 0
[16:18:28.102] [SEVERE ] setting player 1 freeze to 0
[16:18:28.102] [SEVERE ] removing player 1 token from slot 5
[16:18:28.103] [SEVERE ] player 1 placing token on slot 8
[16:18:28.103] [SEVERE ] setting player 1 freeze to 0
[16:18:28.103] [SEVERE ] setting player 2 freeze to 0
[16:18:28.103] [SEVERE ] removing player 2 token from slot 8
[16:18:28.103] [SEVERE ] player 2 placing token on slot 9
[16:18:28.104] [SEVERE ] setting player 2 freeze to 0
[16:18:28.104] [SEVERE ] setting player 4 freeze to 0
[16:18:28.104] [SEVERE ] removing player 4 token from slot 1
[16:18:28.104] [SEVERE ] player 4 placing token on slot 8
[16:18:28.105] [SEVERE ] setting player 4 freeze to 0
[16:18:28.106] [SEVERE ] setting player 3 freeze to 0
[16:18:28.106] [SEVERE ] removing player 3 token from slot 11
[16:18:28.106] [SEVERE ] player 3 placing token on slot 8
[16:18:28.106] [SEVERE ] setting player 3 freeze to 0
[16:18:28.106] [SEVERE ] setting player 1 freeze to 0
[16:18:28.106] [SEVERE ] removing player 1 token from slot 8
[16:18:28.106] [SEVERE ] player 1 placing token on slot 10
[16:18:28.107] [SEVERE ] setting player 1 freeze to 0
[16:18:28.107] [SEVERE ] setting player 2 freeze to 0
[16:18:28.107] [SEVERE ] removing player 2 token from slot 5
[16:18:28.107] [SEVERE ] player 2 placing token on slot 2
[16:18:28.108] [SEVERE ] setting player 2 freeze to 0
[16:18:28.108] [SEVERE ] setting player 4 freeze to 0
[16:18:28.108] [SEVERE ] removing player 4 token from slot 6
[16:18:28.108] [SEVERE ] player 4 placing token on slot 1
[16:18:28.108] [SEVERE ] setting player 4 freeze to 0
[16:18:28.108] [SEVERE ] setting player 1 freeze to 0
[16:18:28.108] [SEVERE ] removing player 1 token from slot 9
[16:18:28.108] [SEVERE ] player 1 placing token on slot 3
[16:18:28.109] [SEVERE ] setting player 1 freeze to 0
[16:18:28.109] [SEVERE ] setting player 3 freeze to 0
[16:18:28.109] [SEVERE ] removing player 3 token from slot 3
[16:18:28.109] [SEVERE ] player 3 placing token on slot 0
[16:18:28.109] [SEVERE ] setting player 3 freeze to 0
[16:18:28.109] [SEVERE ] setting player 2 freeze to 0
[16:18:28.110] [SEVERE ] removing player 2 token from slot 2
[16:18:28.110] [SEVERE ] player 2 placing token on slot 10
[16:18:28.110] [SEVERE ] setting player 2 freeze to 0
[16:18:28.111] [SEVERE ] setting player 1 freeze to 0
[16:18:28.111] [SEVERE ] removing player 1 token from slot 3
[16:18:28.111] [SEVERE ] player 1 placing token on slot 8
[16:18:28.112] [SEVERE ] setting player 1 freeze to 0
[16:18:28.112] [SEVERE ] setting player 4 freeze to 0
[16:18:28.112] [SEVERE ] removing player 4 token from slot 1
[16:18:28.112] [SEVERE ] player 4 placing token on slot 3
[16:18:28.112] [SEVERE ] setting player 4 freeze to 0
[16:18:28.112] [SEVERE ] setting player 3 freeze to 0
[16:18:28.112] [SEVERE ] removing player 3 token from slot 0
[16:18:28.112] [SEVERE ] player 3 placing token on slot 5
[16:18:28.112] [SEVERE ] setting player 3 freeze to 0
[16:18:28.112] [SEVERE ] setting player 2 freeze to 0
[16:18:28.112] [SEVERE ] removing player 2 token from slot 9
[16:18:28.113] [SEVERE ] player 2 placing token on slot 8
[16:18:28.113] [SEVERE ] setting player 2 freeze to 0
[16:18:28.113] [SEVERE ] setting player 1 freeze to 0
[16:18:28.113] [SEVERE ] removing player 1 token from slot 10
[16:18:28.113] [SEVERE ] removing player 1 token from slot 8
[16:18:28.113] [SEVERE ] removing player 1 token from slot 4
[16:18:28.113] [SEVERE ] player 1 placing token on slot 6
[16:18:28.113] [SEVERE ] player 1 placing token on slot 2
[16:18:28.113] [SEVERE ] removing player 1 token from slot 6
[16:18:28.114] [SEVERE ] removing player 1 token from slot 2
[16:18:28.114] [SEVERE ] player 1 placing token on slot 7
[16:18:28.114] [SEVERE ] player 1 placing token on slot 11
[16:18:28.114] [SEVERE ] removing player 1 token from slot 11
[16:18:28.114] [SEVERE ] player 1 placing token on slot 2
[16:18:28.114] [SEVERE ] removing player 1 token from slot 2
[16:18:28.114] [SEVERE ] player 1 placing token on slot 0
[16:18:28.114] [SEVERE ] player 1 placing token on slot 2
[16:18:28.114] [SEVERE ] setting player 1 freeze to 0
[16:18:28.114] [SEVERE ] setting player 3 freeze to 0
[16:18:28.114] [SEVERE ] removing player 3 token from slot 5
[16:18:28.114] [SEVERE ] player 3 placing token on slot 10
[16:18:28.114] [SEVERE ] setting player 3 freeze to 0
[16:18:28.114] [SEVERE ] setting player 4 freeze to 0
[16:18:28.114] [SEVERE ] removing player 4 token from slot 3
[16:18:28.114] [SEVERE ] player 4 placing token on slot 6
[16:18:28.115] [SEVERE ] setting player 4 freeze to 0
[16:18:28.115] [SEVERE ] setting player 2 freeze to 0
[16:18:28.115] [SEVERE ] removing player 2 token from slot 11
[16:18:28.115] [SEVERE ] player 2 placing token on slot 4
[16:18:28.115] [SEVERE ] setting player 2 freeze to 0
[16:18:28.115] [SEVERE ] setting player 1 freeze to 0
[16:18:28.115] [SEVERE ] removing player 1 token from slot 0
[16:18:28.115] [SEVERE ] removing player 1 token from slot 2
[16:18:28.115] [SEVERE ] player 1 placing token on slot 0
[16:18:28.115] [SEVERE ] player 1 placing token on slot 9
[16:18:28.116] [SEVERE ] setting player 1 freeze to 0
[16:18:28.116] [SEVERE ] setting player 3 freeze to 0
[16:18:28.116] [SEVERE ] removing player 3 token from slot 8
[16:18:28.116] [SEVERE ] player 3 placing token on slot 2
[16:18:28.116] [SEVERE ] setting player 3 freeze to 0
[16:18:28.116] [SEVERE ] setting player 4 freeze to 0
[16:18:28.116] [SEVERE ] removing player 4 token from slot 8
[16:18:28.116] [SEVERE ] player 4 placing token on slot 1
[16:18:28.116] [SEVERE ] setting player 4 freeze to 0
[16:18:28.120] [SEVERE ] setting player 2 freeze to 0
[16:18:28.120] [SEVERE ] removing player 2 token from slot 4
[16:18:28.120] [SEVERE ] removing player 2 token from slot 8
[16:18:28.120] [SEVERE ] player 2 placing token on slot 5
[16:18:28.120] [SEVERE ] player 2 placing token on slot 0
[16:18:28.120] [SEVERE ] setting player 2 freeze to 0
[16:18:28.120] [SEVERE ] setting player 1 freeze to 0
[16:18:28.120] [SEVERE ] removing player 1 token from slot 0
[16:18:28.120] [SEVERE ] player 1 placing token on slot 10
[16:18:28.120] [SEVERE ] setting player 1 freeze to 0
[16:18:28.121] [SEVERE ] setting player 3 freeze to 0
[16:18:28.121] [SEVERE ] removing player 3 token from slot 7
[16:18:28.121] [SEVERE ] player 3 placing token on slot 5
[16:18:28.121] [SEVERE ] setting player 3 freeze to 0
[16:18:28.121] [SEVERE ] setting player 4 freeze to 0
[16:18:28.121] [SEVERE ] removing player 4 token from slot 5
[16:18:28.121] [SEVERE ] removing player 4 token from slot 6
[16:18:28.121] [SEVERE ] player 4 placing token on slot 9
[16:18:28.121] [SEVERE ] player 4 placing token on slot 10
[16:18:28.121] [SEVERE ] setting player 4 freeze to 0
[16:18:28.122] [SEVERE ] setting player 1 freeze to 0
[16:18:28.122] [SEVERE ] removing player 1 token from slot 9
[16:18:28.122] [SEVERE ] player 1 placing token on slot 5
[16:18:28.122] [SEVERE ] setting player 1 freeze to 0
[16:18:28.122] [SEVERE ] setting player 2 freeze to 0
[16:18:28.122] [SEVERE ] removing player 2 token from slot 10
[16:18:28.122] [SEVERE ] player 2 placing token on slot 10
[16:18:28.122] [SEVERE ] setting player 2 freeze to 0
[16:18:28.122] [SEVERE ] setting player 3 freeze to 0
[16:18:28.122] [SEVERE ] removing player 3 token from slot 5
[16:18:28.122] [SEVERE ] player 3 placing token on slot 11
[16:18:28.123] [SEVERE ] setting player 3 freeze to 0
[16:18:28.123] [SEVERE ] setting player 4 freeze to 0
[16:18:28.123] [SEVERE ] removing player 4 token from slot 10
[16:18:28.123] [SEVERE ] player 4 placing token on slot 4
[16:18:28.123] [SEVERE ] setting player 4 freeze to 0
[16:18:28.123] [SEVERE ] setting player 1 freeze to 0
[16:18:28.123] [SEVERE ] removing player 1 token from slot 10
[16:18:28.123] [SEVERE ] player 1 placing token on slot 11
[16:18:28.123] [SEVERE ] setting player 1 freeze to 0
[16:18:28.123] [SEVERE ] setting player 2 freeze to 0
[16:18:28.123] [SEVERE ] removing player 2 token from slot 10
[16:18:28.124] [SEVERE ] player 2 placing token on slot 9
[16:18:28.124] [SEVERE ] setting player 2 freeze to 0
[16:18:28.124] [SEVERE ] setting player 1 freeze to 0
[16:18:28.124] [SEVERE ] removing player 1 token from slot 5
[16:18:28.124] [SEVERE ] player 1 placing token on slot 6
[16:18:28.124] [SEVERE ] setting player 1 freeze to 0
[16:18:28.124] [SEVERE ] setting player 3 freeze to 0
[16:18:28.124] [SEVERE ] removing player 3 token from slot 11
[16:18:28.124] [SEVERE ] player 3 placing token on slot 4
[16:18:28.125] [SEVERE ] setting player 3 freeze to 0
[16:18:28.125] [SEVERE ] setting player 4 freeze to 0
[16:18:28.125] [SEVERE ] removing player 4 token from slot 1
[16:18:28.125] [SEVERE ] player 4 placing token on slot 8
[16:18:28.125] [SEVERE ] setting player 4 freeze to 0
[16:18:28.125] [SEVERE ] setting player 1 freeze to 0
[16:18:28.125] [SEVERE ] removing player 1 token from slot 7
[16:18:28.125] [SEVERE ] player 1 placing token on slot 8
[16:18:28.125] [SEVERE ] setting player 1 freeze to 0
[16:18:28.125] [SEVERE ] setting player 2 freeze to 0
[16:18:28.126] [SEVERE ] removing player 2 token from slot 9
[16:18:28.126] [SEVERE ] player 2 placing token on slot 10
[16:18:28.126] [SEVERE ] setting player 2 freeze to 0
[16:18:28.126] [SEVERE ] setting player 3 freeze to 0
[16:18:28.126] [SEVERE ] removing player 3 token from slot 4
[16:18:28.126] [SEVERE ] player 3 placing token on slot 8
[16:18:28.127] [SEVERE ] setting player 3 freeze to 0
[16:18:28.127] [SEVERE ] setting player 1 freeze to 0
[16:18:28.127] [SEVERE ] removing player 1 token from slot 11
[16:18:28.127] [SEVERE ] player 1 placing token on slot 5
[16:18:28.127] [SEVERE ] setting player 1 freeze to 0
[16:18:28.127] [SEVERE ] setting player 4 freeze to 0
[16:18:28.127] [SEVERE ] removing player 4 token from slot 4
[16:18:28.127] [SEVERE ] removing player 4 token from slot 9
[16:18:28.127] [SEVERE ] player 4 placing token on slot 3
[16:18:28.127] [SEVERE ] player 4 placing token on slot 2
[16:18:28.128] [SEVERE ] setting player 4 freeze to 0
[16:18:28.128] [SEVERE ] setting player 2 freeze to 0
[16:18:28.128] [SEVERE ] removing player 2 token from slot 0
[16:18:28.128] [SEVERE ] player 2 placing token on slot 11
[16:18:28.128] [SEVERE ] setting player 2 freeze to 0
[16:18:28.128] [SEVERE ] setting player 3 freeze to 0
[16:18:28.128] [SEVERE ] removing player 3 token from slot 2
[16:18:28.128] [SEVERE ] player 3 placing token on slot 2
[16:18:28.129] [SEVERE ] setting player 3 freeze to 0
[16:18:28.129] [SEVERE ] setting player 1 freeze to 0
[16:18:28.129] [SEVERE ] removing player 1 token from slot 8
[16:18:28.129] [SEVERE ] player 1 placing token on slot 3
[16:18:28.129] [SEVERE ] setting player 1 freeze to 0
[16:18:28.129] [SEVERE ] setting player 2 freeze to 0
[16:18:28.129] [SEVERE ] removing player 2 token from slot 5
[16:18:28.129] [SEVERE ] player 2 placing token on slot 0
[16:18:28.130] [SEVERE ] setting player 2 freeze to 0
[16:18:28.130] [SEVERE ] setting player 3 freeze to 0
[16:18:28.130] [SEVERE ] removing player 3 token from slot 10
[16:18:28.130] [SEVERE ] player 3 placing token on slot 11
[16:18:28.130] [SEVERE ] setting player 3 freeze to 0
[16:18:28.130] [SEVERE ] setting player 4 freeze to 0
[16:18:28.130] [SEVERE ] removing player 4 token from slot 3
[16:18:28.130] [SEVERE ] player 4 placing token on slot 7
[16:18:28.130] [SEVERE ] setting player 4 freeze to 0
[16:18:28.232] [SEVERE ] removing player 1 token from slot 6
[16:18:28.232] [SEVERE ] removing player 2 token from slot 6
[16:18:28.232] [SEVERE ] removing player 3 token from slot 6
[16:18:28.232] [SEVERE ] removing player 4 token from slot 6
[16:18:28.232] [SEVERE ] removing card from slot 6
[16:18:28.343] [SEVERE ] removing player 1 token from slot 5
[16:18:28.343] [SEVERE ] removing player 2 token from slot 5
[16:18:28.343] [SEVERE ] removing player 3 token from slot 5
[16:18:28.343] [SEVERE ] removing player 4 token from slot 5
[16:18:28.343] [SEVERE ] removing card from slot 5
[16:18:28.422] [SEVERE ] exit button pressed
[16:18:28.422] [INFO   ] thread computer-3 terminated.
[16:18:28.422] [INFO   ] thread Thread-3 terminated.
[16:18:28.422] [INFO   ] thread computer-2 terminated.
[16:18:28.422] [INFO   ] thread Thread-2 terminated.
[16:18:28.422] [INFO   ] thread computer-1 terminated.
[16:18:28.422] [INFO   ] thread Thread-1 terminated.
[16:18:28.422] [INFO   ] thread computer-0 terminated.
[16:18:28.422] [INFO   ] thread Thread-0 terminated.
[16:18:28.446] [SEVERE ] removing player 1 token from slot 3
[16:18:28.446] [SEVERE ] removing player 2 token from slot 3
[16:18:28.446] [SEVERE ] removing player 3 token from slot 3
[16:18:28.446] [SEVERE ] removing player 4 token from slot 3
[16:18:28.446] [SEVERE ] removing card from slot 3
[16:18:28.554] [SEVERE ] placing card 79 in slot 3
[16:18:28.664] [SEVERE ] placing card 8 in slot 5
[16:18:28.774] [SEVERE ] placing card 65 in slot 6
[16:18:28.774] [SEVERE ] updating countdown to 60000
[16:18:28.774] [SEVERE ] setting player 1 score to 2
[16:18:28.774] [SEVERE ] setting player 1 freeze to 0
[16:18:28.880] [SEVERE ] removing player 1 token from slot 0
[16:18:28.880] [SEVERE ] removing player 2 token from slot 0
[16:18:28.880] [SEVERE ] removing player 3 token from slot 0
[16:18:28.880] [SEVERE ] removing player 4 token from slot 0
[16:18:28.880] [SEVERE ] removing card from slot 0
[16:18:28.990] [SEVERE ] removing player 1 token from slot 1
[16:18:28.990] [SEVERE ] removing player 2 token from slot 1
[16:18:28.990] [SEVERE ] removing player 3 token from slot 1
[16:18:28.990] [SEVERE ] removing player 4 token from slot 1
[16:18:28.990] [SEVERE ] removing card from slot 1
[16:18:29.100] [SEVERE ] removing player 1 token from slot 2
[16:18:29.100] [SEVERE ] removing player 2 token from slot 2
[16:18:29.100] [SEVERE ] removing player 3 token from slot 2
[16:18:29.100] [SEVERE ] removing player 4 token from slot 2
[16:18:29.100] [SEVERE ] removing card from slot 2
[16:18:29.210] [SEVERE ] removing player 1 token from slot 3
[16:18:29.210] [SEVERE ] removing player 2 token from slot 3
[16:18:29.210] [SEVERE ] removing player 3 token from slot 3
[16:18:29.210] [SEVERE ] removing player 4 token from slot 3
[16:18:29.210] [SEVERE ] removing card from slot 3
[16:18:29.320] [SEVERE ] removing player 1 token from slot 4
[16:18:29.320] [SEVERE ] removing player 2 token from slot 4
[16:18:29.320] [SEVERE ] removing player 3 token from slot 4
[16:18:29.320] [SEVERE ] removing player 4 token from slot 4
[16:18:29.320] [SEVERE ] removing card from slot 4
[16:18:29.430] [SEVERE ] removing player 1 token from slot 5
[16:18:29.430] [SEVERE ] removing player 2 token from slot 5
[16:18:29.430] [SEVERE ] removing player 3 token from slot 5
[16:18:29.430] [SEVERE ] removing player 4 token from slot 5
[16:18:29.430] [SEVERE ] removing card from slot 5
[16:18:29.539] [SEVERE ] removing player 1 token from slot 6
[16:18:29.539] [SEVERE ] removing player 2 token from slot 6
[16:18:29.539] [SEVERE ] removing player 3 token from slot 6
[16:18:29.539] [SEVERE ] removing player 4 token from slot 6
[16:18:29.539] [SEVERE ] removing card from slot 6
[16:18:29.649] [SEVERE ] removing player 1 token from slot 7
[16:18:29.649] [SEVERE ] removing player 2 token from slot 7
[16:18:29.649] [SEVERE ] removing player 3 token from slot 7
[16:18:29.649] [SEVERE ] removing player 4 token from slot 7
[16:18:29.649] [SEVERE ] removing card from slot 7
[16:18:29.759] [SEVERE ] removing player 1 token from slot 8
[16:18:29.759] [SEVERE ] removing player 2 token from slot 8
[16:18:29.759] [SEVERE ] removing player 3 token from slot 8
[16:18:29.759] [SEVERE ] removing player 4 token from slot 8
[16:18:29.759] [SEVERE ] removing card from slot 8
[16:18:29.869] [SEVERE ] removing player 1 token from slot 9
[16:18:29.869] [SEVERE ] removing player 2 token from slot 9
[16:18:29.869] [SEVERE ] removing player 3 token from slot 9
[16:18:29.869] [SEVERE ] removing player 4 token from slot 9
[16:18:29.869] [SEVERE ] removing card from slot 9
[16:18:29.979] [SEVERE ] removing player 1 token from slot 10
[16:18:29.979] [SEVERE ] removing player 2 token from slot 10
[16:18:29.979] [SEVERE ] removing player 3 token from slot 10
[16:18:29.979] [SEVERE ] removing player 4 token from slot 10
[16:18:29.979] [SEVERE ] removing card from slot 10
[16:18:30.088] [SEVERE ] removing player 1 token from slot 11
[16:18:30.088] [SEVERE ] removing player 2 token from slot 11
[16:18:30.088] [SEVERE ] removing player 3 token from slot 11
[16:18:30.088] [SEVERE ] removing player 4 token from slot 11
[16:18:30.088] [SEVERE ] removing card from slot 11
[16:18:30.088] [SEVERE ] announcing winner(s): player 1
[16:18:30.088] [INFO   ] thread dealer terminated.
[16:18:30.088] [INFO   ] thread dealer terminated.
[16:18:30.088] [SEVERE ] thanks for playing... it was fun!
[16:18:30.088] [INFO   ] thread main terminated.
