[16:11:24.609] [INFO   ] thread main starting.
[16:11:24.612] [SEVERE ] cannot read configuration file config.properties trying from resources.
[16:11:24.612] [SEVERE ] configuration file was loaded from resources directory.
[16:11:25.005] [INFO   ] thread dealer starting.
[16:11:25.006] [INFO   ] thread dealer starting.
[16:11:25.006] [INFO   ] thread Thread-0 starting.
[16:11:25.007] [INFO   ] thread Thread-2 starting.
[16:11:25.007] [INFO   ] thread Thread-1 starting.
[16:11:25.007] [INFO   ] thread Thread-3 starting.
[16:11:25.008] [INFO   ] thread computer-0 starting.
[16:11:25.008] [INFO   ] thread computer-2 starting.
[16:11:25.008] [INFO   ] thread computer-1 starting.
[16:11:25.009] [INFO   ] thread computer-3 starting.
[16:11:25.113] [SEVERE ] placing card 10 in slot 0
[16:11:25.223] [SEVERE ] placing card 66 in slot 1
[16:11:25.333] [SEVERE ] placing card 21 in slot 2
[16:11:25.436] [SEVERE ] placing card 33 in slot 3
[16:11:25.538] [SEVERE ] placing card 73 in slot 4
[16:11:25.640] [SEVERE ] placing card 39 in slot 5
[16:11:25.748] [SEVERE ] placing card 80 in slot 6
[16:11:25.854] [SEVERE ] placing card 29 in slot 7
[16:11:25.955] [SEVERE ] placing card 3 in slot 8
[16:11:26.070] [SEVERE ] placing card 43 in slot 9
[16:11:26.171] [SEVERE ] placing card 9 in slot 10
[16:11:26.283] [SEVERE ] placing card 30 in slot 11
[16:11:26.284] [SEVERE ] player 4 placing token on slot 0
[16:11:26.285] [SEVERE ] player 4 placing token on slot 10
[16:11:26.285] [SEVERE ] player 3 placing token on slot 6
[16:11:26.285] [SEVERE ] player 3 placing token on slot 7
[16:11:26.287] [SEVERE ] player 2 placing token on slot 1
[16:11:26.288] [SEVERE ] player 2 placing token on slot 7
[16:11:26.288] [SEVERE ] player 1 placing token on slot 1
[16:11:26.289] [SEVERE ] player 4 placing token on slot 3
[16:11:26.289] [SEVERE ] player 3 placing token on slot 8
[16:11:26.289] [SEVERE ] removing player 1 token from slot 1
[16:11:26.289] [SEVERE ] player 1 placing token on slot 10
[16:11:26.289] [SEVERE ] player 1 placing token on slot 3
[16:11:26.289] [SEVERE ] removing player 2 token from slot 7
[16:11:26.293] [SEVERE ] removing player 2 token from slot 1
[16:11:26.293] [SEVERE ] player 2 placing token on slot 2
[16:11:26.293] [SEVERE ] player 2 placing token on slot 11
[16:11:26.293] [SEVERE ] player 2 placing token on slot 6
[16:11:26.293] [SEVERE ] player 1 placing token on slot 4
[16:11:26.301] [SEVERE ] updating countdown to 60000
[16:11:26.302] [SEVERE ] setting player 3 freeze to 0
[16:11:26.303] [SEVERE ] removing player 3 token from slot 8
[16:11:26.303] [SEVERE ] player 3 placing token on slot 1
[16:11:26.307] [SEVERE ] setting player 3 freeze to 0
[16:11:26.307] [SEVERE ] setting player 4 freeze to 0
[16:11:26.307] [SEVERE ] removing player 4 token from slot 3
[16:11:26.307] [SEVERE ] player 4 placing token on slot 6
[16:11:26.307] [SEVERE ] setting player 4 freeze to 0
[16:11:26.307] [SEVERE ] setting player 1 freeze to 0
[16:11:26.307] [SEVERE ] removing player 1 token from slot 10
[16:11:26.307] [SEVERE ] player 1 placing token on slot 9
[16:11:26.307] [SEVERE ] setting player 1 freeze to 0
[16:11:26.307] [SEVERE ] setting player 2 freeze to 0
[16:11:26.307] [SEVERE ] removing player 2 token from slot 2
[16:11:26.307] [SEVERE ] removing player 2 token from slot 6
[16:11:26.307] [SEVERE ] player 2 placing token on slot 4
[16:11:26.307] [SEVERE ] player 2 placing token on slot 5
[16:11:26.307] [SEVERE ] setting player 2 freeze to 0
[16:11:26.307] [SEVERE ] setting player 3 freeze to 0
[16:11:26.307] [SEVERE ] removing player 3 token from slot 7
[16:11:26.317] [SEVERE ] removing player 3 token from slot 1
[16:11:26.317] [SEVERE ] player 3 placing token on slot 11
[16:11:26.317] [SEVERE ] player 3 placing token on slot 2
[16:11:26.317] [SEVERE ] setting player 3 freeze to 0
[16:11:26.318] [SEVERE ] setting player 1 freeze to 0
[16:11:26.318] [SEVERE ] removing player 1 token from slot 4
[16:11:26.318] [SEVERE ] player 1 placing token on slot 6
[16:11:26.318] [SEVERE ] setting player 1 freeze to 0
[16:11:26.319] [SEVERE ] setting player 2 freeze to 0
[16:11:26.319] [SEVERE ] removing player 2 token from slot 4
[16:11:26.319] [SEVERE ] player 2 placing token on slot 8
[16:11:26.319] [SEVERE ] setting player 2 freeze to 0
[16:11:26.320] [SEVERE ] setting player 4 freeze to 0
[16:11:26.320] [SEVERE ] removing player 4 token from slot 10
[16:11:26.320] [SEVERE ] player 4 placing token on slot 8
[16:11:26.320] [SEVERE ] setting player 4 freeze to 0
[16:11:26.321] [SEVERE ] setting player 3 freeze to 0
[16:11:26.321] [SEVERE ] removing player 3 token from slot 2
[16:11:26.321] [SEVERE ] player 3 placing token on slot 2
[16:11:26.322] [SEVERE ] setting player 3 freeze to 0
[16:11:26.322] [SEVERE ] setting player 1 freeze to 0
[16:11:26.322] [SEVERE ] removing player 1 token from slot 3
[16:11:26.322] [SEVERE ] player 1 placing token on slot 11
[16:11:26.323] [SEVERE ] setting player 1 freeze to 0
[16:11:26.323] [SEVERE ] setting player 2 freeze to 0
[16:11:26.323] [SEVERE ] removing player 2 token from slot 11
[16:11:26.323] [SEVERE ] player 2 placing token on slot 10
[16:11:26.324] [SEVERE ] setting player 2 freeze to 0
[16:11:26.324] [SEVERE ] setting player 4 freeze to 0
[16:11:26.324] [SEVERE ] removing player 4 token from slot 8
[16:11:26.324] [SEVERE ] player 4 placing token on slot 10
[16:11:26.324] [SEVERE ] setting player 4 freeze to 0
[16:11:26.324] [SEVERE ] setting player 1 freeze to 0
[16:11:26.324] [SEVERE ] removing player 1 token from slot 6
[16:11:26.324] [SEVERE ] player 1 placing token on slot 6
[16:11:26.324] [SEVERE ] setting player 1 freeze to 0
[16:11:26.324] [SEVERE ] setting player 3 freeze to 0
[16:11:26.324] [SEVERE ] removing player 3 token from slot 2
[16:11:26.324] [SEVERE ] player 3 placing token on slot 3
[16:11:26.324] [SEVERE ] setting player 3 freeze to 0
[16:11:26.324] [SEVERE ] setting player 2 freeze to 0
[16:11:26.324] [SEVERE ] removing player 2 token from slot 10
[16:11:26.324] [SEVERE ] player 2 placing token on slot 3
[16:11:26.324] [SEVERE ] setting player 2 freeze to 0
[16:11:26.324] [SEVERE ] setting player 1 freeze to 0
[16:11:26.324] [SEVERE ] removing player 1 token from slot 6
[16:11:26.324] [SEVERE ] player 1 placing token on slot 5
[16:11:26.324] [SEVERE ] setting player 1 freeze to 0
[16:11:26.324] [SEVERE ] setting player 1 freeze to 0
[16:11:26.324] [SEVERE ] removing player 1 token from slot 9
[16:11:26.324] [SEVERE ] player 1 placing token on slot 10
[16:11:26.324] [SEVERE ] setting player 1 freeze to 0
[16:11:26.324] [SEVERE ] setting player 1 freeze to 0
[16:11:26.324] [SEVERE ] removing player 1 token from slot 10
[16:11:26.324] [SEVERE ] player 1 placing token on slot 4
[16:11:26.324] [SEVERE ] setting player 1 freeze to 0
[16:11:26.324] [SEVERE ] setting player 1 freeze to 0
[16:11:26.324] [SEVERE ] removing player 1 token from slot 4
[16:11:26.324] [SEVERE ] removing player 1 token from slot 11
[16:11:26.324] [SEVERE ] player 1 placing token on slot 6
[16:11:26.324] [SEVERE ] player 1 placing token on slot 7
[16:11:26.324] [SEVERE ] setting player 1 freeze to 0
[16:11:26.324] [SEVERE ] setting player 1 freeze to 0
[16:11:26.324] [SEVERE ] removing player 1 token from slot 7
[16:11:26.324] [SEVERE ] player 1 placing token on slot 3
[16:11:26.334] [SEVERE ] setting player 1 freeze to 0
[16:11:26.334] [SEVERE ] setting player 2 freeze to 0
[16:11:26.334] [SEVERE ] removing player 2 token from slot 5
[16:11:26.334] [SEVERE ] player 2 placing token on slot 7
[16:11:26.334] [SEVERE ] setting player 2 freeze to 0
[16:11:26.334] [SEVERE ] setting player 3 freeze to 0
[16:11:26.334] [SEVERE ] removing player 3 token from slot 6
[16:11:26.334] [SEVERE ] player 3 placing token on slot 0
[16:11:26.335] [SEVERE ] setting player 3 freeze to 0
[16:11:26.335] [SEVERE ] setting player 4 freeze to 0
[16:11:26.335] [SEVERE ] removing player 4 token from slot 0
[16:11:26.335] [SEVERE ] player 4 placing token on slot 11
[16:11:26.335] [SEVERE ] setting player 4 freeze to 0
[16:11:26.335] [SEVERE ] setting player 1 freeze to 0
[16:11:26.335] [SEVERE ] removing player 1 token from slot 5
[16:11:26.335] [SEVERE ] player 1 placing token on slot 7
[16:11:26.336] [SEVERE ] setting player 1 freeze to 0
[16:11:26.336] [SEVERE ] setting player 2 freeze to 0
[16:11:26.336] [SEVERE ] removing player 2 token from slot 3
[16:11:26.336] [SEVERE ] player 2 placing token on slot 5
[16:11:26.336] [SEVERE ] setting player 2 freeze to 0
[16:11:26.336] [SEVERE ] setting player 3 freeze to 0
[16:11:26.337] [SEVERE ] removing player 3 token from slot 11
[16:11:26.337] [SEVERE ] player 3 placing token on slot 4
[16:11:26.337] [SEVERE ] setting player 3 freeze to 0
[16:11:26.337] [SEVERE ] setting player 4 freeze to 0
[16:11:26.337] [SEVERE ] removing player 4 token from slot 6
[16:11:26.337] [SEVERE ] player 4 placing token on slot 2
[16:11:26.337] [SEVERE ] setting player 4 freeze to 0
[16:11:26.337] [SEVERE ] setting player 1 freeze to 0
[16:11:26.337] [SEVERE ] removing player 1 token from slot 3
[16:11:26.338] [SEVERE ] player 1 placing token on slot 8
[16:11:26.338] [SEVERE ] setting player 1 freeze to 0
[16:11:26.338] [SEVERE ] setting player 2 freeze to 0
[16:11:26.338] [SEVERE ] removing player 2 token from slot 5
[16:11:26.339] [SEVERE ] player 2 placing token on slot 5
[16:11:26.339] [SEVERE ] setting player 2 freeze to 0
[16:11:26.339] [SEVERE ] setting player 3 freeze to 0
[16:11:26.340] [SEVERE ] removing player 3 token from slot 0
[16:11:26.340] [SEVERE ] player 3 placing token on slot 0
[16:11:26.340] [SEVERE ] setting player 3 freeze to 0
[16:11:26.340] [SEVERE ] setting player 4 freeze to 0
[16:11:26.340] [SEVERE ] removing player 4 token from slot 2
[16:11:26.341] [SEVERE ] player 4 placing token on slot 0
[16:11:26.341] [SEVERE ] setting player 4 freeze to 0
[16:11:26.341] [SEVERE ] setting player 1 freeze to 0
[16:11:26.341] [SEVERE ] removing player 1 token from slot 8
[16:11:26.342] [SEVERE ] player 1 placing token on slot 8
[16:11:26.342] [SEVERE ] setting player 1 freeze to 0
[16:11:26.343] [SEVERE ] setting player 2 freeze to 0
[16:11:26.343] [SEVERE ] removing player 2 token from slot 5
[16:11:26.343] [SEVERE ] player 2 placing token on slot 4
[16:11:26.344] [SEVERE ] setting player 2 freeze to 0
[16:11:26.344] [SEVERE ] setting player 3 freeze to 0
[16:11:26.344] [SEVERE ] removing player 3 token from slot 4
[16:11:26.344] [SEVERE ] player 3 placing token on slot 7
[16:11:26.344] [SEVERE ] setting player 3 freeze to 0
[16:11:26.344] [SEVERE ] setting player 4 freeze to 0
[16:11:26.344] [SEVERE ] removing player 4 token from slot 10
[16:11:26.344] [SEVERE ] player 4 placing token on slot 9
[16:11:26.344] [SEVERE ] setting player 4 freeze to 0
[16:11:26.344] [SEVERE ] setting player 1 freeze to 0
[16:11:26.344] [SEVERE ] removing player 1 token from slot 6
[16:11:26.344] [SEVERE ] player 1 placing token on slot 6
[16:11:26.347] [SEVERE ] setting player 1 freeze to 0
[16:11:26.347] [SEVERE ] setting player 2 freeze to 0
[16:11:26.347] [SEVERE ] removing player 2 token from slot 7
[16:11:26.348] [SEVERE ] player 2 placing token on slot 6
[16:11:26.349] [SEVERE ] setting player 2 freeze to 0
[16:11:26.349] [SEVERE ] setting player 3 freeze to 0
[16:11:26.349] [SEVERE ] removing player 3 token from slot 7
[16:11:26.349] [SEVERE ] player 3 placing token on slot 1
[16:11:26.349] [SEVERE ] setting player 3 freeze to 0
[16:11:26.350] [SEVERE ] setting player 4 freeze to 0
[16:11:26.350] [SEVERE ] removing player 4 token from slot 11
[16:11:26.350] [SEVERE ] player 4 placing token on slot 5
[16:11:26.350] [SEVERE ] setting player 4 freeze to 0
[16:11:26.351] [SEVERE ] setting player 1 freeze to 0
[16:11:26.351] [SEVERE ] removing player 1 token from slot 6
[16:11:26.351] [SEVERE ] player 1 placing token on slot 11
[16:11:26.351] [SEVERE ] setting player 1 freeze to 0
[16:11:26.351] [SEVERE ] setting player 2 freeze to 0
[16:11:26.351] [SEVERE ] removing player 2 token from slot 4
[16:11:26.352] [SEVERE ] player 2 placing token on slot 1
[16:11:26.352] [SEVERE ] setting player 2 freeze to 0
[16:11:26.352] [SEVERE ] setting player 3 freeze to 0
[16:11:26.352] [SEVERE ] removing player 3 token from slot 0
[16:11:26.352] [SEVERE ] player 3 placing token on slot 2
[16:11:26.353] [SEVERE ] setting player 3 freeze to 0
[16:11:26.353] [SEVERE ] setting player 4 freeze to 0
[16:11:26.353] [SEVERE ] removing player 4 token from slot 9
[16:11:26.353] [SEVERE ] player 4 placing token on slot 9
[16:11:26.354] [SEVERE ] setting player 4 freeze to 0
[16:11:26.354] [SEVERE ] setting player 1 freeze to 0
[16:11:26.354] [SEVERE ] removing player 1 token from slot 8
[16:11:26.354] [SEVERE ] player 1 placing token on slot 8
[16:11:26.354] [SEVERE ] setting player 1 freeze to 0
[16:11:26.354] [SEVERE ] setting player 2 freeze to 0
[16:11:26.354] [SEVERE ] removing player 2 token from slot 8
[16:11:26.355] [SEVERE ] player 2 placing token on slot 0
[16:11:26.355] [SEVERE ] setting player 2 freeze to 0
[16:11:26.355] [SEVERE ] setting player 3 freeze to 0
[16:11:26.355] [SEVERE ] removing player 3 token from slot 2
[16:11:26.355] [SEVERE ] player 3 placing token on slot 4
[16:11:26.356] [SEVERE ] setting player 3 freeze to 0
[16:11:26.356] [SEVERE ] setting player 1 freeze to 0
[16:11:26.356] [SEVERE ] removing player 1 token from slot 11
[16:11:26.356] [SEVERE ] removing player 1 token from slot 7
[16:11:26.356] [SEVERE ] player 1 placing token on slot 5
[16:11:26.356] [SEVERE ] player 1 placing token on slot 6
[16:11:26.356] [SEVERE ] setting player 1 freeze to 0
[16:11:26.356] [SEVERE ] setting player 4 freeze to 0
[16:11:26.356] [SEVERE ] removing player 4 token from slot 9
[16:11:26.356] [SEVERE ] player 4 placing token on slot 8
[16:11:26.356] [SEVERE ] setting player 4 freeze to 0
[16:11:26.356] [SEVERE ] setting player 2 freeze to 0
[16:11:26.356] [SEVERE ] removing player 2 token from slot 0
[16:11:26.356] [SEVERE ] removing player 2 token from slot 1
[16:11:26.356] [SEVERE ] player 2 placing token on slot 8
[16:11:26.356] [SEVERE ] player 2 placing token on slot 11
[16:11:26.356] [SEVERE ] setting player 2 freeze to 0
[16:11:26.356] [SEVERE ] setting player 1 freeze to 0
[16:11:26.356] [SEVERE ] removing player 1 token from slot 6
[16:11:26.356] [SEVERE ] removing player 1 token from slot 8
[16:11:26.356] [SEVERE ] player 1 placing token on slot 8
[16:11:26.356] [SEVERE ] player 1 placing token on slot 6
[16:11:26.356] [SEVERE ] setting player 1 freeze to 0
[16:11:26.356] [SEVERE ] setting player 1 freeze to 0
[16:11:26.356] [SEVERE ] removing player 1 token from slot 5
[16:11:26.356] [SEVERE ] player 1 placing token on slot 4
[16:11:26.356] [SEVERE ] setting player 1 freeze to 0
[16:11:26.356] [SEVERE ] setting player 1 freeze to 0
[16:11:26.356] [SEVERE ] removing player 1 token from slot 6
[16:11:26.356] [SEVERE ] removing player 1 token from slot 8
[16:11:26.356] [SEVERE ] player 1 placing token on slot 5
[16:11:26.356] [SEVERE ] player 1 placing token on slot 3
[16:11:26.356] [SEVERE ] setting player 1 freeze to 0
[16:11:26.356] [SEVERE ] setting player 1 freeze to 0
[16:11:26.356] [SEVERE ] removing player 1 token from slot 5
[16:11:26.356] [SEVERE ] player 1 placing token on slot 0
[16:11:26.356] [SEVERE ] setting player 1 freeze to 0
[16:11:26.356] [SEVERE ] setting player 1 freeze to 0
[16:11:26.356] [SEVERE ] removing player 1 token from slot 0
[16:11:26.356] [SEVERE ] player 1 placing token on slot 1
[16:11:26.356] [SEVERE ] setting player 1 freeze to 0
[16:11:26.356] [SEVERE ] setting player 1 freeze to 0
[16:11:26.356] [SEVERE ] removing player 1 token from slot 4
[16:11:26.356] [SEVERE ] player 1 placing token on slot 4
[16:11:26.364] [SEVERE ] setting player 1 freeze to 0
[16:11:26.364] [SEVERE ] setting player 1 freeze to 0
[16:11:26.364] [SEVERE ] removing player 1 token from slot 3
[16:11:26.364] [SEVERE ] player 1 placing token on slot 3
[16:11:26.365] [SEVERE ] setting player 1 freeze to 0
[16:11:26.365] [SEVERE ] setting player 2 freeze to 0
[16:11:26.365] [SEVERE ] removing player 2 token from slot 8
[16:11:26.365] [SEVERE ] player 2 placing token on slot 3
[16:11:26.365] [SEVERE ] setting player 2 freeze to 0
[16:11:26.366] [SEVERE ] setting player 3 freeze to 0
[16:11:26.366] [SEVERE ] removing player 3 token from slot 3
[16:11:26.366] [SEVERE ] removing player 3 token from slot 1
[16:11:26.366] [SEVERE ] player 3 placing token on slot 9
[16:11:26.366] [SEVERE ] player 3 placing token on slot 7
[16:11:26.366] [SEVERE ] setting player 3 freeze to 0
[16:11:26.366] [SEVERE ] setting player 4 freeze to 0
[16:11:26.366] [SEVERE ] removing player 4 token from slot 0
[16:11:26.367] [SEVERE ] player 4 placing token on slot 9
[16:11:26.367] [SEVERE ] setting player 4 freeze to 0
[16:11:26.367] [SEVERE ] setting player 1 freeze to 0
[16:11:26.367] [SEVERE ] removing player 1 token from slot 4
[16:11:26.367] [SEVERE ] player 1 placing token on slot 5
[16:11:26.367] [SEVERE ] setting player 1 freeze to 0
[16:11:26.368] [SEVERE ] setting player 2 freeze to 0
[16:11:26.368] [SEVERE ] removing player 2 token from slot 11
[16:11:26.368] [SEVERE ] player 2 placing token on slot 9
[16:11:26.368] [SEVERE ] setting player 2 freeze to 0
[16:11:26.368] [SEVERE ] setting player 3 freeze to 0
[16:11:26.368] [SEVERE ] removing player 3 token from slot 4
[16:11:26.368] [SEVERE ] player 3 placing token on slot 8
[16:11:26.369] [SEVERE ] setting player 3 freeze to 0
[16:11:26.369] [SEVERE ] setting player 1 freeze to 0
[16:11:26.369] [SEVERE ] removing player 1 token from slot 1
[16:11:26.369] [SEVERE ] player 1 placing token on slot 9
[16:11:26.370] [SEVERE ] setting player 1 freeze to 0
[16:11:26.370] [SEVERE ] setting player 4 freeze to 0
[16:11:26.370] [SEVERE ] removing player 4 token from slot 9
[16:11:26.370] [SEVERE ] player 4 placing token on slot 9
[16:11:26.371] [SEVERE ] setting player 4 freeze to 0
[16:11:26.371] [SEVERE ] setting player 2 freeze to 0
[16:11:26.371] [SEVERE ] removing player 2 token from slot 3
[16:11:26.371] [SEVERE ] player 2 placing token on slot 7
[16:11:26.371] [SEVERE ] setting player 2 freeze to 0
[16:11:26.371] [SEVERE ] setting player 3 freeze to 0
[16:11:26.371] [SEVERE ] removing player 3 token from slot 7
[16:11:26.371] [SEVERE ] removing player 3 token from slot 8
[16:11:26.372] [SEVERE ] player 3 placing token on slot 5
[16:11:26.372] [SEVERE ] player 3 placing token on slot 2
[16:11:26.372] [SEVERE ] setting player 3 freeze to 0
[16:11:26.372] [SEVERE ] setting player 1 freeze to 0
[16:11:26.372] [SEVERE ] removing player 1 token from slot 3
[16:11:26.372] [SEVERE ] player 1 placing token on slot 0
[16:11:26.373] [SEVERE ] setting player 1 freeze to 0
[16:11:26.373] [SEVERE ] setting player 4 freeze to 0
[16:11:26.373] [SEVERE ] removing player 4 token from slot 5
[16:11:26.373] [SEVERE ] player 4 placing token on slot 7
[16:11:26.373] [SEVERE ] setting player 4 freeze to 0
[16:11:26.373] [SEVERE ] setting player 2 freeze to 0
[16:11:26.373] [SEVERE ] removing player 2 token from slot 6
[16:11:26.374] [SEVERE ] player 2 placing token on slot 11
[16:11:26.374] [SEVERE ] setting player 2 freeze to 0
[16:11:26.374] [SEVERE ] setting player 1 freeze to 0
[16:11:26.374] [SEVERE ] removing player 1 token from slot 9
[16:11:26.374] [SEVERE ] removing player 1 token from slot 5
[16:11:26.374] [SEVERE ] player 1 placing token on slot 1
[16:11:26.374] [SEVERE ] removing player 1 token from slot 0
[16:11:26.374] [SEVERE ] removing player 1 token from slot 1
[16:11:26.374] [SEVERE ] player 1 placing token on slot 6
[16:11:26.374] [SEVERE ] player 1 placing token on slot 5
[16:11:26.374] [SEVERE ] removing player 1 token from slot 6
[16:11:26.374] [SEVERE ] player 1 placing token on slot 4
[16:11:26.374] [SEVERE ] player 1 placing token on slot 9
[16:11:26.374] [SEVERE ] setting player 1 freeze to 0
[16:11:26.374] [SEVERE ] setting player 3 freeze to 0
[16:11:26.374] [SEVERE ] removing player 3 token from slot 9
[16:11:26.374] [SEVERE ] player 3 placing token on slot 0
[16:11:26.374] [SEVERE ] setting player 3 freeze to 0
[16:11:26.374] [SEVERE ] setting player 4 freeze to 0
[16:11:26.374] [SEVERE ] removing player 4 token from slot 9
[16:11:26.374] [SEVERE ] player 4 placing token on slot 0
[16:11:26.374] [SEVERE ] setting player 4 freeze to 0
[16:11:26.374] [SEVERE ] setting player 1 freeze to 0
[16:11:26.374] [SEVERE ] removing player 1 token from slot 9
[16:11:26.374] [SEVERE ] removing player 1 token from slot 4
[16:11:26.374] [SEVERE ] player 1 placing token on slot 0
[16:11:26.374] [SEVERE ] player 1 placing token on slot 8
[16:11:26.374] [SEVERE ] setting player 1 freeze to 0
[16:11:26.374] [SEVERE ] setting player 1 freeze to 0
[16:11:26.374] [SEVERE ] removing player 1 token from slot 8
[16:11:26.374] [SEVERE ] player 1 placing token on slot 2
[16:11:26.374] [SEVERE ] setting player 1 freeze to 0
[16:11:26.374] [SEVERE ] setting player 1 freeze to 0
[16:11:26.374] [SEVERE ] removing player 1 token from slot 5
[16:11:26.374] [SEVERE ] player 1 placing token on slot 4
[16:11:26.374] [SEVERE ] setting player 1 freeze to 0
[16:11:26.374] [SEVERE ] setting player 1 freeze to 0
[16:11:26.374] [SEVERE ] removing player 1 token from slot 2
[16:11:26.374] [SEVERE ] player 1 placing token on slot 9
[16:11:26.374] [SEVERE ] setting player 1 freeze to 0
[16:11:26.374] [SEVERE ] setting player 1 freeze to 0
[16:11:26.374] [SEVERE ] removing player 1 token from slot 4
[16:11:26.374] [SEVERE ] player 1 placing token on slot 10
[16:11:26.381] [SEVERE ] setting player 1 freeze to 0
[16:11:26.381] [SEVERE ] setting player 2 freeze to 0
[16:11:26.381] [SEVERE ] removing player 2 token from slot 7
[16:11:26.381] [SEVERE ] player 2 placing token on slot 10
[16:11:26.382] [SEVERE ] setting player 2 freeze to 0
[16:11:26.382] [SEVERE ] setting player 3 freeze to 0
[16:11:26.382] [SEVERE ] removing player 3 token from slot 2
[16:11:26.382] [SEVERE ] player 3 placing token on slot 8
[16:11:26.382] [SEVERE ] setting player 3 freeze to 0
[16:11:26.382] [SEVERE ] setting player 4 freeze to 0
[16:11:26.382] [SEVERE ] removing player 4 token from slot 7
[16:11:26.382] [SEVERE ] player 4 placing token on slot 11
[16:11:26.383] [SEVERE ] setting player 4 freeze to 0
[16:11:26.383] [SEVERE ] setting player 1 freeze to 0
[16:11:26.383] [SEVERE ] removing player 1 token from slot 10
[16:11:26.383] [SEVERE ] player 1 placing token on slot 5
[16:11:26.383] [SEVERE ] setting player 1 freeze to 0
[16:11:26.383] [SEVERE ] setting player 2 freeze to 0
[16:11:26.383] [SEVERE ] removing player 2 token from slot 11
[16:11:26.383] [SEVERE ] player 2 placing token on slot 1
[16:11:26.384] [SEVERE ] setting player 2 freeze to 0
[16:11:26.384] [SEVERE ] setting player 3 freeze to 0
[16:11:26.384] [SEVERE ] removing player 3 token from slot 0
[16:11:26.384] [SEVERE ] player 3 placing token on slot 6
[16:11:26.384] [SEVERE ] setting player 3 freeze to 0
[16:11:26.384] [SEVERE ] setting player 1 freeze to 0
[16:11:26.385] [SEVERE ] removing player 1 token from slot 9
[16:11:26.385] [SEVERE ] player 1 placing token on slot 3
[16:11:26.385] [SEVERE ] setting player 1 freeze to 0
[16:11:26.385] [SEVERE ] setting player 2 freeze to 0
[16:11:26.385] [SEVERE ] removing player 2 token from slot 9
[16:11:26.385] [SEVERE ] removing player 2 token from slot 1
[16:11:26.385] [SEVERE ] player 2 placing token on slot 8
[16:11:26.386] [SEVERE ] player 2 placing token on slot 6
[16:11:26.386] [SEVERE ] setting player 2 freeze to 0
[16:11:26.386] [SEVERE ] setting player 4 freeze to 0
[16:11:26.386] [SEVERE ] removing player 4 token from slot 0
[16:11:26.386] [SEVERE ] player 4 placing token on slot 6
[16:11:26.386] [SEVERE ] setting player 4 freeze to 0
[16:11:26.387] [SEVERE ] setting player 3 freeze to 0
[16:11:26.387] [SEVERE ] removing player 3 token from slot 8
[16:11:26.387] [SEVERE ] player 3 placing token on slot 2
[16:11:26.387] [SEVERE ] setting player 3 freeze to 0
[16:11:26.387] [SEVERE ] setting player 1 freeze to 0
[16:11:26.387] [SEVERE ] removing player 1 token from slot 3
[16:11:26.387] [SEVERE ] player 1 placing token on slot 11
[16:11:26.387] [SEVERE ] setting player 1 freeze to 0
[16:11:26.387] [SEVERE ] setting player 2 freeze to 0
[16:11:26.388] [SEVERE ] removing player 2 token from slot 10
[16:11:26.388] [SEVERE ] removing player 2 token from slot 6
[16:11:26.388] [SEVERE ] removing player 2 token from slot 8
[16:11:26.388] [SEVERE ] player 2 placing token on slot 11
[16:11:26.388] [SEVERE ] player 2 placing token on slot 8
[16:11:26.388] [SEVERE ] removing player 2 token from slot 8
[16:11:26.388] [SEVERE ] player 2 placing token on slot 2
[16:11:26.388] [SEVERE ] player 2 placing token on slot 8
[16:11:26.388] [SEVERE ] setting player 2 freeze to 0
[16:11:26.388] [SEVERE ] setting player 4 freeze to 0
[16:11:26.388] [SEVERE ] removing player 4 token from slot 8
[16:11:26.388] [SEVERE ] removing player 4 token from slot 6
[16:11:26.388] [SEVERE ] player 4 placing token on slot 0
[16:11:26.389] [SEVERE ] player 4 placing token on slot 8
[16:11:26.389] [SEVERE ] setting player 4 freeze to 0
[16:11:26.389] [SEVERE ] setting player 1 freeze to 0
[16:11:26.389] [SEVERE ] removing player 1 token from slot 0
[16:11:26.389] [SEVERE ] player 1 placing token on slot 7
[16:11:26.389] [SEVERE ] setting player 1 freeze to 0
[16:11:26.389] [SEVERE ] setting player 3 freeze to 0
[16:11:26.389] [SEVERE ] removing player 3 token from slot 5
[16:11:26.389] [SEVERE ] player 3 placing token on slot 3
[16:11:26.389] [SEVERE ] setting player 3 freeze to 0
[16:11:26.389] [SEVERE ] setting player 2 freeze to 0
[16:11:26.389] [SEVERE ] removing player 2 token from slot 2
[16:11:26.389] [SEVERE ] removing player 2 token from slot 8
[16:11:26.389] [SEVERE ] player 2 placing token on slot 2
[16:11:26.389] [SEVERE ] player 2 placing token on slot 8
[16:11:26.389] [SEVERE ] setting player 2 freeze to 0
[16:11:26.389] [SEVERE ] setting player 1 freeze to 0
[16:11:26.389] [SEVERE ] removing player 1 token from slot 7
[16:11:26.389] [SEVERE ] player 1 placing token on slot 1
[16:11:26.389] [SEVERE ] setting player 1 freeze to 0
[16:11:26.389] [SEVERE ] setting player 1 freeze to 0
[16:11:26.389] [SEVERE ] removing player 1 token from slot 1
[16:11:26.389] [SEVERE ] player 1 placing token on slot 8
[16:11:26.389] [SEVERE ] setting player 1 freeze to 0
[16:11:26.389] [SEVERE ] setting player 1 freeze to 0
[16:11:26.389] [SEVERE ] removing player 1 token from slot 11
[16:11:26.389] [SEVERE ] player 1 placing token on slot 10
[16:11:26.389] [SEVERE ] setting player 1 freeze to 0
[16:11:26.389] [SEVERE ] setting player 1 freeze to 0
[16:11:26.389] [SEVERE ] removing player 1 token from slot 8
[16:11:26.389] [SEVERE ] player 1 placing token on slot 6
[16:11:26.389] [SEVERE ] setting player 1 freeze to 0
[16:11:26.389] [SEVERE ] setting player 1 freeze to 0
[16:11:26.389] [SEVERE ] removing player 1 token from slot 10
[16:11:26.389] [SEVERE ] player 1 placing token on slot 10
[16:11:26.389] [SEVERE ] setting player 1 freeze to 0
[16:11:26.389] [SEVERE ] setting player 1 freeze to 0
[16:11:26.389] [SEVERE ] removing player 1 token from slot 10
[16:11:26.389] [SEVERE ] player 1 placing token on slot 10
[16:11:26.389] [SEVERE ] setting player 1 freeze to 0
[16:11:26.389] [SEVERE ] setting player 1 freeze to 0
[16:11:26.389] [SEVERE ] removing player 1 token from slot 10
[16:11:26.389] [SEVERE ] player 1 placing token on slot 8
[16:11:26.389] [SEVERE ] setting player 1 freeze to 0
[16:11:26.389] [SEVERE ] setting player 1 freeze to 0
[16:11:26.389] [SEVERE ] removing player 1 token from slot 5
[16:11:26.389] [SEVERE ] player 1 placing token on slot 3
[16:11:26.389] [SEVERE ] setting player 1 freeze to 0
[16:11:26.389] [SEVERE ] setting player 1 freeze to 0
[16:11:26.389] [SEVERE ] removing player 1 token from slot 3
[16:11:26.389] [SEVERE ] player 1 placing token on slot 11
[16:11:26.389] [SEVERE ] setting player 1 freeze to 0
[16:11:26.389] [SEVERE ] setting player 1 freeze to 0
[16:11:26.389] [SEVERE ] removing player 1 token from slot 11
[16:11:26.389] [SEVERE ] player 1 placing token on slot 7
[16:11:26.389] [SEVERE ] setting player 1 freeze to 0
[16:11:26.389] [SEVERE ] setting player 1 freeze to 0
[16:11:26.389] [SEVERE ] removing player 1 token from slot 7
[16:11:26.389] [SEVERE ] player 1 placing token on slot 10
[16:11:26.389] [SEVERE ] setting player 1 freeze to 0
[16:11:26.389] [SEVERE ] setting player 1 freeze to 0
[16:11:26.397] [SEVERE ] removing player 1 token from slot 6
[16:11:26.397] [SEVERE ] player 1 placing token on slot 4
[16:11:26.397] [SEVERE ] setting player 1 freeze to 0
[16:11:26.397] [SEVERE ] setting player 2 freeze to 0
[16:11:26.397] [SEVERE ] removing player 2 token from slot 11
[16:11:26.397] [SEVERE ] player 2 placing token on slot 10
[16:11:26.398] [SEVERE ] setting player 2 freeze to 0
[16:11:26.398] [SEVERE ] setting player 3 freeze to 0
[16:11:26.398] [SEVERE ] removing player 3 token from slot 6
[16:11:26.398] [SEVERE ] player 3 placing token on slot 9
[16:11:26.398] [SEVERE ] setting player 3 freeze to 0
[16:11:26.399] [SEVERE ] setting player 4 freeze to 0
[16:11:26.399] [SEVERE ] removing player 4 token from slot 0
[16:11:26.399] [SEVERE ] player 4 placing token on slot 3
[16:11:26.399] [SEVERE ] setting player 4 freeze to 0
[16:11:26.399] [SEVERE ] setting player 1 freeze to 0
[16:11:26.399] [SEVERE ] removing player 1 token from slot 10
[16:11:26.399] [SEVERE ] player 1 placing token on slot 6
[16:11:26.400] [SEVERE ] setting player 1 freeze to 0
[16:11:26.400] [SEVERE ] setting player 2 freeze to 0
[16:11:26.400] [SEVERE ] removing player 2 token from slot 8
[16:11:26.400] [SEVERE ] player 2 placing token on slot 6
[16:11:26.400] [SEVERE ] setting player 2 freeze to 0
[16:11:26.400] [SEVERE ] setting player 3 freeze to 0
[16:11:26.400] [SEVERE ] removing player 3 token from slot 3
[16:11:26.400] [SEVERE ] player 3 placing token on slot 5
[16:11:26.401] [SEVERE ] setting player 3 freeze to 0
[16:11:26.401] [SEVERE ] setting player 4 freeze to 0
[16:11:26.401] [SEVERE ] removing player 4 token from slot 3
[16:11:26.401] [SEVERE ] player 4 placing token on slot 0
[16:11:26.401] [SEVERE ] setting player 4 freeze to 0
[16:11:26.401] [SEVERE ] setting player 1 freeze to 0
[16:11:26.401] [SEVERE ] removing player 1 token from slot 8
[16:11:26.401] [SEVERE ] player 1 placing token on slot 1
[16:11:26.402] [SEVERE ] setting player 1 freeze to 0
[16:11:26.402] [SEVERE ] setting player 2 freeze to 0
[16:11:26.402] [SEVERE ] removing player 2 token from slot 10
[16:11:26.402] [SEVERE ] player 2 placing token on slot 1
[16:11:26.402] [SEVERE ] setting player 2 freeze to 0
[16:11:26.402] [SEVERE ] setting player 3 freeze to 0
[16:11:26.402] [SEVERE ] removing player 3 token from slot 9
[16:11:26.402] [SEVERE ] player 3 placing token on slot 10
[16:11:26.403] [SEVERE ] setting player 3 freeze to 0
[16:11:26.403] [SEVERE ] setting player 4 freeze to 0
[16:11:26.403] [SEVERE ] removing player 4 token from slot 11
[16:11:26.403] [SEVERE ] player 4 placing token on slot 5
[16:11:26.403] [SEVERE ] setting player 4 freeze to 0
[16:11:26.403] [SEVERE ] setting player 1 freeze to 0
[16:11:26.403] [SEVERE ] removing player 1 token from slot 1
[16:11:26.403] [SEVERE ] player 1 placing token on slot 11
[16:11:26.404] [SEVERE ] setting player 1 freeze to 0
[16:11:26.404] [SEVERE ] setting player 2 freeze to 0
[16:11:26.404] [SEVERE ] removing player 2 token from slot 1
[16:11:26.404] [SEVERE ] player 2 placing token on slot 7
[16:11:26.404] [SEVERE ] setting player 2 freeze to 0
[16:11:26.404] [SEVERE ] setting player 1 freeze to 0
[16:11:26.404] [SEVERE ] removing player 1 token from slot 4
[16:11:26.404] [SEVERE ] player 1 placing token on slot 7
[16:11:26.404] [SEVERE ] setting player 1 freeze to 0
[16:11:26.405] [SEVERE ] setting player 3 freeze to 0
[16:11:26.406] [SEVERE ] removing player 3 token from slot 2
[16:11:26.406] [SEVERE ] player 3 placing token on slot 0
[16:11:26.406] [SEVERE ] setting player 3 freeze to 0
[16:11:26.406] [SEVERE ] setting player 4 freeze to 0
[16:11:26.406] [SEVERE ] removing player 4 token from slot 5
[16:11:26.406] [SEVERE ] player 4 placing token on slot 6
[16:11:26.406] [SEVERE ] setting player 4 freeze to 0
[16:11:26.406] [SEVERE ] setting player 1 freeze to 0
[16:11:26.406] [SEVERE ] removing player 1 token from slot 6
[16:11:26.406] [SEVERE ] player 1 placing token on slot 5
[16:11:26.406] [SEVERE ] setting player 1 freeze to 0
[16:11:26.406] [SEVERE ] setting player 2 freeze to 0
[16:11:26.406] [SEVERE ] removing player 2 token from slot 6
[16:11:26.406] [SEVERE ] player 2 placing token on slot 5
[16:11:26.406] [SEVERE ] setting player 2 freeze to 0
[16:11:26.406] [SEVERE ] setting player 1 freeze to 0
[16:11:26.406] [SEVERE ] removing player 1 token from slot 7
[16:11:26.406] [SEVERE ] player 1 placing token on slot 6
[16:11:26.406] [SEVERE ] setting player 1 freeze to 0
[16:11:26.406] [SEVERE ] setting player 1 freeze to 0
[16:11:26.406] [SEVERE ] removing player 1 token from slot 5
[16:11:26.406] [SEVERE ] removing player 1 token from slot 6
[16:11:26.406] [SEVERE ] player 1 placing token on slot 3
[16:11:26.406] [SEVERE ] player 1 placing token on slot 6
[16:11:26.406] [SEVERE ] setting player 1 freeze to 0
[16:11:26.406] [SEVERE ] setting player 1 freeze to 0
[16:11:26.406] [SEVERE ] removing player 1 token from slot 6
[16:11:26.406] [SEVERE ] player 1 placing token on slot 6
[16:11:26.406] [SEVERE ] setting player 1 freeze to 0
[16:11:26.406] [SEVERE ] setting player 1 freeze to 0
[16:11:26.406] [SEVERE ] removing player 1 token from slot 6
[16:11:26.406] [SEVERE ] player 1 placing token on slot 8
[16:11:26.406] [SEVERE ] setting player 1 freeze to 0
[16:11:26.406] [SEVERE ] setting player 1 freeze to 0
[16:11:26.406] [SEVERE ] removing player 1 token from slot 3
[16:11:26.406] [SEVERE ] player 1 placing token on slot 10
[16:11:26.406] [SEVERE ] setting player 1 freeze to 0
[16:11:26.406] [SEVERE ] setting player 1 freeze to 0
[16:11:26.406] [SEVERE ] removing player 1 token from slot 10
[16:11:26.406] [SEVERE ] player 1 placing token on slot 4
[16:11:26.406] [SEVERE ] setting player 1 freeze to 0
[16:11:26.406] [SEVERE ] setting player 1 freeze to 0
[16:11:26.406] [SEVERE ] removing player 1 token from slot 8
[16:11:26.406] [SEVERE ] removing player 1 token from slot 4
[16:11:26.406] [SEVERE ] player 1 placing token on slot 7
[16:11:26.406] [SEVERE ] player 1 placing token on slot 3
[16:11:26.406] [SEVERE ] setting player 1 freeze to 0
[16:11:26.406] [SEVERE ] setting player 1 freeze to 0
[16:11:26.406] [SEVERE ] removing player 1 token from slot 11
[16:11:26.406] [SEVERE ] player 1 placing token on slot 2
[16:11:26.406] [SEVERE ] setting player 1 freeze to 0
[16:11:26.406] [SEVERE ] setting player 1 freeze to 0
[16:11:26.406] [SEVERE ] removing player 1 token from slot 7
[16:11:26.406] [SEVERE ] player 1 placing token on slot 5
[16:11:26.406] [SEVERE ] setting player 1 freeze to 0
[16:11:26.406] [SEVERE ] setting player 1 freeze to 0
[16:11:26.406] [SEVERE ] removing player 1 token from slot 3
[16:11:26.406] [SEVERE ] removing player 1 token from slot 2
[16:11:26.406] [SEVERE ] player 1 placing token on slot 9
[16:11:26.406] [SEVERE ] player 1 placing token on slot 2
[16:11:26.406] [SEVERE ] setting player 1 freeze to 0
[16:11:26.406] [SEVERE ] setting player 1 freeze to 0
[16:11:26.406] [SEVERE ] removing player 1 token from slot 9
[16:11:26.406] [SEVERE ] player 1 placing token on slot 0
[16:11:26.406] [SEVERE ] setting player 1 freeze to 0
[16:11:26.406] [SEVERE ] setting player 1 freeze to 0
[16:11:26.406] [SEVERE ] removing player 1 token from slot 5
[16:11:26.406] [SEVERE ] player 1 placing token on slot 5
[16:11:26.406] [SEVERE ] setting player 1 freeze to 0
[16:11:26.406] [SEVERE ] setting player 1 freeze to 0
[16:11:26.406] [SEVERE ] removing player 1 token from slot 5
[16:11:26.406] [SEVERE ] player 1 placing token on slot 6
[16:11:26.414] [SEVERE ] setting player 1 freeze to 0
[16:11:26.414] [SEVERE ] setting player 1 freeze to 0
[16:11:26.414] [SEVERE ] removing player 1 token from slot 2
[16:11:26.414] [SEVERE ] player 1 placing token on slot 2
[16:11:26.414] [SEVERE ] setting player 1 freeze to 0
[16:11:26.414] [SEVERE ] setting player 2 freeze to 0
[16:11:26.414] [SEVERE ] removing player 2 token from slot 5
[16:11:26.415] [SEVERE ] removing player 2 token from slot 2
[16:11:26.415] [SEVERE ] player 2 placing token on slot 9
[16:11:26.415] [SEVERE ] player 2 placing token on slot 3
[16:11:26.415] [SEVERE ] setting player 2 freeze to 0
[16:11:26.415] [SEVERE ] setting player 3 freeze to 0
[16:11:26.415] [SEVERE ] removing player 3 token from slot 0
[16:11:26.415] [SEVERE ] player 3 placing token on slot 8
[16:11:26.416] [SEVERE ] setting player 3 freeze to 0
[16:11:26.416] [SEVERE ] setting player 4 freeze to 0
[16:11:26.416] [SEVERE ] removing player 4 token from slot 6
[16:11:26.416] [SEVERE ] player 4 placing token on slot 10
[16:11:26.416] [SEVERE ] setting player 4 freeze to 0
[16:11:26.417] [SEVERE ] setting player 1 freeze to 0
[16:11:26.417] [SEVERE ] removing player 1 token from slot 6
[16:11:26.417] [SEVERE ] player 1 placing token on slot 1
[16:11:26.417] [SEVERE ] setting player 1 freeze to 0
[16:11:26.417] [SEVERE ] setting player 2 freeze to 0
[16:11:26.417] [SEVERE ] removing player 2 token from slot 7
[16:11:26.418] [SEVERE ] player 2 placing token on slot 4
[16:11:26.418] [SEVERE ] setting player 2 freeze to 0
[16:11:26.418] [SEVERE ] setting player 3 freeze to 0
[16:11:26.418] [SEVERE ] removing player 3 token from slot 10
[16:11:26.418] [SEVERE ] player 3 placing token on slot 0
[16:11:26.418] [SEVERE ] setting player 3 freeze to 0
[16:11:26.418] [SEVERE ] setting player 4 freeze to 0
[16:11:26.418] [SEVERE ] removing player 4 token from slot 10
[16:11:26.418] [SEVERE ] player 4 placing token on slot 3
[16:11:26.419] [SEVERE ] setting player 4 freeze to 0
[16:11:26.419] [SEVERE ] setting player 1 freeze to 0
[16:11:26.419] [SEVERE ] removing player 1 token from slot 1
[16:11:26.419] [SEVERE ] removing player 1 token from slot 0
[16:11:26.419] [SEVERE ] player 1 placing token on slot 0
[16:11:26.419] [SEVERE ] player 1 placing token on slot 5
[16:11:26.419] [SEVERE ] setting player 1 freeze to 0
[16:11:26.419] [SEVERE ] setting player 2 freeze to 0
[16:11:26.419] [SEVERE ] removing player 2 token from slot 9
[16:11:26.420] [SEVERE ] player 2 placing token on slot 8
[16:11:26.420] [SEVERE ] setting player 2 freeze to 0
[16:11:26.420] [SEVERE ] setting player 3 freeze to 0
[16:11:26.420] [SEVERE ] removing player 3 token from slot 8
[16:11:26.420] [SEVERE ] player 3 placing token on slot 7
[16:11:26.420] [SEVERE ] setting player 3 freeze to 0
[16:11:26.420] [SEVERE ] setting player 1 freeze to 0
[16:11:26.420] [SEVERE ] removing player 1 token from slot 5
[16:11:26.420] [SEVERE ] player 1 placing token on slot 9
[16:11:26.421] [SEVERE ] setting player 1 freeze to 0
[16:11:26.421] [SEVERE ] setting player 4 freeze to 0
[16:11:26.421] [SEVERE ] removing player 4 token from slot 3
[16:11:26.421] [SEVERE ] player 4 placing token on slot 1
[16:11:26.421] [SEVERE ] setting player 4 freeze to 0
[16:11:26.421] [SEVERE ] setting player 2 freeze to 0
[16:11:26.421] [SEVERE ] removing player 2 token from slot 4
[16:11:26.422] [SEVERE ] player 2 placing token on slot 9
[16:11:26.422] [SEVERE ] setting player 2 freeze to 0
[16:11:26.422] [SEVERE ] setting player 3 freeze to 0
[16:11:26.422] [SEVERE ] removing player 3 token from slot 5
[16:11:26.422] [SEVERE ] player 3 placing token on slot 4
[16:11:26.422] [SEVERE ] setting player 3 freeze to 0
[16:11:26.422] [SEVERE ] setting player 1 freeze to 0
[16:11:26.422] [SEVERE ] removing player 1 token from slot 2
[16:11:26.422] [SEVERE ] player 1 placing token on slot 6
[16:11:26.422] [SEVERE ] setting player 1 freeze to 0
[16:11:26.422] [SEVERE ] setting player 4 freeze to 0
[16:11:26.422] [SEVERE ] removing player 4 token from slot 8
[16:11:26.422] [SEVERE ] player 4 placing token on slot 5
[16:11:26.422] [SEVERE ] setting player 4 freeze to 0
[16:11:26.422] [SEVERE ] setting player 1 freeze to 0
[16:11:26.422] [SEVERE ] removing player 1 token from slot 9
[16:11:26.422] [SEVERE ] player 1 placing token on slot 4
[16:11:26.422] [SEVERE ] setting player 1 freeze to 0
[16:11:26.422] [SEVERE ] setting player 1 freeze to 0
[16:11:26.422] [SEVERE ] removing player 1 token from slot 4
[16:11:26.422] [SEVERE ] player 1 placing token on slot 4
[16:11:26.422] [SEVERE ] setting player 1 freeze to 0
[16:11:26.422] [SEVERE ] setting player 1 freeze to 0
[16:11:26.422] [SEVERE ] removing player 1 token from slot 6
[16:11:26.422] [SEVERE ] player 1 placing token on slot 3
[16:11:26.422] [SEVERE ] setting player 1 freeze to 0
[16:11:26.422] [SEVERE ] setting player 1 freeze to 0
[16:11:26.422] [SEVERE ] removing player 1 token from slot 0
[16:11:26.422] [SEVERE ] player 1 placing token on slot 2
[16:11:26.422] [SEVERE ] setting player 1 freeze to 0
[16:11:26.422] [SEVERE ] setting player 1 freeze to 0
[16:11:26.422] [SEVERE ] removing player 1 token from slot 4
[16:11:26.422] [SEVERE ] player 1 placing token on slot 11
[16:11:26.422] [SEVERE ] setting player 1 freeze to 0
[16:11:26.422] [SEVERE ] setting player 1 freeze to 0
[16:11:26.422] [SEVERE ] removing player 1 token from slot 3
[16:11:26.422] [SEVERE ] player 1 placing token on slot 0
[16:11:26.422] [SEVERE ] setting player 1 freeze to 0
[16:11:26.422] [SEVERE ] setting player 1 freeze to 0
[16:11:26.422] [SEVERE ] removing player 1 token from slot 11
[16:11:26.422] [SEVERE ] player 1 placing token on slot 3
[16:11:26.422] [SEVERE ] setting player 1 freeze to 0
[16:11:26.422] [SEVERE ] setting player 1 freeze to 0
[16:11:26.422] [SEVERE ] removing player 1 token from slot 3
[16:11:26.422] [SEVERE ] removing player 1 token from slot 0
[16:11:26.422] [SEVERE ] player 1 placing token on slot 3
[16:11:26.422] [SEVERE ] player 1 placing token on slot 0
[16:11:26.422] [SEVERE ] setting player 1 freeze to 0
[16:11:26.422] [SEVERE ] setting player 1 freeze to 0
[16:11:26.422] [SEVERE ] removing player 1 token from slot 2
[16:11:26.422] [SEVERE ] player 1 placing token on slot 6
[16:11:26.422] [SEVERE ] setting player 1 freeze to 0
[16:11:26.422] [SEVERE ] setting player 1 freeze to 0
[16:11:26.422] [SEVERE ] removing player 1 token from slot 3
[16:11:26.422] [SEVERE ] player 1 placing token on slot 9
[16:11:26.422] [SEVERE ] setting player 1 freeze to 0
[16:11:26.422] [SEVERE ] setting player 1 freeze to 0
[16:11:26.422] [SEVERE ] removing player 1 token from slot 6
[16:11:26.422] [SEVERE ] player 1 placing token on slot 8
[16:11:26.422] [SEVERE ] setting player 1 freeze to 0
[16:11:26.422] [SEVERE ] setting player 1 freeze to 0
[16:11:26.429] [SEVERE ] removing player 1 token from slot 0
[16:11:26.429] [SEVERE ] removing player 1 token from slot 8
[16:11:26.429] [SEVERE ] player 1 placing token on slot 10
[16:11:26.429] [SEVERE ] player 1 placing token on slot 6
[16:11:26.429] [SEVERE ] setting player 1 freeze to 0
[16:11:26.429] [SEVERE ] setting player 2 freeze to 0
[16:11:26.429] [SEVERE ] removing player 2 token from slot 9
[16:11:26.429] [SEVERE ] player 2 placing token on slot 1
[16:11:26.430] [SEVERE ] setting player 2 freeze to 0
[16:11:26.430] [SEVERE ] setting player 3 freeze to 0
[16:11:26.430] [SEVERE ] removing player 3 token from slot 7
[16:11:26.430] [SEVERE ] player 3 placing token on slot 9
[16:11:26.430] [SEVERE ] setting player 3 freeze to 0
[16:11:26.431] [SEVERE ] setting player 4 freeze to 0
[16:11:26.431] [SEVERE ] removing player 4 token from slot 0
[16:11:26.431] [SEVERE ] player 4 placing token on slot 6
[16:11:26.431] [SEVERE ] setting player 4 freeze to 0
[16:11:26.431] [SEVERE ] setting player 1 freeze to 0
[16:11:26.431] [SEVERE ] removing player 1 token from slot 6
[16:11:26.431] [SEVERE ] player 1 placing token on slot 3
[16:11:26.431] [SEVERE ] setting player 1 freeze to 0
[16:11:26.431] [SEVERE ] setting player 2 freeze to 0
[16:11:26.431] [SEVERE ] removing player 2 token from slot 1
[16:11:26.431] [SEVERE ] player 2 placing token on slot 6
[16:11:26.431] [SEVERE ] setting player 2 freeze to 0
[16:11:26.431] [SEVERE ] setting player 3 freeze to 0
[16:11:26.431] [SEVERE ] removing player 3 token from slot 9
[16:11:26.431] [SEVERE ] player 3 placing token on slot 3
[16:11:26.431] [SEVERE ] setting player 3 freeze to 0
[16:11:26.431] [SEVERE ] setting player 1 freeze to 0
[16:11:26.431] [SEVERE ] removing player 1 token from slot 9
[16:11:26.431] [SEVERE ] player 1 placing token on slot 11
[16:11:26.431] [SEVERE ] setting player 1 freeze to 0
[16:11:26.431] [SEVERE ] setting player 1 freeze to 0
[16:11:26.431] [SEVERE ] removing player 1 token from slot 3
[16:11:26.431] [SEVERE ] player 1 placing token on slot 3
[16:11:26.431] [SEVERE ] setting player 1 freeze to 0
[16:11:26.431] [SEVERE ] setting player 1 freeze to 0
[16:11:26.431] [SEVERE ] removing player 1 token from slot 3
[16:11:26.431] [SEVERE ] player 1 placing token on slot 9
[16:11:26.431] [SEVERE ] setting player 1 freeze to 0
[16:11:26.431] [SEVERE ] setting player 1 freeze to 0
[16:11:26.431] [SEVERE ] removing player 1 token from slot 9
[16:11:26.431] [SEVERE ] player 1 placing token on slot 2
[16:11:26.431] [SEVERE ] setting player 1 freeze to 0
[16:11:26.431] [SEVERE ] setting player 1 freeze to 0
[16:11:26.431] [SEVERE ] removing player 1 token from slot 11
[16:11:26.431] [SEVERE ] player 1 placing token on slot 11
[16:11:26.431] [SEVERE ] setting player 1 freeze to 0
[16:11:26.431] [SEVERE ] setting player 1 freeze to 0
[16:11:26.431] [SEVERE ] removing player 1 token from slot 2
[16:11:26.431] [SEVERE ] player 1 placing token on slot 2
[16:11:26.431] [SEVERE ] setting player 1 freeze to 0
[16:11:26.431] [SEVERE ] setting player 1 freeze to 0
[16:11:26.431] [SEVERE ] removing player 1 token from slot 10
[16:11:26.431] [SEVERE ] player 1 placing token on slot 4
[16:11:26.431] [SEVERE ] setting player 1 freeze to 0
[16:11:26.431] [SEVERE ] setting player 1 freeze to 0
[16:11:26.431] [SEVERE ] removing player 1 token from slot 11
[16:11:26.431] [SEVERE ] player 1 placing token on slot 0
[16:11:26.431] [SEVERE ] setting player 1 freeze to 0
[16:11:26.431] [SEVERE ] setting player 1 freeze to 0
[16:11:26.431] [SEVERE ] removing player 1 token from slot 2
[16:11:26.431] [SEVERE ] player 1 placing token on slot 3
[16:11:26.431] [SEVERE ] setting player 1 freeze to 0
[16:11:26.431] [SEVERE ] setting player 1 freeze to 0
[16:11:26.431] [SEVERE ] removing player 1 token from slot 3
[16:11:26.431] [SEVERE ] removing player 1 token from slot 4
[16:11:26.431] [SEVERE ] player 1 placing token on slot 4
[16:11:26.431] [SEVERE ] player 1 placing token on slot 7
[16:11:26.431] [SEVERE ] setting player 1 freeze to 0
[16:11:26.431] [SEVERE ] setting player 1 freeze to 0
[16:11:26.431] [SEVERE ] removing player 1 token from slot 7
[16:11:26.431] [SEVERE ] player 1 placing token on slot 1
[16:11:26.431] [SEVERE ] setting player 1 freeze to 0
[16:11:26.431] [SEVERE ] setting player 1 freeze to 0
[16:11:26.431] [SEVERE ] removing player 1 token from slot 1
[16:11:26.431] [SEVERE ] player 1 placing token on slot 3
[16:11:26.431] [SEVERE ] setting player 1 freeze to 0
[16:11:26.431] [SEVERE ] setting player 1 freeze to 0
[16:11:26.431] [SEVERE ] removing player 1 token from slot 4
[16:11:26.431] [SEVERE ] player 1 placing token on slot 1
[16:11:26.431] [SEVERE ] setting player 1 freeze to 0
[16:11:26.431] [SEVERE ] setting player 1 freeze to 0
[16:11:26.431] [SEVERE ] removing player 1 token from slot 3
[16:11:26.431] [SEVERE ] player 1 placing token on slot 6
[16:11:26.431] [SEVERE ] setting player 1 freeze to 0
[16:11:26.431] [SEVERE ] setting player 1 freeze to 0
[16:11:26.431] [SEVERE ] removing player 1 token from slot 0
[16:11:26.431] [SEVERE ] player 1 placing token on slot 9
[16:11:26.431] [SEVERE ] setting player 1 freeze to 0
[16:11:26.431] [SEVERE ] setting player 1 freeze to 0
[16:11:26.431] [SEVERE ] removing player 1 token from slot 1
[16:11:26.431] [SEVERE ] player 1 placing token on slot 2
[16:11:26.431] [SEVERE ] setting player 1 freeze to 0
[16:11:26.431] [SEVERE ] setting player 1 freeze to 0
[16:11:26.431] [SEVERE ] removing player 1 token from slot 6
[16:11:26.431] [SEVERE ] player 1 placing token on slot 10
[16:11:26.431] [SEVERE ] setting player 1 freeze to 0
[16:11:26.431] [SEVERE ] setting player 1 freeze to 0
[16:11:26.431] [SEVERE ] removing player 1 token from slot 10
[16:11:26.431] [SEVERE ] player 1 placing token on slot 7
[16:11:26.431] [SEVERE ] setting player 1 freeze to 0
[16:11:26.431] [SEVERE ] setting player 1 freeze to 0
[16:11:26.431] [SEVERE ] removing player 1 token from slot 7
[16:11:26.431] [SEVERE ] removing player 1 token from slot 2
[16:11:26.431] [SEVERE ] player 1 placing token on slot 6
[16:11:26.431] [SEVERE ] player 1 placing token on slot 0
[16:11:26.431] [SEVERE ] setting player 1 freeze to 0
[16:11:26.431] [SEVERE ] setting player 1 freeze to 0
[16:11:26.431] [SEVERE ] removing player 1 token from slot 9
[16:11:26.431] [SEVERE ] removing player 1 token from slot 6
[16:11:26.431] [SEVERE ] player 1 placing token on slot 4
[16:11:26.431] [SEVERE ] player 1 placing token on slot 5
[16:11:26.431] [SEVERE ] setting player 1 freeze to 0
[16:11:26.431] [SEVERE ] setting player 1 freeze to 0
[16:11:26.431] [SEVERE ] removing player 1 token from slot 0
[16:11:26.431] [SEVERE ] player 1 placing token on slot 10
[16:11:26.431] [SEVERE ] setting player 1 freeze to 0
[16:11:26.431] [SEVERE ] setting player 1 freeze to 0
[16:11:26.431] [SEVERE ] removing player 1 token from slot 10
[16:11:26.431] [SEVERE ] player 1 placing token on slot 6
[16:11:26.431] [SEVERE ] setting player 1 freeze to 0
[16:11:26.446] [SEVERE ] setting player 1 freeze to 0
[16:11:26.446] [SEVERE ] removing player 1 token from slot 4
[16:11:26.446] [SEVERE ] removing player 1 token from slot 6
[16:11:26.446] [SEVERE ] player 1 placing token on slot 0
[16:11:26.446] [SEVERE ] player 1 placing token on slot 4
[16:11:26.446] [SEVERE ] setting player 1 freeze to 0
[16:11:26.446] [SEVERE ] setting player 2 freeze to 0
[16:11:26.446] [SEVERE ] removing player 2 token from slot 8
[16:11:26.446] [SEVERE ] player 2 placing token on slot 4
[16:11:26.446] [SEVERE ] setting player 2 freeze to 0
[16:11:26.446] [SEVERE ] setting player 3 freeze to 0
[16:11:26.446] [SEVERE ] removing player 3 token from slot 4
[16:11:26.446] [SEVERE ] removing player 3 token from slot 3
[16:11:26.446] [SEVERE ] player 3 placing token on slot 5
[16:11:26.446] [SEVERE ] player 3 placing token on slot 10
[16:11:26.446] [SEVERE ] setting player 3 freeze to 0
[16:11:26.446] [SEVERE ] setting player 4 freeze to 0
[16:11:26.446] [SEVERE ] removing player 4 token from slot 1
[16:11:26.446] [SEVERE ] removing player 4 token from slot 6
[16:11:26.446] [SEVERE ] player 4 placing token on slot 2
[16:11:26.446] [SEVERE ] player 4 placing token on slot 11
[16:11:26.446] [SEVERE ] setting player 4 freeze to 0
[16:11:26.446] [SEVERE ] setting player 1 freeze to 0
[16:11:26.446] [SEVERE ] removing player 1 token from slot 0
[16:11:26.446] [SEVERE ] player 1 placing token on slot 3
[16:11:26.446] [SEVERE ] setting player 1 freeze to 0
[16:11:26.446] [SEVERE ] setting player 1 freeze to 0
[16:11:26.446] [SEVERE ] removing player 1 token from slot 4
[16:11:26.446] [SEVERE ] player 1 placing token on slot 11
[16:11:26.446] [SEVERE ] setting player 1 freeze to 0
[16:11:26.446] [SEVERE ] setting player 1 freeze to 0
[16:11:26.446] [SEVERE ] removing player 1 token from slot 11
[16:11:26.446] [SEVERE ] player 1 placing token on slot 1
[16:11:26.446] [SEVERE ] setting player 1 freeze to 0
[16:11:26.446] [SEVERE ] setting player 1 freeze to 0
[16:11:26.446] [SEVERE ] removing player 1 token from slot 5
[16:11:26.446] [SEVERE ] player 1 placing token on slot 8
[16:11:26.446] [SEVERE ] setting player 1 freeze to 0
[16:11:26.446] [SEVERE ] setting player 1 freeze to 0
[16:11:26.446] [SEVERE ] removing player 1 token from slot 8
[16:11:26.446] [SEVERE ] player 1 placing token on slot 8
[16:11:26.446] [SEVERE ] setting player 1 freeze to 0
[16:11:26.446] [SEVERE ] setting player 1 freeze to 0
[16:11:26.446] [SEVERE ] removing player 1 token from slot 3
[16:11:26.446] [SEVERE ] player 1 placing token on slot 7
[16:11:26.446] [SEVERE ] setting player 1 freeze to 0
[16:11:26.446] [SEVERE ] setting player 1 freeze to 0
[16:11:26.446] [SEVERE ] removing player 1 token from slot 8
[16:11:26.446] [SEVERE ] player 1 placing token on slot 4
[16:11:26.446] [SEVERE ] setting player 1 freeze to 0
[16:11:26.446] [SEVERE ] setting player 1 freeze to 0
[16:11:26.446] [SEVERE ] removing player 1 token from slot 4
[16:11:26.446] [SEVERE ] player 1 placing token on slot 2
[16:11:26.446] [SEVERE ] setting player 1 freeze to 0
[16:11:26.446] [SEVERE ] setting player 1 freeze to 0
[16:11:26.446] [SEVERE ] removing player 1 token from slot 7
[16:11:26.446] [SEVERE ] player 1 placing token on slot 8
[16:11:26.446] [SEVERE ] setting player 1 freeze to 0
[16:11:26.446] [SEVERE ] setting player 1 freeze to 0
[16:11:26.446] [SEVERE ] removing player 1 token from slot 2
[16:11:26.446] [SEVERE ] player 1 placing token on slot 10
[16:11:26.446] [SEVERE ] setting player 1 freeze to 0
[16:11:26.446] [SEVERE ] setting player 1 freeze to 0
[16:11:26.446] [SEVERE ] removing player 1 token from slot 8
[16:11:26.446] [SEVERE ] removing player 1 token from slot 10
[16:11:26.446] [SEVERE ] player 1 placing token on slot 8
[16:11:26.446] [SEVERE ] player 1 placing token on slot 10
[16:11:26.446] [SEVERE ] setting player 1 freeze to 0
[16:11:26.446] [SEVERE ] setting player 1 freeze to 0
[16:11:26.446] [SEVERE ] removing player 1 token from slot 10
[16:11:26.446] [SEVERE ] player 1 placing token on slot 6
[16:11:26.446] [SEVERE ] setting player 1 freeze to 0
[16:11:26.446] [SEVERE ] setting player 1 freeze to 0
[16:11:26.446] [SEVERE ] removing player 1 token from slot 6
[16:11:26.446] [SEVERE ] player 1 placing token on slot 2
[16:11:26.446] [SEVERE ] setting player 1 freeze to 0
[16:11:26.446] [SEVERE ] setting player 1 freeze to 0
[16:11:26.446] [SEVERE ] removing player 1 token from slot 8
[16:11:26.446] [SEVERE ] player 1 placing token on slot 10
[16:11:26.446] [SEVERE ] setting player 1 freeze to 0
[16:11:26.446] [SEVERE ] setting player 1 freeze to 0
[16:11:26.446] [SEVERE ] removing player 1 token from slot 1
[16:11:26.446] [SEVERE ] player 1 placing token on slot 7
[16:11:26.446] [SEVERE ] setting player 1 freeze to 0
[16:11:26.446] [SEVERE ] setting player 1 freeze to 0
[16:11:26.446] [SEVERE ] removing player 1 token from slot 7
[16:11:26.446] [SEVERE ] player 1 placing token on slot 6
[16:11:26.446] [SEVERE ] setting player 1 freeze to 0
[16:11:26.446] [SEVERE ] setting player 1 freeze to 0
[16:11:26.446] [SEVERE ] removing player 1 token from slot 10
[16:11:26.446] [SEVERE ] player 1 placing token on slot 3
[16:11:26.446] [SEVERE ] setting player 1 freeze to 0
[16:11:26.446] [SEVERE ] setting player 1 freeze to 0
[16:11:26.446] [SEVERE ] removing player 1 token from slot 3
[16:11:26.446] [SEVERE ] player 1 placing token on slot 0
[16:11:26.446] [SEVERE ] setting player 1 freeze to 0
[16:11:26.446] [SEVERE ] setting player 1 freeze to 0
[16:11:26.446] [SEVERE ] removing player 1 token from slot 0
[16:11:26.446] [SEVERE ] removing player 1 token from slot 2
[16:11:26.446] [SEVERE ] player 1 placing token on slot 1
[16:11:26.446] [SEVERE ] player 1 placing token on slot 3
[16:11:26.461] [SEVERE ] setting player 1 freeze to 0
[16:11:26.461] [SEVERE ] setting player 1 freeze to 0
[16:11:26.461] [SEVERE ] removing player 1 token from slot 1
[16:11:26.461] [SEVERE ] player 1 placing token on slot 11
[16:11:26.461] [SEVERE ] setting player 1 freeze to 0
[16:11:26.461] [SEVERE ] setting player 2 freeze to 0
[16:11:26.461] [SEVERE ] removing player 2 token from slot 3
[16:11:26.461] [SEVERE ] player 2 placing token on slot 3
[16:11:26.461] [SEVERE ] setting player 2 freeze to 0
[16:11:26.461] [SEVERE ] setting player 3 freeze to 0
[16:11:26.461] [SEVERE ] removing player 3 token from slot 5
[16:11:26.461] [SEVERE ] player 3 placing token on slot 5
[16:11:26.461] [SEVERE ] setting player 3 freeze to 0
[16:11:26.461] [SEVERE ] setting player 4 freeze to 0
[16:11:26.461] [SEVERE ] removing player 4 token from slot 11
[16:11:26.461] [SEVERE ] player 4 placing token on slot 7
[16:11:26.461] [SEVERE ] setting player 4 freeze to 0
[16:11:26.461] [SEVERE ] setting player 1 freeze to 0
[16:11:26.461] [SEVERE ] removing player 1 token from slot 11
[16:11:26.461] [SEVERE ] player 1 placing token on slot 1
[16:11:26.461] [SEVERE ] setting player 1 freeze to 0
[16:11:26.461] [SEVERE ] setting player 1 freeze to 0
[16:11:26.461] [SEVERE ] removing player 1 token from slot 6
[16:11:26.461] [SEVERE ] player 1 placing token on slot 2
[16:11:26.461] [SEVERE ] setting player 1 freeze to 0
[16:11:26.461] [SEVERE ] setting player 1 freeze to 0
[16:11:26.461] [SEVERE ] removing player 1 token from slot 2
[16:11:26.461] [SEVERE ] removing player 1 token from slot 3
[16:11:26.461] [SEVERE ] player 1 placing token on slot 2
[16:11:26.461] [SEVERE ] player 1 placing token on slot 8
[16:11:26.461] [SEVERE ] setting player 1 freeze to 0
[16:11:26.461] [SEVERE ] setting player 1 freeze to 0
[16:11:26.461] [SEVERE ] removing player 1 token from slot 8
[16:11:26.461] [SEVERE ] player 1 placing token on slot 0
[16:11:26.461] [SEVERE ] setting player 1 freeze to 0
[16:11:26.461] [SEVERE ] setting player 1 freeze to 0
[16:11:26.461] [SEVERE ] removing player 1 token from slot 2
[16:11:26.461] [SEVERE ] player 1 placing token on slot 6
[16:11:26.461] [SEVERE ] setting player 1 freeze to 0
[16:11:26.461] [SEVERE ] setting player 1 freeze to 0
[16:11:26.461] [SEVERE ] removing player 1 token from slot 0
[16:11:26.461] [SEVERE ] player 1 placing token on slot 4
[16:11:26.461] [SEVERE ] setting player 1 freeze to 0
[16:11:26.461] [SEVERE ] setting player 1 freeze to 0
[16:11:26.461] [SEVERE ] removing player 1 token from slot 4
[16:11:26.461] [SEVERE ] removing player 1 token from slot 1
[16:11:26.461] [SEVERE ] player 1 placing token on slot 9
[16:11:26.461] [SEVERE ] removing player 1 token from slot 9
[16:11:26.461] [SEVERE ] player 1 placing token on slot 5
[16:11:26.461] [SEVERE ] player 1 placing token on slot 1
[16:11:26.461] [SEVERE ] setting player 1 freeze to 0
[16:11:26.461] [SEVERE ] setting player 1 freeze to 0
[16:11:26.461] [SEVERE ] removing player 1 token from slot 1
[16:11:26.461] [SEVERE ] player 1 placing token on slot 11
[16:11:26.461] [SEVERE ] setting player 1 freeze to 0
[16:11:26.461] [SEVERE ] setting player 1 freeze to 0
[16:11:26.461] [SEVERE ] removing player 1 token from slot 6
[16:11:26.461] [SEVERE ] removing player 1 token from slot 5
[16:11:26.461] [SEVERE ] player 1 placing token on slot 4
[16:11:26.461] [SEVERE ] player 1 placing token on slot 8
[16:11:26.461] [SEVERE ] setting player 1 freeze to 0
[16:11:26.461] [SEVERE ] setting player 1 freeze to 0
[16:11:26.461] [SEVERE ] removing player 1 token from slot 8
[16:11:26.461] [SEVERE ] player 1 placing token on slot 0
[16:11:26.461] [SEVERE ] setting player 1 freeze to 0
[16:11:26.461] [SEVERE ] setting player 1 freeze to 0
[16:11:26.461] [SEVERE ] removing player 1 token from slot 4
[16:11:26.461] [SEVERE ] player 1 placing token on slot 10
[16:11:26.461] [SEVERE ] setting player 1 freeze to 0
[16:11:26.461] [SEVERE ] setting player 1 freeze to 0
[16:11:26.461] [SEVERE ] removing player 1 token from slot 11
[16:11:26.461] [SEVERE ] player 1 placing token on slot 6
[16:11:26.461] [SEVERE ] setting player 1 freeze to 0
[16:11:26.461] [SEVERE ] setting player 1 freeze to 0
[16:11:26.461] [SEVERE ] removing player 1 token from slot 0
[16:11:26.474] [SEVERE ] player 1 placing token on slot 0
[16:11:26.474] [SEVERE ] setting player 1 freeze to 0
[16:11:26.474] [SEVERE ] setting player 2 freeze to 0
[16:11:26.474] [SEVERE ] removing player 2 token from slot 6
[16:11:26.474] [SEVERE ] player 2 placing token on slot 10
[16:11:26.474] [SEVERE ] setting player 2 freeze to 0
[16:11:26.474] [SEVERE ] setting player 3 freeze to 0
[16:11:26.474] [SEVERE ] removing player 3 token from slot 5
[16:11:26.474] [SEVERE ] player 3 placing token on slot 3
[16:11:26.474] [SEVERE ] setting player 3 freeze to 0
[16:11:26.474] [SEVERE ] setting player 4 freeze to 0
[16:11:26.474] [SEVERE ] removing player 4 token from slot 2
[16:11:26.474] [SEVERE ] player 4 placing token on slot 1
[16:11:26.474] [SEVERE ] setting player 4 freeze to 0
[16:11:26.474] [SEVERE ] setting player 1 freeze to 0
[16:11:26.474] [SEVERE ] removing player 1 token from slot 0
[16:11:26.474] [SEVERE ] player 1 placing token on slot 8
[16:11:26.474] [SEVERE ] setting player 1 freeze to 0
[16:11:26.474] [SEVERE ] setting player 1 freeze to 0
[16:11:26.474] [SEVERE ] removing player 1 token from slot 6
[16:11:26.474] [SEVERE ] player 1 placing token on slot 3
[16:11:26.474] [SEVERE ] setting player 1 freeze to 0
[16:11:26.474] [SEVERE ] setting player 1 freeze to 0
[16:11:26.474] [SEVERE ] removing player 1 token from slot 3
[16:11:26.474] [SEVERE ] player 1 placing token on slot 9
[16:11:26.477] [SEVERE ] setting player 1 freeze to 0
[16:11:26.477] [SEVERE ] setting player 2 freeze to 0
[16:11:26.477] [SEVERE ] removing player 2 token from slot 4
[16:11:26.477] [SEVERE ] player 2 placing token on slot 5
[16:11:26.477] [SEVERE ] setting player 2 freeze to 0
[16:11:26.477] [SEVERE ] setting player 3 freeze to 0
[16:11:26.477] [SEVERE ] removing player 3 token from slot 10
[16:11:26.477] [SEVERE ] player 3 placing token on slot 5
[16:11:26.477] [SEVERE ] setting player 3 freeze to 0
[16:11:26.477] [SEVERE ] setting player 4 freeze to 0
[16:11:26.477] [SEVERE ] removing player 4 token from slot 7
[16:11:26.477] [SEVERE ] player 4 placing token on slot 4
[16:11:26.477] [SEVERE ] setting player 4 freeze to 0
[16:11:26.477] [SEVERE ] setting player 1 freeze to 0
[16:11:26.477] [SEVERE ] removing player 1 token from slot 10
[16:11:26.477] [SEVERE ] player 1 placing token on slot 11
[16:11:26.477] [SEVERE ] setting player 1 freeze to 0
[16:11:26.477] [SEVERE ] setting player 1 freeze to 0
[16:11:26.477] [SEVERE ] removing player 1 token from slot 8
[16:11:26.477] [SEVERE ] player 1 placing token on slot 8
[16:11:26.477] [SEVERE ] setting player 1 freeze to 0
[16:11:26.477] [SEVERE ] setting player 1 freeze to 0
[16:11:26.477] [SEVERE ] removing player 1 token from slot 9
[16:11:26.477] [SEVERE ] player 1 placing token on slot 6
[16:11:26.477] [SEVERE ] setting player 1 freeze to 0
[16:11:26.477] [SEVERE ] setting player 1 freeze to 0
[16:11:26.477] [SEVERE ] removing player 1 token from slot 6
[16:11:26.477] [SEVERE ] removing player 1 token from slot 8
[16:11:26.477] [SEVERE ] player 1 placing token on slot 4
[16:11:26.477] [SEVERE ] removing player 1 token from slot 4
[16:11:26.477] [SEVERE ] player 1 placing token on slot 7
[16:11:26.477] [SEVERE ] player 1 placing token on slot 9
[16:11:26.477] [SEVERE ] setting player 1 freeze to 0
[16:11:26.477] [SEVERE ] setting player 1 freeze to 0
[16:11:26.477] [SEVERE ] removing player 1 token from slot 11
[16:11:26.477] [SEVERE ] player 1 placing token on slot 10
[16:11:26.477] [SEVERE ] setting player 1 freeze to 0
[16:11:26.477] [SEVERE ] setting player 1 freeze to 0
[16:11:26.477] [SEVERE ] removing player 1 token from slot 10
[16:11:26.477] [SEVERE ] removing player 1 token from slot 9
[16:11:26.477] [SEVERE ] player 1 placing token on slot 5
[16:11:26.477] [SEVERE ] player 1 placing token on slot 9
[16:11:26.477] [SEVERE ] setting player 1 freeze to 0
[16:11:26.477] [SEVERE ] setting player 1 freeze to 0
[16:11:26.477] [SEVERE ] removing player 1 token from slot 7
[16:11:26.477] [SEVERE ] player 1 placing token on slot 6
[16:11:26.477] [SEVERE ] setting player 1 freeze to 0
[16:11:26.477] [SEVERE ] setting player 1 freeze to 0
[16:11:26.477] [SEVERE ] removing player 1 token from slot 5
[16:11:26.477] [SEVERE ] player 1 placing token on slot 2
[16:11:26.477] [SEVERE ] setting player 1 freeze to 0
[16:11:26.477] [SEVERE ] setting player 1 freeze to 0
[16:11:26.477] [SEVERE ] removing player 1 token from slot 6
[16:11:26.477] [SEVERE ] player 1 placing token on slot 8
[16:11:26.477] [SEVERE ] setting player 1 freeze to 0
[16:11:26.477] [SEVERE ] setting player 1 freeze to 0
[16:11:26.477] [SEVERE ] removing player 1 token from slot 9
[16:11:26.477] [SEVERE ] player 1 placing token on slot 5
[16:11:26.477] [SEVERE ] setting player 1 freeze to 0
[16:11:26.477] [SEVERE ] setting player 1 freeze to 0
[16:11:26.477] [SEVERE ] removing player 1 token from slot 5
[16:11:26.477] [SEVERE ] player 1 placing token on slot 1
[16:11:26.477] [SEVERE ] setting player 1 freeze to 0
[16:11:26.477] [SEVERE ] setting player 1 freeze to 0
[16:11:26.477] [SEVERE ] removing player 1 token from slot 8
[16:11:26.477] [SEVERE ] player 1 placing token on slot 8
[16:11:26.477] [SEVERE ] setting player 1 freeze to 0
[16:11:26.477] [SEVERE ] setting player 1 freeze to 0
[16:11:26.477] [SEVERE ] removing player 1 token from slot 1
[16:11:26.477] [SEVERE ] player 1 placing token on slot 6
[16:11:26.477] [SEVERE ] setting player 1 freeze to 0
[16:11:26.477] [SEVERE ] setting player 1 freeze to 0
[16:11:26.477] [SEVERE ] removing player 1 token from slot 2
[16:11:26.477] [SEVERE ] player 1 placing token on slot 2
[16:11:26.477] [SEVERE ] setting player 1 freeze to 0
[16:11:26.477] [SEVERE ] setting player 1 freeze to 0
[16:11:26.477] [SEVERE ] removing player 1 token from slot 2
[16:11:26.477] [SEVERE ] player 1 placing token on slot 9
[16:11:26.477] [SEVERE ] setting player 1 freeze to 0
[16:11:26.477] [SEVERE ] setting player 1 freeze to 0
[16:11:26.477] [SEVERE ] removing player 1 token from slot 6
[16:11:26.477] [SEVERE ] player 1 placing token on slot 11
[16:11:26.477] [SEVERE ] setting player 1 freeze to 0
[16:11:26.477] [SEVERE ] setting player 1 freeze to 0
[16:11:26.477] [SEVERE ] removing player 1 token from slot 11
[16:11:26.477] [SEVERE ] player 1 placing token on slot 7
[16:11:26.477] [SEVERE ] setting player 1 freeze to 0
[16:11:26.477] [SEVERE ] setting player 1 freeze to 0
[16:11:26.477] [SEVERE ] removing player 1 token from slot 7
[16:11:26.477] [SEVERE ] player 1 placing token on slot 4
[16:11:26.477] [SEVERE ] setting player 1 freeze to 0
[16:11:26.477] [SEVERE ] setting player 1 freeze to 0
[16:11:26.477] [SEVERE ] removing player 1 token from slot 8
[16:11:26.477] [SEVERE ] removing player 1 token from slot 9
[16:11:26.477] [SEVERE ] player 1 placing token on slot 1
[16:11:26.477] [SEVERE ] player 1 placing token on slot 11
[16:11:26.477] [SEVERE ] setting player 1 freeze to 0
[16:11:26.477] [SEVERE ] setting player 1 freeze to 0
[16:11:26.477] [SEVERE ] removing player 1 token from slot 4
[16:11:26.477] [SEVERE ] player 1 placing token on slot 7
[16:11:26.477] [SEVERE ] setting player 1 freeze to 0
[16:11:26.477] [SEVERE ] setting player 1 freeze to 0
[16:11:26.477] [SEVERE ] removing player 1 token from slot 1
[16:11:26.477] [SEVERE ] player 1 placing token on slot 6
[16:11:26.477] [SEVERE ] setting player 1 freeze to 0
[16:11:26.477] [SEVERE ] setting player 1 freeze to 0
[16:11:26.477] [SEVERE ] removing player 1 token from slot 11
[16:11:26.477] [SEVERE ] removing player 1 token from slot 6
[16:11:26.477] [SEVERE ] player 1 placing token on slot 2
[16:11:26.477] [SEVERE ] player 1 placing token on slot 1
[16:11:26.477] [SEVERE ] setting player 1 freeze to 0
[16:11:26.477] [SEVERE ] setting player 1 freeze to 0
[16:11:26.477] [SEVERE ] removing player 1 token from slot 7
[16:11:26.477] [SEVERE ] removing player 1 token from slot 1
[16:11:26.477] [SEVERE ] player 1 placing token on slot 8
[16:11:26.477] [SEVERE ] player 1 placing token on slot 9
[16:11:26.477] [SEVERE ] setting player 1 freeze to 0
[16:11:26.477] [SEVERE ] setting player 1 freeze to 0
[16:11:26.477] [SEVERE ] removing player 1 token from slot 8
[16:11:26.477] [SEVERE ] player 1 placing token on slot 7
[16:11:26.477] [SEVERE ] setting player 1 freeze to 0
[16:11:26.493] [SEVERE ] setting player 1 freeze to 0
[16:11:26.493] [SEVERE ] removing player 1 token from slot 9
[16:11:26.493] [SEVERE ] player 1 placing token on slot 9
[16:11:26.493] [SEVERE ] setting player 1 freeze to 0
[16:11:26.493] [SEVERE ] setting player 2 freeze to 0
[16:11:26.493] [SEVERE ] removing player 2 token from slot 10
[16:11:26.493] [SEVERE ] player 2 placing token on slot 11
[16:11:26.493] [SEVERE ] setting player 2 freeze to 0
[16:11:26.493] [SEVERE ] setting player 3 freeze to 0
[16:11:26.493] [SEVERE ] removing player 3 token from slot 0
[16:11:26.493] [SEVERE ] player 3 placing token on slot 8
[16:11:26.493] [SEVERE ] setting player 3 freeze to 0
[16:11:26.493] [SEVERE ] setting player 4 freeze to 0
[16:11:26.493] [SEVERE ] removing player 4 token from slot 4
[16:11:26.493] [SEVERE ] player 4 placing token on slot 10
[16:11:26.493] [SEVERE ] setting player 4 freeze to 0
[16:11:26.493] [SEVERE ] setting player 1 freeze to 0
[16:11:26.493] [SEVERE ] removing player 1 token from slot 9
[16:11:26.493] [SEVERE ] player 1 placing token on slot 5
[16:11:26.493] [SEVERE ] setting player 1 freeze to 0
[16:11:26.493] [SEVERE ] setting player 1 freeze to 0
[16:11:26.493] [SEVERE ] removing player 1 token from slot 5
[16:11:26.493] [SEVERE ] player 1 placing token on slot 11
[16:11:26.493] [SEVERE ] setting player 1 freeze to 0
[16:11:26.493] [SEVERE ] setting player 1 freeze to 0
[16:11:26.493] [SEVERE ] removing player 1 token from slot 7
[16:11:26.493] [SEVERE ] player 1 placing token on slot 9
[16:11:26.493] [SEVERE ] setting player 1 freeze to 0
[16:11:26.493] [SEVERE ] setting player 1 freeze to 0
[16:11:26.493] [SEVERE ] removing player 1 token from slot 11
[16:11:26.493] [SEVERE ] removing player 1 token from slot 9
[16:11:26.493] [SEVERE ] player 1 placing token on slot 8
[16:11:26.493] [SEVERE ] player 1 placing token on slot 3
[16:11:26.493] [SEVERE ] setting player 1 freeze to 0
[16:11:26.493] [SEVERE ] setting player 1 freeze to 0
[16:11:26.493] [SEVERE ] removing player 1 token from slot 3
[16:11:26.493] [SEVERE ] player 1 placing token on slot 9
[16:11:26.493] [SEVERE ] setting player 1 freeze to 0
[16:11:26.493] [SEVERE ] setting player 1 freeze to 0
[16:11:26.493] [SEVERE ] removing player 1 token from slot 9
[16:11:26.493] [SEVERE ] player 1 placing token on slot 4
[16:11:26.493] [SEVERE ] setting player 1 freeze to 0
[16:11:26.493] [SEVERE ] setting player 1 freeze to 0
[16:11:26.493] [SEVERE ] removing player 1 token from slot 4
[16:11:26.493] [SEVERE ] player 1 placing token on slot 9
[16:11:26.493] [SEVERE ] setting player 1 freeze to 0
[16:11:26.493] [SEVERE ] setting player 1 freeze to 0
[16:11:26.493] [SEVERE ] removing player 1 token from slot 8
[16:11:26.493] [SEVERE ] removing player 1 token from slot 2
[16:11:26.493] [SEVERE ] removing player 1 token from slot 9
[16:11:26.493] [SEVERE ] player 1 placing token on slot 7
[16:11:26.493] [SEVERE ] player 1 placing token on slot 10
[16:11:26.493] [SEVERE ] player 1 placing token on slot 2
[16:11:26.493] [SEVERE ] setting player 1 freeze to 0
[16:11:26.493] [SEVERE ] setting player 1 freeze to 0
[16:11:26.493] [SEVERE ] removing player 1 token from slot 2
[16:11:26.493] [SEVERE ] player 1 placing token on slot 4
[16:11:26.493] [SEVERE ] setting player 1 freeze to 0
[16:11:26.603] [SEVERE ] removing player 1 token from slot 7
[16:11:26.603] [SEVERE ] removing player 2 token from slot 7
[16:11:26.603] [SEVERE ] removing player 3 token from slot 7
[16:11:26.603] [SEVERE ] removing player 4 token from slot 7
[16:11:26.603] [SEVERE ] removing card from slot 7
[16:11:26.713] [SEVERE ] removing player 1 token from slot 10
[16:11:26.713] [SEVERE ] removing player 2 token from slot 10
[16:11:26.713] [SEVERE ] removing player 3 token from slot 10
[16:11:26.713] [SEVERE ] removing player 4 token from slot 10
[16:11:26.713] [SEVERE ] removing card from slot 10
[16:11:26.822] [SEVERE ] removing player 1 token from slot 4
[16:11:26.822] [SEVERE ] removing player 2 token from slot 4
[16:11:26.822] [SEVERE ] removing player 3 token from slot 4
[16:11:26.822] [SEVERE ] removing player 4 token from slot 4
[16:11:26.822] [SEVERE ] removing card from slot 4
[16:11:26.925] [SEVERE ] placing card 36 in slot 4
[16:11:27.035] [SEVERE ] placing card 79 in slot 7
[16:11:27.146] [SEVERE ] placing card 20 in slot 10
[16:11:27.146] [SEVERE ] removing player 4 token from slot 1
[16:11:27.146] [SEVERE ] player 4 placing token on slot 7
[16:11:27.146] [SEVERE ] player 4 placing token on slot 11
[16:11:27.146] [SEVERE ] updating countdown to 60000
[16:11:27.146] [SEVERE ] setting player 1 score to 1
[16:11:27.146] [SEVERE ] setting player 1 freeze to 0
[16:11:27.146] [SEVERE ] player 1 placing token on slot 8
[16:11:27.146] [SEVERE ] player 1 placing token on slot 2
[16:11:27.146] [SEVERE ] player 1 placing token on slot 6
[16:11:27.146] [SEVERE ] setting player 1 freeze to 0
[16:11:27.146] [SEVERE ] setting player 2 freeze to 0
[16:11:27.146] [SEVERE ] removing player 2 token from slot 11
[16:11:27.146] [SEVERE ] player 2 placing token on slot 0
[16:11:27.146] [SEVERE ] setting player 2 freeze to 0
[16:11:27.146] [SEVERE ] setting player 3 freeze to 0
[16:11:27.146] [SEVERE ] removing player 3 token from slot 8
[16:11:27.146] [SEVERE ] player 3 placing token on slot 2
[16:11:27.146] [SEVERE ] setting player 3 freeze to 0
[16:11:27.146] [SEVERE ] setting player 1 freeze to 0
[16:11:27.146] [SEVERE ] removing player 1 token from slot 6
[16:11:27.146] [SEVERE ] player 1 placing token on slot 5
[16:11:27.146] [SEVERE ] setting player 1 freeze to 0
[16:11:27.146] [SEVERE ] setting player 1 freeze to 0
[16:11:27.146] [SEVERE ] removing player 1 token from slot 8
[16:11:27.146] [SEVERE ] player 1 placing token on slot 10
[16:11:27.146] [SEVERE ] setting player 1 freeze to 0
[16:11:27.146] [SEVERE ] setting player 1 freeze to 0
[16:11:27.146] [SEVERE ] removing player 1 token from slot 2
[16:11:27.146] [SEVERE ] player 1 placing token on slot 3
[16:11:27.146] [SEVERE ] setting player 1 freeze to 0
[16:11:27.146] [SEVERE ] setting player 1 freeze to 0
[16:11:27.146] [SEVERE ] removing player 1 token from slot 3
[16:11:27.146] [SEVERE ] player 1 placing token on slot 0
[16:11:27.146] [SEVERE ] setting player 1 freeze to 0
[16:11:27.146] [SEVERE ] setting player 1 freeze to 0
[16:11:27.146] [SEVERE ] removing player 1 token from slot 5
[16:11:27.146] [SEVERE ] removing player 1 token from slot 10
[16:11:27.146] [SEVERE ] player 1 placing token on slot 9
[16:11:27.146] [SEVERE ] player 1 placing token on slot 6
[16:11:27.146] [SEVERE ] setting player 1 freeze to 0
[16:11:27.146] [SEVERE ] setting player 1 freeze to 0
[16:11:27.146] [SEVERE ] removing player 1 token from slot 9
[16:11:27.146] [SEVERE ] player 1 placing token on slot 11
[16:11:27.146] [SEVERE ] setting player 1 freeze to 0
[16:11:27.256] [SEVERE ] removing player 1 token from slot 0
[16:11:27.256] [SEVERE ] removing player 2 token from slot 0
[16:11:27.256] [SEVERE ] removing player 3 token from slot 0
[16:11:27.256] [SEVERE ] removing player 4 token from slot 0
[16:11:27.256] [SEVERE ] removing card from slot 0
[16:11:27.367] [SEVERE ] removing player 1 token from slot 6
[16:11:27.367] [SEVERE ] removing player 2 token from slot 6
[16:11:27.367] [SEVERE ] removing player 3 token from slot 6
[16:11:27.367] [SEVERE ] removing player 4 token from slot 6
[16:11:27.367] [SEVERE ] removing card from slot 6
[16:11:27.477] [SEVERE ] removing player 1 token from slot 11
[16:11:27.477] [SEVERE ] removing player 2 token from slot 11
[16:11:27.477] [SEVERE ] removing player 3 token from slot 11
[16:11:27.477] [SEVERE ] removing player 4 token from slot 11
[16:11:27.477] [SEVERE ] removing card from slot 11
[16:11:27.586] [SEVERE ] placing card 19 in slot 0
[16:11:27.592] [SEVERE ] exit button pressed
[16:11:27.686] [SEVERE ] placing card 52 in slot 6
[16:11:27.787] [SEVERE ] placing card 12 in slot 11
[16:11:27.787] [SEVERE ] player 2 placing token on slot 0
[16:11:27.788] [SEVERE ] player 4 placing token on slot 8
[16:11:27.788] [INFO   ] thread computer-3 terminated.
[16:11:27.788] [SEVERE ] updating countdown to 60000
[16:11:27.788] [INFO   ] thread Thread-3 terminated.
[16:11:27.788] [SEVERE ] setting player 1 score to 2
[16:11:27.788] [INFO   ] thread computer-2 terminated.
[16:11:27.788] [SEVERE ] setting player 1 freeze to 0
[16:11:27.788] [INFO   ] thread Thread-2 terminated.
[16:11:27.788] [INFO   ] thread computer-1 terminated.
[16:11:27.788] [INFO   ] thread Thread-1 terminated.
[16:11:27.788] [INFO   ] thread computer-0 terminated.
