[18:26:54.518] [INFO   ] thread main starting.
[18:26:54.523] [SEVERE ] cannot read configuration file config.properties trying from resources.
[18:26:54.523] [SEVERE ] configuration file was loaded from resources directory.
[18:26:54.888] [INFO   ] thread dealer starting.
[18:26:54.888] [INFO   ] thread dealer starting.
[18:26:54.888] [SEVERE ] updating countdown to 60000
[18:26:54.888] [INFO   ] thread Thread-0 starting.
[18:26:54.888] [INFO   ] thread Thread-1 starting.
[18:26:54.888] [INFO   ] thread Thread-2 starting.
[18:26:54.888] [INFO   ] thread Thread-3 starting.
[18:26:54.888] [INFO   ] thread computer-0 starting.
[18:26:54.888] [INFO   ] thread computer-2 starting.
[18:26:54.888] [INFO   ] thread computer-1 starting.
[18:26:54.888] [INFO   ] thread computer-3 starting.
[18:26:54.905] [SEVERE ] updating countdown to 59983
[18:26:55.010] [SEVERE ] placing card 35 in slot 0
[18:26:55.120] [SEVERE ] placing card 57 in slot 1
[18:26:55.222] [SEVERE ] placing card 38 in slot 2
[18:26:55.330] [SEVERE ] placing card 48 in slot 3
[18:26:55.434] [SEVERE ] placing card 5 in slot 4
[18:26:55.544] [SEVERE ] placing card 45 in slot 5
[18:26:55.652] [SEVERE ] placing card 13 in slot 6
[18:26:55.761] [SEVERE ] placing card 73 in slot 7
[18:26:55.871] [SEVERE ] placing card 3 in slot 8
[18:26:55.981] [SEVERE ] placing card 12 in slot 9
[18:26:56.091] [SEVERE ] placing card 26 in slot 10
[18:26:56.205] [SEVERE ] placing card 54 in slot 11
[18:26:56.205] [SEVERE ] player 4 placing token on slot 3
[18:26:56.205] [SEVERE ] player 2 placing token on slot 2
[18:26:56.205] [SEVERE ] player 3 placing token on slot 9
[18:26:56.205] [SEVERE ] player 1 placing token on slot 5
[18:26:56.205] [SEVERE ] player 4 placing token on slot 5
[18:26:56.205] [SEVERE ] player 2 placing token on slot 7
[18:26:56.205] [SEVERE ] player 3 placing token on slot 4
[18:26:56.205] [SEVERE ] player 1 placing token on slot 4
[18:26:56.205] [SEVERE ] removing player 4 token from slot 3
[18:26:56.205] [SEVERE ] player 2 placing token on slot 4
[18:26:56.205] [SEVERE ] player 3 placing token on slot 11
[18:26:56.205] [SEVERE ] player 1 placing token on slot 2
[18:26:56.205] [SEVERE ] player 4 placing token on slot 11
[18:26:56.208] [SEVERE ] player 4 placing token on slot 7
[18:26:56.208] [SEVERE ] updating countdown to 58680
