[18:20:14.109] [INFO   ] thread main starting.
[18:20:14.115] [SEVERE ] cannot read configuration file config.properties trying from resources.
[18:20:14.117] [SEVERE ] configuration file was loaded from resources directory.
[18:20:14.472] [INFO   ] thread dealer starting.
[18:20:14.473] [INFO   ] thread dealer starting.
[18:20:14.473] [SEVERE ] updating countdown to 60000
[18:20:14.473] [INFO   ] thread Thread-2 starting.
[18:20:14.473] [INFO   ] thread Thread-0 starting.
[18:20:14.473] [INFO   ] thread Thread-1 starting.
[18:20:14.474] [INFO   ] thread Thread-3 starting.
[18:20:14.474] [INFO   ] thread computer-0 starting.
[18:20:14.475] [INFO   ] thread computer-2 starting.
[18:20:14.475] [INFO   ] thread computer-1 starting.
[18:20:14.475] [INFO   ] thread computer-3 starting.
[18:20:14.497] [SEVERE ] updating countdown to 59976
[18:20:14.607] [SEVERE ] placing card 10 in slot 0
[18:20:14.717] [SEVERE ] placing card 48 in slot 1
[18:20:14.827] [SEVERE ] placing card 6 in slot 2
[18:20:14.937] [SEVERE ] placing card 41 in slot 3
[18:20:15.049] [SEVERE ] placing card 12 in slot 4
[18:20:15.161] [SEVERE ] placing card 1 in slot 5
[18:20:15.272] [SEVERE ] placing card 57 in slot 6
[18:20:15.383] [SEVERE ] placing card 28 in slot 7
[18:20:15.493] [SEVERE ] placing card 77 in slot 8
[18:20:15.605] [SEVERE ] placing card 55 in slot 9
[18:20:15.717] [SEVERE ] placing card 17 in slot 10
[18:20:15.827] [SEVERE ] placing card 80 in slot 11
[18:20:15.827] [SEVERE ] player 2 placing token on slot 8
[18:20:15.827] [SEVERE ] player 3 placing token on slot 4
[18:20:15.827] [SEVERE ] player 4 placing token on slot 3
[18:20:15.827] [SEVERE ] removing player 2 token from slot 8
[18:20:15.827] [SEVERE ] player 1 placing token on slot 10
[18:20:15.828] [SEVERE ] player 3 placing token on slot 2
[18:20:15.828] [SEVERE ] player 4 placing token on slot 6
[18:20:15.828] [SEVERE ] removing player 4 token from slot 3
[18:20:15.828] [SEVERE ] player 2 placing token on slot 0
[18:20:15.828] [SEVERE ] player 1 placing token on slot 1
[18:20:15.830] [SEVERE ] player 2 placing token on slot 4
[18:20:15.830] [SEVERE ] player 1 placing token on slot 4
[18:20:15.828] [SEVERE ] player 3 placing token on slot 1
[18:20:15.829] [SEVERE ] player 4 placing token on slot 2
[18:20:15.830] [SEVERE ] player 2 placing token on slot 2
[18:20:15.830] [SEVERE ] player 4 placing token on slot 5
[18:20:15.836] [SEVERE ] updating countdown to 58637
[18:20:28.769] [SEVERE ] exit button pressed
[18:20:28.770] [SEVERE ] disposing of user interface elements
[18:20:28.770] [INFO   ] thread computer-0 terminated.
[18:20:28.770] [INFO   ] thread computer-3 terminated.
[18:20:28.770] [INFO   ] thread Thread-3 terminated.
[18:20:28.770] [INFO   ] thread computer-1 terminated.
[18:20:28.770] [INFO   ] thread computer-2 terminated.
[18:20:28.770] [INFO   ] thread Thread-0 terminated.
[18:20:28.771] [INFO   ] thread Thread-2 terminated.
[18:20:28.771] [INFO   ] thread Thread-1 terminated.
