[09:59:32.913] [INFO   ] thread main starting.
[09:59:32.915] [SEVERE ] cannot read configuration file config.properties trying from resources.
[09:59:32.915] [SEVERE ] configuration file was loaded from resources directory.
[09:59:33.438] [INFO   ] thread dealer starting.
[09:59:33.440] [INFO   ] thread dealer starting.
[09:59:33.440] [SEVERE ] updating countdown to 60000
[09:59:33.441] [INFO   ] thread Thread-1 starting.
[09:59:33.441] [INFO   ] thread Thread-0 starting.
[09:59:33.441] [INFO   ] thread computer-1 starting.
[09:59:33.456] [SEVERE ] updating countdown to 59984
[09:59:33.567] [SEVERE ] placing card 78 in slot 0
[09:59:33.669] [SEVERE ] placing card 62 in slot 1
[09:59:33.772] [SEVERE ] placing card 74 in slot 2
[09:59:33.883] [SEVERE ] placing card 33 in slot 3
[09:59:33.993] [SEVERE ] placing card 77 in slot 4
[09:59:34.102] [SEVERE ] placing card 20 in slot 5
[09:59:34.213] [SEVERE ] placing card 0 in slot 6
[09:59:34.314] [SEVERE ] placing card 27 in slot 7
[09:59:34.418] [SEVERE ] placing card 45 in slot 8
[09:59:34.530] [SEVERE ] placing card 4 in slot 9
[09:59:34.634] [SEVERE ] placing card 34 in slot 10
[09:59:34.736] [SEVERE ] placing card 10 in slot 11
[09:59:34.739] [SEVERE ] player 2 placing token on slot 2
[09:59:34.739] [SEVERE ] player 2 placing token on slot 4
[09:59:34.739] [SEVERE ] removing player 2 token from slot 2
[09:59:34.755] [SEVERE ] updating countdown to 58685
[09:59:34.755] [SEVERE ] player 2 placing token on slot 5
[09:59:34.755] [SEVERE ] player 2 placing token on slot 10
[09:59:34.755] [SEVERE ] updating countdown to 58685
[09:59:34.755] [SEVERE ] setting player 2 freeze to 900
[09:59:34.755] [SEVERE ] removing player 2 token from slot 5
[09:59:34.755] [SEVERE ] setting player 2 freeze to 0
[09:59:34.760] [SEVERE ] player 2 placing token on slot 2
[09:59:34.768] [SEVERE ] updating countdown to 58672
[09:59:35.183] [SEVERE ] key 81 was pressed by player 1
[09:59:35.183] [SEVERE ] player 1 placing token on slot 0
[09:59:35.230] [SEVERE ] key 87 was pressed by player 1
[09:59:35.230] [SEVERE ] player 1 placing token on slot 1
[09:59:35.267] [SEVERE ] key 69 was pressed by player 1
[09:59:35.267] [SEVERE ] player 1 placing token on slot 2
[09:59:35.267] [SEVERE ] updating countdown to 58173
[09:59:35.267] [SEVERE ] setting player 2 freeze to 900
[09:59:35.267] [SEVERE ] setting player 2 freeze to 0
[09:59:35.267] [SEVERE ] updating countdown to 58173
[09:59:35.267] [SEVERE ] removing player 2 token from slot 2
[09:59:35.275] [SEVERE ] player 2 placing token on slot 9
[09:59:35.276] [SEVERE ] updating countdown to 58164
[09:59:35.276] [SEVERE ] setting player 1 freeze to 900
[09:59:35.276] [SEVERE ] setting player 1 freeze to 0
[09:59:35.276] [SEVERE ] updating countdown to 58164
[09:59:35.402] [SEVERE ] key 81 was pressed by player 1
[09:59:35.402] [SEVERE ] removing player 1 token from slot 0
[09:59:35.402] [SEVERE ] key 87 was pressed by player 1
[09:59:35.402] [SEVERE ] removing player 1 token from slot 1
[09:59:35.512] [SEVERE ] key 69 was pressed by player 1
[09:59:35.512] [SEVERE ] removing player 1 token from slot 2
[09:59:35.591] [SEVERE ] key 81 was pressed by player 1
[09:59:35.591] [SEVERE ] player 1 placing token on slot 0
[09:59:35.597] [SEVERE ] key 87 was pressed by player 1
[09:59:35.597] [SEVERE ] player 1 placing token on slot 1
[09:59:35.669] [SEVERE ] key 69 was pressed by player 1
[09:59:35.669] [SEVERE ] player 1 placing token on slot 2
[09:59:35.669] [SEVERE ] updating countdown to 57771
[09:59:35.669] [SEVERE ] setting player 2 freeze to 900
[09:59:35.669] [SEVERE ] setting player 2 freeze to 0
[09:59:35.669] [SEVERE ] updating countdown to 57771
[09:59:35.669] [SEVERE ] removing player 2 token from slot 9
[09:59:35.669] [SEVERE ] player 2 placing token on slot 5
[09:59:35.669] [SEVERE ] updating countdown to 57771
[09:59:35.679] [SEVERE ] setting player 1 freeze to 900
[09:59:35.679] [SEVERE ] setting player 1 freeze to 0
[09:59:35.679] [SEVERE ] updating countdown to 57761
[09:59:35.749] [SEVERE ] key 81 was pressed by player 1
[09:59:35.749] [SEVERE ] removing player 1 token from slot 0
[09:59:35.771] [SEVERE ] key 87 was pressed by player 1
[09:59:35.771] [SEVERE ] removing player 1 token from slot 1
[09:59:35.917] [SEVERE ] key 69 was pressed by player 1
[09:59:35.917] [SEVERE ] removing player 1 token from slot 2
[09:59:35.993] [SEVERE ] key 81 was pressed by player 1
[09:59:35.993] [SEVERE ] player 1 placing token on slot 0
[09:59:36.120] [SEVERE ] key 81 was pressed by player 1
[09:59:36.120] [SEVERE ] removing player 1 token from slot 0
[09:59:36.135] [SEVERE ] key 69 was pressed by player 1
[09:59:36.135] [SEVERE ] player 1 placing token on slot 2
[09:59:36.135] [SEVERE ] key 87 was pressed by player 1
[09:59:36.135] [SEVERE ] player 1 placing token on slot 1
[09:59:36.285] [SEVERE ] key 69 was pressed by player 1
[09:59:36.285] [SEVERE ] removing player 1 token from slot 2
[09:59:36.349] [SEVERE ] key 87 was pressed by player 1
[09:59:36.349] [SEVERE ] removing player 1 token from slot 1
[09:59:36.364] [SEVERE ] key 81 was pressed by player 1
[09:59:36.364] [SEVERE ] player 1 placing token on slot 0
[09:59:36.502] [SEVERE ] key 87 was pressed by player 1
[09:59:36.502] [SEVERE ] player 1 placing token on slot 1
[09:59:36.536] [SEVERE ] key 81 was pressed by player 1
[09:59:36.536] [SEVERE ] removing player 1 token from slot 0
[09:59:36.536] [SEVERE ] key 69 was pressed by player 1
[09:59:36.547] [SEVERE ] player 1 placing token on slot 2
[09:59:36.678] [SEVERE ] key 81 was pressed by player 1
[09:59:36.686] [SEVERE ] player 1 placing token on slot 0
[09:59:36.686] [SEVERE ] updating countdown to 56754
[09:59:36.686] [SEVERE ] setting player 2 freeze to 900
[09:59:36.686] [SEVERE ] setting player 2 freeze to 0
[09:59:36.686] [SEVERE ] updating countdown to 56754
[09:59:36.686] [SEVERE ] removing player 2 token from slot 4
[09:59:36.686] [SEVERE ] player 2 placing token on slot 11
[09:59:36.686] [SEVERE ] updating countdown to 56754
[09:59:36.686] [SEVERE ] setting player 1 freeze to 900
[09:59:36.686] [SEVERE ] setting player 1 freeze to 0
[09:59:36.686] [SEVERE ] updating countdown to 56754
[09:59:36.695] [SEVERE ] key 69 was pressed by player 1
[09:59:36.695] [SEVERE ] removing player 1 token from slot 2
[09:59:36.702] [SEVERE ] key 87 was pressed by player 1
[09:59:36.702] [SEVERE ] removing player 1 token from slot 1
[09:59:36.819] [SEVERE ] key 81 was pressed by player 1
[09:59:36.819] [SEVERE ] removing player 1 token from slot 0
[09:59:36.827] [SEVERE ] key 87 was pressed by player 1
[09:59:36.827] [SEVERE ] player 1 placing token on slot 1
[09:59:36.835] [SEVERE ] key 69 was pressed by player 1
[09:59:36.835] [SEVERE ] player 1 placing token on slot 2
[09:59:36.965] [SEVERE ] key 81 was pressed by player 1
[09:59:36.965] [SEVERE ] player 1 placing token on slot 0
[09:59:36.965] [SEVERE ] updating countdown to 56475
[09:59:36.965] [SEVERE ] setting player 2 freeze to 900
[09:59:36.965] [SEVERE ] setting player 2 freeze to 0
[09:59:36.965] [SEVERE ] updating countdown to 56475
[09:59:36.965] [SEVERE ] removing player 2 token from slot 10
[09:59:36.965] [SEVERE ] player 2 placing token on slot 1
[09:59:36.965] [SEVERE ] updating countdown to 56475
[09:59:36.965] [SEVERE ] setting player 1 freeze to 900
[09:59:36.965] [SEVERE ] setting player 1 freeze to 0
[09:59:36.981] [SEVERE ] updating countdown to 56459
[09:59:36.981] [SEVERE ] key 87 was pressed by player 1
[09:59:36.981] [SEVERE ] removing player 1 token from slot 1
[09:59:36.996] [SEVERE ] key 69 was pressed by player 1
[09:59:36.996] [SEVERE ] removing player 1 token from slot 2
[09:59:37.117] [SEVERE ] key 81 was pressed by player 1
[09:59:37.117] [SEVERE ] removing player 1 token from slot 0
[09:59:37.131] [SEVERE ] key 69 was pressed by player 1
[09:59:37.131] [SEVERE ] player 1 placing token on slot 2
[09:59:37.155] [SEVERE ] key 87 was pressed by player 1
[09:59:37.156] [SEVERE ] player 1 placing token on slot 1
[09:59:37.235] [SEVERE ] key 81 was pressed by player 1
[09:59:37.235] [SEVERE ] player 1 placing token on slot 0
[09:59:37.235] [SEVERE ] updating countdown to 56205
[09:59:37.235] [SEVERE ] setting player 2 freeze to 900
[09:59:37.244] [SEVERE ] setting player 2 freeze to 0
[09:59:37.244] [SEVERE ] updating countdown to 56196
[09:59:37.248] [SEVERE ] removing player 2 token from slot 5
[09:59:37.248] [SEVERE ] player 2 placing token on slot 10
[09:59:37.248] [SEVERE ] updating countdown to 56192
[09:59:37.248] [SEVERE ] setting player 1 freeze to 900
[09:59:37.248] [SEVERE ] setting player 1 freeze to 0
[09:59:37.248] [SEVERE ] updating countdown to 56192
[09:59:37.267] [SEVERE ] key 87 was pressed by player 1
[09:59:37.267] [SEVERE ] removing player 1 token from slot 1
[09:59:37.436] [SEVERE ] key 69 was pressed by player 1
[09:59:37.436] [SEVERE ] removing player 1 token from slot 2
[09:59:37.577] [SEVERE ] key 87 was pressed by player 1
[09:59:37.577] [SEVERE ] player 1 placing token on slot 1
[09:59:37.598] [SEVERE ] key 81 was pressed by player 1
[09:59:37.598] [SEVERE ] removing player 1 token from slot 0
[09:59:37.664] [SEVERE ] key 69 was pressed by player 1
[09:59:37.664] [SEVERE ] player 1 placing token on slot 2
[09:59:37.770] [SEVERE ] key 81 was pressed by player 1
[09:59:37.770] [SEVERE ] player 1 placing token on slot 0
[09:59:37.770] [SEVERE ] updating countdown to 55670
[09:59:37.770] [SEVERE ] setting player 2 freeze to 900
[09:59:37.770] [SEVERE ] setting player 2 freeze to 0
[09:59:37.770] [SEVERE ] removing player 2 token from slot 11
[09:59:37.770] [SEVERE ] updating countdown to 55670
[09:59:37.770] [SEVERE ] player 2 placing token on slot 6
[09:59:37.770] [SEVERE ] updating countdown to 55670
[09:59:37.770] [SEVERE ] setting player 1 freeze to 900
[09:59:37.770] [SEVERE ] setting player 1 freeze to 0
[09:59:37.777] [SEVERE ] updating countdown to 55663
[09:59:37.930] [SEVERE ] key 87 was pressed by player 1
[09:59:37.930] [SEVERE ] removing player 1 token from slot 1
[09:59:37.948] [SEVERE ] key 69 was pressed by player 1
[09:59:37.948] [SEVERE ] removing player 1 token from slot 2
[09:59:38.307] [SEVERE ] key 81 was pressed by player 1
[09:59:38.307] [SEVERE ] removing player 1 token from slot 0
[09:59:38.323] [SEVERE ] key 69 was pressed by player 1
[09:59:38.323] [SEVERE ] player 1 placing token on slot 2
[09:59:38.358] [SEVERE ] key 87 was pressed by player 1
[09:59:38.358] [SEVERE ] player 1 placing token on slot 1
[09:59:38.778] [SEVERE ] updating countdown to 54662
[09:59:38.778] [SEVERE ] setting player 2 freeze to 900
[09:59:38.778] [SEVERE ] setting player 2 freeze to 0
[09:59:38.778] [SEVERE ] updating countdown to 54662
[09:59:38.778] [SEVERE ] removing player 2 token from slot 6
[09:59:38.778] [SEVERE ] player 2 placing token on slot 9
[09:59:38.778] [SEVERE ] updating countdown to 54662
[09:59:38.778] [SEVERE ] setting player 2 freeze to 900
[09:59:38.778] [SEVERE ] setting player 2 freeze to 0
[09:59:38.778] [SEVERE ] updating countdown to 54662
[09:59:38.778] [SEVERE ] removing player 2 token from slot 1
[09:59:38.794] [SEVERE ] player 2 placing token on slot 11
[09:59:38.794] [SEVERE ] updating countdown to 54646
[09:59:38.794] [SEVERE ] setting player 2 freeze to 900
[09:59:38.794] [SEVERE ] setting player 2 freeze to 0
[09:59:38.794] [SEVERE ] updating countdown to 54646
[09:59:38.794] [SEVERE ] key 81 was pressed by player 1
[09:59:38.794] [SEVERE ] player 1 placing token on slot 0
[09:59:38.794] [SEVERE ] updating countdown to 54646
[09:59:38.794] [SEVERE ] setting player 1 freeze to 900
[09:59:38.794] [SEVERE ] setting player 1 freeze to 0
[09:59:38.810] [SEVERE ] updating countdown to 54630
[09:59:38.826] [SEVERE ] key 69 was pressed by player 1
[09:59:38.826] [SEVERE ] removing player 1 token from slot 2
[09:59:39.027] [SEVERE ] key 87 was pressed by player 1
[09:59:39.027] [SEVERE ] removing player 1 token from slot 1
[09:59:39.560] [SEVERE ] key 81 was pressed by player 1
[09:59:39.560] [SEVERE ] removing player 1 token from slot 0
[09:59:39.572] [SEVERE ] key 87 was pressed by player 1
[09:59:39.572] [SEVERE ] player 1 placing token on slot 1
[09:59:39.577] [SEVERE ] key 69 was pressed by player 1
[09:59:39.577] [SEVERE ] player 1 placing token on slot 2
[09:59:39.815] [SEVERE ] updating countdown to 53625
[09:59:39.815] [SEVERE ] updating countdown to 53625
[09:59:40.090] [SEVERE ] key 69 was pressed by player 1
[09:59:40.090] [SEVERE ] removing player 1 token from slot 2
[09:59:40.122] [SEVERE ] key 69 was pressed by player 1
[09:59:40.122] [SEVERE ] player 1 placing token on slot 2
[09:59:40.324] [SEVERE ] key 81 was pressed by player 1
[09:59:40.324] [SEVERE ] player 1 placing token on slot 0
[09:59:40.324] [SEVERE ] updating countdown to 53116
[09:59:40.324] [SEVERE ] setting player 1 freeze to 900
[09:59:40.324] [SEVERE ] setting player 1 freeze to 0
[09:59:40.324] [SEVERE ] updating countdown to 53116
[09:59:40.340] [SEVERE ] key 69 was pressed by player 1
[09:59:40.340] [SEVERE ] removing player 1 token from slot 2
[09:59:40.348] [SEVERE ] key 87 was pressed by player 1
[09:59:40.348] [SEVERE ] removing player 1 token from slot 1
[09:59:40.465] [SEVERE ] key 87 was pressed by player 1
[09:59:40.465] [SEVERE ] player 1 placing token on slot 1
[09:59:40.480] [SEVERE ] key 81 was pressed by player 1
[09:59:40.480] [SEVERE ] removing player 1 token from slot 0
[09:59:40.498] [SEVERE ] key 69 was pressed by player 1
[09:59:40.498] [SEVERE ] player 1 placing token on slot 2
[09:59:41.075] [SEVERE ] exit button pressed
[09:59:41.075] [SEVERE ] disposing of user interface elements
[09:59:41.075] [INFO   ] thread computer-1 terminated.
[09:59:41.075] [INFO   ] thread Thread-0 terminated.
[09:59:41.075] [INFO   ] thread Thread-1 terminated.
