[08:54:54.169] [INFO   ] thread main starting.
[08:54:54.174] [SEVERE ] cannot read configuration file config.properties trying from resources.
[08:54:54.176] [SEVERE ] configuration file was loaded from resources directory.
[08:54:54.551] [INFO   ] thread dealer starting.
[08:54:54.553] [INFO   ] thread dealer starting.
[08:54:54.553] [SEVERE ] updating countdown to 60000
[08:54:54.553] [INFO   ] thread Thread-0 starting.
[08:54:54.553] [INFO   ] thread Thread-2 starting.
[08:54:54.553] [INFO   ] thread Thread-1 starting.
[08:54:54.553] [INFO   ] thread Thread-3 starting.
[08:54:54.554] [INFO   ] thread computer-0 starting.
[08:54:54.554] [INFO   ] thread computer-2 starting.
[08:54:54.554] [INFO   ] thread computer-1 starting.
[08:54:54.555] [INFO   ] thread computer-3 starting.
[08:54:54.577] [SEVERE ] updating countdown to 59976
[08:54:54.689] [SEVERE ] placing card 53 in slot 0
[08:54:54.792] [SEVERE ] placing card 61 in slot 1
[08:54:54.906] [SEVERE ] placing card 52 in slot 2
[08:54:55.016] [SEVERE ] placing card 16 in slot 3
[08:54:55.124] [SEVERE ] placing card 79 in slot 4
[08:54:55.237] [SEVERE ] placing card 2 in slot 5
[08:54:55.340] [SEVERE ] placing card 29 in slot 6
[08:54:55.442] [SEVERE ] placing card 35 in slot 7
[08:54:55.552] [SEVERE ] placing card 18 in slot 8
[08:54:55.655] [SEVERE ] placing card 48 in slot 9
[08:54:55.770] [SEVERE ] placing card 57 in slot 10
[08:54:55.885] [SEVERE ] placing card 25 in slot 11
[08:54:55.885] [SEVERE ] player 4 placing token on slot 6
[08:54:55.885] [SEVERE ] player 3 placing token on slot 8
[08:54:55.885] [SEVERE ] player 2 placing token on slot 1
[08:54:55.885] [SEVERE ] player 1 placing token on slot 9
[08:54:55.885] [SEVERE ] removing player 4 token from slot 6
[08:54:55.886] [SEVERE ] player 3 placing token on slot 6
[08:54:55.886] [SEVERE ] player 2 placing token on slot 2
[08:54:55.887] [SEVERE ] player 2 placing token on slot 4
[08:54:55.886] [SEVERE ] player 1 placing token on slot 6
[08:54:55.886] [SEVERE ] player 4 placing token on slot 2
[08:54:55.887] [SEVERE ] player 3 placing token on slot 2
[08:54:55.887] [SEVERE ] player 1 placing token on slot 1
[08:54:55.887] [SEVERE ] player 4 placing token on slot 7
[08:54:55.888] [SEVERE ] player 4 placing token on slot 10
[08:54:55.889] [SEVERE ] updating countdown to 58664
[08:54:56.906] [SEVERE ] updating countdown to 57647
[08:54:56.906] [SEVERE ] setting player 2 freeze to 900
[08:54:56.906] [SEVERE ] setting player 2 freeze to 0
[08:54:56.906] [SEVERE ] removing player 2 token from slot 2
[08:54:56.907] [SEVERE ] player 2 placing token on slot 8
[08:54:56.908] [SEVERE ] updating countdown to 57645
[08:54:57.924] [SEVERE ] updating countdown to 56629
[08:54:57.924] [SEVERE ] setting player 3 freeze to 900
[08:54:57.924] [SEVERE ] removing player 3 token from slot 6
[08:54:57.924] [SEVERE ] player 3 placing token on slot 3
[08:54:57.924] [SEVERE ] setting player 3 freeze to 0
[08:54:57.924] [SEVERE ] updating countdown to 56629
[08:54:58.934] [SEVERE ] updating countdown to 55619
[08:54:58.934] [SEVERE ] setting player 1 freeze to 900
[08:54:58.935] [SEVERE ] removing player 1 token from slot 9
[08:54:58.935] [SEVERE ] setting player 1 freeze to 0
[08:54:58.935] [SEVERE ] player 1 placing token on slot 0
[08:54:58.936] [SEVERE ] updating countdown to 55617
[08:54:59.941] [SEVERE ] updating countdown to 54612
[08:54:59.941] [SEVERE ] setting player 4 freeze to 900
[08:54:59.941] [SEVERE ] setting player 4 freeze to 0
[08:54:59.941] [SEVERE ] removing player 4 token from slot 7
[08:54:59.941] [SEVERE ] player 4 placing token on slot 6
[08:54:59.941] [SEVERE ] updating countdown to 54612
[08:55:00.942] [SEVERE ] updating countdown to 53611
[08:55:00.942] [SEVERE ] setting player 2 freeze to 900
[08:55:00.942] [SEVERE ] removing player 2 token from slot 8
[08:55:00.942] [SEVERE ] setting player 2 freeze to 0
[08:55:00.942] [SEVERE ] player 2 placing token on slot 3
[08:55:00.942] [SEVERE ] updating countdown to 53611
[08:55:01.956] [SEVERE ] updating countdown to 52597
[08:55:01.956] [SEVERE ] setting player 3 freeze to 900
[08:55:01.956] [SEVERE ] removing player 3 token from slot 3
[08:55:01.956] [SEVERE ] setting player 3 freeze to 0
[08:55:01.956] [SEVERE ] player 3 placing token on slot 5
[08:55:01.957] [SEVERE ] updating countdown to 52596
[08:55:02.957] [SEVERE ] updating countdown to 51596
[08:55:02.957] [SEVERE ] setting player 1 freeze to 900
[08:55:02.957] [SEVERE ] removing player 1 token from slot 1
[08:55:02.957] [SEVERE ] setting player 1 freeze to 0
[08:55:02.957] [SEVERE ] player 1 placing token on slot 4
[08:55:02.957] [SEVERE ] updating countdown to 51596
[08:55:03.971] [SEVERE ] updating countdown to 50582
[08:55:03.972] [SEVERE ] setting player 4 freeze to 900
[08:55:03.972] [SEVERE ] removing player 4 token from slot 6
[08:55:03.972] [SEVERE ] setting player 4 freeze to 0
[08:55:03.972] [SEVERE ] removing player 4 token from slot 10
[08:55:03.972] [SEVERE ] player 4 placing token on slot 5
[08:55:03.972] [SEVERE ] player 4 placing token on slot 6
[08:55:03.973] [SEVERE ] updating countdown to 50580
[08:55:04.974] [SEVERE ] updating countdown to 49579
[08:55:04.974] [SEVERE ] setting player 2 freeze to 900
[08:55:04.974] [SEVERE ] setting player 2 freeze to 0
[08:55:04.974] [SEVERE ] removing player 2 token from slot 1
[08:55:04.974] [SEVERE ] updating countdown to 49579
[08:55:04.974] [SEVERE ] player 2 placing token on slot 9
[08:55:05.976] [SEVERE ] updating countdown to 48577
[08:55:05.976] [SEVERE ] setting player 3 freeze to 900
[08:55:05.976] [SEVERE ] removing player 3 token from slot 5
[08:55:05.976] [SEVERE ] player 3 placing token on slot 5
[08:55:05.976] [SEVERE ] setting player 3 freeze to 0
[08:55:05.976] [SEVERE ] updating countdown to 48577
[08:55:06.992] [SEVERE ] updating countdown to 47561
[08:55:06.992] [SEVERE ] setting player 1 freeze to 900
[08:55:06.992] [SEVERE ] setting player 1 freeze to 0
[08:55:06.992] [SEVERE ] removing player 1 token from slot 4
[08:55:06.992] [SEVERE ] updating countdown to 47561
[08:55:06.992] [SEVERE ] player 1 placing token on slot 9
[08:55:06.992] [SEVERE ] updating countdown to 47561
[08:55:06.992] [SEVERE ] setting player 4 freeze to 900
[08:55:06.992] [SEVERE ] setting player 4 freeze to 0
[08:55:06.992] [SEVERE ] removing player 4 token from slot 6
[08:55:06.992] [SEVERE ] updating countdown to 47561
[08:55:06.992] [SEVERE ] player 4 placing token on slot 6
[08:55:06.992] [SEVERE ] updating countdown to 47561
[08:55:06.992] [SEVERE ] setting player 2 freeze to 900
[08:55:06.992] [SEVERE ] setting player 2 freeze to 0
[08:55:06.992] [SEVERE ] removing player 2 token from slot 3
[08:55:06.992] [SEVERE ] updating countdown to 47561
[08:55:06.992] [SEVERE ] player 2 placing token on slot 5
[08:55:06.992] [SEVERE ] updating countdown to 47561
[08:55:06.992] [SEVERE ] setting player 3 freeze to 900
[08:55:06.992] [SEVERE ] removing player 3 token from slot 8
[08:55:06.992] [SEVERE ] setting player 3 freeze to 0
[08:55:06.992] [SEVERE ] player 3 placing token on slot 4
[08:55:06.997] [SEVERE ] updating countdown to 47556
[08:55:08.016] [SEVERE ] updating countdown to 46537
[08:55:08.016] [SEVERE ] setting player 1 freeze to 900
[08:55:08.016] [SEVERE ] setting player 1 freeze to 0
[08:55:08.016] [SEVERE ] removing player 1 token from slot 9
[08:55:08.017] [SEVERE ] player 1 placing token on slot 8
[08:55:08.017] [SEVERE ] updating countdown to 46536
[08:55:09.026] [SEVERE ] updating countdown to 45527
[08:55:09.026] [SEVERE ] setting player 2 freeze to 900
[08:55:09.027] [SEVERE ] removing player 2 token from slot 4
[08:55:09.027] [SEVERE ] setting player 2 freeze to 0
[08:55:09.027] [SEVERE ] player 2 placing token on slot 11
[08:55:09.027] [SEVERE ] updating countdown to 45526
[08:55:10.040] [SEVERE ] updating countdown to 44513
[08:55:10.041] [SEVERE ] setting player 4 freeze to 900
[08:55:10.041] [SEVERE ] removing player 4 token from slot 6
[08:55:10.041] [SEVERE ] player 4 placing token on slot 9
[08:55:10.042] [SEVERE ] setting player 4 freeze to 0
[08:55:10.042] [SEVERE ] updating countdown to 44511
[08:55:11.045] [SEVERE ] updating countdown to 43508
[08:55:11.045] [SEVERE ] setting player 3 freeze to 900
[08:55:11.045] [SEVERE ] removing player 3 token from slot 2
[08:55:11.046] [SEVERE ] removing player 3 token from slot 4
[08:55:11.046] [SEVERE ] setting player 3 freeze to 0
[08:55:11.046] [SEVERE ] player 3 placing token on slot 2
[08:55:11.046] [SEVERE ] removing player 3 token from slot 5
[08:55:11.046] [SEVERE ] updating countdown to 43507
[08:55:11.046] [SEVERE ] player 3 placing token on slot 9
[08:55:11.046] [SEVERE ] player 3 placing token on slot 4
[08:55:11.046] [SEVERE ] updating countdown to 43507
[08:55:11.046] [SEVERE ] setting player 1 freeze to 900
[08:55:11.046] [SEVERE ] removing player 1 token from slot 0
[08:55:11.046] [SEVERE ] setting player 1 freeze to 0
[08:55:11.046] [SEVERE ] player 1 placing token on slot 9
[08:55:11.046] [SEVERE ] updating countdown to 43507
[08:55:12.059] [SEVERE ] updating countdown to 42494
[08:55:12.059] [SEVERE ] setting player 2 freeze to 900
[08:55:12.060] [SEVERE ] setting player 2 freeze to 0
[08:55:12.060] [SEVERE ] removing player 2 token from slot 5
[08:55:12.060] [SEVERE ] player 2 placing token on slot 1
[08:55:12.060] [SEVERE ] updating countdown to 42493
[08:55:13.082] [SEVERE ] updating countdown to 41471
[08:55:13.082] [SEVERE ] setting player 4 freeze to 900
[08:55:13.082] [SEVERE ] setting player 4 freeze to 0
[08:55:13.082] [SEVERE ] removing player 4 token from slot 5
[08:55:13.082] [SEVERE ] player 4 placing token on slot 10
[08:55:13.083] [SEVERE ] updating countdown to 41470
[08:55:13.404] [SEVERE ] exit button pressed
[08:55:13.404] [SEVERE ] disposing of user interface elements
[08:55:13.404] [INFO   ] thread computer-0 terminated.
[08:55:13.404] [INFO   ] thread Thread-0 terminated.
[08:55:13.404] [INFO   ] thread computer-1 terminated.
[08:55:13.404] [INFO   ] thread computer-2 terminated.
[08:55:13.404] [INFO   ] thread computer-3 terminated.
[08:55:13.405] [INFO   ] thread Thread-1 terminated.
[08:55:13.405] [INFO   ] thread Thread-2 terminated.
[08:55:13.405] [INFO   ] thread Thread-3 terminated.
