[18:10:28.390] [INFO   ] thread main starting.
[18:10:28.396] [SEVERE ] cannot read configuration file config.properties trying from resources.
[18:10:28.398] [SEVERE ] configuration file was loaded from resources directory.
[18:10:28.734] [INFO   ] thread dealer starting.
[18:10:28.735] [INFO   ] thread dealer starting.
[18:10:28.735] [SEVERE ] updating countdown to 60000
[18:10:28.735] [INFO   ] thread Thread-0 starting.
[18:10:28.735] [INFO   ] thread Thread-2 starting.
[18:10:28.735] [INFO   ] thread Thread-1 starting.
[18:10:28.736] [INFO   ] thread Thread-3 starting.
[18:10:28.737] [INFO   ] thread computer-0 starting.
[18:10:28.737] [INFO   ] thread computer-2 starting.
[18:10:28.737] [INFO   ] thread computer-3 starting.
[18:10:28.737] [INFO   ] thread computer-1 starting.
[18:10:28.756] [SEVERE ] updating countdown to 59979
[18:10:28.867] [SEVERE ] placing card 51 in slot 0
[18:10:28.977] [SEVERE ] placing card 55 in slot 1
[18:10:29.087] [SEVERE ] placing card 26 in slot 2
[18:10:29.198] [SEVERE ] placing card 80 in slot 3
[18:10:29.306] [SEVERE ] placing card 78 in slot 4
[18:10:29.416] [SEVERE ] placing card 29 in slot 5
[18:10:29.528] [SEVERE ] placing card 24 in slot 6
[18:10:29.638] [SEVERE ] placing card 0 in slot 7
[18:10:29.750] [SEVERE ] placing card 17 in slot 8
[18:10:29.861] [SEVERE ] placing card 14 in slot 9
[18:10:29.971] [SEVERE ] placing card 16 in slot 10
[18:10:30.081] [SEVERE ] placing card 31 in slot 11
[18:10:30.081] [SEVERE ] player 2 placing token on slot 7
[18:10:30.081] [SEVERE ] player 4 placing token on slot 7
[18:10:30.081] [SEVERE ] player 1 placing token on slot 0
[18:10:30.081] [SEVERE ] player 3 placing token on slot 5
[18:10:30.082] [SEVERE ] player 2 placing token on slot 11
[18:10:30.082] [SEVERE ] player 4 placing token on slot 0
[18:10:30.082] [SEVERE ] player 1 placing token on slot 11
[18:10:30.082] [SEVERE ] player 3 placing token on slot 9
[18:10:30.082] [SEVERE ] player 2 placing token on slot 5
[18:10:30.082] [SEVERE ] player 4 placing token on slot 1
[18:10:30.083] [SEVERE ] player 1 placing token on slot 5
[18:10:30.083] [SEVERE ] player 3 placing token on slot 11
[18:10:30.088] [SEVERE ] updating countdown to 58647
[18:10:31.102] [SEVERE ] updating countdown to 57633
[18:10:31.102] [SEVERE ] setting player 2 freeze to 900
[18:10:31.102] [SEVERE ] removing player 2 token from slot 11
[18:10:31.102] [SEVERE ] setting player 2 freeze to 0
[18:10:31.103] [SEVERE ] player 2 placing token on slot 3
[18:10:31.104] [SEVERE ] updating countdown to 57631
[18:10:32.113] [SEVERE ] updating countdown to 56622
[18:10:32.113] [SEVERE ] setting player 1 freeze to 900
[18:10:32.114] [SEVERE ] removing player 1 token from slot 0
[18:10:32.114] [SEVERE ] player 1 placing token on slot 7
[18:10:32.114] [SEVERE ] setting player 1 freeze to 0
[18:10:32.115] [SEVERE ] updating countdown to 56620
[18:10:33.121] [SEVERE ] updating countdown to 55614
[18:10:33.121] [SEVERE ] setting player 3 freeze to 900
[18:10:33.121] [SEVERE ] removing player 3 token from slot 11
[18:10:33.122] [SEVERE ] player 3 placing token on slot 2
[18:10:33.121] [SEVERE ] setting player 3 freeze to 0
[18:10:33.122] [SEVERE ] updating countdown to 55613
[18:10:34.131] [SEVERE ] updating countdown to 54604
[18:10:34.131] [SEVERE ] removing player 4 token from slot 0
[18:10:34.131] [SEVERE ] setting player 4 freeze to 900
[18:10:34.131] [SEVERE ] player 4 placing token on slot 4
[18:10:34.131] [SEVERE ] setting player 4 freeze to 0
[18:10:34.132] [SEVERE ] updating countdown to 54603
[18:10:35.142] [SEVERE ] updating countdown to 53593
[18:10:35.142] [SEVERE ] setting player 2 freeze to 900
[18:10:35.142] [SEVERE ] setting player 2 freeze to 0
[18:10:35.142] [SEVERE ] removing player 2 token from slot 7
[18:10:35.142] [SEVERE ] player 2 placing token on slot 11
[18:10:35.143] [SEVERE ] updating countdown to 53592
[18:10:36.150] [SEVERE ] updating countdown to 52585
[18:10:36.150] [SEVERE ] setting player 1 freeze to 900
[18:10:36.150] [SEVERE ] setting player 1 freeze to 0
[18:10:36.150] [SEVERE ] removing player 1 token from slot 11
[18:10:36.151] [SEVERE ] player 1 placing token on slot 1
[18:10:36.151] [SEVERE ] updating countdown to 52584
[18:10:37.159] [SEVERE ] updating countdown to 51576
[18:10:37.159] [SEVERE ] setting player 3 freeze to 900
[18:10:37.159] [SEVERE ] setting player 3 freeze to 0
[18:10:37.159] [SEVERE ] removing player 3 token from slot 5
[18:10:37.160] [SEVERE ] removing player 3 token from slot 2
[18:10:37.160] [SEVERE ] updating countdown to 51575
[18:10:37.160] [SEVERE ] player 3 placing token on slot 0
[18:10:37.160] [SEVERE ] removing player 3 token from slot 0
[18:10:37.160] [SEVERE ] player 3 placing token on slot 0
[18:10:37.160] [SEVERE ] player 3 placing token on slot 11
[18:10:37.160] [SEVERE ] updating countdown to 51575
[18:10:37.161] [SEVERE ] setting player 4 freeze to 900
[18:10:37.161] [SEVERE ] setting player 4 freeze to 0
[18:10:37.161] [SEVERE ] removing player 4 token from slot 7
[18:10:37.161] [SEVERE ] removing player 4 token from slot 4
[18:10:37.161] [SEVERE ] player 4 placing token on slot 9
[18:10:37.162] [SEVERE ] updating countdown to 51573
[18:10:37.162] [SEVERE ] player 4 placing token on slot 2
[18:10:37.162] [SEVERE ] updating countdown to 51573
[18:10:37.162] [SEVERE ] setting player 2 freeze to 900
[18:10:37.162] [SEVERE ] setting player 2 freeze to 0
[18:10:37.162] [SEVERE ] removing player 2 token from slot 11
[18:10:37.163] [SEVERE ] player 2 placing token on slot 0
[18:10:37.164] [SEVERE ] updating countdown to 51571
[18:10:38.165] [SEVERE ] updating countdown to 50570
[18:10:38.275] [SEVERE ] removing player 2 token from slot 5
[18:10:38.275] [SEVERE ] removing player 1 token from slot 5
[18:10:38.275] [SEVERE ] removing card from slot 5
[18:10:38.384] [SEVERE ] removing player 1 token from slot 7
[18:10:38.384] [SEVERE ] removing card from slot 7
[18:10:38.495] [SEVERE ] removing player 4 token from slot 1
[18:10:38.495] [SEVERE ] removing player 1 token from slot 1
[18:10:38.495] [SEVERE ] removing card from slot 1
[18:10:38.604] [SEVERE ] placing card 58 in slot 1
[18:10:38.712] [SEVERE ] placing card 23 in slot 5
[18:10:38.823] [SEVERE ] placing card 19 in slot 7
[18:10:38.823] [SEVERE ] player 2 placing token on slot 8
[18:10:38.823] [SEVERE ] player 4 placing token on slot 11
[18:10:38.825] [SEVERE ] updating countdown to 60000
[18:10:38.825] [SEVERE ] setting player 1 score to 1
[18:10:38.825] [SEVERE ] setting player 1 freeze to 900
[18:10:38.825] [SEVERE ] setting player 1 freeze to 0
[18:10:38.825] [SEVERE ] player 1 placing token on slot 0
[18:10:38.825] [SEVERE ] updating countdown to 59999
[18:10:38.825] [SEVERE ] player 1 placing token on slot 6
[18:10:38.825] [SEVERE ] player 1 placing token on slot 7
[18:10:38.826] [SEVERE ] updating countdown to 59998
[18:10:38.826] [SEVERE ] setting player 3 freeze to 900
[18:10:38.826] [SEVERE ] setting player 3 freeze to 0
[18:10:38.826] [SEVERE ] removing player 3 token from slot 9
[18:10:38.826] [SEVERE ] player 3 placing token on slot 1
[18:10:38.827] [SEVERE ] updating countdown to 59997
[18:10:39.830] [SEVERE ] updating countdown to 58994
[18:10:39.831] [SEVERE ] setting player 2 freeze to 900
[18:10:39.831] [SEVERE ] setting player 2 freeze to 0
[18:10:39.831] [SEVERE ] removing player 2 token from slot 8
[18:10:39.831] [SEVERE ] player 2 placing token on slot 7
[18:10:39.831] [SEVERE ] updating countdown to 58993
[18:10:40.839] [SEVERE ] updating countdown to 57985
[18:10:40.839] [SEVERE ] setting player 4 freeze to 900
[18:10:40.840] [SEVERE ] setting player 4 freeze to 0
[18:10:40.840] [SEVERE ] removing player 4 token from slot 11
[18:10:40.840] [SEVERE ] player 4 placing token on slot 3
[18:10:40.840] [SEVERE ] updating countdown to 57984
[18:10:41.843] [SEVERE ] updating countdown to 56981
[18:10:41.843] [SEVERE ] setting player 1 freeze to 900
[18:10:41.843] [SEVERE ] setting player 1 freeze to 0
[18:10:41.843] [SEVERE ] removing player 1 token from slot 0
[18:10:41.843] [SEVERE ] player 1 placing token on slot 11
[18:10:41.843] [SEVERE ] updating countdown to 56981
[18:10:42.623] [SEVERE ] exit button pressed
[18:10:42.624] [SEVERE ] disposing of user interface elements
[18:10:42.624] [INFO   ] thread computer-0 terminated.
[18:10:42.624] [INFO   ] thread computer-1 terminated.
[18:10:42.624] [INFO   ] thread computer-2 terminated.
[18:10:42.624] [INFO   ] thread computer-3 terminated.
[18:10:42.624] [INFO   ] thread Thread-0 terminated.
[18:10:42.624] [INFO   ] thread Thread-1 terminated.
[18:10:42.624] [INFO   ] thread Thread-2 terminated.
[18:10:42.624] [INFO   ] thread Thread-3 terminated.
