[14:24:17.757] [INFO   ] thread main starting.
[14:24:17.757] [SEVERE ] cannot read configuration file config.properties trying from resources.
[14:24:17.757] [SEVERE ] configuration file was loaded from resources directory.
[14:24:18.310] [INFO   ] thread dealer starting.
[14:24:18.310] [INFO   ] thread dealer starting.
[14:24:18.312] [SEVERE ] updating countdown to 60000
[14:24:18.312] [INFO   ] thread Thread-1 starting.
[14:24:18.312] [INFO   ] thread Thread-0 starting.
[14:24:18.312] [INFO   ] thread computer-1 starting.
[14:24:18.327] [SEVERE ] updating countdown to 59983
[14:24:18.441] [SEVERE ] placing card 60 in slot 0
[14:24:18.551] [SEVERE ] placing card 1 in slot 1
[14:24:18.662] [SEVERE ] placing card 49 in slot 2
[14:24:18.770] [SEVERE ] placing card 47 in slot 3
[14:24:18.873] [SEVERE ] placing card 18 in slot 4
[14:24:18.974] [SEVERE ] placing card 52 in slot 5
[14:24:19.086] [SEVERE ] placing card 29 in slot 6
[14:24:19.191] [SEVERE ] placing card 33 in slot 7
[14:24:19.302] [SEVERE ] placing card 12 in slot 8
[14:24:19.406] [SEVERE ] placing card 3 in slot 9
[14:24:19.517] [SEVERE ] placing card 58 in slot 10
[14:24:19.625] [SEVERE ] placing card 59 in slot 11
[14:24:19.625] [SEVERE ] player 2 placing token on slot 5
[14:24:19.625] [SEVERE ] updating countdown to 58685
[14:24:19.625] [SEVERE ] player 2 placing token on slot 1
[14:24:19.625] [SEVERE ] player 2 placing token on slot 2
[14:24:19.625] [SEVERE ] updating countdown to 58685
[14:24:19.625] [SEVERE ] setting player 2 freeze to 900
[14:24:19.625] [SEVERE ] setting player 2 freeze to 0
[14:24:19.625] [SEVERE ] updating countdown to 58685
[14:24:19.640] [SEVERE ] removing player 2 token from slot 5
[14:24:19.640] [SEVERE ] player 2 placing token on slot 6
[14:24:19.640] [SEVERE ] updating countdown to 58670
[14:24:19.644] [SEVERE ] setting player 2 freeze to 900
[14:24:19.644] [SEVERE ] setting player 2 freeze to 0
[14:24:19.644] [SEVERE ] updating countdown to 58666
[14:24:19.644] [SEVERE ] removing player 2 token from slot 2
[14:24:19.644] [SEVERE ] player 2 placing token on slot 4
[14:24:19.644] [SEVERE ] updating countdown to 58666
[14:24:19.654] [SEVERE ] setting player 2 freeze to 900
[14:24:19.654] [SEVERE ] setting player 2 freeze to 0
[14:24:19.654] [SEVERE ] updating countdown to 58656
[14:24:20.665] [SEVERE ] updating countdown to 57645
[14:24:20.665] [SEVERE ] updating countdown to 57645
[14:24:21.676] [SEVERE ] updating countdown to 56634
[14:24:21.676] [SEVERE ] updating countdown to 56634
[14:24:22.683] [SEVERE ] updating countdown to 55627
[14:24:22.684] [SEVERE ] updating countdown to 55626
[14:24:23.692] [SEVERE ] updating countdown to 54618
[14:24:23.692] [SEVERE ] updating countdown to 54618
[14:24:24.693] [SEVERE ] updating countdown to 53617
[14:24:24.693] [SEVERE ] updating countdown to 53617
[14:24:25.707] [SEVERE ] updating countdown to 52603
[14:24:25.710] [SEVERE ] updating countdown to 52600
[14:24:25.855] [SEVERE ] exit button pressed
[14:24:25.855] [SEVERE ] disposing of user interface elements
[14:24:25.855] [INFO   ] thread computer-1 terminated.
[14:24:25.855] [INFO   ] thread Thread-0 terminated.
[14:24:25.855] [INFO   ] thread Thread-1 terminated.
