[18:40:32.831] [INFO   ] thread main starting.
[18:40:32.836] [SEVERE ] cannot read configuration file config.properties trying from resources.
[18:40:32.836] [SEVERE ] configuration file was loaded from resources directory.
[18:40:33.180] [INFO   ] thread dealer starting.
[18:40:33.180] [INFO   ] thread dealer starting.
[18:40:33.181] [INFO   ] thread Thread-0 starting.
[18:40:33.181] [INFO   ] thread Thread-3 starting.
[18:40:33.181] [SEVERE ] updating countdown to 60000
[18:40:33.181] [INFO   ] thread Thread-1 starting.
[18:40:33.181] [INFO   ] thread Thread-2 starting.
[18:40:33.182] [INFO   ] thread computer-3 starting.
[18:40:33.182] [INFO   ] thread computer-1 starting.
[18:40:33.182] [INFO   ] thread computer-0 starting.
[18:40:33.182] [INFO   ] thread computer-2 starting.
[18:40:33.206] [SEVERE ] updating countdown to 59975
[18:40:33.317] [SEVERE ] placing card 48 in slot 0
[18:40:33.432] [SEVERE ] placing card 27 in slot 1
[18:40:33.549] [SEVERE ] placing card 46 in slot 2
[18:40:33.651] [SEVERE ] placing card 78 in slot 3
[18:40:33.761] [SEVERE ] placing card 76 in slot 4
[18:40:33.866] [SEVERE ] placing card 55 in slot 5
[18:40:33.976] [SEVERE ] placing card 77 in slot 6
[18:40:34.086] [SEVERE ] placing card 3 in slot 7
[18:40:34.196] [SEVERE ] placing card 7 in slot 8
[18:40:34.306] [SEVERE ] placing card 9 in slot 9
[18:40:34.416] [SEVERE ] placing card 69 in slot 10
[18:40:34.526] [SEVERE ] placing card 34 in slot 11
[18:40:34.526] [SEVERE ] player 1 placing token on slot 0
[18:40:34.526] [SEVERE ] player 3 placing token on slot 4
[18:40:34.526] [SEVERE ] player 4 placing token on slot 11
[18:40:34.526] [SEVERE ] player 2 placing token on slot 0
[18:40:34.526] [SEVERE ] player 1 placing token on slot 11
[18:40:34.526] [SEVERE ] player 3 placing token on slot 5
[18:40:34.526] [SEVERE ] player 4 placing token on slot 10
[18:40:34.526] [SEVERE ] player 2 placing token on slot 9
[18:40:34.526] [SEVERE ] player 1 placing token on slot 10
[18:40:34.526] [SEVERE ] removing player 3 token from slot 4
[18:40:34.526] [SEVERE ] player 3 placing token on slot 9
[18:40:34.526] [SEVERE ] player 4 placing token on slot 4
[18:40:34.526] [SEVERE ] player 2 placing token on slot 10
[18:40:34.526] [SEVERE ] player 3 placing token on slot 4
[18:40:34.529] [SEVERE ] updating countdown to 58652
[18:40:34.529] [SEVERE ] setting player 1 freeze to 900
[18:40:34.529] [SEVERE ] removing player 1 token from slot 0
[18:40:34.529] [SEVERE ] setting player 1 freeze to 0
[18:40:34.529] [SEVERE ] player 1 placing token on slot 5
[18:40:34.529] [SEVERE ] updating countdown to 58652
[18:40:34.529] [SEVERE ] setting player 2 freeze to 900
[18:40:34.529] [SEVERE ] removing player 2 token from slot 0
[18:40:34.529] [SEVERE ] setting player 2 freeze to 0
[18:40:34.529] [SEVERE ] player 2 placing token on slot 7
[18:40:34.537] [SEVERE ] updating countdown to 58644
[18:40:34.537] [SEVERE ] setting player 4 freeze to 900
[18:40:34.537] [SEVERE ] removing player 4 token from slot 10
[18:40:34.537] [SEVERE ] setting player 4 freeze to 0
[18:40:34.537] [SEVERE ] player 4 placing token on slot 8
[18:40:34.538] [SEVERE ] updating countdown to 58643
[18:40:34.539] [SEVERE ] setting player 1 freeze to 900
[18:40:34.539] [SEVERE ] setting player 1 freeze to 0
[18:40:34.539] [SEVERE ] removing player 1 token from slot 11
[18:40:34.540] [SEVERE ] player 1 placing token on slot 2
[18:40:34.541] [SEVERE ] updating countdown to 58640
[18:40:34.541] [SEVERE ] setting player 2 freeze to 900
[18:40:34.542] [SEVERE ] removing player 2 token from slot 7
[18:40:34.542] [SEVERE ] setting player 2 freeze to 0
[18:40:34.542] [SEVERE ] player 2 placing token on slot 1
[18:40:34.543] [SEVERE ] updating countdown to 58638
[18:40:34.543] [SEVERE ] setting player 3 freeze to 900
[18:40:34.543] [SEVERE ] setting player 3 freeze to 0
[18:40:34.543] [SEVERE ] removing player 3 token from slot 4
[18:40:34.543] [SEVERE ] removing player 3 token from slot 9
[18:40:34.543] [SEVERE ] player 3 placing token on slot 6
[18:40:34.543] [SEVERE ] updating countdown to 58638
[18:40:34.544] [SEVERE ] removing player 3 token from slot 5
[18:40:34.544] [SEVERE ] setting player 4 freeze to 900
[18:40:34.544] [SEVERE ] removing player 4 token from slot 11
[18:40:34.544] [SEVERE ] player 3 placing token on slot 11
[18:40:34.544] [SEVERE ] player 3 placing token on slot 0
[18:40:34.544] [SEVERE ] setting player 4 freeze to 0
[18:40:34.544] [SEVERE ] removing player 4 token from slot 8
[18:40:34.545] [SEVERE ] removing player 4 token from slot 4
[18:40:34.545] [SEVERE ] player 4 placing token on slot 8
[18:40:34.546] [SEVERE ] player 4 placing token on slot 10
[18:40:34.546] [SEVERE ] player 4 placing token on slot 4
[18:40:34.546] [SEVERE ] updating countdown to 58635
[18:40:34.546] [SEVERE ] setting player 1 freeze to 900
[18:40:34.547] [SEVERE ] removing player 1 token from slot 2
[18:40:34.547] [SEVERE ] setting player 1 freeze to 0
[18:40:34.547] [SEVERE ] removing player 1 token from slot 10
[18:40:34.547] [SEVERE ] player 1 placing token on slot 2
[18:40:34.547] [SEVERE ] player 1 placing token on slot 3
[18:40:34.547] [SEVERE ] updating countdown to 58634
[18:40:34.548] [SEVERE ] setting player 2 freeze to 900
[18:40:34.548] [SEVERE ] removing player 2 token from slot 10
[18:40:34.548] [SEVERE ] setting player 2 freeze to 0
[18:40:34.548] [SEVERE ] player 2 placing token on slot 10
[18:40:34.549] [SEVERE ] updating countdown to 58632
[18:40:34.549] [SEVERE ] setting player 3 freeze to 900
[18:40:34.549] [SEVERE ] removing player 3 token from slot 11
[18:40:34.550] [SEVERE ] setting player 3 freeze to 0
[18:40:34.550] [SEVERE ] player 3 placing token on slot 3
[18:40:34.552] [SEVERE ] updating countdown to 58629
[18:40:34.552] [SEVERE ] setting player 4 freeze to 900
[18:40:34.552] [SEVERE ] removing player 4 token from slot 8
[18:40:34.552] [SEVERE ] setting player 4 freeze to 0
[18:40:34.552] [SEVERE ] player 4 placing token on slot 5
[18:40:34.553] [SEVERE ] updating countdown to 58628
[18:40:34.553] [SEVERE ] setting player 1 freeze to 900
[18:40:34.553] [SEVERE ] removing player 1 token from slot 2
[18:40:34.554] [SEVERE ] setting player 1 freeze to 0
[18:40:34.554] [SEVERE ] player 1 placing token on slot 10
[18:40:34.555] [SEVERE ] updating countdown to 58626
[18:40:34.555] [SEVERE ] setting player 2 freeze to 900
[18:40:34.555] [SEVERE ] removing player 2 token from slot 10
[18:40:34.555] [SEVERE ] setting player 2 freeze to 0
[18:40:34.555] [SEVERE ] player 2 placing token on slot 5
[18:40:34.556] [SEVERE ] updating countdown to 58625
[18:40:34.557] [SEVERE ] setting player 3 freeze to 900
[18:40:34.557] [SEVERE ] removing player 3 token from slot 0
[18:40:34.557] [SEVERE ] setting player 3 freeze to 0
[18:40:34.557] [SEVERE ] removing player 3 token from slot 3
[18:40:34.557] [SEVERE ] player 3 placing token on slot 1
[18:40:34.558] [SEVERE ] player 3 placing token on slot 10
[18:40:34.558] [SEVERE ] updating countdown to 58623
[18:40:34.559] [SEVERE ] setting player 4 freeze to 900
[18:40:34.559] [SEVERE ] removing player 4 token from slot 5
[18:40:34.559] [SEVERE ] setting player 4 freeze to 0
[18:40:34.560] [SEVERE ] player 4 placing token on slot 1
[18:40:34.560] [SEVERE ] updating countdown to 58621
[18:40:34.561] [SEVERE ] setting player 1 freeze to 900
[18:40:34.561] [SEVERE ] removing player 1 token from slot 5
[18:40:34.561] [SEVERE ] setting player 1 freeze to 0
[18:40:34.561] [SEVERE ] player 1 placing token on slot 1
[18:40:34.563] [SEVERE ] updating countdown to 58618
[18:40:34.563] [SEVERE ] setting player 2 freeze to 900
[18:40:34.563] [SEVERE ] removing player 2 token from slot 5
[18:40:34.563] [SEVERE ] setting player 2 freeze to 0
[18:40:34.563] [SEVERE ] player 2 placing token on slot 3
[18:40:34.563] [SEVERE ] updating countdown to 58618
[18:40:34.563] [SEVERE ] setting player 3 freeze to 900
[18:40:34.563] [SEVERE ] removing player 3 token from slot 10
[18:40:34.563] [SEVERE ] setting player 3 freeze to 0
[18:40:34.563] [SEVERE ] player 3 placing token on slot 10
[18:40:34.564] [SEVERE ] updating countdown to 58617
[18:40:34.564] [SEVERE ] setting player 4 freeze to 900
[18:40:34.564] [SEVERE ] removing player 4 token from slot 10
[18:40:34.564] [SEVERE ] setting player 4 freeze to 0
[18:40:34.565] [SEVERE ] removing player 4 token from slot 4
[18:40:34.565] [SEVERE ] player 4 placing token on slot 6
[18:40:34.565] [SEVERE ] removing player 4 token from slot 1
[18:40:34.565] [SEVERE ] updating countdown to 58616
[18:40:34.565] [SEVERE ] player 4 placing token on slot 7
[18:40:34.565] [SEVERE ] setting player 1 freeze to 900
[18:40:34.565] [SEVERE ] removing player 1 token from slot 1
[18:40:34.565] [SEVERE ] player 4 placing token on slot 10
[18:40:34.565] [SEVERE ] setting player 1 freeze to 0
[18:40:34.565] [SEVERE ] player 1 placing token on slot 11
[18:40:34.565] [SEVERE ] updating countdown to 58616
[18:40:34.566] [SEVERE ] setting player 2 freeze to 900
[18:40:34.566] [SEVERE ] removing player 2 token from slot 9
[18:40:34.566] [SEVERE ] setting player 2 freeze to 0
[18:40:34.566] [SEVERE ] player 2 placing token on slot 2
[18:40:34.567] [SEVERE ] updating countdown to 58614
[18:40:34.567] [SEVERE ] setting player 3 freeze to 900
[18:40:34.567] [SEVERE ] removing player 3 token from slot 6
[18:40:34.567] [SEVERE ] setting player 3 freeze to 0
[18:40:34.567] [SEVERE ] player 3 placing token on slot 11
[18:40:34.568] [SEVERE ] updating countdown to 58613
[18:40:34.568] [SEVERE ] setting player 1 freeze to 900
[18:40:34.568] [SEVERE ] removing player 1 token from slot 11
[18:40:34.568] [SEVERE ] setting player 1 freeze to 0
[18:40:34.568] [SEVERE ] player 1 placing token on slot 5
[18:40:34.570] [SEVERE ] updating countdown to 58611
[18:40:34.570] [SEVERE ] setting player 4 freeze to 900
[18:40:34.570] [SEVERE ] removing player 4 token from slot 10
[18:40:34.570] [SEVERE ] setting player 4 freeze to 0
[18:40:34.571] [SEVERE ] player 4 placing token on slot 0
[18:40:34.571] [SEVERE ] updating countdown to 58610
[18:40:34.571] [SEVERE ] setting player 2 freeze to 900
[18:40:34.571] [SEVERE ] removing player 2 token from slot 1
[18:40:34.571] [SEVERE ] setting player 2 freeze to 0
[18:40:34.571] [SEVERE ] player 2 placing token on slot 7
[18:40:34.573] [SEVERE ] updating countdown to 58608
[18:40:34.573] [SEVERE ] setting player 3 freeze to 900
[18:40:34.573] [SEVERE ] removing player 3 token from slot 1
[18:40:34.573] [SEVERE ] setting player 3 freeze to 0
[18:40:34.573] [SEVERE ] player 3 placing token on slot 9
[18:40:34.574] [SEVERE ] updating countdown to 58607
[18:40:34.574] [SEVERE ] setting player 1 freeze to 900
[18:40:34.574] [SEVERE ] setting player 1 freeze to 0
[18:40:34.574] [SEVERE ] removing player 1 token from slot 3
[18:40:34.574] [SEVERE ] player 1 placing token on slot 0
[18:40:34.575] [SEVERE ] updating countdown to 58606
[18:40:34.575] [SEVERE ] setting player 4 freeze to 900
[18:40:34.575] [SEVERE ] removing player 4 token from slot 6
[18:40:34.576] [SEVERE ] setting player 4 freeze to 0
[18:40:34.576] [SEVERE ] removing player 4 token from slot 7
[18:40:34.576] [SEVERE ] player 4 placing token on slot 1
[18:40:34.576] [SEVERE ] player 4 placing token on slot 6
[18:40:34.577] [SEVERE ] updating countdown to 58604
[18:40:34.578] [SEVERE ] setting player 2 freeze to 900
[18:40:34.578] [SEVERE ] removing player 2 token from slot 3
[18:40:34.578] [SEVERE ] setting player 2 freeze to 0
[18:40:34.578] [SEVERE ] player 2 placing token on slot 6
[18:40:34.578] [SEVERE ] updating countdown to 58603
[18:40:34.579] [SEVERE ] setting player 3 freeze to 900
[18:40:34.579] [SEVERE ] removing player 3 token from slot 10
[18:40:34.579] [SEVERE ] setting player 3 freeze to 0
[18:40:34.579] [SEVERE ] player 3 placing token on slot 6
[18:40:34.580] [SEVERE ] updating countdown to 58601
[18:40:34.580] [SEVERE ] setting player 1 freeze to 900
[18:40:34.580] [SEVERE ] setting player 1 freeze to 0
[18:40:34.580] [SEVERE ] removing player 1 token from slot 5
[18:40:34.580] [SEVERE ] player 1 placing token on slot 2
[18:40:34.581] [SEVERE ] updating countdown to 58600
[18:40:34.581] [SEVERE ] setting player 4 freeze to 900
[18:40:34.581] [SEVERE ] removing player 4 token from slot 0
[18:40:34.581] [SEVERE ] setting player 4 freeze to 0
[18:40:34.581] [SEVERE ] player 4 placing token on slot 7
[18:40:34.583] [SEVERE ] updating countdown to 58598
[18:40:34.583] [SEVERE ] setting player 2 freeze to 900
[18:40:34.583] [SEVERE ] removing player 2 token from slot 2
[18:40:34.583] [SEVERE ] setting player 2 freeze to 0
[18:40:34.583] [SEVERE ] player 2 placing token on slot 2
[18:40:34.584] [SEVERE ] updating countdown to 58597
[18:40:34.691] [SEVERE ] removing player 3 token from slot 11
[18:40:34.691] [SEVERE ] removing card from slot 11
[18:40:34.803] [SEVERE ] removing player 3 token from slot 9
[18:40:34.803] [SEVERE ] removing card from slot 9
[18:40:34.918] [SEVERE ] removing player 4 token from slot 6
[18:40:34.918] [SEVERE ] removing player 2 token from slot 6
[18:40:34.918] [SEVERE ] removing player 3 token from slot 6
[18:40:34.918] [SEVERE ] removing card from slot 6
[18:40:35.028] [SEVERE ] placing card 62 in slot 6
[18:40:35.138] [SEVERE ] placing card 51 in slot 9
[18:40:35.247] [SEVERE ] placing card 42 in slot 11
[18:40:35.247] [SEVERE ] player 2 placing token on slot 4
[18:40:35.247] [SEVERE ] player 4 placing token on slot 6
[18:40:35.248] [SEVERE ] updating countdown to 60000
[18:40:35.248] [SEVERE ] setting player 3 score to 1
[18:40:35.248] [SEVERE ] setting player 3 freeze to 900
[18:40:35.248] [SEVERE ] setting player 3 freeze to 0
[18:40:35.248] [SEVERE ] player 3 placing token on slot 1
[18:40:35.248] [SEVERE ] removing player 3 token from slot 1
[18:40:35.248] [SEVERE ] player 3 placing token on slot 6
[18:40:35.248] [SEVERE ] updating countdown to 60000
[18:40:35.248] [SEVERE ] player 3 placing token on slot 8
[18:40:35.248] [SEVERE ] setting player 1 freeze to 900
[18:40:35.248] [SEVERE ] player 3 placing token on slot 9
[18:40:35.248] [SEVERE ] setting player 1 freeze to 0
[18:40:35.248] [SEVERE ] removing player 1 token from slot 0
[18:40:35.248] [SEVERE ] player 1 placing token on slot 9
[18:40:35.252] [SEVERE ] updating countdown to 59996
[18:40:35.252] [SEVERE ] setting player 2 freeze to 900
[18:40:35.252] [SEVERE ] removing player 2 token from slot 2
[18:40:35.252] [SEVERE ] setting player 2 freeze to 0
[18:40:35.252] [SEVERE ] removing player 2 token from slot 4
[18:40:35.252] [SEVERE ] player 2 placing token on slot 0
[18:40:35.252] [SEVERE ] player 2 placing token on slot 8
[18:40:35.252] [SEVERE ] updating countdown to 59996
[18:40:35.252] [SEVERE ] setting player 4 freeze to 900
[18:40:35.252] [SEVERE ] removing player 4 token from slot 1
[18:40:35.252] [SEVERE ] setting player 4 freeze to 0
[18:40:35.252] [SEVERE ] removing player 4 token from slot 6
[18:40:35.252] [SEVERE ] player 4 placing token on slot 10
[18:40:35.252] [SEVERE ] player 4 placing token on slot 5
[18:40:35.252] [SEVERE ] updating countdown to 59996
[18:40:35.252] [SEVERE ] setting player 1 freeze to 900
[18:40:35.253] [SEVERE ] removing player 1 token from slot 2
[18:40:35.253] [SEVERE ] setting player 1 freeze to 0
[18:40:35.253] [SEVERE ] player 1 placing token on slot 11
[18:40:35.253] [SEVERE ] updating countdown to 59995
[18:40:35.253] [SEVERE ] setting player 3 freeze to 900
[18:40:35.253] [SEVERE ] removing player 3 token from slot 8
[18:40:35.253] [SEVERE ] setting player 3 freeze to 0
[18:40:35.253] [SEVERE ] player 3 placing token on slot 5
[18:40:35.253] [SEVERE ] updating countdown to 59995
[18:40:35.254] [SEVERE ] setting player 2 freeze to 900
[18:40:35.254] [SEVERE ] removing player 2 token from slot 0
[18:40:35.254] [SEVERE ] setting player 2 freeze to 0
[18:40:35.254] [SEVERE ] player 2 placing token on slot 4
[18:40:35.254] [SEVERE ] updating countdown to 59994
[18:40:35.254] [SEVERE ] setting player 4 freeze to 900
[18:40:35.254] [SEVERE ] setting player 4 freeze to 0
[18:40:35.254] [SEVERE ] removing player 4 token from slot 10
[18:40:35.255] [SEVERE ] player 4 placing token on slot 3
[18:40:35.255] [SEVERE ] updating countdown to 59993
[18:40:35.255] [SEVERE ] setting player 1 freeze to 900
[18:40:35.255] [SEVERE ] removing player 1 token from slot 11
[18:40:35.255] [SEVERE ] setting player 1 freeze to 0
[18:40:35.255] [SEVERE ] player 1 placing token on slot 7
[18:40:35.256] [SEVERE ] updating countdown to 59992
[18:40:35.256] [SEVERE ] setting player 3 freeze to 900
[18:40:35.256] [SEVERE ] removing player 3 token from slot 5
[18:40:35.256] [SEVERE ] setting player 3 freeze to 0
[18:40:35.256] [SEVERE ] removing player 3 token from slot 9
[18:40:35.256] [SEVERE ] player 3 placing token on slot 10
[18:40:35.256] [SEVERE ] player 3 placing token on slot 1
[18:40:35.257] [SEVERE ] updating countdown to 59991
[18:40:35.257] [SEVERE ] setting player 2 freeze to 900
[18:40:35.257] [SEVERE ] removing player 2 token from slot 4
[18:40:35.257] [SEVERE ] setting player 2 freeze to 0
[18:40:35.258] [SEVERE ] player 2 placing token on slot 1
[18:40:35.258] [SEVERE ] updating countdown to 59990
[18:40:35.258] [SEVERE ] setting player 4 freeze to 900
[18:40:35.258] [SEVERE ] setting player 4 freeze to 0
[18:40:35.258] [SEVERE ] removing player 4 token from slot 7
[18:40:35.258] [SEVERE ] player 4 placing token on slot 4
[18:40:35.259] [SEVERE ] updating countdown to 59989
[18:40:35.259] [SEVERE ] setting player 1 freeze to 900
[18:40:35.259] [SEVERE ] removing player 1 token from slot 7
[18:40:35.259] [SEVERE ] setting player 1 freeze to 0
[18:40:35.259] [SEVERE ] player 1 placing token on slot 0
[18:40:35.260] [SEVERE ] updating countdown to 59988
[18:40:35.260] [SEVERE ] setting player 3 freeze to 900
[18:40:35.260] [SEVERE ] setting player 3 freeze to 0
[18:40:35.260] [SEVERE ] removing player 3 token from slot 6
[18:40:35.260] [SEVERE ] player 3 placing token on slot 5
[18:40:35.260] [SEVERE ] updating countdown to 59988
[18:40:35.260] [SEVERE ] setting player 2 freeze to 900
[18:40:35.260] [SEVERE ] removing player 2 token from slot 1
[18:40:35.260] [SEVERE ] setting player 2 freeze to 0
[18:40:35.260] [SEVERE ] player 2 placing token on slot 4
[18:40:35.261] [SEVERE ] updating countdown to 59987
[18:40:35.261] [SEVERE ] setting player 4 freeze to 900
[18:40:35.262] [SEVERE ] removing player 4 token from slot 4
[18:40:35.262] [SEVERE ] setting player 4 freeze to 0
[18:40:35.262] [SEVERE ] player 4 placing token on slot 8
[18:40:35.262] [SEVERE ] updating countdown to 59986
[18:40:35.262] [SEVERE ] setting player 1 freeze to 900
[18:40:35.262] [SEVERE ] removing player 1 token from slot 9
[18:40:35.262] [SEVERE ] setting player 1 freeze to 0
[18:40:35.262] [SEVERE ] removing player 1 token from slot 0
[18:40:35.262] [SEVERE ] player 1 placing token on slot 7
[18:40:35.262] [SEVERE ] player 1 placing token on slot 4
[18:40:35.262] [SEVERE ] updating countdown to 59986
[18:40:35.262] [SEVERE ] setting player 2 freeze to 900
[18:40:35.262] [SEVERE ] setting player 2 freeze to 0
[18:40:35.262] [SEVERE ] removing player 2 token from slot 4
[18:40:35.262] [SEVERE ] player 2 placing token on slot 3
[18:40:35.262] [SEVERE ] updating countdown to 59986
[18:40:35.262] [SEVERE ] setting player 3 freeze to 900
[18:40:35.262] [SEVERE ] removing player 3 token from slot 5
[18:40:35.262] [SEVERE ] player 3 placing token on slot 3
[18:40:35.262] [SEVERE ] setting player 3 freeze to 0
[18:40:35.265] [SEVERE ] updating countdown to 59983
[18:40:35.265] [SEVERE ] setting player 1 freeze to 900
[18:40:35.265] [SEVERE ] removing player 1 token from slot 7
[18:40:35.265] [SEVERE ] setting player 1 freeze to 0
[18:40:35.265] [SEVERE ] player 1 placing token on slot 8
[18:40:35.266] [SEVERE ] updating countdown to 59982
[18:40:35.266] [SEVERE ] setting player 2 freeze to 900
[18:40:35.266] [SEVERE ] removing player 2 token from slot 8
[18:40:35.266] [SEVERE ] setting player 2 freeze to 0
[18:40:35.266] [SEVERE ] player 2 placing token on slot 8
[18:40:35.267] [SEVERE ] updating countdown to 59981
[18:40:35.267] [SEVERE ] setting player 3 freeze to 900
[18:40:35.267] [SEVERE ] removing player 3 token from slot 3
[18:40:35.267] [SEVERE ] setting player 3 freeze to 0
[18:40:35.267] [SEVERE ] player 3 placing token on slot 0
[18:40:35.268] [SEVERE ] updating countdown to 59980
[18:40:35.268] [SEVERE ] setting player 4 freeze to 900
[18:40:35.268] [SEVERE ] removing player 4 token from slot 3
[18:40:35.268] [SEVERE ] setting player 4 freeze to 0
[18:40:35.268] [SEVERE ] player 4 placing token on slot 9
[18:40:35.268] [SEVERE ] updating countdown to 59980
[18:40:35.269] [SEVERE ] setting player 1 freeze to 900
[18:40:35.269] [SEVERE ] removing player 1 token from slot 4
[18:40:35.269] [SEVERE ] player 1 placing token on slot 2
[18:40:35.269] [SEVERE ] setting player 1 freeze to 0
[18:40:35.270] [SEVERE ] updating countdown to 59978
[18:40:35.270] [SEVERE ] setting player 2 freeze to 900
[18:40:35.270] [SEVERE ] removing player 2 token from slot 7
[18:40:35.270] [SEVERE ] setting player 2 freeze to 0
[18:40:35.270] [SEVERE ] player 2 placing token on slot 9
[18:40:35.270] [SEVERE ] updating countdown to 59978
[18:40:35.270] [SEVERE ] setting player 3 freeze to 900
[18:40:35.270] [SEVERE ] removing player 3 token from slot 10
[18:40:35.270] [SEVERE ] setting player 3 freeze to 0
[18:40:35.270] [SEVERE ] removing player 3 token from slot 1
[18:40:35.270] [SEVERE ] player 3 placing token on slot 6
[18:40:35.270] [SEVERE ] updating countdown to 59978
[18:40:35.270] [SEVERE ] removing player 3 token from slot 6
[18:40:35.270] [SEVERE ] setting player 4 freeze to 900
[18:40:35.270] [SEVERE ] player 3 placing token on slot 11
[18:40:35.270] [SEVERE ] removing player 4 token from slot 9
[18:40:35.270] [SEVERE ] setting player 4 freeze to 0
[18:40:35.270] [SEVERE ] player 3 placing token on slot 6
[18:40:35.270] [SEVERE ] player 4 placing token on slot 7
[18:40:35.272] [SEVERE ] updating countdown to 59976
[18:40:35.272] [SEVERE ] setting player 1 freeze to 900
[18:40:35.272] [SEVERE ] removing player 1 token from slot 8
[18:40:35.272] [SEVERE ] setting player 1 freeze to 0
[18:40:35.272] [SEVERE ] player 1 placing token on slot 6
[18:40:35.272] [SEVERE ] updating countdown to 59976
[18:40:35.272] [SEVERE ] setting player 2 freeze to 900
[18:40:35.272] [SEVERE ] removing player 2 token from slot 9
[18:40:35.272] [SEVERE ] setting player 2 freeze to 0
[18:40:35.272] [SEVERE ] player 2 placing token on slot 6
[18:40:35.273] [SEVERE ] updating countdown to 59975
[18:40:35.273] [SEVERE ] setting player 3 freeze to 900
[18:40:35.273] [SEVERE ] setting player 3 freeze to 0
[18:40:35.273] [SEVERE ] removing player 3 token from slot 11
[18:40:35.273] [SEVERE ] player 3 placing token on slot 11
[18:40:35.273] [SEVERE ] updating countdown to 59975
[18:40:35.274] [SEVERE ] setting player 4 freeze to 900
[18:40:35.274] [SEVERE ] setting player 4 freeze to 0
[18:40:35.274] [SEVERE ] removing player 4 token from slot 8
[18:40:35.274] [SEVERE ] player 4 placing token on slot 10
[18:40:35.274] [SEVERE ] updating countdown to 59974
[18:40:35.274] [SEVERE ] setting player 1 freeze to 900
[18:40:35.274] [SEVERE ] removing player 1 token from slot 6
[18:40:35.274] [SEVERE ] setting player 1 freeze to 0
[18:40:35.274] [SEVERE ] player 1 placing token on slot 11
[18:40:35.275] [SEVERE ] updating countdown to 59973
[18:40:35.275] [SEVERE ] setting player 2 freeze to 900
[18:40:35.276] [SEVERE ] setting player 2 freeze to 0
[18:40:35.275] [SEVERE ] removing player 2 token from slot 3
[18:40:35.276] [SEVERE ] removing player 2 token from slot 6
[18:40:35.277] [SEVERE ] updating countdown to 59971
[18:40:35.277] [SEVERE ] player 2 placing token on slot 5
[18:40:35.277] [SEVERE ] setting player 3 freeze to 900
[18:40:35.277] [SEVERE ] removing player 3 token from slot 6
[18:40:35.277] [SEVERE ] setting player 3 freeze to 0
[18:40:35.277] [SEVERE ] player 2 placing token on slot 0
[18:40:35.277] [SEVERE ] player 3 placing token on slot 7
[18:40:35.277] [SEVERE ] updating countdown to 59971
[18:40:35.278] [SEVERE ] setting player 1 freeze to 900
[18:40:35.278] [SEVERE ] removing player 1 token from slot 11
[18:40:35.278] [SEVERE ] setting player 1 freeze to 0
[18:40:35.278] [SEVERE ] player 1 placing token on slot 6
[18:40:35.279] [SEVERE ] updating countdown to 59969
[18:40:35.279] [SEVERE ] setting player 4 freeze to 900
[18:40:35.279] [SEVERE ] removing player 4 token from slot 5
[18:40:35.279] [SEVERE ] setting player 4 freeze to 0
[18:40:35.279] [SEVERE ] player 4 placing token on slot 6
[18:40:35.280] [SEVERE ] updating countdown to 59968
[18:40:35.280] [SEVERE ] setting player 2 freeze to 900
[18:40:35.280] [SEVERE ] removing player 2 token from slot 0
[18:40:35.280] [SEVERE ] setting player 2 freeze to 0
[18:40:35.280] [SEVERE ] player 2 placing token on slot 1
[18:40:35.280] [SEVERE ] updating countdown to 59968
[18:40:35.280] [SEVERE ] setting player 3 freeze to 900
[18:40:35.280] [SEVERE ] setting player 3 freeze to 0
[18:40:35.280] [SEVERE ] removing player 3 token from slot 11
[18:40:35.280] [SEVERE ] player 3 placing token on slot 5
[18:40:35.280] [SEVERE ] updating countdown to 59968
[18:40:35.280] [SEVERE ] setting player 1 freeze to 900
[18:40:35.280] [SEVERE ] setting player 1 freeze to 0
[18:40:35.280] [SEVERE ] removing player 1 token from slot 6
[18:40:35.280] [SEVERE ] player 1 placing token on slot 7
[18:40:35.281] [SEVERE ] updating countdown to 59967
[18:40:35.281] [SEVERE ] setting player 1 freeze to 900
[18:40:35.281] [SEVERE ] setting player 1 freeze to 0
[18:40:35.281] [SEVERE ] updating countdown to 59967
[18:40:35.281] [SEVERE ] setting player 2 freeze to 900
[18:40:35.281] [SEVERE ] setting player 2 freeze to 0
[18:40:35.281] [SEVERE ] removing player 2 token from slot 1
[18:40:35.281] [SEVERE ] player 2 placing token on slot 0
[18:40:35.281] [SEVERE ] updating countdown to 59967
[18:40:35.281] [SEVERE ] setting player 3 freeze to 900
[18:40:35.282] [SEVERE ] setting player 3 freeze to 0
[18:40:35.282] [SEVERE ] removing player 3 token from slot 0
[18:40:35.282] [SEVERE ] player 3 placing token on slot 4
[18:40:35.282] [SEVERE ] updating countdown to 59966
[18:40:35.282] [SEVERE ] setting player 4 freeze to 900
[18:40:35.282] [SEVERE ] removing player 4 token from slot 10
[18:40:35.282] [SEVERE ] setting player 4 freeze to 0
[18:40:35.282] [SEVERE ] player 4 placing token on slot 8
[18:40:35.282] [SEVERE ] updating countdown to 59966
[18:40:35.282] [SEVERE ] setting player 2 freeze to 900
[18:40:35.282] [SEVERE ] removing player 2 token from slot 5
[18:40:35.282] [SEVERE ] setting player 2 freeze to 0
[18:40:35.282] [SEVERE ] player 2 placing token on slot 4
[18:40:35.283] [SEVERE ] updating countdown to 59965
[18:40:35.283] [SEVERE ] setting player 3 freeze to 900
[18:40:35.283] [SEVERE ] removing player 3 token from slot 4
[18:40:35.283] [SEVERE ] setting player 3 freeze to 0
[18:40:35.283] [SEVERE ] removing player 3 token from slot 7
[18:40:35.283] [SEVERE ] player 3 placing token on slot 3
[18:40:35.283] [SEVERE ] removing player 3 token from slot 3
[18:40:35.283] [SEVERE ] player 3 placing token on slot 3
[18:40:35.283] [SEVERE ] player 3 placing token on slot 6
[18:40:35.283] [SEVERE ] updating countdown to 59965
[18:40:35.283] [SEVERE ] setting player 4 freeze to 900
[18:40:35.283] [SEVERE ] removing player 4 token from slot 8
[18:40:35.283] [SEVERE ] setting player 4 freeze to 0
[18:40:35.284] [SEVERE ] player 4 placing token on slot 5
[18:40:35.284] [SEVERE ] updating countdown to 59964
[18:40:35.284] [SEVERE ] setting player 2 freeze to 900
[18:40:35.284] [SEVERE ] removing player 2 token from slot 4
[18:40:35.284] [SEVERE ] setting player 2 freeze to 0
[18:40:35.284] [SEVERE ] player 2 placing token on slot 9
[18:40:35.284] [SEVERE ] updating countdown to 59964
[18:40:35.285] [SEVERE ] setting player 3 freeze to 900
[18:40:35.285] [SEVERE ] removing player 3 token from slot 5
[18:40:35.285] [SEVERE ] setting player 3 freeze to 0
[18:40:35.285] [SEVERE ] player 3 placing token on slot 5
[18:40:35.285] [SEVERE ] updating countdown to 59963
[18:40:35.285] [SEVERE ] setting player 2 freeze to 900
[18:40:35.285] [SEVERE ] setting player 2 freeze to 0
[18:40:35.285] [SEVERE ] removing player 2 token from slot 8
[18:40:35.285] [SEVERE ] player 2 placing token on slot 8
[18:40:35.285] [SEVERE ] updating countdown to 59963
[18:40:35.285] [SEVERE ] setting player 4 freeze to 900
[18:40:35.285] [SEVERE ] setting player 4 freeze to 0
[18:40:35.285] [SEVERE ] removing player 4 token from slot 7
[18:40:35.285] [SEVERE ] removing player 4 token from slot 6
[18:40:35.286] [SEVERE ] player 4 placing token on slot 7
[18:40:35.286] [SEVERE ] updating countdown to 59962
[18:40:35.286] [SEVERE ] player 4 placing token on slot 9
[18:40:35.286] [SEVERE ] setting player 2 freeze to 900
[18:40:35.286] [SEVERE ] removing player 2 token from slot 9
[18:40:35.286] [SEVERE ] setting player 2 freeze to 0
[18:40:35.286] [SEVERE ] player 2 placing token on slot 11
[18:40:35.286] [SEVERE ] updating countdown to 59962
[18:40:35.286] [SEVERE ] setting player 3 freeze to 900
[18:40:35.286] [SEVERE ] setting player 3 freeze to 0
[18:40:35.286] [SEVERE ] removing player 3 token from slot 5
[18:40:35.287] [SEVERE ] removing player 3 token from slot 6
[18:40:35.287] [SEVERE ] player 3 placing token on slot 4
[18:40:35.287] [SEVERE ] updating countdown to 59961
[18:40:35.287] [SEVERE ] player 3 placing token on slot 7
[18:40:35.287] [SEVERE ] setting player 2 freeze to 900
[18:40:35.287] [SEVERE ] removing player 2 token from slot 11
[18:40:35.287] [SEVERE ] setting player 2 freeze to 0
[18:40:35.287] [SEVERE ] removing player 2 token from slot 0
[18:40:35.287] [SEVERE ] player 2 placing token on slot 3
[18:40:35.287] [SEVERE ] updating countdown to 59961
[18:40:35.287] [SEVERE ] removing player 2 token from slot 3
[18:40:35.287] [SEVERE ] setting player 4 freeze to 900
[18:40:35.287] [SEVERE ] removing player 4 token from slot 5
[18:40:35.287] [SEVERE ] player 2 placing token on slot 6
[18:40:35.288] [SEVERE ] setting player 4 freeze to 0
[18:40:35.288] [SEVERE ] removing player 4 token from slot 7
[18:40:35.288] [SEVERE ] player 2 placing token on slot 7
[18:40:35.288] [SEVERE ] removing player 4 token from slot 9
[18:40:35.288] [SEVERE ] updating countdown to 59960
[18:40:35.288] [SEVERE ] player 4 placing token on slot 6
[18:40:35.288] [SEVERE ] setting player 3 freeze to 900
[18:40:35.288] [SEVERE ] removing player 3 token from slot 4
[18:40:35.288] [SEVERE ] player 4 placing token on slot 5
[18:40:35.288] [SEVERE ] setting player 3 freeze to 0
[18:40:35.288] [SEVERE ] player 3 placing token on slot 5
[18:40:35.288] [SEVERE ] player 4 placing token on slot 9
[18:40:35.289] [SEVERE ] updating countdown to 59959
[18:40:35.289] [SEVERE ] setting player 2 freeze to 900
[18:40:35.289] [SEVERE ] setting player 2 freeze to 0
[18:40:35.289] [SEVERE ] removing player 2 token from slot 6
[18:40:35.289] [SEVERE ] player 2 placing token on slot 2
[18:40:35.289] [SEVERE ] updating countdown to 59959
[18:40:35.289] [SEVERE ] setting player 2 freeze to 900
[18:40:35.289] [SEVERE ] setting player 2 freeze to 0
[18:40:35.290] [SEVERE ] updating countdown to 59958
[18:40:35.290] [SEVERE ] setting player 3 freeze to 900
[18:40:35.290] [SEVERE ] removing player 3 token from slot 5
[18:40:35.290] [SEVERE ] setting player 3 freeze to 0
[18:40:35.290] [SEVERE ] player 3 placing token on slot 8
[18:40:35.290] [SEVERE ] updating countdown to 59958
[18:40:35.290] [SEVERE ] setting player 4 freeze to 900
[18:40:35.290] [SEVERE ] removing player 4 token from slot 5
[18:40:35.290] [SEVERE ] setting player 4 freeze to 0
[18:40:35.291] [SEVERE ] player 4 placing token on slot 7
[18:40:35.291] [SEVERE ] updating countdown to 59957
[18:40:35.291] [SEVERE ] setting player 3 freeze to 900
[18:40:35.291] [SEVERE ] removing player 3 token from slot 7
[18:40:35.291] [SEVERE ] setting player 3 freeze to 0
[18:40:35.291] [SEVERE ] player 3 placing token on slot 2
[18:40:35.292] [SEVERE ] updating countdown to 59956
[18:40:35.292] [SEVERE ] setting player 3 freeze to 900
[18:40:35.292] [SEVERE ] removing player 3 token from slot 2
[18:40:35.292] [SEVERE ] setting player 3 freeze to 0
[18:40:35.292] [SEVERE ] player 3 placing token on slot 2
[18:40:35.292] [SEVERE ] updating countdown to 59956
[18:40:35.292] [SEVERE ] setting player 4 freeze to 900
[18:40:35.292] [SEVERE ] setting player 4 freeze to 0
[18:40:35.292] [SEVERE ] removing player 4 token from slot 7
[18:40:35.292] [SEVERE ] player 4 placing token on slot 7
[18:40:35.292] [SEVERE ] updating countdown to 59956
[18:40:35.292] [SEVERE ] setting player 3 freeze to 900
[18:40:35.292] [SEVERE ] setting player 3 freeze to 0
[18:40:35.292] [SEVERE ] removing player 3 token from slot 3
[18:40:35.292] [SEVERE ] removing player 3 token from slot 2
[18:40:35.292] [SEVERE ] player 3 placing token on slot 1
[18:40:35.292] [SEVERE ] updating countdown to 59956
[18:40:35.292] [SEVERE ] player 3 placing token on slot 7
[18:40:35.292] [SEVERE ] setting player 3 freeze to 900
[18:40:35.292] [SEVERE ] setting player 3 freeze to 0
[18:40:35.292] [SEVERE ] updating countdown to 59956
[18:40:35.292] [SEVERE ] setting player 4 freeze to 900
[18:40:35.292] [SEVERE ] setting player 4 freeze to 0
[18:40:35.292] [SEVERE ] removing player 4 token from slot 9
[18:40:35.292] [SEVERE ] player 4 placing token on slot 4
[18:40:35.292] [SEVERE ] updating countdown to 59956
[18:40:35.292] [SEVERE ] setting player 4 freeze to 900
[18:40:35.292] [SEVERE ] setting player 4 freeze to 0
[18:40:35.292] [SEVERE ] updating countdown to 59956
