[18:12:25.399] [INFO   ] thread main starting.
[18:12:25.418] [SEVERE ] cannot read configuration file config.properties trying from resources.
[18:12:25.419] [SEVERE ] configuration file was loaded from resources directory.
[18:12:25.762] [INFO   ] thread dealer starting.
[18:12:25.762] [INFO   ] thread dealer starting.
[18:12:25.762] [SEVERE ] updating countdown to 60000
[18:12:25.762] [INFO   ] thread Thread-1 starting.
[18:12:25.762] [INFO   ] thread Thread-0 starting.
[18:12:25.762] [INFO   ] thread Thread-2 starting.
[18:12:25.762] [INFO   ] thread Thread-3 starting.
[18:12:25.762] [INFO   ] thread computer-1 starting.
[18:12:25.762] [INFO   ] thread computer-0 starting.
[18:12:25.762] [INFO   ] thread computer-2 starting.
[18:12:25.762] [INFO   ] thread computer-3 starting.
[18:12:25.781] [SEVERE ] updating countdown to 59981
[18:12:25.894] [SEVERE ] placing card 41 in slot 0
[18:12:25.996] [SEVERE ] placing card 20 in slot 1
[18:12:26.097] [SEVERE ] placing card 70 in slot 2
[18:12:26.203] [SEVERE ] placing card 13 in slot 3
[18:12:26.313] [SEVERE ] placing card 48 in slot 4
[18:12:26.423] [SEVERE ] placing card 76 in slot 5
[18:12:26.533] [SEVERE ] placing card 6 in slot 6
[18:12:26.643] [SEVERE ] placing card 56 in slot 7
[18:12:26.753] [SEVERE ] placing card 31 in slot 8
[18:12:26.863] [SEVERE ] placing card 38 in slot 9
[18:12:26.973] [SEVERE ] placing card 67 in slot 10
[18:12:27.083] [SEVERE ] placing card 78 in slot 11
[18:12:27.083] [SEVERE ] player 2 placing token on slot 1
[18:12:27.083] [SEVERE ] player 4 placing token on slot 0
[18:12:27.083] [SEVERE ] player 3 placing token on slot 9
[18:12:27.083] [SEVERE ] player 1 placing token on slot 0
[18:12:27.083] [SEVERE ] player 2 placing token on slot 11
[18:12:27.083] [SEVERE ] player 4 placing token on slot 8
[18:12:27.083] [SEVERE ] player 3 placing token on slot 2
[18:12:27.083] [SEVERE ] player 1 placing token on slot 1
[18:12:27.083] [SEVERE ] player 1 placing token on slot 7
[18:12:27.083] [SEVERE ] player 2 placing token on slot 8
[18:12:27.083] [SEVERE ] player 4 placing token on slot 2
[18:12:27.083] [SEVERE ] removing player 3 token from slot 9
[18:12:27.083] [SEVERE ] player 3 placing token on slot 7
[18:12:27.083] [SEVERE ] removing player 3 token from slot 2
[18:12:27.083] [SEVERE ] player 3 placing token on slot 4
[18:12:27.083] [SEVERE ] player 3 placing token on slot 10
[18:12:27.083] [SEVERE ] updating countdown to 58679
[18:12:28.098] [SEVERE ] updating countdown to 57664
[18:12:28.098] [SEVERE ] setting player 1 freeze to 900
[18:12:28.098] [SEVERE ] removing player 1 token from slot 1
[18:12:28.098] [SEVERE ] setting player 1 freeze to 0
[18:12:28.098] [SEVERE ] player 1 placing token on slot 1
[18:12:28.098] [SEVERE ] updating countdown to 57664
[18:12:29.105] [SEVERE ] updating countdown to 56657
[18:12:29.105] [SEVERE ] setting player 2 freeze to 900
[18:12:29.105] [SEVERE ] setting player 2 freeze to 0
[18:12:29.105] [SEVERE ] removing player 2 token from slot 11
[18:12:29.105] [SEVERE ] removing player 2 token from slot 1
[18:12:29.105] [SEVERE ] player 2 placing token on slot 9
[18:12:29.105] [SEVERE ] player 2 placing token on slot 2
[18:12:29.105] [SEVERE ] updating countdown to 56657
[18:12:30.121] [SEVERE ] updating countdown to 55641
[18:12:30.123] [SEVERE ] setting player 3 freeze to 900
[18:12:30.123] [SEVERE ] setting player 3 freeze to 0
[18:12:30.123] [SEVERE ] removing player 3 token from slot 4
[18:12:30.123] [SEVERE ] player 3 placing token on slot 8
[18:12:30.124] [SEVERE ] updating countdown to 55638
[18:12:31.128] [SEVERE ] updating countdown to 54634
[18:12:31.128] [SEVERE ] setting player 4 freeze to 900
[18:12:31.128] [SEVERE ] removing player 4 token from slot 8
[18:12:31.128] [SEVERE ] setting player 4 freeze to 0
[18:12:31.128] [SEVERE ] player 4 placing token on slot 1
[18:12:31.128] [SEVERE ] updating countdown to 54634
[18:12:31.546] [SEVERE ] exit button pressed
[18:12:31.546] [INFO   ] thread computer-0 terminated.
[18:12:31.546] [INFO   ] thread Thread-0 terminated.
[18:12:31.546] [INFO   ] thread computer-1 terminated.
[18:12:31.546] [SEVERE ] disposing of user interface elements
[18:12:31.546] [INFO   ] thread computer-2 terminated.
[18:12:31.546] [INFO   ] thread computer-3 terminated.
[18:12:31.546] [INFO   ] thread Thread-1 terminated.
[18:12:31.546] [INFO   ] thread Thread-2 terminated.
[18:12:31.546] [INFO   ] thread Thread-3 terminated.
