[08:55:20.975] [INFO   ] thread main starting.
[08:55:20.983] [SEVERE ] cannot read configuration file config.properties trying from resources.
[08:55:20.985] [SEVERE ] configuration file was loaded from resources directory.
[08:55:21.384] [INFO   ] thread dealer starting.
[08:55:21.384] [INFO   ] thread dealer starting.
[08:55:21.385] [SEVERE ] updating countdown to 60000
[08:55:21.385] [INFO   ] thread Thread-0 starting.
[08:55:21.385] [INFO   ] thread Thread-2 starting.
[08:55:21.385] [INFO   ] thread Thread-1 starting.
[08:55:21.385] [INFO   ] thread Thread-3 starting.
[08:55:21.386] [INFO   ] thread computer-2 starting.
[08:55:21.386] [INFO   ] thread computer-1 starting.
[08:55:21.386] [INFO   ] thread computer-0 starting.
[08:55:21.387] [INFO   ] thread computer-3 starting.
[08:55:21.410] [SEVERE ] updating countdown to 59975
[08:55:21.526] [SEVERE ] placing card 67 in slot 0
[08:55:21.628] [SEVERE ] placing card 20 in slot 1
[08:55:21.738] [SEVERE ] placing card 33 in slot 2
[08:55:21.849] [SEVERE ] placing card 2 in slot 3
[08:55:21.965] [SEVERE ] placing card 37 in slot 4
[08:55:22.076] [SEVERE ] placing card 39 in slot 5
[08:55:22.199] [SEVERE ] placing card 62 in slot 6
[08:55:22.310] [SEVERE ] placing card 25 in slot 7
[08:55:22.415] [SEVERE ] placing card 77 in slot 8
[08:55:22.517] [SEVERE ] placing card 55 in slot 9
[08:55:22.622] [SEVERE ] placing card 19 in slot 10
[08:55:22.723] [SEVERE ] placing card 58 in slot 11
[08:55:22.724] [SEVERE ] player 3 placing token on slot 10
[08:55:22.724] [SEVERE ] player 4 placing token on slot 11
[08:55:22.724] [SEVERE ] player 2 placing token on slot 8
[08:55:22.724] [SEVERE ] player 1 placing token on slot 11
[08:55:22.724] [SEVERE ] player 2 placing token on slot 10
[08:55:22.724] [SEVERE ] player 3 placing token on slot 7
[08:55:22.724] [SEVERE ] player 4 placing token on slot 7
[08:55:22.724] [SEVERE ] player 1 placing token on slot 7
[08:55:22.724] [SEVERE ] player 2 placing token on slot 11
[08:55:22.724] [SEVERE ] player 4 placing token on slot 5
[08:55:22.724] [SEVERE ] player 3 placing token on slot 0
[08:55:22.724] [SEVERE ] player 1 placing token on slot 4
[08:55:22.733] [SEVERE ] updating countdown to 58652
[08:55:23.743] [SEVERE ] updating countdown to 57642
[08:55:23.849] [SEVERE ] removing player 4 token from slot 11
[08:55:23.849] [SEVERE ] removing player 1 token from slot 11
[08:55:23.849] [SEVERE ] removing player 2 token from slot 11
[08:55:23.849] [SEVERE ] removing card from slot 11
[08:55:23.965] [SEVERE ] removing player 3 token from slot 7
[08:55:23.965] [SEVERE ] removing player 4 token from slot 7
[08:55:23.965] [SEVERE ] removing player 1 token from slot 7
[08:55:23.965] [SEVERE ] removing card from slot 7
[08:55:24.075] [SEVERE ] removing player 1 token from slot 4
[08:55:24.075] [SEVERE ] removing card from slot 4
[08:55:24.182] [SEVERE ] placing card 71 in slot 4
[08:55:24.299] [SEVERE ] placing card 40 in slot 7
[08:55:24.407] [SEVERE ] placing card 30 in slot 11
[08:55:24.407] [SEVERE ] player 2 placing token on slot 11
[08:55:24.407] [SEVERE ] player 3 placing token on slot 6
[08:55:24.407] [SEVERE ] player 4 placing token on slot 8
[08:55:24.407] [SEVERE ] player 4 placing token on slot 2
[08:55:24.407] [SEVERE ] updating countdown to 60000
[08:55:24.407] [SEVERE ] setting player 1 score to 1
[08:55:24.407] [SEVERE ] setting player 1 freeze to 900
[08:55:24.407] [SEVERE ] setting player 1 freeze to 0
[08:55:24.407] [SEVERE ] player 1 placing token on slot 2
[08:55:24.407] [SEVERE ] player 1 placing token on slot 9
[08:55:24.407] [SEVERE ] updating countdown to 60000
[08:55:24.407] [SEVERE ] player 1 placing token on slot 3
[08:55:24.407] [SEVERE ] updating countdown to 60000
[08:55:24.407] [SEVERE ] setting player 1 freeze to 900
[08:55:24.407] [SEVERE ] removing player 1 token from slot 9
[08:55:24.407] [SEVERE ] setting player 1 freeze to 0
[08:55:24.414] [SEVERE ] player 1 placing token on slot 6
[08:55:24.414] [SEVERE ] updating countdown to 59993
[08:55:25.432] [SEVERE ] updating countdown to 58975
[08:55:25.432] [SEVERE ] setting player 2 freeze to 900
[08:55:25.432] [SEVERE ] setting player 2 freeze to 0
[08:55:25.432] [SEVERE ] removing player 2 token from slot 10
[08:55:25.433] [SEVERE ] updating countdown to 58974
[08:55:25.433] [SEVERE ] player 2 placing token on slot 9
[08:55:25.433] [SEVERE ] updating countdown to 58974
[08:55:25.433] [SEVERE ] setting player 3 freeze to 900
[08:55:25.433] [SEVERE ] removing player 3 token from slot 0
[08:55:25.434] [SEVERE ] setting player 3 freeze to 0
[08:55:25.434] [SEVERE ] player 3 placing token on slot 11
[08:55:25.434] [SEVERE ] updating countdown to 58973
[08:55:26.441] [SEVERE ] updating countdown to 57966
[08:55:26.441] [SEVERE ] setting player 4 freeze to 900
[08:55:26.441] [SEVERE ] removing player 4 token from slot 8
[08:55:26.441] [SEVERE ] setting player 4 freeze to 0
[08:55:26.441] [SEVERE ] removing player 4 token from slot 2
[08:55:26.441] [SEVERE ] updating countdown to 57966
[08:55:26.441] [SEVERE ] player 4 placing token on slot 9
[08:55:26.443] [SEVERE ] player 4 placing token on slot 6
[08:55:26.443] [SEVERE ] updating countdown to 57964
[08:55:26.443] [SEVERE ] setting player 1 freeze to 900
[08:55:26.443] [SEVERE ] setting player 1 freeze to 0
[08:55:26.443] [SEVERE ] removing player 1 token from slot 2
[08:55:26.443] [SEVERE ] player 1 placing token on slot 7
[08:55:26.443] [SEVERE ] updating countdown to 57964
[08:55:27.457] [SEVERE ] updating countdown to 56950
[08:55:27.457] [SEVERE ] setting player 2 freeze to 900
[08:55:27.457] [SEVERE ] setting player 2 freeze to 0
[08:55:27.457] [SEVERE ] removing player 2 token from slot 11
[08:55:27.457] [SEVERE ] removing player 2 token from slot 8
[08:55:27.457] [SEVERE ] updating countdown to 56950
[08:55:27.457] [SEVERE ] player 2 placing token on slot 10
[08:55:27.457] [SEVERE ] player 2 placing token on slot 7
[08:55:27.457] [SEVERE ] updating countdown to 56950
[08:55:27.457] [SEVERE ] setting player 3 freeze to 900
[08:55:27.457] [SEVERE ] removing player 3 token from slot 6
[08:55:27.457] [SEVERE ] setting player 3 freeze to 0
[08:55:27.457] [SEVERE ] player 3 placing token on slot 2
[08:55:27.457] [SEVERE ] updating countdown to 56950
[08:55:28.471] [SEVERE ] updating countdown to 55936
[08:55:28.471] [SEVERE ] setting player 1 freeze to 900
[08:55:28.471] [SEVERE ] setting player 1 freeze to 0
[08:55:28.471] [SEVERE ] removing player 1 token from slot 3
[08:55:28.471] [SEVERE ] updating countdown to 55936
[08:55:28.472] [SEVERE ] player 1 placing token on slot 2
[08:55:28.472] [SEVERE ] updating countdown to 55935
[08:55:28.472] [SEVERE ] setting player 4 freeze to 900
[08:55:28.472] [SEVERE ] setting player 4 freeze to 0
[08:55:28.472] [SEVERE ] removing player 4 token from slot 6
[08:55:28.472] [SEVERE ] updating countdown to 55935
[08:55:28.472] [SEVERE ] player 4 placing token on slot 3
[08:55:28.473] [SEVERE ] updating countdown to 55934
[08:55:28.473] [SEVERE ] setting player 2 freeze to 900
[08:55:28.473] [SEVERE ] removing player 2 token from slot 10
[08:55:28.473] [SEVERE ] setting player 2 freeze to 0
[08:55:28.473] [SEVERE ] player 2 placing token on slot 10
[08:55:28.474] [SEVERE ] updating countdown to 55933
[08:55:29.474] [SEVERE ] updating countdown to 54933
[08:55:29.474] [SEVERE ] setting player 3 freeze to 900
[08:55:29.474] [SEVERE ] removing player 3 token from slot 10
[08:55:29.474] [SEVERE ] setting player 3 freeze to 0
[08:55:29.474] [SEVERE ] player 3 placing token on slot 8
[08:55:29.474] [SEVERE ] updating countdown to 54933
[08:55:30.477] [SEVERE ] updating countdown to 53930
[08:55:30.477] [SEVERE ] setting player 1 freeze to 900
[08:55:30.477] [SEVERE ] removing player 1 token from slot 2
[08:55:30.477] [SEVERE ] setting player 1 freeze to 0
[08:55:30.479] [SEVERE ] updating countdown to 53928
[08:55:30.479] [SEVERE ] player 1 placing token on slot 1
[08:55:30.479] [SEVERE ] updating countdown to 53928
[08:55:30.479] [SEVERE ] setting player 4 freeze to 900
[08:55:30.479] [SEVERE ] removing player 4 token from slot 5
[08:55:30.479] [SEVERE ] setting player 4 freeze to 0
[08:55:30.479] [SEVERE ] updating countdown to 53928
[08:55:30.479] [SEVERE ] player 4 placing token on slot 0
[08:55:30.479] [SEVERE ] updating countdown to 53928
[08:55:30.479] [SEVERE ] setting player 2 freeze to 900
[08:55:30.479] [SEVERE ] setting player 2 freeze to 0
[08:55:30.479] [SEVERE ] removing player 2 token from slot 7
[08:55:30.482] [SEVERE ] updating countdown to 53925
[08:55:30.482] [SEVERE ] player 2 placing token on slot 2
[08:55:30.482] [SEVERE ] updating countdown to 53925
[08:55:30.482] [SEVERE ] setting player 3 freeze to 900
[08:55:30.482] [SEVERE ] setting player 3 freeze to 0
[08:55:30.482] [SEVERE ] removing player 3 token from slot 8
[08:55:30.482] [SEVERE ] updating countdown to 53925
[08:55:30.483] [SEVERE ] player 3 placing token on slot 1
[08:55:30.483] [SEVERE ] updating countdown to 53924
[08:55:30.483] [SEVERE ] setting player 1 freeze to 900
[08:55:30.483] [SEVERE ] removing player 1 token from slot 6
[08:55:30.483] [SEVERE ] setting player 1 freeze to 0
[08:55:30.484] [SEVERE ] player 1 placing token on slot 5
[08:55:30.484] [SEVERE ] updating countdown to 53923
[08:55:30.484] [SEVERE ] updating countdown to 53923
[08:55:30.484] [SEVERE ] setting player 4 freeze to 900
[08:55:30.484] [SEVERE ] removing player 4 token from slot 0
[08:55:30.485] [SEVERE ] setting player 4 freeze to 0
[08:55:30.485] [SEVERE ] player 4 placing token on slot 6
[08:55:30.485] [SEVERE ] updating countdown to 53922
[08:55:31.494] [SEVERE ] updating countdown to 52913
[08:55:31.494] [SEVERE ] setting player 2 freeze to 900
[08:55:31.494] [SEVERE ] removing player 2 token from slot 2
[08:55:31.494] [SEVERE ] setting player 2 freeze to 0
[08:55:31.494] [SEVERE ] player 2 placing token on slot 4
[08:55:31.494] [SEVERE ] updating countdown to 52913
[08:55:32.510] [SEVERE ] updating countdown to 51897
[08:55:32.510] [SEVERE ] setting player 3 freeze to 900
[08:55:32.510] [SEVERE ] removing player 3 token from slot 1
[08:55:32.510] [SEVERE ] setting player 3 freeze to 0
[08:55:32.512] [SEVERE ] updating countdown to 51895
[08:55:32.512] [SEVERE ] player 3 placing token on slot 3
[08:55:32.512] [SEVERE ] updating countdown to 51895
[08:55:32.512] [SEVERE ] setting player 1 freeze to 900
[08:55:32.512] [SEVERE ] removing player 1 token from slot 1
[08:55:32.512] [SEVERE ] setting player 1 freeze to 0
[08:55:32.512] [SEVERE ] player 1 placing token on slot 6
[08:55:32.512] [SEVERE ] updating countdown to 51895
[08:55:33.527] [SEVERE ] updating countdown to 50880
[08:55:33.527] [SEVERE ] setting player 4 freeze to 900
[08:55:33.527] [SEVERE ] setting player 4 freeze to 0
[08:55:33.527] [SEVERE ] removing player 4 token from slot 6
[08:55:33.527] [SEVERE ] updating countdown to 50880
[08:55:33.527] [SEVERE ] player 4 placing token on slot 1
[08:55:33.527] [SEVERE ] updating countdown to 50880
[08:55:33.527] [SEVERE ] setting player 2 freeze to 900
[08:55:33.527] [SEVERE ] setting player 2 freeze to 0
[08:55:33.527] [SEVERE ] removing player 2 token from slot 10
[08:55:33.527] [SEVERE ] updating countdown to 50880
[08:55:33.527] [SEVERE ] player 2 placing token on slot 3
[08:55:33.527] [SEVERE ] updating countdown to 50880
[08:55:33.527] [SEVERE ] setting player 1 freeze to 900
[08:55:33.527] [SEVERE ] setting player 1 freeze to 0
[08:55:33.527] [SEVERE ] removing player 1 token from slot 6
[08:55:33.527] [SEVERE ] updating countdown to 50880
[08:55:33.527] [SEVERE ] player 1 placing token on slot 9
[08:55:33.527] [SEVERE ] updating countdown to 50880
[08:55:33.527] [SEVERE ] setting player 3 freeze to 900
[08:55:33.527] [SEVERE ] setting player 3 freeze to 0
[08:55:33.527] [SEVERE ] removing player 3 token from slot 11
[08:55:33.527] [SEVERE ] removing player 3 token from slot 3
[08:55:33.527] [SEVERE ] updating countdown to 50880
[08:55:33.527] [SEVERE ] player 3 placing token on slot 6
[08:55:33.527] [SEVERE ] player 3 placing token on slot 9
[08:55:33.527] [SEVERE ] updating countdown to 50880
[08:55:33.527] [SEVERE ] setting player 1 freeze to 900
[08:55:33.527] [SEVERE ] setting player 1 freeze to 0
[08:55:33.527] [SEVERE ] removing player 1 token from slot 9
[08:55:33.527] [SEVERE ] updating countdown to 50880
[08:55:33.527] [SEVERE ] player 1 placing token on slot 11
[08:55:33.527] [SEVERE ] updating countdown to 50880
[08:55:33.527] [SEVERE ] setting player 1 freeze to 900
[08:55:33.527] [SEVERE ] setting player 1 freeze to 0
[08:55:33.527] [SEVERE ] removing player 1 token from slot 11
[08:55:33.527] [SEVERE ] updating countdown to 50880
[08:55:33.527] [SEVERE ] player 1 placing token on slot 3
[08:55:33.532] [SEVERE ] updating countdown to 50875
[08:55:33.532] [SEVERE ] setting player 1 freeze to 900
[08:55:33.532] [SEVERE ] removing player 1 token from slot 7
[08:55:33.532] [SEVERE ] setting player 1 freeze to 0
[08:55:33.532] [SEVERE ] updating countdown to 50875
[08:55:33.532] [SEVERE ] player 1 placing token on slot 10
[08:55:33.532] [SEVERE ] updating countdown to 50875
[08:55:33.532] [SEVERE ] setting player 2 freeze to 900
[08:55:33.533] [SEVERE ] setting player 2 freeze to 0
[08:55:33.533] [SEVERE ] removing player 2 token from slot 4
[08:55:33.533] [SEVERE ] player 2 placing token on slot 1
[08:55:33.533] [SEVERE ] updating countdown to 50874
[08:55:34.544] [SEVERE ] updating countdown to 49863
[08:55:34.544] [SEVERE ] setting player 3 freeze to 900
[08:55:34.544] [SEVERE ] removing player 3 token from slot 6
[08:55:34.544] [SEVERE ] setting player 3 freeze to 0
[08:55:34.544] [SEVERE ] player 3 placing token on slot 6
[08:55:34.544] [SEVERE ] updating countdown to 49863
[08:55:35.551] [SEVERE ] updating countdown to 48856
[08:55:35.551] [SEVERE ] setting player 4 freeze to 900
[08:55:35.551] [SEVERE ] setting player 4 freeze to 0
[08:55:35.551] [SEVERE ] removing player 4 token from slot 1
[08:55:35.551] [SEVERE ] updating countdown to 48856
[08:55:35.552] [SEVERE ] player 4 placing token on slot 5
[08:55:35.552] [SEVERE ] updating countdown to 48855
[08:55:35.552] [SEVERE ] setting player 1 freeze to 900
[08:55:35.552] [SEVERE ] setting player 1 freeze to 0
[08:55:35.552] [SEVERE ] updating countdown to 48855
[08:55:35.552] [SEVERE ] removing player 1 token from slot 5
[08:55:35.552] [SEVERE ] player 1 placing token on slot 1
[08:55:35.552] [SEVERE ] updating countdown to 48855
[08:55:35.553] [SEVERE ] setting player 2 freeze to 900
[08:55:35.553] [SEVERE ] removing player 2 token from slot 1
[08:55:35.553] [SEVERE ] setting player 2 freeze to 0
[08:55:35.553] [SEVERE ] updating countdown to 48854
[08:55:35.553] [SEVERE ] player 2 placing token on slot 7
[08:55:35.553] [SEVERE ] updating countdown to 48854
[08:55:35.553] [SEVERE ] setting player 3 freeze to 900
[08:55:35.553] [SEVERE ] setting player 3 freeze to 0
[08:55:35.553] [SEVERE ] removing player 3 token from slot 2
[08:55:35.553] [SEVERE ] updating countdown to 48854
[08:55:35.553] [SEVERE ] player 3 placing token on slot 3
[08:55:35.554] [SEVERE ] updating countdown to 48853
[08:55:35.554] [SEVERE ] setting player 1 freeze to 900
[08:55:35.554] [SEVERE ] setting player 1 freeze to 0
[08:55:35.554] [SEVERE ] removing player 1 token from slot 10
[08:55:35.554] [SEVERE ] updating countdown to 48853
[08:55:35.554] [SEVERE ] player 1 placing token on slot 8
[08:55:35.554] [SEVERE ] updating countdown to 48853
[08:55:35.555] [SEVERE ] setting player 4 freeze to 900
[08:55:35.555] [SEVERE ] removing player 4 token from slot 5
[08:55:35.555] [SEVERE ] setting player 4 freeze to 0
[08:55:35.555] [SEVERE ] player 4 placing token on slot 1
[08:55:35.555] [SEVERE ] updating countdown to 48852
[08:55:36.568] [SEVERE ] updating countdown to 47839
[08:55:36.568] [SEVERE ] setting player 2 freeze to 900
[08:55:36.568] [SEVERE ] setting player 2 freeze to 0
[08:55:36.568] [SEVERE ] updating countdown to 47839
[08:55:36.568] [SEVERE ] removing player 2 token from slot 3
[08:55:36.569] [SEVERE ] player 2 placing token on slot 10
[08:55:36.569] [SEVERE ] updating countdown to 47838
[08:55:36.569] [SEVERE ] setting player 1 freeze to 900
[08:55:36.569] [SEVERE ] removing player 1 token from slot 1
[08:55:36.569] [SEVERE ] setting player 1 freeze to 0
[08:55:36.570] [SEVERE ] updating countdown to 47837
[08:55:36.570] [SEVERE ] player 1 placing token on slot 0
[08:55:36.570] [SEVERE ] updating countdown to 47837
[08:55:36.570] [SEVERE ] setting player 3 freeze to 900
[08:55:36.570] [SEVERE ] setting player 3 freeze to 0
[08:55:36.570] [SEVERE ] updating countdown to 47837
[08:55:36.570] [SEVERE ] removing player 3 token from slot 6
[08:55:36.570] [SEVERE ] player 3 placing token on slot 6
[08:55:36.571] [SEVERE ] updating countdown to 47836
[08:55:36.571] [SEVERE ] setting player 4 freeze to 900
[08:55:36.571] [SEVERE ] removing player 4 token from slot 1
[08:55:36.571] [SEVERE ] removing player 4 token from slot 9
[08:55:36.571] [SEVERE ] setting player 4 freeze to 0
[08:55:36.571] [SEVERE ] updating countdown to 47836
[08:55:36.571] [SEVERE ] player 4 placing token on slot 9
[08:55:36.571] [SEVERE ] player 4 placing token on slot 5
[08:55:36.571] [SEVERE ] updating countdown to 47836
[08:55:36.571] [SEVERE ] setting player 2 freeze to 900
[08:55:36.571] [SEVERE ] setting player 2 freeze to 0
[08:55:36.572] [SEVERE ] updating countdown to 47835
[08:55:36.572] [SEVERE ] removing player 2 token from slot 7
[08:55:36.572] [SEVERE ] player 2 placing token on slot 5
[08:55:36.572] [SEVERE ] updating countdown to 47835
[08:55:36.572] [SEVERE ] setting player 1 freeze to 900
[08:55:36.572] [SEVERE ] setting player 1 freeze to 0
[08:55:36.572] [SEVERE ] updating countdown to 47835
[08:55:36.572] [SEVERE ] removing player 1 token from slot 0
[08:55:36.572] [SEVERE ] player 1 placing token on slot 0
[08:55:36.572] [SEVERE ] updating countdown to 47835
[08:55:36.572] [SEVERE ] setting player 3 freeze to 900
[08:55:36.572] [SEVERE ] setting player 3 freeze to 0
[08:55:36.572] [SEVERE ] removing player 3 token from slot 9
[08:55:36.573] [SEVERE ] updating countdown to 47834
[08:55:36.573] [SEVERE ] player 3 placing token on slot 5
[08:55:36.573] [SEVERE ] updating countdown to 47834
[08:55:36.573] [SEVERE ] setting player 4 freeze to 900
[08:55:36.573] [SEVERE ] removing player 4 token from slot 9
[08:55:36.573] [SEVERE ] setting player 4 freeze to 0
[08:55:36.573] [SEVERE ] removing player 4 token from slot 3
[08:55:36.573] [SEVERE ] updating countdown to 47834
[08:55:36.573] [SEVERE ] player 4 placing token on slot 3
[08:55:36.573] [SEVERE ] player 4 placing token on slot 0
[08:55:36.573] [SEVERE ] updating countdown to 47834
[08:55:36.573] [SEVERE ] setting player 1 freeze to 900
[08:55:36.573] [SEVERE ] setting player 1 freeze to 0
[08:55:36.573] [SEVERE ] removing player 1 token from slot 0
[08:55:36.573] [SEVERE ] updating countdown to 47834
[08:55:36.573] [SEVERE ] player 1 placing token on slot 7
[08:55:36.573] [SEVERE ] updating countdown to 47834
[08:55:36.573] [SEVERE ] setting player 2 freeze to 900
[08:55:36.573] [SEVERE ] setting player 2 freeze to 0
[08:55:36.573] [SEVERE ] removing player 2 token from slot 9
[08:55:36.573] [SEVERE ] updating countdown to 47834
[08:55:36.573] [SEVERE ] player 2 placing token on slot 4
[08:55:36.573] [SEVERE ] updating countdown to 47834
[08:55:36.575] [SEVERE ] setting player 1 freeze to 900
[08:55:36.575] [SEVERE ] removing player 1 token from slot 8
[08:55:36.575] [SEVERE ] setting player 1 freeze to 0
[08:55:36.575] [SEVERE ] updating countdown to 47832
[08:55:36.575] [SEVERE ] player 1 placing token on slot 8
[08:55:36.575] [SEVERE ] updating countdown to 47832
[08:55:36.576] [SEVERE ] setting player 2 freeze to 900
[08:55:36.576] [SEVERE ] removing player 2 token from slot 5
[08:55:36.576] [SEVERE ] setting player 2 freeze to 0
[08:55:36.576] [SEVERE ] updating countdown to 47831
[08:55:36.576] [SEVERE ] player 2 placing token on slot 2
[08:55:36.576] [SEVERE ] updating countdown to 47831
[08:55:36.576] [SEVERE ] setting player 3 freeze to 900
[08:55:36.576] [SEVERE ] removing player 3 token from slot 3
[08:55:36.576] [SEVERE ] setting player 3 freeze to 0
[08:55:36.577] [SEVERE ] player 3 placing token on slot 2
[08:55:36.577] [SEVERE ] updating countdown to 47830
[08:55:37.582] [SEVERE ] updating countdown to 46825
[08:55:37.582] [SEVERE ] setting player 4 freeze to 900
[08:55:37.582] [SEVERE ] removing player 4 token from slot 0
[08:55:37.582] [SEVERE ] setting player 4 freeze to 0
[08:55:37.582] [SEVERE ] updating countdown to 46825
[08:55:37.582] [SEVERE ] player 4 placing token on slot 1
[08:55:37.582] [SEVERE ] updating countdown to 46825
[08:55:37.583] [SEVERE ] setting player 1 freeze to 900
[08:55:37.583] [SEVERE ] removing player 1 token from slot 8
[08:55:37.583] [SEVERE ] setting player 1 freeze to 0
[08:55:37.583] [SEVERE ] player 1 placing token on slot 1
[08:55:37.583] [SEVERE ] updating countdown to 46824
[08:55:38.594] [SEVERE ] updating countdown to 45813
[08:55:38.594] [SEVERE ] setting player 2 freeze to 900
[08:55:38.594] [SEVERE ] setting player 2 freeze to 0
[08:55:38.594] [SEVERE ] updating countdown to 45813
[08:55:38.594] [SEVERE ] removing player 2 token from slot 4
[08:55:38.594] [SEVERE ] player 2 placing token on slot 4
[08:55:38.594] [SEVERE ] updating countdown to 45813
[08:55:38.594] [SEVERE ] setting player 3 freeze to 900
[08:55:38.594] [SEVERE ] setting player 3 freeze to 0
[08:55:38.594] [SEVERE ] removing player 3 token from slot 5
[08:55:38.594] [SEVERE ] removing player 3 token from slot 6
[08:55:38.594] [SEVERE ] updating countdown to 45813
[08:55:38.594] [SEVERE ] player 3 placing token on slot 6
[08:55:38.594] [SEVERE ] player 3 placing token on slot 4
[08:55:38.594] [SEVERE ] updating countdown to 45813
[08:55:38.594] [SEVERE ] setting player 4 freeze to 900
[08:55:38.594] [SEVERE ] removing player 4 token from slot 3
[08:55:38.594] [SEVERE ] setting player 4 freeze to 0
[08:55:38.594] [SEVERE ] player 4 placing token on slot 2
[08:55:38.594] [SEVERE ] updating countdown to 45813
[08:55:39.598] [SEVERE ] updating countdown to 44809
[08:55:39.598] [SEVERE ] setting player 1 freeze to 900
[08:55:39.598] [SEVERE ] setting player 1 freeze to 0
[08:55:39.598] [SEVERE ] updating countdown to 44809
[08:55:39.598] [SEVERE ] removing player 1 token from slot 1
[08:55:39.600] [SEVERE ] player 1 placing token on slot 0
[08:55:39.600] [SEVERE ] updating countdown to 44807
[08:55:39.600] [SEVERE ] setting player 2 freeze to 900
[08:55:39.600] [SEVERE ] setting player 2 freeze to 0
[08:55:39.600] [SEVERE ] removing player 2 token from slot 10
[08:55:39.600] [SEVERE ] updating countdown to 44807
[08:55:39.600] [SEVERE ] player 2 placing token on slot 9
[08:55:39.601] [SEVERE ] updating countdown to 44806
[08:55:39.601] [SEVERE ] setting player 3 freeze to 900
[08:55:39.601] [SEVERE ] setting player 3 freeze to 0
[08:55:39.601] [SEVERE ] updating countdown to 44806
[08:55:39.601] [SEVERE ] removing player 3 token from slot 6
[08:55:39.602] [SEVERE ] player 3 placing token on slot 11
[08:55:39.602] [SEVERE ] updating countdown to 44805
[08:55:39.602] [SEVERE ] setting player 4 freeze to 900
[08:55:39.602] [SEVERE ] setting player 4 freeze to 0
[08:55:39.602] [SEVERE ] removing player 4 token from slot 1
[08:55:39.602] [SEVERE ] updating countdown to 44805
[08:55:39.602] [SEVERE ] player 4 placing token on slot 0
[08:55:39.603] [SEVERE ] updating countdown to 44804
[08:55:39.603] [SEVERE ] setting player 1 freeze to 900
[08:55:39.603] [SEVERE ] removing player 1 token from slot 0
[08:55:39.603] [SEVERE ] setting player 1 freeze to 0
[08:55:39.603] [SEVERE ] updating countdown to 44804
[08:55:39.603] [SEVERE ] player 1 placing token on slot 8
[08:55:39.603] [SEVERE ] updating countdown to 44804
[08:55:39.604] [SEVERE ] setting player 2 freeze to 900
[08:55:39.604] [SEVERE ] removing player 2 token from slot 4
[08:55:39.604] [SEVERE ] setting player 2 freeze to 0
[08:55:39.604] [SEVERE ] player 2 placing token on slot 3
[08:55:39.604] [SEVERE ] updating countdown to 44803
[08:55:40.477] [SEVERE ] exit button pressed
[08:55:40.480] [SEVERE ] disposing of user interface elements
[08:55:40.480] [INFO   ] thread computer-1 terminated.
[08:55:40.480] [INFO   ] thread computer-2 terminated.
[08:55:40.480] [INFO   ] thread Thread-2 terminated.
[08:55:40.480] [INFO   ] thread computer-0 terminated.
[08:55:40.480] [INFO   ] thread computer-3 terminated.
[08:55:40.480] [INFO   ] thread Thread-3 terminated.
[08:55:40.480] [INFO   ] thread Thread-1 terminated.
[08:55:40.480] [INFO   ] thread Thread-0 terminated.
