[18:04:02.831] [INFO   ] thread main starting.
[18:04:02.832] [SEVERE ] cannot read configuration file config.properties trying from resources.
[18:04:02.832] [SEVERE ] configuration file was loaded from resources directory.
[18:04:03.218] [INFO   ] thread dealer starting.
[18:04:03.218] [INFO   ] thread dealer starting.
[18:04:03.218] [SEVERE ] updating countdown to 60000
[18:04:03.218] [INFO   ] thread Thread-2 starting.
[18:04:03.218] [INFO   ] thread Thread-0 starting.
[18:04:03.218] [INFO   ] thread Thread-1 starting.
[18:04:03.218] [INFO   ] thread Thread-3 starting.
[18:04:03.218] [INFO   ] thread computer-2 starting.
[18:04:03.218] [INFO   ] thread computer-0 starting.
[18:04:03.218] [INFO   ] thread computer-1 starting.
[18:04:03.218] [INFO   ] thread computer-3 starting.
[18:04:03.235] [SEVERE ] updating countdown to 59983
[18:04:03.349] [SEVERE ] placing card 65 in slot 0
[18:04:03.451] [SEVERE ] placing card 80 in slot 1
[18:04:03.552] [SEVERE ] placing card 67 in slot 2
[18:04:03.663] [SEVERE ] placing card 75 in slot 3
[18:04:03.765] [SEVERE ] placing card 33 in slot 4
[18:04:03.873] [SEVERE ] placing card 43 in slot 5
[18:04:03.983] [SEVERE ] placing card 0 in slot 6
[18:04:04.093] [SEVERE ] placing card 59 in slot 7
[18:04:04.203] [SEVERE ] placing card 45 in slot 8
[18:04:04.313] [SEVERE ] placing card 72 in slot 9
[18:04:04.423] [SEVERE ] placing card 27 in slot 10
[18:04:04.524] [SEVERE ] placing card 20 in slot 11
[18:04:04.524] [SEVERE ] player 4 placing token on slot 10
[18:04:04.524] [SEVERE ] player 2 placing token on slot 5
[18:04:04.524] [SEVERE ] player 1 placing token on slot 9
[18:04:04.524] [SEVERE ] player 3 placing token on slot 4
[18:04:04.524] [SEVERE ] player 4 placing token on slot 8
[18:04:04.524] [SEVERE ] player 2 placing token on slot 7
[18:04:04.524] [SEVERE ] player 1 placing token on slot 7
[18:04:04.524] [SEVERE ] player 3 placing token on slot 5
[18:04:04.524] [SEVERE ] player 3 placing token on slot 8
[18:04:04.524] [SEVERE ] player 4 placing token on slot 9
[18:04:04.524] [SEVERE ] player 2 placing token on slot 0
[18:04:04.524] [SEVERE ] removing player 1 token from slot 9
[18:04:04.524] [SEVERE ] player 1 placing token on slot 4
[18:04:04.524] [SEVERE ] player 1 placing token on slot 0
[18:04:04.530] [SEVERE ] updating countdown to 58688
[18:04:05.545] [SEVERE ] updating countdown to 57673
[18:04:05.545] [SEVERE ] setting player 1 freeze to 900
[18:04:05.545] [SEVERE ] removing player 1 token from slot 4
[18:04:05.545] [SEVERE ] setting player 1 freeze to 0
[18:04:05.545] [SEVERE ] player 1 placing token on slot 4
[18:04:05.545] [SEVERE ] updating countdown to 57673
[18:04:06.559] [SEVERE ] updating countdown to 56659
[18:04:06.559] [SEVERE ] setting player 2 freeze to 900
[18:04:06.559] [SEVERE ] removing player 2 token from slot 7
[18:04:06.559] [SEVERE ] removing player 2 token from slot 5
[18:04:06.559] [SEVERE ] player 2 placing token on slot 1
[18:04:06.559] [SEVERE ] player 2 placing token on slot 4
[18:04:06.559] [SEVERE ] setting player 2 freeze to 0
[18:04:06.559] [SEVERE ] updating countdown to 56659
[18:04:07.563] [SEVERE ] updating countdown to 55655
[18:04:07.563] [SEVERE ] setting player 3 freeze to 900
[18:04:07.563] [SEVERE ] setting player 3 freeze to 0
[18:04:07.563] [SEVERE ] removing player 3 token from slot 5
[18:04:07.563] [SEVERE ] player 3 placing token on slot 10
[18:04:07.563] [SEVERE ] updating countdown to 55655
[18:04:08.578] [SEVERE ] updating countdown to 54640
[18:04:08.578] [SEVERE ] setting player 4 freeze to 900
[18:04:08.578] [SEVERE ] removing player 4 token from slot 10
[18:04:08.578] [SEVERE ] setting player 4 freeze to 0
[18:04:08.578] [SEVERE ] player 4 placing token on slot 2
[18:04:08.578] [SEVERE ] updating countdown to 54640
[18:04:09.583] [SEVERE ] updating countdown to 53635
[18:04:09.583] [SEVERE ] setting player 1 freeze to 900
[18:04:09.583] [SEVERE ] setting player 1 freeze to 0
[18:04:09.583] [SEVERE ] removing player 1 token from slot 4
[18:04:09.583] [SEVERE ] player 1 placing token on slot 5
[18:04:09.583] [SEVERE ] updating countdown to 53635
[18:04:10.589] [SEVERE ] updating countdown to 52629
[18:04:10.589] [SEVERE ] setting player 2 freeze to 900
[18:04:10.589] [SEVERE ] removing player 2 token from slot 1
[18:04:10.589] [SEVERE ] setting player 2 freeze to 0
[18:04:10.589] [SEVERE ] player 2 placing token on slot 10
[18:04:10.589] [SEVERE ] updating countdown to 52629
[18:04:11.596] [SEVERE ] updating countdown to 51622
[18:04:11.596] [SEVERE ] setting player 3 freeze to 900
[18:04:11.596] [SEVERE ] removing player 3 token from slot 8
[18:04:11.596] [SEVERE ] player 3 placing token on slot 8
[18:04:11.596] [SEVERE ] setting player 3 freeze to 0
[18:04:11.596] [SEVERE ] updating countdown to 51622
[18:04:12.601] [SEVERE ] updating countdown to 50617
[18:04:12.601] [SEVERE ] setting player 4 freeze to 900
[18:04:12.601] [SEVERE ] removing player 4 token from slot 8
[18:04:12.601] [SEVERE ] player 4 placing token on slot 7
[18:04:12.601] [SEVERE ] setting player 4 freeze to 0
[18:04:12.601] [SEVERE ] updating countdown to 50617
[18:04:13.605] [SEVERE ] updating countdown to 49613
[18:04:13.605] [SEVERE ] setting player 1 freeze to 900
[18:04:13.605] [SEVERE ] removing player 1 token from slot 0
[18:04:13.605] [SEVERE ] setting player 1 freeze to 0
[18:04:13.605] [SEVERE ] player 1 placing token on slot 6
[18:04:13.605] [SEVERE ] updating countdown to 49613
[18:04:14.613] [SEVERE ] updating countdown to 48605
[18:04:14.613] [SEVERE ] setting player 2 freeze to 900
[18:04:14.613] [SEVERE ] setting player 2 freeze to 0
[18:04:14.613] [SEVERE ] removing player 2 token from slot 10
[18:04:14.613] [SEVERE ] player 2 placing token on slot 11
[18:04:14.613] [SEVERE ] updating countdown to 48605
[18:04:15.621] [SEVERE ] updating countdown to 47597
[18:04:15.621] [SEVERE ] setting player 3 freeze to 900
[18:04:15.621] [SEVERE ] setting player 3 freeze to 0
[18:04:15.621] [SEVERE ] removing player 3 token from slot 4
[18:04:15.621] [SEVERE ] player 3 placing token on slot 2
[18:04:15.621] [SEVERE ] updating countdown to 47597
[18:04:16.625] [SEVERE ] updating countdown to 46593
[18:04:16.625] [SEVERE ] setting player 4 freeze to 900
[18:04:16.625] [SEVERE ] setting player 4 freeze to 0
[18:04:16.625] [SEVERE ] removing player 4 token from slot 2
[18:04:16.625] [SEVERE ] player 4 placing token on slot 10
[18:04:16.625] [SEVERE ] updating countdown to 46593
[18:04:17.631] [SEVERE ] updating countdown to 45587
[18:04:17.631] [SEVERE ] setting player 1 freeze to 900
[18:04:17.631] [SEVERE ] setting player 1 freeze to 0
[18:04:17.631] [SEVERE ] removing player 1 token from slot 7
[18:04:17.631] [SEVERE ] updating countdown to 45587
[18:04:17.631] [SEVERE ] removing player 1 token from slot 6
[18:04:17.631] [SEVERE ] player 1 placing token on slot 11
[18:04:17.631] [SEVERE ] player 1 placing token on slot 2
[18:04:17.631] [SEVERE ] updating countdown to 45587
[18:04:17.631] [SEVERE ] setting player 2 freeze to 900
[18:04:17.631] [SEVERE ] setting player 2 freeze to 0
[18:04:17.631] [SEVERE ] removing player 2 token from slot 0
[18:04:17.631] [SEVERE ] updating countdown to 45587
[18:04:17.631] [SEVERE ] removing player 2 token from slot 11
[18:04:17.631] [SEVERE ] player 2 placing token on slot 10
[18:04:17.631] [SEVERE ] player 2 placing token on slot 0
[18:04:17.631] [SEVERE ] updating countdown to 45587
[18:04:17.631] [SEVERE ] setting player 3 freeze to 900
[18:04:17.631] [SEVERE ] setting player 3 freeze to 0
[18:04:17.631] [SEVERE ] removing player 3 token from slot 8
[18:04:17.631] [SEVERE ] player 3 placing token on slot 8
[18:04:17.631] [SEVERE ] updating countdown to 45587
[18:04:18.637] [SEVERE ] updating countdown to 44581
[18:04:18.637] [SEVERE ] setting player 4 freeze to 900
[18:04:18.637] [SEVERE ] setting player 4 freeze to 0
[18:04:18.637] [SEVERE ] removing player 4 token from slot 7
[18:04:18.637] [SEVERE ] player 4 placing token on slot 4
[18:04:18.637] [SEVERE ] updating countdown to 44581
[18:04:19.648] [SEVERE ] updating countdown to 43570
[18:04:19.648] [SEVERE ] setting player 1 freeze to 900
[18:04:19.648] [SEVERE ] removing player 1 token from slot 11
[18:04:19.648] [SEVERE ] setting player 1 freeze to 0
[18:04:19.648] [SEVERE ] player 1 placing token on slot 8
[18:04:19.648] [SEVERE ] updating countdown to 43570
[18:04:19.995] [SEVERE ] exit button pressed
[18:04:19.995] [SEVERE ] disposing of user interface elements
[18:04:19.995] [INFO   ] thread computer-0 terminated.
[18:04:19.995] [INFO   ] thread computer-1 terminated.
[18:04:19.995] [INFO   ] thread computer-3 terminated.
[18:04:19.995] [INFO   ] thread computer-2 terminated.
[18:04:19.995] [INFO   ] thread Thread-0 terminated.
[18:04:19.995] [INFO   ] thread Thread-2 terminated.
[18:04:19.995] [INFO   ] thread Thread-3 terminated.
[18:04:19.995] [INFO   ] thread Thread-1 terminated.
