[18:37:09.413] [INFO   ] thread main starting.
[18:37:09.418] [SEVERE ] cannot read configuration file config.properties trying from resources.
[18:37:09.420] [SEVERE ] configuration file was loaded from resources directory.
[18:37:09.801] [INFO   ] thread dealer starting.
[18:37:09.802] [INFO   ] thread dealer starting.
[18:37:09.802] [SEVERE ] updating countdown to 60000
[18:37:09.802] [INFO   ] thread Thread-0 starting.
[18:37:09.802] [INFO   ] thread Thread-1 starting.
[18:37:09.802] [INFO   ] thread Thread-2 starting.
[18:37:09.802] [INFO   ] thread Thread-3 starting.
[18:37:09.803] [INFO   ] thread computer-0 starting.
[18:37:09.803] [INFO   ] thread computer-2 starting.
[18:37:09.803] [INFO   ] thread computer-1 starting.
[18:37:09.805] [INFO   ] thread computer-3 starting.
[18:37:09.828] [SEVERE ] updating countdown to 59974
[18:37:09.942] [SEVERE ] placing card 26 in slot 0
[18:37:10.052] [SEVERE ] placing card 52 in slot 1
[18:37:10.153] [SEVERE ] placing card 61 in slot 2
[18:37:10.253] [SEVERE ] placing card 19 in slot 3
[18:37:10.363] [SEVERE ] placing card 17 in slot 4
[18:37:10.473] [SEVERE ] placing card 42 in slot 5
[18:37:10.583] [SEVERE ] placing card 18 in slot 6
[18:37:10.692] [SEVERE ] placing card 71 in slot 7
[18:37:10.803] [SEVERE ] placing card 70 in slot 8
[18:37:10.912] [SEVERE ] placing card 28 in slot 9
[18:37:11.022] [SEVERE ] placing card 68 in slot 10
[18:37:11.131] [SEVERE ] placing card 78 in slot 11
[18:37:11.131] [SEVERE ] player 3 placing token on slot 2
[18:37:11.131] [SEVERE ] player 2 placing token on slot 6
[18:37:11.131] [SEVERE ] player 1 placing token on slot 7
[18:37:11.131] [SEVERE ] player 4 placing token on slot 7
[18:37:11.132] [SEVERE ] removing player 3 token from slot 2
[18:37:11.132] [SEVERE ] player 2 placing token on slot 5
[18:37:11.132] [SEVERE ] player 1 placing token on slot 1
[18:37:11.132] [SEVERE ] player 4 placing token on slot 9
[18:37:11.132] [SEVERE ] player 3 placing token on slot 7
[18:37:11.132] [SEVERE ] player 2 placing token on slot 7
[18:37:11.132] [SEVERE ] player 1 placing token on slot 9
[18:37:11.132] [SEVERE ] removing player 4 token from slot 7
[18:37:11.132] [SEVERE ] removing player 3 token from slot 7
[18:37:11.132] [SEVERE ] removing player 4 token from slot 9
[18:37:11.136] [SEVERE ] player 3 placing token on slot 8
[18:37:11.136] [SEVERE ] player 4 placing token on slot 9
[18:37:11.136] [SEVERE ] player 3 placing token on slot 5
[18:37:11.136] [SEVERE ] player 4 placing token on slot 1
[18:37:11.136] [SEVERE ] removing player 3 token from slot 8
[18:37:11.136] [SEVERE ] player 4 placing token on slot 3
[18:37:11.136] [SEVERE ] player 3 placing token on slot 0
[18:37:11.136] [SEVERE ] removing player 3 token from slot 0
[18:37:11.136] [SEVERE ] player 3 placing token on slot 0
[18:37:11.136] [SEVERE ] player 3 placing token on slot 3
[18:37:11.136] [SEVERE ] updating countdown to 58666
[18:37:19.876] [SEVERE ] exit button pressed
[18:37:19.883] [INFO   ] thread computer-0 terminated.
[18:37:19.883] [SEVERE ] disposing of user interface elements
[18:37:19.883] [INFO   ] thread computer-1 terminated.
[18:37:19.883] [INFO   ] thread computer-3 terminated.
[18:37:19.883] [INFO   ] thread computer-2 terminated.
[18:37:19.883] [INFO   ] thread Thread-0 terminated.
[18:37:19.883] [INFO   ] thread Thread-1 terminated.
[18:37:19.883] [INFO   ] thread Thread-3 terminated.
[18:37:19.883] [INFO   ] thread Thread-2 terminated.
