[18:26:24.837] [INFO   ] thread main starting.
[18:26:24.842] [SEVERE ] cannot read configuration file config.properties trying from resources.
[18:26:24.846] [SEVERE ] configuration file was loaded from resources directory.
[18:26:25.181] [INFO   ] thread dealer starting.
[18:26:25.182] [INFO   ] thread dealer starting.
[18:26:25.182] [INFO   ] thread Thread-1 starting.
[18:26:25.182] [INFO   ] thread Thread-2 starting.
[18:26:25.182] [INFO   ] thread Thread-0 starting.
[18:26:25.182] [SEVERE ] updating countdown to 60000
[18:26:25.182] [INFO   ] thread Thread-3 starting.
[18:26:25.183] [INFO   ] thread computer-0 starting.
[18:26:25.184] [INFO   ] thread computer-1 starting.
[18:26:25.184] [INFO   ] thread computer-2 starting.
[18:26:25.184] [INFO   ] thread computer-3 starting.
[18:26:25.195] [SEVERE ] updating countdown to 59987
[18:26:25.308] [SEVERE ] placing card 53 in slot 0
[18:26:25.430] [SEVERE ] placing card 44 in slot 1
[18:26:25.537] [SEVERE ] placing card 12 in slot 2
[18:26:25.638] [SEVERE ] placing card 15 in slot 3
[18:26:25.749] [SEVERE ] placing card 27 in slot 4
[18:26:25.859] [SEVERE ] placing card 13 in slot 5
[18:26:25.969] [SEVERE ] placing card 11 in slot 6
[18:26:26.079] [SEVERE ] placing card 54 in slot 7
[18:26:26.189] [SEVERE ] placing card 20 in slot 8
[18:26:26.299] [SEVERE ] placing card 61 in slot 9
[18:26:26.409] [SEVERE ] placing card 37 in slot 10
[18:26:26.510] [SEVERE ] placing card 51 in slot 11
[18:26:26.510] [SEVERE ] player 4 placing token on slot 10
[18:26:26.510] [SEVERE ] player 2 placing token on slot 6
[18:26:26.510] [SEVERE ] player 3 placing token on slot 4
[18:26:26.510] [SEVERE ] player 1 placing token on slot 7
[18:26:26.511] [SEVERE ] player 4 placing token on slot 1
[18:26:26.511] [SEVERE ] player 2 placing token on slot 0
[18:26:26.511] [SEVERE ] player 3 placing token on slot 6
[18:26:26.511] [SEVERE ] player 1 placing token on slot 4
[18:26:26.512] [SEVERE ] player 4 placing token on slot 6
[18:26:26.512] [SEVERE ] player 2 placing token on slot 2
[18:26:26.512] [SEVERE ] player 3 placing token on slot 3
[18:26:26.512] [SEVERE ] player 1 placing token on slot 11
[18:26:26.517] [SEVERE ] updating countdown to 58665
[18:26:31.144] [SEVERE ] exit button pressed
[18:26:31.144] [SEVERE ] disposing of user interface elements
[18:26:31.144] [INFO   ] thread computer-3 terminated.
[18:26:31.144] [INFO   ] thread Thread-3 terminated.
[18:26:31.144] [INFO   ] thread computer-0 terminated.
[18:26:31.144] [INFO   ] thread computer-1 terminated.
[18:26:31.144] [INFO   ] thread computer-2 terminated.
[18:26:31.150] [INFO   ] thread Thread-0 terminated.
[18:26:31.150] [INFO   ] thread Thread-2 terminated.
[18:26:31.150] [INFO   ] thread Thread-1 terminated.
