[21:15:46.285] [INFO   ] thread main starting.
[21:15:46.292] [SEVERE ] cannot read configuration file config.properties trying from resources.
[21:15:46.294] [SEVERE ] configuration file was loaded from resources directory.
[21:15:46.677] [INFO   ] thread dealer starting.
[21:15:46.678] [INFO   ] thread dealer starting.
[21:15:46.678] [SEVERE ] updating countdown to 60000
[21:15:46.678] [INFO   ] thread Thread-0 starting.
[21:15:46.679] [INFO   ] thread Thread-1 starting.
[21:15:46.679] [INFO   ] thread computer-1 starting.
[21:15:46.783] [SEVERE ] updating countdown to 59895
[21:15:46.898] [SEVERE ] placing card 67 in slot 0
[21:15:47.004] [SEVERE ] placing card 63 in slot 1
[21:15:47.116] [SEVERE ] placing card 55 in slot 2
[21:15:47.224] [SEVERE ] placing card 31 in slot 3
[21:15:47.330] [SEVERE ] placing card 48 in slot 4
[21:15:47.433] [SEVERE ] placing card 58 in slot 5
[21:15:47.548] [SEVERE ] placing card 27 in slot 6
[21:15:47.649] [SEVERE ] placing card 12 in slot 7
[21:15:47.756] [SEVERE ] placing card 39 in slot 8
[21:15:47.857] [SEVERE ] placing card 8 in slot 9
[21:15:47.966] [SEVERE ] placing card 7 in slot 10
[21:15:48.074] [SEVERE ] placing card 44 in slot 11
[21:15:48.074] [SEVERE ] player 2 placing token on slot 7
[21:15:48.075] [SEVERE ] player 2 placing token on slot 1
[21:15:48.075] [SEVERE ] player 2 placing token on slot 6
[21:15:48.075] [SEVERE ] setting player 2 freeze to 3900
[21:15:48.075] [SEVERE ] setting player 2 freeze to 3900
[21:15:49.083] [SEVERE ] updating countdown to 57595
[21:15:49.083] [SEVERE ] setting player 2 freeze to 2892
[21:15:50.083] [SEVERE ] updating countdown to 56595
[21:15:50.083] [SEVERE ] setting player 2 freeze to 1892
[21:15:51.083] [SEVERE ] removing player 2 token from slot 7
[21:15:51.083] [SEVERE ] player 2 placing token on slot 3
[21:15:51.083] [SEVERE ] updating countdown to 55595
[21:15:51.083] [SEVERE ] setting player 2 freeze to 0
[21:15:51.083] [SEVERE ] setting player 2 freeze to 3900
[21:15:51.083] [SEVERE ] setting player 2 freeze to 3900
[21:15:51.874] [SEVERE ] exit button pressed
[21:15:51.874] [INFO   ] thread computer-1 terminated.
[21:15:51.874] [INFO   ] thread Thread-0 terminated.
[21:15:52.083] [SEVERE ] updating countdown to 54595
[21:15:52.084] [SEVERE ] setting player 2 freeze to 2899
[21:15:52.084] [SEVERE ] updating countdown to 54594
[21:15:52.084] [SEVERE ] setting player 2 freeze to 2899
[21:15:52.187] [SEVERE ] removing card from slot 0
[21:15:52.292] [SEVERE ] removing player 2 token from slot 1
[21:15:52.293] [SEVERE ] removing card from slot 1
[21:15:52.399] [SEVERE ] removing card from slot 2
[21:15:52.514] [SEVERE ] removing player 2 token from slot 3
[21:15:52.515] [SEVERE ] removing card from slot 3
[21:15:52.617] [SEVERE ] removing card from slot 4
[21:15:52.724] [SEVERE ] removing card from slot 5
[21:15:52.833] [SEVERE ] removing player 2 token from slot 6
[21:15:52.833] [SEVERE ] removing card from slot 6
[21:15:52.935] [SEVERE ] removing card from slot 7
[21:15:53.041] [SEVERE ] removing card from slot 8
[21:15:53.142] [SEVERE ] removing card from slot 9
[21:15:53.244] [SEVERE ] removing card from slot 10
[21:15:53.351] [SEVERE ] removing card from slot 11
[21:15:53.351] [SEVERE ] announcing winner(s): player 1, player 2
[21:15:53.357] [INFO   ] thread dealer terminated.
[21:15:53.357] [INFO   ] thread Thread-1 terminated.
[21:15:53.357] [INFO   ] thread dealer terminated.
[21:15:53.358] [SEVERE ] thanks for playing... it was fun!
[21:15:53.359] [INFO   ] thread main terminated.
