[19:59:43.667] [INFO   ] thread main starting.
[19:59:43.675] [SEVERE ] cannot read configuration file config.properties trying from resources.
[19:59:43.676] [SEVERE ] configuration file was loaded from resources directory.
[19:59:44.031] [INFO   ] thread dealer starting.
[19:59:44.031] [INFO   ] thread dealer starting.
[19:59:44.032] [SEVERE ] updating countdown to 10000
[19:59:44.032] [INFO   ] thread Thread-0 starting.
[19:59:44.032] [INFO   ] thread Thread-1 starting.
[19:59:44.033] [INFO   ] thread computer-1 starting.
[19:59:44.134] [SEVERE ] updating countdown to 9898
[19:59:44.242] [SEVERE ] placing card 9 in slot 0
[19:59:44.354] [SEVERE ] placing card 4 in slot 1
[19:59:44.465] [SEVERE ] placing card 47 in slot 2
[19:59:44.576] [SEVERE ] placing card 7 in slot 3
[19:59:44.688] [SEVERE ] placing card 75 in slot 4
[19:59:44.798] [SEVERE ] placing card 67 in slot 5
[19:59:44.909] [SEVERE ] placing card 2 in slot 6
[19:59:45.019] [SEVERE ] placing card 22 in slot 7
[19:59:45.130] [SEVERE ] placing card 40 in slot 8
[19:59:45.239] [SEVERE ] placing card 24 in slot 9
[19:59:45.351] [SEVERE ] placing card 53 in slot 10
[19:59:45.462] [SEVERE ] placing card 79 in slot 11
[19:59:45.462] [SEVERE ] player 2 placing token on slot 10
[19:59:45.462] [SEVERE ] player 2 placing token on slot 3
[19:59:45.463] [SEVERE ] player 2 placing token on slot 8
[19:59:45.467] [SEVERE ] updating countdown to 8565
[19:59:45.467] [SEVERE ] updating countdown to 8565
[19:59:45.467] [SEVERE ] setting player 2 freeze to 3900
[19:59:45.468] [SEVERE ] setting player 2 freeze to 3899
[19:59:45.471] [SEVERE ] updating countdown to 8561
[19:59:45.471] [SEVERE ] setting player 2 freeze to 3896
[19:59:46.031] [SEVERE ] updating countdown to 8001
[19:59:46.031] [SEVERE ] setting player 2 freeze to 3336
[19:59:46.032] [SEVERE ] updating countdown to 8000
[19:59:46.032] [SEVERE ] setting player 2 freeze to 3335
[19:59:46.034] [INFO   ] thread dealer terminated.
[19:59:48.479] [SEVERE ] removing player 2 token from slot 10
[19:59:48.480] [SEVERE ] player 2 placing token on slot 0
[19:59:51.037] [SEVERE ] thanks for playing... it was fun!
[19:59:51.037] [INFO   ] thread main terminated.
[19:59:51.037] [SEVERE ] disposing of user interface elements
