[19:28:44.748] [INFO   ] thread main starting.
[19:28:44.759] [SEVERE ] cannot read configuration file config.properties trying from resources.
[19:28:44.761] [SEVERE ] configuration file was loaded from resources directory.
[19:28:45.098] [INFO   ] thread dealer starting.
[19:28:45.098] [INFO   ] thread dealer starting.
[19:28:45.098] [SEVERE ] updating countdown to 60000
[19:28:45.098] [INFO   ] thread Thread-0 starting.
[19:28:45.098] [INFO   ] thread Thread-1 starting.
[19:28:45.098] [INFO   ] thread computer-1 starting.
[19:28:45.312] [SEVERE ] updating countdown to 59786
[19:28:45.426] [SEVERE ] placing card 9 in slot 0
[19:28:45.536] [SEVERE ] placing card 57 in slot 1
[19:28:45.647] [SEVERE ] placing card 18 in slot 2
[19:28:45.756] [SEVERE ] placing card 70 in slot 3
[19:28:45.867] [SEVERE ] placing card 21 in slot 4
[19:28:45.975] [SEVERE ] placing card 52 in slot 5
[19:28:46.088] [SEVERE ] placing card 56 in slot 6
[19:28:46.198] [SEVERE ] placing card 14 in slot 7
[19:28:46.308] [SEVERE ] placing card 79 in slot 8
[19:28:46.421] [SEVERE ] placing card 1 in slot 9
[19:28:46.531] [SEVERE ] placing card 2 in slot 10
[19:28:46.641] [SEVERE ] placing card 33 in slot 11
[19:28:46.641] [SEVERE ] player 2 placing token on slot 8
[19:28:46.641] [SEVERE ] player 2 placing token on slot 1
[19:28:46.641] [SEVERE ] player 2 placing token on slot 5
[19:28:46.641] [SEVERE ] updating countdown to 58457
[19:28:46.754] [SEVERE ] removing card from slot 0
[19:28:46.864] [SEVERE ] removing player 2 token from slot 1
[19:28:46.864] [SEVERE ] removing card from slot 1
[19:28:46.975] [SEVERE ] removing card from slot 2
[19:28:47.086] [SEVERE ] removing card from slot 3
[19:28:47.196] [SEVERE ] removing card from slot 4
[19:28:47.306] [SEVERE ] removing player 2 token from slot 5
[19:28:47.306] [SEVERE ] removing card from slot 5
[19:28:47.417] [SEVERE ] removing card from slot 6
[19:28:47.527] [SEVERE ] removing card from slot 7
[19:28:47.638] [SEVERE ] removing player 2 token from slot 8
[19:28:47.638] [SEVERE ] removing card from slot 8
[19:28:47.749] [SEVERE ] removing card from slot 9
[19:28:47.859] [SEVERE ] removing card from slot 10
[19:28:47.970] [SEVERE ] removing card from slot 11
[19:28:48.071] [SEVERE ] placing card 67 in slot 0
[19:28:48.182] [SEVERE ] placing card 1 in slot 1
[19:28:48.294] [SEVERE ] placing card 65 in slot 2
[19:28:48.403] [SEVERE ] placing card 36 in slot 3
[19:28:48.514] [SEVERE ] placing card 30 in slot 4
[19:28:48.626] [SEVERE ] placing card 55 in slot 5
[19:28:48.739] [SEVERE ] placing card 54 in slot 6
[19:28:48.844] [SEVERE ] placing card 15 in slot 7
[19:28:48.956] [SEVERE ] placing card 4 in slot 8
[19:28:49.066] [SEVERE ] placing card 69 in slot 9
[19:28:49.178] [SEVERE ] placing card 24 in slot 10
[19:28:49.290] [SEVERE ] placing card 16 in slot 11
[19:28:49.290] [SEVERE ] player 2 placing token on slot 9
[19:28:49.290] [SEVERE ] removing player 2 token from slot 9
[19:28:49.290] [SEVERE ] player 2 placing token on slot 7
[19:28:49.290] [SEVERE ] player 2 placing token on slot 11
[19:28:49.290] [SEVERE ] player 2 placing token on slot 2
[19:28:49.290] [SEVERE ] updating countdown to 55808
[19:28:49.290] [SEVERE ] setting player 2 freeze to 3900
[19:28:49.290] [SEVERE ] setting player 2 freeze to 3900
[19:28:49.290] [SEVERE ] updating countdown to 55808
[19:28:49.290] [SEVERE ] setting player 2 freeze to 3900
[19:28:50.305] [SEVERE ] updating countdown to 54793
[19:28:50.305] [SEVERE ] setting player 2 freeze to 2885
[19:28:50.305] [SEVERE ] updating countdown to 54793
[19:28:50.306] [SEVERE ] setting player 2 freeze to 2884
[19:28:51.318] [SEVERE ] updating countdown to 53780
[19:28:51.318] [SEVERE ] setting player 2 freeze to 1872
[19:28:51.318] [SEVERE ] updating countdown to 53780
[19:28:51.318] [SEVERE ] setting player 2 freeze to 1872
[19:28:52.306] [SEVERE ] removing player 2 token from slot 2
[19:28:52.306] [SEVERE ] player 2 placing token on slot 1
[19:28:52.306] [SEVERE ] updating countdown to 52792
[19:28:52.306] [SEVERE ] setting player 2 freeze to 0
[19:28:52.306] [SEVERE ] setting player 2 freeze to 3900
[19:28:52.306] [SEVERE ] setting player 2 freeze to 3900
[19:28:52.306] [SEVERE ] updating countdown to 52792
[19:28:52.306] [SEVERE ] setting player 2 freeze to 3900
[19:28:53.314] [SEVERE ] updating countdown to 51784
[19:28:53.314] [SEVERE ] setting player 2 freeze to 2892
[19:28:53.314] [SEVERE ] updating countdown to 51784
[19:28:53.314] [SEVERE ] setting player 2 freeze to 2892
[19:28:54.326] [SEVERE ] updating countdown to 50772
[19:28:54.326] [SEVERE ] setting player 2 freeze to 1880
[19:28:54.326] [SEVERE ] updating countdown to 50772
[19:28:54.326] [SEVERE ] setting player 2 freeze to 1880
[19:28:55.318] [SEVERE ] removing player 2 token from slot 11
[19:28:55.318] [SEVERE ] player 2 placing token on slot 3
[19:28:55.318] [SEVERE ] updating countdown to 49780
[19:28:55.318] [SEVERE ] setting player 2 freeze to 0
[19:28:55.318] [SEVERE ] setting player 2 freeze to 3900
[19:28:55.318] [SEVERE ] setting player 2 freeze to 3900
[19:28:55.318] [SEVERE ] updating countdown to 49780
[19:28:55.318] [SEVERE ] setting player 2 freeze to 3900
[19:28:56.331] [SEVERE ] updating countdown to 48767
[19:28:56.331] [SEVERE ] setting player 2 freeze to 2887
[19:28:56.331] [SEVERE ] updating countdown to 48767
[19:28:56.331] [SEVERE ] setting player 2 freeze to 2887
[19:28:57.341] [SEVERE ] updating countdown to 47757
[19:28:57.341] [SEVERE ] setting player 2 freeze to 1877
[19:28:57.342] [SEVERE ] updating countdown to 47756
[19:28:57.342] [SEVERE ] setting player 2 freeze to 1876
[19:28:58.333] [SEVERE ] removing player 2 token from slot 7
[19:28:58.334] [SEVERE ] player 2 placing token on slot 8
[19:28:58.334] [SEVERE ] updating countdown to 46764
[19:28:58.334] [SEVERE ] setting player 2 freeze to 0
[19:28:58.334] [SEVERE ] setting player 2 freeze to 3900
[19:28:58.334] [SEVERE ] setting player 2 freeze to 3900
[19:28:58.334] [SEVERE ] updating countdown to 46764
[19:28:58.334] [SEVERE ] setting player 2 freeze to 3900
[19:28:59.343] [SEVERE ] updating countdown to 45755
[19:28:59.343] [SEVERE ] setting player 2 freeze to 2891
[19:28:59.343] [SEVERE ] updating countdown to 45755
[19:28:59.343] [SEVERE ] setting player 2 freeze to 2891
[19:29:00.354] [SEVERE ] updating countdown to 44744
[19:29:00.354] [SEVERE ] setting player 2 freeze to 1880
[19:29:00.354] [SEVERE ] updating countdown to 44744
[19:29:00.354] [SEVERE ] setting player 2 freeze to 1880
[19:29:01.349] [SEVERE ] removing player 2 token from slot 8
[19:29:01.349] [SEVERE ] player 2 placing token on slot 5
[19:29:01.349] [SEVERE ] updating countdown to 43749
[19:29:01.349] [SEVERE ] setting player 2 freeze to 0
[19:29:01.349] [SEVERE ] setting player 2 freeze to 3900
[19:29:01.349] [SEVERE ] setting player 2 freeze to 3900
[19:29:01.349] [SEVERE ] updating countdown to 43749
[19:29:01.349] [SEVERE ] setting player 2 freeze to 3900
[19:29:02.359] [SEVERE ] updating countdown to 42739
[19:29:02.359] [SEVERE ] setting player 2 freeze to 2890
[19:29:02.359] [SEVERE ] updating countdown to 42739
[19:29:02.359] [SEVERE ] setting player 2 freeze to 2890
[19:29:03.368] [SEVERE ] updating countdown to 41730
[19:29:03.368] [SEVERE ] setting player 2 freeze to 1881
[19:29:03.368] [SEVERE ] updating countdown to 41730
[19:29:03.368] [SEVERE ] setting player 2 freeze to 1881
[19:29:04.360] [SEVERE ] removing player 2 token from slot 1
[19:29:04.360] [SEVERE ] player 2 placing token on slot 9
[19:29:04.360] [SEVERE ] updating countdown to 40738
[19:29:04.360] [SEVERE ] setting player 2 freeze to 0
[19:29:04.360] [SEVERE ] setting player 2 freeze to 3900
[19:29:04.360] [SEVERE ] setting player 2 freeze to 3900
[19:29:04.360] [SEVERE ] updating countdown to 40738
[19:29:04.360] [SEVERE ] setting player 2 freeze to 3900
[19:29:05.370] [SEVERE ] updating countdown to 39728
[19:29:05.370] [SEVERE ] setting player 2 freeze to 2890
[19:29:05.370] [SEVERE ] updating countdown to 39728
[19:29:05.370] [SEVERE ] setting player 2 freeze to 2890
[19:29:06.379] [SEVERE ] updating countdown to 38719
[19:29:06.379] [SEVERE ] setting player 2 freeze to 1881
[19:29:06.379] [SEVERE ] updating countdown to 38719
[19:29:06.379] [SEVERE ] setting player 2 freeze to 1881
[19:29:07.371] [SEVERE ] removing player 2 token from slot 3
[19:29:07.371] [SEVERE ] player 2 placing token on slot 0
[19:29:07.371] [SEVERE ] updating countdown to 37727
[19:29:07.371] [SEVERE ] setting player 2 freeze to 0
[19:29:07.371] [SEVERE ] setting player 2 freeze to 3900
[19:29:07.371] [SEVERE ] setting player 2 freeze to 3900
[19:29:07.371] [SEVERE ] updating countdown to 37727
[19:29:07.371] [SEVERE ] setting player 2 freeze to 3900
[19:29:08.384] [SEVERE ] updating countdown to 36714
[19:29:08.384] [SEVERE ] setting player 2 freeze to 2887
[19:29:08.384] [SEVERE ] updating countdown to 36714
[19:29:08.384] [SEVERE ] setting player 2 freeze to 2887
[19:29:09.392] [SEVERE ] updating countdown to 35706
[19:29:09.392] [SEVERE ] setting player 2 freeze to 1879
[19:29:09.392] [SEVERE ] updating countdown to 35706
[19:29:09.392] [SEVERE ] setting player 2 freeze to 1879
[19:29:10.372] [SEVERE ] removing player 2 token from slot 0
[19:29:10.372] [SEVERE ] removing player 2 token from slot 9
[19:29:10.372] [SEVERE ] player 2 placing token on slot 9
[19:29:10.372] [SEVERE ] player 2 placing token on slot 3
[19:29:10.372] [SEVERE ] updating countdown to 34726
[19:29:10.372] [SEVERE ] setting player 2 freeze to 0
[19:29:10.372] [SEVERE ] setting player 2 freeze to 3900
[19:29:10.372] [SEVERE ] setting player 2 freeze to 3900
[19:29:10.372] [SEVERE ] updating countdown to 34726
[19:29:10.372] [SEVERE ] setting player 2 freeze to 3900
[19:29:11.378] [SEVERE ] updating countdown to 33720
[19:29:11.378] [SEVERE ] setting player 2 freeze to 2894
[19:29:11.378] [SEVERE ] updating countdown to 33720
[19:29:11.378] [SEVERE ] setting player 2 freeze to 2894
[19:29:12.386] [SEVERE ] updating countdown to 32712
[19:29:12.386] [SEVERE ] setting player 2 freeze to 1886
[19:29:12.386] [SEVERE ] updating countdown to 32712
[19:29:12.386] [SEVERE ] setting player 2 freeze to 1886
[19:29:13.381] [SEVERE ] removing player 2 token from slot 9
[19:29:13.381] [SEVERE ] removing player 2 token from slot 5
[19:29:13.381] [SEVERE ] player 2 placing token on slot 8
[19:29:13.381] [SEVERE ] player 2 placing token on slot 6
[19:29:13.381] [SEVERE ] updating countdown to 31717
[19:29:13.381] [SEVERE ] setting player 2 freeze to 0
[19:29:13.381] [SEVERE ] setting player 2 freeze to 3900
[19:29:13.381] [SEVERE ] setting player 2 freeze to 3900
[19:29:13.381] [SEVERE ] updating countdown to 31717
[19:29:13.381] [SEVERE ] setting player 2 freeze to 3900
[19:29:14.393] [SEVERE ] updating countdown to 30705
[19:29:14.393] [SEVERE ] setting player 2 freeze to 2888
[19:29:14.393] [SEVERE ] updating countdown to 30705
[19:29:14.393] [SEVERE ] setting player 2 freeze to 2888
[19:29:15.402] [SEVERE ] updating countdown to 29696
[19:29:15.402] [SEVERE ] setting player 2 freeze to 1879
[19:29:15.402] [SEVERE ] updating countdown to 29696
[19:29:15.402] [SEVERE ] setting player 2 freeze to 1879
[19:29:16.390] [SEVERE ] removing player 2 token from slot 6
[19:29:16.390] [SEVERE ] player 2 placing token on slot 5
[19:29:16.390] [SEVERE ] updating countdown to 28708
[19:29:16.390] [SEVERE ] setting player 2 freeze to 0
[19:29:16.390] [SEVERE ] setting player 2 freeze to 3900
[19:29:16.390] [SEVERE ] setting player 2 freeze to 3900
[19:29:16.390] [SEVERE ] updating countdown to 28708
[19:29:16.390] [SEVERE ] setting player 2 freeze to 3900
[19:29:17.397] [SEVERE ] updating countdown to 27701
[19:29:17.397] [SEVERE ] setting player 2 freeze to 2893
[19:29:17.398] [SEVERE ] updating countdown to 27700
[19:29:17.398] [SEVERE ] setting player 2 freeze to 2892
[19:29:18.406] [SEVERE ] updating countdown to 26692
[19:29:18.406] [SEVERE ] setting player 2 freeze to 1884
[19:29:18.406] [SEVERE ] updating countdown to 26692
[19:29:18.406] [SEVERE ] setting player 2 freeze to 1884
[19:29:19.398] [SEVERE ] removing player 2 token from slot 8
[19:29:19.398] [SEVERE ] player 2 placing token on slot 1
[19:29:19.398] [SEVERE ] updating countdown to 25700
[19:29:19.398] [SEVERE ] setting player 2 freeze to 0
[19:29:19.398] [SEVERE ] setting player 2 freeze to 3900
[19:29:19.398] [SEVERE ] setting player 2 freeze to 3900
[19:29:19.398] [SEVERE ] updating countdown to 25700
[19:29:19.398] [SEVERE ] setting player 2 freeze to 3900
[19:29:20.408] [SEVERE ] updating countdown to 24690
[19:29:20.408] [SEVERE ] setting player 2 freeze to 2890
[19:29:20.408] [SEVERE ] updating countdown to 24690
[19:29:20.408] [SEVERE ] setting player 2 freeze to 2890
[19:29:21.417] [SEVERE ] updating countdown to 23681
[19:29:21.417] [SEVERE ] setting player 2 freeze to 1881
[19:29:21.417] [SEVERE ] updating countdown to 23681
[19:29:21.417] [SEVERE ] setting player 2 freeze to 1881
[19:29:22.413] [SEVERE ] removing player 2 token from slot 5
[19:29:22.413] [SEVERE ] player 2 placing token on slot 8
[19:29:22.413] [SEVERE ] updating countdown to 22685
[19:29:22.413] [SEVERE ] setting player 2 freeze to 0
[19:29:22.413] [SEVERE ] setting player 2 freeze to 3900
[19:29:22.413] [SEVERE ] setting player 2 freeze to 3900
[19:29:22.413] [SEVERE ] updating countdown to 22685
[19:29:22.413] [SEVERE ] setting player 2 freeze to 3900
[19:29:23.278] [SEVERE ] key 81 was pressed by player 1
[19:29:23.278] [SEVERE ] player 1 placing token on slot 0
[19:29:23.420] [SEVERE ] updating countdown to 21678
[19:29:23.420] [SEVERE ] setting player 2 freeze to 2893
[19:29:23.420] [SEVERE ] updating countdown to 21678
[19:29:23.420] [SEVERE ] setting player 2 freeze to 2893
[19:29:23.861] [SEVERE ] key 87 was pressed by player 1
[19:29:23.861] [SEVERE ] player 1 placing token on slot 1
[19:29:24.396] [SEVERE ] key 69 was pressed by player 1
[19:29:24.396] [SEVERE ] player 1 placing token on slot 2
[19:29:24.396] [SEVERE ] updating countdown to 20702
[19:29:24.396] [SEVERE ] setting player 2 freeze to 1917
[19:29:24.396] [SEVERE ] setting player 1 freeze to 3900
[19:29:24.396] [SEVERE ] setting player 1 freeze to 3900
[19:29:24.396] [SEVERE ] setting player 2 freeze to 1917
[19:29:24.396] [SEVERE ] updating countdown to 20702
[19:29:24.396] [SEVERE ] setting player 1 freeze to 3900
[19:29:24.396] [SEVERE ] setting player 2 freeze to 1917
[19:29:25.408] [SEVERE ] updating countdown to 19690
[19:29:25.408] [SEVERE ] setting player 1 freeze to 2888
[19:29:25.408] [SEVERE ] setting player 2 freeze to 905
[19:29:25.408] [SEVERE ] updating countdown to 19690
[19:29:25.408] [SEVERE ] setting player 1 freeze to 2888
[19:29:25.408] [SEVERE ] setting player 2 freeze to 905
[19:29:25.424] [SEVERE ] removing player 2 token from slot 3
[19:29:25.424] [SEVERE ] player 2 placing token on slot 4
[19:29:25.424] [SEVERE ] updating countdown to 19674
[19:29:25.424] [SEVERE ] setting player 1 freeze to 2872
[19:29:25.424] [SEVERE ] setting player 2 freeze to 0
[19:29:25.424] [SEVERE ] setting player 2 freeze to 3900
[19:29:25.424] [SEVERE ] setting player 1 freeze to 2872
[19:29:25.424] [SEVERE ] setting player 2 freeze to 3900
[19:29:25.424] [SEVERE ] updating countdown to 19674
[19:29:25.424] [SEVERE ] setting player 1 freeze to 2872
[19:29:25.424] [SEVERE ] setting player 2 freeze to 3900
[19:29:26.432] [SEVERE ] updating countdown to 18666
[19:29:26.432] [SEVERE ] setting player 1 freeze to 1864
[19:29:26.432] [SEVERE ] setting player 2 freeze to 2892
[19:29:26.432] [SEVERE ] updating countdown to 18666
[19:29:26.432] [SEVERE ] setting player 1 freeze to 1864
[19:29:26.432] [SEVERE ] setting player 2 freeze to 2892
[19:29:27.447] [SEVERE ] updating countdown to 17651
[19:29:27.447] [SEVERE ] setting player 1 freeze to 0
[19:29:27.447] [SEVERE ] setting player 2 freeze to 1877
[19:29:27.448] [SEVERE ] updating countdown to 17650
[19:29:27.448] [SEVERE ] setting player 2 freeze to 1876
[19:29:27.867] [SEVERE ] key 81 was pressed by player 1
[19:29:27.867] [SEVERE ] removing player 1 token from slot 0
[19:29:28.434] [SEVERE ] removing player 2 token from slot 8
[19:29:28.434] [SEVERE ] removing player 2 token from slot 1
[19:29:28.434] [SEVERE ] player 2 placing token on slot 2
[19:29:28.435] [SEVERE ] removing player 2 token from slot 4
[19:29:28.435] [SEVERE ] removing player 2 token from slot 2
[19:29:28.435] [SEVERE ] player 2 placing token on slot 3
[19:29:28.435] [SEVERE ] removing player 2 token from slot 3
[19:29:28.435] [SEVERE ] player 2 placing token on slot 8
[19:29:28.435] [SEVERE ] player 2 placing token on slot 10
[19:29:28.435] [SEVERE ] removing player 2 token from slot 8
[19:29:28.435] [SEVERE ] player 2 placing token on slot 6
[19:29:28.435] [SEVERE ] player 2 placing token on slot 1
[19:29:28.435] [SEVERE ] updating countdown to 16663
[19:29:28.435] [SEVERE ] setting player 2 freeze to 0
[19:29:28.435] [SEVERE ] setting player 2 freeze to 3900
[19:29:28.435] [SEVERE ] setting player 2 freeze to 3900
[19:29:28.435] [SEVERE ] updating countdown to 16663
[19:29:28.435] [SEVERE ] setting player 2 freeze to 3900
[19:29:28.454] [SEVERE ] key 87 was pressed by player 1
[19:29:28.455] [SEVERE ] removing player 1 token from slot 1
[19:29:29.072] [SEVERE ] key 69 was pressed by player 1
[19:29:29.072] [SEVERE ] removing player 1 token from slot 2
[19:29:29.436] [SEVERE ] updating countdown to 15662
[19:29:29.436] [SEVERE ] setting player 2 freeze to 2899
[19:29:29.436] [SEVERE ] key 87 was pressed by player 1
[19:29:29.436] [SEVERE ] player 1 placing token on slot 1
[19:29:29.436] [SEVERE ] updating countdown to 15662
[19:29:29.436] [SEVERE ] setting player 2 freeze to 2899
[19:29:29.720] [SEVERE ] key 81 was pressed by player 1
[19:29:29.720] [SEVERE ] player 1 placing token on slot 0
[19:29:29.909] [SEVERE ] key 87 was pressed by player 1
[19:29:29.909] [SEVERE ] removing player 1 token from slot 1
[19:29:30.050] [SEVERE ] key 69 was pressed by player 1
[19:29:30.050] [SEVERE ] player 1 placing token on slot 2
[19:29:30.440] [SEVERE ] updating countdown to 14658
[19:29:30.440] [SEVERE ] setting player 2 freeze to 1895
[19:29:30.440] [SEVERE ] updating countdown to 14658
[19:29:30.440] [SEVERE ] setting player 2 freeze to 1895
[19:29:30.440] [SEVERE ] key 69 was pressed by player 1
[19:29:30.440] [SEVERE ] removing player 1 token from slot 2
[19:29:30.482] [SEVERE ] key 81 was pressed by player 1
[19:29:30.482] [SEVERE ] removing player 1 token from slot 0
[19:29:30.656] [SEVERE ] key 87 was pressed by player 1
[19:29:30.656] [SEVERE ] player 1 placing token on slot 1
[19:29:30.764] [SEVERE ] key 69 was pressed by player 1
[19:29:30.764] [SEVERE ] player 1 placing token on slot 2
[19:29:31.445] [SEVERE ] updating countdown to 13653
[19:29:31.445] [SEVERE ] setting player 2 freeze to 0
[19:29:31.445] [SEVERE ] updating countdown to 13653
[19:29:31.445] [SEVERE ] removing player 2 token from slot 1
[19:29:31.445] [SEVERE ] player 2 placing token on slot 2
[19:29:31.445] [SEVERE ] updating countdown to 13653
[19:29:31.445] [SEVERE ] setting player 2 freeze to 3900
[19:29:31.445] [SEVERE ] setting player 2 freeze to 3900
[19:29:31.445] [SEVERE ] updating countdown to 13653
[19:29:31.445] [SEVERE ] setting player 2 freeze to 3900
[19:29:32.446] [SEVERE ] updating countdown to 12652
[19:29:32.446] [SEVERE ] setting player 2 freeze to 2899
[19:29:32.446] [SEVERE ] updating countdown to 12652
[19:29:32.446] [SEVERE ] setting player 2 freeze to 2899
[19:29:33.458] [SEVERE ] updating countdown to 11640
[19:29:33.458] [SEVERE ] setting player 2 freeze to 1887
[19:29:33.458] [SEVERE ] updating countdown to 11640
[19:29:33.458] [SEVERE ] setting player 2 freeze to 1887
[19:29:34.456] [SEVERE ] removing player 2 token from slot 10
[19:29:34.456] [SEVERE ] player 2 placing token on slot 1
[19:29:34.456] [SEVERE ] updating countdown to 10642
[19:29:34.457] [SEVERE ] setting player 2 freeze to 0
[19:29:34.457] [SEVERE ] setting player 2 freeze to 3900
[19:29:34.457] [SEVERE ] setting player 2 freeze to 3900
[19:29:34.457] [SEVERE ] updating countdown to 10641
[19:29:34.457] [SEVERE ] setting player 2 freeze to 3900
[19:29:35.464] [SEVERE ] updating countdown to 9634
[19:29:35.464] [SEVERE ] setting player 2 freeze to 2893
[19:29:35.464] [SEVERE ] updating countdown to 9634
[19:29:35.464] [SEVERE ] setting player 2 freeze to 2893
[19:29:36.464] [SEVERE ] updating countdown to 8634
[19:29:36.464] [SEVERE ] setting player 2 freeze to 1893
[19:29:36.464] [SEVERE ] updating countdown to 8634
[19:29:36.464] [SEVERE ] setting player 2 freeze to 1893
[19:29:37.462] [SEVERE ] removing player 2 token from slot 1
[19:29:37.462] [SEVERE ] removing player 2 token from slot 6
[19:29:37.462] [SEVERE ] player 2 placing token on slot 11
[19:29:37.462] [SEVERE ] player 2 placing token on slot 1
[19:29:37.462] [SEVERE ] updating countdown to 7636
[19:29:37.462] [SEVERE ] setting player 2 freeze to 0
[19:29:37.462] [SEVERE ] setting player 2 freeze to 3900
[19:29:37.462] [SEVERE ] setting player 2 freeze to 3900
[19:29:37.462] [SEVERE ] updating countdown to 7636
[19:29:37.462] [SEVERE ] setting player 2 freeze to 3900
[19:29:38.466] [SEVERE ] updating countdown to 6632
[19:29:38.466] [SEVERE ] setting player 2 freeze to 2896
[19:29:38.466] [SEVERE ] updating countdown to 6632
[19:29:38.466] [SEVERE ] setting player 2 freeze to 2896
[19:29:39.481] [SEVERE ] updating countdown to 5617
[19:29:39.481] [SEVERE ] setting player 2 freeze to 1881
[19:29:39.481] [SEVERE ] updating countdown to 5617
[19:29:39.481] [SEVERE ] setting player 2 freeze to 1881
[19:29:40.477] [SEVERE ] removing player 2 token from slot 11
[19:29:40.477] [SEVERE ] player 2 placing token on slot 8
[19:29:40.477] [SEVERE ] setting player 2 freeze to 0
[19:29:40.477] [SEVERE ] setting player 2 freeze to 3900
[19:29:40.477] [SEVERE ] setting player 2 freeze to 3900
[19:29:40.477] [SEVERE ] setting player 2 freeze to 3900
[19:29:41.483] [SEVERE ] setting player 2 freeze to 2894
[19:29:41.483] [SEVERE ] setting player 2 freeze to 2894
[19:29:42.499] [SEVERE ] setting player 2 freeze to 1878
[19:29:42.499] [SEVERE ] setting player 2 freeze to 1878
[19:29:43.482] [SEVERE ] removing player 2 token from slot 2
[19:29:43.482] [SEVERE ] player 2 placing token on slot 9
[19:29:43.482] [SEVERE ] setting player 2 freeze to 0
[19:29:43.482] [SEVERE ] setting player 2 freeze to 3900
[19:29:43.482] [SEVERE ] setting player 2 freeze to 3900
[19:29:43.482] [SEVERE ] setting player 2 freeze to 3900
[19:29:44.493] [SEVERE ] setting player 2 freeze to 2889
[19:29:44.493] [SEVERE ] setting player 2 freeze to 2889
[19:29:45.506] [SEVERE ] updating countdown to 60000
[19:29:45.506] [SEVERE ] setting player 2 freeze to 1876
[19:29:45.506] [SEVERE ] updating countdown to 60000
[19:29:45.506] [SEVERE ] setting player 2 freeze to 1876
[19:29:45.617] [SEVERE ] removing card from slot 0
[19:29:45.728] [SEVERE ] removing player 1 token from slot 1
[19:29:45.728] [SEVERE ] removing player 2 token from slot 1
[19:29:45.728] [SEVERE ] removing card from slot 1
[19:29:45.838] [SEVERE ] removing player 1 token from slot 2
[19:29:45.838] [SEVERE ] removing card from slot 2
[19:29:45.933] [SEVERE ] exit button pressed
[19:29:45.933] [INFO   ] thread computer-1 terminated.
[19:29:45.933] [INFO   ] thread Thread-0 terminated.
[19:29:45.933] [INFO   ] thread Thread-1 terminated.
[19:29:45.940] [SEVERE ] removing card from slot 3
[19:29:46.054] [SEVERE ] removing card from slot 4
[19:29:46.166] [SEVERE ] removing card from slot 5
[19:29:46.277] [SEVERE ] removing card from slot 6
[19:29:46.388] [SEVERE ] removing card from slot 7
[19:29:46.499] [SEVERE ] removing player 2 token from slot 8
[19:29:46.499] [SEVERE ] removing card from slot 8
[19:29:46.610] [SEVERE ] removing player 2 token from slot 9
[19:29:46.610] [SEVERE ] removing card from slot 9
[19:29:46.721] [SEVERE ] removing card from slot 10
[19:29:46.830] [SEVERE ] removing card from slot 11
[19:29:46.941] [SEVERE ] placing card 66 in slot 0
[19:29:47.052] [SEVERE ] placing card 31 in slot 1
[19:29:47.166] [SEVERE ] placing card 17 in slot 2
[19:29:47.276] [SEVERE ] placing card 30 in slot 3
[19:29:47.388] [SEVERE ] placing card 16 in slot 4
[19:29:47.499] [SEVERE ] placing card 34 in slot 5
[19:29:47.609] [SEVERE ] placing card 75 in slot 6
[19:29:47.719] [SEVERE ] placing card 32 in slot 7
[19:29:47.825] [SEVERE ] placing card 25 in slot 8
[19:29:47.938] [SEVERE ] placing card 3 in slot 9
[19:29:48.049] [SEVERE ] placing card 38 in slot 10
[19:29:48.159] [SEVERE ] placing card 39 in slot 11
[19:29:48.159] [SEVERE ] updating countdown to 57347
[19:29:48.159] [SEVERE ] setting player 2 freeze to 0
[19:29:48.159] [SEVERE ] updating countdown to 57347
[19:29:48.271] [SEVERE ] removing card from slot 0
[19:29:48.381] [SEVERE ] removing card from slot 1
[19:29:48.495] [SEVERE ] removing card from slot 2
[19:29:48.608] [SEVERE ] removing card from slot 3
[19:29:48.719] [SEVERE ] removing card from slot 4
[19:29:48.829] [SEVERE ] removing card from slot 5
[19:29:48.939] [SEVERE ] removing card from slot 6
[19:29:49.049] [SEVERE ] removing card from slot 7
[19:29:49.159] [SEVERE ] removing card from slot 8
[19:29:49.270] [SEVERE ] removing card from slot 9
[19:29:49.380] [SEVERE ] removing card from slot 10
[19:29:49.495] [SEVERE ] removing card from slot 11
[19:29:49.498] [SEVERE ] announcing winner(s): player 1, player 2
[19:29:49.498] [INFO   ] thread dealer terminated.
[19:29:49.502] [INFO   ] thread dealer terminated.
[19:29:49.502] [SEVERE ] thanks for playing... it was fun!
[19:29:49.502] [INFO   ] thread main terminated.
