[23:29:47.917] [INFO   ] thread main starting.
[23:29:47.931] [SEVERE ] cannot read configuration file config.properties trying from resources.
[23:29:47.934] [SEVERE ] configuration file was loaded from resources directory.
[23:29:48.298] [INFO   ] thread dealer starting.
[23:29:48.299] [INFO   ] thread dealer starting.
[23:29:48.299] [SEVERE ] updating countdown to 60000
[23:29:48.299] [INFO   ] thread Thread-0 starting.
[23:29:48.299] [INFO   ] thread Thread-1 starting.
[23:29:48.300] [INFO   ] thread computer-1 starting.
[23:29:48.414] [SEVERE ] updating countdown to 59885
[23:29:48.530] [SEVERE ] placing card 28 in slot 0
[23:29:48.634] [SEVERE ] placing card 75 in slot 1
[23:29:48.748] [SEVERE ] placing card 44 in slot 2
[23:29:48.850] [SEVERE ] placing card 12 in slot 3
[23:29:48.954] [SEVERE ] placing card 29 in slot 4
[23:29:49.054] [SEVERE ] placing card 80 in slot 5
[23:29:49.164] [SEVERE ] placing card 63 in slot 6
[23:29:49.274] [SEVERE ] placing card 59 in slot 7
[23:29:49.387] [SEVERE ] placing card 8 in slot 8
[23:29:49.488] [SEVERE ] placing card 0 in slot 9
[23:29:49.603] [SEVERE ] placing card 47 in slot 10
[23:29:49.705] [SEVERE ] placing card 57 in slot 11
[23:29:49.705] [SEVERE ] player 2 placing token on slot 0
[23:29:49.706] [SEVERE ] player 2 placing token on slot 7
[23:29:49.706] [SEVERE ] player 2 placing token on slot 3
[23:29:49.707] [SEVERE ] setting player 2 freeze to 3900
[23:29:49.707] [SEVERE ] setting player 2 freeze to 3900
[23:29:52.713] [SEVERE ] removing player 2 token from slot 3
[23:29:52.713] [SEVERE ] removing player 2 token from slot 7
[23:29:52.713] [SEVERE ] player 2 placing token on slot 6
[23:29:52.715] [SEVERE ] player 2 placing token on slot 5
[23:29:52.715] [SEVERE ] setting player 2 freeze to 3900
[23:29:52.715] [SEVERE ] setting player 2 freeze to 3900
[23:29:55.578] [SEVERE ] exit button pressed
[23:29:55.578] [SEVERE ] setting player 2 freeze to 1037
[23:29:55.578] [INFO   ] thread Thread-0 terminated.
[23:29:55.578] [INFO   ] thread computer-1 terminated.
[23:29:55.689] [SEVERE ] removing player 2 token from slot 0
[23:29:55.689] [SEVERE ] removing card from slot 0
[23:29:55.801] [SEVERE ] removing card from slot 1
[23:29:55.911] [SEVERE ] removing card from slot 2
[23:29:56.021] [SEVERE ] removing card from slot 3
[23:29:56.131] [SEVERE ] removing card from slot 4
[23:29:56.234] [SEVERE ] removing player 2 token from slot 5
[23:29:56.234] [SEVERE ] removing card from slot 5
[23:29:56.335] [SEVERE ] removing player 2 token from slot 6
[23:29:56.335] [SEVERE ] removing card from slot 6
[23:29:56.447] [SEVERE ] removing card from slot 7
[23:29:56.560] [SEVERE ] removing card from slot 8
[23:29:56.670] [SEVERE ] removing card from slot 9
[23:29:56.780] [SEVERE ] removing card from slot 10
[23:29:56.882] [SEVERE ] removing card from slot 11
[23:29:56.884] [SEVERE ] announcing winner(s): player 1, player 2
[23:29:56.885] [INFO   ] thread dealer terminated.
[23:29:56.885] [INFO   ] thread dealer terminated.
[23:29:56.885] [INFO   ] thread Thread-1 terminated.
[23:29:56.885] [SEVERE ] thanks for playing... it was fun!
[23:29:56.887] [INFO   ] thread main terminated.
