[23:54:03.843] [INFO   ] thread main starting.
[23:54:03.849] [SEVERE ] cannot read configuration file config.properties trying from resources.
[23:54:03.853] [SEVERE ] configuration file was loaded from resources directory.
[23:54:04.264] [INFO   ] thread dealer starting.
[23:54:04.266] [INFO   ] thread dealer starting.
[23:54:04.267] [SEVERE ] updating countdown to 9223370327265531541
[23:54:04.267] [INFO   ] thread Thread-1 starting.
[23:54:04.267] [INFO   ] thread Thread-0 starting.
[23:54:04.268] [INFO   ] thread computer-1 starting.
[23:54:04.385] [SEVERE ] placing card 22 in slot 0
[23:54:04.496] [SEVERE ] placing card 75 in slot 1
[23:54:04.606] [SEVERE ] placing card 79 in slot 2
[23:54:04.717] [SEVERE ] placing card 3 in slot 3
[23:54:04.829] [SEVERE ] placing card 76 in slot 4
[23:54:04.940] [SEVERE ] placing card 54 in slot 5
[23:54:05.050] [SEVERE ] placing card 46 in slot 6
[23:54:05.161] [SEVERE ] placing card 15 in slot 7
[23:54:05.273] [SEVERE ] placing card 35 in slot 8
[23:54:05.381] [SEVERE ] placing card 41 in slot 9
[23:54:05.492] [SEVERE ] placing card 18 in slot 10
[23:54:05.600] [SEVERE ] placing card 4 in slot 11
[23:54:05.600] [SEVERE ] player 2 placing token on slot 4
[23:54:05.601] [SEVERE ] player 2 placing token on slot 11
[23:54:05.601] [SEVERE ] removing player 2 token from slot 11
[23:54:05.601] [SEVERE ] player 2 placing token on slot 8
[23:54:05.601] [SEVERE ] player 2 placing token on slot 10
[23:54:05.608] [SEVERE ] updating countdown to 60000
[23:54:05.609] [SEVERE ] setting player 2 freeze to 3900
[23:54:06.608] [SEVERE ] updating countdown to 59000
[23:54:06.609] [SEVERE ] setting player 2 freeze to 2901
[23:54:06.620] [SEVERE ] exit button pressed
[23:54:06.620] [INFO   ] thread Thread-0 terminated.
[23:54:06.620] [INFO   ] thread computer-1 terminated.
[23:54:07.610] [SEVERE ] updating countdown to 57998
[23:54:07.611] [SEVERE ] setting player 2 freeze to 1898
[23:54:07.727] [SEVERE ] removing card from slot 0
[23:54:07.836] [SEVERE ] removing card from slot 1
[23:54:07.944] [SEVERE ] removing card from slot 2
[23:54:08.054] [SEVERE ] removing card from slot 3
[23:54:08.164] [SEVERE ] removing player 2 token from slot 4
[23:54:08.166] [SEVERE ] removing card from slot 4
[23:54:08.271] [SEVERE ] removing card from slot 5
[23:54:08.382] [SEVERE ] removing card from slot 6
[23:54:08.493] [SEVERE ] removing card from slot 7
[23:54:08.601] [SEVERE ] removing player 2 token from slot 8
[23:54:08.602] [SEVERE ] removing card from slot 8
[23:54:08.710] [SEVERE ] removing card from slot 9
[23:54:08.821] [SEVERE ] removing player 2 token from slot 10
[23:54:08.821] [SEVERE ] removing card from slot 10
[23:54:08.931] [SEVERE ] removing card from slot 11
[23:54:08.932] [SEVERE ] announcing winner(s): player 1, player 2
[23:54:08.933] [INFO   ] thread dealer terminated.
[23:54:08.933] [INFO   ] thread Thread-1 terminated.
[23:54:08.934] [INFO   ] thread dealer terminated.
[23:54:08.934] [SEVERE ] thanks for playing... it was fun!
[23:54:08.935] [INFO   ] thread main terminated.
