[21:06:14.419] [INFO   ] thread main starting.
[21:06:14.426] [SEVERE ] cannot read configuration file config.properties trying from resources.
[21:06:14.428] [SEVERE ] configuration file was loaded from resources directory.
[21:06:14.823] [INFO   ] thread dealer starting.
[21:06:14.823] [INFO   ] thread dealer starting.
[21:06:14.823] [SEVERE ] updating countdown to 60000
[21:06:14.823] [INFO   ] thread Thread-0 starting.
[21:06:14.823] [INFO   ] thread Thread-1 starting.
[21:06:14.823] [INFO   ] thread computer-1 starting.
[21:06:14.938] [SEVERE ] updating countdown to 59885
[21:06:15.056] [SEVERE ] placing card 10 in slot 0
[21:06:15.157] [SEVERE ] placing card 6 in slot 1
[21:06:15.271] [SEVERE ] placing card 65 in slot 2
[21:06:15.385] [SEVERE ] placing card 32 in slot 3
[21:06:15.488] [SEVERE ] placing card 17 in slot 4
[21:06:15.605] [SEVERE ] placing card 13 in slot 5
[21:06:15.708] [SEVERE ] placing card 77 in slot 6
[21:06:15.815] [SEVERE ] placing card 36 in slot 7
[21:06:15.925] [SEVERE ] placing card 64 in slot 8
[21:06:16.036] [SEVERE ] placing card 40 in slot 9
[21:06:16.139] [SEVERE ] placing card 48 in slot 10
[21:06:16.255] [SEVERE ] placing card 60 in slot 11
[21:06:16.255] [SEVERE ] player 2 placing token on slot 1
[21:06:16.256] [SEVERE ] player 2 placing token on slot 2
[21:06:16.256] [SEVERE ] player 2 placing token on slot 10
[21:06:16.257] [SEVERE ] updating countdown to 58566
[21:06:16.263] [SEVERE ] setting player 2 freeze to 3900
[21:06:16.263] [SEVERE ] setting player 2 freeze to 3900
[21:06:16.814] [SEVERE ] updating countdown to 58009
[21:06:16.814] [SEVERE ] setting player 2 freeze to 3349
[21:06:16.815] [SEVERE ] updating countdown to 58008
[21:06:16.816] [SEVERE ] setting player 2 freeze to 3347
[21:06:16.816] [SEVERE ] updating countdown to 58007
[21:06:16.817] [SEVERE ] setting player 2 freeze to 3346
[21:06:16.817] [SEVERE ] updating countdown to 58006
[21:06:16.817] [SEVERE ] setting player 2 freeze to 3346
[21:06:16.818] [SEVERE ] updating countdown to 58005
[21:06:16.818] [SEVERE ] setting player 2 freeze to 3345
[21:06:16.819] [SEVERE ] updating countdown to 58004
[21:06:16.819] [SEVERE ] setting player 2 freeze to 3344
[21:06:16.819] [SEVERE ] updating countdown to 58004
[21:06:16.820] [SEVERE ] setting player 2 freeze to 3343
[21:06:16.820] [SEVERE ] updating countdown to 58003
[21:06:16.820] [SEVERE ] setting player 2 freeze to 3343
[21:06:16.822] [SEVERE ] updating countdown to 58001
[21:06:16.822] [SEVERE ] setting player 2 freeze to 3341
[21:06:16.823] [SEVERE ] updating countdown to 58000
[21:06:16.823] [SEVERE ] setting player 2 freeze to 3340
[21:06:16.823] [SEVERE ] updating countdown to 58000
[21:06:16.824] [SEVERE ] setting player 2 freeze to 3339
[21:06:17.814] [SEVERE ] updating countdown to 57009
[21:06:17.814] [SEVERE ] setting player 2 freeze to 2349
[21:06:17.816] [SEVERE ] updating countdown to 57007
[21:06:17.816] [SEVERE ] setting player 2 freeze to 2347
[21:06:17.817] [SEVERE ] updating countdown to 57006
[21:06:17.817] [SEVERE ] setting player 2 freeze to 2346
[21:06:17.817] [SEVERE ] updating countdown to 57006
[21:06:17.817] [SEVERE ] setting player 2 freeze to 2346
[21:06:17.817] [SEVERE ] updating countdown to 57006
[21:06:17.818] [SEVERE ] setting player 2 freeze to 2345
[21:06:17.818] [SEVERE ] updating countdown to 57005
[21:06:17.818] [SEVERE ] setting player 2 freeze to 2345
[21:06:17.819] [SEVERE ] updating countdown to 57004
[21:06:17.819] [SEVERE ] setting player 2 freeze to 2344
[21:06:17.820] [SEVERE ] updating countdown to 57003
[21:06:17.820] [SEVERE ] setting player 2 freeze to 2343
[21:06:17.820] [SEVERE ] updating countdown to 57003
[21:06:17.820] [SEVERE ] setting player 2 freeze to 2343
[21:06:17.821] [SEVERE ] updating countdown to 57002
[21:06:17.821] [SEVERE ] setting player 2 freeze to 2342
[21:06:17.822] [SEVERE ] updating countdown to 57001
[21:06:17.822] [SEVERE ] setting player 2 freeze to 2341
[21:06:17.822] [SEVERE ] updating countdown to 57001
[21:06:17.822] [SEVERE ] setting player 2 freeze to 2341
[21:06:17.823] [SEVERE ] updating countdown to 57000
[21:06:17.823] [SEVERE ] setting player 2 freeze to 2340
[21:06:17.823] [SEVERE ] updating countdown to 57000
[21:06:17.824] [SEVERE ] setting player 2 freeze to 2339
[21:06:18.814] [SEVERE ] updating countdown to 56009
[21:06:18.814] [SEVERE ] setting player 2 freeze to 1349
[21:06:18.815] [SEVERE ] updating countdown to 56008
[21:06:18.815] [SEVERE ] setting player 2 freeze to 1348
[21:06:18.815] [SEVERE ] updating countdown to 56008
[21:06:18.815] [SEVERE ] setting player 2 freeze to 1348
[21:06:18.816] [SEVERE ] updating countdown to 56007
[21:06:18.816] [SEVERE ] setting player 2 freeze to 1347
[21:06:18.817] [SEVERE ] updating countdown to 56006
[21:06:18.818] [SEVERE ] setting player 2 freeze to 1345
[21:06:18.818] [SEVERE ] updating countdown to 56005
[21:06:18.818] [SEVERE ] setting player 2 freeze to 1345
[21:06:18.819] [SEVERE ] updating countdown to 56004
[21:06:18.819] [SEVERE ] setting player 2 freeze to 1344
[21:06:18.820] [SEVERE ] updating countdown to 56003
[21:06:18.820] [SEVERE ] setting player 2 freeze to 1343
[21:06:18.821] [SEVERE ] updating countdown to 56002
[21:06:18.821] [SEVERE ] setting player 2 freeze to 1342
[21:06:18.821] [SEVERE ] updating countdown to 56002
[21:06:18.821] [SEVERE ] setting player 2 freeze to 1342
[21:06:18.822] [SEVERE ] updating countdown to 56001
[21:06:18.822] [SEVERE ] setting player 2 freeze to 1341
[21:06:18.822] [SEVERE ] updating countdown to 56001
[21:06:18.822] [SEVERE ] setting player 2 freeze to 1341
[21:06:18.823] [SEVERE ] updating countdown to 56000
[21:06:18.823] [SEVERE ] setting player 2 freeze to 1340
[21:06:19.267] [SEVERE ] removing player 2 token from slot 1
[21:06:19.267] [SEVERE ] player 2 placing token on slot 4
[21:06:19.268] [SEVERE ] updating countdown to 55555
[21:06:19.268] [SEVERE ] setting player 2 freeze to 0
[21:06:19.268] [SEVERE ] setting player 2 freeze to 3900
[21:06:19.269] [SEVERE ] setting player 2 freeze to 3899
[21:06:19.814] [SEVERE ] updating countdown to 55009
[21:06:19.814] [SEVERE ] setting player 2 freeze to 3354
[21:06:19.815] [SEVERE ] updating countdown to 55008
[21:06:19.815] [SEVERE ] setting player 2 freeze to 3353
[21:06:19.815] [SEVERE ] updating countdown to 55008
[21:06:19.815] [SEVERE ] setting player 2 freeze to 3353
[21:06:19.816] [SEVERE ] updating countdown to 55007
[21:06:19.816] [SEVERE ] setting player 2 freeze to 3352
[21:06:19.816] [SEVERE ] updating countdown to 55007
[21:06:19.816] [SEVERE ] setting player 2 freeze to 3352
[21:06:19.817] [SEVERE ] updating countdown to 55006
[21:06:19.817] [SEVERE ] setting player 2 freeze to 3351
[21:06:19.817] [SEVERE ] updating countdown to 55006
[21:06:19.817] [SEVERE ] setting player 2 freeze to 3351
[21:06:19.818] [SEVERE ] updating countdown to 55005
[21:06:19.818] [SEVERE ] setting player 2 freeze to 3350
[21:06:19.818] [SEVERE ] updating countdown to 55005
[21:06:19.818] [SEVERE ] setting player 2 freeze to 3350
[21:06:19.819] [SEVERE ] updating countdown to 55004
[21:06:19.819] [SEVERE ] setting player 2 freeze to 3349
[21:06:19.819] [SEVERE ] updating countdown to 55004
[21:06:19.819] [SEVERE ] setting player 2 freeze to 3349
[21:06:19.820] [SEVERE ] updating countdown to 55003
[21:06:19.820] [SEVERE ] setting player 2 freeze to 3348
[21:06:19.820] [SEVERE ] updating countdown to 55003
[21:06:19.820] [SEVERE ] setting player 2 freeze to 3348
[21:06:19.821] [SEVERE ] updating countdown to 55003
[21:06:19.821] [SEVERE ] setting player 2 freeze to 3347
[21:06:19.821] [SEVERE ] updating countdown to 55002
[21:06:19.821] [SEVERE ] setting player 2 freeze to 3347
[21:06:19.821] [SEVERE ] updating countdown to 55002
[21:06:19.821] [SEVERE ] setting player 2 freeze to 3347
[21:06:19.821] [SEVERE ] updating countdown to 55002
[21:06:19.821] [SEVERE ] setting player 2 freeze to 3347
[21:06:19.822] [SEVERE ] updating countdown to 55001
[21:06:19.822] [SEVERE ] setting player 2 freeze to 3346
[21:06:19.822] [SEVERE ] updating countdown to 55001
[21:06:19.822] [SEVERE ] setting player 2 freeze to 3346
[21:06:19.822] [SEVERE ] updating countdown to 55001
[21:06:19.822] [SEVERE ] setting player 2 freeze to 3346
[21:06:19.823] [SEVERE ] updating countdown to 55000
[21:06:19.823] [SEVERE ] setting player 2 freeze to 3345
[21:06:19.823] [SEVERE ] updating countdown to 55000
[21:06:19.823] [SEVERE ] setting player 2 freeze to 3345
[21:06:20.813] [SEVERE ] updating countdown to 54010
[21:06:20.813] [SEVERE ] setting player 2 freeze to 2355
[21:06:20.814] [SEVERE ] updating countdown to 54009
[21:06:20.814] [SEVERE ] setting player 2 freeze to 2354
[21:06:20.815] [SEVERE ] updating countdown to 54008
[21:06:20.815] [SEVERE ] setting player 2 freeze to 2353
[21:06:20.815] [SEVERE ] updating countdown to 54008
[21:06:20.815] [SEVERE ] setting player 2 freeze to 2353
[21:06:20.815] [SEVERE ] updating countdown to 54008
[21:06:20.816] [SEVERE ] setting player 2 freeze to 2352
[21:06:20.816] [SEVERE ] updating countdown to 54007
[21:06:20.816] [SEVERE ] setting player 2 freeze to 2352
[21:06:20.816] [SEVERE ] updating countdown to 54007
[21:06:20.816] [SEVERE ] setting player 2 freeze to 2352
[21:06:20.817] [SEVERE ] updating countdown to 54006
[21:06:20.817] [SEVERE ] setting player 2 freeze to 2351
[21:06:20.817] [SEVERE ] updating countdown to 54006
[21:06:20.817] [SEVERE ] setting player 2 freeze to 2351
[21:06:20.817] [SEVERE ] updating countdown to 54006
[21:06:20.817] [SEVERE ] setting player 2 freeze to 2351
[21:06:20.818] [SEVERE ] updating countdown to 54005
[21:06:20.818] [SEVERE ] setting player 2 freeze to 2350
[21:06:20.818] [SEVERE ] updating countdown to 54005
[21:06:20.818] [SEVERE ] setting player 2 freeze to 2350
[21:06:20.818] [SEVERE ] updating countdown to 54005
[21:06:20.818] [SEVERE ] setting player 2 freeze to 2350
[21:06:20.818] [SEVERE ] updating countdown to 54005
[21:06:20.818] [SEVERE ] setting player 2 freeze to 2350
[21:06:20.819] [SEVERE ] updating countdown to 54004
[21:06:20.819] [SEVERE ] setting player 2 freeze to 2349
[21:06:20.819] [SEVERE ] updating countdown to 54004
[21:06:20.819] [SEVERE ] setting player 2 freeze to 2349
[21:06:20.819] [SEVERE ] updating countdown to 54004
[21:06:20.819] [SEVERE ] setting player 2 freeze to 2349
[21:06:20.820] [SEVERE ] updating countdown to 54004
[21:06:20.820] [SEVERE ] setting player 2 freeze to 2348
[21:06:20.820] [SEVERE ] updating countdown to 54003
[21:06:20.820] [SEVERE ] setting player 2 freeze to 2348
[21:06:20.821] [SEVERE ] updating countdown to 54002
[21:06:20.821] [SEVERE ] setting player 2 freeze to 2347
[21:06:20.821] [SEVERE ] updating countdown to 54002
[21:06:20.821] [SEVERE ] setting player 2 freeze to 2347
[21:06:20.821] [SEVERE ] updating countdown to 54002
[21:06:20.822] [SEVERE ] setting player 2 freeze to 2346
[21:06:20.822] [SEVERE ] updating countdown to 54001
[21:06:20.822] [SEVERE ] setting player 2 freeze to 2346
[21:06:20.822] [SEVERE ] updating countdown to 54001
[21:06:20.822] [SEVERE ] setting player 2 freeze to 2346
[21:06:20.823] [SEVERE ] updating countdown to 54000
[21:06:20.823] [SEVERE ] setting player 2 freeze to 2345
[21:06:20.823] [SEVERE ] updating countdown to 54000
[21:06:20.823] [SEVERE ] setting player 2 freeze to 2345
[21:06:21.814] [SEVERE ] updating countdown to 53009
[21:06:21.815] [SEVERE ] setting player 2 freeze to 1353
[21:06:21.815] [SEVERE ] updating countdown to 53008
[21:06:21.815] [SEVERE ] setting player 2 freeze to 1353
[21:06:21.816] [SEVERE ] updating countdown to 53007
[21:06:21.816] [SEVERE ] setting player 2 freeze to 1352
[21:06:21.816] [SEVERE ] updating countdown to 53007
[21:06:21.816] [SEVERE ] setting player 2 freeze to 1352
[21:06:21.817] [SEVERE ] updating countdown to 53007
[21:06:21.817] [SEVERE ] setting player 2 freeze to 1351
[21:06:21.817] [SEVERE ] updating countdown to 53006
[21:06:21.817] [SEVERE ] setting player 2 freeze to 1351
[21:06:21.817] [SEVERE ] updating countdown to 53006
[21:06:21.817] [SEVERE ] setting player 2 freeze to 1351
[21:06:21.818] [SEVERE ] updating countdown to 53005
[21:06:21.818] [SEVERE ] setting player 2 freeze to 1350
[21:06:21.818] [SEVERE ] updating countdown to 53005
[21:06:21.818] [SEVERE ] setting player 2 freeze to 1350
[21:06:21.818] [SEVERE ] updating countdown to 53005
[21:06:21.818] [SEVERE ] setting player 2 freeze to 1350
[21:06:21.819] [SEVERE ] updating countdown to 53004
[21:06:21.819] [SEVERE ] setting player 2 freeze to 1349
[21:06:21.819] [SEVERE ] updating countdown to 53004
[21:06:21.819] [SEVERE ] setting player 2 freeze to 1349
[21:06:21.819] [SEVERE ] updating countdown to 53004
[21:06:21.819] [SEVERE ] setting player 2 freeze to 1349
[21:06:21.820] [SEVERE ] updating countdown to 53003
[21:06:21.820] [SEVERE ] setting player 2 freeze to 1348
[21:06:21.820] [SEVERE ] updating countdown to 53003
[21:06:21.820] [SEVERE ] setting player 2 freeze to 1348
[21:06:21.820] [SEVERE ] updating countdown to 53003
[21:06:21.821] [SEVERE ] setting player 2 freeze to 1347
[21:06:21.821] [SEVERE ] updating countdown to 53002
[21:06:21.821] [SEVERE ] setting player 2 freeze to 1347
[21:06:21.821] [SEVERE ] updating countdown to 53002
[21:06:21.821] [SEVERE ] setting player 2 freeze to 1347
[21:06:21.822] [SEVERE ] updating countdown to 53001
[21:06:21.822] [SEVERE ] setting player 2 freeze to 1346
[21:06:21.822] [SEVERE ] updating countdown to 53001
[21:06:21.822] [SEVERE ] setting player 2 freeze to 1346
[21:06:21.822] [SEVERE ] updating countdown to 53001
[21:06:21.822] [SEVERE ] setting player 2 freeze to 1346
[21:06:21.823] [SEVERE ] updating countdown to 53000
[21:06:21.823] [SEVERE ] setting player 2 freeze to 1345
[21:06:21.823] [SEVERE ] updating countdown to 53000
[21:06:21.823] [SEVERE ] setting player 2 freeze to 1345
[21:06:22.270] [SEVERE ] removing player 2 token from slot 4
[21:06:22.270] [SEVERE ] removing player 2 token from slot 2
[21:06:22.270] [SEVERE ] player 2 placing token on slot 6
[21:06:22.270] [SEVERE ] player 2 placing token on slot 5
[21:06:22.270] [SEVERE ] updating countdown to 52553
[21:06:22.271] [SEVERE ] setting player 2 freeze to 0
[21:06:22.271] [SEVERE ] setting player 2 freeze to 3900
[21:06:22.271] [SEVERE ] setting player 2 freeze to 3900
[21:06:22.813] [SEVERE ] updating countdown to 52010
[21:06:22.813] [SEVERE ] setting player 2 freeze to 3358
[21:06:22.813] [SEVERE ] updating countdown to 52010
[21:06:22.813] [SEVERE ] setting player 2 freeze to 3358
[21:06:22.813] [SEVERE ] updating countdown to 52010
[21:06:22.813] [SEVERE ] setting player 2 freeze to 3358
[21:06:22.814] [SEVERE ] updating countdown to 52009
[21:06:22.814] [SEVERE ] setting player 2 freeze to 3357
[21:06:22.814] [SEVERE ] updating countdown to 52009
[21:06:22.814] [SEVERE ] setting player 2 freeze to 3357
[21:06:22.814] [SEVERE ] updating countdown to 52009
[21:06:22.814] [SEVERE ] setting player 2 freeze to 3357
[21:06:22.815] [SEVERE ] updating countdown to 52008
[21:06:22.815] [SEVERE ] setting player 2 freeze to 3356
[21:06:22.815] [SEVERE ] updating countdown to 52008
[21:06:22.815] [SEVERE ] setting player 2 freeze to 3356
[21:06:22.815] [SEVERE ] updating countdown to 52008
[21:06:22.815] [SEVERE ] setting player 2 freeze to 3356
[21:06:22.816] [SEVERE ] updating countdown to 52007
[21:06:22.816] [SEVERE ] setting player 2 freeze to 3355
[21:06:22.816] [SEVERE ] updating countdown to 52007
[21:06:22.816] [SEVERE ] setting player 2 freeze to 3355
[21:06:22.816] [SEVERE ] updating countdown to 52007
[21:06:22.816] [SEVERE ] setting player 2 freeze to 3355
[21:06:22.816] [SEVERE ] updating countdown to 52007
[21:06:22.816] [SEVERE ] setting player 2 freeze to 3355
[21:06:22.817] [SEVERE ] updating countdown to 52006
[21:06:22.817] [SEVERE ] setting player 2 freeze to 3354
[21:06:22.817] [SEVERE ] updating countdown to 52006
[21:06:22.817] [SEVERE ] setting player 2 freeze to 3354
[21:06:22.818] [SEVERE ] updating countdown to 52005
[21:06:22.818] [SEVERE ] setting player 2 freeze to 3353
[21:06:22.818] [SEVERE ] updating countdown to 52005
[21:06:22.818] [SEVERE ] setting player 2 freeze to 3353
[21:06:22.819] [SEVERE ] updating countdown to 52004
[21:06:22.819] [SEVERE ] setting player 2 freeze to 3352
[21:06:22.819] [SEVERE ] updating countdown to 52004
[21:06:22.819] [SEVERE ] setting player 2 freeze to 3352
[21:06:22.819] [SEVERE ] updating countdown to 52004
[21:06:22.819] [SEVERE ] setting player 2 freeze to 3352
[21:06:22.820] [SEVERE ] updating countdown to 52003
[21:06:22.820] [SEVERE ] setting player 2 freeze to 3351
[21:06:22.820] [SEVERE ] updating countdown to 52003
[21:06:22.820] [SEVERE ] setting player 2 freeze to 3351
[21:06:22.820] [SEVERE ] updating countdown to 52003
[21:06:22.820] [SEVERE ] setting player 2 freeze to 3351
[21:06:22.820] [SEVERE ] updating countdown to 52003
[21:06:22.821] [SEVERE ] setting player 2 freeze to 3350
[21:06:22.821] [SEVERE ] updating countdown to 52002
[21:06:22.821] [SEVERE ] setting player 2 freeze to 3350
[21:06:22.821] [SEVERE ] updating countdown to 52002
[21:06:22.821] [SEVERE ] setting player 2 freeze to 3350
[21:06:22.821] [SEVERE ] updating countdown to 52002
[21:06:22.821] [SEVERE ] setting player 2 freeze to 3350
[21:06:22.822] [SEVERE ] updating countdown to 52001
[21:06:22.822] [SEVERE ] setting player 2 freeze to 3349
[21:06:22.822] [SEVERE ] updating countdown to 52001
[21:06:22.822] [SEVERE ] setting player 2 freeze to 3349
[21:06:22.823] [SEVERE ] updating countdown to 52000
[21:06:22.823] [SEVERE ] setting player 2 freeze to 3348
[21:06:23.814] [SEVERE ] updating countdown to 51009
[21:06:23.814] [SEVERE ] setting player 2 freeze to 2357
[21:06:23.814] [SEVERE ] updating countdown to 51009
[21:06:23.814] [SEVERE ] setting player 2 freeze to 2357
[21:06:23.815] [SEVERE ] updating countdown to 51008
[21:06:23.815] [SEVERE ] setting player 2 freeze to 2356
[21:06:23.815] [SEVERE ] updating countdown to 51008
[21:06:23.815] [SEVERE ] setting player 2 freeze to 2356
[21:06:23.815] [SEVERE ] updating countdown to 51008
[21:06:23.815] [SEVERE ] setting player 2 freeze to 2356
[21:06:23.816] [SEVERE ] updating countdown to 51007
[21:06:23.816] [SEVERE ] setting player 2 freeze to 2355
[21:06:23.816] [SEVERE ] updating countdown to 51007
[21:06:23.816] [SEVERE ] setting player 2 freeze to 2355
[21:06:23.816] [SEVERE ] updating countdown to 51007
[21:06:23.816] [SEVERE ] setting player 2 freeze to 2355
[21:06:23.817] [SEVERE ] updating countdown to 51006
[21:06:23.817] [SEVERE ] setting player 2 freeze to 2354
[21:06:23.817] [SEVERE ] updating countdown to 51006
[21:06:23.817] [SEVERE ] setting player 2 freeze to 2354
[21:06:23.817] [SEVERE ] updating countdown to 51006
[21:06:23.817] [SEVERE ] setting player 2 freeze to 2354
[21:06:23.818] [SEVERE ] updating countdown to 51005
[21:06:23.818] [SEVERE ] setting player 2 freeze to 2353
[21:06:23.818] [SEVERE ] updating countdown to 51005
[21:06:23.818] [SEVERE ] setting player 2 freeze to 2353
[21:06:23.818] [SEVERE ] updating countdown to 51005
[21:06:23.818] [SEVERE ] setting player 2 freeze to 2353
[21:06:23.818] [SEVERE ] updating countdown to 51005
[21:06:23.818] [SEVERE ] setting player 2 freeze to 2353
[21:06:23.819] [SEVERE ] updating countdown to 51004
[21:06:23.819] [SEVERE ] setting player 2 freeze to 2352
[21:06:23.819] [SEVERE ] updating countdown to 51004
[21:06:23.819] [SEVERE ] setting player 2 freeze to 2352
[21:06:23.820] [SEVERE ] updating countdown to 51003
[21:06:23.820] [SEVERE ] setting player 2 freeze to 2351
[21:06:23.820] [SEVERE ] updating countdown to 51003
[21:06:23.820] [SEVERE ] setting player 2 freeze to 2351
[21:06:23.820] [SEVERE ] updating countdown to 51003
[21:06:23.820] [SEVERE ] setting player 2 freeze to 2351
[21:06:23.820] [SEVERE ] updating countdown to 51003
[21:06:23.821] [SEVERE ] setting player 2 freeze to 2350
[21:06:23.821] [SEVERE ] updating countdown to 51002
[21:06:23.821] [SEVERE ] setting player 2 freeze to 2350
[21:06:23.821] [SEVERE ] updating countdown to 51002
[21:06:23.821] [SEVERE ] setting player 2 freeze to 2350
[21:06:23.822] [SEVERE ] updating countdown to 51001
[21:06:23.822] [SEVERE ] setting player 2 freeze to 2349
[21:06:23.822] [SEVERE ] updating countdown to 51001
[21:06:23.822] [SEVERE ] setting player 2 freeze to 2349
[21:06:23.822] [SEVERE ] updating countdown to 51001
[21:06:23.822] [SEVERE ] setting player 2 freeze to 2349
[21:06:23.823] [SEVERE ] updating countdown to 51000
[21:06:23.823] [SEVERE ] setting player 2 freeze to 2348
[21:06:23.824] [SEVERE ] updating countdown to 50999
[21:06:23.824] [SEVERE ] setting player 2 freeze to 2347
[21:06:24.815] [SEVERE ] updating countdown to 50008
[21:06:24.815] [SEVERE ] setting player 2 freeze to 1356
[21:06:24.815] [SEVERE ] updating countdown to 50008
[21:06:24.815] [SEVERE ] setting player 2 freeze to 1356
[21:06:24.817] [SEVERE ] updating countdown to 50006
[21:06:24.818] [SEVERE ] setting player 2 freeze to 1353
[21:06:24.818] [SEVERE ] updating countdown to 50005
[21:06:24.818] [SEVERE ] setting player 2 freeze to 1353
[21:06:24.818] [SEVERE ] updating countdown to 50005
[21:06:24.818] [SEVERE ] setting player 2 freeze to 1353
[21:06:24.818] [SEVERE ] updating countdown to 50005
[21:06:24.818] [SEVERE ] setting player 2 freeze to 1353
[21:06:24.818] [SEVERE ] updating countdown to 50005
[21:06:24.818] [SEVERE ] setting player 2 freeze to 1353
[21:06:24.819] [SEVERE ] updating countdown to 50004
[21:06:24.819] [SEVERE ] setting player 2 freeze to 1352
[21:06:24.819] [SEVERE ] updating countdown to 50004
[21:06:24.819] [SEVERE ] setting player 2 freeze to 1352
[21:06:24.819] [SEVERE ] updating countdown to 50004
[21:06:24.819] [SEVERE ] setting player 2 freeze to 1352
[21:06:24.820] [SEVERE ] updating countdown to 50003
[21:06:24.820] [SEVERE ] setting player 2 freeze to 1351
[21:06:24.820] [SEVERE ] updating countdown to 50003
[21:06:24.820] [SEVERE ] setting player 2 freeze to 1351
[21:06:24.820] [SEVERE ] updating countdown to 50003
[21:06:24.820] [SEVERE ] setting player 2 freeze to 1351
[21:06:24.821] [SEVERE ] updating countdown to 50002
[21:06:24.821] [SEVERE ] setting player 2 freeze to 1350
[21:06:24.821] [SEVERE ] updating countdown to 50002
[21:06:24.821] [SEVERE ] setting player 2 freeze to 1350
[21:06:24.821] [SEVERE ] updating countdown to 50002
[21:06:24.821] [SEVERE ] setting player 2 freeze to 1350
[21:06:24.821] [SEVERE ] updating countdown to 50002
[21:06:24.822] [SEVERE ] setting player 2 freeze to 1349
[21:06:24.822] [SEVERE ] updating countdown to 50001
[21:06:24.822] [SEVERE ] setting player 2 freeze to 1349
[21:06:24.822] [SEVERE ] updating countdown to 50001
[21:06:24.822] [SEVERE ] setting player 2 freeze to 1349
[21:06:24.823] [SEVERE ] updating countdown to 50000
[21:06:24.823] [SEVERE ] setting player 2 freeze to 1348
[21:06:24.823] [SEVERE ] updating countdown to 50000
[21:06:24.823] [SEVERE ] setting player 2 freeze to 1348
[21:06:24.824] [SEVERE ] updating countdown to 49999
[21:06:24.824] [SEVERE ] setting player 2 freeze to 1347
[21:06:25.286] [SEVERE ] removing player 2 token from slot 10
[21:06:25.286] [SEVERE ] player 2 placing token on slot 2
[21:06:25.286] [SEVERE ] updating countdown to 49537
[21:06:25.287] [SEVERE ] setting player 2 freeze to 0
[21:06:25.287] [SEVERE ] setting player 2 freeze to 3900
[21:06:25.287] [SEVERE ] setting player 2 freeze to 3900
[21:06:25.814] [SEVERE ] updating countdown to 49009
[21:06:25.814] [SEVERE ] setting player 2 freeze to 3373
[21:06:25.814] [SEVERE ] updating countdown to 49009
[21:06:25.814] [SEVERE ] setting player 2 freeze to 3373
[21:06:25.814] [SEVERE ] updating countdown to 49009
[21:06:25.814] [SEVERE ] setting player 2 freeze to 3373
[21:06:25.814] [SEVERE ] updating countdown to 49009
[21:06:25.814] [SEVERE ] setting player 2 freeze to 3373
[21:06:25.815] [SEVERE ] updating countdown to 49008
[21:06:25.815] [SEVERE ] setting player 2 freeze to 3372
[21:06:25.815] [SEVERE ] updating countdown to 49008
[21:06:25.815] [SEVERE ] setting player 2 freeze to 3372
[21:06:25.815] [SEVERE ] updating countdown to 49008
[21:06:25.815] [SEVERE ] setting player 2 freeze to 3372
[21:06:25.816] [SEVERE ] updating countdown to 49007
[21:06:25.816] [SEVERE ] setting player 2 freeze to 3371
[21:06:25.816] [SEVERE ] updating countdown to 49007
[21:06:25.816] [SEVERE ] setting player 2 freeze to 3371
[21:06:25.816] [SEVERE ] updating countdown to 49007
[21:06:25.816] [SEVERE ] setting player 2 freeze to 3371
[21:06:25.816] [SEVERE ] updating countdown to 49007
[21:06:25.817] [SEVERE ] setting player 2 freeze to 3370
[21:06:25.817] [SEVERE ] updating countdown to 49006
[21:06:25.817] [SEVERE ] setting player 2 freeze to 3370
[21:06:25.817] [SEVERE ] updating countdown to 49006
[21:06:25.817] [SEVERE ] setting player 2 freeze to 3370
[21:06:25.817] [SEVERE ] updating countdown to 49006
[21:06:25.817] [SEVERE ] setting player 2 freeze to 3370
[21:06:25.817] [SEVERE ] updating countdown to 49006
[21:06:25.817] [SEVERE ] setting player 2 freeze to 3370
[21:06:25.817] [SEVERE ] updating countdown to 49006
[21:06:25.818] [SEVERE ] setting player 2 freeze to 3369
[21:06:25.818] [SEVERE ] updating countdown to 49005
[21:06:25.818] [SEVERE ] setting player 2 freeze to 3369
[21:06:25.818] [SEVERE ] updating countdown to 49005
[21:06:25.818] [SEVERE ] setting player 2 freeze to 3369
[21:06:25.818] [SEVERE ] updating countdown to 49005
[21:06:25.818] [SEVERE ] setting player 2 freeze to 3369
[21:06:25.818] [SEVERE ] updating countdown to 49005
[21:06:25.818] [SEVERE ] setting player 2 freeze to 3369
[21:06:25.818] [SEVERE ] updating countdown to 49005
[21:06:25.818] [SEVERE ] setting player 2 freeze to 3369
[21:06:25.818] [SEVERE ] updating countdown to 49005
[21:06:25.818] [SEVERE ] setting player 2 freeze to 3369
[21:06:25.819] [SEVERE ] updating countdown to 49004
[21:06:25.819] [SEVERE ] setting player 2 freeze to 3368
[21:06:25.819] [SEVERE ] updating countdown to 49004
[21:06:25.819] [SEVERE ] setting player 2 freeze to 3368
[21:06:25.819] [SEVERE ] updating countdown to 49004
[21:06:25.819] [SEVERE ] setting player 2 freeze to 3368
[21:06:25.819] [SEVERE ] updating countdown to 49004
[21:06:25.819] [SEVERE ] setting player 2 freeze to 3368
[21:06:25.819] [SEVERE ] updating countdown to 49004
[21:06:25.819] [SEVERE ] setting player 2 freeze to 3368
[21:06:25.819] [SEVERE ] updating countdown to 49004
[21:06:25.819] [SEVERE ] setting player 2 freeze to 3368
[21:06:25.820] [SEVERE ] updating countdown to 49003
[21:06:25.820] [SEVERE ] setting player 2 freeze to 3367
[21:06:25.820] [SEVERE ] updating countdown to 49003
[21:06:25.820] [SEVERE ] setting player 2 freeze to 3367
[21:06:25.820] [SEVERE ] updating countdown to 49003
[21:06:25.820] [SEVERE ] setting player 2 freeze to 3367
[21:06:25.820] [SEVERE ] updating countdown to 49003
[21:06:25.820] [SEVERE ] setting player 2 freeze to 3367
[21:06:25.820] [SEVERE ] updating countdown to 49003
[21:06:25.820] [SEVERE ] setting player 2 freeze to 3367
[21:06:25.821] [SEVERE ] updating countdown to 49002
[21:06:25.821] [SEVERE ] setting player 2 freeze to 3366
[21:06:25.821] [SEVERE ] updating countdown to 49002
[21:06:25.821] [SEVERE ] setting player 2 freeze to 3366
[21:06:25.821] [SEVERE ] updating countdown to 49002
[21:06:25.821] [SEVERE ] setting player 2 freeze to 3366
[21:06:25.821] [SEVERE ] updating countdown to 49002
[21:06:25.821] [SEVERE ] setting player 2 freeze to 3366
[21:06:25.822] [SEVERE ] updating countdown to 49001
[21:06:25.822] [SEVERE ] setting player 2 freeze to 3365
[21:06:25.822] [SEVERE ] updating countdown to 49001
[21:06:25.822] [SEVERE ] setting player 2 freeze to 3365
[21:06:25.822] [SEVERE ] updating countdown to 49001
[21:06:25.822] [SEVERE ] setting player 2 freeze to 3365
[21:06:25.822] [SEVERE ] updating countdown to 49001
[21:06:25.823] [SEVERE ] setting player 2 freeze to 3364
[21:06:25.823] [SEVERE ] updating countdown to 49000
[21:06:25.823] [SEVERE ] setting player 2 freeze to 3364
[21:06:25.823] [SEVERE ] updating countdown to 49000
[21:06:25.823] [SEVERE ] setting player 2 freeze to 3364
[21:06:25.825] [SEVERE ] updating countdown to 48998
[21:06:25.826] [SEVERE ] setting player 2 freeze to 3361
[21:06:26.431] [SEVERE ] exit button pressed
[21:06:26.431] [INFO   ] thread Thread-0 terminated.
[21:06:26.431] [INFO   ] thread computer-1 terminated.
[21:06:26.815] [SEVERE ] updating countdown to 48008
[21:06:26.816] [SEVERE ] setting player 2 freeze to 2371
[21:06:26.816] [SEVERE ] updating countdown to 48007
[21:06:26.816] [SEVERE ] setting player 2 freeze to 2371
[21:06:26.917] [SEVERE ] removing card from slot 0
[21:06:27.031] [SEVERE ] removing card from slot 1
[21:06:27.142] [SEVERE ] removing player 2 token from slot 2
[21:06:27.142] [SEVERE ] removing card from slot 2
[21:06:27.264] [SEVERE ] removing card from slot 3
[21:06:27.373] [SEVERE ] removing card from slot 4
[21:06:27.475] [SEVERE ] removing player 2 token from slot 5
[21:06:27.475] [SEVERE ] removing card from slot 5
[21:06:27.589] [SEVERE ] removing player 2 token from slot 6
[21:06:27.589] [SEVERE ] removing card from slot 6
[21:06:27.689] [SEVERE ] removing card from slot 7
[21:06:27.792] [SEVERE ] removing card from slot 8
[21:06:27.906] [SEVERE ] removing card from slot 9
[21:06:28.021] [SEVERE ] removing card from slot 10
[21:06:28.123] [SEVERE ] removing card from slot 11
[21:06:28.123] [SEVERE ] announcing winner(s): player 1, player 2
[21:06:28.123] [INFO   ] thread dealer terminated.
[21:06:28.123] [INFO   ] thread Thread-1 terminated.
[21:06:28.123] [INFO   ] thread dealer terminated.
[21:06:28.123] [SEVERE ] thanks for playing... it was fun!
[21:06:28.131] [INFO   ] thread main terminated.
