[23:30:34.343] [INFO   ] thread main starting.
[23:30:34.352] [SEVERE ] cannot read configuration file config.properties trying from resources.
[23:30:34.354] [SEVERE ] configuration file was loaded from resources directory.
[23:30:34.707] [INFO   ] thread dealer starting.
[23:30:34.707] [INFO   ] thread dealer starting.
[23:30:34.708] [SEVERE ] updating countdown to 60000
[23:30:34.708] [INFO   ] thread Thread-0 starting.
[23:30:34.708] [INFO   ] thread Thread-1 starting.
[23:30:34.709] [INFO   ] thread computer-1 starting.
[23:30:34.821] [SEVERE ] updating countdown to 59887
[23:30:34.930] [SEVERE ] placing card 56 in slot 0
[23:30:35.033] [SEVERE ] placing card 65 in slot 1
[23:30:35.136] [SEVERE ] placing card 73 in slot 2
[23:30:35.244] [SEVERE ] placing card 16 in slot 3
[23:30:35.354] [SEVERE ] placing card 1 in slot 4
[23:30:35.464] [SEVERE ] placing card 4 in slot 5
[23:30:35.574] [SEVERE ] placing card 53 in slot 6
[23:30:35.685] [SEVERE ] placing card 38 in slot 7
[23:30:35.795] [SEVERE ] placing card 23 in slot 8
[23:30:35.906] [SEVERE ] placing card 64 in slot 9
[23:30:36.016] [SEVERE ] placing card 68 in slot 10
[23:30:36.125] [SEVERE ] placing card 80 in slot 11
[23:30:36.125] [SEVERE ] player 2 placing token on slot 2
[23:30:36.125] [SEVERE ] player 2 placing token on slot 9
[23:30:36.125] [SEVERE ] player 2 placing token on slot 0
[23:30:36.125] [SEVERE ] setting player 2 freeze to 3900
[23:30:36.125] [SEVERE ] setting player 2 freeze to 3900
[23:30:39.132] [SEVERE ] removing player 2 token from slot 2
[23:30:39.132] [SEVERE ] removing player 2 token from slot 9
[23:30:39.132] [SEVERE ] player 2 placing token on slot 2
[23:30:39.132] [SEVERE ] player 2 placing token on slot 5
[23:30:39.133] [SEVERE ] setting player 2 freeze to 3900
[23:30:39.133] [SEVERE ] setting player 2 freeze to 3900
[23:30:39.946] [SEVERE ] exit button pressed
[23:30:39.946] [INFO   ] thread computer-1 terminated.
[23:30:39.946] [INFO   ] thread Thread-0 terminated.
[23:30:39.946] [SEVERE ] setting player 2 freeze to 3087
[23:30:40.048] [SEVERE ] removing player 2 token from slot 0
[23:30:40.048] [SEVERE ] removing card from slot 0
[23:30:40.151] [SEVERE ] removing card from slot 1
[23:30:40.261] [SEVERE ] removing player 2 token from slot 2
[23:30:40.261] [SEVERE ] removing card from slot 2
[23:30:40.371] [SEVERE ] removing card from slot 3
[23:30:40.473] [SEVERE ] removing card from slot 4
[23:30:40.582] [SEVERE ] removing player 2 token from slot 5
[23:30:40.582] [SEVERE ] removing card from slot 5
[23:30:40.688] [SEVERE ] removing card from slot 6
[23:30:40.790] [SEVERE ] removing card from slot 7
[23:30:40.899] [SEVERE ] removing card from slot 8
[23:30:41.003] [SEVERE ] removing card from slot 9
[23:30:41.105] [SEVERE ] removing card from slot 10
[23:30:41.207] [SEVERE ] removing card from slot 11
[23:30:41.207] [SEVERE ] announcing winner(s): player 1, player 2
[23:30:41.207] [INFO   ] thread dealer terminated.
[23:30:41.207] [INFO   ] thread Thread-1 terminated.
[23:30:41.207] [INFO   ] thread dealer terminated.
[23:30:41.207] [SEVERE ] thanks for playing... it was fun!
[23:30:41.207] [INFO   ] thread main terminated.
