[21:16:52.735] [INFO   ] thread main starting.
[21:16:52.741] [SEVERE ] cannot read configuration file config.properties trying from resources.
[21:16:52.743] [SEVERE ] configuration file was loaded from resources directory.
[21:16:53.119] [INFO   ] thread dealer starting.
[21:16:53.120] [INFO   ] thread dealer starting.
[21:16:53.120] [SEVERE ] updating countdown to 60000
[21:16:53.120] [INFO   ] thread Thread-0 starting.
[21:16:53.120] [INFO   ] thread Thread-1 starting.
[21:16:53.121] [INFO   ] thread computer-1 starting.
[21:16:53.736] [SEVERE ] updating countdown to 59384
[21:16:53.854] [SEVERE ] placing card 60 in slot 0
[21:16:53.965] [SEVERE ] placing card 11 in slot 1
[21:16:54.071] [SEVERE ] placing card 63 in slot 2
[21:16:54.185] [SEVERE ] placing card 3 in slot 3
[21:16:54.289] [SEVERE ] placing card 9 in slot 4
[21:16:54.390] [SEVERE ] placing card 14 in slot 5
[21:16:54.490] [SEVERE ] placing card 57 in slot 6
[21:16:54.605] [SEVERE ] placing card 64 in slot 7
[21:16:54.721] [SEVERE ] placing card 72 in slot 8
[21:16:54.823] [SEVERE ] placing card 19 in slot 9
[21:16:54.924] [SEVERE ] placing card 68 in slot 10
[21:16:55.038] [SEVERE ] placing card 4 in slot 11
[21:16:55.038] [SEVERE ] player 2 placing token on slot 5
[21:16:55.038] [SEVERE ] player 2 placing token on slot 10
[21:16:55.039] [SEVERE ] removing player 2 token from slot 10
[21:16:55.039] [SEVERE ] removing player 2 token from slot 5
[21:16:55.039] [SEVERE ] player 2 placing token on slot 8
[21:16:55.039] [SEVERE ] player 2 placing token on slot 2
[21:16:55.039] [SEVERE ] player 2 placing token on slot 5
[21:16:55.153] [SEVERE ] removing card from slot 0
[21:16:55.265] [SEVERE ] removing card from slot 1
[21:16:55.372] [SEVERE ] removing player 2 token from slot 2
[21:16:55.372] [SEVERE ] removing card from slot 2
[21:16:55.487] [SEVERE ] removing card from slot 3
[21:16:55.590] [SEVERE ] removing card from slot 4
[21:16:55.691] [SEVERE ] removing player 2 token from slot 5
[21:16:55.691] [SEVERE ] removing card from slot 5
[21:16:55.806] [SEVERE ] removing card from slot 6
[21:16:55.907] [SEVERE ] removing card from slot 7
[21:16:56.007] [SEVERE ] removing player 2 token from slot 8
[21:16:56.007] [SEVERE ] removing card from slot 8
[21:16:56.121] [SEVERE ] removing card from slot 9
[21:16:56.222] [SEVERE ] removing card from slot 10
[21:16:56.324] [SEVERE ] removing card from slot 11
[21:16:56.432] [SEVERE ] placing card 59 in slot 0
[21:16:56.533] [SEVERE ] placing card 61 in slot 1
[21:16:56.640] [SEVERE ] placing card 7 in slot 2
[21:16:56.741] [SEVERE ] placing card 54 in slot 3
[21:16:56.843] [SEVERE ] placing card 37 in slot 4
[21:16:56.952] [SEVERE ] placing card 65 in slot 5
[21:16:57.055] [SEVERE ] placing card 28 in slot 6
[21:16:57.156] [SEVERE ] placing card 77 in slot 7
[21:16:57.271] [SEVERE ] placing card 23 in slot 8
[21:16:57.374] [SEVERE ] placing card 52 in slot 9
[21:16:57.475] [SEVERE ] placing card 47 in slot 10
[21:16:57.582] [SEVERE ] placing card 26 in slot 11
[21:16:57.582] [SEVERE ] player 2 placing token on slot 0
[21:16:57.583] [SEVERE ] removing player 2 token from slot 0
[21:16:57.583] [SEVERE ] player 2 placing token on slot 0
[21:16:57.583] [SEVERE ] player 2 placing token on slot 10
[21:16:57.583] [SEVERE ] player 2 placing token on slot 4
[21:16:57.585] [SEVERE ] setting player 2 freeze to 3900
[21:16:57.585] [SEVERE ] setting player 2 freeze to 3900
[21:16:58.591] [SEVERE ] updating countdown to 54529
[21:16:58.591] [SEVERE ] setting player 2 freeze to 2894
[21:16:59.607] [SEVERE ] updating countdown to 53513
[21:16:59.607] [SEVERE ] setting player 2 freeze to 1878
[21:17:00.589] [SEVERE ] removing player 2 token from slot 0
[21:17:00.589] [SEVERE ] player 2 placing token on slot 3
[21:17:00.590] [SEVERE ] updating countdown to 52530
[21:17:00.590] [SEVERE ] setting player 2 freeze to 0
[21:17:00.590] [SEVERE ] setting player 2 freeze to 3900
[21:17:00.590] [SEVERE ] setting player 2 freeze to 3900
[21:17:00.740] [SEVERE ] exit button pressed
[21:17:00.740] [INFO   ] thread Thread-0 terminated.
[21:17:00.740] [INFO   ] thread computer-1 terminated.
[21:17:01.592] [SEVERE ] updating countdown to 51528
[21:17:01.593] [SEVERE ] setting player 2 freeze to 2897
[21:17:01.593] [SEVERE ] updating countdown to 51527
[21:17:01.593] [SEVERE ] setting player 2 freeze to 2897
[21:17:01.707] [SEVERE ] removing card from slot 0
[21:17:01.809] [SEVERE ] removing card from slot 1
[21:17:01.910] [SEVERE ] removing card from slot 2
[21:17:02.023] [SEVERE ] removing player 2 token from slot 3
[21:17:02.024] [SEVERE ] removing card from slot 3
[21:17:02.126] [SEVERE ] removing player 2 token from slot 4
[21:17:02.126] [SEVERE ] removing card from slot 4
[21:17:02.239] [SEVERE ] removing card from slot 5
[21:17:02.340] [SEVERE ] removing card from slot 6
[21:17:02.440] [SEVERE ] removing card from slot 7
[21:17:02.557] [SEVERE ] removing card from slot 8
[21:17:02.671] [SEVERE ] removing card from slot 9
[21:17:02.773] [SEVERE ] removing player 2 token from slot 10
[21:17:02.774] [SEVERE ] removing card from slot 10
[21:17:02.889] [SEVERE ] removing card from slot 11
[21:17:02.890] [SEVERE ] announcing winner(s): player 1, player 2
[21:17:02.890] [INFO   ] thread dealer terminated.
[21:17:02.890] [INFO   ] thread Thread-1 terminated.
[21:17:02.890] [INFO   ] thread dealer terminated.
[21:17:02.890] [SEVERE ] thanks for playing... it was fun!
[21:17:02.890] [INFO   ] thread main terminated.
