[21:56:17.214] [INFO   ] thread main starting.
[21:56:17.221] [SEVERE ] cannot read configuration file config.properties trying from resources.
[21:56:17.223] [SEVERE ] configuration file was loaded from resources directory.
[21:56:17.594] [INFO   ] thread dealer starting.
[21:56:17.594] [INFO   ] thread dealer starting.
[21:56:17.594] [SEVERE ] updating countdown to 60000
[21:56:17.594] [INFO   ] thread Thread-2 starting.
[21:56:17.594] [INFO   ] thread Thread-0 starting.
[21:56:17.594] [INFO   ] thread Thread-1 starting.
[21:56:17.594] [INFO   ] thread computer-0 starting.
[21:56:17.594] [INFO   ] thread Thread-3 starting.
[21:56:17.594] [INFO   ] thread computer-2 starting.
[21:56:17.594] [INFO   ] thread computer-3 starting.
[21:56:17.594] [INFO   ] thread computer-1 starting.
[21:56:17.709] [SEVERE ] updating countdown to 59885
[21:56:17.819] [SEVERE ] placing card 0 in slot 0
[21:56:17.927] [SEVERE ] placing card 2 in slot 1
[21:56:18.043] [SEVERE ] placing card 23 in slot 2
[21:56:18.144] [SEVERE ] placing card 42 in slot 3
[21:56:18.259] [SEVERE ] placing card 63 in slot 4
[21:56:18.361] [SEVERE ] placing card 50 in slot 5
[21:56:18.469] [SEVERE ] placing card 4 in slot 6
[21:56:18.570] [SEVERE ] placing card 68 in slot 7
[21:56:18.677] [SEVERE ] placing card 37 in slot 8
[21:56:18.793] [SEVERE ] placing card 73 in slot 9
[21:56:18.894] [SEVERE ] placing card 18 in slot 10
[21:56:19.002] [SEVERE ] placing card 27 in slot 11
[21:56:19.002] [SEVERE ] player 3 placing token on slot 0
[21:56:19.002] [SEVERE ] player 1 placing token on slot 8
[21:56:19.002] [SEVERE ] player 4 placing token on slot 10
[21:56:19.002] [SEVERE ] player 2 placing token on slot 7
[21:56:19.004] [SEVERE ] player 2 placing token on slot 4
[21:56:19.002] [SEVERE ] player 3 placing token on slot 11
[21:56:19.004] [SEVERE ] player 3 placing token on slot 4
[21:56:19.002] [SEVERE ] player 1 placing token on slot 1
[21:56:19.002] [SEVERE ] player 4 placing token on slot 5
[21:56:19.004] [SEVERE ] player 2 placing token on slot 1
[21:56:19.004] [SEVERE ] player 1 placing token on slot 11
[21:56:19.004] [SEVERE ] player 4 placing token on slot 1
[21:56:19.007] [SEVERE ] updating countdown to 58587
[21:56:19.007] [SEVERE ] setting player 1 freeze to 3900
[21:56:19.007] [SEVERE ] setting player 1 freeze to 3900
[21:56:19.014] [SEVERE ] updating countdown to 58580
[21:56:19.014] [SEVERE ] setting player 1 freeze to 3893
[21:56:19.014] [SEVERE ] setting player 2 freeze to 3900
[21:56:19.014] [SEVERE ] setting player 1 freeze to 3893
[21:56:19.014] [SEVERE ] setting player 2 freeze to 3900
[21:56:19.014] [SEVERE ] updating countdown to 58580
[21:56:19.019] [SEVERE ] setting player 1 freeze to 3888
[21:56:19.019] [SEVERE ] setting player 2 freeze to 3895
[21:56:19.019] [SEVERE ] setting player 3 freeze to 3900
[21:56:19.019] [SEVERE ] setting player 1 freeze to 3888
[21:56:19.019] [SEVERE ] setting player 2 freeze to 3895
[21:56:19.020] [SEVERE ] setting player 3 freeze to 3899
[21:56:19.020] [SEVERE ] updating countdown to 58574
[21:56:19.020] [SEVERE ] setting player 1 freeze to 3887
[21:56:19.021] [SEVERE ] setting player 2 freeze to 3893
[21:56:19.021] [SEVERE ] setting player 3 freeze to 3898
[21:56:19.021] [SEVERE ] setting player 4 freeze to 3900
[21:56:19.021] [SEVERE ] setting player 1 freeze to 3886
[21:56:19.021] [SEVERE ] setting player 2 freeze to 3893
[21:56:19.021] [SEVERE ] setting player 3 freeze to 3898
[21:56:19.021] [SEVERE ] setting player 4 freeze to 3900
[21:56:19.022] [SEVERE ] updating countdown to 58572
[21:56:19.022] [SEVERE ] setting player 1 freeze to 3885
[21:56:19.022] [SEVERE ] setting player 2 freeze to 3892
[21:56:19.023] [SEVERE ] setting player 3 freeze to 3896
[21:56:19.023] [SEVERE ] setting player 4 freeze to 3898
[21:56:20.022] [SEVERE ] updating countdown to 57572
[21:56:20.023] [SEVERE ] setting player 1 freeze to 2884
[21:56:20.023] [SEVERE ] setting player 2 freeze to 2891
[21:56:20.023] [SEVERE ] setting player 3 freeze to 2896
[21:56:20.023] [SEVERE ] setting player 4 freeze to 2898
[21:56:20.025] [SEVERE ] updating countdown to 57569
[21:56:20.025] [SEVERE ] setting player 1 freeze to 2882
[21:56:20.025] [SEVERE ] setting player 2 freeze to 2889
[21:56:20.025] [SEVERE ] setting player 3 freeze to 2894
[21:56:20.025] [SEVERE ] setting player 4 freeze to 2896
[21:56:21.025] [SEVERE ] updating countdown to 56569
[21:56:21.025] [SEVERE ] setting player 1 freeze to 1882
[21:56:21.025] [SEVERE ] setting player 2 freeze to 1889
[21:56:21.025] [SEVERE ] setting player 3 freeze to 1894
[21:56:21.025] [SEVERE ] setting player 4 freeze to 1896
[21:56:21.025] [SEVERE ] updating countdown to 56569
[21:56:21.025] [SEVERE ] setting player 1 freeze to 1882
[21:56:21.025] [SEVERE ] setting player 2 freeze to 1889
[21:56:21.025] [SEVERE ] setting player 3 freeze to 1894
[21:56:21.025] [SEVERE ] setting player 4 freeze to 1896
[21:56:22.009] [SEVERE ] removing player 1 token from slot 1
[21:56:22.009] [SEVERE ] player 1 placing token on slot 10
[21:56:22.011] [SEVERE ] updating countdown to 55583
[21:56:22.011] [SEVERE ] setting player 1 freeze to 0
[21:56:22.011] [SEVERE ] setting player 2 freeze to 903
[21:56:22.011] [SEVERE ] setting player 3 freeze to 908
[21:56:22.011] [SEVERE ] setting player 4 freeze to 910
[21:56:22.011] [SEVERE ] setting player 1 freeze to 3900
[21:56:22.011] [SEVERE ] setting player 1 freeze to 3900
[21:56:22.011] [SEVERE ] setting player 2 freeze to 903
[21:56:22.011] [SEVERE ] setting player 3 freeze to 908
[21:56:22.011] [SEVERE ] setting player 4 freeze to 910
[21:56:22.026] [SEVERE ] updating countdown to 55568
[21:56:22.026] [SEVERE ] removing player 3 token from slot 0
[21:56:22.026] [SEVERE ] removing player 4 token from slot 1
[21:56:22.026] [SEVERE ] player 4 placing token on slot 4
[21:56:22.026] [SEVERE ] player 3 placing token on slot 2
[21:56:22.026] [SEVERE ] setting player 1 freeze to 3885
[21:56:22.026] [SEVERE ] setting player 2 freeze to 0
[21:56:22.026] [SEVERE ] setting player 3 freeze to 0
[21:56:22.026] [SEVERE ] removing player 2 token from slot 7
[21:56:22.026] [SEVERE ] setting player 4 freeze to 0
[21:56:22.027] [SEVERE ] setting player 3 freeze to 3900
[21:56:22.027] [SEVERE ] player 2 placing token on slot 2
[21:56:22.027] [SEVERE ] setting player 1 freeze to 3884
[21:56:22.028] [SEVERE ] setting player 3 freeze to 3899
[21:56:22.028] [SEVERE ] updating countdown to 55566
[21:56:22.028] [SEVERE ] setting player 1 freeze to 3883
[21:56:22.028] [SEVERE ] setting player 3 freeze to 3899
[21:56:22.028] [SEVERE ] setting player 4 freeze to 3900
[21:56:22.028] [SEVERE ] setting player 1 freeze to 3883
[21:56:22.028] [SEVERE ] setting player 3 freeze to 3899
[21:56:22.028] [SEVERE ] setting player 4 freeze to 3900
[21:56:22.028] [SEVERE ] updating countdown to 55566
[21:56:22.028] [SEVERE ] setting player 1 freeze to 3883
[21:56:22.028] [SEVERE ] setting player 3 freeze to 3899
[21:56:22.029] [SEVERE ] setting player 4 freeze to 3899
[21:56:22.029] [SEVERE ] setting player 2 freeze to 3900
[21:56:22.030] [SEVERE ] setting player 1 freeze to 3882
[21:56:22.030] [SEVERE ] setting player 2 freeze to 3899
[21:56:22.030] [SEVERE ] setting player 3 freeze to 3897
[21:56:22.030] [SEVERE ] setting player 4 freeze to 3898
[21:56:23.019] [SEVERE ] updating countdown to 54575
[21:56:23.019] [SEVERE ] setting player 1 freeze to 2892
[21:56:23.019] [SEVERE ] setting player 2 freeze to 2910
[21:56:23.019] [SEVERE ] setting player 3 freeze to 2908
[21:56:23.019] [SEVERE ] setting player 4 freeze to 2909
[21:56:23.032] [SEVERE ] updating countdown to 54562
[21:56:23.032] [SEVERE ] setting player 1 freeze to 2879
[21:56:23.032] [SEVERE ] setting player 2 freeze to 2897
[21:56:23.032] [SEVERE ] setting player 3 freeze to 2895
[21:56:23.032] [SEVERE ] setting player 4 freeze to 2896
[21:56:24.021] [SEVERE ] updating countdown to 53573
[21:56:24.021] [SEVERE ] setting player 1 freeze to 1890
[21:56:24.021] [SEVERE ] setting player 2 freeze to 1908
[21:56:24.021] [SEVERE ] setting player 3 freeze to 1906
[21:56:24.021] [SEVERE ] setting player 4 freeze to 1907
[21:56:24.033] [SEVERE ] updating countdown to 53561
[21:56:24.033] [SEVERE ] setting player 1 freeze to 1878
[21:56:24.033] [SEVERE ] setting player 2 freeze to 1896
[21:56:24.033] [SEVERE ] setting player 3 freeze to 1894
[21:56:24.033] [SEVERE ] setting player 4 freeze to 1895
[21:56:25.014] [SEVERE ] removing player 1 token from slot 10
[21:56:25.015] [SEVERE ] player 1 placing token on slot 9
[21:56:25.017] [SEVERE ] updating countdown to 52577
[21:56:25.017] [SEVERE ] setting player 1 freeze to 0
[21:56:25.017] [SEVERE ] setting player 2 freeze to 912
[21:56:25.017] [SEVERE ] setting player 3 freeze to 910
[21:56:25.017] [SEVERE ] setting player 4 freeze to 911
[21:56:25.017] [SEVERE ] setting player 1 freeze to 3900
[21:56:25.017] [SEVERE ] setting player 1 freeze to 3900
[21:56:25.017] [SEVERE ] setting player 2 freeze to 912
[21:56:25.017] [SEVERE ] setting player 3 freeze to 910
[21:56:25.017] [SEVERE ] setting player 4 freeze to 911
[21:56:25.032] [SEVERE ] removing player 3 token from slot 4
[21:56:25.032] [SEVERE ] removing player 4 token from slot 5
[21:56:25.032] [SEVERE ] removing player 2 token from slot 4
[21:56:25.032] [SEVERE ] player 4 placing token on slot 8
[21:56:25.032] [SEVERE ] player 2 placing token on slot 11
[21:56:25.032] [SEVERE ] player 3 placing token on slot 4
[21:56:25.033] [SEVERE ] updating countdown to 52561
[21:56:25.033] [SEVERE ] setting player 1 freeze to 3884
[21:56:25.033] [SEVERE ] setting player 2 freeze to 0
[21:56:25.033] [SEVERE ] setting player 3 freeze to 0
[21:56:25.033] [SEVERE ] setting player 4 freeze to 0
[21:56:25.034] [SEVERE ] setting player 2 freeze to 3900
[21:56:25.034] [SEVERE ] setting player 1 freeze to 3883
[21:56:25.034] [SEVERE ] setting player 2 freeze to 3900
[21:56:25.034] [SEVERE ] updating countdown to 52560
[21:56:25.034] [SEVERE ] setting player 1 freeze to 3883
[21:56:25.034] [SEVERE ] setting player 2 freeze to 3900
[21:56:25.034] [SEVERE ] setting player 3 freeze to 3900
[21:56:25.034] [SEVERE ] setting player 1 freeze to 3883
[21:56:25.034] [SEVERE ] setting player 2 freeze to 3900
[21:56:25.034] [SEVERE ] setting player 3 freeze to 3900
[21:56:25.035] [SEVERE ] updating countdown to 52559
[21:56:25.035] [SEVERE ] setting player 1 freeze to 3882
[21:56:25.035] [SEVERE ] setting player 2 freeze to 3899
[21:56:25.035] [SEVERE ] setting player 3 freeze to 3899
[21:56:25.035] [SEVERE ] setting player 4 freeze to 3900
[21:56:25.035] [SEVERE ] setting player 1 freeze to 3882
[21:56:25.036] [SEVERE ] setting player 2 freeze to 3898
[21:56:25.036] [SEVERE ] setting player 3 freeze to 3898
[21:56:25.036] [SEVERE ] setting player 4 freeze to 3899
[21:56:26.019] [SEVERE ] updating countdown to 51575
[21:56:26.019] [SEVERE ] setting player 1 freeze to 2898
[21:56:26.019] [SEVERE ] setting player 2 freeze to 2915
[21:56:26.019] [SEVERE ] setting player 3 freeze to 2915
[21:56:26.019] [SEVERE ] setting player 4 freeze to 2916
[21:56:26.038] [SEVERE ] updating countdown to 51556
[21:56:26.038] [SEVERE ] setting player 1 freeze to 2879
[21:56:26.038] [SEVERE ] setting player 2 freeze to 2896
[21:56:26.038] [SEVERE ] setting player 3 freeze to 2896
[21:56:26.038] [SEVERE ] setting player 4 freeze to 2897
[21:56:27.020] [SEVERE ] updating countdown to 50574
[21:56:27.020] [SEVERE ] setting player 1 freeze to 1897
[21:56:27.020] [SEVERE ] setting player 2 freeze to 1914
[21:56:27.020] [SEVERE ] setting player 3 freeze to 1914
[21:56:27.020] [SEVERE ] setting player 4 freeze to 1915
[21:56:27.040] [SEVERE ] updating countdown to 50554
[21:56:27.040] [SEVERE ] setting player 1 freeze to 1877
[21:56:27.040] [SEVERE ] setting player 2 freeze to 1894
[21:56:27.040] [SEVERE ] setting player 3 freeze to 1894
[21:56:27.040] [SEVERE ] setting player 4 freeze to 1895
[21:56:28.019] [SEVERE ] removing player 1 token from slot 9
[21:56:28.019] [SEVERE ] player 1 placing token on slot 3
[21:56:28.019] [SEVERE ] updating countdown to 49575
[21:56:28.019] [SEVERE ] setting player 1 freeze to 0
[21:56:28.019] [SEVERE ] setting player 2 freeze to 915
[21:56:28.019] [SEVERE ] setting player 3 freeze to 915
[21:56:28.019] [SEVERE ] setting player 4 freeze to 916
[21:56:28.019] [SEVERE ] setting player 1 freeze to 3900
[21:56:28.019] [SEVERE ] setting player 1 freeze to 3900
[21:56:28.019] [SEVERE ] setting player 2 freeze to 915
[21:56:28.019] [SEVERE ] setting player 3 freeze to 915
[21:56:28.019] [SEVERE ] setting player 4 freeze to 916
[21:56:28.035] [SEVERE ] removing player 3 token from slot 2
[21:56:28.035] [SEVERE ] removing player 2 token from slot 2
[21:56:28.035] [SEVERE ] player 3 placing token on slot 8
[21:56:28.035] [SEVERE ] removing player 2 token from slot 11
[21:56:28.036] [SEVERE ] player 2 placing token on slot 8
[21:56:28.036] [SEVERE ] updating countdown to 49558
[21:56:28.036] [SEVERE ] setting player 1 freeze to 3883
[21:56:28.036] [SEVERE ] player 2 placing token on slot 6
[21:56:28.036] [SEVERE ] removing player 4 token from slot 4
[21:56:28.036] [SEVERE ] player 4 placing token on slot 7
[21:56:28.036] [SEVERE ] setting player 2 freeze to 0
[21:56:28.036] [SEVERE ] setting player 3 freeze to 0
[21:56:28.036] [SEVERE ] setting player 4 freeze to 0
[21:56:28.036] [SEVERE ] setting player 3 freeze to 3900
[21:56:28.037] [SEVERE ] setting player 1 freeze to 3882
[21:56:28.037] [SEVERE ] setting player 3 freeze to 3899
[21:56:28.037] [SEVERE ] updating countdown to 49557
[21:56:28.037] [SEVERE ] setting player 1 freeze to 3882
[21:56:28.037] [SEVERE ] setting player 3 freeze to 3899
[21:56:28.037] [SEVERE ] setting player 2 freeze to 3900
[21:56:28.037] [SEVERE ] setting player 1 freeze to 3882
[21:56:28.038] [SEVERE ] setting player 2 freeze to 3899
[21:56:28.038] [SEVERE ] setting player 3 freeze to 3898
[21:56:28.039] [SEVERE ] updating countdown to 49555
[21:56:28.039] [SEVERE ] setting player 1 freeze to 3880
[21:56:28.039] [SEVERE ] setting player 2 freeze to 3898
[21:56:28.039] [SEVERE ] setting player 3 freeze to 3897
[21:56:28.039] [SEVERE ] setting player 4 freeze to 3900
[21:56:28.039] [SEVERE ] setting player 1 freeze to 3880
[21:56:28.039] [SEVERE ] setting player 2 freeze to 3898
[21:56:28.039] [SEVERE ] setting player 3 freeze to 3897
[21:56:28.039] [SEVERE ] setting player 4 freeze to 3900
[21:56:29.021] [SEVERE ] updating countdown to 48573
[21:56:29.021] [SEVERE ] setting player 1 freeze to 2898
[21:56:29.021] [SEVERE ] setting player 2 freeze to 2916
[21:56:29.021] [SEVERE ] setting player 3 freeze to 2915
[21:56:29.021] [SEVERE ] setting player 4 freeze to 2918
[21:56:29.041] [SEVERE ] updating countdown to 48553
[21:56:29.041] [SEVERE ] setting player 1 freeze to 2878
[21:56:29.041] [SEVERE ] setting player 2 freeze to 2896
[21:56:29.041] [SEVERE ] setting player 3 freeze to 2895
[21:56:29.041] [SEVERE ] setting player 4 freeze to 2898
[21:56:30.027] [SEVERE ] updating countdown to 47567
[21:56:30.027] [SEVERE ] setting player 1 freeze to 1892
[21:56:30.027] [SEVERE ] setting player 2 freeze to 1910
[21:56:30.027] [SEVERE ] setting player 3 freeze to 1909
[21:56:30.027] [SEVERE ] setting player 4 freeze to 1912
[21:56:30.043] [SEVERE ] updating countdown to 47551
[21:56:30.043] [SEVERE ] setting player 1 freeze to 1876
[21:56:30.043] [SEVERE ] setting player 2 freeze to 1894
[21:56:30.043] [SEVERE ] setting player 3 freeze to 1893
[21:56:30.043] [SEVERE ] setting player 4 freeze to 1896
[21:56:31.023] [SEVERE ] removing player 1 token from slot 3
[21:56:31.023] [SEVERE ] player 1 placing token on slot 4
[21:56:31.024] [SEVERE ] updating countdown to 46570
[21:56:31.024] [SEVERE ] setting player 1 freeze to 0
[21:56:31.024] [SEVERE ] setting player 2 freeze to 913
[21:56:31.024] [SEVERE ] setting player 3 freeze to 912
[21:56:31.024] [SEVERE ] setting player 4 freeze to 915
[21:56:31.025] [SEVERE ] setting player 1 freeze to 3900
[21:56:31.025] [SEVERE ] setting player 1 freeze to 3900
[21:56:31.025] [SEVERE ] setting player 2 freeze to 912
[21:56:31.025] [SEVERE ] setting player 3 freeze to 911
[21:56:31.025] [SEVERE ] setting player 4 freeze to 914
[21:56:31.038] [SEVERE ] removing player 3 token from slot 4
[21:56:31.038] [SEVERE ] removing player 3 token from slot 11
[21:56:31.038] [SEVERE ] player 3 placing token on slot 0
[21:56:31.038] [SEVERE ] player 3 placing token on slot 2
[21:56:31.039] [SEVERE ] updating countdown to 46555
[21:56:31.039] [SEVERE ] removing player 2 token from slot 6
[21:56:31.039] [SEVERE ] setting player 1 freeze to 3886
[21:56:31.039] [SEVERE ] removing player 2 token from slot 1
[21:56:31.039] [SEVERE ] setting player 2 freeze to 0
[21:56:31.039] [SEVERE ] player 2 placing token on slot 11
[21:56:31.039] [SEVERE ] setting player 3 freeze to 0
[21:56:31.040] [SEVERE ] player 2 placing token on slot 1
[21:56:31.040] [SEVERE ] setting player 4 freeze to 0
[21:56:31.040] [SEVERE ] setting player 3 freeze to 3900
[21:56:31.040] [SEVERE ] setting player 1 freeze to 3885
[21:56:31.040] [SEVERE ] setting player 3 freeze to 3900
[21:56:31.040] [SEVERE ] updating countdown to 46554
[21:56:31.040] [SEVERE ] setting player 1 freeze to 3885
[21:56:31.040] [SEVERE ] setting player 3 freeze to 3900
[21:56:31.041] [SEVERE ] setting player 2 freeze to 3900
[21:56:31.041] [SEVERE ] setting player 1 freeze to 3884
[21:56:31.041] [SEVERE ] setting player 2 freeze to 3900
[21:56:31.041] [SEVERE ] setting player 3 freeze to 3899
[21:56:31.053] [SEVERE ] removing player 4 token from slot 8
[21:56:31.053] [SEVERE ] player 4 placing token on slot 0
[21:56:31.054] [SEVERE ] updating countdown to 46540
[21:56:31.054] [SEVERE ] setting player 1 freeze to 3871
[21:56:31.054] [SEVERE ] setting player 2 freeze to 3887
[21:56:31.054] [SEVERE ] setting player 3 freeze to 3886
[21:56:31.054] [SEVERE ] setting player 4 freeze to 3900
[21:56:31.055] [SEVERE ] setting player 1 freeze to 3870
[21:56:31.055] [SEVERE ] setting player 2 freeze to 3886
[21:56:31.055] [SEVERE ] setting player 3 freeze to 3885
[21:56:31.055] [SEVERE ] setting player 4 freeze to 3899
[21:56:31.970] [SEVERE ] exit button pressed
[21:56:31.970] [INFO   ] thread computer-0 terminated.
[21:56:31.970] [INFO   ] thread computer-1 terminated.
[21:56:31.970] [INFO   ] thread computer-2 terminated.
[21:56:31.970] [INFO   ] thread computer-3 terminated.
[21:56:32.041] [SEVERE ] updating countdown to 45553
[21:56:32.042] [SEVERE ] setting player 1 freeze to 2884
[21:56:32.042] [SEVERE ] setting player 2 freeze to 2899
[21:56:32.042] [SEVERE ] setting player 3 freeze to 2898
[21:56:32.042] [SEVERE ] setting player 4 freeze to 2912
[21:56:32.042] [SEVERE ] setting player 1 freeze to 2883
[21:56:32.042] [SEVERE ] setting player 2 freeze to 2899
[21:56:32.042] [SEVERE ] setting player 3 freeze to 2898
[21:56:32.042] [SEVERE ] setting player 4 freeze to 2912
[21:56:32.145] [SEVERE ] removing player 3 token from slot 0
[21:56:32.145] [SEVERE ] removing player 4 token from slot 0
[21:56:32.145] [SEVERE ] removing card from slot 0
[21:56:32.252] [SEVERE ] removing player 2 token from slot 1
[21:56:32.253] [SEVERE ] removing card from slot 1
[21:56:32.354] [SEVERE ] removing player 3 token from slot 2
[21:56:32.354] [SEVERE ] removing card from slot 2
[21:56:32.462] [SEVERE ] removing card from slot 3
[21:56:32.569] [SEVERE ] removing player 1 token from slot 4
[21:56:32.570] [SEVERE ] removing card from slot 4
[21:56:32.678] [SEVERE ] removing card from slot 5
[21:56:32.786] [SEVERE ] removing card from slot 6
[21:56:32.894] [SEVERE ] removing player 4 token from slot 7
[21:56:32.894] [SEVERE ] removing card from slot 7
[21:56:32.995] [SEVERE ] removing player 1 token from slot 8
[21:56:32.995] [SEVERE ] removing player 3 token from slot 8
[21:56:32.995] [SEVERE ] removing player 2 token from slot 8
[21:56:32.995] [SEVERE ] removing card from slot 8
[21:56:33.103] [SEVERE ] removing card from slot 9
[21:56:33.211] [SEVERE ] removing player 4 token from slot 10
[21:56:33.211] [SEVERE ] removing card from slot 10
[21:56:33.313] [SEVERE ] removing player 1 token from slot 11
[21:56:33.313] [SEVERE ] removing player 2 token from slot 11
[21:56:33.313] [SEVERE ] removing card from slot 11
[21:56:33.317] [SEVERE ] announcing winner(s): player 1, player 2, player 3, player 4
[21:56:33.320] [INFO   ] thread dealer terminated.
[21:56:33.320] [INFO   ] thread Thread-3 terminated.
[21:56:33.320] [INFO   ] thread dealer terminated.
[21:56:33.320] [INFO   ] thread Thread-1 terminated.
[21:56:33.320] [INFO   ] thread Thread-0 terminated.
[21:56:33.320] [INFO   ] thread Thread-2 terminated.
[21:56:33.320] [SEVERE ] thanks for playing... it was fun!
[21:56:33.321] [INFO   ] thread main terminated.
