[22:33:05.847] [INFO   ] thread main starting.
[22:33:05.855] [SEVERE ] cannot read configuration file config.properties trying from resources.
[22:33:05.857] [SEVERE ] configuration file was loaded from resources directory.
[22:33:06.233] [INFO   ] thread dealer starting.
[22:33:06.233] [INFO   ] thread dealer starting.
[22:33:06.234] [SEVERE ] updating countdown to 60000
[22:33:06.234] [INFO   ] thread Thread-0 starting.
[22:33:06.234] [INFO   ] thread Thread-3 starting.
[22:33:06.234] [INFO   ] thread Thread-1 starting.
[22:33:06.234] [INFO   ] thread Thread-2 starting.
[22:33:06.235] [INFO   ] thread computer-0 starting.
[22:33:06.235] [INFO   ] thread computer-1 starting.
[22:33:06.236] [INFO   ] thread computer-3 starting.
[22:33:06.236] [INFO   ] thread computer-2 starting.
[22:33:06.341] [SEVERE ] updating countdown to 59893
[22:33:06.457] [SEVERE ] placing card 56 in slot 0
[22:33:06.558] [SEVERE ] placing card 60 in slot 1
[22:33:06.666] [SEVERE ] placing card 29 in slot 2
[22:33:06.776] [SEVERE ] placing card 50 in slot 3
[22:33:06.885] [SEVERE ] placing card 66 in slot 4
[22:33:06.996] [SEVERE ] placing card 71 in slot 5
[22:33:07.105] [SEVERE ] placing card 3 in slot 6
[22:33:07.215] [SEVERE ] placing card 58 in slot 7
[22:33:07.325] [SEVERE ] placing card 54 in slot 8
[22:33:07.435] [SEVERE ] placing card 2 in slot 9
[22:33:07.544] [SEVERE ] placing card 51 in slot 10
[22:33:07.654] [SEVERE ] placing card 21 in slot 11
[22:33:07.654] [SEVERE ] player 3 placing token on slot 10
[22:33:07.654] [SEVERE ] player 1 placing token on slot 0
[22:33:07.654] [SEVERE ] player 2 placing token on slot 0
[22:33:07.654] [SEVERE ] player 4 placing token on slot 4
[22:33:07.654] [SEVERE ] player 3 placing token on slot 9
[22:33:07.654] [SEVERE ] player 1 placing token on slot 2
[22:33:07.654] [SEVERE ] player 2 placing token on slot 1
[22:33:07.654] [SEVERE ] removing player 2 token from slot 1
[22:33:07.654] [SEVERE ] removing player 2 token from slot 0
[22:33:07.654] [SEVERE ] player 2 placing token on slot 1
[22:33:07.654] [SEVERE ] player 2 placing token on slot 7
[22:33:07.654] [SEVERE ] removing player 2 token from slot 7
[22:33:07.654] [SEVERE ] player 2 placing token on slot 4
[22:33:07.654] [SEVERE ] player 3 placing token on slot 5
[22:33:07.654] [SEVERE ] player 4 placing token on slot 9
[22:33:07.654] [SEVERE ] player 1 placing token on slot 5
[22:33:07.654] [SEVERE ] removing player 2 token from slot 4
[22:33:07.654] [SEVERE ] player 4 placing token on slot 10
[22:33:07.654] [SEVERE ] removing player 2 token from slot 1
[22:33:07.654] [SEVERE ] player 2 placing token on slot 6
[22:33:07.654] [SEVERE ] player 2 placing token on slot 1
[22:33:07.654] [SEVERE ] player 2 placing token on slot 7
[22:33:07.654] [SEVERE ] updating countdown to 58580
[22:33:07.654] [SEVERE ] setting player 1 freeze to 3900
[22:33:07.664] [SEVERE ] setting player 1 freeze to 3890
[22:33:07.670] [SEVERE ] updating countdown to 58564
[22:33:07.670] [SEVERE ] setting player 1 freeze to 3884
[22:33:07.671] [SEVERE ] setting player 2 freeze to 3900
[22:33:07.671] [SEVERE ] setting player 1 freeze to 3883
[22:33:07.671] [SEVERE ] setting player 2 freeze to 3900
[22:33:07.673] [SEVERE ] updating countdown to 58561
[22:33:07.673] [SEVERE ] setting player 1 freeze to 3881
[22:33:07.673] [SEVERE ] setting player 2 freeze to 3898
[22:33:07.674] [SEVERE ] setting player 3 freeze to 3900
[22:33:07.674] [SEVERE ] setting player 1 freeze to 3880
[22:33:07.674] [SEVERE ] setting player 2 freeze to 3897
[22:33:07.674] [SEVERE ] setting player 3 freeze to 3900
[22:33:07.676] [SEVERE ] updating countdown to 58558
[22:33:07.677] [SEVERE ] setting player 1 freeze to 3877
[22:33:07.677] [SEVERE ] setting player 2 freeze to 3894
[22:33:07.677] [SEVERE ] setting player 3 freeze to 3897
[22:33:07.677] [SEVERE ] setting player 4 freeze to 3900
[22:33:07.677] [SEVERE ] setting player 1 freeze to 3877
[22:33:07.677] [SEVERE ] setting player 2 freeze to 3894
[22:33:07.677] [SEVERE ] setting player 3 freeze to 3897
[22:33:07.677] [SEVERE ] setting player 4 freeze to 3900
[22:33:08.682] [SEVERE ] updating countdown to 57552
[22:33:08.682] [SEVERE ] setting player 1 freeze to 2872
[22:33:08.682] [SEVERE ] setting player 2 freeze to 2889
[22:33:08.682] [SEVERE ] setting player 3 freeze to 2892
[22:33:08.682] [SEVERE ] setting player 4 freeze to 2895
[22:33:09.691] [SEVERE ] updating countdown to 56543
[22:33:09.691] [SEVERE ] setting player 1 freeze to 1863
[22:33:09.691] [SEVERE ] setting player 2 freeze to 1880
[22:33:09.691] [SEVERE ] setting player 3 freeze to 1883
[22:33:09.691] [SEVERE ] setting player 4 freeze to 1886
[22:33:10.665] [SEVERE ] removing player 1 token from slot 5
[22:33:10.666] [SEVERE ] player 1 placing token on slot 6
[22:33:10.667] [SEVERE ] setting player 1 freeze to 3900
[22:33:10.667] [SEVERE ] setting player 1 freeze to 3900
[22:33:10.667] [SEVERE ] setting player 2 freeze to 904
[22:33:10.668] [SEVERE ] setting player 3 freeze to 906
[22:33:10.668] [SEVERE ] setting player 4 freeze to 909
[22:33:10.676] [SEVERE ] removing player 3 token from slot 10
[22:33:10.676] [SEVERE ] removing player 2 token from slot 1
[22:33:10.676] [SEVERE ] player 2 placing token on slot 8
[22:33:10.676] [SEVERE ] removing player 3 token from slot 5
[22:33:10.677] [SEVERE ] player 3 placing token on slot 6
[22:33:10.677] [SEVERE ] player 3 placing token on slot 4
[22:33:10.677] [SEVERE ] setting player 2 freeze to 3900
[22:33:10.677] [SEVERE ] setting player 1 freeze to 3890
[22:33:10.677] [SEVERE ] setting player 2 freeze to 3900
[22:33:10.677] [SEVERE ] setting player 3 freeze to 0
[22:33:10.677] [SEVERE ] setting player 4 freeze to 0
[22:33:10.678] [SEVERE ] removing player 4 token from slot 4
[22:33:10.678] [SEVERE ] removing player 4 token from slot 10
[22:33:10.678] [SEVERE ] setting player 3 freeze to 3900
[22:33:10.678] [SEVERE ] player 4 placing token on slot 11
[22:33:10.678] [SEVERE ] setting player 1 freeze to 3889
[22:33:10.678] [SEVERE ] removing player 4 token from slot 11
[22:33:10.679] [SEVERE ] setting player 2 freeze to 3898
[22:33:10.679] [SEVERE ] player 4 placing token on slot 7
[22:33:10.679] [SEVERE ] setting player 3 freeze to 3899
[22:33:10.679] [SEVERE ] player 4 placing token on slot 5
[22:33:10.680] [SEVERE ] setting player 4 freeze to 3900
[22:33:10.681] [SEVERE ] setting player 1 freeze to 3886
[22:33:10.681] [SEVERE ] setting player 2 freeze to 3896
[22:33:10.681] [SEVERE ] setting player 3 freeze to 3897
[22:33:10.681] [SEVERE ] setting player 4 freeze to 3899
[22:33:11.670] [SEVERE ] updating countdown to 54564
[22:33:11.670] [SEVERE ] setting player 1 freeze to 2897
[22:33:11.670] [SEVERE ] setting player 2 freeze to 2907
[22:33:11.670] [SEVERE ] setting player 3 freeze to 2908
[22:33:11.670] [SEVERE ] setting player 4 freeze to 2910
[22:33:12.670] [SEVERE ] updating countdown to 53564
[22:33:12.670] [SEVERE ] setting player 1 freeze to 1897
[22:33:12.671] [SEVERE ] setting player 2 freeze to 1906
[22:33:12.671] [SEVERE ] setting player 3 freeze to 1907
[22:33:12.671] [SEVERE ] setting player 4 freeze to 1909
[22:33:13.488] [SEVERE ] exit button pressed
[22:33:13.488] [INFO   ] thread computer-0 terminated.
[22:33:13.488] [INFO   ] thread computer-3 terminated.
[22:33:13.488] [INFO   ] thread computer-2 terminated.
[22:33:13.488] [INFO   ] thread computer-1 terminated.
[22:33:13.673] [SEVERE ] updating countdown to 52561
[22:33:13.673] [SEVERE ] setting player 1 freeze to 0
[22:33:13.673] [SEVERE ] setting player 2 freeze to 904
[22:33:13.673] [SEVERE ] setting player 3 freeze to 905
[22:33:13.673] [SEVERE ] setting player 4 freeze to 907
[22:33:13.673] [SEVERE ] setting player 2 freeze to 904
[22:33:13.673] [SEVERE ] setting player 3 freeze to 905
[22:33:13.673] [SEVERE ] setting player 4 freeze to 907
[22:33:13.783] [SEVERE ] removing player 1 token from slot 0
[22:33:13.783] [SEVERE ] removing card from slot 0
[22:33:13.892] [SEVERE ] removing card from slot 1
[22:33:14.003] [SEVERE ] removing player 1 token from slot 2
[22:33:14.003] [SEVERE ] removing card from slot 2
[22:33:14.112] [SEVERE ] removing card from slot 3
[22:33:14.223] [SEVERE ] removing player 3 token from slot 4
[22:33:14.223] [SEVERE ] removing card from slot 4
[22:33:14.325] [SEVERE ] removing player 4 token from slot 5
[22:33:14.325] [SEVERE ] removing card from slot 5
[22:33:14.434] [SEVERE ] removing player 2 token from slot 6
[22:33:14.434] [SEVERE ] removing player 1 token from slot 6
[22:33:14.435] [SEVERE ] removing player 3 token from slot 6
[22:33:14.435] [SEVERE ] removing card from slot 6
[22:33:14.538] [SEVERE ] removing player 2 token from slot 7
[22:33:14.538] [SEVERE ] removing player 4 token from slot 7
[22:33:14.538] [SEVERE ] removing card from slot 7
[22:33:14.648] [SEVERE ] removing player 2 token from slot 8
[22:33:14.648] [SEVERE ] removing card from slot 8
[22:33:14.750] [SEVERE ] removing player 3 token from slot 9
[22:33:14.750] [SEVERE ] removing player 4 token from slot 9
[22:33:14.750] [SEVERE ] removing card from slot 9
[22:33:14.856] [SEVERE ] removing card from slot 10
[22:33:14.959] [SEVERE ] removing card from slot 11
[22:33:14.959] [SEVERE ] announcing winner(s): player 1, player 2, player 3, player 4
[22:33:14.959] [INFO   ] thread dealer terminated.
[22:33:14.959] [INFO   ] thread Thread-0 terminated.
[22:33:14.959] [INFO   ] thread Thread-1 terminated.
[22:33:14.959] [INFO   ] thread Thread-3 terminated.
[22:33:14.959] [INFO   ] thread Thread-2 terminated.
[22:33:14.959] [INFO   ] thread dealer terminated.
[22:33:14.959] [SEVERE ] thanks for playing... it was fun!
[22:33:14.959] [INFO   ] thread main terminated.
