[20:45:54.856] [INFO   ] thread main starting.
[20:45:54.856] [SEVERE ] cannot read configuration file config.properties trying from resources.
[20:45:54.872] [SEVERE ] configuration file was loaded from resources directory.
[20:45:55.356] [INFO   ] thread dealer starting.
[20:45:55.356] [INFO   ] thread dealer starting.
[20:45:55.356] [SEVERE ] updating countdown to 60000
[20:45:55.356] [INFO   ] thread Thread-0 starting.
[20:45:55.356] [INFO   ] thread Thread-1 starting.
[20:45:55.356] [INFO   ] thread computer-1 starting.
[20:45:55.463] [SEVERE ] updating countdown to 59893
[20:45:55.572] [SEVERE ] placing card 41 in slot 0
[20:45:55.684] [SEVERE ] placing card 17 in slot 1
[20:45:55.794] [SEVERE ] placing card 69 in slot 2
[20:45:55.904] [SEVERE ] placing card 23 in slot 3
[20:45:56.014] [SEVERE ] placing card 43 in slot 4
[20:45:56.125] [SEVERE ] placing card 75 in slot 5
[20:45:56.235] [SEVERE ] placing card 72 in slot 6
[20:45:56.344] [SEVERE ] placing card 74 in slot 7
[20:45:56.455] [SEVERE ] placing card 50 in slot 8
[20:45:56.565] [SEVERE ] placing card 63 in slot 9
[20:45:56.675] [SEVERE ] placing card 49 in slot 10
[20:45:56.785] [SEVERE ] placing card 9 in slot 11
[20:45:56.785] [SEVERE ] player 2 placing token on slot 11
[20:45:56.785] [SEVERE ] player 2 placing token on slot 9
[20:45:56.785] [SEVERE ] player 2 placing token on slot 4
[20:45:56.785] [SEVERE ] updating countdown to 58571
[20:45:56.785] [SEVERE ] updating countdown to 58571
[20:45:56.785] [SEVERE ] setting player 2 freeze to 3900
[20:45:56.785] [SEVERE ] setting player 2 freeze to 3900
[20:45:56.785] [SEVERE ] updating countdown to 58571
[20:45:56.785] [SEVERE ] setting player 2 freeze to 3900
[20:45:57.345] [SEVERE ] updating countdown to 58011
[20:45:57.345] [SEVERE ] setting player 2 freeze to 3340
[20:45:57.345] [SEVERE ] updating countdown to 58011
[20:45:57.345] [SEVERE ] setting player 2 freeze to 3340
[20:45:58.339] [SEVERE ] updating countdown to 57017
[20:45:58.339] [SEVERE ] setting player 2 freeze to 2346
[20:45:58.339] [SEVERE ] updating countdown to 57017
[20:45:58.339] [SEVERE ] setting player 2 freeze to 2346
[20:45:59.338] [SEVERE ] updating countdown to 56018
[20:45:59.338] [SEVERE ] setting player 2 freeze to 1347
[20:45:59.338] [SEVERE ] updating countdown to 56018
[20:45:59.338] [SEVERE ] setting player 2 freeze to 1347
[20:45:59.792] [SEVERE ] removing player 2 token from slot 4
[20:45:59.792] [SEVERE ] player 2 placing token on slot 10
[20:45:59.795] [SEVERE ] updating countdown to 55561
[20:45:59.795] [SEVERE ] setting player 2 freeze to 0
[20:45:59.795] [SEVERE ] setting player 2 freeze to 3900
[20:45:59.795] [SEVERE ] setting player 2 freeze to 3900
[20:45:59.795] [SEVERE ] updating countdown to 55561
[20:45:59.795] [SEVERE ] setting player 2 freeze to 3900
[20:46:00.338] [SEVERE ] updating countdown to 55018
[20:46:00.338] [SEVERE ] setting player 2 freeze to 3357
[20:46:00.338] [SEVERE ] updating countdown to 55018
[20:46:00.338] [SEVERE ] setting player 2 freeze to 3357
[20:46:01.337] [SEVERE ] updating countdown to 54019
[20:46:01.337] [SEVERE ] setting player 2 freeze to 2358
[20:46:01.337] [SEVERE ] updating countdown to 54019
[20:46:01.337] [SEVERE ] setting player 2 freeze to 2358
[20:46:02.338] [SEVERE ] updating countdown to 53018
[20:46:02.338] [SEVERE ] setting player 2 freeze to 1357
[20:46:02.338] [SEVERE ] updating countdown to 53018
[20:46:02.338] [SEVERE ] setting player 2 freeze to 1357
[20:46:02.797] [SEVERE ] removing player 2 token from slot 9
[20:46:02.798] [SEVERE ] player 2 placing token on slot 4
[20:46:02.799] [SEVERE ] updating countdown to 52557
[20:46:02.799] [SEVERE ] setting player 2 freeze to 0
[20:46:02.799] [SEVERE ] setting player 2 freeze to 3900
[20:46:02.799] [SEVERE ] setting player 2 freeze to 3900
[20:46:02.799] [SEVERE ] updating countdown to 52557
[20:46:02.799] [SEVERE ] setting player 2 freeze to 3900
[20:46:03.338] [SEVERE ] updating countdown to 52018
[20:46:03.338] [SEVERE ] setting player 2 freeze to 3361
[20:46:03.338] [SEVERE ] updating countdown to 52018
[20:46:03.338] [SEVERE ] setting player 2 freeze to 3361
[20:46:04.338] [SEVERE ] updating countdown to 51018
[20:46:04.338] [SEVERE ] setting player 2 freeze to 2361
[20:46:04.338] [SEVERE ] updating countdown to 51018
[20:46:04.338] [SEVERE ] setting player 2 freeze to 2361
[20:46:05.338] [SEVERE ] updating countdown to 50018
[20:46:05.338] [SEVERE ] setting player 2 freeze to 1361
[20:46:05.338] [SEVERE ] updating countdown to 50018
[20:46:05.339] [SEVERE ] setting player 2 freeze to 1360
[20:46:05.814] [SEVERE ] removing player 2 token from slot 4
[20:46:05.814] [SEVERE ] removing player 2 token from slot 10
[20:46:05.814] [SEVERE ] player 2 placing token on slot 3
[20:46:05.815] [SEVERE ] player 2 placing token on slot 7
[20:46:05.818] [SEVERE ] updating countdown to 49538
[20:46:05.818] [SEVERE ] setting player 2 freeze to 0
[20:46:05.818] [SEVERE ] setting player 2 freeze to 3900
[20:46:05.818] [SEVERE ] setting player 2 freeze to 3900
[20:46:05.818] [SEVERE ] updating countdown to 49538
[20:46:05.818] [SEVERE ] setting player 2 freeze to 3900
[20:46:06.337] [SEVERE ] updating countdown to 49019
[20:46:06.337] [SEVERE ] setting player 2 freeze to 3381
[20:46:06.337] [SEVERE ] updating countdown to 49019
[20:46:06.337] [SEVERE ] setting player 2 freeze to 3381
[20:46:07.338] [SEVERE ] updating countdown to 48018
[20:46:07.338] [SEVERE ] setting player 2 freeze to 2380
[20:46:07.338] [SEVERE ] updating countdown to 48018
[20:46:07.338] [SEVERE ] setting player 2 freeze to 2380
[20:46:08.338] [SEVERE ] updating countdown to 47018
[20:46:08.338] [SEVERE ] setting player 2 freeze to 1380
[20:46:08.338] [SEVERE ] updating countdown to 47018
[20:46:08.338] [SEVERE ] setting player 2 freeze to 1380
[20:46:08.827] [SEVERE ] removing player 2 token from slot 11
[20:46:08.828] [SEVERE ] player 2 placing token on slot 11
[20:46:08.830] [SEVERE ] updating countdown to 46526
[20:46:08.830] [SEVERE ] setting player 2 freeze to 0
[20:46:08.830] [SEVERE ] setting player 2 freeze to 3900
[20:46:08.830] [SEVERE ] setting player 2 freeze to 3900
[20:46:08.830] [SEVERE ] updating countdown to 46526
[20:46:08.830] [SEVERE ] setting player 2 freeze to 3900
[20:46:09.337] [SEVERE ] updating countdown to 46019
[20:46:09.337] [SEVERE ] setting player 2 freeze to 3393
[20:46:09.337] [SEVERE ] updating countdown to 46019
[20:46:09.337] [SEVERE ] setting player 2 freeze to 3393
[20:46:09.664] [SEVERE ] exit button pressed
[20:46:09.664] [INFO   ] thread computer-1 terminated.
[20:46:09.664] [INFO   ] thread Thread-0 terminated.
[20:46:10.338] [SEVERE ] updating countdown to 45018
[20:46:10.338] [SEVERE ] setting player 2 freeze to 2392
[20:46:10.338] [SEVERE ] updating countdown to 45018
[20:46:10.338] [SEVERE ] setting player 2 freeze to 2392
[20:46:10.338] [SEVERE ] updating countdown to 45018
[20:46:10.338] [SEVERE ] setting player 2 freeze to 2392
[20:46:10.448] [SEVERE ] removing card from slot 0
[20:46:10.558] [SEVERE ] removing card from slot 1
[20:46:10.668] [SEVERE ] removing card from slot 2
[20:46:10.778] [SEVERE ] removing player 2 token from slot 3
[20:46:10.778] [SEVERE ] removing card from slot 3
[20:46:10.888] [SEVERE ] removing card from slot 4
[20:46:10.999] [SEVERE ] removing card from slot 5
[20:46:11.110] [SEVERE ] removing card from slot 6
[20:46:11.220] [SEVERE ] removing player 2 token from slot 7
[20:46:11.220] [SEVERE ] removing card from slot 7
[20:46:11.330] [SEVERE ] removing card from slot 8
[20:46:11.441] [SEVERE ] removing card from slot 9
[20:46:11.551] [SEVERE ] removing card from slot 10
[20:46:11.662] [SEVERE ] removing player 2 token from slot 11
[20:46:11.662] [SEVERE ] removing card from slot 11
[20:46:11.662] [SEVERE ] announcing winner(s): player 1, player 2
[20:46:11.662] [INFO   ] thread dealer terminated.
[20:46:11.662] [INFO   ] thread Thread-1 terminated.
[20:46:11.662] [INFO   ] thread dealer terminated.
[20:46:11.662] [SEVERE ] thanks for playing... it was fun!
[20:46:11.662] [INFO   ] thread main terminated.
