[21:08:49.213] [INFO   ] thread main starting.
[21:08:49.213] [SEVERE ] cannot read configuration file config.properties trying from resources.
[21:08:49.221] [SEVERE ] configuration file was loaded from resources directory.
[21:08:49.593] [INFO   ] thread dealer starting.
[21:08:49.594] [INFO   ] thread dealer starting.
[21:08:49.594] [SEVERE ] updating countdown to 60000
[21:08:49.594] [INFO   ] thread Thread-0 starting.
[21:08:49.594] [INFO   ] thread Thread-1 starting.
[21:08:49.595] [INFO   ] thread computer-1 starting.
[21:08:49.710] [SEVERE ] updating countdown to 59884
[21:08:49.826] [SEVERE ] placing card 32 in slot 0
[21:08:49.929] [SEVERE ] placing card 8 in slot 1
[21:08:50.032] [SEVERE ] placing card 29 in slot 2
[21:08:50.145] [SEVERE ] placing card 21 in slot 3
[21:08:50.259] [SEVERE ] placing card 73 in slot 4
[21:08:50.360] [SEVERE ] placing card 44 in slot 5
[21:08:50.471] [SEVERE ] placing card 52 in slot 6
[21:08:50.572] [SEVERE ] placing card 43 in slot 7
[21:08:50.675] [SEVERE ] placing card 3 in slot 8
[21:08:50.776] [SEVERE ] placing card 79 in slot 9
[21:08:50.879] [SEVERE ] placing card 5 in slot 10
[21:08:50.980] [SEVERE ] placing card 35 in slot 11
[21:08:50.980] [SEVERE ] player 2 placing token on slot 0
[21:08:50.980] [SEVERE ] player 2 placing token on slot 5
[21:08:50.980] [SEVERE ] player 2 placing token on slot 1
[21:08:50.980] [SEVERE ] updating countdown to 58614
[21:08:50.980] [SEVERE ] setting player 2 freeze to 3900
[21:08:50.980] [SEVERE ] setting player 2 freeze to 3900
[21:08:51.586] [SEVERE ] updating countdown to 58008
[21:08:51.586] [SEVERE ] setting player 2 freeze to 3294
[21:08:51.586] [SEVERE ] updating countdown to 58008
[21:08:51.588] [SEVERE ] setting player 2 freeze to 3292
[21:08:51.589] [SEVERE ] updating countdown to 58005
[21:08:51.589] [SEVERE ] setting player 2 freeze to 3291
[21:08:51.589] [SEVERE ] updating countdown to 58005
[21:08:51.590] [SEVERE ] setting player 2 freeze to 3290
[21:08:51.590] [SEVERE ] updating countdown to 58004
[21:08:51.590] [SEVERE ] setting player 2 freeze to 3290
[21:08:51.591] [SEVERE ] updating countdown to 58003
[21:08:51.591] [SEVERE ] setting player 2 freeze to 3289
[21:08:51.591] [SEVERE ] updating countdown to 58003
[21:08:51.592] [SEVERE ] setting player 2 freeze to 3288
[21:08:51.592] [SEVERE ] updating countdown to 58002
[21:08:51.592] [SEVERE ] setting player 2 freeze to 3288
[21:08:51.593] [SEVERE ] updating countdown to 58001
[21:08:51.593] [SEVERE ] setting player 2 freeze to 3287
[21:08:51.594] [SEVERE ] updating countdown to 58000
[21:08:51.594] [SEVERE ] setting player 2 freeze to 3286
[21:08:51.594] [SEVERE ] updating countdown to 58000
[21:08:51.595] [SEVERE ] setting player 2 freeze to 3285
[21:08:52.584] [SEVERE ] updating countdown to 57010
[21:08:52.584] [SEVERE ] setting player 2 freeze to 2296
[21:08:52.584] [SEVERE ] updating countdown to 57010
[21:08:52.584] [SEVERE ] setting player 2 freeze to 2296
[21:08:52.584] [SEVERE ] updating countdown to 57010
[21:08:52.584] [SEVERE ] setting player 2 freeze to 2296
[21:08:52.584] [SEVERE ] updating countdown to 57010
[21:08:52.584] [SEVERE ] setting player 2 freeze to 2296
[21:08:52.588] [SEVERE ] updating countdown to 57006
[21:08:52.588] [SEVERE ] setting player 2 freeze to 2292
[21:08:52.589] [SEVERE ] updating countdown to 57005
[21:08:52.589] [SEVERE ] setting player 2 freeze to 2291
[21:08:52.590] [SEVERE ] updating countdown to 57004
[21:08:52.590] [SEVERE ] setting player 2 freeze to 2290
[21:08:52.591] [SEVERE ] updating countdown to 57003
[21:08:52.591] [SEVERE ] setting player 2 freeze to 2289
[21:08:52.592] [SEVERE ] updating countdown to 57002
[21:08:52.592] [SEVERE ] setting player 2 freeze to 2288
[21:08:52.593] [SEVERE ] updating countdown to 57001
[21:08:52.593] [SEVERE ] setting player 2 freeze to 2287
[21:08:52.594] [SEVERE ] updating countdown to 57000
[21:08:52.594] [SEVERE ] setting player 2 freeze to 2286
[21:08:52.594] [SEVERE ] updating countdown to 57000
[21:08:52.594] [SEVERE ] setting player 2 freeze to 2286
[21:08:53.585] [SEVERE ] updating countdown to 56009
[21:08:53.585] [SEVERE ] setting player 2 freeze to 1295
[21:08:53.586] [SEVERE ] updating countdown to 56008
[21:08:53.586] [SEVERE ] setting player 2 freeze to 1294
[21:08:53.586] [SEVERE ] updating countdown to 56008
[21:08:53.586] [SEVERE ] setting player 2 freeze to 1294
[21:08:53.586] [SEVERE ] updating countdown to 56008
[21:08:53.586] [SEVERE ] setting player 2 freeze to 1294
[21:08:53.586] [SEVERE ] updating countdown to 56008
[21:08:53.588] [SEVERE ] setting player 2 freeze to 1292
[21:08:53.588] [SEVERE ] updating countdown to 56006
[21:08:53.588] [SEVERE ] setting player 2 freeze to 1292
[21:08:53.589] [SEVERE ] updating countdown to 56005
[21:08:53.589] [SEVERE ] setting player 2 freeze to 1291
[21:08:53.590] [SEVERE ] updating countdown to 56004
[21:08:53.590] [SEVERE ] setting player 2 freeze to 1290
[21:08:53.591] [SEVERE ] updating countdown to 56003
[21:08:53.591] [SEVERE ] setting player 2 freeze to 1289
[21:08:53.592] [SEVERE ] updating countdown to 56002
[21:08:53.592] [SEVERE ] setting player 2 freeze to 1288
[21:08:53.592] [SEVERE ] updating countdown to 56002
[21:08:53.592] [SEVERE ] setting player 2 freeze to 1288
[21:08:53.593] [SEVERE ] updating countdown to 56001
[21:08:53.593] [SEVERE ] setting player 2 freeze to 1287
[21:08:53.593] [SEVERE ] updating countdown to 56001
[21:08:53.593] [SEVERE ] setting player 2 freeze to 1287
[21:08:53.594] [SEVERE ] updating countdown to 56000
[21:08:53.594] [SEVERE ] setting player 2 freeze to 1286
[21:08:53.595] [SEVERE ] updating countdown to 55999
[21:08:53.595] [SEVERE ] setting player 2 freeze to 1285
[21:08:53.995] [SEVERE ] removing player 2 token from slot 1
[21:08:53.995] [SEVERE ] player 2 placing token on slot 6
[21:08:53.996] [SEVERE ] updating countdown to 55598
[21:08:53.996] [SEVERE ] setting player 2 freeze to 0
[21:08:53.996] [SEVERE ] setting player 2 freeze to 3900
[21:08:53.996] [SEVERE ] setting player 2 freeze to 3900
[21:08:54.586] [SEVERE ] updating countdown to 55008
[21:08:54.586] [SEVERE ] setting player 2 freeze to 3310
[21:08:54.586] [SEVERE ] updating countdown to 55008
[21:08:54.586] [SEVERE ] setting player 2 freeze to 3310
[21:08:54.588] [SEVERE ] updating countdown to 55006
[21:08:54.588] [SEVERE ] setting player 2 freeze to 3308
[21:08:54.588] [SEVERE ] updating countdown to 55006
[21:08:54.588] [SEVERE ] setting player 2 freeze to 3308
[21:08:54.588] [SEVERE ] updating countdown to 55006
[21:08:54.589] [SEVERE ] setting player 2 freeze to 3307
[21:08:54.589] [SEVERE ] updating countdown to 55005
[21:08:54.589] [SEVERE ] setting player 2 freeze to 3307
[21:08:54.589] [SEVERE ] updating countdown to 55005
[21:08:54.590] [SEVERE ] setting player 2 freeze to 3306
[21:08:54.590] [SEVERE ] updating countdown to 55004
[21:08:54.590] [SEVERE ] setting player 2 freeze to 3306
[21:08:54.591] [SEVERE ] updating countdown to 55003
[21:08:54.591] [SEVERE ] setting player 2 freeze to 3305
[21:08:54.592] [SEVERE ] updating countdown to 55002
[21:08:54.592] [SEVERE ] setting player 2 freeze to 3304
[21:08:54.592] [SEVERE ] updating countdown to 55002
[21:08:54.592] [SEVERE ] setting player 2 freeze to 3304
[21:08:54.593] [SEVERE ] updating countdown to 55001
[21:08:54.593] [SEVERE ] setting player 2 freeze to 3303
[21:08:54.593] [SEVERE ] updating countdown to 55001
[21:08:54.593] [SEVERE ] setting player 2 freeze to 3303
[21:08:54.594] [SEVERE ] updating countdown to 55000
[21:08:54.594] [SEVERE ] setting player 2 freeze to 3302
[21:08:54.595] [SEVERE ] updating countdown to 54999
[21:08:54.595] [SEVERE ] setting player 2 freeze to 3301
[21:08:55.585] [SEVERE ] updating countdown to 54009
[21:08:55.585] [SEVERE ] setting player 2 freeze to 2311
[21:08:55.585] [SEVERE ] updating countdown to 54009
[21:08:55.585] [SEVERE ] setting player 2 freeze to 2311
[21:08:55.585] [SEVERE ] updating countdown to 54009
[21:08:55.585] [SEVERE ] setting player 2 freeze to 2311
[21:08:55.585] [SEVERE ] updating countdown to 54009
[21:08:55.585] [SEVERE ] setting player 2 freeze to 2311
[21:08:55.585] [SEVERE ] updating countdown to 54009
[21:08:55.585] [SEVERE ] setting player 2 freeze to 2311
[21:08:55.585] [SEVERE ] updating countdown to 54009
[21:08:55.588] [SEVERE ] setting player 2 freeze to 2308
[21:08:55.588] [SEVERE ] updating countdown to 54006
[21:08:55.588] [SEVERE ] setting player 2 freeze to 2308
[21:08:55.589] [SEVERE ] updating countdown to 54006
[21:08:55.589] [SEVERE ] setting player 2 freeze to 2307
[21:08:55.589] [SEVERE ] updating countdown to 54005
[21:08:55.589] [SEVERE ] setting player 2 freeze to 2307
[21:08:55.589] [SEVERE ] updating countdown to 54005
[21:08:55.590] [SEVERE ] setting player 2 freeze to 2306
[21:08:55.590] [SEVERE ] updating countdown to 54004
[21:08:55.590] [SEVERE ] setting player 2 freeze to 2306
[21:08:55.590] [SEVERE ] updating countdown to 54004
[21:08:55.590] [SEVERE ] setting player 2 freeze to 2306
[21:08:55.591] [SEVERE ] updating countdown to 54003
[21:08:55.591] [SEVERE ] setting player 2 freeze to 2305
[21:08:55.591] [SEVERE ] updating countdown to 54003
[21:08:55.591] [SEVERE ] setting player 2 freeze to 2305
[21:08:55.591] [SEVERE ] updating countdown to 54003
[21:08:55.591] [SEVERE ] setting player 2 freeze to 2305
[21:08:55.592] [SEVERE ] updating countdown to 54002
[21:08:55.592] [SEVERE ] setting player 2 freeze to 2304
[21:08:55.592] [SEVERE ] updating countdown to 54002
[21:08:55.592] [SEVERE ] setting player 2 freeze to 2304
[21:08:55.592] [SEVERE ] updating countdown to 54002
[21:08:55.593] [SEVERE ] setting player 2 freeze to 2303
[21:08:55.593] [SEVERE ] updating countdown to 54001
[21:08:55.593] [SEVERE ] setting player 2 freeze to 2303
[21:08:55.593] [SEVERE ] updating countdown to 54001
[21:08:55.593] [SEVERE ] setting player 2 freeze to 2303
[21:08:55.593] [SEVERE ] updating countdown to 54001
[21:08:55.593] [SEVERE ] setting player 2 freeze to 2303
[21:08:55.594] [SEVERE ] updating countdown to 54000
[21:08:55.594] [SEVERE ] setting player 2 freeze to 2302
[21:08:55.594] [SEVERE ] updating countdown to 54000
[21:08:55.594] [SEVERE ] setting player 2 freeze to 2302
[21:08:55.595] [SEVERE ] updating countdown to 54000
[21:08:55.595] [SEVERE ] setting player 2 freeze to 2301
[21:08:56.585] [SEVERE ] updating countdown to 53009
[21:08:56.585] [SEVERE ] setting player 2 freeze to 1311
[21:08:56.585] [SEVERE ] updating countdown to 53009
[21:08:56.586] [SEVERE ] setting player 2 freeze to 1310
[21:08:56.586] [SEVERE ] updating countdown to 53008
[21:08:56.586] [SEVERE ] setting player 2 freeze to 1310
[21:08:56.586] [SEVERE ] updating countdown to 53008
[21:08:56.586] [SEVERE ] setting player 2 freeze to 1310
[21:08:56.586] [SEVERE ] updating countdown to 53008
[21:08:56.586] [SEVERE ] setting player 2 freeze to 1310
[21:08:56.586] [SEVERE ] updating countdown to 53008
[21:08:56.586] [SEVERE ] setting player 2 freeze to 1310
[21:08:56.588] [SEVERE ] updating countdown to 53006
[21:08:56.588] [SEVERE ] setting player 2 freeze to 1308
[21:08:56.588] [SEVERE ] updating countdown to 53006
[21:08:56.588] [SEVERE ] setting player 2 freeze to 1308
[21:08:56.589] [SEVERE ] updating countdown to 53005
[21:08:56.589] [SEVERE ] setting player 2 freeze to 1307
[21:08:56.589] [SEVERE ] updating countdown to 53005
[21:08:56.589] [SEVERE ] setting player 2 freeze to 1307
[21:08:56.590] [SEVERE ] updating countdown to 53004
[21:08:56.590] [SEVERE ] setting player 2 freeze to 1306
[21:08:56.590] [SEVERE ] updating countdown to 53004
[21:08:56.590] [SEVERE ] setting player 2 freeze to 1306
[21:08:56.591] [SEVERE ] updating countdown to 53003
[21:08:56.591] [SEVERE ] setting player 2 freeze to 1305
[21:08:56.591] [SEVERE ] updating countdown to 53003
[21:08:56.591] [SEVERE ] setting player 2 freeze to 1305
[21:08:56.592] [SEVERE ] updating countdown to 53002
[21:08:56.592] [SEVERE ] setting player 2 freeze to 1304
[21:08:56.592] [SEVERE ] updating countdown to 53002
[21:08:56.592] [SEVERE ] setting player 2 freeze to 1304
[21:08:56.592] [SEVERE ] updating countdown to 53002
[21:08:56.592] [SEVERE ] setting player 2 freeze to 1304
[21:08:56.592] [SEVERE ] updating countdown to 53002
[21:08:56.592] [SEVERE ] setting player 2 freeze to 1304
[21:08:56.593] [SEVERE ] updating countdown to 53001
[21:08:56.593] [SEVERE ] setting player 2 freeze to 1303
[21:08:56.593] [SEVERE ] updating countdown to 53001
[21:08:56.593] [SEVERE ] setting player 2 freeze to 1303
[21:08:56.593] [SEVERE ] updating countdown to 53001
[21:08:56.593] [SEVERE ] setting player 2 freeze to 1303
[21:08:56.593] [SEVERE ] updating countdown to 53001
[21:08:56.594] [SEVERE ] setting player 2 freeze to 1302
[21:08:56.594] [SEVERE ] updating countdown to 53000
[21:08:56.594] [SEVERE ] setting player 2 freeze to 1302
[21:08:56.594] [SEVERE ] updating countdown to 53000
[21:08:56.594] [SEVERE ] setting player 2 freeze to 1302
[21:08:56.595] [SEVERE ] updating countdown to 52999
[21:08:56.595] [SEVERE ] setting player 2 freeze to 1301
[21:08:57.005] [SEVERE ] removing player 2 token from slot 5
[21:08:57.005] [SEVERE ] player 2 placing token on slot 4
[21:08:57.007] [SEVERE ] updating countdown to 52587
[21:08:57.007] [SEVERE ] setting player 2 freeze to 0
[21:08:57.008] [SEVERE ] setting player 2 freeze to 3900
[21:08:57.008] [SEVERE ] setting player 2 freeze to 3900
[21:08:57.585] [SEVERE ] updating countdown to 52009
[21:08:57.585] [SEVERE ] setting player 2 freeze to 3323
[21:08:57.585] [SEVERE ] updating countdown to 52009
[21:08:57.585] [SEVERE ] setting player 2 freeze to 3323
[21:08:57.585] [SEVERE ] updating countdown to 52009
[21:08:57.585] [SEVERE ] setting player 2 freeze to 3323
[21:08:57.585] [SEVERE ] updating countdown to 52009
[21:08:57.585] [SEVERE ] setting player 2 freeze to 3323
[21:08:57.585] [SEVERE ] updating countdown to 52009
[21:08:57.585] [SEVERE ] setting player 2 freeze to 3323
[21:08:57.587] [SEVERE ] updating countdown to 52007
[21:08:57.587] [SEVERE ] setting player 2 freeze to 3321
[21:08:57.587] [SEVERE ] updating countdown to 52007
[21:08:57.587] [SEVERE ] setting player 2 freeze to 3321
[21:08:57.588] [SEVERE ] updating countdown to 52006
[21:08:57.588] [SEVERE ] setting player 2 freeze to 3320
[21:08:57.588] [SEVERE ] updating countdown to 52006
[21:08:57.588] [SEVERE ] setting player 2 freeze to 3320
[21:08:57.589] [SEVERE ] updating countdown to 52005
[21:08:57.589] [SEVERE ] setting player 2 freeze to 3319
[21:08:57.589] [SEVERE ] updating countdown to 52005
[21:08:57.589] [SEVERE ] setting player 2 freeze to 3319
[21:08:57.590] [SEVERE ] updating countdown to 52004
[21:08:57.590] [SEVERE ] setting player 2 freeze to 3318
[21:08:57.591] [SEVERE ] updating countdown to 52003
[21:08:57.591] [SEVERE ] setting player 2 freeze to 3317
[21:08:57.591] [SEVERE ] updating countdown to 52003
[21:08:57.591] [SEVERE ] setting player 2 freeze to 3317
[21:08:57.592] [SEVERE ] updating countdown to 52002
[21:08:57.592] [SEVERE ] setting player 2 freeze to 3316
[21:08:57.592] [SEVERE ] updating countdown to 52002
[21:08:57.592] [SEVERE ] setting player 2 freeze to 3316
[21:08:57.592] [SEVERE ] updating countdown to 52002
[21:08:57.592] [SEVERE ] setting player 2 freeze to 3316
[21:08:57.594] [SEVERE ] updating countdown to 52000
[21:08:57.594] [SEVERE ] setting player 2 freeze to 3314
[21:08:57.594] [SEVERE ] updating countdown to 52000
[21:08:57.594] [SEVERE ] setting player 2 freeze to 3314
[21:08:57.594] [SEVERE ] updating countdown to 52000
[21:08:57.594] [SEVERE ] setting player 2 freeze to 3314
[21:08:57.594] [SEVERE ] updating countdown to 52000
[21:08:57.594] [SEVERE ] setting player 2 freeze to 3314
[21:08:58.585] [SEVERE ] updating countdown to 51009
[21:08:58.585] [SEVERE ] setting player 2 freeze to 2323
[21:08:58.585] [SEVERE ] updating countdown to 51009
[21:08:58.585] [SEVERE ] setting player 2 freeze to 2323
[21:08:58.585] [SEVERE ] updating countdown to 51009
[21:08:58.585] [SEVERE ] setting player 2 freeze to 2323
[21:08:58.585] [SEVERE ] updating countdown to 51009
[21:08:58.585] [SEVERE ] setting player 2 freeze to 2323
[21:08:58.585] [SEVERE ] updating countdown to 51009
[21:08:58.585] [SEVERE ] setting player 2 freeze to 2323
[21:08:58.585] [SEVERE ] updating countdown to 51009
[21:08:58.585] [SEVERE ] setting player 2 freeze to 2323
[21:08:58.585] [SEVERE ] updating countdown to 51009
[21:08:58.585] [SEVERE ] setting player 2 freeze to 2323
[21:08:58.588] [SEVERE ] updating countdown to 51009
[21:08:58.588] [SEVERE ] setting player 2 freeze to 2320
[21:08:58.588] [SEVERE ] updating countdown to 51006
[21:08:58.588] [SEVERE ] setting player 2 freeze to 2320
[21:08:58.588] [SEVERE ] updating countdown to 51006
[21:08:58.588] [SEVERE ] setting player 2 freeze to 2320
[21:08:58.589] [SEVERE ] updating countdown to 51005
[21:08:58.589] [SEVERE ] setting player 2 freeze to 2319
[21:08:58.589] [SEVERE ] updating countdown to 51005
[21:08:58.589] [SEVERE ] setting player 2 freeze to 2319
[21:08:58.589] [SEVERE ] updating countdown to 51005
[21:08:58.589] [SEVERE ] setting player 2 freeze to 2319
[21:08:58.589] [SEVERE ] updating countdown to 51005
[21:08:58.589] [SEVERE ] setting player 2 freeze to 2319
[21:08:58.589] [SEVERE ] updating countdown to 51005
[21:08:58.589] [SEVERE ] setting player 2 freeze to 2319
[21:08:58.590] [SEVERE ] updating countdown to 51004
[21:08:58.590] [SEVERE ] setting player 2 freeze to 2318
[21:08:58.590] [SEVERE ] updating countdown to 51004
[21:08:58.590] [SEVERE ] setting player 2 freeze to 2318
[21:08:58.590] [SEVERE ] updating countdown to 51004
[21:08:58.590] [SEVERE ] setting player 2 freeze to 2318
[21:08:58.590] [SEVERE ] updating countdown to 51004
[21:08:58.591] [SEVERE ] setting player 2 freeze to 2317
[21:08:58.591] [SEVERE ] updating countdown to 51003
[21:08:58.591] [SEVERE ] setting player 2 freeze to 2317
[21:08:58.591] [SEVERE ] updating countdown to 51003
[21:08:58.591] [SEVERE ] setting player 2 freeze to 2317
[21:08:58.591] [SEVERE ] updating countdown to 51003
[21:08:58.591] [SEVERE ] setting player 2 freeze to 2317
[21:08:58.591] [SEVERE ] updating countdown to 51003
[21:08:58.591] [SEVERE ] setting player 2 freeze to 2317
[21:08:58.591] [SEVERE ] updating countdown to 51003
[21:08:58.591] [SEVERE ] setting player 2 freeze to 2317
[21:08:58.592] [SEVERE ] updating countdown to 51002
[21:08:58.592] [SEVERE ] setting player 2 freeze to 2316
[21:08:58.592] [SEVERE ] updating countdown to 51002
[21:08:58.592] [SEVERE ] setting player 2 freeze to 2316
[21:08:58.592] [SEVERE ] updating countdown to 51002
[21:08:58.592] [SEVERE ] setting player 2 freeze to 2316
[21:08:58.592] [SEVERE ] updating countdown to 51002
[21:08:58.592] [SEVERE ] setting player 2 freeze to 2316
[21:08:58.592] [SEVERE ] updating countdown to 51002
[21:08:58.592] [SEVERE ] setting player 2 freeze to 2316
[21:08:58.593] [SEVERE ] updating countdown to 51001
[21:08:58.593] [SEVERE ] setting player 2 freeze to 2315
[21:08:58.593] [SEVERE ] updating countdown to 51001
[21:08:58.593] [SEVERE ] setting player 2 freeze to 2315
[21:08:58.593] [SEVERE ] updating countdown to 51001
[21:08:58.593] [SEVERE ] setting player 2 freeze to 2315
[21:08:58.593] [SEVERE ] updating countdown to 51001
[21:08:58.593] [SEVERE ] setting player 2 freeze to 2315
[21:08:58.593] [SEVERE ] updating countdown to 51001
[21:08:58.593] [SEVERE ] setting player 2 freeze to 2315
[21:08:58.593] [SEVERE ] updating countdown to 51001
[21:08:58.594] [SEVERE ] setting player 2 freeze to 2314
[21:08:58.594] [SEVERE ] updating countdown to 51000
[21:08:58.594] [SEVERE ] setting player 2 freeze to 2314
[21:08:58.594] [SEVERE ] updating countdown to 51000
[21:08:58.594] [SEVERE ] setting player 2 freeze to 2314
[21:08:58.594] [SEVERE ] updating countdown to 51000
[21:08:58.594] [SEVERE ] setting player 2 freeze to 2314
[21:08:58.595] [SEVERE ] updating countdown to 50999
[21:08:58.595] [SEVERE ] setting player 2 freeze to 2313
[21:08:59.585] [SEVERE ] updating countdown to 50009
[21:08:59.585] [SEVERE ] setting player 2 freeze to 1323
[21:08:59.585] [SEVERE ] updating countdown to 50009
[21:08:59.585] [SEVERE ] setting player 2 freeze to 1323
[21:08:59.585] [SEVERE ] updating countdown to 50009
[21:08:59.585] [SEVERE ] setting player 2 freeze to 1323
[21:08:59.585] [SEVERE ] updating countdown to 50009
[21:08:59.585] [SEVERE ] setting player 2 freeze to 1323
[21:08:59.585] [SEVERE ] updating countdown to 50009
[21:08:59.585] [SEVERE ] setting player 2 freeze to 1323
[21:08:59.585] [SEVERE ] updating countdown to 50009
[21:08:59.585] [SEVERE ] setting player 2 freeze to 1323
[21:08:59.585] [SEVERE ] updating countdown to 50009
[21:08:59.588] [SEVERE ] setting player 2 freeze to 1320
[21:08:59.588] [SEVERE ] updating countdown to 50006
[21:08:59.588] [SEVERE ] setting player 2 freeze to 1320
[21:08:59.588] [SEVERE ] updating countdown to 50006
[21:08:59.588] [SEVERE ] setting player 2 freeze to 1320
[21:08:59.589] [SEVERE ] updating countdown to 50006
[21:08:59.589] [SEVERE ] setting player 2 freeze to 1319
[21:08:59.589] [SEVERE ] updating countdown to 50005
[21:08:59.589] [SEVERE ] setting player 2 freeze to 1319
[21:08:59.590] [SEVERE ] updating countdown to 50004
[21:08:59.590] [SEVERE ] setting player 2 freeze to 1318
[21:08:59.591] [SEVERE ] updating countdown to 50003
[21:08:59.591] [SEVERE ] setting player 2 freeze to 1317
[21:08:59.591] [SEVERE ] updating countdown to 50003
[21:08:59.591] [SEVERE ] setting player 2 freeze to 1317
[21:08:59.592] [SEVERE ] updating countdown to 50003
[21:08:59.592] [SEVERE ] setting player 2 freeze to 1316
[21:08:59.592] [SEVERE ] updating countdown to 50002
[21:08:59.592] [SEVERE ] setting player 2 freeze to 1316
[21:08:59.593] [SEVERE ] updating countdown to 50001
[21:08:59.593] [SEVERE ] setting player 2 freeze to 1315
[21:08:59.593] [SEVERE ] updating countdown to 50001
[21:08:59.593] [SEVERE ] setting player 2 freeze to 1315
[21:08:59.594] [SEVERE ] updating countdown to 50000
[21:08:59.594] [SEVERE ] setting player 2 freeze to 1314
[21:09:00.021] [SEVERE ] removing player 2 token from slot 0
[21:09:00.021] [SEVERE ] player 2 placing token on slot 11
[21:09:00.021] [SEVERE ] updating countdown to 49573
[21:09:00.022] [SEVERE ] setting player 2 freeze to 0
[21:09:00.022] [SEVERE ] setting player 2 freeze to 3900
[21:09:00.022] [SEVERE ] setting player 2 freeze to 3900
[21:09:00.584] [SEVERE ] updating countdown to 49010
[21:09:00.584] [SEVERE ] setting player 2 freeze to 3338
[21:09:00.584] [SEVERE ] updating countdown to 49010
[21:09:00.584] [SEVERE ] setting player 2 freeze to 3338
[21:09:00.584] [SEVERE ] updating countdown to 49010
[21:09:00.584] [SEVERE ] setting player 2 freeze to 3338
[21:09:00.588] [SEVERE ] updating countdown to 49006
[21:09:00.588] [SEVERE ] setting player 2 freeze to 3334
[21:09:00.589] [SEVERE ] updating countdown to 49005
[21:09:00.589] [SEVERE ] setting player 2 freeze to 3333
[21:09:00.589] [SEVERE ] updating countdown to 49005
[21:09:00.589] [SEVERE ] setting player 2 freeze to 3333
[21:09:00.590] [SEVERE ] updating countdown to 49004
[21:09:00.590] [SEVERE ] setting player 2 freeze to 3332
[21:09:00.590] [SEVERE ] updating countdown to 49004
[21:09:00.590] [SEVERE ] setting player 2 freeze to 3332
[21:09:00.590] [SEVERE ] updating countdown to 49004
[21:09:00.590] [SEVERE ] setting player 2 freeze to 3332
[21:09:00.590] [SEVERE ] updating countdown to 49004
[21:09:00.590] [SEVERE ] setting player 2 freeze to 3332
[21:09:00.591] [SEVERE ] updating countdown to 49003
[21:09:00.591] [SEVERE ] setting player 2 freeze to 3331
[21:09:00.591] [SEVERE ] updating countdown to 49003
[21:09:00.591] [SEVERE ] setting player 2 freeze to 3331
[21:09:00.591] [SEVERE ] updating countdown to 49003
[21:09:00.591] [SEVERE ] setting player 2 freeze to 3331
[21:09:00.592] [SEVERE ] updating countdown to 49002
[21:09:00.592] [SEVERE ] setting player 2 freeze to 3330
[21:09:00.592] [SEVERE ] updating countdown to 49002
[21:09:00.592] [SEVERE ] setting player 2 freeze to 3330
[21:09:00.592] [SEVERE ] updating countdown to 49002
[21:09:00.592] [SEVERE ] setting player 2 freeze to 3330
[21:09:00.592] [SEVERE ] updating countdown to 49002
[21:09:00.592] [SEVERE ] setting player 2 freeze to 3330
[21:09:00.593] [SEVERE ] updating countdown to 49001
[21:09:00.593] [SEVERE ] setting player 2 freeze to 3329
[21:09:00.593] [SEVERE ] updating countdown to 49001
[21:09:00.593] [SEVERE ] setting player 2 freeze to 3329
[21:09:00.593] [SEVERE ] updating countdown to 49001
[21:09:00.593] [SEVERE ] setting player 2 freeze to 3329
[21:09:00.593] [SEVERE ] updating countdown to 49001
[21:09:00.593] [SEVERE ] setting player 2 freeze to 3329
[21:09:00.593] [SEVERE ] updating countdown to 49001
[21:09:00.593] [SEVERE ] setting player 2 freeze to 3329
[21:09:00.594] [SEVERE ] updating countdown to 49000
[21:09:00.594] [SEVERE ] setting player 2 freeze to 3328
[21:09:00.594] [SEVERE ] updating countdown to 49000
[21:09:00.594] [SEVERE ] setting player 2 freeze to 3328
[21:09:00.595] [SEVERE ] updating countdown to 48999
[21:09:00.595] [SEVERE ] setting player 2 freeze to 3327
[21:09:01.585] [SEVERE ] updating countdown to 48009
[21:09:01.585] [SEVERE ] setting player 2 freeze to 2337
[21:09:01.585] [SEVERE ] updating countdown to 48009
[21:09:01.585] [SEVERE ] setting player 2 freeze to 2337
[21:09:01.585] [SEVERE ] updating countdown to 48009
[21:09:01.585] [SEVERE ] setting player 2 freeze to 2337
[21:09:01.585] [SEVERE ] updating countdown to 48009
[21:09:01.585] [SEVERE ] setting player 2 freeze to 2337
[21:09:01.585] [SEVERE ] updating countdown to 48009
[21:09:01.585] [SEVERE ] setting player 2 freeze to 2337
[21:09:01.585] [SEVERE ] updating countdown to 48009
[21:09:01.585] [SEVERE ] setting player 2 freeze to 2337
[21:09:01.585] [SEVERE ] updating countdown to 48009
[21:09:01.585] [SEVERE ] setting player 2 freeze to 2337
[21:09:01.585] [SEVERE ] updating countdown to 48009
[21:09:01.588] [SEVERE ] setting player 2 freeze to 2334
[21:09:01.588] [SEVERE ] updating countdown to 48006
[21:09:01.588] [SEVERE ] setting player 2 freeze to 2334
[21:09:01.588] [SEVERE ] updating countdown to 48006
[21:09:01.589] [SEVERE ] setting player 2 freeze to 2333
[21:09:01.589] [SEVERE ] updating countdown to 48005
[21:09:01.589] [SEVERE ] setting player 2 freeze to 2333
[21:09:01.589] [SEVERE ] updating countdown to 48005
[21:09:01.589] [SEVERE ] setting player 2 freeze to 2333
[21:09:01.590] [SEVERE ] updating countdown to 48004
[21:09:01.590] [SEVERE ] setting player 2 freeze to 2332
[21:09:01.590] [SEVERE ] updating countdown to 48004
[21:09:01.590] [SEVERE ] setting player 2 freeze to 2332
[21:09:01.591] [SEVERE ] updating countdown to 48003
[21:09:01.591] [SEVERE ] setting player 2 freeze to 2331
[21:09:01.591] [SEVERE ] updating countdown to 48003
[21:09:01.591] [SEVERE ] setting player 2 freeze to 2331
[21:09:01.591] [SEVERE ] updating countdown to 48003
[21:09:01.591] [SEVERE ] setting player 2 freeze to 2331
[21:09:01.591] [SEVERE ] updating countdown to 48003
[21:09:01.591] [SEVERE ] setting player 2 freeze to 2331
[21:09:01.592] [SEVERE ] updating countdown to 48002
[21:09:01.592] [SEVERE ] setting player 2 freeze to 2330
[21:09:01.592] [SEVERE ] updating countdown to 48002
[21:09:01.592] [SEVERE ] setting player 2 freeze to 2330
[21:09:01.592] [SEVERE ] updating countdown to 48002
[21:09:01.592] [SEVERE ] setting player 2 freeze to 2330
[21:09:01.593] [SEVERE ] updating countdown to 48001
[21:09:01.593] [SEVERE ] setting player 2 freeze to 2329
[21:09:01.593] [SEVERE ] updating countdown to 48001
[21:09:01.593] [SEVERE ] setting player 2 freeze to 2329
[21:09:01.593] [SEVERE ] updating countdown to 48001
[21:09:01.593] [SEVERE ] setting player 2 freeze to 2329
[21:09:01.593] [SEVERE ] updating countdown to 48001
[21:09:01.593] [SEVERE ] setting player 2 freeze to 2329
[21:09:01.594] [SEVERE ] updating countdown to 48000
[21:09:01.594] [SEVERE ] setting player 2 freeze to 2328
[21:09:01.594] [SEVERE ] updating countdown to 48000
[21:09:01.594] [SEVERE ] setting player 2 freeze to 2328
[21:09:01.594] [SEVERE ] updating countdown to 48000
[21:09:01.594] [SEVERE ] setting player 2 freeze to 2328
[21:09:01.594] [SEVERE ] updating countdown to 48000
[21:09:01.594] [SEVERE ] setting player 2 freeze to 2328
[21:09:01.595] [SEVERE ] updating countdown to 47999
[21:09:01.595] [SEVERE ] setting player 2 freeze to 2327
[21:09:02.585] [SEVERE ] updating countdown to 47009
[21:09:02.585] [SEVERE ] setting player 2 freeze to 1337
[21:09:02.586] [SEVERE ] updating countdown to 47008
[21:09:02.586] [SEVERE ] setting player 2 freeze to 1336
[21:09:02.586] [SEVERE ] updating countdown to 47008
[21:09:02.586] [SEVERE ] setting player 2 freeze to 1336
[21:09:02.586] [SEVERE ] updating countdown to 47008
[21:09:02.586] [SEVERE ] setting player 2 freeze to 1336
[21:09:02.586] [SEVERE ] updating countdown to 47008
[21:09:02.586] [SEVERE ] setting player 2 freeze to 1336
[21:09:02.588] [SEVERE ] updating countdown to 47006
[21:09:02.588] [SEVERE ] setting player 2 freeze to 1334
[21:09:02.588] [SEVERE ] updating countdown to 47006
[21:09:02.588] [SEVERE ] setting player 2 freeze to 1334
[21:09:02.588] [SEVERE ] updating countdown to 47006
[21:09:02.588] [SEVERE ] setting player 2 freeze to 1334
[21:09:02.589] [SEVERE ] updating countdown to 47005
[21:09:02.589] [SEVERE ] setting player 2 freeze to 1333
[21:09:02.589] [SEVERE ] updating countdown to 47005
[21:09:02.589] [SEVERE ] setting player 2 freeze to 1333
[21:09:02.589] [SEVERE ] updating countdown to 47005
[21:09:02.589] [SEVERE ] setting player 2 freeze to 1333
[21:09:02.590] [SEVERE ] updating countdown to 47004
[21:09:02.590] [SEVERE ] setting player 2 freeze to 1332
[21:09:02.590] [SEVERE ] updating countdown to 47004
[21:09:02.590] [SEVERE ] setting player 2 freeze to 1332
[21:09:02.590] [SEVERE ] updating countdown to 47004
[21:09:02.590] [SEVERE ] setting player 2 freeze to 1332
[21:09:02.590] [SEVERE ] updating countdown to 47004
[21:09:02.590] [SEVERE ] setting player 2 freeze to 1332
[21:09:02.591] [SEVERE ] updating countdown to 47003
[21:09:02.591] [SEVERE ] setting player 2 freeze to 1331
[21:09:02.591] [SEVERE ] updating countdown to 47003
[21:09:02.591] [SEVERE ] setting player 2 freeze to 1331
[21:09:02.592] [SEVERE ] updating countdown to 47002
[21:09:02.592] [SEVERE ] setting player 2 freeze to 1330
[21:09:02.593] [SEVERE ] updating countdown to 47001
[21:09:02.593] [SEVERE ] setting player 2 freeze to 1329
[21:09:02.593] [SEVERE ] updating countdown to 47001
[21:09:02.593] [SEVERE ] setting player 2 freeze to 1329
[21:09:02.593] [SEVERE ] updating countdown to 47001
[21:09:02.593] [SEVERE ] setting player 2 freeze to 1329
[21:09:02.594] [SEVERE ] updating countdown to 47000
[21:09:02.594] [SEVERE ] setting player 2 freeze to 1328
[21:09:02.594] [SEVERE ] updating countdown to 47000
[21:09:02.594] [SEVERE ] setting player 2 freeze to 1328
[21:09:02.594] [SEVERE ] updating countdown to 47000
[21:09:02.594] [SEVERE ] setting player 2 freeze to 1328
[21:09:02.594] [SEVERE ] updating countdown to 47000
[21:09:02.594] [SEVERE ] setting player 2 freeze to 1328
[21:09:02.595] [SEVERE ] updating countdown to 46999
[21:09:02.595] [SEVERE ] setting player 2 freeze to 1327
[21:09:03.025] [SEVERE ] removing player 2 token from slot 11
[21:09:03.025] [SEVERE ] player 2 placing token on slot 5
[21:09:03.025] [SEVERE ] updating countdown to 46569
[21:09:03.025] [SEVERE ] setting player 2 freeze to 0
[21:09:03.025] [SEVERE ] setting player 2 freeze to 3900
[21:09:03.025] [SEVERE ] setting player 2 freeze to 3900
[21:09:03.585] [SEVERE ] updating countdown to 46009
[21:09:03.585] [SEVERE ] setting player 2 freeze to 3340
[21:09:03.585] [SEVERE ] updating countdown to 46009
[21:09:03.585] [SEVERE ] setting player 2 freeze to 3340
[21:09:03.585] [SEVERE ] updating countdown to 46009
[21:09:03.585] [SEVERE ] setting player 2 freeze to 3340
[21:09:03.585] [SEVERE ] updating countdown to 46009
[21:09:03.585] [SEVERE ] setting player 2 freeze to 3340
[21:09:03.585] [SEVERE ] updating countdown to 46009
[21:09:03.585] [SEVERE ] setting player 2 freeze to 3340
[21:09:03.585] [SEVERE ] updating countdown to 46009
[21:09:03.585] [SEVERE ] setting player 2 freeze to 3340
[21:09:03.585] [SEVERE ] updating countdown to 46009
[21:09:03.585] [SEVERE ] setting player 2 freeze to 3340
[21:09:03.588] [SEVERE ] updating countdown to 46006
[21:09:03.588] [SEVERE ] setting player 2 freeze to 3337
[21:09:03.588] [SEVERE ] updating countdown to 46006
[21:09:03.588] [SEVERE ] setting player 2 freeze to 3337
[21:09:03.588] [SEVERE ] updating countdown to 46006
[21:09:03.588] [SEVERE ] setting player 2 freeze to 3337
[21:09:03.588] [SEVERE ] updating countdown to 46006
[21:09:03.588] [SEVERE ] setting player 2 freeze to 3337
[21:09:03.589] [SEVERE ] updating countdown to 46005
[21:09:03.589] [SEVERE ] setting player 2 freeze to 3336
[21:09:03.589] [SEVERE ] updating countdown to 46005
[21:09:03.589] [SEVERE ] setting player 2 freeze to 3336
[21:09:03.589] [SEVERE ] updating countdown to 46005
[21:09:03.589] [SEVERE ] setting player 2 freeze to 3336
[21:09:03.589] [SEVERE ] updating countdown to 46005
[21:09:03.589] [SEVERE ] setting player 2 freeze to 3336
[21:09:03.589] [SEVERE ] updating countdown to 46005
[21:09:03.589] [SEVERE ] setting player 2 freeze to 3336
[21:09:03.589] [SEVERE ] updating countdown to 46005
[21:09:03.589] [SEVERE ] setting player 2 freeze to 3336
[21:09:03.589] [SEVERE ] updating countdown to 46005
[21:09:03.589] [SEVERE ] setting player 2 freeze to 3336
[21:09:03.589] [SEVERE ] updating countdown to 46005
[21:09:03.589] [SEVERE ] setting player 2 freeze to 3336
[21:09:03.589] [SEVERE ] updating countdown to 46005
[21:09:03.590] [SEVERE ] setting player 2 freeze to 3335
[21:09:03.590] [SEVERE ] updating countdown to 46004
[21:09:03.590] [SEVERE ] setting player 2 freeze to 3335
[21:09:03.590] [SEVERE ] updating countdown to 46004
[21:09:03.590] [SEVERE ] setting player 2 freeze to 3335
[21:09:03.590] [SEVERE ] updating countdown to 46004
[21:09:03.590] [SEVERE ] setting player 2 freeze to 3335
[21:09:03.590] [SEVERE ] updating countdown to 46004
[21:09:03.590] [SEVERE ] setting player 2 freeze to 3335
[21:09:03.590] [SEVERE ] updating countdown to 46004
[21:09:03.590] [SEVERE ] setting player 2 freeze to 3335
[21:09:03.590] [SEVERE ] updating countdown to 46004
[21:09:03.590] [SEVERE ] setting player 2 freeze to 3335
[21:09:03.590] [SEVERE ] updating countdown to 46004
[21:09:03.590] [SEVERE ] setting player 2 freeze to 3335
[21:09:03.590] [SEVERE ] updating countdown to 46004
[21:09:03.590] [SEVERE ] setting player 2 freeze to 3335
[21:09:03.590] [SEVERE ] updating countdown to 46004
[21:09:03.590] [SEVERE ] setting player 2 freeze to 3335
[21:09:03.591] [SEVERE ] updating countdown to 46003
[21:09:03.591] [SEVERE ] setting player 2 freeze to 3334
[21:09:03.591] [SEVERE ] updating countdown to 46003
[21:09:03.591] [SEVERE ] setting player 2 freeze to 3334
[21:09:03.591] [SEVERE ] updating countdown to 46003
[21:09:03.591] [SEVERE ] setting player 2 freeze to 3334
[21:09:03.591] [SEVERE ] updating countdown to 46003
[21:09:03.591] [SEVERE ] setting player 2 freeze to 3334
[21:09:03.592] [SEVERE ] updating countdown to 46002
[21:09:03.592] [SEVERE ] setting player 2 freeze to 3333
[21:09:03.592] [SEVERE ] updating countdown to 46002
[21:09:03.592] [SEVERE ] setting player 2 freeze to 3333
[21:09:03.592] [SEVERE ] updating countdown to 46002
[21:09:03.592] [SEVERE ] setting player 2 freeze to 3333
[21:09:03.592] [SEVERE ] updating countdown to 46002
[21:09:03.592] [SEVERE ] setting player 2 freeze to 3333
[21:09:03.592] [SEVERE ] updating countdown to 46002
[21:09:03.593] [SEVERE ] setting player 2 freeze to 3332
[21:09:03.593] [SEVERE ] updating countdown to 46001
[21:09:03.593] [SEVERE ] setting player 2 freeze to 3332
[21:09:03.593] [SEVERE ] updating countdown to 46001
[21:09:03.593] [SEVERE ] setting player 2 freeze to 3332
[21:09:03.593] [SEVERE ] updating countdown to 46001
[21:09:03.593] [SEVERE ] setting player 2 freeze to 3332
[21:09:03.594] [SEVERE ] updating countdown to 46000
[21:09:03.594] [SEVERE ] setting player 2 freeze to 3331
[21:09:03.594] [SEVERE ] updating countdown to 46000
[21:09:03.594] [SEVERE ] setting player 2 freeze to 3331
[21:09:03.594] [SEVERE ] updating countdown to 46000
[21:09:03.594] [SEVERE ] setting player 2 freeze to 3331
[21:09:03.594] [SEVERE ] updating countdown to 46000
[21:09:03.594] [SEVERE ] setting player 2 freeze to 3331
[21:09:03.595] [SEVERE ] updating countdown to 45999
[21:09:03.595] [SEVERE ] setting player 2 freeze to 3330
[21:09:04.585] [SEVERE ] updating countdown to 45009
[21:09:04.585] [SEVERE ] setting player 2 freeze to 2340
[21:09:04.585] [SEVERE ] updating countdown to 45009
[21:09:04.585] [SEVERE ] setting player 2 freeze to 2340
[21:09:04.585] [SEVERE ] updating countdown to 45009
[21:09:04.585] [SEVERE ] setting player 2 freeze to 2340
[21:09:04.585] [SEVERE ] updating countdown to 45009
[21:09:04.585] [SEVERE ] setting player 2 freeze to 2340
[21:09:04.585] [SEVERE ] updating countdown to 45009
[21:09:04.585] [SEVERE ] setting player 2 freeze to 2340
[21:09:04.585] [SEVERE ] updating countdown to 45009
[21:09:04.585] [SEVERE ] setting player 2 freeze to 2340
[21:09:04.585] [SEVERE ] updating countdown to 45009
[21:09:04.585] [SEVERE ] setting player 2 freeze to 2340
[21:09:04.585] [SEVERE ] updating countdown to 45009
[21:09:04.585] [SEVERE ] setting player 2 freeze to 2340
[21:09:04.587] [SEVERE ] updating countdown to 45007
[21:09:04.587] [SEVERE ] setting player 2 freeze to 2338
[21:09:04.587] [SEVERE ] updating countdown to 45007
[21:09:04.587] [SEVERE ] setting player 2 freeze to 2338
[21:09:04.587] [SEVERE ] updating countdown to 45007
[21:09:04.587] [SEVERE ] setting player 2 freeze to 2338
[21:09:04.587] [SEVERE ] updating countdown to 45007
[21:09:04.587] [SEVERE ] setting player 2 freeze to 2338
[21:09:04.587] [SEVERE ] updating countdown to 45007
[21:09:04.587] [SEVERE ] setting player 2 freeze to 2338
[21:09:04.587] [SEVERE ] updating countdown to 45007
[21:09:04.587] [SEVERE ] setting player 2 freeze to 2338
[21:09:04.587] [SEVERE ] updating countdown to 45007
[21:09:04.587] [SEVERE ] setting player 2 freeze to 2338
[21:09:04.588] [SEVERE ] updating countdown to 45006
[21:09:04.588] [SEVERE ] setting player 2 freeze to 2337
[21:09:04.588] [SEVERE ] updating countdown to 45006
[21:09:04.588] [SEVERE ] setting player 2 freeze to 2337
[21:09:04.588] [SEVERE ] updating countdown to 45006
[21:09:04.588] [SEVERE ] setting player 2 freeze to 2337
[21:09:04.588] [SEVERE ] updating countdown to 45006
[21:09:04.588] [SEVERE ] setting player 2 freeze to 2337
[21:09:04.588] [SEVERE ] updating countdown to 45006
[21:09:04.588] [SEVERE ] setting player 2 freeze to 2337
[21:09:04.589] [SEVERE ] updating countdown to 45005
[21:09:04.589] [SEVERE ] setting player 2 freeze to 2336
[21:09:04.589] [SEVERE ] updating countdown to 45005
[21:09:04.589] [SEVERE ] setting player 2 freeze to 2336
[21:09:04.589] [SEVERE ] updating countdown to 45005
[21:09:04.589] [SEVERE ] setting player 2 freeze to 2336
[21:09:04.589] [SEVERE ] updating countdown to 45005
[21:09:04.589] [SEVERE ] setting player 2 freeze to 2336
[21:09:04.589] [SEVERE ] updating countdown to 45005
[21:09:04.589] [SEVERE ] setting player 2 freeze to 2336
[21:09:04.589] [SEVERE ] updating countdown to 45005
[21:09:04.589] [SEVERE ] setting player 2 freeze to 2336
[21:09:04.590] [SEVERE ] updating countdown to 45004
[21:09:04.590] [SEVERE ] setting player 2 freeze to 2335
[21:09:04.590] [SEVERE ] updating countdown to 45004
[21:09:04.590] [SEVERE ] setting player 2 freeze to 2335
[21:09:04.590] [SEVERE ] updating countdown to 45004
[21:09:04.590] [SEVERE ] setting player 2 freeze to 2335
[21:09:04.590] [SEVERE ] updating countdown to 45004
[21:09:04.590] [SEVERE ] setting player 2 freeze to 2335
[21:09:04.590] [SEVERE ] updating countdown to 45004
[21:09:04.590] [SEVERE ] setting player 2 freeze to 2335
[21:09:04.590] [SEVERE ] updating countdown to 45004
[21:09:04.590] [SEVERE ] setting player 2 freeze to 2335
[21:09:04.591] [SEVERE ] updating countdown to 45003
[21:09:04.591] [SEVERE ] setting player 2 freeze to 2334
[21:09:04.591] [SEVERE ] updating countdown to 45003
[21:09:04.591] [SEVERE ] setting player 2 freeze to 2334
[21:09:04.591] [SEVERE ] updating countdown to 45003
[21:09:04.591] [SEVERE ] setting player 2 freeze to 2334
[21:09:04.591] [SEVERE ] updating countdown to 45003
[21:09:04.591] [SEVERE ] setting player 2 freeze to 2334
[21:09:04.592] [SEVERE ] updating countdown to 45002
[21:09:04.592] [SEVERE ] setting player 2 freeze to 2333
[21:09:04.592] [SEVERE ] updating countdown to 45002
[21:09:04.592] [SEVERE ] setting player 2 freeze to 2333
[21:09:04.592] [SEVERE ] updating countdown to 45002
[21:09:04.592] [SEVERE ] setting player 2 freeze to 2333
[21:09:04.592] [SEVERE ] updating countdown to 45002
[21:09:04.592] [SEVERE ] setting player 2 freeze to 2333
[21:09:04.592] [SEVERE ] updating countdown to 45002
[21:09:04.592] [SEVERE ] setting player 2 freeze to 2333
[21:09:04.592] [SEVERE ] updating countdown to 45002
[21:09:04.592] [SEVERE ] setting player 2 freeze to 2333
[21:09:04.593] [SEVERE ] updating countdown to 45001
[21:09:04.593] [SEVERE ] setting player 2 freeze to 2332
[21:09:04.593] [SEVERE ] updating countdown to 45001
[21:09:04.593] [SEVERE ] setting player 2 freeze to 2332
[21:09:04.593] [SEVERE ] updating countdown to 45001
[21:09:04.593] [SEVERE ] setting player 2 freeze to 2332
[21:09:04.593] [SEVERE ] updating countdown to 45001
[21:09:04.593] [SEVERE ] setting player 2 freeze to 2332
[21:09:04.593] [SEVERE ] updating countdown to 45001
[21:09:04.593] [SEVERE ] setting player 2 freeze to 2332
[21:09:04.593] [SEVERE ] updating countdown to 45001
[21:09:04.593] [SEVERE ] setting player 2 freeze to 2332
[21:09:04.593] [SEVERE ] updating countdown to 45001
[21:09:04.593] [SEVERE ] setting player 2 freeze to 2332
[21:09:04.593] [SEVERE ] updating countdown to 45001
[21:09:04.593] [SEVERE ] setting player 2 freeze to 2332
[21:09:04.593] [SEVERE ] updating countdown to 45001
[21:09:04.593] [SEVERE ] setting player 2 freeze to 2332
[21:09:04.594] [SEVERE ] updating countdown to 45000
[21:09:04.594] [SEVERE ] setting player 2 freeze to 2331
[21:09:04.594] [SEVERE ] updating countdown to 45000
[21:09:04.594] [SEVERE ] setting player 2 freeze to 2331
[21:09:04.594] [SEVERE ] updating countdown to 45000
[21:09:04.594] [SEVERE ] setting player 2 freeze to 2331
[21:09:04.594] [SEVERE ] updating countdown to 45000
[21:09:04.594] [SEVERE ] setting player 2 freeze to 2331
[21:09:04.594] [SEVERE ] updating countdown to 45000
[21:09:04.594] [SEVERE ] setting player 2 freeze to 2331
[21:09:04.594] [SEVERE ] updating countdown to 45000
[21:09:04.594] [SEVERE ] setting player 2 freeze to 2331
[21:09:04.595] [SEVERE ] updating countdown to 44999
[21:09:04.595] [SEVERE ] setting player 2 freeze to 2330
[21:09:05.585] [SEVERE ] updating countdown to 44009
[21:09:05.585] [SEVERE ] setting player 2 freeze to 1340
[21:09:05.585] [SEVERE ] updating countdown to 44009
[21:09:05.585] [SEVERE ] setting player 2 freeze to 1340
[21:09:05.585] [SEVERE ] updating countdown to 44009
[21:09:05.585] [SEVERE ] setting player 2 freeze to 1340
[21:09:05.585] [SEVERE ] updating countdown to 44009
[21:09:05.585] [SEVERE ] setting player 2 freeze to 1340
[21:09:05.585] [SEVERE ] updating countdown to 44009
[21:09:05.585] [SEVERE ] setting player 2 freeze to 1340
[21:09:05.585] [SEVERE ] updating countdown to 44009
[21:09:05.585] [SEVERE ] setting player 2 freeze to 1340
[21:09:05.587] [SEVERE ] updating countdown to 44007
[21:09:05.587] [SEVERE ] setting player 2 freeze to 1338
[21:09:05.587] [SEVERE ] updating countdown to 44007
[21:09:05.587] [SEVERE ] setting player 2 freeze to 1338
[21:09:05.587] [SEVERE ] updating countdown to 44007
[21:09:05.587] [SEVERE ] setting player 2 freeze to 1338
[21:09:05.588] [SEVERE ] updating countdown to 44006
[21:09:05.588] [SEVERE ] setting player 2 freeze to 1337
[21:09:05.588] [SEVERE ] updating countdown to 44006
[21:09:05.588] [SEVERE ] setting player 2 freeze to 1337
[21:09:05.588] [SEVERE ] updating countdown to 44006
[21:09:05.588] [SEVERE ] setting player 2 freeze to 1337
[21:09:05.588] [SEVERE ] updating countdown to 44006
[21:09:05.588] [SEVERE ] setting player 2 freeze to 1337
[21:09:05.588] [SEVERE ] updating countdown to 44006
[21:09:05.588] [SEVERE ] setting player 2 freeze to 1337
[21:09:05.589] [SEVERE ] updating countdown to 44005
[21:09:05.589] [SEVERE ] setting player 2 freeze to 1336
[21:09:05.589] [SEVERE ] updating countdown to 44005
[21:09:05.589] [SEVERE ] setting player 2 freeze to 1336
[21:09:05.589] [SEVERE ] updating countdown to 44005
[21:09:05.589] [SEVERE ] setting player 2 freeze to 1336
[21:09:05.589] [SEVERE ] updating countdown to 44005
[21:09:05.589] [SEVERE ] setting player 2 freeze to 1336
[21:09:05.590] [SEVERE ] updating countdown to 44004
[21:09:05.590] [SEVERE ] setting player 2 freeze to 1335
[21:09:05.590] [SEVERE ] updating countdown to 44004
[21:09:05.590] [SEVERE ] setting player 2 freeze to 1335
[21:09:05.590] [SEVERE ] updating countdown to 44004
[21:09:05.590] [SEVERE ] setting player 2 freeze to 1335
[21:09:05.590] [SEVERE ] updating countdown to 44004
[21:09:05.590] [SEVERE ] setting player 2 freeze to 1335
[21:09:05.591] [SEVERE ] updating countdown to 44003
[21:09:05.591] [SEVERE ] setting player 2 freeze to 1334
[21:09:05.591] [SEVERE ] updating countdown to 44003
[21:09:05.591] [SEVERE ] setting player 2 freeze to 1334
[21:09:05.591] [SEVERE ] updating countdown to 44003
[21:09:05.591] [SEVERE ] setting player 2 freeze to 1334
[21:09:05.591] [SEVERE ] updating countdown to 44003
[21:09:05.591] [SEVERE ] setting player 2 freeze to 1334
[21:09:05.591] [SEVERE ] updating countdown to 44003
[21:09:05.591] [SEVERE ] setting player 2 freeze to 1334
[21:09:05.592] [SEVERE ] updating countdown to 44002
[21:09:05.592] [SEVERE ] setting player 2 freeze to 1333
[21:09:05.592] [SEVERE ] updating countdown to 44002
[21:09:05.592] [SEVERE ] setting player 2 freeze to 1333
[21:09:05.592] [SEVERE ] updating countdown to 44002
[21:09:05.592] [SEVERE ] setting player 2 freeze to 1333
[21:09:05.592] [SEVERE ] updating countdown to 44002
[21:09:05.592] [SEVERE ] setting player 2 freeze to 1333
[21:09:05.593] [SEVERE ] updating countdown to 44001
[21:09:05.593] [SEVERE ] setting player 2 freeze to 1332
[21:09:05.593] [SEVERE ] updating countdown to 44001
[21:09:05.593] [SEVERE ] setting player 2 freeze to 1332
[21:09:05.593] [SEVERE ] updating countdown to 44001
[21:09:05.593] [SEVERE ] setting player 2 freeze to 1332
[21:09:05.593] [SEVERE ] updating countdown to 44001
[21:09:05.593] [SEVERE ] setting player 2 freeze to 1332
[21:09:05.593] [SEVERE ] updating countdown to 44001
[21:09:05.593] [SEVERE ] setting player 2 freeze to 1332
[21:09:05.593] [SEVERE ] updating countdown to 44001
[21:09:05.593] [SEVERE ] setting player 2 freeze to 1332
[21:09:05.593] [SEVERE ] updating countdown to 44001
[21:09:05.593] [SEVERE ] setting player 2 freeze to 1332
[21:09:05.594] [SEVERE ] updating countdown to 44000
[21:09:05.594] [SEVERE ] setting player 2 freeze to 1331
[21:09:05.594] [SEVERE ] updating countdown to 44000
[21:09:05.594] [SEVERE ] setting player 2 freeze to 1331
[21:09:05.594] [SEVERE ] updating countdown to 44000
[21:09:05.594] [SEVERE ] setting player 2 freeze to 1331
[21:09:05.594] [SEVERE ] updating countdown to 44000
[21:09:05.594] [SEVERE ] setting player 2 freeze to 1331
[21:09:05.594] [SEVERE ] updating countdown to 44000
[21:09:05.594] [SEVERE ] setting player 2 freeze to 1331
[21:09:05.594] [SEVERE ] updating countdown to 44000
[21:09:05.594] [SEVERE ] setting player 2 freeze to 1331
[21:09:05.594] [SEVERE ] updating countdown to 44000
[21:09:05.594] [SEVERE ] setting player 2 freeze to 1331
[21:09:06.039] [SEVERE ] removing player 2 token from slot 4
[21:09:06.039] [SEVERE ] removing player 2 token from slot 5
[21:09:06.039] [SEVERE ] player 2 placing token on slot 5
[21:09:06.039] [SEVERE ] player 2 placing token on slot 11
[21:09:06.040] [SEVERE ] updating countdown to 43554
[21:09:06.040] [SEVERE ] setting player 2 freeze to 0
[21:09:06.040] [SEVERE ] setting player 2 freeze to 3900
[21:09:06.040] [SEVERE ] setting player 2 freeze to 3900
[21:09:06.586] [SEVERE ] updating countdown to 43008
[21:09:06.586] [SEVERE ] setting player 2 freeze to 3354
[21:09:06.586] [SEVERE ] updating countdown to 43008
[21:09:06.586] [SEVERE ] setting player 2 freeze to 3354
[21:09:06.586] [SEVERE ] updating countdown to 43008
[21:09:06.586] [SEVERE ] setting player 2 freeze to 3354
[21:09:06.586] [SEVERE ] updating countdown to 43008
[21:09:06.586] [SEVERE ] setting player 2 freeze to 3354
[21:09:06.586] [SEVERE ] updating countdown to 43008
[21:09:06.586] [SEVERE ] setting player 2 freeze to 3354
[21:09:06.586] [SEVERE ] updating countdown to 43008
[21:09:06.586] [SEVERE ] setting player 2 freeze to 3354
[21:09:06.586] [SEVERE ] updating countdown to 43008
[21:09:06.586] [SEVERE ] setting player 2 freeze to 3354
[21:09:06.586] [SEVERE ] updating countdown to 43008
[21:09:06.586] [SEVERE ] setting player 2 freeze to 3354
[21:09:06.587] [SEVERE ] updating countdown to 43007
[21:09:06.587] [SEVERE ] setting player 2 freeze to 3353
[21:09:06.587] [SEVERE ] updating countdown to 43007
[21:09:06.587] [SEVERE ] setting player 2 freeze to 3353
[21:09:06.587] [SEVERE ] updating countdown to 43007
[21:09:06.587] [SEVERE ] setting player 2 freeze to 3353
[21:09:06.587] [SEVERE ] updating countdown to 43007
[21:09:06.587] [SEVERE ] setting player 2 freeze to 3353
[21:09:06.588] [SEVERE ] updating countdown to 43006
[21:09:06.588] [SEVERE ] setting player 2 freeze to 3352
[21:09:06.588] [SEVERE ] updating countdown to 43006
[21:09:06.588] [SEVERE ] setting player 2 freeze to 3352
[21:09:06.588] [SEVERE ] updating countdown to 43006
[21:09:06.588] [SEVERE ] setting player 2 freeze to 3352
[21:09:06.588] [SEVERE ] updating countdown to 43006
[21:09:06.588] [SEVERE ] setting player 2 freeze to 3352
[21:09:06.588] [SEVERE ] updating countdown to 43006
[21:09:06.588] [SEVERE ] setting player 2 freeze to 3352
[21:09:06.588] [SEVERE ] updating countdown to 43006
[21:09:06.588] [SEVERE ] setting player 2 freeze to 3352
[21:09:06.589] [SEVERE ] updating countdown to 43005
[21:09:06.589] [SEVERE ] setting player 2 freeze to 3351
[21:09:06.589] [SEVERE ] updating countdown to 43005
[21:09:06.589] [SEVERE ] setting player 2 freeze to 3351
[21:09:06.589] [SEVERE ] updating countdown to 43005
[21:09:06.589] [SEVERE ] setting player 2 freeze to 3351
[21:09:06.589] [SEVERE ] updating countdown to 43005
[21:09:06.589] [SEVERE ] setting player 2 freeze to 3351
[21:09:06.589] [SEVERE ] updating countdown to 43005
[21:09:06.589] [SEVERE ] setting player 2 freeze to 3351
[21:09:06.590] [SEVERE ] updating countdown to 43004
[21:09:06.590] [SEVERE ] setting player 2 freeze to 3350
[21:09:06.590] [SEVERE ] updating countdown to 43004
[21:09:06.590] [SEVERE ] setting player 2 freeze to 3350
[21:09:06.590] [SEVERE ] updating countdown to 43004
[21:09:06.590] [SEVERE ] setting player 2 freeze to 3350
[21:09:06.590] [SEVERE ] updating countdown to 43004
[21:09:06.590] [SEVERE ] setting player 2 freeze to 3350
[21:09:06.590] [SEVERE ] updating countdown to 43004
[21:09:06.590] [SEVERE ] setting player 2 freeze to 3350
[21:09:06.590] [SEVERE ] updating countdown to 43004
[21:09:06.590] [SEVERE ] setting player 2 freeze to 3350
[21:09:06.591] [SEVERE ] updating countdown to 43003
[21:09:06.591] [SEVERE ] setting player 2 freeze to 3349
[21:09:06.591] [SEVERE ] updating countdown to 43003
[21:09:06.591] [SEVERE ] setting player 2 freeze to 3349
[21:09:06.591] [SEVERE ] updating countdown to 43003
[21:09:06.591] [SEVERE ] setting player 2 freeze to 3349
[21:09:06.591] [SEVERE ] updating countdown to 43003
[21:09:06.591] [SEVERE ] setting player 2 freeze to 3349
[21:09:06.592] [SEVERE ] updating countdown to 43002
[21:09:06.592] [SEVERE ] setting player 2 freeze to 3348
[21:09:06.592] [SEVERE ] updating countdown to 43002
[21:09:06.592] [SEVERE ] setting player 2 freeze to 3348
[21:09:06.592] [SEVERE ] updating countdown to 43002
[21:09:06.592] [SEVERE ] setting player 2 freeze to 3348
[21:09:06.592] [SEVERE ] updating countdown to 43002
[21:09:06.592] [SEVERE ] setting player 2 freeze to 3348
[21:09:06.592] [SEVERE ] updating countdown to 43002
[21:09:06.592] [SEVERE ] setting player 2 freeze to 3348
[21:09:06.593] [SEVERE ] updating countdown to 43001
[21:09:06.593] [SEVERE ] setting player 2 freeze to 3347
[21:09:06.593] [SEVERE ] updating countdown to 43001
[21:09:06.593] [SEVERE ] setting player 2 freeze to 3347
[21:09:06.593] [SEVERE ] updating countdown to 43001
[21:09:06.593] [SEVERE ] setting player 2 freeze to 3347
[21:09:06.593] [SEVERE ] updating countdown to 43001
[21:09:06.593] [SEVERE ] setting player 2 freeze to 3347
[21:09:06.593] [SEVERE ] updating countdown to 43001
[21:09:06.593] [SEVERE ] setting player 2 freeze to 3347
[21:09:06.593] [SEVERE ] updating countdown to 43001
[21:09:06.593] [SEVERE ] setting player 2 freeze to 3347
[21:09:06.593] [SEVERE ] updating countdown to 43001
[21:09:06.593] [SEVERE ] setting player 2 freeze to 3347
[21:09:06.593] [SEVERE ] updating countdown to 43001
[21:09:06.594] [SEVERE ] setting player 2 freeze to 3346
[21:09:06.594] [SEVERE ] updating countdown to 43000
[21:09:06.594] [SEVERE ] setting player 2 freeze to 3346
[21:09:06.594] [SEVERE ] updating countdown to 43000
[21:09:06.594] [SEVERE ] setting player 2 freeze to 3346
[21:09:06.594] [SEVERE ] updating countdown to 43000
[21:09:06.594] [SEVERE ] setting player 2 freeze to 3346
[21:09:06.594] [SEVERE ] updating countdown to 43000
[21:09:06.594] [SEVERE ] setting player 2 freeze to 3346
[21:09:06.594] [SEVERE ] updating countdown to 43000
[21:09:06.594] [SEVERE ] setting player 2 freeze to 3346
[21:09:06.594] [SEVERE ] updating countdown to 43000
[21:09:06.594] [SEVERE ] setting player 2 freeze to 3346
[21:09:07.585] [SEVERE ] updating countdown to 42009
[21:09:07.585] [SEVERE ] setting player 2 freeze to 2355
[21:09:07.585] [SEVERE ] updating countdown to 42009
[21:09:07.585] [SEVERE ] setting player 2 freeze to 2355
[21:09:07.585] [SEVERE ] updating countdown to 42009
[21:09:07.585] [SEVERE ] setting player 2 freeze to 2355
[21:09:07.585] [SEVERE ] updating countdown to 42009
[21:09:07.585] [SEVERE ] setting player 2 freeze to 2355
[21:09:07.585] [SEVERE ] updating countdown to 42009
[21:09:07.585] [SEVERE ] setting player 2 freeze to 2355
[21:09:07.587] [SEVERE ] updating countdown to 42007
[21:09:07.587] [SEVERE ] setting player 2 freeze to 2353
[21:09:07.587] [SEVERE ] updating countdown to 42007
[21:09:07.587] [SEVERE ] setting player 2 freeze to 2353
[21:09:07.587] [SEVERE ] updating countdown to 42007
[21:09:07.587] [SEVERE ] setting player 2 freeze to 2353
[21:09:07.587] [SEVERE ] updating countdown to 42007
[21:09:07.587] [SEVERE ] setting player 2 freeze to 2353
[21:09:07.587] [SEVERE ] updating countdown to 42007
[21:09:07.588] [SEVERE ] setting player 2 freeze to 2352
[21:09:07.588] [SEVERE ] updating countdown to 42006
[21:09:07.588] [SEVERE ] setting player 2 freeze to 2352
[21:09:07.588] [SEVERE ] updating countdown to 42006
[21:09:07.588] [SEVERE ] setting player 2 freeze to 2352
[21:09:07.588] [SEVERE ] updating countdown to 42006
[21:09:07.588] [SEVERE ] setting player 2 freeze to 2352
[21:09:07.588] [SEVERE ] updating countdown to 42006
[21:09:07.588] [SEVERE ] setting player 2 freeze to 2352
[21:09:07.589] [SEVERE ] updating countdown to 42005
[21:09:07.589] [SEVERE ] setting player 2 freeze to 2351
[21:09:07.589] [SEVERE ] updating countdown to 42005
[21:09:07.589] [SEVERE ] setting player 2 freeze to 2351
[21:09:07.590] [SEVERE ] updating countdown to 42004
[21:09:07.590] [SEVERE ] setting player 2 freeze to 2350
[21:09:07.590] [SEVERE ] updating countdown to 42004
[21:09:07.590] [SEVERE ] setting player 2 freeze to 2350
[21:09:07.591] [SEVERE ] updating countdown to 42003
[21:09:07.591] [SEVERE ] setting player 2 freeze to 2349
[21:09:07.591] [SEVERE ] updating countdown to 42003
[21:09:07.591] [SEVERE ] setting player 2 freeze to 2349
[21:09:07.591] [SEVERE ] updating countdown to 42003
[21:09:07.591] [SEVERE ] setting player 2 freeze to 2349
[21:09:07.591] [SEVERE ] updating countdown to 42003
[21:09:07.591] [SEVERE ] setting player 2 freeze to 2349
[21:09:07.591] [SEVERE ] updating countdown to 42003
[21:09:07.591] [SEVERE ] setting player 2 freeze to 2349
[21:09:07.591] [SEVERE ] updating countdown to 42003
[21:09:07.592] [SEVERE ] setting player 2 freeze to 2348
[21:09:07.592] [SEVERE ] updating countdown to 42002
[21:09:07.592] [SEVERE ] setting player 2 freeze to 2348
[21:09:07.592] [SEVERE ] updating countdown to 42002
[21:09:07.592] [SEVERE ] setting player 2 freeze to 2348
[21:09:07.592] [SEVERE ] updating countdown to 42002
[21:09:07.592] [SEVERE ] setting player 2 freeze to 2348
[21:09:07.592] [SEVERE ] updating countdown to 42002
[21:09:07.592] [SEVERE ] setting player 2 freeze to 2348
[21:09:07.592] [SEVERE ] updating countdown to 42002
[21:09:07.592] [SEVERE ] setting player 2 freeze to 2348
[21:09:07.593] [SEVERE ] updating countdown to 42001
[21:09:07.593] [SEVERE ] setting player 2 freeze to 2347
[21:09:07.593] [SEVERE ] updating countdown to 42001
[21:09:07.593] [SEVERE ] setting player 2 freeze to 2347
[21:09:07.593] [SEVERE ] updating countdown to 42001
[21:09:07.593] [SEVERE ] setting player 2 freeze to 2347
[21:09:07.593] [SEVERE ] updating countdown to 42001
[21:09:07.593] [SEVERE ] setting player 2 freeze to 2347
[21:09:07.593] [SEVERE ] updating countdown to 42001
[21:09:07.593] [SEVERE ] setting player 2 freeze to 2347
[21:09:07.593] [SEVERE ] updating countdown to 42001
[21:09:07.593] [SEVERE ] setting player 2 freeze to 2347
[21:09:07.594] [SEVERE ] updating countdown to 42000
[21:09:07.594] [SEVERE ] setting player 2 freeze to 2346
[21:09:07.594] [SEVERE ] updating countdown to 42000
[21:09:07.594] [SEVERE ] setting player 2 freeze to 2346
[21:09:07.594] [SEVERE ] updating countdown to 42000
[21:09:07.594] [SEVERE ] setting player 2 freeze to 2346
[21:09:07.595] [SEVERE ] updating countdown to 41999
[21:09:07.595] [SEVERE ] setting player 2 freeze to 2345
[21:09:08.585] [SEVERE ] updating countdown to 41009
[21:09:08.585] [SEVERE ] setting player 2 freeze to 1355
[21:09:08.585] [SEVERE ] updating countdown to 41009
[21:09:08.585] [SEVERE ] setting player 2 freeze to 1355
[21:09:08.585] [SEVERE ] updating countdown to 41009
[21:09:08.585] [SEVERE ] setting player 2 freeze to 1355
[21:09:08.585] [SEVERE ] updating countdown to 41009
[21:09:08.585] [SEVERE ] setting player 2 freeze to 1355
[21:09:08.585] [SEVERE ] updating countdown to 41009
[21:09:08.585] [SEVERE ] setting player 2 freeze to 1355
[21:09:08.585] [SEVERE ] updating countdown to 41009
[21:09:08.585] [SEVERE ] setting player 2 freeze to 1355
[21:09:08.585] [SEVERE ] updating countdown to 41009
[21:09:08.585] [SEVERE ] setting player 2 freeze to 1355
[21:09:08.587] [SEVERE ] updating countdown to 41007
[21:09:08.587] [SEVERE ] setting player 2 freeze to 1353
[21:09:08.587] [SEVERE ] updating countdown to 41007
[21:09:08.587] [SEVERE ] setting player 2 freeze to 1353
[21:09:08.587] [SEVERE ] updating countdown to 41007
[21:09:08.587] [SEVERE ] setting player 2 freeze to 1353
[21:09:08.587] [SEVERE ] updating countdown to 41007
[21:09:08.587] [SEVERE ] setting player 2 freeze to 1353
[21:09:08.590] [SEVERE ] updating countdown to 41004
[21:09:08.590] [SEVERE ] setting player 2 freeze to 1350
[21:09:08.590] [SEVERE ] updating countdown to 41004
[21:09:08.590] [SEVERE ] setting player 2 freeze to 1350
[21:09:08.590] [SEVERE ] updating countdown to 41004
[21:09:08.590] [SEVERE ] setting player 2 freeze to 1350
[21:09:08.591] [SEVERE ] updating countdown to 41003
[21:09:08.591] [SEVERE ] setting player 2 freeze to 1349
[21:09:08.591] [SEVERE ] updating countdown to 41003
[21:09:08.591] [SEVERE ] setting player 2 freeze to 1349
[21:09:08.592] [SEVERE ] updating countdown to 41002
[21:09:08.592] [SEVERE ] setting player 2 freeze to 1348
[21:09:08.592] [SEVERE ] updating countdown to 41002
[21:09:08.592] [SEVERE ] setting player 2 freeze to 1348
[21:09:08.592] [SEVERE ] updating countdown to 41002
[21:09:08.592] [SEVERE ] setting player 2 freeze to 1348
[21:09:08.592] [SEVERE ] updating countdown to 41002
[21:09:08.592] [SEVERE ] setting player 2 freeze to 1348
[21:09:08.592] [SEVERE ] updating countdown to 41002
[21:09:08.592] [SEVERE ] setting player 2 freeze to 1348
[21:09:08.592] [SEVERE ] updating countdown to 41002
[21:09:08.594] [SEVERE ] setting player 2 freeze to 1346
[21:09:08.594] [SEVERE ] updating countdown to 41000
[21:09:08.594] [SEVERE ] setting player 2 freeze to 1346
[21:09:08.594] [SEVERE ] updating countdown to 41000
[21:09:08.594] [SEVERE ] setting player 2 freeze to 1346
[21:09:08.594] [SEVERE ] updating countdown to 41000
[21:09:08.594] [SEVERE ] setting player 2 freeze to 1346
[21:09:08.594] [SEVERE ] updating countdown to 41000
[21:09:08.594] [SEVERE ] setting player 2 freeze to 1346
[21:09:08.594] [SEVERE ] updating countdown to 41000
[21:09:08.594] [SEVERE ] setting player 2 freeze to 1346
[21:09:08.594] [SEVERE ] updating countdown to 41000
[21:09:08.594] [SEVERE ] setting player 2 freeze to 1346
[21:09:08.594] [SEVERE ] updating countdown to 41000
[21:09:08.594] [SEVERE ] setting player 2 freeze to 1346
[21:09:08.594] [SEVERE ] updating countdown to 41000
[21:09:08.594] [SEVERE ] setting player 2 freeze to 1346
[21:09:08.595] [SEVERE ] updating countdown to 40999
[21:09:08.595] [SEVERE ] setting player 2 freeze to 1345
[21:09:09.044] [SEVERE ] removing player 2 token from slot 6
[21:09:09.044] [SEVERE ] player 2 placing token on slot 9
[21:09:09.045] [SEVERE ] updating countdown to 40549
[21:09:09.045] [SEVERE ] setting player 2 freeze to 0
[21:09:09.045] [SEVERE ] setting player 2 freeze to 3900
[21:09:09.046] [SEVERE ] setting player 2 freeze to 3899
[21:09:09.414] [SEVERE ] exit button pressed
[21:09:09.414] [INFO   ] thread computer-1 terminated.
[21:09:09.414] [INFO   ] thread Thread-0 terminated.
[21:09:09.585] [SEVERE ] updating countdown to 40009
[21:09:09.585] [SEVERE ] setting player 2 freeze to 3360
[21:09:09.585] [SEVERE ] updating countdown to 40009
[21:09:09.585] [SEVERE ] setting player 2 freeze to 3360
[21:09:09.694] [SEVERE ] removing card from slot 0
[21:09:09.809] [SEVERE ] removing card from slot 1
[21:09:09.924] [SEVERE ] removing card from slot 2
[21:09:10.038] [SEVERE ] removing card from slot 3
[21:09:10.154] [SEVERE ] removing card from slot 4
[21:09:10.255] [SEVERE ] removing player 2 token from slot 5
[21:09:10.255] [SEVERE ] removing card from slot 5
[21:09:10.359] [SEVERE ] removing card from slot 6
[21:09:10.473] [SEVERE ] removing card from slot 7
[21:09:10.579] [SEVERE ] removing card from slot 8
[21:09:10.692] [SEVERE ] removing player 2 token from slot 9
[21:09:10.692] [SEVERE ] removing card from slot 9
[21:09:10.795] [SEVERE ] removing card from slot 10
[21:09:10.910] [SEVERE ] removing player 2 token from slot 11
[21:09:10.910] [SEVERE ] removing card from slot 11
[21:09:10.913] [SEVERE ] announcing winner(s): player 1, player 2
[21:09:10.917] [INFO   ] thread dealer terminated.
[21:09:10.917] [INFO   ] thread Thread-1 terminated.
[21:09:10.917] [INFO   ] thread dealer terminated.
[21:09:10.917] [SEVERE ] thanks for playing... it was fun!
[21:09:10.917] [INFO   ] thread main terminated.
