[16:01:42.064] [INFO   ] thread main starting.
[16:01:42.071] [SEVERE ] cannot read configuration file config.properties trying from resources.
[16:01:42.073] [SEVERE ] configuration file was loaded from resources directory.
[16:01:42.416] [INFO   ] thread dealer starting.
[16:01:42.416] [INFO   ] thread dealer starting.
[16:01:42.417] [SEVERE ] updating countdown to 5000
[16:01:42.417] [INFO   ] thread Thread-0 starting.
[16:01:42.417] [INFO   ] thread Thread-2 starting.
[16:01:42.417] [INFO   ] thread Thread-1 starting.
[16:01:42.417] [INFO   ] thread Thread-3 starting.
[16:01:42.418] [INFO   ] thread computer-0 starting.
[16:01:42.418] [INFO   ] thread computer-2 starting.
[16:01:42.418] [INFO   ] thread computer-1 starting.
[16:01:42.418] [INFO   ] thread computer-3 starting.
[16:01:42.544] [SEVERE ] placing card 26 in slot 0
[16:01:42.655] [SEVERE ] placing card 3 in slot 1
[16:01:42.766] [SEVERE ] placing card 33 in slot 2
[16:01:42.878] [SEVERE ] placing card 56 in slot 3
[16:01:42.989] [SEVERE ] placing card 61 in slot 4
[16:01:43.100] [SEVERE ] placing card 74 in slot 5
[16:01:43.211] [SEVERE ] placing card 69 in slot 6
[16:01:43.323] [SEVERE ] placing card 14 in slot 7
[16:01:43.434] [SEVERE ] placing card 6 in slot 8
[16:01:43.544] [SEVERE ] placing card 36 in slot 9
[16:01:43.655] [SEVERE ] placing card 4 in slot 10
[16:01:43.764] [SEVERE ] placing card 42 in slot 11
[16:01:43.765] [SEVERE ] player 1 placing token on slot 4
[16:01:43.765] [SEVERE ] player 3 placing token on slot 11
[16:01:43.765] [SEVERE ] player 1 placing token on slot 1
[16:01:43.766] [SEVERE ] player 2 placing token on slot 10
[16:01:43.766] [SEVERE ] player 4 placing token on slot 3
[16:01:43.766] [SEVERE ] player 4 placing token on slot 9
[16:01:43.767] [SEVERE ] player 4 placing token on slot 10
[16:01:43.767] [SEVERE ] player 3 placing token on slot 3
[16:01:43.767] [SEVERE ] removing player 1 token from slot 1
[16:01:43.768] [SEVERE ] player 2 placing token on slot 6
[16:01:43.769] [SEVERE ] player 3 placing token on slot 5
[16:01:43.769] [SEVERE ] removing player 1 token from slot 4
[16:01:43.769] [SEVERE ] player 2 placing token on slot 1
[16:01:43.770] [SEVERE ] player 1 placing token on slot 1
[16:01:43.770] [SEVERE ] player 1 placing token on slot 2
[16:01:43.771] [SEVERE ] player 1 placing token on slot 4
[16:01:43.773] [SEVERE ] setting player 4 freeze to 900
[16:01:43.774] [SEVERE ] setting player 4 freeze to 0
[16:01:43.774] [SEVERE ] removing player 4 token from slot 10
[16:01:43.775] [SEVERE ] removing player 4 token from slot 9
[16:01:43.776] [SEVERE ] player 4 placing token on slot 8
[16:01:43.776] [SEVERE ] player 4 placing token on slot 6
[16:01:43.776] [SEVERE ] setting player 2 freeze to 900
[16:01:43.777] [SEVERE ] setting player 2 freeze to 0
[16:01:43.780] [SEVERE ] removing player 2 token from slot 1
[16:01:43.780] [SEVERE ] setting player 3 freeze to 900
[16:01:43.781] [SEVERE ] setting player 3 freeze to 0
[16:01:43.781] [SEVERE ] player 2 placing token on slot 2
[16:01:43.782] [SEVERE ] removing player 3 token from slot 11
[16:01:43.783] [SEVERE ] setting player 1 freeze to 900
[16:01:43.783] [SEVERE ] setting player 1 freeze to 0
[16:01:43.783] [SEVERE ] player 3 placing token on slot 6
[16:01:43.785] [SEVERE ] removing player 1 token from slot 4
[16:01:43.785] [SEVERE ] setting player 4 freeze to 900
[16:01:43.785] [SEVERE ] player 1 placing token on slot 3
[16:01:43.785] [SEVERE ] setting player 4 freeze to 0
[16:01:43.786] [SEVERE ] removing player 4 token from slot 6
[16:01:43.787] [SEVERE ] removing player 4 token from slot 3
[16:01:43.787] [SEVERE ] setting player 2 freeze to 900
[16:01:43.788] [SEVERE ] player 4 placing token on slot 0
[16:01:43.788] [SEVERE ] setting player 2 freeze to 0
[16:01:43.789] [SEVERE ] player 4 placing token on slot 1
[16:01:43.789] [SEVERE ] removing player 2 token from slot 6
[16:01:43.789] [SEVERE ] setting player 3 freeze to 900
[16:01:43.789] [SEVERE ] setting player 3 freeze to 0
[16:01:43.789] [SEVERE ] player 2 placing token on slot 6
[16:01:43.790] [SEVERE ] removing player 3 token from slot 5
[16:01:43.791] [SEVERE ] player 3 placing token on slot 9
[16:01:43.791] [SEVERE ] setting player 1 freeze to 900
[16:01:43.791] [SEVERE ] setting player 1 freeze to 0
[16:01:43.792] [SEVERE ] removing player 1 token from slot 2
[16:01:43.792] [SEVERE ] setting player 4 freeze to 900
[16:01:43.792] [SEVERE ] player 1 placing token on slot 5
[16:01:43.792] [SEVERE ] setting player 4 freeze to 0
[16:01:43.793] [SEVERE ] removing player 4 token from slot 0
[16:01:43.794] [SEVERE ] player 4 placing token on slot 9
[16:01:43.794] [SEVERE ] setting player 2 freeze to 900
[16:01:43.794] [SEVERE ] setting player 2 freeze to 0
[16:01:43.795] [SEVERE ] removing player 2 token from slot 2
[16:01:43.796] [SEVERE ] player 2 placing token on slot 2
[16:01:43.796] [SEVERE ] setting player 3 freeze to 900
[16:01:43.797] [SEVERE ] setting player 3 freeze to 0
[16:01:43.797] [SEVERE ] removing player 3 token from slot 9
[16:01:43.797] [SEVERE ] removing player 3 token from slot 3
[16:01:43.798] [SEVERE ] player 3 placing token on slot 0
[16:01:43.798] [SEVERE ] setting player 1 freeze to 900
[16:01:43.798] [SEVERE ] player 3 placing token on slot 11
[16:01:43.798] [SEVERE ] setting player 1 freeze to 0
[16:01:43.799] [SEVERE ] removing player 1 token from slot 5
[16:01:43.799] [SEVERE ] player 1 placing token on slot 6
[16:01:43.799] [SEVERE ] setting player 4 freeze to 900
[16:01:43.800] [SEVERE ] setting player 4 freeze to 0
[16:01:43.800] [SEVERE ] removing player 4 token from slot 9
[16:01:43.800] [SEVERE ] player 4 placing token on slot 2
[16:01:43.801] [SEVERE ] setting player 2 freeze to 900
[16:01:43.802] [SEVERE ] setting player 2 freeze to 0
[16:01:43.803] [SEVERE ] removing player 2 token from slot 6
[16:01:43.803] [SEVERE ] player 2 placing token on slot 0
[16:01:43.804] [SEVERE ] setting player 3 freeze to 900
[16:01:43.805] [SEVERE ] setting player 3 freeze to 0
[16:01:43.805] [SEVERE ] removing player 3 token from slot 6
[16:01:43.806] [SEVERE ] player 3 placing token on slot 7
[16:01:43.806] [SEVERE ] setting player 1 freeze to 900
[16:01:43.806] [SEVERE ] setting player 1 freeze to 0
[16:01:43.807] [SEVERE ] removing player 1 token from slot 1
[16:01:43.807] [SEVERE ] player 1 placing token on slot 5
[16:01:43.807] [SEVERE ] setting player 4 freeze to 900
[16:01:43.807] [SEVERE ] setting player 4 freeze to 0
[16:01:43.808] [SEVERE ] removing player 4 token from slot 2
[16:01:43.808] [SEVERE ] setting player 2 freeze to 900
[16:01:43.808] [SEVERE ] player 4 placing token on slot 2
[16:01:43.808] [SEVERE ] setting player 2 freeze to 0
[16:01:43.809] [SEVERE ] removing player 2 token from slot 2
[16:01:43.809] [SEVERE ] player 2 placing token on slot 11
[16:01:43.809] [SEVERE ] setting player 3 freeze to 900
[16:01:43.810] [SEVERE ] setting player 3 freeze to 0
[16:01:43.810] [SEVERE ] removing player 3 token from slot 11
[16:01:43.810] [SEVERE ] player 3 placing token on slot 2
[16:01:43.811] [SEVERE ] setting player 1 freeze to 900
[16:01:43.811] [SEVERE ] setting player 1 freeze to 0
[16:01:43.811] [SEVERE ] removing player 1 token from slot 6
[16:01:43.812] [SEVERE ] removing player 1 token from slot 3
[16:01:43.812] [SEVERE ] removing player 1 token from slot 5
[16:01:43.813] [SEVERE ] player 1 placing token on slot 5
[16:01:43.813] [SEVERE ] setting player 4 freeze to 900
[16:01:43.813] [SEVERE ] player 1 placing token on slot 9
[16:01:43.813] [SEVERE ] setting player 4 freeze to 0
[16:01:43.814] [SEVERE ] player 1 placing token on slot 7
[16:01:43.814] [SEVERE ] removing player 4 token from slot 8
[16:01:43.814] [SEVERE ] player 4 placing token on slot 11
[16:01:43.815] [SEVERE ] setting player 2 freeze to 900
[16:01:43.815] [SEVERE ] setting player 2 freeze to 0
[16:01:43.815] [SEVERE ] removing player 2 token from slot 10
[16:01:43.816] [SEVERE ] player 2 placing token on slot 7
[16:01:43.816] [SEVERE ] setting player 3 freeze to 900
[16:01:43.817] [SEVERE ] setting player 3 freeze to 0
[16:01:43.817] [SEVERE ] removing player 3 token from slot 0
[16:01:43.817] [SEVERE ] player 3 placing token on slot 8
[16:01:43.818] [SEVERE ] setting player 1 freeze to 900
[16:01:43.819] [SEVERE ] setting player 1 freeze to 0
[16:01:43.819] [SEVERE ] removing player 1 token from slot 9
[16:01:43.819] [SEVERE ] removing player 1 token from slot 5
[16:01:43.820] [SEVERE ] player 1 placing token on slot 10
[16:01:43.820] [SEVERE ] setting player 4 freeze to 900
[16:01:43.820] [SEVERE ] setting player 4 freeze to 0
[16:01:43.820] [SEVERE ] player 1 placing token on slot 2
[16:01:43.820] [SEVERE ] removing player 4 token from slot 11
[16:01:43.821] [SEVERE ] player 4 placing token on slot 6
[16:01:43.821] [SEVERE ] setting player 2 freeze to 900
[16:01:43.822] [SEVERE ] setting player 2 freeze to 0
[16:01:43.822] [SEVERE ] removing player 2 token from slot 7
[16:01:43.822] [SEVERE ] setting player 3 freeze to 900
[16:01:43.822] [SEVERE ] player 2 placing token on slot 2
[16:01:43.822] [SEVERE ] setting player 3 freeze to 0
[16:01:43.823] [SEVERE ] removing player 3 token from slot 7
[16:01:43.823] [SEVERE ] player 3 placing token on slot 6
[16:01:43.824] [SEVERE ] setting player 1 freeze to 900
[16:01:43.824] [SEVERE ] setting player 1 freeze to 0
[16:01:43.824] [SEVERE ] removing player 1 token from slot 10
[16:01:43.824] [SEVERE ] player 1 placing token on slot 10
[16:01:43.825] [SEVERE ] setting player 4 freeze to 900
[16:01:43.825] [SEVERE ] setting player 4 freeze to 0
[16:01:43.825] [SEVERE ] removing player 4 token from slot 6
[16:01:43.825] [SEVERE ] setting player 2 freeze to 900
[16:01:43.826] [SEVERE ] player 4 placing token on slot 11
[16:01:43.826] [SEVERE ] setting player 2 freeze to 0
[16:01:43.826] [SEVERE ] removing player 2 token from slot 11
[16:01:43.826] [SEVERE ] player 2 placing token on slot 11
[16:01:43.827] [SEVERE ] setting player 3 freeze to 900
[16:01:43.827] [SEVERE ] setting player 3 freeze to 0
[16:01:43.827] [SEVERE ] removing player 3 token from slot 6
[16:01:43.827] [SEVERE ] setting player 1 freeze to 900
[16:01:43.828] [SEVERE ] player 3 placing token on slot 5
[16:01:43.828] [SEVERE ] setting player 1 freeze to 0
[16:01:43.828] [SEVERE ] removing player 1 token from slot 10
[16:01:43.829] [SEVERE ] player 1 placing token on slot 8
[16:01:43.829] [SEVERE ] setting player 2 freeze to 900
[16:01:43.829] [SEVERE ] setting player 2 freeze to 0
[16:01:43.830] [SEVERE ] removing player 2 token from slot 0
[16:01:43.830] [SEVERE ] setting player 4 freeze to 900
[16:01:43.830] [SEVERE ] player 2 placing token on slot 1
[16:01:43.830] [SEVERE ] setting player 4 freeze to 0
[16:01:43.831] [SEVERE ] removing player 4 token from slot 2
[16:01:43.831] [SEVERE ] player 4 placing token on slot 10
[16:01:43.831] [SEVERE ] setting player 3 freeze to 900
[16:01:43.831] [SEVERE ] setting player 3 freeze to 0
[16:01:43.832] [SEVERE ] setting player 1 freeze to 900
[16:01:43.832] [SEVERE ] removing player 3 token from slot 5
[16:01:43.832] [SEVERE ] setting player 1 freeze to 0
[16:01:43.832] [SEVERE ] player 3 placing token on slot 11
[16:01:43.833] [SEVERE ] removing player 1 token from slot 8
[16:01:43.833] [SEVERE ] player 1 placing token on slot 6
[16:01:43.833] [SEVERE ] setting player 2 freeze to 900
[16:01:43.833] [SEVERE ] setting player 2 freeze to 0
[16:01:43.834] [SEVERE ] removing player 2 token from slot 2
[16:01:43.834] [SEVERE ] player 2 placing token on slot 5
[16:01:43.835] [SEVERE ] setting player 4 freeze to 900
[16:01:43.835] [SEVERE ] setting player 4 freeze to 0
[16:01:43.835] [SEVERE ] removing player 4 token from slot 11
[16:01:43.836] [SEVERE ] player 4 placing token on slot 2
[16:01:43.836] [SEVERE ] setting player 1 freeze to 900
[16:01:43.836] [SEVERE ] setting player 1 freeze to 0
[16:01:43.837] [SEVERE ] removing player 1 token from slot 7
[16:01:43.837] [SEVERE ] player 1 placing token on slot 0
[16:01:43.838] [SEVERE ] setting player 3 freeze to 900
[16:01:43.838] [SEVERE ] setting player 3 freeze to 0
[16:01:43.838] [SEVERE ] removing player 3 token from slot 11
[16:01:43.838] [SEVERE ] player 3 placing token on slot 4
[16:01:43.839] [SEVERE ] setting player 2 freeze to 900
[16:01:43.839] [SEVERE ] setting player 2 freeze to 0
[16:01:43.839] [SEVERE ] removing player 2 token from slot 1
[16:01:43.839] [SEVERE ] setting player 4 freeze to 900
[16:01:43.840] [SEVERE ] player 2 placing token on slot 10
[16:01:43.840] [SEVERE ] setting player 4 freeze to 0
[16:01:43.840] [SEVERE ] removing player 4 token from slot 10
[16:01:43.840] [SEVERE ] setting player 1 freeze to 900
[16:01:43.840] [SEVERE ] removing player 4 token from slot 1
[16:01:43.840] [SEVERE ] setting player 1 freeze to 0
[16:01:43.841] [SEVERE ] player 4 placing token on slot 8
[16:01:43.841] [SEVERE ] removing player 1 token from slot 6
[16:01:43.841] [SEVERE ] removing player 4 token from slot 2
[16:01:43.841] [SEVERE ] player 1 placing token on slot 5
[16:01:43.841] [SEVERE ] player 4 placing token on slot 6
[16:01:43.842] [SEVERE ] player 4 placing token on slot 11
[16:01:43.842] [SEVERE ] setting player 3 freeze to 900
[16:01:43.842] [SEVERE ] setting player 3 freeze to 0
[16:01:43.842] [SEVERE ] removing player 3 token from slot 4
[16:01:43.843] [SEVERE ] removing player 3 token from slot 8
[16:01:43.843] [SEVERE ] player 3 placing token on slot 10
[16:01:43.843] [SEVERE ] player 3 placing token on slot 5
[16:01:43.953] [SEVERE ] removing player 2 token from slot 11
[16:01:43.954] [SEVERE ] removing player 4 token from slot 11
[16:01:43.954] [SEVERE ] removing card from slot 11
[16:01:44.064] [SEVERE ] removing player 2 token from slot 5
[16:01:44.064] [SEVERE ] removing player 1 token from slot 5
[16:01:44.065] [SEVERE ] removing player 3 token from slot 5
[16:01:44.065] [SEVERE ] removing card from slot 5
[16:01:44.175] [SEVERE ] removing player 2 token from slot 10
[16:01:44.175] [SEVERE ] removing player 3 token from slot 10
[16:01:44.176] [SEVERE ] removing card from slot 10
[16:01:44.284] [SEVERE ] placing card 43 in slot 5
[16:01:44.394] [SEVERE ] placing card 75 in slot 10
[16:01:44.503] [SEVERE ] placing card 20 in slot 11
[16:01:44.503] [SEVERE ] player 4 placing token on slot 2
[16:01:44.503] [SEVERE ] player 3 placing token on slot 4
[16:01:44.504] [SEVERE ] player 1 placing token on slot 1
[16:01:44.504] [SEVERE ] player 3 placing token on slot 7
[16:01:44.505] [SEVERE ] updating countdown to 5000
[16:01:44.506] [SEVERE ] setting player 2 score to 1
[16:01:44.506] [SEVERE ] setting player 2 freeze to 900
[16:01:44.506] [SEVERE ] setting player 2 freeze to 0
[16:01:44.506] [SEVERE ] player 2 placing token on slot 10
[16:01:44.507] [SEVERE ] player 2 placing token on slot 7
[16:01:44.507] [SEVERE ] setting player 1 freeze to 900
[16:01:44.507] [SEVERE ] player 2 placing token on slot 9
[16:01:44.507] [SEVERE ] setting player 1 freeze to 0
[16:01:44.507] [SEVERE ] setting player 3 freeze to 900
[16:01:44.507] [SEVERE ] setting player 3 freeze to 0
[16:01:44.507] [SEVERE ] removing player 1 token from slot 1
[16:01:44.508] [SEVERE ] setting player 4 freeze to 900
[16:01:44.508] [SEVERE ] player 1 placing token on slot 11
[16:01:44.508] [SEVERE ] setting player 4 freeze to 0
[16:01:44.508] [SEVERE ] removing player 3 token from slot 2
[16:01:44.509] [SEVERE ] player 3 placing token on slot 2
[16:01:44.509] [SEVERE ] setting player 2 freeze to 900
[16:01:44.509] [SEVERE ] removing player 4 token from slot 2
[16:01:44.509] [SEVERE ] setting player 2 freeze to 0
[16:01:44.509] [SEVERE ] player 4 placing token on slot 1
[16:01:44.510] [SEVERE ] setting player 1 freeze to 900
[16:01:44.510] [SEVERE ] setting player 1 freeze to 0
[16:01:44.510] [SEVERE ] removing player 2 token from slot 10
[16:01:44.510] [SEVERE ] removing player 1 token from slot 2
[16:01:44.511] [SEVERE ] setting player 3 freeze to 900
[16:01:44.511] [SEVERE ] player 2 placing token on slot 2
[16:01:44.511] [SEVERE ] setting player 3 freeze to 0
[16:01:44.511] [SEVERE ] removing player 1 token from slot 0
[16:01:44.512] [SEVERE ] removing player 3 token from slot 7
[16:01:44.512] [SEVERE ] player 1 placing token on slot 5
[16:01:44.512] [SEVERE ] removing player 3 token from slot 2
[16:01:44.512] [SEVERE ] setting player 4 freeze to 900
[16:01:44.512] [SEVERE ] player 1 placing token on slot 1
[16:01:44.512] [SEVERE ] setting player 4 freeze to 0
[16:01:44.513] [SEVERE ] player 3 placing token on slot 1
[16:01:44.513] [SEVERE ] player 3 placing token on slot 5
[16:01:44.513] [SEVERE ] removing player 4 token from slot 8
[16:01:44.513] [SEVERE ] setting player 2 freeze to 900
[16:01:44.513] [SEVERE ] setting player 2 freeze to 0
[16:01:44.513] [SEVERE ] player 4 placing token on slot 11
[16:01:44.514] [SEVERE ] removing player 2 token from slot 7
[16:01:44.514] [SEVERE ] setting player 1 freeze to 900
[16:01:44.515] [SEVERE ] setting player 1 freeze to 0
[16:01:44.515] [SEVERE ] player 2 placing token on slot 0
[16:01:44.515] [SEVERE ] removing player 1 token from slot 1
[16:01:44.516] [SEVERE ] setting player 3 freeze to 900
[16:01:44.516] [SEVERE ] setting player 3 freeze to 0
[16:01:44.516] [SEVERE ] removing player 1 token from slot 11
[16:01:44.516] [SEVERE ] removing player 3 token from slot 1
[16:01:44.516] [SEVERE ] player 1 placing token on slot 3
[16:01:44.516] [SEVERE ] player 3 placing token on slot 8
[16:01:44.517] [SEVERE ] setting player 4 freeze to 900
[16:01:44.517] [SEVERE ] setting player 4 freeze to 0
[16:01:44.517] [SEVERE ] player 1 placing token on slot 9
[16:01:44.517] [SEVERE ] removing player 4 token from slot 6
[16:01:44.518] [SEVERE ] setting player 2 freeze to 900
[16:01:44.518] [SEVERE ] setting player 2 freeze to 0
[16:01:44.518] [SEVERE ] player 4 placing token on slot 9
[16:01:44.518] [SEVERE ] removing player 2 token from slot 9
[16:01:44.518] [SEVERE ] setting player 1 freeze to 900
[16:01:44.518] [SEVERE ] player 2 placing token on slot 1
[16:01:44.518] [SEVERE ] setting player 1 freeze to 0
[16:01:44.519] [SEVERE ] removing player 1 token from slot 5
[16:01:44.519] [SEVERE ] setting player 3 freeze to 900
[16:01:44.519] [SEVERE ] setting player 3 freeze to 0
[16:01:44.519] [SEVERE ] player 1 placing token on slot 7
[16:01:44.519] [SEVERE ] removing player 3 token from slot 5
[16:01:44.520] [SEVERE ] removing player 3 token from slot 8
[16:01:44.520] [SEVERE ] setting player 2 freeze to 900
[16:01:44.520] [SEVERE ] setting player 2 freeze to 0
[16:01:44.520] [SEVERE ] player 3 placing token on slot 5
[16:01:44.520] [SEVERE ] player 3 placing token on slot 6
[16:01:44.521] [SEVERE ] setting player 4 freeze to 900
[16:01:44.521] [SEVERE ] setting player 4 freeze to 0
[16:01:44.521] [SEVERE ] removing player 2 token from slot 2
[16:01:44.522] [SEVERE ] setting player 1 freeze to 900
[16:01:44.522] [SEVERE ] setting player 1 freeze to 0
[16:01:44.522] [SEVERE ] player 2 placing token on slot 5
[16:01:44.522] [SEVERE ] removing player 4 token from slot 1
[16:01:44.522] [SEVERE ] player 4 placing token on slot 5
[16:01:44.523] [SEVERE ] removing player 1 token from slot 7
[16:01:44.523] [SEVERE ] setting player 3 freeze to 900
[16:01:44.523] [SEVERE ] setting player 3 freeze to 0
[16:01:44.523] [SEVERE ] player 1 placing token on slot 0
[16:01:44.524] [SEVERE ] removing player 3 token from slot 5
[16:01:44.524] [SEVERE ] setting player 2 freeze to 900
[16:01:44.524] [SEVERE ] setting player 2 freeze to 0
[16:01:44.524] [SEVERE ] removing player 3 token from slot 6
[16:01:44.524] [SEVERE ] player 3 placing token on slot 3
[16:01:44.524] [SEVERE ] setting player 1 freeze to 900
[16:01:44.524] [SEVERE ] removing player 2 token from slot 1
[16:01:44.524] [SEVERE ] setting player 1 freeze to 0
[16:01:44.525] [SEVERE ] player 3 placing token on slot 10
[16:01:44.525] [SEVERE ] player 2 placing token on slot 10
[16:01:44.525] [SEVERE ] setting player 4 freeze to 900
[16:01:44.525] [SEVERE ] setting player 4 freeze to 0
[16:01:44.525] [SEVERE ] removing player 1 token from slot 9
[16:01:44.526] [SEVERE ] removing player 1 token from slot 3
[16:01:44.526] [SEVERE ] removing player 4 token from slot 9
[16:01:44.526] [SEVERE ] player 1 placing token on slot 2
[16:01:44.526] [SEVERE ] player 1 placing token on slot 4
[16:01:44.526] [SEVERE ] player 4 placing token on slot 10
[16:01:44.527] [SEVERE ] removing player 2 token from slot 10
[16:01:44.527] [SEVERE ] player 2 placing token on slot 11
[16:01:44.527] [SEVERE ] setting player 2 freeze to 900
[16:01:44.528] [SEVERE ] setting player 2 freeze to 0
[16:01:44.528] [SEVERE ] setting player 3 freeze to 900
[16:01:44.529] [SEVERE ] setting player 3 freeze to 0
[16:01:44.529] [SEVERE ] removing player 3 token from slot 10
[16:01:44.529] [SEVERE ] setting player 1 freeze to 900
[16:01:44.529] [SEVERE ] setting player 1 freeze to 0
[16:01:44.530] [SEVERE ] player 3 placing token on slot 9
[16:01:44.530] [SEVERE ] setting player 4 freeze to 900
[16:01:44.530] [SEVERE ] setting player 4 freeze to 0
[16:01:44.530] [SEVERE ] removing player 1 token from slot 4
[16:01:44.531] [SEVERE ] player 1 placing token on slot 3
[16:01:44.531] [SEVERE ] setting player 2 freeze to 900
[16:01:44.531] [SEVERE ] setting player 2 freeze to 0
[16:01:44.531] [SEVERE ] removing player 4 token from slot 5
[16:01:44.532] [SEVERE ] removing player 4 token from slot 10
[16:01:44.532] [SEVERE ] removing player 2 token from slot 0
[16:01:44.532] [SEVERE ] setting player 3 freeze to 900
[16:01:44.532] [SEVERE ] setting player 3 freeze to 0
[16:01:44.532] [SEVERE ] player 4 placing token on slot 2
[16:01:44.532] [SEVERE ] player 2 placing token on slot 10
[16:01:44.533] [SEVERE ] player 4 placing token on slot 8
[16:01:44.533] [SEVERE ] setting player 1 freeze to 900
[16:01:44.533] [SEVERE ] setting player 1 freeze to 0
[16:01:44.533] [SEVERE ] removing player 3 token from slot 9
[16:01:44.534] [SEVERE ] player 3 placing token on slot 10
[16:01:44.535] [SEVERE ] removing player 1 token from slot 0
[16:01:44.535] [SEVERE ] setting player 2 freeze to 900
[16:01:44.535] [SEVERE ] setting player 2 freeze to 0
[16:01:44.536] [SEVERE ] player 1 placing token on slot 7
[16:01:44.536] [SEVERE ] setting player 4 freeze to 900
[16:01:44.536] [SEVERE ] setting player 4 freeze to 0
[16:01:44.537] [SEVERE ] removing player 2 token from slot 5
[16:01:44.537] [SEVERE ] setting player 3 freeze to 900
[16:01:44.537] [SEVERE ] player 2 placing token on slot 3
[16:01:44.537] [SEVERE ] setting player 3 freeze to 0
[16:01:44.538] [SEVERE ] removing player 4 token from slot 2
[16:01:44.538] [SEVERE ] removing player 3 token from slot 4
[16:01:44.538] [SEVERE ] removing player 4 token from slot 8
[16:01:44.538] [SEVERE ] player 3 placing token on slot 9
[16:01:44.539] [SEVERE ] setting player 1 freeze to 900
[16:01:44.539] [SEVERE ] player 4 placing token on slot 8
[16:01:44.539] [SEVERE ] setting player 1 freeze to 0
[16:01:44.539] [SEVERE ] player 4 placing token on slot 5
[16:01:44.539] [SEVERE ] removing player 1 token from slot 3
[16:01:44.540] [SEVERE ] setting player 2 freeze to 900
[16:01:44.540] [SEVERE ] player 1 placing token on slot 6
[16:01:44.540] [SEVERE ] setting player 2 freeze to 0
[16:01:44.540] [SEVERE ] removing player 2 token from slot 10
[16:01:44.540] [SEVERE ] setting player 3 freeze to 900
[16:01:44.540] [SEVERE ] setting player 3 freeze to 0
[16:01:44.540] [SEVERE ] player 2 placing token on slot 9
[16:01:44.541] [SEVERE ] removing player 3 token from slot 10
[16:01:44.541] [SEVERE ] setting player 4 freeze to 900
[16:01:44.541] [SEVERE ] setting player 4 freeze to 0
[16:01:44.541] [SEVERE ] player 3 placing token on slot 1
[16:01:44.541] [SEVERE ] removing player 4 token from slot 11
[16:01:44.541] [SEVERE ] setting player 1 freeze to 900
[16:01:44.542] [SEVERE ] setting player 1 freeze to 0
[16:01:44.542] [SEVERE ] removing player 4 token from slot 5
[16:01:44.542] [SEVERE ] player 4 placing token on slot 1
[16:01:44.542] [SEVERE ] removing player 1 token from slot 6
[16:01:44.542] [SEVERE ] setting player 2 freeze to 900
[16:01:44.542] [SEVERE ] setting player 2 freeze to 0
[16:01:44.542] [SEVERE ] player 1 placing token on slot 5
[16:01:44.542] [SEVERE ] player 4 placing token on slot 0
[16:01:44.543] [SEVERE ] removing player 2 token from slot 9
[16:01:44.543] [SEVERE ] player 2 placing token on slot 0
[16:01:44.543] [SEVERE ] setting player 3 freeze to 900
[16:01:44.543] [SEVERE ] setting player 3 freeze to 0
[16:01:44.544] [SEVERE ] setting player 1 freeze to 900
[16:01:44.544] [SEVERE ] setting player 1 freeze to 0
[16:01:44.544] [SEVERE ] removing player 3 token from slot 3
[16:01:44.545] [SEVERE ] player 3 placing token on slot 2
[16:01:44.545] [SEVERE ] setting player 4 freeze to 900
[16:01:44.545] [SEVERE ] removing player 1 token from slot 5
[16:01:44.545] [SEVERE ] setting player 4 freeze to 0
[16:01:44.547] [SEVERE ] player 1 placing token on slot 4
[16:01:44.547] [SEVERE ] setting player 2 freeze to 900
[16:01:44.547] [SEVERE ] setting player 2 freeze to 0
[16:01:44.548] [SEVERE ] removing player 4 token from slot 0
[16:01:44.549] [SEVERE ] removing player 2 token from slot 11
[16:01:44.549] [SEVERE ] setting player 3 freeze to 900
[16:01:44.549] [SEVERE ] setting player 3 freeze to 0
[16:01:44.549] [SEVERE ] player 4 placing token on slot 10
[16:01:44.549] [SEVERE ] player 2 placing token on slot 1
[16:01:44.550] [SEVERE ] removing player 3 token from slot 1
[16:01:44.550] [SEVERE ] setting player 1 freeze to 900
[16:01:44.550] [SEVERE ] setting player 1 freeze to 0
[16:01:44.550] [SEVERE ] player 3 placing token on slot 5
[16:01:44.550] [SEVERE ] removing player 1 token from slot 7
[16:01:44.551] [SEVERE ] setting player 2 freeze to 900
[16:01:44.551] [SEVERE ] setting player 2 freeze to 0
[16:01:44.551] [SEVERE ] player 1 placing token on slot 7
[16:01:44.552] [SEVERE ] removing player 2 token from slot 1
[16:01:44.552] [SEVERE ] setting player 4 freeze to 900
[16:01:44.552] [SEVERE ] setting player 4 freeze to 0
[16:01:44.552] [SEVERE ] player 2 placing token on slot 7
[16:01:44.552] [SEVERE ] removing player 4 token from slot 10
[16:01:44.553] [SEVERE ] setting player 3 freeze to 900
[16:01:44.553] [SEVERE ] setting player 3 freeze to 0
[16:01:44.553] [SEVERE ] player 4 placing token on slot 2
[16:01:44.554] [SEVERE ] removing player 3 token from slot 5
[16:01:44.554] [SEVERE ] setting player 1 freeze to 900
[16:01:44.554] [SEVERE ] setting player 1 freeze to 0
[16:01:44.554] [SEVERE ] removing player 3 token from slot 9
[16:01:44.554] [SEVERE ] setting player 2 freeze to 900
[16:01:44.555] [SEVERE ] setting player 2 freeze to 0
[16:01:44.555] [SEVERE ] removing player 3 token from slot 2
[16:01:44.555] [SEVERE ] removing player 1 token from slot 7
[16:01:44.555] [SEVERE ] player 3 placing token on slot 3
[16:01:44.555] [SEVERE ] setting player 4 freeze to 900
[16:01:44.555] [SEVERE ] setting player 4 freeze to 0
[16:01:44.555] [SEVERE ] player 1 placing token on slot 7
[16:01:44.556] [SEVERE ] player 3 placing token on slot 6
[16:01:44.556] [SEVERE ] removing player 2 token from slot 3
[16:01:44.556] [SEVERE ] player 3 placing token on slot 8
[16:01:44.556] [SEVERE ] removing player 4 token from slot 1
[16:01:44.557] [SEVERE ] player 2 placing token on slot 8
[16:01:44.557] [SEVERE ] removing player 4 token from slot 2
[16:01:44.558] [SEVERE ] removing player 1 token from slot 4
[16:01:44.558] [SEVERE ] player 1 placing token on slot 10
[16:01:44.558] [SEVERE ] removing player 4 token from slot 8
[16:01:44.558] [SEVERE ] setting player 1 freeze to 900
[16:01:44.558] [SEVERE ] setting player 1 freeze to 0
[16:01:44.558] [SEVERE ] player 4 placing token on slot 9
[16:01:44.559] [SEVERE ] setting player 3 freeze to 900
[16:01:44.559] [SEVERE ] setting player 3 freeze to 0
[16:01:44.559] [SEVERE ] player 4 placing token on slot 5
[16:01:44.559] [SEVERE ] player 4 placing token on slot 4
[16:01:44.559] [SEVERE ] setting player 2 freeze to 900
[16:01:44.559] [SEVERE ] setting player 2 freeze to 0
[16:01:44.559] [SEVERE ] removing player 3 token from slot 3
[16:01:44.560] [SEVERE ] player 3 placing token on slot 5
[16:01:44.560] [SEVERE ] setting player 1 freeze to 900
[16:01:44.560] [SEVERE ] setting player 1 freeze to 0
[16:01:44.560] [SEVERE ] removing player 2 token from slot 0
[16:01:44.561] [SEVERE ] setting player 4 freeze to 900
[16:01:44.561] [SEVERE ] removing player 1 token from slot 7
[16:01:44.561] [SEVERE ] setting player 4 freeze to 0
[16:01:44.561] [SEVERE ] player 2 placing token on slot 9
[16:01:44.561] [SEVERE ] removing player 1 token from slot 2
[16:01:44.561] [SEVERE ] player 1 placing token on slot 6
[16:01:44.562] [SEVERE ] removing player 4 token from slot 9
[16:01:44.562] [SEVERE ] player 1 placing token on slot 7
[16:01:44.562] [SEVERE ] setting player 3 freeze to 900
[16:01:44.562] [SEVERE ] setting player 3 freeze to 0
[16:01:44.562] [SEVERE ] removing player 4 token from slot 5
[16:01:44.563] [SEVERE ] setting player 2 freeze to 900
[16:01:44.563] [SEVERE ] setting player 2 freeze to 0
[16:01:44.563] [SEVERE ] player 4 placing token on slot 9
[16:01:44.563] [SEVERE ] removing player 3 token from slot 8
[16:01:44.564] [SEVERE ] setting player 1 freeze to 900
[16:01:44.564] [SEVERE ] setting player 1 freeze to 0
[16:01:44.564] [SEVERE ] player 3 placing token on slot 1
[16:01:44.564] [SEVERE ] player 4 placing token on slot 8
[16:01:44.564] [SEVERE ] removing player 2 token from slot 7
[16:01:44.564] [SEVERE ] player 2 placing token on slot 0
[16:01:44.565] [SEVERE ] removing player 1 token from slot 10
[16:01:44.565] [SEVERE ] player 1 placing token on slot 1
[16:01:44.565] [SEVERE ] setting player 3 freeze to 900
[16:01:44.565] [SEVERE ] setting player 3 freeze to 0
[16:01:44.566] [SEVERE ] setting player 4 freeze to 900
[16:01:44.566] [SEVERE ] setting player 4 freeze to 0
[16:01:44.566] [SEVERE ] removing player 3 token from slot 1
[16:01:44.566] [SEVERE ] setting player 1 freeze to 900
[16:01:44.566] [SEVERE ] setting player 1 freeze to 0
[16:01:44.566] [SEVERE ] removing player 3 token from slot 6
[16:01:44.566] [SEVERE ] removing player 4 token from slot 4
[16:01:44.567] [SEVERE ] player 3 placing token on slot 1
[16:01:44.567] [SEVERE ] setting player 2 freeze to 900
[16:01:44.567] [SEVERE ] setting player 2 freeze to 0
[16:01:44.567] [SEVERE ] player 4 placing token on slot 10
[16:01:44.567] [SEVERE ] player 3 placing token on slot 3
[16:01:44.568] [SEVERE ] removing player 1 token from slot 7
[16:01:44.568] [SEVERE ] removing player 2 token from slot 9
[16:01:44.568] [SEVERE ] player 1 placing token on slot 10
[16:01:44.568] [SEVERE ] exit button pressed
[16:01:44.568] [SEVERE ] player 2 placing token on slot 1
[16:01:44.569] [INFO   ] thread computer-1 terminated.
[16:01:44.569] [INFO   ] thread computer-3 terminated.
[16:01:44.568] [INFO   ] thread computer-0 terminated.
[16:01:44.569] [INFO   ] thread computer-2 terminated.
[16:01:44.569] [INFO   ] thread Thread-3 terminated.
[16:01:44.569] [INFO   ] thread Thread-2 terminated.
[16:01:44.569] [INFO   ] thread Thread-0 terminated.
[16:01:44.570] [INFO   ] thread Thread-1 terminated.
[16:01:44.570] [SEVERE ] setting player 3 freeze to 900
[16:01:44.570] [SEVERE ] setting player 3 freeze to 0
[16:01:44.677] [SEVERE ] removing player 2 token from slot 0
[16:01:44.678] [SEVERE ] removing card from slot 0
[16:01:44.787] [SEVERE ] removing player 1 token from slot 1
[16:01:44.788] [SEVERE ] removing player 3 token from slot 1
[16:01:44.788] [SEVERE ] removing player 2 token from slot 1
[16:01:44.788] [SEVERE ] removing card from slot 1
[16:01:44.897] [SEVERE ] removing card from slot 2
[16:01:45.006] [SEVERE ] removing player 3 token from slot 3
[16:01:45.007] [SEVERE ] removing card from slot 3
[16:01:45.116] [SEVERE ] removing card from slot 4
[16:01:45.227] [SEVERE ] removing player 3 token from slot 5
[16:01:45.227] [SEVERE ] removing card from slot 5
[16:01:45.338] [SEVERE ] removing player 1 token from slot 6
[16:01:45.338] [SEVERE ] removing card from slot 6
[16:01:45.448] [SEVERE ] removing card from slot 7
[16:01:45.559] [SEVERE ] removing player 2 token from slot 8
[16:01:45.559] [SEVERE ] removing player 4 token from slot 8
[16:01:45.559] [SEVERE ] removing card from slot 8
[16:01:45.670] [SEVERE ] removing player 4 token from slot 9
[16:01:45.670] [SEVERE ] removing card from slot 9
[16:01:45.780] [SEVERE ] removing player 4 token from slot 10
[16:01:45.780] [SEVERE ] removing player 1 token from slot 10
[16:01:45.780] [SEVERE ] removing card from slot 10
[16:01:45.889] [SEVERE ] removing card from slot 11
[16:01:45.890] [SEVERE ] announcing winner(s): player 2
[16:01:45.891] [INFO   ] thread dealer terminated.
[16:01:45.891] [INFO   ] thread dealer terminated.
[16:01:45.891] [SEVERE ] thanks for playing... it was fun!
[16:01:45.892] [INFO   ] thread main terminated.
