[20:11:20.498] [INFO   ] thread main starting.
[20:11:20.503] [SEVERE ] cannot read configuration file config.properties trying from resources.
[20:11:20.504] [SEVERE ] configuration file was loaded from resources directory.
[20:11:20.850] [INFO   ] thread dealer starting.
[20:11:20.850] [INFO   ] thread dealer starting.
[20:11:20.850] [SEVERE ] updating countdown to 10000
[20:11:20.858] [INFO   ] thread Thread-1 starting.
[20:11:20.858] [INFO   ] thread Thread-0 starting.
[20:11:20.859] [INFO   ] thread computer-1 starting.
[20:11:20.966] [SEVERE ] updating countdown to 9884
[20:11:21.082] [SEVERE ] placing card 34 in slot 0
[20:11:21.183] [SEVERE ] placing card 3 in slot 1
[20:11:21.284] [SEVERE ] placing card 15 in slot 2
[20:11:21.387] [SEVERE ] placing card 68 in slot 3
[20:11:21.497] [SEVERE ] placing card 36 in slot 4
[20:11:21.607] [SEVERE ] placing card 72 in slot 5
[20:11:21.718] [SEVERE ] placing card 43 in slot 6
[20:11:21.828] [SEVERE ] placing card 54 in slot 7
[20:11:21.938] [SEVERE ] placing card 25 in slot 8
[20:11:22.049] [SEVERE ] placing card 9 in slot 9
[20:11:22.159] [SEVERE ] placing card 11 in slot 10
[20:11:22.269] [SEVERE ] placing card 56 in slot 11
[20:11:22.269] [SEVERE ] player 2 placing token on slot 6
[20:11:22.269] [SEVERE ] player 2 placing token on slot 11
[20:11:22.269] [SEVERE ] player 2 placing token on slot 4
[20:11:22.269] [SEVERE ] updating countdown to 8581
[20:11:22.269] [SEVERE ] updating countdown to 8581
[20:11:22.269] [SEVERE ] setting player 2 freeze to 3900
[20:11:22.269] [SEVERE ] setting player 2 freeze to 3900
[20:11:22.269] [SEVERE ] updating countdown to 8581
[20:11:22.269] [SEVERE ] setting player 2 freeze to 3900
[20:11:22.842] [SEVERE ] updating countdown to 8008
[20:11:22.842] [SEVERE ] setting player 2 freeze to 3327
[20:11:22.842] [SEVERE ] updating countdown to 8008
[20:11:22.842] [SEVERE ] setting player 2 freeze to 3327
[20:11:23.832] [SEVERE ] updating countdown to 7018
[20:11:23.832] [SEVERE ] setting player 2 freeze to 2337
[20:11:23.832] [SEVERE ] updating countdown to 7018
[20:11:23.832] [SEVERE ] setting player 2 freeze to 2337
[20:11:24.833] [SEVERE ] updating countdown to 6017
[20:11:24.833] [SEVERE ] setting player 2 freeze to 1336
[20:11:24.833] [SEVERE ] updating countdown to 6017
[20:11:24.833] [SEVERE ] setting player 2 freeze to 1336
[20:11:25.284] [SEVERE ] removing player 2 token from slot 11
[20:11:25.284] [SEVERE ] player 2 placing token on slot 1
[20:11:25.286] [SEVERE ] updating countdown to 5564
[20:11:25.286] [SEVERE ] setting player 2 freeze to 0
[20:11:25.286] [SEVERE ] setting player 2 freeze to 3900
[20:11:25.286] [SEVERE ] setting player 2 freeze to 3900
[20:11:25.286] [SEVERE ] updating countdown to 5564
[20:11:25.286] [SEVERE ] setting player 2 freeze to 3900
[20:11:25.832] [SEVERE ] updating countdown to 5018
[20:11:25.832] [SEVERE ] setting player 2 freeze to 3354
[20:11:25.832] [SEVERE ] updating countdown to 5018
[20:11:25.832] [SEVERE ] setting player 2 freeze to 3354
[20:11:26.830] [SEVERE ] setting player 2 freeze to 2356
[20:11:26.830] [SEVERE ] setting player 2 freeze to 2356
[20:11:26.941] [SEVERE ] setting player 2 freeze to 2245
[20:11:26.941] [SEVERE ] setting player 2 freeze to 2245
[20:11:27.051] [SEVERE ] setting player 2 freeze to 2135
[20:11:27.051] [SEVERE ] setting player 2 freeze to 2135
[20:11:27.161] [SEVERE ] setting player 2 freeze to 2025
[20:11:27.161] [SEVERE ] setting player 2 freeze to 2025
[20:11:27.271] [SEVERE ] setting player 2 freeze to 1915
[20:11:27.271] [SEVERE ] setting player 2 freeze to 1915
[20:11:27.381] [SEVERE ] setting player 2 freeze to 1805
[20:11:27.381] [SEVERE ] setting player 2 freeze to 1805
[20:11:27.492] [SEVERE ] setting player 2 freeze to 1694
[20:11:27.492] [SEVERE ] setting player 2 freeze to 1694
[20:11:27.602] [SEVERE ] setting player 2 freeze to 1584
[20:11:27.602] [SEVERE ] setting player 2 freeze to 1584
[20:11:27.712] [SEVERE ] setting player 2 freeze to 1474
[20:11:27.712] [SEVERE ] setting player 2 freeze to 1474
[20:11:27.822] [SEVERE ] setting player 2 freeze to 1364
[20:11:27.822] [SEVERE ] setting player 2 freeze to 1364
[20:11:27.933] [SEVERE ] setting player 2 freeze to 1253
[20:11:27.933] [SEVERE ] setting player 2 freeze to 1253
[20:11:28.043] [SEVERE ] setting player 2 freeze to 1143
[20:11:28.043] [SEVERE ] setting player 2 freeze to 1143
[20:11:28.153] [SEVERE ] setting player 2 freeze to 1033
[20:11:28.153] [SEVERE ] setting player 2 freeze to 1033
[20:11:28.264] [SEVERE ] setting player 2 freeze to 922
[20:11:28.264] [SEVERE ] setting player 2 freeze to 922
[20:11:28.296] [SEVERE ] removing player 2 token from slot 4
[20:11:28.296] [SEVERE ] player 2 placing token on slot 9
[20:11:28.296] [SEVERE ] setting player 2 freeze to 0
[20:11:28.296] [SEVERE ] setting player 2 freeze to 3900
[20:11:28.296] [SEVERE ] setting player 2 freeze to 3900
[20:11:28.296] [SEVERE ] setting player 2 freeze to 3900
[20:11:28.406] [SEVERE ] setting player 2 freeze to 3790
[20:11:28.406] [SEVERE ] setting player 2 freeze to 3790
[20:11:28.516] [SEVERE ] setting player 2 freeze to 3680
[20:11:28.516] [SEVERE ] setting player 2 freeze to 3680
[20:11:28.627] [SEVERE ] setting player 2 freeze to 3569
[20:11:28.627] [SEVERE ] setting player 2 freeze to 3569
[20:11:28.737] [SEVERE ] setting player 2 freeze to 3459
[20:11:28.737] [SEVERE ] setting player 2 freeze to 3459
[20:11:28.847] [SEVERE ] setting player 2 freeze to 3349
[20:11:28.847] [SEVERE ] setting player 2 freeze to 3349
[20:11:28.957] [SEVERE ] setting player 2 freeze to 3239
[20:11:28.957] [SEVERE ] setting player 2 freeze to 3239
[20:11:29.067] [SEVERE ] setting player 2 freeze to 3129
[20:11:29.067] [SEVERE ] setting player 2 freeze to 3129
[20:11:29.177] [SEVERE ] setting player 2 freeze to 3019
[20:11:29.177] [SEVERE ] setting player 2 freeze to 3019
[20:11:29.287] [SEVERE ] setting player 2 freeze to 2909
[20:11:29.287] [SEVERE ] setting player 2 freeze to 2909
[20:11:29.399] [SEVERE ] setting player 2 freeze to 2797
[20:11:29.399] [SEVERE ] setting player 2 freeze to 2797
[20:11:29.508] [SEVERE ] setting player 2 freeze to 2688
[20:11:29.508] [SEVERE ] setting player 2 freeze to 2688
[20:11:29.618] [SEVERE ] setting player 2 freeze to 2578
[20:11:29.618] [SEVERE ] setting player 2 freeze to 2578
[20:11:29.729] [SEVERE ] setting player 2 freeze to 2467
[20:11:29.729] [SEVERE ] setting player 2 freeze to 2467
[20:11:29.839] [SEVERE ] setting player 2 freeze to 2357
[20:11:29.839] [SEVERE ] setting player 2 freeze to 2357
[20:11:29.950] [SEVERE ] setting player 2 freeze to 2246
[20:11:29.950] [SEVERE ] setting player 2 freeze to 2246
[20:11:30.060] [SEVERE ] setting player 2 freeze to 2136
[20:11:30.060] [SEVERE ] setting player 2 freeze to 2136
[20:11:30.170] [SEVERE ] setting player 2 freeze to 2026
[20:11:30.171] [SEVERE ] setting player 2 freeze to 2025
[20:11:30.280] [SEVERE ] setting player 2 freeze to 1916
[20:11:30.280] [SEVERE ] setting player 2 freeze to 1916
[20:11:30.390] [SEVERE ] setting player 2 freeze to 1806
[20:11:30.390] [SEVERE ] setting player 2 freeze to 1806
[20:11:30.500] [SEVERE ] setting player 2 freeze to 1696
[20:11:30.500] [SEVERE ] setting player 2 freeze to 1696
[20:11:30.610] [SEVERE ] setting player 2 freeze to 1586
[20:11:30.610] [SEVERE ] setting player 2 freeze to 1586
[20:11:30.720] [SEVERE ] setting player 2 freeze to 1476
[20:11:30.720] [SEVERE ] setting player 2 freeze to 1476
[20:11:30.832] [SEVERE ] setting player 2 freeze to 1364
[20:11:30.832] [SEVERE ] setting player 2 freeze to 1364
[20:11:30.942] [SEVERE ] updating countdown to 10000
[20:11:30.942] [SEVERE ] setting player 2 freeze to 1254
[20:11:30.942] [SEVERE ] updating countdown to 10000
[20:11:30.942] [SEVERE ] setting player 2 freeze to 1254
[20:11:31.052] [SEVERE ] removing card from slot 0
[20:11:31.163] [SEVERE ] removing player 2 token from slot 1
[20:11:31.163] [SEVERE ] removing card from slot 1
[20:11:31.273] [SEVERE ] removing card from slot 2
[20:11:31.385] [SEVERE ] removing card from slot 3
[20:11:31.495] [SEVERE ] removing card from slot 4
[20:11:31.605] [SEVERE ] removing card from slot 5
[20:11:31.717] [SEVERE ] removing player 2 token from slot 6
[20:11:31.717] [SEVERE ] removing card from slot 6
[20:11:31.827] [SEVERE ] removing card from slot 7
[20:11:31.937] [SEVERE ] removing card from slot 8
[20:11:32.048] [SEVERE ] removing player 2 token from slot 9
[20:11:32.048] [SEVERE ] removing card from slot 9
[20:11:32.159] [SEVERE ] removing card from slot 10
[20:11:32.269] [SEVERE ] removing card from slot 11
[20:11:32.379] [SEVERE ] placing card 51 in slot 0
[20:11:32.489] [SEVERE ] placing card 67 in slot 1
[20:11:32.600] [SEVERE ] placing card 56 in slot 2
[20:11:32.711] [SEVERE ] placing card 75 in slot 3
[20:11:32.820] [SEVERE ] placing card 24 in slot 4
[20:11:32.930] [SEVERE ] placing card 41 in slot 5
[20:11:33.041] [SEVERE ] placing card 31 in slot 6
[20:11:33.151] [SEVERE ] placing card 71 in slot 7
[20:11:33.261] [SEVERE ] placing card 80 in slot 8
[20:11:33.371] [SEVERE ] placing card 36 in slot 9
[20:11:33.482] [SEVERE ] placing card 12 in slot 10
[20:11:33.593] [SEVERE ] placing card 53 in slot 11
[20:11:33.593] [SEVERE ] player 2 placing token on slot 2
[20:11:33.593] [SEVERE ] player 2 placing token on slot 5
[20:11:33.593] [SEVERE ] player 2 placing token on slot 11
[20:11:33.593] [SEVERE ] setting player 2 freeze to 3900
[20:11:33.593] [SEVERE ] setting player 2 freeze to 3900
[20:11:33.593] [SEVERE ] updating countdown to 10000
[20:11:33.593] [SEVERE ] setting player 2 freeze to 3900
[20:11:34.587] [SEVERE ] updating countdown to 9006
[20:11:34.587] [SEVERE ] setting player 2 freeze to 2906
[20:11:34.587] [SEVERE ] updating countdown to 9006
[20:11:34.587] [SEVERE ] setting player 2 freeze to 2906
[20:11:35.575] [SEVERE ] updating countdown to 8018
[20:11:35.575] [SEVERE ] setting player 2 freeze to 1918
[20:11:35.575] [SEVERE ] updating countdown to 8018
[20:11:35.575] [SEVERE ] setting player 2 freeze to 1918
[20:11:36.574] [SEVERE ] updating countdown to 7019
[20:11:36.574] [SEVERE ] setting player 2 freeze to 919
[20:11:36.574] [SEVERE ] updating countdown to 7019
[20:11:36.574] [SEVERE ] setting player 2 freeze to 919
[20:11:36.605] [SEVERE ] removing player 2 token from slot 2
[20:11:36.605] [SEVERE ] player 2 placing token on slot 4
[20:11:36.606] [SEVERE ] updating countdown to 6987
[20:11:36.606] [SEVERE ] setting player 2 freeze to 0
[20:11:36.606] [SEVERE ] setting player 2 freeze to 3900
[20:11:36.606] [SEVERE ] setting player 2 freeze to 3900
[20:11:36.606] [SEVERE ] updating countdown to 6987
[20:11:36.606] [SEVERE ] setting player 2 freeze to 3900
[20:11:37.574] [SEVERE ] updating countdown to 6019
[20:11:37.574] [SEVERE ] setting player 2 freeze to 2932
[20:11:37.574] [SEVERE ] updating countdown to 6019
[20:11:37.574] [SEVERE ] setting player 2 freeze to 2932
[20:11:38.575] [SEVERE ] updating countdown to 5018
[20:11:38.575] [SEVERE ] setting player 2 freeze to 1931
[20:11:38.575] [SEVERE ] updating countdown to 5018
[20:11:38.575] [SEVERE ] setting player 2 freeze to 1931
[20:11:39.574] [SEVERE ] setting player 2 freeze to 932
[20:11:39.574] [SEVERE ] setting player 2 freeze to 932
[20:11:39.621] [SEVERE ] removing player 2 token from slot 5
[20:11:39.621] [SEVERE ] player 2 placing token on slot 8
[20:11:39.621] [SEVERE ] setting player 2 freeze to 0
[20:11:39.621] [SEVERE ] setting player 2 freeze to 3900
[20:11:39.621] [SEVERE ] setting player 2 freeze to 3900
[20:11:39.621] [SEVERE ] setting player 2 freeze to 3900
[20:11:39.724] [SEVERE ] setting player 2 freeze to 3797
[20:11:39.724] [SEVERE ] setting player 2 freeze to 3797
[20:11:39.834] [SEVERE ] setting player 2 freeze to 3687
[20:11:39.834] [SEVERE ] setting player 2 freeze to 3687
[20:11:39.946] [SEVERE ] setting player 2 freeze to 3575
[20:11:39.946] [SEVERE ] setting player 2 freeze to 3575
[20:11:40.056] [SEVERE ] setting player 2 freeze to 3465
[20:11:40.056] [SEVERE ] setting player 2 freeze to 3465
[20:11:40.166] [SEVERE ] setting player 2 freeze to 3355
[20:11:40.166] [SEVERE ] setting player 2 freeze to 3355
[20:11:40.277] [SEVERE ] setting player 2 freeze to 3244
[20:11:40.277] [SEVERE ] setting player 2 freeze to 3244
[20:11:40.387] [SEVERE ] setting player 2 freeze to 3134
[20:11:40.387] [SEVERE ] setting player 2 freeze to 3134
[20:11:40.498] [SEVERE ] setting player 2 freeze to 3023
[20:11:40.498] [SEVERE ] setting player 2 freeze to 3023
[20:11:40.608] [SEVERE ] setting player 2 freeze to 2913
[20:11:40.608] [SEVERE ] setting player 2 freeze to 2913
[20:11:40.718] [SEVERE ] setting player 2 freeze to 2803
[20:11:40.718] [SEVERE ] setting player 2 freeze to 2803
[20:11:40.830] [SEVERE ] setting player 2 freeze to 2691
[20:11:40.830] [SEVERE ] setting player 2 freeze to 2691
[20:11:40.941] [SEVERE ] setting player 2 freeze to 2580
[20:11:40.941] [SEVERE ] setting player 2 freeze to 2580
[20:11:41.053] [SEVERE ] setting player 2 freeze to 2468
[20:11:41.053] [SEVERE ] setting player 2 freeze to 2468
[20:11:41.163] [SEVERE ] setting player 2 freeze to 2358
[20:11:41.163] [SEVERE ] setting player 2 freeze to 2358
[20:11:41.273] [SEVERE ] setting player 2 freeze to 2248
[20:11:41.273] [SEVERE ] setting player 2 freeze to 2248
[20:11:41.383] [SEVERE ] setting player 2 freeze to 2138
[20:11:41.383] [SEVERE ] setting player 2 freeze to 2138
[20:11:41.493] [SEVERE ] setting player 2 freeze to 2028
[20:11:41.493] [SEVERE ] setting player 2 freeze to 2028
[20:11:41.588] [SEVERE ] exit button pressed
[20:11:41.588] [INFO   ] thread computer-1 terminated.
[20:11:41.588] [INFO   ] thread Thread-0 terminated.
[20:11:41.604] [SEVERE ] setting player 2 freeze to 1917
[20:11:41.605] [SEVERE ] setting player 2 freeze to 1916
[20:11:41.605] [SEVERE ] setting player 2 freeze to 1916
[20:11:41.723] [SEVERE ] removing card from slot 0
[20:11:41.833] [SEVERE ] removing card from slot 1
[20:11:41.944] [SEVERE ] removing card from slot 2
[20:11:42.058] [SEVERE ] removing card from slot 3
[20:11:42.169] [SEVERE ] removing player 2 token from slot 4
[20:11:42.169] [SEVERE ] removing card from slot 4
[20:11:42.280] [SEVERE ] removing card from slot 5
[20:11:42.391] [SEVERE ] removing card from slot 6
[20:11:42.501] [SEVERE ] removing card from slot 7
[20:11:42.611] [SEVERE ] removing player 2 token from slot 8
[20:11:42.611] [SEVERE ] removing card from slot 8
[20:11:42.722] [SEVERE ] removing card from slot 9
[20:11:42.832] [SEVERE ] removing card from slot 10
[20:11:42.942] [SEVERE ] removing player 2 token from slot 11
[20:11:42.942] [SEVERE ] removing card from slot 11
[20:11:42.943] [SEVERE ] announcing winner(s): player 1, player 2
[20:11:42.943] [INFO   ] thread dealer terminated.
[20:11:42.943] [INFO   ] thread dealer terminated.
[20:11:42.943] [SEVERE ] thanks for playing... it was fun!
[20:11:42.943] [INFO   ] thread Thread-1 terminated.
[20:11:42.943] [INFO   ] thread main terminated.
