[21:40:32.273] [INFO   ] thread main starting.
[21:40:32.278] [SEVERE ] cannot read configuration file config.properties trying from resources.
[21:40:32.280] [SEVERE ] configuration file was loaded from resources directory.
[21:40:32.683] [INFO   ] thread dealer starting.
[21:40:32.683] [INFO   ] thread dealer starting.
[21:40:32.683] [SEVERE ] updating countdown to 60000
[21:40:32.683] [INFO   ] thread Thread-2 starting.
[21:40:32.683] [INFO   ] thread Thread-0 starting.
[21:40:32.683] [INFO   ] thread Thread-1 starting.
[21:40:32.683] [INFO   ] thread Thread-3 starting.
[21:40:32.685] [INFO   ] thread computer-0 starting.
[21:40:32.685] [INFO   ] thread computer-1 starting.
[21:40:32.685] [INFO   ] thread computer-2 starting.
[21:40:32.685] [INFO   ] thread computer-3 starting.
[21:40:32.796] [SEVERE ] updating countdown to 59887
[21:40:32.913] [SEVERE ] placing card 11 in slot 0
[21:40:33.014] [SEVERE ] placing card 35 in slot 1
[21:40:33.128] [SEVERE ] placing card 73 in slot 2
[21:40:33.243] [SEVERE ] placing card 18 in slot 3
[21:40:33.347] [SEVERE ] placing card 3 in slot 4
[21:40:33.448] [SEVERE ] placing card 59 in slot 5
[21:40:33.561] [SEVERE ] placing card 78 in slot 6
[21:40:33.662] [SEVERE ] placing card 80 in slot 7
[21:40:33.763] [SEVERE ] placing card 56 in slot 8
[21:40:33.865] [SEVERE ] placing card 51 in slot 9
[21:40:33.979] [SEVERE ] placing card 13 in slot 10
[21:40:34.082] [SEVERE ] placing card 1 in slot 11
[21:40:34.082] [SEVERE ] player 4 placing token on slot 1
[21:40:34.082] [SEVERE ] player 3 placing token on slot 0
[21:40:34.082] [SEVERE ] player 2 placing token on slot 9
[21:40:34.082] [SEVERE ] player 1 placing token on slot 3
[21:40:34.082] [SEVERE ] player 4 placing token on slot 0
[21:40:34.082] [SEVERE ] player 4 placing token on slot 6
[21:40:34.082] [SEVERE ] removing player 3 token from slot 0
[21:40:34.082] [SEVERE ] player 2 placing token on slot 10
[21:40:34.082] [SEVERE ] player 1 placing token on slot 8
[21:40:34.082] [SEVERE ] player 3 placing token on slot 3
[21:40:34.082] [SEVERE ] removing player 2 token from slot 9
[21:40:34.082] [SEVERE ] player 1 placing token on slot 10
[21:40:34.082] [SEVERE ] player 3 placing token on slot 0
[21:40:34.082] [SEVERE ] player 2 placing token on slot 6
[21:40:34.082] [SEVERE ] player 2 placing token on slot 9
[21:40:34.082] [SEVERE ] player 3 placing token on slot 1
[21:40:34.090] [SEVERE ] updating countdown to 58593
[21:40:34.090] [SEVERE ] setting player 1 freeze to 3900
[21:40:34.091] [SEVERE ] setting player 1 freeze to 3899
[21:40:34.094] [SEVERE ] updating countdown to 58589
[21:40:34.095] [SEVERE ] setting player 1 freeze to 3895
[21:40:34.095] [SEVERE ] setting player 2 freeze to 3900
[21:40:34.095] [SEVERE ] setting player 1 freeze to 3895
[21:40:34.095] [SEVERE ] setting player 2 freeze to 3900
[21:40:34.098] [SEVERE ] updating countdown to 58585
[21:40:34.098] [SEVERE ] setting player 1 freeze to 3892
[21:40:34.098] [SEVERE ] setting player 2 freeze to 3897
[21:40:34.098] [SEVERE ] setting player 3 freeze to 3900
[21:40:34.098] [SEVERE ] setting player 1 freeze to 3892
[21:40:34.098] [SEVERE ] setting player 2 freeze to 3897
[21:40:34.098] [SEVERE ] setting player 3 freeze to 3900
[21:40:34.100] [SEVERE ] updating countdown to 58583
[21:40:34.100] [SEVERE ] setting player 1 freeze to 3890
[21:40:34.100] [SEVERE ] setting player 2 freeze to 3895
[21:40:34.100] [SEVERE ] setting player 3 freeze to 3898
[21:40:34.100] [SEVERE ] setting player 4 freeze to 3900
[21:40:34.100] [SEVERE ] setting player 1 freeze to 3890
[21:40:34.100] [SEVERE ] setting player 2 freeze to 3895
[21:40:34.100] [SEVERE ] setting player 3 freeze to 3898
[21:40:34.100] [SEVERE ] setting player 4 freeze to 3900
[21:40:35.012] [SEVERE ] updating countdown to 57671
[21:40:35.012] [SEVERE ] setting player 1 freeze to 2978
[21:40:35.012] [SEVERE ] setting player 2 freeze to 2983
[21:40:35.012] [SEVERE ] setting player 3 freeze to 2986
[21:40:35.012] [SEVERE ] setting player 4 freeze to 2988
[21:40:35.919] [SEVERE ] updating countdown to 56764
[21:40:35.919] [SEVERE ] setting player 1 freeze to 2071
[21:40:35.919] [SEVERE ] setting player 2 freeze to 2076
[21:40:35.919] [SEVERE ] setting player 3 freeze to 2079
[21:40:35.920] [SEVERE ] setting player 4 freeze to 2080
[21:40:36.826] [SEVERE ] updating countdown to 55857
[21:40:36.826] [SEVERE ] setting player 1 freeze to 1164
[21:40:36.828] [SEVERE ] setting player 2 freeze to 1167
[21:40:36.828] [SEVERE ] setting player 3 freeze to 1170
[21:40:36.828] [SEVERE ] setting player 4 freeze to 1172
[21:40:37.098] [SEVERE ] removing player 1 token from slot 10
[21:40:37.098] [SEVERE ] removing player 2 token from slot 9
[21:40:37.098] [SEVERE ] removing player 1 token from slot 8
[21:40:37.098] [SEVERE ] removing player 1 token from slot 3
[21:40:37.098] [SEVERE ] removing player 2 token from slot 6
[21:40:37.098] [SEVERE ] player 1 placing token on slot 1
[21:40:37.098] [SEVERE ] removing player 2 token from slot 10
[21:40:37.098] [SEVERE ] player 1 placing token on slot 3
[21:40:37.098] [SEVERE ] player 1 placing token on slot 9
[21:40:37.098] [SEVERE ] player 2 placing token on slot 8
[21:40:37.098] [SEVERE ] player 2 placing token on slot 7
[21:40:37.098] [SEVERE ] player 2 placing token on slot 3
[21:40:37.098] [SEVERE ] updating countdown to 55585
[21:40:37.098] [SEVERE ] setting player 1 freeze to 0
[21:40:37.101] [SEVERE ] setting player 2 freeze to 0
[21:40:37.101] [SEVERE ] removing player 3 token from slot 1
[21:40:37.101] [SEVERE ] setting player 3 freeze to 0
[21:40:37.101] [SEVERE ] player 3 placing token on slot 2
[21:40:37.101] [SEVERE ] setting player 4 freeze to 0
[21:40:37.102] [SEVERE ] setting player 1 freeze to 3900
[21:40:37.102] [SEVERE ] setting player 1 freeze to 3900
[21:40:37.102] [SEVERE ] removing player 4 token from slot 6
[21:40:37.102] [SEVERE ] player 4 placing token on slot 7
[21:40:37.103] [SEVERE ] updating countdown to 55580
[21:40:37.103] [SEVERE ] setting player 1 freeze to 3899
[21:40:37.103] [SEVERE ] setting player 2 freeze to 3900
[21:40:37.103] [SEVERE ] setting player 1 freeze to 3899
[21:40:37.103] [SEVERE ] setting player 2 freeze to 3900
[21:40:37.103] [SEVERE ] updating countdown to 55580
[21:40:37.103] [SEVERE ] setting player 1 freeze to 3899
[21:40:37.103] [SEVERE ] setting player 2 freeze to 3900
[21:40:37.103] [SEVERE ] setting player 3 freeze to 3900
[21:40:37.103] [SEVERE ] setting player 1 freeze to 3899
[21:40:37.103] [SEVERE ] setting player 2 freeze to 3900
[21:40:37.103] [SEVERE ] setting player 3 freeze to 3900
[21:40:37.106] [SEVERE ] updating countdown to 55577
[21:40:37.106] [SEVERE ] setting player 1 freeze to 3896
[21:40:37.106] [SEVERE ] setting player 2 freeze to 3897
[21:40:37.106] [SEVERE ] setting player 3 freeze to 3897
[21:40:37.106] [SEVERE ] setting player 4 freeze to 3900
[21:40:37.106] [SEVERE ] setting player 1 freeze to 3896
[21:40:37.106] [SEVERE ] setting player 2 freeze to 3897
[21:40:37.106] [SEVERE ] setting player 3 freeze to 3897
[21:40:37.106] [SEVERE ] setting player 4 freeze to 3900
[21:40:38.014] [SEVERE ] updating countdown to 54669
[21:40:38.014] [SEVERE ] setting player 1 freeze to 2988
[21:40:38.014] [SEVERE ] setting player 2 freeze to 2989
[21:40:38.014] [SEVERE ] setting player 3 freeze to 2989
[21:40:38.014] [SEVERE ] setting player 4 freeze to 2992
[21:40:38.925] [SEVERE ] updating countdown to 53758
[21:40:38.925] [SEVERE ] setting player 1 freeze to 2077
[21:40:38.925] [SEVERE ] setting player 2 freeze to 2078
[21:40:38.925] [SEVERE ] setting player 3 freeze to 2078
[21:40:38.925] [SEVERE ] setting player 4 freeze to 2081
[21:40:39.831] [SEVERE ] updating countdown to 52852
[21:40:39.831] [SEVERE ] setting player 1 freeze to 1171
[21:40:39.831] [SEVERE ] setting player 2 freeze to 1172
[21:40:39.831] [SEVERE ] setting player 3 freeze to 1172
[21:40:39.831] [SEVERE ] setting player 4 freeze to 1175
[21:40:40.112] [SEVERE ] removing player 1 token from slot 9
[21:40:40.112] [SEVERE ] removing player 2 token from slot 3
[21:40:40.112] [SEVERE ] removing player 4 token from slot 7
[21:40:40.112] [SEVERE ] player 4 placing token on slot 9
[21:40:40.112] [SEVERE ] removing player 3 token from slot 0
[21:40:40.112] [SEVERE ] removing player 1 token from slot 3
[21:40:40.112] [SEVERE ] player 2 placing token on slot 4
[21:40:40.112] [SEVERE ] player 3 placing token on slot 11
[21:40:40.113] [SEVERE ] updating countdown to 52570
[21:40:40.113] [SEVERE ] player 1 placing token on slot 9
[21:40:40.113] [SEVERE ] setting player 1 freeze to 0
[21:40:40.113] [SEVERE ] player 1 placing token on slot 3
[21:40:40.113] [SEVERE ] setting player 2 freeze to 0
[21:40:40.113] [SEVERE ] setting player 3 freeze to 0
[21:40:40.113] [SEVERE ] setting player 4 freeze to 0
[21:40:40.114] [SEVERE ] setting player 4 freeze to 3900
[21:40:40.114] [SEVERE ] setting player 4 freeze to 3900
[21:40:40.115] [SEVERE ] updating countdown to 52568
[21:40:40.115] [SEVERE ] setting player 4 freeze to 3899
[21:40:40.115] [SEVERE ] setting player 1 freeze to 3900
[21:40:40.115] [SEVERE ] setting player 1 freeze to 3900
[21:40:40.116] [SEVERE ] setting player 4 freeze to 3898
[21:40:40.116] [SEVERE ] updating countdown to 52567
[21:40:40.116] [SEVERE ] setting player 1 freeze to 3899
[21:40:40.116] [SEVERE ] setting player 4 freeze to 3898
[21:40:40.116] [SEVERE ] setting player 2 freeze to 3900
[21:40:40.116] [SEVERE ] setting player 1 freeze to 3899
[21:40:40.116] [SEVERE ] setting player 2 freeze to 3900
[21:40:40.116] [SEVERE ] setting player 4 freeze to 3898
[21:40:40.116] [SEVERE ] updating countdown to 52567
[21:40:40.116] [SEVERE ] setting player 1 freeze to 3899
[21:40:40.116] [SEVERE ] setting player 2 freeze to 3900
[21:40:40.116] [SEVERE ] setting player 4 freeze to 3898
[21:40:40.116] [SEVERE ] setting player 3 freeze to 3900
[21:40:40.116] [SEVERE ] setting player 1 freeze to 3899
[21:40:40.116] [SEVERE ] setting player 2 freeze to 3900
[21:40:40.116] [SEVERE ] setting player 3 freeze to 3900
[21:40:40.116] [SEVERE ] setting player 4 freeze to 3898
[21:40:41.028] [SEVERE ] updating countdown to 51655
[21:40:41.028] [SEVERE ] setting player 1 freeze to 2987
[21:40:41.028] [SEVERE ] setting player 2 freeze to 2988
[21:40:41.028] [SEVERE ] setting player 3 freeze to 2988
[21:40:41.028] [SEVERE ] setting player 4 freeze to 2986
[21:40:41.931] [SEVERE ] updating countdown to 50752
[21:40:41.931] [SEVERE ] setting player 1 freeze to 2084
[21:40:41.931] [SEVERE ] setting player 2 freeze to 2085
[21:40:41.931] [SEVERE ] setting player 3 freeze to 2085
[21:40:41.931] [SEVERE ] setting player 4 freeze to 2083
[21:40:42.845] [SEVERE ] updating countdown to 49838
[21:40:42.845] [SEVERE ] setting player 1 freeze to 1170
[21:40:42.845] [SEVERE ] setting player 2 freeze to 1171
[21:40:42.845] [SEVERE ] setting player 3 freeze to 1171
[21:40:42.845] [SEVERE ] setting player 4 freeze to 1169
[21:40:43.129] [SEVERE ] removing player 4 token from slot 0
[21:40:43.129] [SEVERE ] removing player 2 token from slot 8
[21:40:43.129] [SEVERE ] removing player 1 token from slot 1
[21:40:43.130] [SEVERE ] player 1 placing token on slot 6
[21:40:43.129] [SEVERE ] removing player 3 token from slot 2
[21:40:43.130] [SEVERE ] player 4 placing token on slot 2
[21:40:43.130] [SEVERE ] player 2 placing token on slot 11
[21:40:43.130] [SEVERE ] player 3 placing token on slot 2
[21:40:43.131] [SEVERE ] updating countdown to 49552
[21:40:43.131] [SEVERE ] setting player 1 freeze to 0
[21:40:43.131] [SEVERE ] setting player 2 freeze to 0
[21:40:43.131] [SEVERE ] setting player 3 freeze to 0
[21:40:43.132] [SEVERE ] setting player 4 freeze to 0
[21:40:43.132] [SEVERE ] setting player 1 freeze to 3900
[21:40:43.132] [SEVERE ] setting player 1 freeze to 3900
[21:40:43.132] [SEVERE ] updating countdown to 49551
[21:40:43.132] [SEVERE ] setting player 1 freeze to 3900
[21:40:43.132] [SEVERE ] setting player 2 freeze to 3900
[21:40:43.132] [SEVERE ] setting player 1 freeze to 3900
[21:40:43.132] [SEVERE ] setting player 2 freeze to 3900
[21:40:43.132] [SEVERE ] updating countdown to 49551
[21:40:43.132] [SEVERE ] setting player 1 freeze to 3900
[21:40:43.132] [SEVERE ] setting player 2 freeze to 3900
[21:40:43.132] [SEVERE ] setting player 3 freeze to 3900
[21:40:43.132] [SEVERE ] setting player 1 freeze to 3900
[21:40:43.132] [SEVERE ] setting player 2 freeze to 3900
[21:40:43.132] [SEVERE ] setting player 3 freeze to 3900
[21:40:43.132] [SEVERE ] updating countdown to 49551
[21:40:43.132] [SEVERE ] setting player 1 freeze to 3900
[21:40:43.132] [SEVERE ] setting player 2 freeze to 3900
[21:40:43.132] [SEVERE ] setting player 3 freeze to 3900
[21:40:43.132] [SEVERE ] setting player 4 freeze to 3900
[21:40:43.132] [SEVERE ] setting player 1 freeze to 3900
[21:40:43.132] [SEVERE ] setting player 2 freeze to 3900
[21:40:43.132] [SEVERE ] setting player 3 freeze to 3900
[21:40:43.132] [SEVERE ] setting player 4 freeze to 3900
[21:40:44.046] [SEVERE ] updating countdown to 48637
[21:40:44.046] [SEVERE ] setting player 1 freeze to 2986
[21:40:44.046] [SEVERE ] setting player 2 freeze to 2986
[21:40:44.046] [SEVERE ] setting player 3 freeze to 2986
[21:40:44.046] [SEVERE ] setting player 4 freeze to 2986
[21:40:44.962] [SEVERE ] updating countdown to 47721
[21:40:44.962] [SEVERE ] setting player 1 freeze to 2070
[21:40:44.962] [SEVERE ] setting player 2 freeze to 2070
[21:40:44.962] [SEVERE ] setting player 3 freeze to 2070
[21:40:44.962] [SEVERE ] setting player 4 freeze to 2070
[21:40:45.866] [SEVERE ] updating countdown to 46817
[21:40:45.866] [SEVERE ] setting player 1 freeze to 1166
[21:40:45.866] [SEVERE ] setting player 2 freeze to 1166
[21:40:45.866] [SEVERE ] setting player 3 freeze to 1166
[21:40:45.866] [SEVERE ] setting player 4 freeze to 1166
[21:40:46.145] [SEVERE ] removing player 3 token from slot 11
[21:40:46.145] [SEVERE ] removing player 4 token from slot 1
[21:40:46.145] [SEVERE ] removing player 3 token from slot 3
[21:40:46.145] [SEVERE ] player 3 placing token on slot 1
[21:40:46.145] [SEVERE ] removing player 1 token from slot 9
[21:40:46.145] [SEVERE ] removing player 2 token from slot 7
[21:40:46.145] [SEVERE ] player 3 placing token on slot 6
[21:40:46.146] [SEVERE ] player 2 placing token on slot 6
[21:40:46.146] [SEVERE ] player 1 placing token on slot 10
[21:40:46.145] [SEVERE ] removing player 4 token from slot 2
[21:40:46.147] [SEVERE ] player 4 placing token on slot 11
[21:40:46.147] [SEVERE ] player 4 placing token on slot 8
[21:40:46.147] [SEVERE ] updating countdown to 46536
[21:40:46.147] [SEVERE ] setting player 1 freeze to 0
[21:40:46.148] [SEVERE ] setting player 2 freeze to 0
[21:40:46.148] [SEVERE ] setting player 3 freeze to 0
[21:40:46.148] [SEVERE ] setting player 4 freeze to 0
[21:40:46.148] [SEVERE ] setting player 2 freeze to 3900
[21:40:46.148] [SEVERE ] setting player 2 freeze to 3900
[21:40:46.149] [SEVERE ] updating countdown to 46534
[21:40:46.149] [SEVERE ] setting player 2 freeze to 3899
[21:40:46.149] [SEVERE ] setting player 3 freeze to 3900
[21:40:46.149] [SEVERE ] setting player 2 freeze to 3899
[21:40:46.149] [SEVERE ] setting player 3 freeze to 3900
[21:40:46.149] [SEVERE ] updating countdown to 46534
[21:40:46.149] [SEVERE ] setting player 2 freeze to 3899
[21:40:46.149] [SEVERE ] setting player 3 freeze to 3900
[21:40:46.149] [SEVERE ] setting player 1 freeze to 3900
[21:40:46.149] [SEVERE ] setting player 1 freeze to 3900
[21:40:46.149] [SEVERE ] setting player 2 freeze to 3899
[21:40:46.149] [SEVERE ] setting player 3 freeze to 3900
[21:40:46.149] [SEVERE ] updating countdown to 46534
[21:40:46.149] [SEVERE ] setting player 1 freeze to 3900
[21:40:46.149] [SEVERE ] setting player 2 freeze to 3899
[21:40:46.149] [SEVERE ] setting player 3 freeze to 3900
[21:40:46.149] [SEVERE ] setting player 4 freeze to 3900
[21:40:46.149] [SEVERE ] setting player 1 freeze to 3900
[21:40:46.149] [SEVERE ] setting player 2 freeze to 3899
[21:40:46.149] [SEVERE ] setting player 3 freeze to 3900
[21:40:46.149] [SEVERE ] setting player 4 freeze to 3900
[21:40:47.049] [SEVERE ] updating countdown to 45634
[21:40:47.049] [SEVERE ] setting player 1 freeze to 3000
[21:40:47.049] [SEVERE ] setting player 2 freeze to 2999
[21:40:47.049] [SEVERE ] setting player 3 freeze to 3000
[21:40:47.049] [SEVERE ] setting player 4 freeze to 3000
[21:40:47.951] [SEVERE ] updating countdown to 44732
[21:40:47.951] [SEVERE ] setting player 1 freeze to 2098
[21:40:47.951] [SEVERE ] setting player 2 freeze to 2097
[21:40:47.951] [SEVERE ] setting player 3 freeze to 2098
[21:40:47.951] [SEVERE ] setting player 4 freeze to 2098
[21:40:48.864] [SEVERE ] updating countdown to 43819
[21:40:48.864] [SEVERE ] setting player 1 freeze to 1185
[21:40:48.864] [SEVERE ] setting player 2 freeze to 1184
[21:40:48.864] [SEVERE ] setting player 3 freeze to 1185
[21:40:48.864] [SEVERE ] setting player 4 freeze to 1185
[21:40:49.149] [SEVERE ] removing player 2 token from slot 4
[21:40:49.149] [SEVERE ] removing player 2 token from slot 11
[21:40:49.149] [SEVERE ] player 2 placing token on slot 5
[21:40:49.149] [SEVERE ] player 2 placing token on slot 11
[21:40:49.151] [SEVERE ] removing player 3 token from slot 6
[21:40:49.151] [SEVERE ] updating countdown to 43532
[21:40:49.151] [SEVERE ] player 3 placing token on slot 4
[21:40:49.151] [SEVERE ] setting player 1 freeze to 0
[21:40:49.151] [SEVERE ] setting player 2 freeze to 0
[21:40:49.151] [SEVERE ] setting player 3 freeze to 0
[21:40:49.151] [SEVERE ] setting player 4 freeze to 0
[21:40:49.151] [SEVERE ] setting player 2 freeze to 3900
[21:40:49.151] [SEVERE ] setting player 2 freeze to 3900
[21:40:49.152] [SEVERE ] removing player 4 token from slot 8
[21:40:49.152] [SEVERE ] player 4 placing token on slot 0
[21:40:49.152] [SEVERE ] removing player 1 token from slot 6
[21:40:49.152] [SEVERE ] player 1 placing token on slot 8
[21:40:49.152] [SEVERE ] updating countdown to 43531
[21:40:49.152] [SEVERE ] setting player 2 freeze to 3899
[21:40:49.152] [SEVERE ] setting player 3 freeze to 3900
[21:40:49.152] [SEVERE ] setting player 2 freeze to 3899
[21:40:49.152] [SEVERE ] setting player 3 freeze to 3900
[21:40:49.152] [SEVERE ] updating countdown to 43531
[21:40:49.152] [SEVERE ] setting player 2 freeze to 3899
[21:40:49.152] [SEVERE ] setting player 3 freeze to 3900
[21:40:49.152] [SEVERE ] setting player 1 freeze to 3900
[21:40:49.152] [SEVERE ] setting player 1 freeze to 3900
[21:40:49.152] [SEVERE ] setting player 2 freeze to 3899
[21:40:49.152] [SEVERE ] setting player 3 freeze to 3900
[21:40:49.152] [SEVERE ] updating countdown to 43531
[21:40:49.152] [SEVERE ] setting player 1 freeze to 3900
[21:40:49.152] [SEVERE ] setting player 2 freeze to 3899
[21:40:49.152] [SEVERE ] setting player 3 freeze to 3900
[21:40:49.152] [SEVERE ] setting player 4 freeze to 3900
[21:40:49.152] [SEVERE ] setting player 1 freeze to 3900
[21:40:49.152] [SEVERE ] setting player 2 freeze to 3899
[21:40:49.152] [SEVERE ] setting player 3 freeze to 3900
[21:40:49.152] [SEVERE ] setting player 4 freeze to 3900
[21:40:50.063] [SEVERE ] updating countdown to 42620
[21:40:50.063] [SEVERE ] setting player 1 freeze to 2989
[21:40:50.063] [SEVERE ] setting player 2 freeze to 2988
[21:40:50.063] [SEVERE ] setting player 3 freeze to 2989
[21:40:50.063] [SEVERE ] setting player 4 freeze to 2989
[21:40:50.979] [SEVERE ] updating countdown to 41704
[21:40:50.979] [SEVERE ] setting player 1 freeze to 2073
[21:40:50.979] [SEVERE ] setting player 2 freeze to 2072
[21:40:50.979] [SEVERE ] setting player 3 freeze to 2073
[21:40:50.979] [SEVERE ] setting player 4 freeze to 2073
[21:40:51.893] [SEVERE ] updating countdown to 40790
[21:40:51.893] [SEVERE ] setting player 1 freeze to 1159
[21:40:51.893] [SEVERE ] setting player 2 freeze to 1158
[21:40:51.893] [SEVERE ] setting player 3 freeze to 1159
[21:40:51.893] [SEVERE ] setting player 4 freeze to 1159
[21:40:52.156] [SEVERE ] removing player 2 token from slot 11
[21:40:52.156] [SEVERE ] player 2 placing token on slot 10
[21:40:52.156] [SEVERE ] updating countdown to 40527
[21:40:52.156] [SEVERE ] setting player 1 freeze to 0
[21:40:52.157] [SEVERE ] setting player 2 freeze to 0
[21:40:52.157] [SEVERE ] setting player 3 freeze to 0
[21:40:52.157] [SEVERE ] setting player 4 freeze to 0
[21:40:52.157] [SEVERE ] setting player 2 freeze to 3900
[21:40:52.157] [SEVERE ] setting player 2 freeze to 3900
[21:40:52.163] [SEVERE ] removing player 4 token from slot 0
[21:40:52.163] [SEVERE ] removing player 3 token from slot 1
[21:40:52.163] [SEVERE ] removing player 1 token from slot 3
[21:40:52.163] [SEVERE ] player 3 placing token on slot 3
[21:40:52.163] [SEVERE ] player 4 placing token on slot 5
[21:40:52.163] [SEVERE ] player 1 placing token on slot 3
[21:40:52.163] [SEVERE ] updating countdown to 40520
[21:40:52.164] [SEVERE ] setting player 2 freeze to 3893
[21:40:52.164] [SEVERE ] setting player 1 freeze to 3900
[21:40:52.164] [SEVERE ] setting player 1 freeze to 3900
[21:40:52.164] [SEVERE ] setting player 2 freeze to 3893
[21:40:52.164] [SEVERE ] updating countdown to 40519
[21:40:52.164] [SEVERE ] setting player 1 freeze to 3900
[21:40:52.164] [SEVERE ] setting player 2 freeze to 3893
[21:40:52.164] [SEVERE ] setting player 3 freeze to 3900
[21:40:52.164] [SEVERE ] setting player 1 freeze to 3900
[21:40:52.164] [SEVERE ] setting player 2 freeze to 3893
[21:40:52.164] [SEVERE ] setting player 3 freeze to 3900
[21:40:52.165] [SEVERE ] updating countdown to 40518
[21:40:52.165] [SEVERE ] setting player 1 freeze to 3899
[21:40:52.165] [SEVERE ] setting player 2 freeze to 3892
[21:40:52.165] [SEVERE ] setting player 3 freeze to 3899
[21:40:52.165] [SEVERE ] setting player 4 freeze to 3900
[21:40:52.165] [SEVERE ] setting player 1 freeze to 3899
[21:40:52.165] [SEVERE ] setting player 2 freeze to 3892
[21:40:52.165] [SEVERE ] setting player 3 freeze to 3899
[21:40:52.166] [SEVERE ] setting player 4 freeze to 3900
[21:40:53.079] [SEVERE ] updating countdown to 39604
[21:40:53.079] [SEVERE ] setting player 1 freeze to 2985
[21:40:53.079] [SEVERE ] setting player 2 freeze to 2978
[21:40:53.079] [SEVERE ] setting player 3 freeze to 2985
[21:40:53.080] [SEVERE ] setting player 4 freeze to 2985
[21:40:53.983] [SEVERE ] updating countdown to 38700
[21:40:53.983] [SEVERE ] setting player 1 freeze to 2081
[21:40:53.983] [SEVERE ] setting player 2 freeze to 2074
[21:40:53.983] [SEVERE ] setting player 3 freeze to 2081
[21:40:53.983] [SEVERE ] setting player 4 freeze to 2082
[21:40:54.896] [SEVERE ] updating countdown to 37787
[21:40:54.896] [SEVERE ] setting player 1 freeze to 1168
[21:40:54.896] [SEVERE ] setting player 2 freeze to 1161
[21:40:54.896] [SEVERE ] setting player 3 freeze to 1168
[21:40:54.896] [SEVERE ] setting player 4 freeze to 1169
[21:40:55.163] [SEVERE ] removing player 2 token from slot 10
[21:40:55.163] [SEVERE ] removing player 2 token from slot 5
[21:40:55.163] [SEVERE ] player 2 placing token on slot 1
[21:40:55.163] [SEVERE ] player 2 placing token on slot 0
[21:40:55.164] [SEVERE ] updating countdown to 37519
[21:40:55.164] [SEVERE ] setting player 1 freeze to 0
[21:40:55.164] [SEVERE ] setting player 2 freeze to 0
[21:40:55.164] [SEVERE ] setting player 3 freeze to 0
[21:40:55.164] [SEVERE ] setting player 4 freeze to 901
[21:40:55.164] [SEVERE ] setting player 2 freeze to 3900
[21:40:55.164] [SEVERE ] setting player 2 freeze to 3900
[21:40:55.164] [SEVERE ] setting player 4 freeze to 901
[21:40:55.166] [SEVERE ] removing player 4 token from slot 11
[21:40:55.166] [SEVERE ] removing player 3 token from slot 3
[21:40:55.166] [SEVERE ] player 3 placing token on slot 9
[21:40:55.166] [SEVERE ] player 4 placing token on slot 0
[21:40:55.166] [SEVERE ] removing player 1 token from slot 10
[21:40:55.167] [SEVERE ] player 1 placing token on slot 11
[21:40:55.167] [SEVERE ] updating countdown to 37516
[21:40:55.167] [SEVERE ] setting player 2 freeze to 3897
[21:40:55.167] [SEVERE ] setting player 4 freeze to 0
[21:40:55.167] [SEVERE ] setting player 3 freeze to 3900
[21:40:55.167] [SEVERE ] setting player 2 freeze to 3897
[21:40:55.167] [SEVERE ] setting player 3 freeze to 3900
[21:40:55.168] [SEVERE ] updating countdown to 37515
[21:40:55.168] [SEVERE ] setting player 2 freeze to 3896
[21:40:55.168] [SEVERE ] setting player 3 freeze to 3899
[21:40:55.168] [SEVERE ] setting player 4 freeze to 3900
[21:40:55.168] [SEVERE ] setting player 2 freeze to 3896
[21:40:55.168] [SEVERE ] setting player 3 freeze to 3899
[21:40:55.168] [SEVERE ] setting player 4 freeze to 3900
[21:40:55.168] [SEVERE ] updating countdown to 37515
[21:40:55.168] [SEVERE ] setting player 2 freeze to 3896
[21:40:55.168] [SEVERE ] setting player 3 freeze to 3899
[21:40:55.168] [SEVERE ] setting player 4 freeze to 3900
[21:40:55.168] [SEVERE ] setting player 1 freeze to 3900
[21:40:55.168] [SEVERE ] setting player 1 freeze to 3900
[21:40:55.168] [SEVERE ] setting player 2 freeze to 3896
[21:40:55.168] [SEVERE ] setting player 3 freeze to 3899
[21:40:55.168] [SEVERE ] setting player 4 freeze to 3900
[21:40:56.079] [SEVERE ] updating countdown to 36604
[21:40:56.080] [SEVERE ] setting player 1 freeze to 2988
[21:40:56.080] [SEVERE ] setting player 2 freeze to 2984
[21:40:56.080] [SEVERE ] setting player 3 freeze to 2987
[21:40:56.080] [SEVERE ] setting player 4 freeze to 2988
[21:40:56.983] [SEVERE ] updating countdown to 35700
[21:40:56.983] [SEVERE ] setting player 1 freeze to 2085
[21:40:56.983] [SEVERE ] setting player 2 freeze to 2081
[21:40:56.983] [SEVERE ] setting player 3 freeze to 2084
[21:40:56.983] [SEVERE ] setting player 4 freeze to 2085
[21:40:57.896] [SEVERE ] updating countdown to 34787
[21:40:57.896] [SEVERE ] setting player 1 freeze to 1172
[21:40:57.896] [SEVERE ] setting player 2 freeze to 1168
[21:40:57.896] [SEVERE ] setting player 3 freeze to 1171
[21:40:57.896] [SEVERE ] setting player 4 freeze to 1172
[21:40:58.168] [SEVERE ] removing player 3 token from slot 9
[21:40:58.168] [SEVERE ] player 3 placing token on slot 10
[21:40:58.168] [SEVERE ] updating countdown to 34515
[21:40:58.168] [SEVERE ] setting player 1 freeze to 0
[21:40:58.168] [SEVERE ] setting player 2 freeze to 0
[21:40:58.168] [SEVERE ] setting player 3 freeze to 0
[21:40:58.168] [SEVERE ] setting player 4 freeze to 0
[21:40:58.168] [SEVERE ] setting player 3 freeze to 3900
[21:40:58.168] [SEVERE ] setting player 3 freeze to 3900
[21:40:58.179] [SEVERE ] removing player 4 token from slot 5
[21:40:58.179] [SEVERE ] removing player 2 token from slot 6
[21:40:58.180] [SEVERE ] player 4 placing token on slot 11
[21:40:58.179] [SEVERE ] removing player 1 token from slot 3
[21:40:58.180] [SEVERE ] player 2 placing token on slot 9
[21:40:58.180] [SEVERE ] player 1 placing token on slot 1
[21:40:58.180] [SEVERE ] updating countdown to 34503
[21:40:58.180] [SEVERE ] setting player 3 freeze to 3888
[21:40:58.180] [SEVERE ] setting player 1 freeze to 3900
[21:40:58.180] [SEVERE ] setting player 1 freeze to 3900
[21:40:58.180] [SEVERE ] setting player 3 freeze to 3888
[21:40:58.180] [SEVERE ] updating countdown to 34503
[21:40:58.180] [SEVERE ] setting player 1 freeze to 3900
[21:40:58.180] [SEVERE ] setting player 3 freeze to 3888
[21:40:58.180] [SEVERE ] setting player 2 freeze to 3900
[21:40:58.180] [SEVERE ] setting player 1 freeze to 3900
[21:40:58.180] [SEVERE ] setting player 2 freeze to 3900
[21:40:58.180] [SEVERE ] setting player 3 freeze to 3888
[21:40:58.180] [SEVERE ] updating countdown to 34503
[21:40:58.180] [SEVERE ] setting player 1 freeze to 3900
[21:40:58.180] [SEVERE ] setting player 2 freeze to 3900
[21:40:58.180] [SEVERE ] setting player 3 freeze to 3888
[21:40:58.180] [SEVERE ] setting player 4 freeze to 3900
[21:40:58.181] [SEVERE ] setting player 1 freeze to 3899
[21:40:58.181] [SEVERE ] setting player 2 freeze to 3899
[21:40:58.181] [SEVERE ] setting player 3 freeze to 3887
[21:40:58.181] [SEVERE ] setting player 4 freeze to 3899
[21:40:59.096] [SEVERE ] updating countdown to 33587
[21:40:59.096] [SEVERE ] setting player 1 freeze to 2984
[21:40:59.096] [SEVERE ] setting player 2 freeze to 2984
[21:40:59.096] [SEVERE ] setting player 3 freeze to 2972
[21:40:59.096] [SEVERE ] setting player 4 freeze to 2984
[21:41:00.000] [SEVERE ] updating countdown to 32683
[21:41:00.000] [SEVERE ] setting player 1 freeze to 2080
[21:41:00.000] [SEVERE ] setting player 2 freeze to 2080
[21:41:00.000] [SEVERE ] setting player 3 freeze to 2068
[21:41:00.000] [SEVERE ] setting player 4 freeze to 2080
[21:41:00.913] [SEVERE ] updating countdown to 31770
[21:41:00.913] [SEVERE ] setting player 1 freeze to 1167
[21:41:00.913] [SEVERE ] setting player 2 freeze to 1167
[21:41:00.913] [SEVERE ] setting player 3 freeze to 1155
[21:41:00.913] [SEVERE ] setting player 4 freeze to 1167
[21:41:01.183] [SEVERE ] removing player 2 token from slot 1
[21:41:01.183] [SEVERE ] removing player 1 token from slot 11
[21:41:01.183] [SEVERE ] removing player 2 token from slot 0
[21:41:01.183] [SEVERE ] removing player 4 token from slot 0
[21:41:01.183] [SEVERE ] removing player 3 token from slot 10
[21:41:01.183] [SEVERE ] player 1 placing token on slot 7
[21:41:01.183] [SEVERE ] removing player 2 token from slot 9
[21:41:01.183] [SEVERE ] player 4 placing token on slot 8
[21:41:01.183] [SEVERE ] removing player 3 token from slot 4
[21:41:01.183] [SEVERE ] player 2 placing token on slot 7
[21:41:01.183] [SEVERE ] player 3 placing token on slot 0
[21:41:01.183] [SEVERE ] player 2 placing token on slot 10
[21:41:01.184] [SEVERE ] removing player 3 token from slot 2
[21:41:01.184] [SEVERE ] player 2 placing token on slot 3
[21:41:01.184] [SEVERE ] removing player 3 token from slot 0
[21:41:01.184] [SEVERE ] player 3 placing token on slot 3
[21:41:01.184] [SEVERE ] player 3 placing token on slot 4
[21:41:01.184] [SEVERE ] player 3 placing token on slot 1
[21:41:01.184] [SEVERE ] updating countdown to 31499
[21:41:01.184] [SEVERE ] setting player 1 freeze to 0
[21:41:01.184] [SEVERE ] setting player 2 freeze to 0
[21:41:01.184] [SEVERE ] setting player 3 freeze to 0
[21:41:01.184] [SEVERE ] setting player 4 freeze to 0
[21:41:01.184] [SEVERE ] setting player 1 freeze to 3900
[21:41:01.184] [SEVERE ] setting player 1 freeze to 3900
[21:41:01.185] [SEVERE ] updating countdown to 31498
[21:41:01.185] [SEVERE ] setting player 1 freeze to 3899
[21:41:01.185] [SEVERE ] setting player 4 freeze to 3900
[21:41:01.185] [SEVERE ] setting player 1 freeze to 3899
[21:41:01.185] [SEVERE ] setting player 4 freeze to 3900
[21:41:01.185] [SEVERE ] updating countdown to 31498
[21:41:01.185] [SEVERE ] setting player 1 freeze to 3899
[21:41:01.185] [SEVERE ] setting player 4 freeze to 3900
[21:41:01.185] [SEVERE ] setting player 2 freeze to 3900
[21:41:01.185] [SEVERE ] setting player 1 freeze to 3899
[21:41:01.185] [SEVERE ] setting player 2 freeze to 3900
[21:41:01.185] [SEVERE ] setting player 4 freeze to 3900
[21:41:01.185] [SEVERE ] updating countdown to 31498
[21:41:01.185] [SEVERE ] setting player 1 freeze to 3899
[21:41:01.185] [SEVERE ] setting player 2 freeze to 3900
[21:41:01.185] [SEVERE ] setting player 4 freeze to 3900
[21:41:01.185] [SEVERE ] setting player 3 freeze to 3900
[21:41:01.185] [SEVERE ] setting player 1 freeze to 3899
[21:41:01.185] [SEVERE ] setting player 2 freeze to 3900
[21:41:01.185] [SEVERE ] setting player 3 freeze to 3900
[21:41:01.185] [SEVERE ] setting player 4 freeze to 3900
[21:41:01.189] [SEVERE ] updating countdown to 31494
[21:41:01.189] [SEVERE ] setting player 1 freeze to 3895
[21:41:01.189] [SEVERE ] setting player 2 freeze to 3896
[21:41:01.189] [SEVERE ] setting player 3 freeze to 3896
[21:41:01.189] [SEVERE ] setting player 4 freeze to 3896
[21:41:01.198] [SEVERE ] updating countdown to 31485
[21:41:01.198] [SEVERE ] setting player 1 freeze to 3886
[21:41:01.198] [SEVERE ] setting player 2 freeze to 3887
[21:41:01.198] [SEVERE ] setting player 3 freeze to 3887
[21:41:01.198] [SEVERE ] setting player 4 freeze to 3887
[21:41:01.219] [SEVERE ] updating countdown to 31464
[21:41:01.219] [SEVERE ] setting player 1 freeze to 3865
[21:41:01.219] [SEVERE ] setting player 2 freeze to 3866
[21:41:01.219] [SEVERE ] setting player 3 freeze to 3866
[21:41:01.219] [SEVERE ] setting player 4 freeze to 3866
[21:41:01.255] [SEVERE ] updating countdown to 31428
[21:41:01.255] [SEVERE ] setting player 1 freeze to 3829
[21:41:01.255] [SEVERE ] setting player 2 freeze to 3830
[21:41:01.255] [SEVERE ] setting player 3 freeze to 3830
[21:41:01.255] [SEVERE ] setting player 4 freeze to 3830
[21:41:01.328] [SEVERE ] updating countdown to 31355
[21:41:01.328] [SEVERE ] setting player 1 freeze to 3756
[21:41:01.328] [SEVERE ] setting player 2 freeze to 3757
[21:41:01.328] [SEVERE ] setting player 3 freeze to 3757
[21:41:01.328] [SEVERE ] setting player 4 freeze to 3757
[21:41:01.474] [SEVERE ] updating countdown to 31209
[21:41:01.474] [SEVERE ] setting player 1 freeze to 3610
[21:41:01.474] [SEVERE ] setting player 2 freeze to 3611
[21:41:01.474] [SEVERE ] setting player 3 freeze to 3611
[21:41:01.474] [SEVERE ] setting player 4 freeze to 3611
[21:41:01.766] [SEVERE ] updating countdown to 30917
[21:41:01.766] [SEVERE ] setting player 1 freeze to 3318
[21:41:01.766] [SEVERE ] setting player 2 freeze to 3319
[21:41:01.766] [SEVERE ] setting player 3 freeze to 3319
[21:41:01.766] [SEVERE ] setting player 4 freeze to 3319
[21:41:02.678] [SEVERE ] updating countdown to 30005
[21:41:02.678] [SEVERE ] setting player 1 freeze to 2406
[21:41:02.678] [SEVERE ] setting player 2 freeze to 2407
[21:41:02.678] [SEVERE ] setting player 3 freeze to 2407
[21:41:02.678] [SEVERE ] setting player 4 freeze to 2407
[21:41:03.174] [SEVERE ] updating countdown to 29509
[21:41:03.174] [SEVERE ] setting player 1 freeze to 1910
[21:41:03.174] [SEVERE ] setting player 2 freeze to 1911
[21:41:03.174] [SEVERE ] setting player 3 freeze to 1911
[21:41:03.174] [SEVERE ] setting player 4 freeze to 1911
[21:41:04.079] [SEVERE ] updating countdown to 28604
[21:41:04.079] [SEVERE ] setting player 1 freeze to 1005
[21:41:04.079] [SEVERE ] setting player 2 freeze to 1006
[21:41:04.079] [SEVERE ] setting player 3 freeze to 1006
[21:41:04.079] [SEVERE ] setting player 4 freeze to 1006
[21:41:04.194] [SEVERE ] removing player 4 token from slot 9
[21:41:04.194] [SEVERE ] removing player 2 token from slot 3
[21:41:04.194] [SEVERE ] player 4 placing token on slot 3
[21:41:04.194] [SEVERE ] player 2 placing token on slot 8
[21:41:04.194] [SEVERE ] removing player 1 token from slot 7
[21:41:04.194] [SEVERE ] player 1 placing token on slot 4
[21:41:04.194] [SEVERE ] removing player 3 token from slot 4
[21:41:04.194] [SEVERE ] player 3 placing token on slot 5
[21:41:04.195] [SEVERE ] updating countdown to 28488
[21:41:04.195] [SEVERE ] setting player 1 freeze to 0
[21:41:04.195] [SEVERE ] setting player 2 freeze to 0
[21:41:04.195] [SEVERE ] setting player 3 freeze to 0
[21:41:04.195] [SEVERE ] setting player 4 freeze to 0
[21:41:04.195] [SEVERE ] setting player 1 freeze to 3900
[21:41:04.195] [SEVERE ] setting player 1 freeze to 3900
[21:41:04.196] [SEVERE ] updating countdown to 28487
[21:41:04.196] [SEVERE ] setting player 1 freeze to 3899
[21:41:04.196] [SEVERE ] setting player 2 freeze to 3900
[21:41:04.196] [SEVERE ] setting player 1 freeze to 3899
[21:41:04.196] [SEVERE ] setting player 2 freeze to 3900
[21:41:04.197] [SEVERE ] updating countdown to 28486
[21:41:04.197] [SEVERE ] setting player 1 freeze to 3898
[21:41:04.197] [SEVERE ] setting player 2 freeze to 3899
[21:41:04.197] [SEVERE ] setting player 3 freeze to 3900
[21:41:04.197] [SEVERE ] setting player 1 freeze to 3898
[21:41:04.197] [SEVERE ] setting player 2 freeze to 3899
[21:41:04.197] [SEVERE ] setting player 3 freeze to 3900
[21:41:04.197] [SEVERE ] updating countdown to 28486
[21:41:04.197] [SEVERE ] setting player 1 freeze to 3898
[21:41:04.197] [SEVERE ] setting player 2 freeze to 3899
[21:41:04.197] [SEVERE ] setting player 3 freeze to 3900
[21:41:04.197] [SEVERE ] setting player 4 freeze to 3900
[21:41:04.197] [SEVERE ] setting player 1 freeze to 3898
[21:41:04.197] [SEVERE ] setting player 2 freeze to 3899
[21:41:04.197] [SEVERE ] setting player 3 freeze to 3900
[21:41:04.197] [SEVERE ] setting player 4 freeze to 3900
[21:41:04.213] [SEVERE ] updating countdown to 28470
[21:41:04.213] [SEVERE ] setting player 1 freeze to 3882
[21:41:04.213] [SEVERE ] setting player 2 freeze to 3883
[21:41:04.213] [SEVERE ] setting player 3 freeze to 3884
[21:41:04.213] [SEVERE ] setting player 4 freeze to 3884
[21:41:04.247] [SEVERE ] updating countdown to 28436
[21:41:04.247] [SEVERE ] setting player 1 freeze to 3848
[21:41:04.247] [SEVERE ] setting player 2 freeze to 3849
[21:41:04.247] [SEVERE ] setting player 3 freeze to 3850
[21:41:04.247] [SEVERE ] setting player 4 freeze to 3850
[21:41:04.313] [SEVERE ] updating countdown to 28370
[21:41:04.313] [SEVERE ] setting player 1 freeze to 3782
[21:41:04.313] [SEVERE ] setting player 2 freeze to 3783
[21:41:04.313] [SEVERE ] setting player 3 freeze to 3784
[21:41:04.313] [SEVERE ] setting player 4 freeze to 3784
[21:41:04.445] [SEVERE ] updating countdown to 28238
[21:41:04.445] [SEVERE ] setting player 1 freeze to 3650
[21:41:04.445] [SEVERE ] setting player 2 freeze to 3651
[21:41:04.445] [SEVERE ] setting player 3 freeze to 3652
[21:41:04.445] [SEVERE ] setting player 4 freeze to 3652
[21:41:04.707] [SEVERE ] updating countdown to 27976
[21:41:04.707] [SEVERE ] setting player 1 freeze to 3388
[21:41:04.707] [SEVERE ] setting player 2 freeze to 3389
[21:41:04.707] [SEVERE ] setting player 3 freeze to 3390
[21:41:04.707] [SEVERE ] setting player 4 freeze to 3390
[21:41:05.612] [SEVERE ] updating countdown to 27071
[21:41:05.612] [SEVERE ] setting player 1 freeze to 2483
[21:41:05.612] [SEVERE ] setting player 2 freeze to 2484
[21:41:05.612] [SEVERE ] setting player 3 freeze to 2485
[21:41:05.612] [SEVERE ] setting player 4 freeze to 2485
[21:41:06.042] [SEVERE ] updating countdown to 26641
[21:41:06.042] [SEVERE ] setting player 1 freeze to 2053
[21:41:06.042] [SEVERE ] setting player 2 freeze to 2054
[21:41:06.042] [SEVERE ] setting player 3 freeze to 2055
[21:41:06.042] [SEVERE ] setting player 4 freeze to 2055
[21:41:06.947] [SEVERE ] updating countdown to 25736
[21:41:06.947] [SEVERE ] setting player 1 freeze to 1148
[21:41:06.947] [SEVERE ] setting player 2 freeze to 1149
[21:41:06.947] [SEVERE ] setting player 3 freeze to 1150
[21:41:06.947] [SEVERE ] setting player 4 freeze to 1150
[21:41:07.209] [SEVERE ] removing player 2 token from slot 8
[21:41:07.209] [SEVERE ] removing player 4 token from slot 3
[21:41:07.209] [SEVERE ] removing player 1 token from slot 8
[21:41:07.209] [SEVERE ] player 1 placing token on slot 2
[21:41:07.209] [SEVERE ] removing player 4 token from slot 11
[21:41:07.209] [SEVERE ] player 4 placing token on slot 2
[21:41:07.209] [SEVERE ] player 4 placing token on slot 3
[21:41:07.209] [SEVERE ] player 2 placing token on slot 6
[21:41:07.209] [SEVERE ] removing player 3 token from slot 3
[21:41:07.209] [SEVERE ] updating countdown to 25474
[21:41:07.209] [SEVERE ] player 3 placing token on slot 8
[21:41:07.209] [SEVERE ] setting player 1 freeze to 0
[21:41:07.209] [SEVERE ] setting player 2 freeze to 0
[21:41:07.209] [SEVERE ] setting player 3 freeze to 0
[21:41:07.209] [SEVERE ] setting player 4 freeze to 0
[21:41:07.209] [SEVERE ] setting player 1 freeze to 3900
[21:41:07.209] [SEVERE ] setting player 1 freeze to 3900
[21:41:07.210] [SEVERE ] updating countdown to 25473
[21:41:07.210] [SEVERE ] setting player 1 freeze to 3899
[21:41:07.210] [SEVERE ] setting player 2 freeze to 3900
[21:41:07.210] [SEVERE ] setting player 1 freeze to 3899
[21:41:07.210] [SEVERE ] setting player 2 freeze to 3900
[21:41:07.210] [SEVERE ] updating countdown to 25473
[21:41:07.210] [SEVERE ] setting player 1 freeze to 3899
[21:41:07.210] [SEVERE ] setting player 2 freeze to 3900
[21:41:07.210] [SEVERE ] setting player 3 freeze to 3900
[21:41:07.210] [SEVERE ] setting player 1 freeze to 3899
[21:41:07.210] [SEVERE ] setting player 2 freeze to 3900
[21:41:07.210] [SEVERE ] setting player 3 freeze to 3900
[21:41:07.210] [SEVERE ] updating countdown to 25473
[21:41:07.210] [SEVERE ] setting player 1 freeze to 3899
[21:41:07.210] [SEVERE ] setting player 2 freeze to 3900
[21:41:07.210] [SEVERE ] setting player 3 freeze to 3900
[21:41:07.210] [SEVERE ] setting player 4 freeze to 3900
[21:41:07.211] [SEVERE ] setting player 1 freeze to 3898
[21:41:07.211] [SEVERE ] setting player 2 freeze to 3899
[21:41:07.211] [SEVERE ] setting player 3 freeze to 3899
[21:41:07.211] [SEVERE ] setting player 4 freeze to 3899
[21:41:07.240] [SEVERE ] updating countdown to 25443
[21:41:07.240] [SEVERE ] setting player 1 freeze to 3869
[21:41:07.240] [SEVERE ] setting player 2 freeze to 3870
[21:41:07.240] [SEVERE ] setting player 3 freeze to 3870
[21:41:07.240] [SEVERE ] setting player 4 freeze to 3870
[21:41:07.297] [SEVERE ] updating countdown to 25386
[21:41:07.297] [SEVERE ] setting player 1 freeze to 3812
[21:41:07.297] [SEVERE ] setting player 2 freeze to 3813
[21:41:07.297] [SEVERE ] setting player 3 freeze to 3813
[21:41:07.297] [SEVERE ] setting player 4 freeze to 3813
[21:41:07.413] [SEVERE ] updating countdown to 25270
[21:41:07.414] [SEVERE ] setting player 1 freeze to 3695
[21:41:07.414] [SEVERE ] setting player 2 freeze to 3696
[21:41:07.414] [SEVERE ] setting player 3 freeze to 3696
[21:41:07.414] [SEVERE ] setting player 4 freeze to 3696
[21:41:07.646] [SEVERE ] updating countdown to 25037
[21:41:07.646] [SEVERE ] setting player 1 freeze to 3463
[21:41:07.646] [SEVERE ] setting player 2 freeze to 3464
[21:41:07.646] [SEVERE ] setting player 3 freeze to 3464
[21:41:07.646] [SEVERE ] setting player 4 freeze to 3464
[21:41:08.109] [SEVERE ] updating countdown to 24574
[21:41:08.109] [SEVERE ] setting player 1 freeze to 3000
[21:41:08.109] [SEVERE ] setting player 2 freeze to 3001
[21:41:08.109] [SEVERE ] setting player 3 freeze to 3001
[21:41:08.109] [SEVERE ] setting player 4 freeze to 3001
[21:41:09.010] [SEVERE ] updating countdown to 23673
[21:41:09.010] [SEVERE ] setting player 1 freeze to 2099
[21:41:09.010] [SEVERE ] setting player 2 freeze to 2100
[21:41:09.010] [SEVERE ] setting player 3 freeze to 2100
[21:41:09.010] [SEVERE ] setting player 4 freeze to 2100
[21:41:09.917] [SEVERE ] updating countdown to 22766
[21:41:09.917] [SEVERE ] setting player 1 freeze to 1192
[21:41:09.917] [SEVERE ] setting player 2 freeze to 1193
[21:41:09.917] [SEVERE ] setting player 3 freeze to 1193
[21:41:09.917] [SEVERE ] setting player 4 freeze to 1193
[21:41:10.210] [SEVERE ] removing player 1 token from slot 4
[21:41:10.210] [SEVERE ] player 1 placing token on slot 0
[21:41:10.210] [SEVERE ] updating countdown to 22473
[21:41:10.210] [SEVERE ] setting player 1 freeze to 0
[21:41:10.210] [SEVERE ] setting player 2 freeze to 0
[21:41:10.210] [SEVERE ] setting player 3 freeze to 0
[21:41:10.210] [SEVERE ] setting player 4 freeze to 0
[21:41:10.211] [SEVERE ] setting player 1 freeze to 3900
[21:41:10.211] [SEVERE ] setting player 1 freeze to 3900
[21:41:10.216] [SEVERE ] removing player 4 token from slot 2
[21:41:10.216] [SEVERE ] removing player 3 token from slot 1
[21:41:10.216] [SEVERE ] player 4 placing token on slot 10
[21:41:10.216] [SEVERE ] player 3 placing token on slot 4
[21:41:10.216] [SEVERE ] removing player 2 token from slot 10
[21:41:10.216] [SEVERE ] player 2 placing token on slot 10
[21:41:10.216] [SEVERE ] updating countdown to 22467
[21:41:10.217] [SEVERE ] setting player 1 freeze to 3894
[21:41:10.217] [SEVERE ] setting player 2 freeze to 3900
[21:41:10.217] [SEVERE ] setting player 1 freeze to 3894
[21:41:10.217] [SEVERE ] setting player 2 freeze to 3900
[21:41:10.218] [SEVERE ] updating countdown to 22465
[21:41:10.218] [SEVERE ] setting player 1 freeze to 3893
[21:41:10.218] [SEVERE ] setting player 2 freeze to 3899
[21:41:10.218] [SEVERE ] setting player 3 freeze to 3900
[21:41:10.218] [SEVERE ] setting player 1 freeze to 3893
[21:41:10.218] [SEVERE ] setting player 2 freeze to 3899
[21:41:10.218] [SEVERE ] setting player 3 freeze to 3900
[21:41:10.218] [SEVERE ] updating countdown to 22465
[21:41:10.218] [SEVERE ] setting player 1 freeze to 3893
[21:41:10.218] [SEVERE ] setting player 2 freeze to 3899
[21:41:10.218] [SEVERE ] setting player 3 freeze to 3900
[21:41:10.218] [SEVERE ] setting player 4 freeze to 3900
[21:41:10.218] [SEVERE ] setting player 1 freeze to 3893
[21:41:10.218] [SEVERE ] setting player 2 freeze to 3899
[21:41:10.218] [SEVERE ] setting player 3 freeze to 3900
[21:41:10.218] [SEVERE ] setting player 4 freeze to 3900
[21:41:10.254] [SEVERE ] updating countdown to 22429
[21:41:10.254] [SEVERE ] setting player 1 freeze to 3857
[21:41:10.254] [SEVERE ] setting player 2 freeze to 3863
[21:41:10.254] [SEVERE ] setting player 3 freeze to 3864
[21:41:10.254] [SEVERE ] setting player 4 freeze to 3864
[21:41:10.326] [SEVERE ] updating countdown to 22357
[21:41:10.326] [SEVERE ] setting player 1 freeze to 3785
[21:41:10.326] [SEVERE ] setting player 2 freeze to 3791
[21:41:10.326] [SEVERE ] setting player 3 freeze to 3792
[21:41:10.326] [SEVERE ] setting player 4 freeze to 3792
[21:41:10.471] [SEVERE ] updating countdown to 22212
[21:41:10.471] [SEVERE ] setting player 1 freeze to 3640
[21:41:10.471] [SEVERE ] setting player 2 freeze to 3646
[21:41:10.471] [SEVERE ] setting player 3 freeze to 3647
[21:41:10.471] [SEVERE ] setting player 4 freeze to 3647
[21:41:10.760] [SEVERE ] updating countdown to 21923
[21:41:10.760] [SEVERE ] setting player 1 freeze to 3351
[21:41:10.760] [SEVERE ] setting player 2 freeze to 3357
[21:41:10.760] [SEVERE ] setting player 3 freeze to 3358
[21:41:10.760] [SEVERE ] setting player 4 freeze to 3358
[21:41:11.664] [SEVERE ] updating countdown to 21019
[21:41:11.664] [SEVERE ] setting player 1 freeze to 2447
[21:41:11.664] [SEVERE ] setting player 2 freeze to 2453
[21:41:11.664] [SEVERE ] setting player 3 freeze to 2454
[21:41:11.664] [SEVERE ] setting player 4 freeze to 2454
[21:41:12.147] [SEVERE ] updating countdown to 20536
[21:41:12.147] [SEVERE ] setting player 1 freeze to 1964
[21:41:12.147] [SEVERE ] setting player 2 freeze to 1970
[21:41:12.147] [SEVERE ] setting player 3 freeze to 1971
[21:41:12.147] [SEVERE ] setting player 4 freeze to 1971
[21:41:13.062] [SEVERE ] updating countdown to 19621
[21:41:13.063] [SEVERE ] setting player 1 freeze to 1048
[21:41:13.063] [SEVERE ] setting player 2 freeze to 1054
[21:41:13.063] [SEVERE ] setting player 3 freeze to 1055
[21:41:13.063] [SEVERE ] setting player 4 freeze to 1055
[21:41:13.214] [SEVERE ] removing player 1 token from slot 2
[21:41:13.214] [SEVERE ] player 1 placing token on slot 6
[21:41:13.214] [SEVERE ] updating countdown to 19469
[21:41:13.214] [SEVERE ] setting player 1 freeze to 0
[21:41:13.214] [SEVERE ] setting player 2 freeze to 903
[21:41:13.214] [SEVERE ] setting player 3 freeze to 904
[21:41:13.214] [SEVERE ] setting player 4 freeze to 904
[21:41:13.214] [SEVERE ] setting player 1 freeze to 3900
[21:41:13.214] [SEVERE ] setting player 1 freeze to 3900
[21:41:13.214] [SEVERE ] setting player 2 freeze to 903
[21:41:13.214] [SEVERE ] setting player 3 freeze to 904
[21:41:13.214] [SEVERE ] setting player 4 freeze to 904
[21:41:13.229] [SEVERE ] removing player 4 token from slot 8
[21:41:13.229] [SEVERE ] removing player 2 token from slot 7
[21:41:13.229] [SEVERE ] removing player 3 token from slot 5
[21:41:13.229] [SEVERE ] player 2 placing token on slot 8
[21:41:13.229] [SEVERE ] player 4 placing token on slot 11
[21:41:13.229] [SEVERE ] removing player 3 token from slot 4
[21:41:13.229] [SEVERE ] player 3 placing token on slot 2
[21:41:13.229] [SEVERE ] player 3 placing token on slot 0
[21:41:13.229] [SEVERE ] updating countdown to 19454
[21:41:13.229] [SEVERE ] setting player 1 freeze to 3885
[21:41:13.229] [SEVERE ] setting player 2 freeze to 0
[21:41:13.230] [SEVERE ] setting player 3 freeze to 0
[21:41:13.230] [SEVERE ] setting player 4 freeze to 0
[21:41:13.230] [SEVERE ] setting player 2 freeze to 3900
[21:41:13.230] [SEVERE ] setting player 1 freeze to 3884
[21:41:13.230] [SEVERE ] setting player 2 freeze to 3900
[21:41:13.230] [SEVERE ] updating countdown to 19453
[21:41:13.230] [SEVERE ] setting player 1 freeze to 3884
[21:41:13.230] [SEVERE ] setting player 2 freeze to 3900
[21:41:13.230] [SEVERE ] setting player 3 freeze to 3900
[21:41:13.230] [SEVERE ] setting player 1 freeze to 3884
[21:41:13.230] [SEVERE ] setting player 2 freeze to 3900
[21:41:13.230] [SEVERE ] setting player 3 freeze to 3900
[21:41:13.230] [SEVERE ] updating countdown to 19453
[21:41:13.230] [SEVERE ] setting player 1 freeze to 3884
[21:41:13.230] [SEVERE ] setting player 2 freeze to 3900
[21:41:13.230] [SEVERE ] setting player 3 freeze to 3900
[21:41:13.230] [SEVERE ] setting player 4 freeze to 3900
[21:41:13.230] [SEVERE ] setting player 1 freeze to 3884
[21:41:13.230] [SEVERE ] setting player 2 freeze to 3900
[21:41:13.230] [SEVERE ] setting player 3 freeze to 3900
[21:41:13.230] [SEVERE ] setting player 4 freeze to 3900
[21:41:13.279] [SEVERE ] updating countdown to 19404
[21:41:13.279] [SEVERE ] setting player 1 freeze to 3835
[21:41:13.279] [SEVERE ] setting player 2 freeze to 3851
[21:41:13.279] [SEVERE ] setting player 3 freeze to 3851
[21:41:13.279] [SEVERE ] setting player 4 freeze to 3851
[21:41:13.376] [SEVERE ] updating countdown to 19307
[21:41:13.376] [SEVERE ] setting player 1 freeze to 3738
[21:41:13.376] [SEVERE ] setting player 2 freeze to 3754
[21:41:13.376] [SEVERE ] setting player 3 freeze to 3754
[21:41:13.376] [SEVERE ] setting player 4 freeze to 3754
[21:41:13.570] [SEVERE ] updating countdown to 19113
[21:41:13.570] [SEVERE ] setting player 1 freeze to 3544
[21:41:13.570] [SEVERE ] setting player 2 freeze to 3560
[21:41:13.570] [SEVERE ] setting player 3 freeze to 3560
[21:41:13.570] [SEVERE ] setting player 4 freeze to 3560
[21:41:13.959] [SEVERE ] updating countdown to 18724
[21:41:13.959] [SEVERE ] setting player 1 freeze to 3155
[21:41:13.959] [SEVERE ] setting player 2 freeze to 3171
[21:41:13.959] [SEVERE ] setting player 3 freeze to 3171
[21:41:13.959] [SEVERE ] setting player 4 freeze to 3171
[21:41:14.422] [SEVERE ] exit button pressed
[21:41:14.422] [INFO   ] thread computer-0 terminated.
[21:41:14.422] [INFO   ] thread computer-2 terminated.
[21:41:14.422] [INFO   ] thread computer-1 terminated.
[21:41:14.422] [INFO   ] thread computer-3 terminated.
[21:41:14.863] [SEVERE ] updating countdown to 17820
[21:41:14.863] [SEVERE ] setting player 1 freeze to 2251
[21:41:14.863] [SEVERE ] setting player 2 freeze to 2267
[21:41:14.864] [SEVERE ] setting player 3 freeze to 2266
[21:41:14.864] [SEVERE ] setting player 4 freeze to 2266
[21:41:14.864] [SEVERE ] updating countdown to 17819
[21:41:14.865] [SEVERE ] setting player 1 freeze to 2249
[21:41:14.865] [SEVERE ] setting player 2 freeze to 2265
[21:41:14.865] [SEVERE ] setting player 3 freeze to 2265
[21:41:14.865] [SEVERE ] setting player 4 freeze to 2265
[21:41:14.980] [SEVERE ] removing player 1 token from slot 0
[21:41:14.980] [SEVERE ] removing player 3 token from slot 0
[21:41:14.980] [SEVERE ] removing card from slot 0
[21:41:15.081] [SEVERE ] removing player 1 token from slot 1
[21:41:15.081] [SEVERE ] removing card from slot 1
[21:41:15.183] [SEVERE ] removing player 3 token from slot 2
[21:41:15.183] [SEVERE ] removing card from slot 2
[21:41:15.284] [SEVERE ] removing player 4 token from slot 3
[21:41:15.284] [SEVERE ] removing card from slot 3
[21:41:15.396] [SEVERE ] removing card from slot 4
[21:41:15.497] [SEVERE ] removing card from slot 5
[21:41:15.602] [SEVERE ] removing player 2 token from slot 6
[21:41:15.602] [SEVERE ] removing player 1 token from slot 6
[21:41:15.602] [SEVERE ] removing card from slot 6
[21:41:15.704] [SEVERE ] removing card from slot 7
[21:41:15.810] [SEVERE ] removing player 3 token from slot 8
[21:41:15.810] [SEVERE ] removing player 2 token from slot 8
[21:41:15.810] [SEVERE ] removing card from slot 8
[21:41:15.913] [SEVERE ] removing card from slot 9
[21:41:16.014] [SEVERE ] removing player 4 token from slot 10
[21:41:16.015] [SEVERE ] removing player 2 token from slot 10
[21:41:16.015] [SEVERE ] removing card from slot 10
[21:41:16.124] [SEVERE ] removing player 4 token from slot 11
[21:41:16.124] [SEVERE ] removing card from slot 11
[21:41:16.125] [SEVERE ] announcing winner(s): player 1, player 2, player 3, player 4
[21:41:16.127] [INFO   ] thread dealer terminated.
[21:41:16.127] [INFO   ] thread Thread-2 terminated.
[21:41:16.127] [INFO   ] thread Thread-0 terminated.
[21:41:16.127] [INFO   ] thread Thread-1 terminated.
[21:41:16.127] [INFO   ] thread Thread-3 terminated.
[21:41:16.127] [INFO   ] thread dealer terminated.
[21:41:16.128] [SEVERE ] thanks for playing... it was fun!
[21:41:16.128] [INFO   ] thread main terminated.
