[22:35:27.908] [INFO   ] thread main starting.
[22:35:27.913] [SEVERE ] cannot read configuration file config.properties trying from resources.
[22:35:27.915] [SEVERE ] configuration file was loaded from resources directory.
[22:35:28.260] [INFO   ] thread dealer starting.
[22:35:28.260] [INFO   ] thread dealer starting.
[22:35:28.261] [SEVERE ] updating countdown to 60000
[22:35:28.261] [INFO   ] thread Thread-2 starting.
[22:35:28.261] [INFO   ] thread Thread-0 starting.
[22:35:28.261] [INFO   ] thread Thread-1 starting.
[22:35:28.261] [INFO   ] thread Thread-3 starting.
[22:35:28.262] [INFO   ] thread computer-2 starting.
[22:35:28.262] [INFO   ] thread computer-0 starting.
[22:35:28.262] [INFO   ] thread computer-1 starting.
[22:35:28.262] [INFO   ] thread computer-3 starting.
[22:35:28.365] [SEVERE ] updating countdown to 59896
[22:35:28.474] [SEVERE ] placing card 16 in slot 0
[22:35:28.586] [SEVERE ] placing card 53 in slot 1
[22:35:28.696] [SEVERE ] placing card 8 in slot 2
[22:35:28.798] [SEVERE ] placing card 15 in slot 3
[22:35:28.909] [SEVERE ] placing card 72 in slot 4
[22:35:29.011] [SEVERE ] placing card 60 in slot 5
[22:35:29.112] [SEVERE ] placing card 75 in slot 6
[22:35:29.227] [SEVERE ] placing card 31 in slot 7
[22:35:29.338] [SEVERE ] placing card 59 in slot 8
[22:35:29.442] [SEVERE ] placing card 24 in slot 9
[22:35:29.552] [SEVERE ] placing card 79 in slot 10
[22:35:29.662] [SEVERE ] placing card 69 in slot 11
[22:35:29.662] [SEVERE ] player 1 placing token on slot 11
[22:35:29.662] [SEVERE ] player 3 placing token on slot 11
[22:35:29.662] [SEVERE ] player 3 placing token on slot 2
[22:35:29.662] [SEVERE ] player 3 placing token on slot 1
[22:35:29.662] [SEVERE ] player 4 placing token on slot 0
[22:35:29.662] [SEVERE ] player 4 placing token on slot 6
[22:35:29.662] [SEVERE ] player 4 placing token on slot 2
[22:35:29.662] [SEVERE ] player 2 placing token on slot 1
[22:35:29.666] [SEVERE ] player 2 placing token on slot 5
[22:35:29.662] [SEVERE ] player 1 placing token on slot 10
[22:35:29.667] [SEVERE ] player 1 placing token on slot 4
[22:35:29.666] [SEVERE ] player 2 placing token on slot 4
[22:35:29.668] [SEVERE ] updating countdown to 58593
[22:35:29.668] [SEVERE ] setting player 3 freeze to 3900
[22:35:29.668] [SEVERE ] setting player 3 freeze to 3900
[22:35:29.668] [SEVERE ] updating countdown to 58593
[22:35:29.668] [SEVERE ] setting player 3 freeze to 3900
[22:35:29.668] [SEVERE ] setting player 4 freeze to 3900
[22:35:29.676] [SEVERE ] setting player 3 freeze to 3892
[22:35:29.676] [SEVERE ] setting player 4 freeze to 3892
[22:35:29.678] [SEVERE ] updating countdown to 58583
[22:35:29.678] [SEVERE ] setting player 3 freeze to 3890
[22:35:29.678] [SEVERE ] setting player 4 freeze to 3890
[22:35:29.678] [SEVERE ] setting player 1 freeze to 3900
[22:35:29.679] [SEVERE ] setting player 1 freeze to 3899
[22:35:29.679] [SEVERE ] setting player 3 freeze to 3889
[22:35:29.679] [SEVERE ] setting player 4 freeze to 3889
[22:35:29.681] [SEVERE ] updating countdown to 58580
[22:35:29.681] [SEVERE ] setting player 1 freeze to 3897
[22:35:29.682] [SEVERE ] setting player 3 freeze to 3886
[22:35:29.682] [SEVERE ] setting player 4 freeze to 3886
[22:35:29.682] [SEVERE ] setting player 2 freeze to 3900
[22:35:29.682] [SEVERE ] setting player 1 freeze to 3896
[22:35:29.683] [SEVERE ] setting player 2 freeze to 3899
[22:35:29.683] [SEVERE ] setting player 3 freeze to 3885
[22:35:29.683] [SEVERE ] setting player 4 freeze to 3885
[22:35:30.685] [SEVERE ] updating countdown to 57576
[22:35:30.685] [SEVERE ] setting player 1 freeze to 2893
[22:35:30.685] [SEVERE ] setting player 2 freeze to 2897
[22:35:30.685] [SEVERE ] setting player 3 freeze to 2883
[22:35:30.685] [SEVERE ] setting player 4 freeze to 2883
[22:35:31.686] [SEVERE ] updating countdown to 56575
[22:35:31.686] [SEVERE ] setting player 1 freeze to 1892
[22:35:31.686] [SEVERE ] setting player 2 freeze to 1896
[22:35:31.686] [SEVERE ] setting player 3 freeze to 1882
[22:35:31.686] [SEVERE ] setting player 4 freeze to 1882
[22:35:32.675] [SEVERE ] removing player 3 token from slot 1
[22:35:32.675] [SEVERE ] player 3 placing token on slot 3
[22:35:32.676] [SEVERE ] removing player 4 token from slot 6
[22:35:32.676] [SEVERE ] player 4 placing token on slot 3
[22:35:32.676] [SEVERE ] setting player 3 freeze to 3900
[22:35:32.676] [SEVERE ] setting player 1 freeze to 902
[22:35:32.676] [SEVERE ] setting player 2 freeze to 906
[22:35:32.676] [SEVERE ] setting player 3 freeze to 3900
[22:35:32.676] [SEVERE ] setting player 4 freeze to 0
[22:35:32.676] [SEVERE ] setting player 4 freeze to 3900
[22:35:32.676] [SEVERE ] setting player 1 freeze to 902
[22:35:32.676] [SEVERE ] setting player 2 freeze to 906
[22:35:32.676] [SEVERE ] setting player 3 freeze to 3900
[22:35:32.676] [SEVERE ] setting player 4 freeze to 3900
[22:35:32.691] [SEVERE ] removing player 1 token from slot 10
[22:35:32.691] [SEVERE ] removing player 2 token from slot 5
[22:35:32.691] [SEVERE ] player 1 placing token on slot 1
[22:35:32.692] [SEVERE ] player 2 placing token on slot 7
[22:35:32.692] [SEVERE ] setting player 1 freeze to 3900
[22:35:32.693] [SEVERE ] setting player 1 freeze to 3899
[22:35:32.693] [SEVERE ] setting player 2 freeze to 0
[22:35:32.693] [SEVERE ] setting player 3 freeze to 3883
[22:35:32.693] [SEVERE ] setting player 4 freeze to 3883
[22:35:32.693] [SEVERE ] setting player 2 freeze to 3900
[22:35:32.693] [SEVERE ] setting player 1 freeze to 3899
[22:35:32.693] [SEVERE ] setting player 2 freeze to 3900
[22:35:32.693] [SEVERE ] setting player 3 freeze to 3883
[22:35:32.694] [SEVERE ] setting player 4 freeze to 3882
[22:35:33.676] [SEVERE ] updating countdown to 54585
[22:35:33.676] [SEVERE ] setting player 1 freeze to 2916
[22:35:33.676] [SEVERE ] setting player 2 freeze to 2917
[22:35:33.676] [SEVERE ] setting player 3 freeze to 2900
[22:35:33.676] [SEVERE ] setting player 4 freeze to 2900
[22:35:34.058] [SEVERE ] exit button pressed
[22:35:34.059] [INFO   ] thread computer-0 terminated.
[22:35:34.059] [INFO   ] thread computer-3 terminated.
[22:35:34.059] [INFO   ] thread computer-1 terminated.
[22:35:34.059] [INFO   ] thread computer-2 terminated.
[22:35:34.677] [SEVERE ] updating countdown to 53584
[22:35:34.677] [SEVERE ] setting player 1 freeze to 1915
[22:35:34.677] [SEVERE ] setting player 2 freeze to 1916
[22:35:34.677] [SEVERE ] setting player 3 freeze to 1899
[22:35:34.677] [SEVERE ] setting player 4 freeze to 1899
[22:35:34.677] [SEVERE ] setting player 1 freeze to 1915
[22:35:34.677] [SEVERE ] setting player 2 freeze to 1916
[22:35:34.677] [SEVERE ] setting player 3 freeze to 1899
[22:35:34.677] [SEVERE ] setting player 4 freeze to 1899
[22:35:34.783] [SEVERE ] removing player 4 token from slot 0
[22:35:34.783] [SEVERE ] removing card from slot 0
[22:35:34.893] [SEVERE ] removing player 2 token from slot 1
[22:35:34.893] [SEVERE ] removing player 1 token from slot 1
[22:35:34.893] [SEVERE ] removing card from slot 1
[22:35:35.004] [SEVERE ] removing player 3 token from slot 2
[22:35:35.004] [SEVERE ] removing player 4 token from slot 2
[22:35:35.004] [SEVERE ] removing card from slot 2
[22:35:35.107] [SEVERE ] removing player 3 token from slot 3
[22:35:35.107] [SEVERE ] removing player 4 token from slot 3
[22:35:35.107] [SEVERE ] removing card from slot 3
[22:35:35.214] [SEVERE ] removing player 2 token from slot 4
[22:35:35.214] [SEVERE ] removing player 1 token from slot 4
[22:35:35.214] [SEVERE ] removing card from slot 4
[22:35:35.324] [SEVERE ] removing card from slot 5
[22:35:35.431] [SEVERE ] removing card from slot 6
[22:35:35.542] [SEVERE ] removing player 2 token from slot 7
[22:35:35.542] [SEVERE ] removing card from slot 7
[22:35:35.644] [SEVERE ] removing card from slot 8
[22:35:35.756] [SEVERE ] removing card from slot 9
[22:35:35.860] [SEVERE ] removing card from slot 10
[22:35:35.961] [SEVERE ] removing player 3 token from slot 11
[22:35:35.961] [SEVERE ] removing card from slot 11
[22:35:35.962] [SEVERE ] announcing winner(s): player 1, player 2, player 3, player 4
[22:35:35.963] [INFO   ] thread dealer terminated.
[22:35:35.963] [INFO   ] thread Thread-0 terminated.
[22:35:35.963] [INFO   ] thread Thread-1 terminated.
[22:35:35.963] [INFO   ] thread Thread-3 terminated.
[22:35:35.963] [INFO   ] thread Thread-2 terminated.
[22:35:35.963] [INFO   ] thread dealer terminated.
[22:35:35.964] [SEVERE ] thanks for playing... it was fun!
[22:35:35.964] [INFO   ] thread main terminated.
