[22:23:25.443] [INFO   ] thread main starting.
[22:23:25.448] [SEVERE ] cannot read configuration file config.properties trying from resources.
[22:23:25.450] [SEVERE ] configuration file was loaded from resources directory.
[22:23:25.791] [INFO   ] thread dealer starting.
[22:23:25.791] [INFO   ] thread dealer starting.
[22:23:25.792] [SEVERE ] updating countdown to 60000
[22:23:25.792] [INFO   ] thread Thread-1 starting.
[22:23:25.792] [INFO   ] thread Thread-0 starting.
[22:23:25.792] [INFO   ] thread Thread-2 starting.
[22:23:25.793] [INFO   ] thread computer-1 starting.
[22:23:25.792] [INFO   ] thread Thread-3 starting.
[22:23:25.793] [INFO   ] thread computer-0 starting.
[22:23:25.793] [INFO   ] thread computer-2 starting.
[22:23:25.796] [INFO   ] thread computer-3 starting.
[22:23:25.898] [SEVERE ] updating countdown to 59894
[22:23:26.012] [SEVERE ] placing card 39 in slot 0
[22:23:26.124] [SEVERE ] placing card 72 in slot 1
[22:23:26.227] [SEVERE ] placing card 76 in slot 2
[22:23:26.343] [SEVERE ] placing card 48 in slot 3
[22:23:26.454] [SEVERE ] placing card 64 in slot 4
[22:23:26.564] [SEVERE ] placing card 7 in slot 5
[22:23:26.675] [SEVERE ] placing card 77 in slot 6
[22:23:26.786] [SEVERE ] placing card 14 in slot 7
[22:23:26.896] [SEVERE ] placing card 44 in slot 8
[22:23:27.007] [SEVERE ] placing card 1 in slot 9
[22:23:27.116] [SEVERE ] placing card 60 in slot 10
[22:23:27.226] [SEVERE ] placing card 65 in slot 11
[22:23:27.226] [SEVERE ] player 1 placing token on slot 1
[22:23:27.226] [SEVERE ] player 3 placing token on slot 5
[22:23:27.226] [SEVERE ] player 2 placing token on slot 6
[22:23:27.226] [SEVERE ] player 4 placing token on slot 11
[22:23:27.226] [SEVERE ] player 1 placing token on slot 10
[22:23:27.226] [SEVERE ] player 3 placing token on slot 1
[22:23:27.226] [SEVERE ] player 2 placing token on slot 7
[22:23:27.226] [SEVERE ] removing player 4 token from slot 11
[22:23:27.226] [SEVERE ] player 4 placing token on slot 3
[22:23:27.226] [SEVERE ] player 1 placing token on slot 8
[22:23:27.226] [SEVERE ] player 3 placing token on slot 3
[22:23:27.226] [SEVERE ] player 2 placing token on slot 1
[22:23:27.226] [SEVERE ] player 4 placing token on slot 8
[22:23:27.229] [SEVERE ] removing player 4 token from slot 3
[22:23:27.230] [SEVERE ] player 4 placing token on slot 0
[22:23:27.230] [SEVERE ] player 4 placing token on slot 2
[22:23:27.230] [SEVERE ] setting player 1 freeze to 3900
[22:23:27.230] [SEVERE ] setting player 1 freeze to 3900
[22:23:27.230] [SEVERE ] setting player 2 freeze to 3900
[22:23:27.230] [SEVERE ] setting player 1 freeze to 3900
[22:23:27.230] [SEVERE ] setting player 2 freeze to 3900
[22:23:27.239] [SEVERE ] setting player 3 freeze to 3900
[22:23:27.240] [SEVERE ] setting player 1 freeze to 3890
[22:23:27.240] [SEVERE ] setting player 2 freeze to 3890
[22:23:27.240] [SEVERE ] setting player 3 freeze to 3899
[22:23:27.240] [SEVERE ] setting player 4 freeze to 3900
[22:23:27.240] [SEVERE ] setting player 1 freeze to 3890
[22:23:27.240] [SEVERE ] setting player 2 freeze to 3890
[22:23:27.240] [SEVERE ] setting player 3 freeze to 3899
[22:23:27.240] [SEVERE ] setting player 4 freeze to 3900
[22:23:27.240] [SEVERE ] updating countdown to 58552
[22:23:27.240] [SEVERE ] setting player 1 freeze to 3890
[22:23:27.240] [SEVERE ] setting player 2 freeze to 3890
[22:23:27.240] [SEVERE ] setting player 3 freeze to 3899
[22:23:27.240] [SEVERE ] setting player 4 freeze to 3900
[22:23:28.241] [SEVERE ] updating countdown to 57551
[22:23:28.241] [SEVERE ] setting player 1 freeze to 2889
[22:23:28.241] [SEVERE ] setting player 2 freeze to 2889
[22:23:28.241] [SEVERE ] setting player 3 freeze to 2898
[22:23:28.241] [SEVERE ] setting player 4 freeze to 2899
[22:23:28.241] [SEVERE ] updating countdown to 57551
[22:23:28.241] [SEVERE ] setting player 1 freeze to 2889
[22:23:28.241] [SEVERE ] setting player 2 freeze to 2889
[22:23:28.241] [SEVERE ] setting player 3 freeze to 2898
[22:23:28.241] [SEVERE ] setting player 4 freeze to 2899
[22:23:29.256] [SEVERE ] updating countdown to 56536
[22:23:29.256] [SEVERE ] setting player 1 freeze to 1874
[22:23:29.256] [SEVERE ] setting player 2 freeze to 1874
[22:23:29.256] [SEVERE ] setting player 3 freeze to 1883
[22:23:29.256] [SEVERE ] setting player 4 freeze to 1884
[22:23:29.256] [SEVERE ] updating countdown to 56536
[22:23:29.256] [SEVERE ] setting player 1 freeze to 1874
[22:23:29.256] [SEVERE ] setting player 2 freeze to 1874
[22:23:29.256] [SEVERE ] setting player 3 freeze to 1883
[22:23:29.256] [SEVERE ] setting player 4 freeze to 1884
[22:23:30.234] [SEVERE ] removing player 1 token from slot 1
[22:23:30.234] [SEVERE ] player 1 placing token on slot 2
[22:23:30.235] [SEVERE ] setting player 1 freeze to 3900
[22:23:30.235] [SEVERE ] setting player 1 freeze to 3900
[22:23:30.235] [SEVERE ] setting player 2 freeze to 0
[22:23:30.235] [SEVERE ] setting player 3 freeze to 904
[22:23:30.235] [SEVERE ] setting player 4 freeze to 905
[22:23:30.237] [SEVERE ] removing player 2 token from slot 1
[22:23:30.237] [SEVERE ] player 2 placing token on slot 10
[22:23:30.237] [SEVERE ] setting player 2 freeze to 3900
[22:23:30.237] [SEVERE ] setting player 1 freeze to 3898
[22:23:30.237] [SEVERE ] setting player 2 freeze to 3900
[22:23:30.237] [SEVERE ] setting player 3 freeze to 902
[22:23:30.237] [SEVERE ] setting player 4 freeze to 903
[22:23:30.248] [SEVERE ] removing player 3 token from slot 3
[22:23:30.248] [SEVERE ] removing player 4 token from slot 8
[22:23:30.248] [SEVERE ] player 3 placing token on slot 3
[22:23:30.248] [SEVERE ] player 4 placing token on slot 1
[22:23:30.249] [SEVERE ] setting player 3 freeze to 3900
[22:23:30.250] [SEVERE ] setting player 1 freeze to 3885
[22:23:30.250] [SEVERE ] setting player 2 freeze to 3887
[22:23:30.250] [SEVERE ] setting player 3 freeze to 3899
[22:23:30.250] [SEVERE ] setting player 4 freeze to 0
[22:23:30.251] [SEVERE ] setting player 4 freeze to 3900
[22:23:30.251] [SEVERE ] setting player 1 freeze to 3884
[22:23:30.251] [SEVERE ] setting player 2 freeze to 3886
[22:23:30.251] [SEVERE ] setting player 3 freeze to 3898
[22:23:30.252] [SEVERE ] setting player 4 freeze to 3899
[22:23:31.238] [SEVERE ] updating countdown to 54554
[22:23:31.238] [SEVERE ] setting player 1 freeze to 2897
[22:23:31.238] [SEVERE ] setting player 2 freeze to 2899
[22:23:31.238] [SEVERE ] setting player 3 freeze to 2911
[22:23:31.238] [SEVERE ] setting player 4 freeze to 2913
[22:23:31.254] [SEVERE ] updating countdown to 54539
[22:23:31.254] [SEVERE ] setting player 1 freeze to 2881
[22:23:31.254] [SEVERE ] setting player 2 freeze to 2883
[22:23:31.254] [SEVERE ] setting player 3 freeze to 2895
[22:23:31.254] [SEVERE ] setting player 4 freeze to 2897
[22:23:32.240] [SEVERE ] updating countdown to 53552
[22:23:32.240] [SEVERE ] setting player 1 freeze to 1895
[22:23:32.240] [SEVERE ] setting player 2 freeze to 1897
[22:23:32.240] [SEVERE ] setting player 3 freeze to 1909
[22:23:32.240] [SEVERE ] setting player 4 freeze to 1911
[22:23:32.257] [SEVERE ] updating countdown to 53535
[22:23:32.257] [SEVERE ] setting player 1 freeze to 1878
[22:23:32.257] [SEVERE ] setting player 2 freeze to 1880
[22:23:32.257] [SEVERE ] setting player 3 freeze to 1892
[22:23:32.257] [SEVERE ] setting player 4 freeze to 1894
[22:23:33.236] [SEVERE ] removing player 1 token from slot 10
[22:23:33.236] [SEVERE ] player 1 placing token on slot 6
[22:23:33.238] [SEVERE ] removing player 2 token from slot 10
[22:23:33.238] [SEVERE ] setting player 1 freeze to 3900
[22:23:33.238] [SEVERE ] player 2 placing token on slot 5
[22:23:33.238] [SEVERE ] setting player 1 freeze to 3900
[22:23:33.238] [SEVERE ] setting player 2 freeze to 0
[22:23:33.238] [SEVERE ] setting player 3 freeze to 911
[22:23:33.238] [SEVERE ] setting player 4 freeze to 913
[22:23:33.238] [SEVERE ] setting player 2 freeze to 3900
[22:23:33.238] [SEVERE ] setting player 1 freeze to 3900
[22:23:33.238] [SEVERE ] setting player 2 freeze to 3900
[22:23:33.238] [SEVERE ] setting player 3 freeze to 911
[22:23:33.238] [SEVERE ] setting player 4 freeze to 913
[22:23:33.253] [SEVERE ] removing player 4 token from slot 2
[22:23:33.253] [SEVERE ] removing player 3 token from slot 3
[22:23:33.253] [SEVERE ] player 4 placing token on slot 10
[22:23:33.253] [SEVERE ] player 3 placing token on slot 11
[22:23:33.255] [SEVERE ] setting player 3 freeze to 3900
[22:23:33.255] [SEVERE ] setting player 1 freeze to 3883
[22:23:33.255] [SEVERE ] setting player 2 freeze to 3883
[22:23:33.255] [SEVERE ] setting player 3 freeze to 3900
[22:23:33.255] [SEVERE ] setting player 4 freeze to 0
[22:23:33.257] [SEVERE ] setting player 4 freeze to 3900
[22:23:33.257] [SEVERE ] setting player 1 freeze to 3881
[22:23:33.257] [SEVERE ] setting player 2 freeze to 3881
[22:23:33.257] [SEVERE ] setting player 3 freeze to 3898
[22:23:33.257] [SEVERE ] setting player 4 freeze to 3900
[22:23:34.239] [SEVERE ] updating countdown to 51553
[22:23:34.239] [SEVERE ] setting player 1 freeze to 2899
[22:23:34.240] [SEVERE ] setting player 2 freeze to 2898
[22:23:34.240] [SEVERE ] setting player 3 freeze to 2915
[22:23:34.240] [SEVERE ] setting player 4 freeze to 2917
[22:23:34.259] [SEVERE ] updating countdown to 51533
[22:23:34.259] [SEVERE ] setting player 1 freeze to 2879
[22:23:34.259] [SEVERE ] setting player 2 freeze to 2879
[22:23:34.259] [SEVERE ] setting player 3 freeze to 2896
[22:23:34.259] [SEVERE ] setting player 4 freeze to 2898
[22:23:35.109] [SEVERE ] exit button pressed
[22:23:35.109] [INFO   ] thread computer-0 terminated.
[22:23:35.109] [INFO   ] thread computer-1 terminated.
[22:23:35.109] [INFO   ] thread computer-2 terminated.
[22:23:35.109] [INFO   ] thread computer-3 terminated.
[22:23:35.249] [SEVERE ] updating countdown to 50543
[22:23:35.249] [SEVERE ] setting player 1 freeze to 1889
[22:23:35.249] [SEVERE ] setting player 2 freeze to 1889
[22:23:35.249] [SEVERE ] setting player 3 freeze to 1906
[22:23:35.249] [SEVERE ] setting player 4 freeze to 1908
[22:23:35.249] [SEVERE ] setting player 1 freeze to 1889
[22:23:35.249] [SEVERE ] setting player 2 freeze to 1889
[22:23:35.249] [SEVERE ] setting player 3 freeze to 1906
[22:23:35.249] [SEVERE ] setting player 4 freeze to 1908
[22:23:35.363] [SEVERE ] removing player 4 token from slot 0
[22:23:35.363] [SEVERE ] removing card from slot 0
[22:23:35.474] [SEVERE ] removing player 3 token from slot 1
[22:23:35.474] [SEVERE ] removing player 4 token from slot 1
[22:23:35.474] [SEVERE ] removing card from slot 1
[22:23:35.584] [SEVERE ] removing player 1 token from slot 2
[22:23:35.584] [SEVERE ] removing card from slot 2
[22:23:35.686] [SEVERE ] removing card from slot 3
[22:23:35.790] [SEVERE ] removing card from slot 4
[22:23:35.903] [SEVERE ] removing player 3 token from slot 5
[22:23:35.903] [SEVERE ] removing player 2 token from slot 5
[22:23:35.903] [SEVERE ] removing card from slot 5
[22:23:36.016] [SEVERE ] removing player 2 token from slot 6
[22:23:36.017] [SEVERE ] removing player 1 token from slot 6
[22:23:36.017] [SEVERE ] removing card from slot 6
[22:23:36.123] [SEVERE ] removing player 2 token from slot 7
[22:23:36.123] [SEVERE ] removing card from slot 7
[22:23:36.225] [SEVERE ] removing player 1 token from slot 8
[22:23:36.225] [SEVERE ] removing card from slot 8
[22:23:36.332] [SEVERE ] removing card from slot 9
[22:23:36.434] [SEVERE ] removing player 4 token from slot 10
[22:23:36.434] [SEVERE ] removing card from slot 10
[22:23:36.535] [SEVERE ] removing player 3 token from slot 11
[22:23:36.535] [SEVERE ] removing card from slot 11
[22:23:36.536] [SEVERE ] announcing winner(s): player 1, player 2, player 3, player 4
[22:23:36.536] [INFO   ] thread dealer terminated.
[22:23:36.536] [INFO   ] thread Thread-0 terminated.
[22:23:36.536] [INFO   ] thread Thread-3 terminated.
[22:23:36.536] [INFO   ] thread dealer terminated.
[22:23:36.536] [INFO   ] thread Thread-1 terminated.
[22:23:36.536] [INFO   ] thread Thread-2 terminated.
[22:23:36.536] [SEVERE ] thanks for playing... it was fun!
[22:23:36.539] [INFO   ] thread main terminated.
