[23:50:41.632] [INFO   ] thread main starting.
[23:50:41.637] [SEVERE ] cannot read configuration file config.properties trying from resources.
[23:50:41.640] [SEVERE ] configuration file was loaded from resources directory.
[23:50:42.015] [INFO   ] thread dealer starting.
[23:50:42.016] [INFO   ] thread dealer starting.
[23:50:42.017] [SEVERE ] updating countdown to 60000
[23:50:42.017] [INFO   ] thread Thread-1 starting.
[23:50:42.017] [INFO   ] thread Thread-0 starting.
[23:50:42.018] [SEVERE ] updating countdown to 60000
[23:50:42.018] [INFO   ] thread computer-1 starting.
[23:50:42.124] [SEVERE ] placing card 22 in slot 0
[23:50:42.240] [SEVERE ] placing card 41 in slot 1
[23:50:42.362] [SEVERE ] placing card 33 in slot 2
[23:50:42.469] [SEVERE ] placing card 36 in slot 3
[23:50:42.574] [SEVERE ] placing card 30 in slot 4
[23:50:42.675] [SEVERE ] placing card 58 in slot 5
[23:50:42.779] [SEVERE ] placing card 76 in slot 6
[23:50:42.895] [SEVERE ] placing card 13 in slot 7
[23:50:43.012] [SEVERE ] placing card 62 in slot 8
[23:50:43.118] [SEVERE ] placing card 53 in slot 9
[23:50:43.233] [SEVERE ] placing card 69 in slot 10
[23:50:43.336] [SEVERE ] placing card 24 in slot 11
[23:50:43.336] [SEVERE ] player 2 placing token on slot 3
[23:50:43.337] [SEVERE ] player 2 placing token on slot 4
[23:50:43.337] [SEVERE ] player 2 placing token on slot 8
[23:50:43.341] [SEVERE ] updating countdown to 58677
[23:50:43.341] [SEVERE ] setting player 2 freeze to 3900
[23:50:44.352] [SEVERE ] updating countdown to 57666
[23:50:44.352] [SEVERE ] setting player 2 freeze to 2889
[23:50:45.245] [SEVERE ] exit button pressed
[23:50:45.245] [INFO   ] thread Thread-0 terminated.
[23:50:45.245] [INFO   ] thread computer-1 terminated.
[23:50:45.354] [SEVERE ] updating countdown to 56664
[23:50:45.354] [SEVERE ] setting player 2 freeze to 1887
[23:50:45.462] [SEVERE ] removing card from slot 0
[23:50:45.570] [SEVERE ] removing card from slot 1
[23:50:45.686] [SEVERE ] removing card from slot 2
[23:50:45.800] [SEVERE ] removing player 2 token from slot 3
[23:50:45.800] [SEVERE ] removing card from slot 3
[23:50:45.904] [SEVERE ] removing player 2 token from slot 4
[23:50:45.904] [SEVERE ] removing card from slot 4
[23:50:46.012] [SEVERE ] removing card from slot 5
[23:50:46.121] [SEVERE ] removing card from slot 6
[23:50:46.224] [SEVERE ] removing card from slot 7
[23:50:46.345] [SEVERE ] removing player 2 token from slot 8
[23:50:46.346] [SEVERE ] removing card from slot 8
[23:50:46.454] [SEVERE ] removing card from slot 9
[23:50:46.568] [SEVERE ] removing card from slot 10
[23:50:46.670] [SEVERE ] removing card from slot 11
[23:50:46.670] [SEVERE ] announcing winner(s): player 1, player 2
[23:50:46.670] [INFO   ] thread dealer terminated.
[23:50:46.670] [INFO   ] thread Thread-1 terminated.
[23:50:46.670] [INFO   ] thread dealer terminated.
[23:50:46.670] [SEVERE ] thanks for playing... it was fun!
[23:50:46.674] [INFO   ] thread main terminated.
