[19:42:40.785] [INFO   ] thread main starting.
[19:42:40.791] [SEVERE ] cannot read configuration file config.properties trying from resources.
[19:42:40.793] [SEVERE ] configuration file was loaded from resources directory.
[19:42:41.171] [INFO   ] thread dealer starting.
[19:42:41.172] [INFO   ] thread dealer starting.
[19:42:41.172] [SEVERE ] updating countdown to 10000
[19:42:41.172] [INFO   ] thread Thread-0 starting.
[19:42:41.172] [INFO   ] thread Thread-1 starting.
[19:42:41.174] [INFO   ] thread computer-1 starting.
[19:42:41.378] [SEVERE ] updating countdown to 9794
[19:42:41.487] [SEVERE ] placing card 50 in slot 0
[19:42:41.593] [SEVERE ] placing card 13 in slot 1
[19:42:41.700] [SEVERE ] placing card 71 in slot 2
[19:42:41.810] [SEVERE ] placing card 80 in slot 3
[19:42:41.921] [SEVERE ] placing card 48 in slot 4
[19:42:42.032] [SEVERE ] placing card 43 in slot 5
[19:42:42.142] [SEVERE ] placing card 73 in slot 6
[19:42:42.252] [SEVERE ] placing card 65 in slot 7
[19:42:42.362] [SEVERE ] placing card 3 in slot 8
[19:42:42.465] [SEVERE ] placing card 25 in slot 9
[19:42:42.575] [SEVERE ] placing card 55 in slot 10
[19:42:42.685] [SEVERE ] placing card 20 in slot 11
[19:42:42.685] [SEVERE ] player 2 placing token on slot 1
[19:42:42.686] [SEVERE ] player 2 placing token on slot 7
[19:42:42.686] [SEVERE ] player 2 placing token on slot 11
[19:42:42.686] [SEVERE ] updating countdown to 8486
[19:42:42.686] [SEVERE ] updating countdown to 8486
[19:42:42.686] [SEVERE ] setting player 2 freeze to 3900
[19:42:42.686] [SEVERE ] setting player 2 freeze to 3900
[19:42:42.686] [SEVERE ] updating countdown to 8486
[19:42:42.686] [SEVERE ] setting player 2 freeze to 3900
[19:42:43.692] [SEVERE ] updating countdown to 7480
[19:42:43.693] [SEVERE ] setting player 2 freeze to 2893
[19:42:43.693] [SEVERE ] updating countdown to 7479
[19:42:43.693] [SEVERE ] setting player 2 freeze to 2893
[19:42:44.699] [SEVERE ] updating countdown to 6473
[19:42:44.699] [SEVERE ] setting player 2 freeze to 1887
[19:42:44.699] [SEVERE ] updating countdown to 6473
[19:42:44.699] [SEVERE ] setting player 2 freeze to 1887
[19:42:44.730] [SEVERE ] key 81 was pressed by player 1
[19:42:44.730] [SEVERE ] player 1 placing token on slot 0
[19:42:45.029] [SEVERE ] key 87 was pressed by player 1
[19:42:45.029] [SEVERE ] player 1 placing token on slot 1
[19:42:45.280] [SEVERE ] key 69 was pressed by player 1
[19:42:45.280] [SEVERE ] player 1 placing token on slot 2
[19:42:45.280] [SEVERE ] updating countdown to 5892
[19:42:45.280] [SEVERE ] setting player 2 freeze to 1306
[19:42:45.280] [SEVERE ] setting player 1 freeze to 3900
[19:42:45.292] [SEVERE ] setting player 1 freeze to 3888
[19:42:45.292] [SEVERE ] setting player 2 freeze to 1294
[19:42:45.292] [SEVERE ] updating countdown to 5880
[19:42:45.292] [SEVERE ] setting player 1 freeze to 3888
[19:42:45.292] [SEVERE ] setting player 2 freeze to 1294
[19:42:45.699] [SEVERE ] removing player 2 token from slot 1
[19:42:45.699] [SEVERE ] player 2 placing token on slot 4
[19:42:45.700] [SEVERE ] updating countdown to 5472
[19:42:45.700] [SEVERE ] setting player 1 freeze to 3480
[19:42:45.700] [SEVERE ] setting player 2 freeze to 0
[19:42:45.700] [SEVERE ] setting player 2 freeze to 3900
[19:42:45.700] [SEVERE ] setting player 1 freeze to 3480
[19:42:45.700] [SEVERE ] setting player 2 freeze to 3900
[19:42:45.700] [SEVERE ] updating countdown to 5472
[19:42:45.700] [SEVERE ] setting player 1 freeze to 3480
[19:42:45.700] [SEVERE ] setting player 2 freeze to 3900
[19:42:46.703] [SEVERE ] setting player 1 freeze to 2477
[19:42:46.703] [SEVERE ] setting player 2 freeze to 2897
[19:42:46.703] [SEVERE ] setting player 1 freeze to 2477
[19:42:46.703] [SEVERE ] setting player 2 freeze to 2897
[19:42:47.333] [SEVERE ] key 81 was pressed by player 1
[19:42:47.714] [SEVERE ] setting player 1 freeze to 1466
[19:42:47.714] [SEVERE ] setting player 2 freeze to 1886
[19:42:47.714] [SEVERE ] setting player 1 freeze to 1466
[19:42:47.714] [SEVERE ] setting player 2 freeze to 1886
[19:42:47.918] [SEVERE ] setting player 1 freeze to 1262
[19:42:47.918] [SEVERE ] setting player 2 freeze to 1682
[19:42:47.918] [SEVERE ] setting player 1 freeze to 1262
[19:42:47.918] [SEVERE ] setting player 2 freeze to 1682
[19:42:48.124] [SEVERE ] setting player 1 freeze to 1056
[19:42:48.124] [SEVERE ] setting player 2 freeze to 1476
[19:42:48.124] [SEVERE ] setting player 1 freeze to 1056
[19:42:48.124] [SEVERE ] setting player 2 freeze to 1476
[19:42:48.330] [SEVERE ] setting player 1 freeze to 0
[19:42:48.330] [SEVERE ] setting player 2 freeze to 1270
[19:42:48.330] [SEVERE ] setting player 2 freeze to 1270
[19:42:48.536] [SEVERE ] setting player 2 freeze to 1064
[19:42:48.538] [SEVERE ] setting player 2 freeze to 1062
[19:42:48.710] [SEVERE ] removing player 2 token from slot 4
[19:42:48.710] [SEVERE ] player 2 placing token on slot 10
[19:42:48.710] [SEVERE ] setting player 2 freeze to 0
[19:42:48.710] [SEVERE ] setting player 2 freeze to 3900
[19:42:48.710] [SEVERE ] setting player 2 freeze to 3900
[19:42:48.710] [SEVERE ] setting player 2 freeze to 3900
[19:42:48.838] [SEVERE ] key 81 was pressed by player 1
[19:42:48.838] [SEVERE ] removing player 1 token from slot 0
[19:42:48.914] [SEVERE ] setting player 2 freeze to 3696
[19:42:48.914] [SEVERE ] setting player 2 freeze to 3696
[19:42:49.118] [SEVERE ] setting player 2 freeze to 3492
[19:42:49.118] [SEVERE ] setting player 2 freeze to 3492
[19:42:49.323] [SEVERE ] setting player 2 freeze to 3287
[19:42:49.323] [SEVERE ] setting player 2 freeze to 3287
[19:42:49.527] [SEVERE ] setting player 2 freeze to 3083
[19:42:49.527] [SEVERE ] setting player 2 freeze to 3083
[19:42:49.731] [SEVERE ] setting player 2 freeze to 2879
[19:42:49.731] [SEVERE ] setting player 2 freeze to 2879
[19:42:49.936] [SEVERE ] setting player 2 freeze to 2674
[19:42:49.936] [SEVERE ] setting player 2 freeze to 2674
[19:42:50.141] [SEVERE ] setting player 2 freeze to 2469
[19:42:50.141] [SEVERE ] setting player 2 freeze to 2469
[19:42:50.221] [SEVERE ] key 87 was pressed by player 1
[19:42:50.221] [SEVERE ] removing player 1 token from slot 1
[19:42:50.346] [SEVERE ] setting player 2 freeze to 2264
[19:42:50.346] [SEVERE ] setting player 2 freeze to 2264
[19:42:50.550] [SEVERE ] setting player 2 freeze to 2060
[19:42:50.550] [SEVERE ] setting player 2 freeze to 2060
[19:42:50.676] [SEVERE ] key 69 was pressed by player 1
[19:42:50.676] [SEVERE ] removing player 1 token from slot 2
[19:42:50.754] [SEVERE ] setting player 2 freeze to 1856
[19:42:50.754] [SEVERE ] setting player 2 freeze to 1856
[19:42:50.958] [SEVERE ] setting player 2 freeze to 1652
[19:42:50.958] [SEVERE ] setting player 2 freeze to 1652
[19:42:51.163] [SEVERE ] setting player 2 freeze to 1447
[19:42:51.163] [SEVERE ] setting player 2 freeze to 1447
[19:42:51.367] [SEVERE ] updating countdown to 10000
[19:42:51.367] [SEVERE ] setting player 2 freeze to 1243
[19:42:51.367] [SEVERE ] updating countdown to 10000
[19:42:51.367] [SEVERE ] setting player 2 freeze to 1243
[19:42:51.477] [SEVERE ] removing card from slot 0
[19:42:51.586] [SEVERE ] removing card from slot 1
[19:42:51.696] [SEVERE ] removing card from slot 2
[19:42:51.811] [SEVERE ] removing card from slot 3
[19:42:51.921] [SEVERE ] removing card from slot 4
[19:42:52.031] [SEVERE ] removing card from slot 5
[19:42:52.142] [SEVERE ] removing card from slot 6
[19:42:52.250] [SEVERE ] removing player 2 token from slot 7
[19:42:52.250] [SEVERE ] removing card from slot 7
[19:42:52.360] [SEVERE ] removing card from slot 8
[19:42:52.470] [SEVERE ] removing card from slot 9
[19:42:52.579] [SEVERE ] removing player 2 token from slot 10
[19:42:52.579] [SEVERE ] removing card from slot 10
[19:42:52.689] [SEVERE ] removing player 2 token from slot 11
[19:42:52.689] [SEVERE ] removing card from slot 11
[19:42:52.794] [SEVERE ] placing card 44 in slot 0
[19:42:52.896] [SEVERE ] placing card 9 in slot 1
[19:42:53.010] [SEVERE ] placing card 25 in slot 2
[19:42:53.120] [SEVERE ] placing card 65 in slot 3
[19:42:53.231] [SEVERE ] placing card 12 in slot 4
[19:42:53.342] [SEVERE ] placing card 63 in slot 5
[19:42:53.445] [SEVERE ] placing card 43 in slot 6
[19:42:53.547] [SEVERE ] placing card 71 in slot 7
[19:42:53.654] [SEVERE ] placing card 37 in slot 8
[19:42:53.762] [SEVERE ] placing card 41 in slot 9
[19:42:53.864] [SEVERE ] placing card 15 in slot 10
[19:42:53.971] [SEVERE ] placing card 73 in slot 11
[19:42:53.971] [SEVERE ] player 2 placing token on slot 0
[19:42:53.971] [SEVERE ] player 2 placing token on slot 6
[19:42:53.971] [SEVERE ] player 2 placing token on slot 1
[19:42:53.971] [SEVERE ] setting player 2 freeze to 3900
[19:42:53.971] [SEVERE ] setting player 2 freeze to 3900
[19:42:53.971] [SEVERE ] updating countdown to 7396
[19:42:53.971] [SEVERE ] setting player 2 freeze to 3900
[19:42:54.172] [SEVERE ] updating countdown to 7195
[19:42:54.172] [SEVERE ] setting player 2 freeze to 3699
[19:42:54.172] [SEVERE ] updating countdown to 7195
[19:42:54.172] [SEVERE ] setting player 2 freeze to 3699
[19:42:55.179] [SEVERE ] updating countdown to 6188
[19:42:55.179] [SEVERE ] setting player 2 freeze to 2692
[19:42:55.179] [SEVERE ] updating countdown to 6188
[19:42:55.179] [SEVERE ] setting player 2 freeze to 2692
[19:42:56.189] [SEVERE ] updating countdown to 5178
[19:42:56.189] [SEVERE ] setting player 2 freeze to 1682
[19:42:56.190] [SEVERE ] updating countdown to 5177
[19:42:56.190] [SEVERE ] setting player 2 freeze to 1681
[19:42:56.976] [SEVERE ] removing player 2 token from slot 6
[19:42:56.976] [SEVERE ] player 2 placing token on slot 10
[19:42:56.976] [SEVERE ] setting player 2 freeze to 0
[19:42:56.976] [SEVERE ] setting player 2 freeze to 3900
[19:42:56.976] [SEVERE ] setting player 2 freeze to 3900
[19:42:56.976] [SEVERE ] setting player 2 freeze to 3900
[19:42:57.991] [SEVERE ] setting player 2 freeze to 2885
[19:42:57.991] [SEVERE ] setting player 2 freeze to 2885
[19:42:58.195] [SEVERE ] setting player 2 freeze to 2681
[19:42:58.195] [SEVERE ] setting player 2 freeze to 2681
[19:42:58.400] [SEVERE ] setting player 2 freeze to 2476
[19:42:58.400] [SEVERE ] setting player 2 freeze to 2476
[19:42:58.604] [SEVERE ] setting player 2 freeze to 2272
[19:42:58.604] [SEVERE ] setting player 2 freeze to 2272
[19:42:58.809] [SEVERE ] setting player 2 freeze to 2067
[19:42:58.809] [SEVERE ] setting player 2 freeze to 2067
[19:42:59.013] [SEVERE ] setting player 2 freeze to 1863
[19:42:59.013] [SEVERE ] setting player 2 freeze to 1863
[19:42:59.217] [SEVERE ] setting player 2 freeze to 1659
[19:42:59.217] [SEVERE ] setting player 2 freeze to 1659
[19:42:59.421] [SEVERE ] setting player 2 freeze to 1455
[19:42:59.421] [SEVERE ] setting player 2 freeze to 1455
[19:42:59.625] [SEVERE ] setting player 2 freeze to 1251
[19:42:59.625] [SEVERE ] setting player 2 freeze to 1251
[19:42:59.830] [SEVERE ] setting player 2 freeze to 1046
[19:42:59.830] [SEVERE ] setting player 2 freeze to 1046
[19:42:59.987] [SEVERE ] removing player 2 token from slot 1
[19:42:59.988] [SEVERE ] player 2 placing token on slot 2
[19:42:59.988] [SEVERE ] setting player 2 freeze to 0
[19:42:59.988] [SEVERE ] setting player 2 freeze to 3900
[19:42:59.988] [SEVERE ] setting player 2 freeze to 3900
[19:42:59.988] [SEVERE ] setting player 2 freeze to 3900
[19:43:00.196] [SEVERE ] setting player 2 freeze to 3692
[19:43:00.196] [SEVERE ] setting player 2 freeze to 3692
[19:43:00.400] [SEVERE ] setting player 2 freeze to 3488
[19:43:00.400] [SEVERE ] setting player 2 freeze to 3488
[19:43:00.605] [SEVERE ] setting player 2 freeze to 3283
[19:43:00.605] [SEVERE ] setting player 2 freeze to 3283
[19:43:00.811] [SEVERE ] setting player 2 freeze to 3077
[19:43:00.811] [SEVERE ] setting player 2 freeze to 3077
[19:43:01.016] [SEVERE ] setting player 2 freeze to 2872
[19:43:01.016] [SEVERE ] setting player 2 freeze to 2872
[19:43:01.220] [SEVERE ] setting player 2 freeze to 2668
[19:43:01.220] [SEVERE ] setting player 2 freeze to 2668
[19:43:01.423] [SEVERE ] updating countdown to 10000
[19:43:01.423] [SEVERE ] setting player 2 freeze to 2465
[19:43:01.423] [SEVERE ] updating countdown to 10000
[19:43:01.423] [SEVERE ] setting player 2 freeze to 2465
[19:43:01.533] [SEVERE ] removing player 2 token from slot 0
[19:43:01.533] [SEVERE ] removing card from slot 0
[19:43:01.643] [SEVERE ] removing card from slot 1
[19:43:01.753] [SEVERE ] removing player 2 token from slot 2
[19:43:01.753] [SEVERE ] removing card from slot 2
[19:43:01.864] [SEVERE ] removing card from slot 3
[19:43:01.974] [SEVERE ] removing card from slot 4
[19:43:02.084] [SEVERE ] removing card from slot 5
[19:43:02.195] [SEVERE ] removing card from slot 6
[19:43:02.305] [SEVERE ] removing card from slot 7
[19:43:02.416] [SEVERE ] removing card from slot 8
[19:43:02.526] [SEVERE ] removing card from slot 9
[19:43:02.636] [SEVERE ] removing player 2 token from slot 10
[19:43:02.636] [SEVERE ] removing card from slot 10
[19:43:02.746] [SEVERE ] removing card from slot 11
[19:43:02.856] [SEVERE ] placing card 32 in slot 0
[19:43:02.965] [SEVERE ] placing card 74 in slot 1
[19:43:03.078] [SEVERE ] placing card 51 in slot 2
[19:43:03.189] [SEVERE ] placing card 27 in slot 3
[19:43:03.299] [SEVERE ] placing card 34 in slot 4
[19:43:03.408] [SEVERE ] placing card 39 in slot 5
[19:43:03.518] [SEVERE ] placing card 46 in slot 6
[19:43:03.628] [SEVERE ] placing card 30 in slot 7
[19:43:03.738] [SEVERE ] placing card 65 in slot 8
[19:43:03.847] [SEVERE ] placing card 73 in slot 9
[19:43:03.957] [SEVERE ] placing card 6 in slot 10
[19:43:04.067] [SEVERE ] placing card 2 in slot 11
[19:43:04.067] [SEVERE ] player 2 placing token on slot 4
[19:43:04.067] [SEVERE ] player 2 placing token on slot 8
[19:43:04.067] [SEVERE ] removing player 2 token from slot 8
[19:43:04.067] [SEVERE ] removing player 2 token from slot 4
[19:43:04.067] [SEVERE ] player 2 placing token on slot 8
[19:43:04.067] [SEVERE ] player 2 placing token on slot 5
[19:43:04.067] [SEVERE ] player 2 placing token on slot 3
[19:43:04.067] [SEVERE ] setting player 2 freeze to 3900
[19:43:04.067] [SEVERE ] setting player 2 freeze to 3900
[19:43:04.067] [SEVERE ] updating countdown to 7356
[19:43:04.067] [SEVERE ] setting player 2 freeze to 3900
[19:43:04.279] [SEVERE ] updating countdown to 7144
[19:43:04.279] [SEVERE ] setting player 2 freeze to 3688
[19:43:04.279] [SEVERE ] updating countdown to 7144
[19:43:04.279] [SEVERE ] setting player 2 freeze to 3688
[19:43:05.283] [SEVERE ] updating countdown to 6140
[19:43:05.283] [SEVERE ] setting player 2 freeze to 2684
[19:43:05.283] [SEVERE ] updating countdown to 6140
[19:43:05.283] [SEVERE ] setting player 2 freeze to 2684
[19:43:06.287] [SEVERE ] updating countdown to 5136
[19:43:06.287] [SEVERE ] setting player 2 freeze to 1680
[19:43:06.287] [SEVERE ] updating countdown to 5136
[19:43:06.287] [SEVERE ] setting player 2 freeze to 1680
[19:43:07.071] [SEVERE ] removing player 2 token from slot 8
[19:43:07.071] [SEVERE ] player 2 placing token on slot 0
[19:43:07.071] [SEVERE ] setting player 2 freeze to 0
[19:43:07.071] [SEVERE ] setting player 2 freeze to 3900
[19:43:07.071] [SEVERE ] setting player 2 freeze to 3900
[19:43:07.071] [SEVERE ] setting player 2 freeze to 3900
[19:43:08.079] [SEVERE ] setting player 2 freeze to 2892
[19:43:08.079] [SEVERE ] setting player 2 freeze to 2892
[19:43:08.283] [SEVERE ] setting player 2 freeze to 2688
[19:43:08.283] [SEVERE ] setting player 2 freeze to 2688
[19:43:08.487] [SEVERE ] setting player 2 freeze to 2484
[19:43:08.487] [SEVERE ] setting player 2 freeze to 2484
[19:43:08.691] [SEVERE ] setting player 2 freeze to 2280
[19:43:08.691] [SEVERE ] setting player 2 freeze to 2280
[19:43:08.895] [SEVERE ] setting player 2 freeze to 2076
[19:43:08.895] [SEVERE ] setting player 2 freeze to 2076
[19:43:09.099] [SEVERE ] setting player 2 freeze to 1872
[19:43:09.099] [SEVERE ] setting player 2 freeze to 1872
[19:43:09.303] [SEVERE ] setting player 2 freeze to 1668
[19:43:09.303] [SEVERE ] setting player 2 freeze to 1668
[19:43:09.506] [SEVERE ] setting player 2 freeze to 1465
[19:43:09.506] [SEVERE ] setting player 2 freeze to 1465
[19:43:09.710] [SEVERE ] setting player 2 freeze to 1261
[19:43:09.710] [SEVERE ] setting player 2 freeze to 1261
[19:43:09.914] [SEVERE ] setting player 2 freeze to 1057
[19:43:09.914] [SEVERE ] setting player 2 freeze to 1057
[19:43:10.073] [SEVERE ] removing player 2 token from slot 3
[19:43:10.073] [SEVERE ] player 2 placing token on slot 2
[19:43:10.073] [SEVERE ] setting player 2 freeze to 0
[19:43:10.073] [SEVERE ] setting player 2 freeze to 3900
[19:43:10.073] [SEVERE ] setting player 2 freeze to 3900
[19:43:10.073] [SEVERE ] setting player 2 freeze to 3900
[19:43:10.279] [SEVERE ] setting player 2 freeze to 3694
[19:43:10.279] [SEVERE ] setting player 2 freeze to 3694
[19:43:10.483] [SEVERE ] setting player 2 freeze to 3490
[19:43:10.483] [SEVERE ] setting player 2 freeze to 3490
[19:43:10.686] [SEVERE ] setting player 2 freeze to 3287
[19:43:10.686] [SEVERE ] setting player 2 freeze to 3287
[19:43:10.890] [SEVERE ] setting player 2 freeze to 3083
[19:43:10.890] [SEVERE ] setting player 2 freeze to 3083
[19:43:11.095] [SEVERE ] setting player 2 freeze to 2878
[19:43:11.095] [SEVERE ] setting player 2 freeze to 2878
[19:43:11.299] [SEVERE ] setting player 2 freeze to 2674
[19:43:11.299] [SEVERE ] setting player 2 freeze to 2674
[19:43:11.503] [SEVERE ] updating countdown to 10000
[19:43:11.503] [SEVERE ] setting player 2 freeze to 2470
[19:43:11.503] [SEVERE ] updating countdown to 10000
[19:43:11.503] [SEVERE ] setting player 2 freeze to 2470
[19:43:11.613] [SEVERE ] removing player 2 token from slot 0
[19:43:11.613] [SEVERE ] removing card from slot 0
[19:43:11.722] [SEVERE ] removing card from slot 1
[19:43:11.832] [SEVERE ] removing player 2 token from slot 2
[19:43:11.832] [SEVERE ] removing card from slot 2
[19:43:11.942] [SEVERE ] removing card from slot 3
[19:43:12.052] [SEVERE ] removing card from slot 4
[19:43:12.161] [SEVERE ] removing player 2 token from slot 5
[19:43:12.161] [SEVERE ] removing card from slot 5
[19:43:12.271] [SEVERE ] removing card from slot 6
[19:43:12.381] [SEVERE ] removing card from slot 7
[19:43:12.490] [SEVERE ] removing card from slot 8
[19:43:12.600] [SEVERE ] removing card from slot 9
[19:43:12.710] [SEVERE ] removing card from slot 10
[19:43:12.820] [SEVERE ] removing card from slot 11
[19:43:12.930] [SEVERE ] placing card 3 in slot 0
[19:43:13.040] [SEVERE ] placing card 63 in slot 1
[19:43:13.145] [SEVERE ] placing card 51 in slot 2
[19:43:13.249] [SEVERE ] placing card 32 in slot 3
[19:43:13.358] [SEVERE ] placing card 17 in slot 4
[19:43:13.468] [SEVERE ] placing card 45 in slot 5
[19:43:13.578] [SEVERE ] placing card 25 in slot 6
[19:43:13.688] [SEVERE ] placing card 12 in slot 7
[19:43:13.798] [SEVERE ] placing card 56 in slot 8
[19:43:13.908] [SEVERE ] placing card 38 in slot 9
[19:43:14.018] [SEVERE ] placing card 19 in slot 10
[19:43:14.127] [SEVERE ] placing card 30 in slot 11
[19:43:14.127] [SEVERE ] player 2 placing token on slot 0
[19:43:14.127] [SEVERE ] player 2 placing token on slot 10
[19:43:14.127] [SEVERE ] player 2 placing token on slot 3
[19:43:14.127] [SEVERE ] setting player 2 freeze to 3900
[19:43:14.127] [SEVERE ] setting player 2 freeze to 3900
[19:43:14.127] [SEVERE ] updating countdown to 7376
[19:43:14.127] [SEVERE ] setting player 2 freeze to 3900
[19:43:14.330] [SEVERE ] updating countdown to 7173
[19:43:14.330] [SEVERE ] setting player 2 freeze to 3697
[19:43:14.330] [SEVERE ] updating countdown to 7173
[19:43:14.330] [SEVERE ] setting player 2 freeze to 3697
[19:43:15.334] [SEVERE ] updating countdown to 6169
[19:43:15.334] [SEVERE ] setting player 2 freeze to 2693
[19:43:15.334] [SEVERE ] updating countdown to 6169
[19:43:15.334] [SEVERE ] setting player 2 freeze to 2693
[19:43:16.338] [SEVERE ] updating countdown to 5165
[19:43:16.338] [SEVERE ] setting player 2 freeze to 1689
[19:43:16.338] [SEVERE ] updating countdown to 5165
[19:43:16.338] [SEVERE ] setting player 2 freeze to 1689
[19:43:17.138] [SEVERE ] removing player 2 token from slot 10
[19:43:17.138] [SEVERE ] player 2 placing token on slot 2
[19:43:17.138] [SEVERE ] setting player 2 freeze to 0
[19:43:17.138] [SEVERE ] setting player 2 freeze to 3900
[19:43:17.138] [SEVERE ] setting player 2 freeze to 3900
[19:43:17.138] [SEVERE ] setting player 2 freeze to 3900
[19:43:18.145] [SEVERE ] setting player 2 freeze to 2893
[19:43:18.145] [SEVERE ] setting player 2 freeze to 2893
[19:43:18.349] [SEVERE ] setting player 2 freeze to 2689
[19:43:18.349] [SEVERE ] setting player 2 freeze to 2689
[19:43:18.553] [SEVERE ] setting player 2 freeze to 2485
[19:43:18.553] [SEVERE ] setting player 2 freeze to 2485
[19:43:18.757] [SEVERE ] setting player 2 freeze to 2281
[19:43:18.757] [SEVERE ] setting player 2 freeze to 2281
[19:43:18.961] [SEVERE ] setting player 2 freeze to 2077
[19:43:18.961] [SEVERE ] setting player 2 freeze to 2077
[19:43:19.165] [SEVERE ] setting player 2 freeze to 1873
[19:43:19.165] [SEVERE ] setting player 2 freeze to 1873
[19:43:19.369] [SEVERE ] setting player 2 freeze to 1669
[19:43:19.369] [SEVERE ] setting player 2 freeze to 1669
[19:43:19.572] [SEVERE ] setting player 2 freeze to 1466
[19:43:19.572] [SEVERE ] setting player 2 freeze to 1466
[19:43:19.776] [SEVERE ] setting player 2 freeze to 1262
[19:43:19.776] [SEVERE ] setting player 2 freeze to 1262
[19:43:19.980] [SEVERE ] setting player 2 freeze to 1058
[19:43:19.980] [SEVERE ] setting player 2 freeze to 1058
[19:43:20.152] [SEVERE ] removing player 2 token from slot 2
[19:43:20.152] [SEVERE ] removing player 2 token from slot 3
[19:43:20.152] [SEVERE ] player 2 placing token on slot 8
[19:43:20.152] [SEVERE ] player 2 placing token on slot 6
[19:43:20.152] [SEVERE ] setting player 2 freeze to 0
[19:43:20.152] [SEVERE ] setting player 2 freeze to 3900
[19:43:20.152] [SEVERE ] setting player 2 freeze to 3900
[19:43:20.152] [SEVERE ] setting player 2 freeze to 3900
[19:43:20.362] [SEVERE ] setting player 2 freeze to 3690
[19:43:20.362] [SEVERE ] setting player 2 freeze to 3690
[19:43:20.566] [SEVERE ] setting player 2 freeze to 3486
[19:43:20.566] [SEVERE ] setting player 2 freeze to 3486
[19:43:20.770] [SEVERE ] setting player 2 freeze to 3282
[19:43:20.770] [SEVERE ] setting player 2 freeze to 3282
[19:43:20.974] [SEVERE ] setting player 2 freeze to 3078
[19:43:20.974] [SEVERE ] setting player 2 freeze to 3078
[19:43:21.178] [SEVERE ] setting player 2 freeze to 2874
[19:43:21.178] [SEVERE ] setting player 2 freeze to 2874
[19:43:21.382] [SEVERE ] setting player 2 freeze to 2670
[19:43:21.382] [SEVERE ] setting player 2 freeze to 2670
[19:43:21.586] [SEVERE ] updating countdown to 10000
[19:43:21.586] [SEVERE ] setting player 2 freeze to 2466
[19:43:21.586] [SEVERE ] updating countdown to 10000
[19:43:21.586] [SEVERE ] setting player 2 freeze to 2466
[19:43:21.696] [SEVERE ] removing player 2 token from slot 0
[19:43:21.696] [SEVERE ] removing card from slot 0
[19:43:21.806] [SEVERE ] removing card from slot 1
[19:43:21.915] [SEVERE ] removing card from slot 2
[19:43:22.025] [SEVERE ] removing card from slot 3
[19:43:22.135] [SEVERE ] removing card from slot 4
[19:43:22.245] [SEVERE ] removing card from slot 5
[19:43:22.354] [SEVERE ] removing player 2 token from slot 6
[19:43:22.354] [SEVERE ] removing card from slot 6
[19:43:22.464] [SEVERE ] removing card from slot 7
[19:43:22.574] [SEVERE ] removing player 2 token from slot 8
[19:43:22.574] [SEVERE ] removing card from slot 8
[19:43:22.684] [SEVERE ] removing card from slot 9
[19:43:22.794] [SEVERE ] removing card from slot 10
[19:43:22.903] [SEVERE ] removing card from slot 11
[19:43:23.013] [SEVERE ] placing card 45 in slot 0
[19:43:23.123] [SEVERE ] placing card 9 in slot 1
[19:43:23.237] [SEVERE ] placing card 57 in slot 2
[19:43:23.347] [SEVERE ] placing card 33 in slot 3
[19:43:23.457] [SEVERE ] placing card 77 in slot 4
[19:43:23.566] [SEVERE ] placing card 35 in slot 5
[19:43:23.676] [SEVERE ] placing card 41 in slot 6
[19:43:23.786] [SEVERE ] placing card 10 in slot 7
[19:43:23.896] [SEVERE ] placing card 16 in slot 8
[19:43:24.005] [SEVERE ] placing card 55 in slot 9
[19:43:24.115] [SEVERE ] placing card 52 in slot 10
[19:43:24.225] [SEVERE ] placing card 5 in slot 11
[19:43:24.225] [SEVERE ] player 2 placing token on slot 11
[19:43:24.225] [SEVERE ] player 2 placing token on slot 2
[19:43:24.225] [SEVERE ] player 2 placing token on slot 0
[19:43:24.225] [SEVERE ] setting player 2 freeze to 3900
[19:43:24.225] [SEVERE ] setting player 2 freeze to 3900
[19:43:24.225] [SEVERE ] updating countdown to 7361
[19:43:24.225] [SEVERE ] setting player 2 freeze to 3900
[19:43:24.438] [SEVERE ] updating countdown to 7148
[19:43:24.438] [SEVERE ] setting player 2 freeze to 3687
[19:43:24.438] [SEVERE ] updating countdown to 7148
[19:43:24.438] [SEVERE ] setting player 2 freeze to 3687
[19:43:25.441] [SEVERE ] updating countdown to 6145
[19:43:25.441] [SEVERE ] setting player 2 freeze to 2684
[19:43:25.441] [SEVERE ] updating countdown to 6145
[19:43:25.441] [SEVERE ] setting player 2 freeze to 2684
[19:43:26.445] [SEVERE ] updating countdown to 5141
[19:43:26.445] [SEVERE ] setting player 2 freeze to 1680
[19:43:26.445] [SEVERE ] updating countdown to 5141
[19:43:26.445] [SEVERE ] setting player 2 freeze to 1680
[19:43:27.229] [SEVERE ] removing player 2 token from slot 2
[19:43:27.230] [SEVERE ] removing player 2 token from slot 0
[19:43:27.230] [SEVERE ] player 2 placing token on slot 4
[19:43:27.230] [SEVERE ] player 2 placing token on slot 6
[19:43:27.230] [SEVERE ] setting player 2 freeze to 0
[19:43:27.343] [SEVERE ] removing player 2 token from slot 11
[19:43:27.343] [SEVERE ] removing card from slot 11
[19:43:27.453] [SEVERE ] removing player 2 token from slot 4
[19:43:27.453] [SEVERE ] removing card from slot 4
[19:43:27.563] [SEVERE ] removing player 2 token from slot 6
[19:43:27.563] [SEVERE ] removing card from slot 6
[19:43:27.673] [SEVERE ] placing card 4 in slot 4
[19:43:27.782] [SEVERE ] placing card 14 in slot 6
[19:43:27.892] [SEVERE ] placing card 46 in slot 11
[19:43:27.892] [SEVERE ] updating countdown to 10000
[19:43:27.892] [SEVERE ] setting player 2 score to 1
[19:43:27.892] [SEVERE ] setting player 2 freeze to 1900
[19:43:27.892] [SEVERE ] setting player 2 freeze to 1900
[19:43:27.892] [SEVERE ] updating countdown to 10000
[19:43:27.892] [SEVERE ] setting player 2 freeze to 1900
[19:43:28.895] [SEVERE ] updating countdown to 8997
[19:43:28.895] [SEVERE ] setting player 2 freeze to 0
[19:43:28.895] [SEVERE ] updating countdown to 8997
[19:43:28.897] [SEVERE ] player 2 placing token on slot 0
[19:43:28.897] [SEVERE ] player 2 placing token on slot 11
[19:43:28.897] [SEVERE ] player 2 placing token on slot 4
[19:43:28.897] [SEVERE ] updating countdown to 8995
[19:43:28.897] [SEVERE ] setting player 2 freeze to 3900
[19:43:28.897] [SEVERE ] setting player 2 freeze to 3900
[19:43:28.897] [SEVERE ] updating countdown to 8995
[19:43:28.897] [SEVERE ] setting player 2 freeze to 3900
[19:43:29.903] [SEVERE ] updating countdown to 7989
[19:43:29.903] [SEVERE ] setting player 2 freeze to 2894
[19:43:29.903] [SEVERE ] updating countdown to 7989
[19:43:29.903] [SEVERE ] setting player 2 freeze to 2894
[19:43:30.908] [SEVERE ] updating countdown to 6984
[19:43:30.908] [SEVERE ] setting player 2 freeze to 1889
[19:43:30.908] [SEVERE ] updating countdown to 6984
[19:43:30.908] [SEVERE ] setting player 2 freeze to 1889
[19:43:31.739] [SEVERE ] exit button pressed
[19:43:31.739] [INFO   ] thread computer-1 terminated.
[19:43:31.739] [INFO   ] thread Thread-0 terminated.
[19:43:31.917] [SEVERE ] updating countdown to 5975
[19:43:31.917] [SEVERE ] setting player 2 freeze to 0
[19:43:31.917] [SEVERE ] updating countdown to 5975
[19:43:31.917] [SEVERE ] updating countdown to 5975
[19:43:32.029] [SEVERE ] removing player 2 token from slot 0
[19:43:32.029] [SEVERE ] removing card from slot 0
[19:43:32.139] [SEVERE ] removing card from slot 1
[19:43:32.250] [SEVERE ] removing card from slot 2
[19:43:32.360] [SEVERE ] removing card from slot 3
[19:43:32.470] [SEVERE ] removing player 2 token from slot 4
[19:43:32.470] [SEVERE ] removing card from slot 4
[19:43:32.580] [SEVERE ] removing card from slot 5
[19:43:32.690] [SEVERE ] removing card from slot 6
[19:43:32.799] [SEVERE ] removing card from slot 7
[19:43:32.909] [SEVERE ] removing card from slot 8
[19:43:33.019] [SEVERE ] removing card from slot 9
[19:43:33.129] [SEVERE ] removing card from slot 10
[19:43:33.239] [SEVERE ] removing player 2 token from slot 11
[19:43:33.239] [SEVERE ] removing card from slot 11
[19:43:33.239] [SEVERE ] announcing winner(s): player 2
[19:43:33.239] [INFO   ] thread dealer terminated.
[19:43:33.239] [INFO   ] thread dealer terminated.
[19:43:33.239] [SEVERE ] thanks for playing... it was fun!
[19:43:33.239] [INFO   ] thread Thread-1 terminated.
[19:43:33.239] [INFO   ] thread main terminated.
