[21:04:36.530] [INFO   ] thread main starting.
[21:04:36.535] [SEVERE ] cannot read configuration file config.properties trying from resources.
[21:04:36.538] [SEVERE ] configuration file was loaded from resources directory.
[21:04:36.890] [INFO   ] thread dealer starting.
[21:04:36.891] [INFO   ] thread dealer starting.
[21:04:36.892] [SEVERE ] updating countdown to 60000
[21:04:36.892] [INFO   ] thread Thread-0 starting.
[21:04:36.892] [INFO   ] thread Thread-1 starting.
[21:04:36.893] [INFO   ] thread computer-1 starting.
[21:04:37.005] [SEVERE ] updating countdown to 59887
[21:04:37.116] [SEVERE ] placing card 69 in slot 0
[21:04:37.226] [SEVERE ] placing card 33 in slot 1
[21:04:37.337] [SEVERE ] placing card 20 in slot 2
[21:04:37.448] [SEVERE ] placing card 22 in slot 3
[21:04:37.560] [SEVERE ] placing card 26 in slot 4
[21:04:37.671] [SEVERE ] placing card 52 in slot 5
[21:04:37.781] [SEVERE ] placing card 40 in slot 6
[21:04:37.892] [SEVERE ] placing card 37 in slot 7
[21:04:38.002] [SEVERE ] placing card 17 in slot 8
[21:04:38.113] [SEVERE ] placing card 64 in slot 9
[21:04:38.223] [SEVERE ] placing card 79 in slot 10
[21:04:38.334] [SEVERE ] placing card 1 in slot 11
[21:04:38.334] [SEVERE ] player 2 placing token on slot 11
[21:04:38.335] [SEVERE ] player 2 placing token on slot 4
[21:04:38.335] [SEVERE ] player 2 placing token on slot 9
[21:04:38.339] [SEVERE ] updating countdown to 58553
[21:04:38.340] [SEVERE ] setting player 2 freeze to 3900
[21:04:38.340] [SEVERE ] setting player 2 freeze to 3900
[21:04:38.863] [SEVERE ] updating countdown to 58029
[21:04:38.863] [SEVERE ] setting player 2 freeze to 3377
[21:04:38.865] [SEVERE ] updating countdown to 58027
[21:04:38.865] [SEVERE ] setting player 2 freeze to 3375
[21:04:38.866] [SEVERE ] updating countdown to 58026
[21:04:38.866] [SEVERE ] setting player 2 freeze to 3374
[21:04:38.867] [SEVERE ] updating countdown to 58025
[21:04:38.867] [SEVERE ] setting player 2 freeze to 3373
[21:04:38.868] [SEVERE ] updating countdown to 58024
[21:04:38.868] [SEVERE ] setting player 2 freeze to 3372
[21:04:38.869] [SEVERE ] updating countdown to 58023
[21:04:38.870] [SEVERE ] setting player 2 freeze to 3371
[21:04:38.870] [SEVERE ] updating countdown to 58022
[21:04:38.870] [SEVERE ] setting player 2 freeze to 3370
[21:04:38.871] [SEVERE ] updating countdown to 58021
[21:04:38.871] [SEVERE ] setting player 2 freeze to 3369
[21:04:38.872] [SEVERE ] updating countdown to 58020
[21:04:38.872] [SEVERE ] setting player 2 freeze to 3368
[21:04:38.874] [SEVERE ] updating countdown to 58018
[21:04:38.874] [SEVERE ] setting player 2 freeze to 3366
[21:04:38.875] [SEVERE ] updating countdown to 58017
[21:04:38.875] [SEVERE ] setting player 2 freeze to 3365
[21:04:38.876] [SEVERE ] updating countdown to 58016
[21:04:38.876] [SEVERE ] setting player 2 freeze to 3364
[21:04:38.877] [SEVERE ] updating countdown to 58015
[21:04:38.877] [SEVERE ] setting player 2 freeze to 3363
[21:04:38.879] [SEVERE ] updating countdown to 58013
[21:04:38.879] [SEVERE ] setting player 2 freeze to 3361
[21:04:38.881] [SEVERE ] updating countdown to 58011
[21:04:38.881] [SEVERE ] setting player 2 freeze to 3359
[21:04:38.882] [SEVERE ] updating countdown to 58010
[21:04:38.882] [SEVERE ] setting player 2 freeze to 3358
[21:04:38.883] [SEVERE ] updating countdown to 58009
[21:04:38.883] [SEVERE ] setting player 2 freeze to 3357
[21:04:38.884] [SEVERE ] updating countdown to 58008
[21:04:38.884] [SEVERE ] setting player 2 freeze to 3356
[21:04:38.885] [SEVERE ] updating countdown to 58007
[21:04:38.885] [SEVERE ] setting player 2 freeze to 3355
[21:04:38.886] [SEVERE ] updating countdown to 58006
[21:04:38.887] [SEVERE ] setting player 2 freeze to 3353
[21:04:38.888] [SEVERE ] updating countdown to 58004
[21:04:38.888] [SEVERE ] setting player 2 freeze to 3352
[21:04:38.889] [SEVERE ] updating countdown to 58003
[21:04:38.889] [SEVERE ] setting player 2 freeze to 3351
[21:04:38.889] [SEVERE ] updating countdown to 58003
[21:04:38.889] [SEVERE ] setting player 2 freeze to 3351
[21:04:38.890] [SEVERE ] updating countdown to 58002
[21:04:38.890] [SEVERE ] setting player 2 freeze to 3350
[21:04:38.890] [SEVERE ] updating countdown to 58002
[21:04:38.891] [SEVERE ] setting player 2 freeze to 3349
[21:04:38.891] [SEVERE ] updating countdown to 58001
[21:04:38.891] [SEVERE ] setting player 2 freeze to 3349
[21:04:38.892] [SEVERE ] updating countdown to 58000
[21:04:38.892] [SEVERE ] setting player 2 freeze to 3348
[21:04:39.862] [SEVERE ] updating countdown to 57030
[21:04:39.862] [SEVERE ] setting player 2 freeze to 2378
[21:04:39.864] [SEVERE ] updating countdown to 57028
[21:04:39.864] [SEVERE ] setting player 2 freeze to 2376
[21:04:39.865] [SEVERE ] updating countdown to 57027
[21:04:39.865] [SEVERE ] setting player 2 freeze to 2375
[21:04:39.866] [SEVERE ] updating countdown to 57026
[21:04:39.866] [SEVERE ] setting player 2 freeze to 2374
[21:04:39.867] [SEVERE ] updating countdown to 57025
[21:04:39.867] [SEVERE ] setting player 2 freeze to 2373
[21:04:39.868] [SEVERE ] updating countdown to 57024
[21:04:39.868] [SEVERE ] setting player 2 freeze to 2372
[21:04:39.869] [SEVERE ] updating countdown to 57023
[21:04:39.869] [SEVERE ] setting player 2 freeze to 2371
[21:04:39.869] [SEVERE ] updating countdown to 57023
[21:04:39.870] [SEVERE ] setting player 2 freeze to 2370
[21:04:39.870] [SEVERE ] updating countdown to 57022
[21:04:39.871] [SEVERE ] setting player 2 freeze to 2369
[21:04:39.871] [SEVERE ] updating countdown to 57021
[21:04:39.871] [SEVERE ] setting player 2 freeze to 2369
[21:04:39.872] [SEVERE ] updating countdown to 57020
[21:04:39.872] [SEVERE ] setting player 2 freeze to 2368
[21:04:39.873] [SEVERE ] updating countdown to 57020
[21:04:39.873] [SEVERE ] setting player 2 freeze to 2367
[21:04:39.873] [SEVERE ] updating countdown to 57019
[21:04:39.873] [SEVERE ] setting player 2 freeze to 2367
[21:04:39.874] [SEVERE ] updating countdown to 57018
[21:04:39.874] [SEVERE ] setting player 2 freeze to 2366
[21:04:39.874] [SEVERE ] updating countdown to 57018
[21:04:39.875] [SEVERE ] setting player 2 freeze to 2365
[21:04:39.875] [SEVERE ] updating countdown to 57017
[21:04:39.875] [SEVERE ] setting player 2 freeze to 2365
[21:04:39.876] [SEVERE ] updating countdown to 57016
[21:04:39.876] [SEVERE ] setting player 2 freeze to 2364
[21:04:39.876] [SEVERE ] updating countdown to 57016
[21:04:39.876] [SEVERE ] setting player 2 freeze to 2364
[21:04:39.877] [SEVERE ] updating countdown to 57015
[21:04:39.877] [SEVERE ] setting player 2 freeze to 2363
[21:04:39.878] [SEVERE ] updating countdown to 57014
[21:04:39.878] [SEVERE ] setting player 2 freeze to 2362
[21:04:39.878] [SEVERE ] updating countdown to 57014
[21:04:39.878] [SEVERE ] setting player 2 freeze to 2362
[21:04:39.879] [SEVERE ] updating countdown to 57013
[21:04:39.879] [SEVERE ] setting player 2 freeze to 2361
[21:04:39.879] [SEVERE ] updating countdown to 57013
[21:04:39.880] [SEVERE ] setting player 2 freeze to 2360
[21:04:39.880] [SEVERE ] updating countdown to 57012
[21:04:39.880] [SEVERE ] setting player 2 freeze to 2360
[21:04:39.881] [SEVERE ] updating countdown to 57011
[21:04:39.881] [SEVERE ] setting player 2 freeze to 2359
[21:04:39.882] [SEVERE ] updating countdown to 57010
[21:04:39.882] [SEVERE ] setting player 2 freeze to 2358
[21:04:39.883] [SEVERE ] updating countdown to 57009
[21:04:39.883] [SEVERE ] setting player 2 freeze to 2357
[21:04:39.883] [SEVERE ] updating countdown to 57009
[21:04:39.883] [SEVERE ] setting player 2 freeze to 2357
[21:04:39.884] [SEVERE ] updating countdown to 57008
[21:04:39.884] [SEVERE ] setting player 2 freeze to 2356
[21:04:39.884] [SEVERE ] updating countdown to 57008
[21:04:39.885] [SEVERE ] setting player 2 freeze to 2355
[21:04:39.885] [SEVERE ] updating countdown to 57007
[21:04:39.885] [SEVERE ] setting player 2 freeze to 2355
[21:04:39.886] [SEVERE ] updating countdown to 57006
[21:04:39.886] [SEVERE ] setting player 2 freeze to 2354
[21:04:39.886] [SEVERE ] updating countdown to 57006
[21:04:39.886] [SEVERE ] setting player 2 freeze to 2354
[21:04:39.887] [SEVERE ] updating countdown to 57005
[21:04:39.887] [SEVERE ] setting player 2 freeze to 2353
[21:04:39.888] [SEVERE ] updating countdown to 57004
[21:04:39.888] [SEVERE ] setting player 2 freeze to 2352
[21:04:39.888] [SEVERE ] updating countdown to 57004
[21:04:39.888] [SEVERE ] setting player 2 freeze to 2352
[21:04:39.889] [SEVERE ] updating countdown to 57003
[21:04:39.889] [SEVERE ] setting player 2 freeze to 2351
[21:04:39.889] [SEVERE ] updating countdown to 57003
[21:04:39.890] [SEVERE ] setting player 2 freeze to 2350
[21:04:39.890] [SEVERE ] updating countdown to 57002
[21:04:39.890] [SEVERE ] setting player 2 freeze to 2350
[21:04:39.891] [SEVERE ] updating countdown to 57001
[21:04:39.891] [SEVERE ] setting player 2 freeze to 2349
[21:04:39.892] [SEVERE ] updating countdown to 57000
[21:04:39.892] [SEVERE ] setting player 2 freeze to 2348
[21:04:39.892] [SEVERE ] updating countdown to 57000
[21:04:39.892] [SEVERE ] setting player 2 freeze to 2348
[21:04:40.862] [SEVERE ] updating countdown to 56030
[21:04:40.862] [SEVERE ] setting player 2 freeze to 1378
[21:04:40.863] [SEVERE ] updating countdown to 56029
[21:04:40.863] [SEVERE ] setting player 2 freeze to 1377
[21:04:40.864] [SEVERE ] updating countdown to 56028
[21:04:40.864] [SEVERE ] setting player 2 freeze to 1376
[21:04:40.864] [SEVERE ] updating countdown to 56028
[21:04:40.864] [SEVERE ] setting player 2 freeze to 1376
[21:04:40.865] [SEVERE ] updating countdown to 56027
[21:04:40.865] [SEVERE ] setting player 2 freeze to 1375
[21:04:40.865] [SEVERE ] updating countdown to 56027
[21:04:40.865] [SEVERE ] setting player 2 freeze to 1375
[21:04:40.865] [SEVERE ] updating countdown to 56027
[21:04:40.865] [SEVERE ] setting player 2 freeze to 1375
[21:04:40.866] [SEVERE ] updating countdown to 56026
[21:04:40.866] [SEVERE ] setting player 2 freeze to 1374
[21:04:40.866] [SEVERE ] updating countdown to 56026
[21:04:40.866] [SEVERE ] setting player 2 freeze to 1374
[21:04:40.866] [SEVERE ] updating countdown to 56026
[21:04:40.866] [SEVERE ] setting player 2 freeze to 1374
[21:04:40.867] [SEVERE ] updating countdown to 56025
[21:04:40.867] [SEVERE ] setting player 2 freeze to 1373
[21:04:40.867] [SEVERE ] updating countdown to 56025
[21:04:40.867] [SEVERE ] setting player 2 freeze to 1373
[21:04:40.868] [SEVERE ] updating countdown to 56024
[21:04:40.868] [SEVERE ] setting player 2 freeze to 1372
[21:04:40.869] [SEVERE ] updating countdown to 56023
[21:04:40.869] [SEVERE ] setting player 2 freeze to 1371
[21:04:40.869] [SEVERE ] updating countdown to 56023
[21:04:40.869] [SEVERE ] setting player 2 freeze to 1371
[21:04:40.870] [SEVERE ] updating countdown to 56022
[21:04:40.870] [SEVERE ] setting player 2 freeze to 1370
[21:04:40.870] [SEVERE ] updating countdown to 56022
[21:04:40.870] [SEVERE ] setting player 2 freeze to 1370
[21:04:40.871] [SEVERE ] updating countdown to 56021
[21:04:40.871] [SEVERE ] setting player 2 freeze to 1369
[21:04:40.871] [SEVERE ] updating countdown to 56021
[21:04:40.871] [SEVERE ] setting player 2 freeze to 1369
[21:04:40.871] [SEVERE ] updating countdown to 56021
[21:04:40.871] [SEVERE ] setting player 2 freeze to 1369
[21:04:40.872] [SEVERE ] updating countdown to 56020
[21:04:40.872] [SEVERE ] setting player 2 freeze to 1368
[21:04:40.873] [SEVERE ] updating countdown to 56019
[21:04:40.873] [SEVERE ] setting player 2 freeze to 1367
[21:04:40.873] [SEVERE ] updating countdown to 56019
[21:04:40.873] [SEVERE ] setting player 2 freeze to 1367
[21:04:40.874] [SEVERE ] updating countdown to 56018
[21:04:40.874] [SEVERE ] setting player 2 freeze to 1366
[21:04:40.874] [SEVERE ] updating countdown to 56018
[21:04:40.874] [SEVERE ] setting player 2 freeze to 1366
[21:04:40.874] [SEVERE ] updating countdown to 56018
[21:04:40.875] [SEVERE ] setting player 2 freeze to 1365
[21:04:40.875] [SEVERE ] updating countdown to 56017
[21:04:40.875] [SEVERE ] setting player 2 freeze to 1365
[21:04:40.875] [SEVERE ] updating countdown to 56017
[21:04:40.875] [SEVERE ] setting player 2 freeze to 1365
[21:04:40.876] [SEVERE ] updating countdown to 56016
[21:04:40.876] [SEVERE ] setting player 2 freeze to 1364
[21:04:40.876] [SEVERE ] updating countdown to 56016
[21:04:40.876] [SEVERE ] setting player 2 freeze to 1364
[21:04:40.877] [SEVERE ] updating countdown to 56015
[21:04:40.877] [SEVERE ] setting player 2 freeze to 1363
[21:04:40.877] [SEVERE ] updating countdown to 56015
[21:04:40.877] [SEVERE ] setting player 2 freeze to 1363
[21:04:40.878] [SEVERE ] updating countdown to 56014
[21:04:40.878] [SEVERE ] setting player 2 freeze to 1362
[21:04:40.879] [SEVERE ] updating countdown to 56013
[21:04:40.879] [SEVERE ] setting player 2 freeze to 1361
[21:04:40.879] [SEVERE ] updating countdown to 56013
[21:04:40.879] [SEVERE ] setting player 2 freeze to 1361
[21:04:40.880] [SEVERE ] updating countdown to 56012
[21:04:40.880] [SEVERE ] setting player 2 freeze to 1360
[21:04:40.880] [SEVERE ] updating countdown to 56012
[21:04:40.880] [SEVERE ] setting player 2 freeze to 1360
[21:04:40.881] [SEVERE ] updating countdown to 56011
[21:04:40.881] [SEVERE ] setting player 2 freeze to 1359
[21:04:40.881] [SEVERE ] updating countdown to 56011
[21:04:40.881] [SEVERE ] setting player 2 freeze to 1359
[21:04:40.882] [SEVERE ] updating countdown to 56010
[21:04:40.882] [SEVERE ] setting player 2 freeze to 1358
[21:04:40.882] [SEVERE ] updating countdown to 56010
[21:04:40.883] [SEVERE ] setting player 2 freeze to 1357
[21:04:40.884] [SEVERE ] updating countdown to 56009
[21:04:40.884] [SEVERE ] setting player 2 freeze to 1356
[21:04:40.885] [SEVERE ] updating countdown to 56007
[21:04:40.885] [SEVERE ] setting player 2 freeze to 1355
[21:04:40.885] [SEVERE ] updating countdown to 56007
[21:04:40.886] [SEVERE ] setting player 2 freeze to 1354
[21:04:40.886] [SEVERE ] updating countdown to 56006
[21:04:40.886] [SEVERE ] setting player 2 freeze to 1354
[21:04:40.887] [SEVERE ] updating countdown to 56005
[21:04:40.887] [SEVERE ] setting player 2 freeze to 1353
[21:04:40.888] [SEVERE ] updating countdown to 56004
[21:04:40.888] [SEVERE ] setting player 2 freeze to 1352
[21:04:40.889] [SEVERE ] updating countdown to 56003
[21:04:40.889] [SEVERE ] setting player 2 freeze to 1351
[21:04:40.889] [SEVERE ] updating countdown to 56003
[21:04:40.890] [SEVERE ] setting player 2 freeze to 1350
[21:04:40.890] [SEVERE ] updating countdown to 56002
[21:04:40.890] [SEVERE ] setting player 2 freeze to 1350
[21:04:40.891] [SEVERE ] updating countdown to 56001
[21:04:40.891] [SEVERE ] setting player 2 freeze to 1349
[21:04:40.892] [SEVERE ] updating countdown to 56000
[21:04:40.892] [SEVERE ] setting player 2 freeze to 1348
[21:04:40.893] [SEVERE ] updating countdown to 55999
[21:04:40.894] [SEVERE ] setting player 2 freeze to 1346
[21:04:41.349] [SEVERE ] removing player 2 token from slot 9
[21:04:41.349] [SEVERE ] player 2 placing token on slot 6
[21:04:41.350] [SEVERE ] updating countdown to 55542
[21:04:41.350] [SEVERE ] setting player 2 freeze to 0
[21:04:41.350] [SEVERE ] setting player 2 freeze to 3900
[21:04:41.350] [SEVERE ] setting player 2 freeze to 3900
[21:04:41.863] [SEVERE ] updating countdown to 55029
[21:04:41.863] [SEVERE ] setting player 2 freeze to 3387
[21:04:41.863] [SEVERE ] updating countdown to 55029
[21:04:41.863] [SEVERE ] setting player 2 freeze to 3387
[21:04:41.863] [SEVERE ] updating countdown to 55029
[21:04:41.863] [SEVERE ] setting player 2 freeze to 3387
[21:04:41.864] [SEVERE ] updating countdown to 55028
[21:04:41.864] [SEVERE ] setting player 2 freeze to 3386
[21:04:41.864] [SEVERE ] updating countdown to 55028
[21:04:41.864] [SEVERE ] setting player 2 freeze to 3386
[21:04:41.865] [SEVERE ] updating countdown to 55027
[21:04:41.865] [SEVERE ] setting player 2 freeze to 3385
[21:04:41.865] [SEVERE ] updating countdown to 55027
[21:04:41.865] [SEVERE ] setting player 2 freeze to 3385
[21:04:41.866] [SEVERE ] updating countdown to 55026
[21:04:41.866] [SEVERE ] setting player 2 freeze to 3384
[21:04:41.866] [SEVERE ] updating countdown to 55026
[21:04:41.866] [SEVERE ] setting player 2 freeze to 3384
[21:04:41.866] [SEVERE ] updating countdown to 55026
[21:04:41.866] [SEVERE ] setting player 2 freeze to 3384
[21:04:41.866] [SEVERE ] updating countdown to 55026
[21:04:41.866] [SEVERE ] setting player 2 freeze to 3384
[21:04:41.867] [SEVERE ] updating countdown to 55025
[21:04:41.867] [SEVERE ] setting player 2 freeze to 3383
[21:04:41.867] [SEVERE ] updating countdown to 55025
[21:04:41.867] [SEVERE ] setting player 2 freeze to 3383
[21:04:41.867] [SEVERE ] updating countdown to 55025
[21:04:41.867] [SEVERE ] setting player 2 freeze to 3383
[21:04:41.867] [SEVERE ] updating countdown to 55025
[21:04:41.867] [SEVERE ] setting player 2 freeze to 3383
[21:04:41.868] [SEVERE ] updating countdown to 55024
[21:04:41.868] [SEVERE ] setting player 2 freeze to 3382
[21:04:41.868] [SEVERE ] updating countdown to 55024
[21:04:41.868] [SEVERE ] setting player 2 freeze to 3382
[21:04:41.868] [SEVERE ] updating countdown to 55024
[21:04:41.868] [SEVERE ] setting player 2 freeze to 3382
[21:04:41.868] [SEVERE ] updating countdown to 55024
[21:04:41.868] [SEVERE ] setting player 2 freeze to 3382
[21:04:41.868] [SEVERE ] updating countdown to 55024
[21:04:41.869] [SEVERE ] setting player 2 freeze to 3381
[21:04:41.869] [SEVERE ] updating countdown to 55023
[21:04:41.869] [SEVERE ] setting player 2 freeze to 3381
[21:04:41.869] [SEVERE ] updating countdown to 55023
[21:04:41.869] [SEVERE ] setting player 2 freeze to 3381
[21:04:41.869] [SEVERE ] updating countdown to 55023
[21:04:41.869] [SEVERE ] setting player 2 freeze to 3381
[21:04:41.869] [SEVERE ] updating countdown to 55023
[21:04:41.869] [SEVERE ] setting player 2 freeze to 3381
[21:04:41.870] [SEVERE ] updating countdown to 55022
[21:04:41.870] [SEVERE ] setting player 2 freeze to 3380
[21:04:41.870] [SEVERE ] updating countdown to 55022
[21:04:41.870] [SEVERE ] setting player 2 freeze to 3380
[21:04:41.870] [SEVERE ] updating countdown to 55022
[21:04:41.870] [SEVERE ] setting player 2 freeze to 3380
[21:04:41.870] [SEVERE ] updating countdown to 55022
[21:04:41.870] [SEVERE ] setting player 2 freeze to 3380
[21:04:41.870] [SEVERE ] updating countdown to 55022
[21:04:41.870] [SEVERE ] setting player 2 freeze to 3380
[21:04:41.872] [SEVERE ] updating countdown to 55020
[21:04:41.872] [SEVERE ] setting player 2 freeze to 3378
[21:04:41.872] [SEVERE ] updating countdown to 55020
[21:04:41.872] [SEVERE ] setting player 2 freeze to 3378
[21:04:41.873] [SEVERE ] updating countdown to 55019
[21:04:41.873] [SEVERE ] setting player 2 freeze to 3377
[21:04:41.873] [SEVERE ] updating countdown to 55019
[21:04:41.873] [SEVERE ] setting player 2 freeze to 3377
[21:04:41.873] [SEVERE ] updating countdown to 55019
[21:04:41.873] [SEVERE ] setting player 2 freeze to 3377
[21:04:41.874] [SEVERE ] updating countdown to 55018
[21:04:41.874] [SEVERE ] setting player 2 freeze to 3376
[21:04:41.874] [SEVERE ] updating countdown to 55018
[21:04:41.874] [SEVERE ] setting player 2 freeze to 3376
[21:04:41.874] [SEVERE ] updating countdown to 55018
[21:04:41.874] [SEVERE ] setting player 2 freeze to 3376
[21:04:41.874] [SEVERE ] updating countdown to 55018
[21:04:41.874] [SEVERE ] setting player 2 freeze to 3376
[21:04:41.875] [SEVERE ] updating countdown to 55017
[21:04:41.875] [SEVERE ] setting player 2 freeze to 3375
[21:04:41.875] [SEVERE ] updating countdown to 55017
[21:04:41.875] [SEVERE ] setting player 2 freeze to 3375
[21:04:41.875] [SEVERE ] updating countdown to 55017
[21:04:41.875] [SEVERE ] setting player 2 freeze to 3375
[21:04:41.875] [SEVERE ] updating countdown to 55017
[21:04:41.875] [SEVERE ] setting player 2 freeze to 3375
[21:04:41.875] [SEVERE ] updating countdown to 55017
[21:04:41.875] [SEVERE ] setting player 2 freeze to 3375
[21:04:41.875] [SEVERE ] updating countdown to 55017
[21:04:41.875] [SEVERE ] setting player 2 freeze to 3375
[21:04:41.876] [SEVERE ] updating countdown to 55016
[21:04:41.876] [SEVERE ] setting player 2 freeze to 3374
[21:04:41.876] [SEVERE ] updating countdown to 55016
[21:04:41.876] [SEVERE ] setting player 2 freeze to 3374
[21:04:41.876] [SEVERE ] updating countdown to 55016
[21:04:41.876] [SEVERE ] setting player 2 freeze to 3374
[21:04:41.877] [SEVERE ] updating countdown to 55015
[21:04:41.877] [SEVERE ] setting player 2 freeze to 3373
[21:04:41.877] [SEVERE ] updating countdown to 55015
[21:04:41.877] [SEVERE ] setting player 2 freeze to 3373
[21:04:41.877] [SEVERE ] updating countdown to 55015
[21:04:41.877] [SEVERE ] setting player 2 freeze to 3373
[21:04:41.878] [SEVERE ] updating countdown to 55014
[21:04:41.878] [SEVERE ] setting player 2 freeze to 3372
[21:04:41.878] [SEVERE ] updating countdown to 55014
[21:04:41.878] [SEVERE ] setting player 2 freeze to 3372
[21:04:41.878] [SEVERE ] updating countdown to 55014
[21:04:41.879] [SEVERE ] setting player 2 freeze to 3371
[21:04:41.879] [SEVERE ] updating countdown to 55013
[21:04:41.879] [SEVERE ] setting player 2 freeze to 3371
[21:04:41.880] [SEVERE ] updating countdown to 55012
[21:04:41.880] [SEVERE ] setting player 2 freeze to 3370
[21:04:41.881] [SEVERE ] updating countdown to 55011
[21:04:41.881] [SEVERE ] setting player 2 freeze to 3369
[21:04:41.881] [SEVERE ] updating countdown to 55011
[21:04:41.882] [SEVERE ] setting player 2 freeze to 3368
[21:04:41.882] [SEVERE ] updating countdown to 55010
[21:04:41.882] [SEVERE ] setting player 2 freeze to 3368
[21:04:41.883] [SEVERE ] updating countdown to 55009
[21:04:41.883] [SEVERE ] setting player 2 freeze to 3367
[21:04:41.883] [SEVERE ] updating countdown to 55009
[21:04:41.883] [SEVERE ] setting player 2 freeze to 3367
[21:04:41.883] [SEVERE ] updating countdown to 55009
[21:04:41.883] [SEVERE ] setting player 2 freeze to 3367
[21:04:41.884] [SEVERE ] updating countdown to 55008
[21:04:41.884] [SEVERE ] setting player 2 freeze to 3366
[21:04:41.884] [SEVERE ] updating countdown to 55008
[21:04:41.884] [SEVERE ] setting player 2 freeze to 3366
[21:04:41.884] [SEVERE ] updating countdown to 55008
[21:04:41.885] [SEVERE ] setting player 2 freeze to 3365
[21:04:41.885] [SEVERE ] updating countdown to 55007
[21:04:41.885] [SEVERE ] setting player 2 freeze to 3365
[21:04:41.885] [SEVERE ] updating countdown to 55007
[21:04:41.885] [SEVERE ] setting player 2 freeze to 3365
[21:04:41.886] [SEVERE ] updating countdown to 55006
[21:04:41.886] [SEVERE ] setting player 2 freeze to 3364
[21:04:41.886] [SEVERE ] updating countdown to 55006
[21:04:41.886] [SEVERE ] setting player 2 freeze to 3364
[21:04:41.886] [SEVERE ] updating countdown to 55006
[21:04:41.886] [SEVERE ] setting player 2 freeze to 3364
[21:04:41.887] [SEVERE ] updating countdown to 55005
[21:04:41.887] [SEVERE ] setting player 2 freeze to 3363
[21:04:41.887] [SEVERE ] updating countdown to 55005
[21:04:41.887] [SEVERE ] setting player 2 freeze to 3363
[21:04:41.887] [SEVERE ] updating countdown to 55005
[21:04:41.888] [SEVERE ] setting player 2 freeze to 3362
[21:04:41.888] [SEVERE ] updating countdown to 55004
[21:04:41.888] [SEVERE ] setting player 2 freeze to 3362
[21:04:41.889] [SEVERE ] updating countdown to 55003
[21:04:41.889] [SEVERE ] setting player 2 freeze to 3361
[21:04:41.889] [SEVERE ] updating countdown to 55003
[21:04:41.889] [SEVERE ] setting player 2 freeze to 3361
[21:04:41.889] [SEVERE ] updating countdown to 55003
[21:04:41.890] [SEVERE ] setting player 2 freeze to 3360
[21:04:41.890] [SEVERE ] updating countdown to 55002
[21:04:41.890] [SEVERE ] setting player 2 freeze to 3360
[21:04:41.890] [SEVERE ] updating countdown to 55002
[21:04:41.890] [SEVERE ] setting player 2 freeze to 3360
[21:04:41.891] [SEVERE ] updating countdown to 55001
[21:04:41.891] [SEVERE ] setting player 2 freeze to 3359
[21:04:41.891] [SEVERE ] updating countdown to 55001
[21:04:41.891] [SEVERE ] setting player 2 freeze to 3359
[21:04:41.891] [SEVERE ] updating countdown to 55001
[21:04:41.892] [SEVERE ] setting player 2 freeze to 3358
[21:04:41.892] [SEVERE ] updating countdown to 55000
[21:04:41.892] [SEVERE ] setting player 2 freeze to 3358
[21:04:41.893] [SEVERE ] updating countdown to 54999
[21:04:41.893] [SEVERE ] setting player 2 freeze to 3357
[21:04:42.863] [SEVERE ] updating countdown to 54029
[21:04:42.863] [SEVERE ] setting player 2 freeze to 2387
[21:04:42.864] [SEVERE ] updating countdown to 54028
[21:04:42.864] [SEVERE ] setting player 2 freeze to 2386
[21:04:42.864] [SEVERE ] updating countdown to 54028
[21:04:42.864] [SEVERE ] setting player 2 freeze to 2386
[21:04:42.864] [SEVERE ] updating countdown to 54028
[21:04:42.864] [SEVERE ] setting player 2 freeze to 2386
[21:04:42.865] [SEVERE ] updating countdown to 54027
[21:04:42.865] [SEVERE ] setting player 2 freeze to 2385
[21:04:42.865] [SEVERE ] updating countdown to 54027
[21:04:42.865] [SEVERE ] setting player 2 freeze to 2385
[21:04:42.866] [SEVERE ] updating countdown to 54026
[21:04:42.866] [SEVERE ] setting player 2 freeze to 2384
[21:04:42.866] [SEVERE ] updating countdown to 54026
[21:04:42.866] [SEVERE ] setting player 2 freeze to 2384
[21:04:42.867] [SEVERE ] updating countdown to 54025
[21:04:42.867] [SEVERE ] setting player 2 freeze to 2383
[21:04:42.867] [SEVERE ] updating countdown to 54025
[21:04:42.867] [SEVERE ] setting player 2 freeze to 2383
[21:04:42.868] [SEVERE ] updating countdown to 54024
[21:04:42.868] [SEVERE ] setting player 2 freeze to 2382
[21:04:42.868] [SEVERE ] updating countdown to 54024
[21:04:42.868] [SEVERE ] setting player 2 freeze to 2382
[21:04:42.869] [SEVERE ] updating countdown to 54023
[21:04:42.869] [SEVERE ] setting player 2 freeze to 2381
[21:04:42.869] [SEVERE ] updating countdown to 54023
[21:04:42.869] [SEVERE ] setting player 2 freeze to 2381
[21:04:42.869] [SEVERE ] updating countdown to 54023
[21:04:42.869] [SEVERE ] setting player 2 freeze to 2381
[21:04:42.870] [SEVERE ] updating countdown to 54022
[21:04:42.870] [SEVERE ] setting player 2 freeze to 2380
[21:04:42.871] [SEVERE ] updating countdown to 54021
[21:04:42.871] [SEVERE ] setting player 2 freeze to 2379
[21:04:42.871] [SEVERE ] updating countdown to 54021
[21:04:42.871] [SEVERE ] setting player 2 freeze to 2379
[21:04:42.872] [SEVERE ] updating countdown to 54020
[21:04:42.872] [SEVERE ] setting player 2 freeze to 2378
[21:04:42.872] [SEVERE ] updating countdown to 54020
[21:04:42.872] [SEVERE ] setting player 2 freeze to 2378
[21:04:42.872] [SEVERE ] updating countdown to 54020
[21:04:42.873] [SEVERE ] setting player 2 freeze to 2377
[21:04:42.873] [SEVERE ] updating countdown to 54019
[21:04:42.873] [SEVERE ] setting player 2 freeze to 2377
[21:04:42.873] [SEVERE ] updating countdown to 54019
[21:04:42.873] [SEVERE ] setting player 2 freeze to 2377
[21:04:42.874] [SEVERE ] updating countdown to 54018
[21:04:42.874] [SEVERE ] setting player 2 freeze to 2376
[21:04:42.874] [SEVERE ] updating countdown to 54018
[21:04:42.874] [SEVERE ] setting player 2 freeze to 2376
[21:04:42.875] [SEVERE ] updating countdown to 54017
[21:04:42.875] [SEVERE ] setting player 2 freeze to 2375
[21:04:42.875] [SEVERE ] updating countdown to 54017
[21:04:42.875] [SEVERE ] setting player 2 freeze to 2375
[21:04:42.876] [SEVERE ] updating countdown to 54016
[21:04:42.876] [SEVERE ] setting player 2 freeze to 2374
[21:04:42.876] [SEVERE ] updating countdown to 54016
[21:04:42.876] [SEVERE ] setting player 2 freeze to 2374
[21:04:42.877] [SEVERE ] updating countdown to 54015
[21:04:42.877] [SEVERE ] setting player 2 freeze to 2373
[21:04:42.877] [SEVERE ] updating countdown to 54015
[21:04:42.877] [SEVERE ] setting player 2 freeze to 2373
[21:04:42.878] [SEVERE ] updating countdown to 54014
[21:04:42.878] [SEVERE ] setting player 2 freeze to 2372
[21:04:42.878] [SEVERE ] updating countdown to 54014
[21:04:42.878] [SEVERE ] setting player 2 freeze to 2372
[21:04:42.879] [SEVERE ] updating countdown to 54013
[21:04:42.879] [SEVERE ] setting player 2 freeze to 2371
[21:04:42.879] [SEVERE ] updating countdown to 54013
[21:04:42.879] [SEVERE ] setting player 2 freeze to 2371
[21:04:42.880] [SEVERE ] updating countdown to 54012
[21:04:42.880] [SEVERE ] setting player 2 freeze to 2370
[21:04:42.880] [SEVERE ] updating countdown to 54012
[21:04:42.880] [SEVERE ] setting player 2 freeze to 2370
[21:04:42.881] [SEVERE ] updating countdown to 54011
[21:04:42.881] [SEVERE ] setting player 2 freeze to 2369
[21:04:42.881] [SEVERE ] updating countdown to 54011
[21:04:42.881] [SEVERE ] setting player 2 freeze to 2369
[21:04:42.881] [SEVERE ] updating countdown to 54011
[21:04:42.881] [SEVERE ] setting player 2 freeze to 2369
[21:04:42.882] [SEVERE ] updating countdown to 54010
[21:04:42.882] [SEVERE ] setting player 2 freeze to 2368
[21:04:42.882] [SEVERE ] updating countdown to 54010
[21:04:42.882] [SEVERE ] setting player 2 freeze to 2368
[21:04:42.883] [SEVERE ] updating countdown to 54009
[21:04:42.883] [SEVERE ] setting player 2 freeze to 2367
[21:04:42.883] [SEVERE ] updating countdown to 54009
[21:04:42.883] [SEVERE ] setting player 2 freeze to 2367
[21:04:42.884] [SEVERE ] updating countdown to 54008
[21:04:42.884] [SEVERE ] setting player 2 freeze to 2366
[21:04:42.884] [SEVERE ] updating countdown to 54008
[21:04:42.884] [SEVERE ] setting player 2 freeze to 2366
[21:04:42.885] [SEVERE ] updating countdown to 54007
[21:04:42.885] [SEVERE ] setting player 2 freeze to 2365
[21:04:42.885] [SEVERE ] updating countdown to 54007
[21:04:42.886] [SEVERE ] setting player 2 freeze to 2364
[21:04:42.887] [SEVERE ] updating countdown to 54005
[21:04:42.887] [SEVERE ] setting player 2 freeze to 2363
[21:04:42.887] [SEVERE ] updating countdown to 54005
[21:04:42.887] [SEVERE ] setting player 2 freeze to 2363
[21:04:42.888] [SEVERE ] updating countdown to 54004
[21:04:42.888] [SEVERE ] setting player 2 freeze to 2362
[21:04:42.888] [SEVERE ] updating countdown to 54004
[21:04:42.888] [SEVERE ] setting player 2 freeze to 2362
[21:04:42.889] [SEVERE ] updating countdown to 54003
[21:04:42.889] [SEVERE ] setting player 2 freeze to 2361
[21:04:42.889] [SEVERE ] updating countdown to 54003
[21:04:42.889] [SEVERE ] setting player 2 freeze to 2361
[21:04:42.890] [SEVERE ] updating countdown to 54002
[21:04:42.890] [SEVERE ] setting player 2 freeze to 2360
[21:04:42.890] [SEVERE ] updating countdown to 54002
[21:04:42.890] [SEVERE ] setting player 2 freeze to 2360
[21:04:42.890] [SEVERE ] updating countdown to 54002
[21:04:42.891] [SEVERE ] setting player 2 freeze to 2359
[21:04:42.891] [SEVERE ] updating countdown to 54001
[21:04:42.891] [SEVERE ] setting player 2 freeze to 2359
[21:04:42.891] [SEVERE ] updating countdown to 54001
[21:04:42.891] [SEVERE ] setting player 2 freeze to 2359
[21:04:42.892] [SEVERE ] updating countdown to 54000
[21:04:42.892] [SEVERE ] setting player 2 freeze to 2358
[21:04:42.892] [SEVERE ] updating countdown to 54000
[21:04:42.892] [SEVERE ] setting player 2 freeze to 2358
[21:04:43.863] [SEVERE ] updating countdown to 53029
[21:04:43.863] [SEVERE ] setting player 2 freeze to 1387
[21:04:43.864] [SEVERE ] updating countdown to 53028
[21:04:43.864] [SEVERE ] setting player 2 freeze to 1386
[21:04:43.864] [SEVERE ] updating countdown to 53028
[21:04:43.864] [SEVERE ] setting player 2 freeze to 1386
[21:04:43.864] [SEVERE ] updating countdown to 53028
[21:04:43.864] [SEVERE ] setting player 2 freeze to 1386
[21:04:43.864] [SEVERE ] updating countdown to 53028
[21:04:43.865] [SEVERE ] setting player 2 freeze to 1385
[21:04:43.865] [SEVERE ] updating countdown to 53027
[21:04:43.865] [SEVERE ] setting player 2 freeze to 1385
[21:04:43.865] [SEVERE ] updating countdown to 53027
[21:04:43.865] [SEVERE ] setting player 2 freeze to 1385
[21:04:43.866] [SEVERE ] updating countdown to 53026
[21:04:43.866] [SEVERE ] setting player 2 freeze to 1384
[21:04:43.867] [SEVERE ] updating countdown to 53025
[21:04:43.867] [SEVERE ] setting player 2 freeze to 1383
[21:04:43.867] [SEVERE ] updating countdown to 53025
[21:04:43.867] [SEVERE ] setting player 2 freeze to 1383
[21:04:43.867] [SEVERE ] updating countdown to 53025
[21:04:43.867] [SEVERE ] setting player 2 freeze to 1383
[21:04:43.867] [SEVERE ] updating countdown to 53025
[21:04:43.867] [SEVERE ] setting player 2 freeze to 1383
[21:04:43.867] [SEVERE ] updating countdown to 53025
[21:04:43.868] [SEVERE ] setting player 2 freeze to 1382
[21:04:43.868] [SEVERE ] updating countdown to 53024
[21:04:43.868] [SEVERE ] setting player 2 freeze to 1382
[21:04:43.868] [SEVERE ] updating countdown to 53024
[21:04:43.868] [SEVERE ] setting player 2 freeze to 1382
[21:04:43.868] [SEVERE ] updating countdown to 53024
[21:04:43.868] [SEVERE ] setting player 2 freeze to 1382
[21:04:43.869] [SEVERE ] updating countdown to 53023
[21:04:43.869] [SEVERE ] setting player 2 freeze to 1381
[21:04:43.869] [SEVERE ] updating countdown to 53023
[21:04:43.869] [SEVERE ] setting player 2 freeze to 1381
[21:04:43.869] [SEVERE ] updating countdown to 53023
[21:04:43.869] [SEVERE ] setting player 2 freeze to 1381
[21:04:43.870] [SEVERE ] updating countdown to 53022
[21:04:43.870] [SEVERE ] setting player 2 freeze to 1380
[21:04:43.870] [SEVERE ] updating countdown to 53022
[21:04:43.870] [SEVERE ] setting player 2 freeze to 1380
[21:04:43.870] [SEVERE ] updating countdown to 53022
[21:04:43.870] [SEVERE ] setting player 2 freeze to 1380
[21:04:43.871] [SEVERE ] updating countdown to 53021
[21:04:43.871] [SEVERE ] setting player 2 freeze to 1379
[21:04:43.871] [SEVERE ] updating countdown to 53021
[21:04:43.871] [SEVERE ] setting player 2 freeze to 1379
[21:04:43.871] [SEVERE ] updating countdown to 53021
[21:04:43.871] [SEVERE ] setting player 2 freeze to 1379
[21:04:43.871] [SEVERE ] updating countdown to 53021
[21:04:43.871] [SEVERE ] setting player 2 freeze to 1379
[21:04:43.871] [SEVERE ] updating countdown to 53021
[21:04:43.872] [SEVERE ] setting player 2 freeze to 1378
[21:04:43.872] [SEVERE ] updating countdown to 53020
[21:04:43.872] [SEVERE ] setting player 2 freeze to 1378
[21:04:43.872] [SEVERE ] updating countdown to 53020
[21:04:43.872] [SEVERE ] setting player 2 freeze to 1378
[21:04:43.872] [SEVERE ] updating countdown to 53020
[21:04:43.872] [SEVERE ] setting player 2 freeze to 1378
[21:04:43.873] [SEVERE ] updating countdown to 53019
[21:04:43.873] [SEVERE ] setting player 2 freeze to 1377
[21:04:43.873] [SEVERE ] updating countdown to 53019
[21:04:43.873] [SEVERE ] setting player 2 freeze to 1377
[21:04:43.873] [SEVERE ] updating countdown to 53019
[21:04:43.873] [SEVERE ] setting player 2 freeze to 1377
[21:04:43.874] [SEVERE ] updating countdown to 53018
[21:04:43.874] [SEVERE ] setting player 2 freeze to 1376
[21:04:43.874] [SEVERE ] updating countdown to 53018
[21:04:43.874] [SEVERE ] setting player 2 freeze to 1376
[21:04:43.874] [SEVERE ] updating countdown to 53018
[21:04:43.874] [SEVERE ] setting player 2 freeze to 1376
[21:04:43.875] [SEVERE ] updating countdown to 53017
[21:04:43.875] [SEVERE ] setting player 2 freeze to 1375
[21:04:43.875] [SEVERE ] updating countdown to 53017
[21:04:43.875] [SEVERE ] setting player 2 freeze to 1375
[21:04:43.876] [SEVERE ] updating countdown to 53016
[21:04:43.876] [SEVERE ] setting player 2 freeze to 1374
[21:04:43.876] [SEVERE ] updating countdown to 53016
[21:04:43.877] [SEVERE ] setting player 2 freeze to 1374
[21:04:43.877] [SEVERE ] updating countdown to 53015
[21:04:43.877] [SEVERE ] setting player 2 freeze to 1373
[21:04:43.877] [SEVERE ] updating countdown to 53015
[21:04:43.878] [SEVERE ] setting player 2 freeze to 1372
[21:04:43.878] [SEVERE ] updating countdown to 53014
[21:04:43.878] [SEVERE ] setting player 2 freeze to 1372
[21:04:43.879] [SEVERE ] updating countdown to 53013
[21:04:43.879] [SEVERE ] setting player 2 freeze to 1371
[21:04:43.879] [SEVERE ] updating countdown to 53013
[21:04:43.879] [SEVERE ] setting player 2 freeze to 1371
[21:04:43.879] [SEVERE ] updating countdown to 53013
[21:04:43.879] [SEVERE ] setting player 2 freeze to 1371
[21:04:43.880] [SEVERE ] updating countdown to 53012
[21:04:43.880] [SEVERE ] setting player 2 freeze to 1370
[21:04:43.880] [SEVERE ] updating countdown to 53012
[21:04:43.880] [SEVERE ] setting player 2 freeze to 1370
[21:04:43.880] [SEVERE ] updating countdown to 53012
[21:04:43.880] [SEVERE ] setting player 2 freeze to 1370
[21:04:43.881] [SEVERE ] updating countdown to 53011
[21:04:43.881] [SEVERE ] setting player 2 freeze to 1369
[21:04:43.881] [SEVERE ] updating countdown to 53011
[21:04:43.881] [SEVERE ] setting player 2 freeze to 1369
[21:04:43.881] [SEVERE ] updating countdown to 53011
[21:04:43.881] [SEVERE ] setting player 2 freeze to 1369
[21:04:43.881] [SEVERE ] updating countdown to 53011
[21:04:43.881] [SEVERE ] setting player 2 freeze to 1369
[21:04:43.881] [SEVERE ] updating countdown to 53011
[21:04:43.881] [SEVERE ] setting player 2 freeze to 1369
[21:04:43.882] [SEVERE ] updating countdown to 53010
[21:04:43.882] [SEVERE ] setting player 2 freeze to 1368
[21:04:43.882] [SEVERE ] updating countdown to 53010
[21:04:43.882] [SEVERE ] setting player 2 freeze to 1368
[21:04:43.883] [SEVERE ] updating countdown to 53009
[21:04:43.883] [SEVERE ] setting player 2 freeze to 1367
[21:04:43.883] [SEVERE ] updating countdown to 53009
[21:04:43.883] [SEVERE ] setting player 2 freeze to 1367
[21:04:43.884] [SEVERE ] updating countdown to 53008
[21:04:43.884] [SEVERE ] setting player 2 freeze to 1366
[21:04:43.884] [SEVERE ] updating countdown to 53008
[21:04:43.884] [SEVERE ] setting player 2 freeze to 1366
[21:04:43.885] [SEVERE ] updating countdown to 53007
[21:04:43.885] [SEVERE ] setting player 2 freeze to 1365
[21:04:43.886] [SEVERE ] updating countdown to 53006
[21:04:43.886] [SEVERE ] setting player 2 freeze to 1364
[21:04:43.886] [SEVERE ] updating countdown to 53006
[21:04:43.886] [SEVERE ] setting player 2 freeze to 1364
[21:04:43.887] [SEVERE ] updating countdown to 53005
[21:04:43.887] [SEVERE ] setting player 2 freeze to 1363
[21:04:43.887] [SEVERE ] updating countdown to 53005
[21:04:43.887] [SEVERE ] setting player 2 freeze to 1363
[21:04:43.888] [SEVERE ] updating countdown to 53004
[21:04:43.888] [SEVERE ] setting player 2 freeze to 1362
[21:04:43.888] [SEVERE ] updating countdown to 53004
[21:04:43.888] [SEVERE ] setting player 2 freeze to 1362
[21:04:43.888] [SEVERE ] updating countdown to 53004
[21:04:43.888] [SEVERE ] setting player 2 freeze to 1362
[21:04:43.889] [SEVERE ] updating countdown to 53003
[21:04:43.889] [SEVERE ] setting player 2 freeze to 1361
[21:04:43.890] [SEVERE ] updating countdown to 53002
[21:04:43.890] [SEVERE ] setting player 2 freeze to 1360
[21:04:43.890] [SEVERE ] updating countdown to 53002
[21:04:43.890] [SEVERE ] setting player 2 freeze to 1360
[21:04:43.890] [SEVERE ] updating countdown to 53002
[21:04:43.890] [SEVERE ] setting player 2 freeze to 1360
[21:04:43.891] [SEVERE ] updating countdown to 53001
[21:04:43.891] [SEVERE ] setting player 2 freeze to 1359
[21:04:43.891] [SEVERE ] updating countdown to 53001
[21:04:43.891] [SEVERE ] setting player 2 freeze to 1359
[21:04:43.891] [SEVERE ] updating countdown to 53001
[21:04:43.891] [SEVERE ] setting player 2 freeze to 1359
[21:04:43.892] [SEVERE ] updating countdown to 53000
[21:04:43.892] [SEVERE ] setting player 2 freeze to 1358
[21:04:43.892] [SEVERE ] updating countdown to 53000
[21:04:43.892] [SEVERE ] setting player 2 freeze to 1358
[21:04:43.892] [SEVERE ] updating countdown to 53000
[21:04:43.892] [SEVERE ] setting player 2 freeze to 1358
[21:04:43.892] [SEVERE ] updating countdown to 53000
[21:04:43.892] [SEVERE ] setting player 2 freeze to 1358
[21:04:44.364] [SEVERE ] removing player 2 token from slot 4
[21:04:44.364] [SEVERE ] player 2 placing token on slot 1
[21:04:44.365] [SEVERE ] updating countdown to 52527
[21:04:44.365] [SEVERE ] setting player 2 freeze to 0
[21:04:44.365] [SEVERE ] setting player 2 freeze to 3900
[21:04:44.365] [SEVERE ] setting player 2 freeze to 3900
[21:04:44.863] [SEVERE ] updating countdown to 52029
[21:04:44.863] [SEVERE ] setting player 2 freeze to 3402
[21:04:44.863] [SEVERE ] updating countdown to 52029
[21:04:44.863] [SEVERE ] setting player 2 freeze to 3402
[21:04:44.864] [SEVERE ] updating countdown to 52028
[21:04:44.864] [SEVERE ] setting player 2 freeze to 3401
[21:04:44.864] [SEVERE ] updating countdown to 52028
[21:04:44.864] [SEVERE ] setting player 2 freeze to 3401
[21:04:44.864] [SEVERE ] updating countdown to 52028
[21:04:44.864] [SEVERE ] setting player 2 freeze to 3401
[21:04:44.865] [SEVERE ] updating countdown to 52027
[21:04:44.865] [SEVERE ] setting player 2 freeze to 3400
[21:04:44.865] [SEVERE ] updating countdown to 52027
[21:04:44.865] [SEVERE ] setting player 2 freeze to 3400
[21:04:44.865] [SEVERE ] updating countdown to 52027
[21:04:44.865] [SEVERE ] setting player 2 freeze to 3400
[21:04:44.865] [SEVERE ] updating countdown to 52027
[21:04:44.865] [SEVERE ] setting player 2 freeze to 3400
[21:04:44.865] [SEVERE ] updating countdown to 52027
[21:04:44.865] [SEVERE ] setting player 2 freeze to 3400
[21:04:44.866] [SEVERE ] updating countdown to 52026
[21:04:44.866] [SEVERE ] setting player 2 freeze to 3399
[21:04:44.866] [SEVERE ] updating countdown to 52026
[21:04:44.866] [SEVERE ] setting player 2 freeze to 3399
[21:04:44.866] [SEVERE ] updating countdown to 52026
[21:04:44.866] [SEVERE ] setting player 2 freeze to 3399
[21:04:44.866] [SEVERE ] updating countdown to 52026
[21:04:44.866] [SEVERE ] setting player 2 freeze to 3399
[21:04:44.866] [SEVERE ] updating countdown to 52026
[21:04:44.866] [SEVERE ] setting player 2 freeze to 3399
[21:04:44.867] [SEVERE ] updating countdown to 52025
[21:04:44.867] [SEVERE ] setting player 2 freeze to 3398
[21:04:44.867] [SEVERE ] updating countdown to 52025
[21:04:44.867] [SEVERE ] setting player 2 freeze to 3398
[21:04:44.867] [SEVERE ] updating countdown to 52025
[21:04:44.867] [SEVERE ] setting player 2 freeze to 3398
[21:04:44.867] [SEVERE ] updating countdown to 52025
[21:04:44.867] [SEVERE ] setting player 2 freeze to 3398
[21:04:44.867] [SEVERE ] updating countdown to 52025
[21:04:44.867] [SEVERE ] setting player 2 freeze to 3398
[21:04:44.868] [SEVERE ] updating countdown to 52024
[21:04:44.868] [SEVERE ] setting player 2 freeze to 3397
[21:04:44.868] [SEVERE ] updating countdown to 52024
[21:04:44.868] [SEVERE ] setting player 2 freeze to 3397
[21:04:44.868] [SEVERE ] updating countdown to 52024
[21:04:44.868] [SEVERE ] setting player 2 freeze to 3397
[21:04:44.868] [SEVERE ] updating countdown to 52024
[21:04:44.868] [SEVERE ] setting player 2 freeze to 3397
[21:04:44.870] [SEVERE ] updating countdown to 52022
[21:04:44.870] [SEVERE ] setting player 2 freeze to 3395
[21:04:44.870] [SEVERE ] updating countdown to 52022
[21:04:44.870] [SEVERE ] setting player 2 freeze to 3395
[21:04:44.870] [SEVERE ] updating countdown to 52022
[21:04:44.870] [SEVERE ] setting player 2 freeze to 3395
[21:04:44.871] [SEVERE ] updating countdown to 52021
[21:04:44.871] [SEVERE ] setting player 2 freeze to 3394
[21:04:44.872] [SEVERE ] updating countdown to 52020
[21:04:44.872] [SEVERE ] setting player 2 freeze to 3393
[21:04:44.872] [SEVERE ] updating countdown to 52020
[21:04:44.872] [SEVERE ] setting player 2 freeze to 3393
[21:04:44.873] [SEVERE ] updating countdown to 52019
[21:04:44.873] [SEVERE ] setting player 2 freeze to 3392
[21:04:44.873] [SEVERE ] updating countdown to 52019
[21:04:44.873] [SEVERE ] setting player 2 freeze to 3392
[21:04:44.874] [SEVERE ] updating countdown to 52018
[21:04:44.874] [SEVERE ] setting player 2 freeze to 3391
[21:04:44.874] [SEVERE ] updating countdown to 52018
[21:04:44.874] [SEVERE ] setting player 2 freeze to 3391
[21:04:44.875] [SEVERE ] updating countdown to 52017
[21:04:44.875] [SEVERE ] setting player 2 freeze to 3390
[21:04:44.875] [SEVERE ] updating countdown to 52017
[21:04:44.875] [SEVERE ] setting player 2 freeze to 3390
[21:04:44.876] [SEVERE ] updating countdown to 52016
[21:04:44.877] [SEVERE ] setting player 2 freeze to 3388
[21:04:44.877] [SEVERE ] updating countdown to 52015
[21:04:44.877] [SEVERE ] setting player 2 freeze to 3388
[21:04:44.878] [SEVERE ] updating countdown to 52014
[21:04:44.878] [SEVERE ] setting player 2 freeze to 3387
[21:04:44.879] [SEVERE ] updating countdown to 52013
[21:04:44.879] [SEVERE ] setting player 2 freeze to 3386
[21:04:44.879] [SEVERE ] updating countdown to 52013
[21:04:44.879] [SEVERE ] setting player 2 freeze to 3386
[21:04:44.879] [SEVERE ] updating countdown to 52013
[21:04:44.879] [SEVERE ] setting player 2 freeze to 3386
[21:04:44.880] [SEVERE ] updating countdown to 52012
[21:04:44.880] [SEVERE ] setting player 2 freeze to 3385
[21:04:44.880] [SEVERE ] updating countdown to 52012
[21:04:44.880] [SEVERE ] setting player 2 freeze to 3385
[21:04:44.880] [SEVERE ] updating countdown to 52012
[21:04:44.880] [SEVERE ] setting player 2 freeze to 3385
[21:04:44.881] [SEVERE ] updating countdown to 52011
[21:04:44.881] [SEVERE ] setting player 2 freeze to 3384
[21:04:44.881] [SEVERE ] updating countdown to 52011
[21:04:44.881] [SEVERE ] setting player 2 freeze to 3384
[21:04:44.882] [SEVERE ] updating countdown to 52010
[21:04:44.882] [SEVERE ] setting player 2 freeze to 3383
[21:04:44.882] [SEVERE ] updating countdown to 52010
[21:04:44.882] [SEVERE ] setting player 2 freeze to 3383
[21:04:44.882] [SEVERE ] updating countdown to 52010
[21:04:44.883] [SEVERE ] setting player 2 freeze to 3382
[21:04:44.883] [SEVERE ] updating countdown to 52009
[21:04:44.883] [SEVERE ] setting player 2 freeze to 3382
[21:04:44.884] [SEVERE ] updating countdown to 52008
[21:04:44.884] [SEVERE ] setting player 2 freeze to 3381
[21:04:44.884] [SEVERE ] updating countdown to 52008
[21:04:44.884] [SEVERE ] setting player 2 freeze to 3381
[21:04:44.885] [SEVERE ] updating countdown to 52007
[21:04:44.885] [SEVERE ] setting player 2 freeze to 3380
[21:04:44.885] [SEVERE ] updating countdown to 52007
[21:04:44.885] [SEVERE ] setting player 2 freeze to 3380
[21:04:44.886] [SEVERE ] updating countdown to 52006
[21:04:44.886] [SEVERE ] setting player 2 freeze to 3379
[21:04:44.886] [SEVERE ] updating countdown to 52006
[21:04:44.886] [SEVERE ] setting player 2 freeze to 3379
[21:04:44.887] [SEVERE ] updating countdown to 52005
[21:04:44.887] [SEVERE ] setting player 2 freeze to 3378
[21:04:44.887] [SEVERE ] updating countdown to 52005
[21:04:44.887] [SEVERE ] setting player 2 freeze to 3378
[21:04:44.887] [SEVERE ] updating countdown to 52005
[21:04:44.887] [SEVERE ] setting player 2 freeze to 3378
[21:04:44.887] [SEVERE ] updating countdown to 52005
[21:04:44.887] [SEVERE ] setting player 2 freeze to 3378
[21:04:44.888] [SEVERE ] updating countdown to 52004
[21:04:44.888] [SEVERE ] setting player 2 freeze to 3377
[21:04:44.888] [SEVERE ] updating countdown to 52004
[21:04:44.888] [SEVERE ] setting player 2 freeze to 3377
[21:04:44.889] [SEVERE ] updating countdown to 52003
[21:04:44.889] [SEVERE ] setting player 2 freeze to 3376
[21:04:44.889] [SEVERE ] updating countdown to 52003
[21:04:44.889] [SEVERE ] setting player 2 freeze to 3376
[21:04:44.889] [SEVERE ] updating countdown to 52003
[21:04:44.889] [SEVERE ] setting player 2 freeze to 3376
[21:04:44.890] [SEVERE ] updating countdown to 52002
[21:04:44.890] [SEVERE ] setting player 2 freeze to 3375
[21:04:44.890] [SEVERE ] updating countdown to 52002
[21:04:44.890] [SEVERE ] setting player 2 freeze to 3375
[21:04:44.890] [SEVERE ] updating countdown to 52002
[21:04:44.890] [SEVERE ] setting player 2 freeze to 3375
[21:04:44.891] [SEVERE ] updating countdown to 52001
[21:04:44.891] [SEVERE ] setting player 2 freeze to 3374
[21:04:44.891] [SEVERE ] updating countdown to 52001
[21:04:44.891] [SEVERE ] setting player 2 freeze to 3374
[21:04:44.891] [SEVERE ] updating countdown to 52001
[21:04:44.892] [SEVERE ] setting player 2 freeze to 3373
[21:04:44.892] [SEVERE ] updating countdown to 52000
[21:04:44.892] [SEVERE ] setting player 2 freeze to 3373
[21:04:44.892] [SEVERE ] updating countdown to 52000
[21:04:44.892] [SEVERE ] setting player 2 freeze to 3373
[21:04:44.892] [SEVERE ] updating countdown to 52000
[21:04:44.892] [SEVERE ] setting player 2 freeze to 3373
[21:04:45.862] [SEVERE ] updating countdown to 51030
[21:04:45.862] [SEVERE ] setting player 2 freeze to 2403
[21:04:45.863] [SEVERE ] updating countdown to 51029
[21:04:45.863] [SEVERE ] setting player 2 freeze to 2402
[21:04:45.863] [SEVERE ] updating countdown to 51029
[21:04:45.863] [SEVERE ] setting player 2 freeze to 2402
[21:04:45.864] [SEVERE ] updating countdown to 51028
[21:04:45.864] [SEVERE ] setting player 2 freeze to 2401
[21:04:45.864] [SEVERE ] updating countdown to 51028
[21:04:45.864] [SEVERE ] setting player 2 freeze to 2401
[21:04:45.864] [SEVERE ] updating countdown to 51028
[21:04:45.864] [SEVERE ] setting player 2 freeze to 2401
[21:04:45.864] [SEVERE ] updating countdown to 51028
[21:04:45.864] [SEVERE ] setting player 2 freeze to 2401
[21:04:45.864] [SEVERE ] updating countdown to 51028
[21:04:45.864] [SEVERE ] setting player 2 freeze to 2401
[21:04:45.865] [SEVERE ] updating countdown to 51027
[21:04:45.865] [SEVERE ] setting player 2 freeze to 2400
[21:04:45.865] [SEVERE ] updating countdown to 51027
[21:04:45.865] [SEVERE ] setting player 2 freeze to 2400
[21:04:45.865] [SEVERE ] updating countdown to 51027
[21:04:45.865] [SEVERE ] setting player 2 freeze to 2400
[21:04:45.865] [SEVERE ] updating countdown to 51027
[21:04:45.866] [SEVERE ] setting player 2 freeze to 2399
[21:04:45.866] [SEVERE ] updating countdown to 51026
[21:04:45.866] [SEVERE ] setting player 2 freeze to 2399
[21:04:45.866] [SEVERE ] updating countdown to 51026
[21:04:45.866] [SEVERE ] setting player 2 freeze to 2399
[21:04:45.866] [SEVERE ] updating countdown to 51026
[21:04:45.866] [SEVERE ] setting player 2 freeze to 2399
[21:04:45.867] [SEVERE ] updating countdown to 51025
[21:04:45.867] [SEVERE ] setting player 2 freeze to 2398
[21:04:45.867] [SEVERE ] updating countdown to 51025
[21:04:45.867] [SEVERE ] setting player 2 freeze to 2398
[21:04:45.867] [SEVERE ] updating countdown to 51025
[21:04:45.867] [SEVERE ] setting player 2 freeze to 2398
[21:04:45.868] [SEVERE ] updating countdown to 51024
[21:04:45.868] [SEVERE ] setting player 2 freeze to 2397
[21:04:45.868] [SEVERE ] updating countdown to 51024
[21:04:45.868] [SEVERE ] setting player 2 freeze to 2397
[21:04:45.868] [SEVERE ] updating countdown to 51024
[21:04:45.868] [SEVERE ] setting player 2 freeze to 2397
[21:04:45.868] [SEVERE ] updating countdown to 51024
[21:04:45.868] [SEVERE ] setting player 2 freeze to 2397
[21:04:45.869] [SEVERE ] updating countdown to 51023
[21:04:45.869] [SEVERE ] setting player 2 freeze to 2396
[21:04:45.869] [SEVERE ] updating countdown to 51023
[21:04:45.869] [SEVERE ] setting player 2 freeze to 2396
[21:04:45.869] [SEVERE ] updating countdown to 51023
[21:04:45.869] [SEVERE ] setting player 2 freeze to 2396
[21:04:45.869] [SEVERE ] updating countdown to 51023
[21:04:45.870] [SEVERE ] setting player 2 freeze to 2395
[21:04:45.870] [SEVERE ] updating countdown to 51022
[21:04:45.870] [SEVERE ] setting player 2 freeze to 2395
[21:04:45.870] [SEVERE ] updating countdown to 51022
[21:04:45.870] [SEVERE ] setting player 2 freeze to 2395
[21:04:45.870] [SEVERE ] updating countdown to 51022
[21:04:45.871] [SEVERE ] setting player 2 freeze to 2394
[21:04:45.871] [SEVERE ] updating countdown to 51021
[21:04:45.871] [SEVERE ] setting player 2 freeze to 2394
[21:04:45.871] [SEVERE ] updating countdown to 51021
[21:04:45.871] [SEVERE ] setting player 2 freeze to 2394
[21:04:45.871] [SEVERE ] updating countdown to 51021
[21:04:45.871] [SEVERE ] setting player 2 freeze to 2394
[21:04:45.872] [SEVERE ] updating countdown to 51020
[21:04:45.872] [SEVERE ] setting player 2 freeze to 2393
[21:04:45.872] [SEVERE ] updating countdown to 51020
[21:04:45.872] [SEVERE ] setting player 2 freeze to 2393
[21:04:45.872] [SEVERE ] updating countdown to 51020
[21:04:45.872] [SEVERE ] setting player 2 freeze to 2393
[21:04:45.872] [SEVERE ] updating countdown to 51020
[21:04:45.872] [SEVERE ] setting player 2 freeze to 2393
[21:04:45.873] [SEVERE ] updating countdown to 51019
[21:04:45.873] [SEVERE ] setting player 2 freeze to 2392
[21:04:45.873] [SEVERE ] updating countdown to 51019
[21:04:45.873] [SEVERE ] setting player 2 freeze to 2392
[21:04:45.873] [SEVERE ] updating countdown to 51019
[21:04:45.873] [SEVERE ] setting player 2 freeze to 2392
[21:04:45.873] [SEVERE ] updating countdown to 51019
[21:04:45.874] [SEVERE ] setting player 2 freeze to 2391
[21:04:45.874] [SEVERE ] updating countdown to 51018
[21:04:45.874] [SEVERE ] setting player 2 freeze to 2391
[21:04:45.875] [SEVERE ] updating countdown to 51017
[21:04:45.875] [SEVERE ] setting player 2 freeze to 2390
[21:04:45.876] [SEVERE ] updating countdown to 51016
[21:04:45.876] [SEVERE ] setting player 2 freeze to 2389
[21:04:45.877] [SEVERE ] updating countdown to 51015
[21:04:45.877] [SEVERE ] setting player 2 freeze to 2388
[21:04:45.877] [SEVERE ] updating countdown to 51015
[21:04:45.877] [SEVERE ] setting player 2 freeze to 2388
[21:04:45.877] [SEVERE ] updating countdown to 51015
[21:04:45.877] [SEVERE ] setting player 2 freeze to 2388
[21:04:45.878] [SEVERE ] updating countdown to 51014
[21:04:45.878] [SEVERE ] setting player 2 freeze to 2387
[21:04:45.878] [SEVERE ] updating countdown to 51014
[21:04:45.878] [SEVERE ] setting player 2 freeze to 2387
[21:04:45.878] [SEVERE ] updating countdown to 51014
[21:04:45.878] [SEVERE ] setting player 2 freeze to 2387
[21:04:45.878] [SEVERE ] updating countdown to 51014
[21:04:45.878] [SEVERE ] setting player 2 freeze to 2387
[21:04:45.879] [SEVERE ] updating countdown to 51013
[21:04:45.879] [SEVERE ] setting player 2 freeze to 2386
[21:04:45.879] [SEVERE ] updating countdown to 51013
[21:04:45.879] [SEVERE ] setting player 2 freeze to 2386
[21:04:45.880] [SEVERE ] updating countdown to 51012
[21:04:45.880] [SEVERE ] setting player 2 freeze to 2385
[21:04:45.880] [SEVERE ] updating countdown to 51012
[21:04:45.880] [SEVERE ] setting player 2 freeze to 2385
[21:04:45.880] [SEVERE ] updating countdown to 51012
[21:04:45.880] [SEVERE ] setting player 2 freeze to 2385
[21:04:45.881] [SEVERE ] updating countdown to 51011
[21:04:45.881] [SEVERE ] setting player 2 freeze to 2384
[21:04:45.881] [SEVERE ] updating countdown to 51011
[21:04:45.881] [SEVERE ] setting player 2 freeze to 2384
[21:04:45.881] [SEVERE ] updating countdown to 51011
[21:04:45.881] [SEVERE ] setting player 2 freeze to 2384
[21:04:45.882] [SEVERE ] updating countdown to 51010
[21:04:45.882] [SEVERE ] setting player 2 freeze to 2383
[21:04:45.882] [SEVERE ] updating countdown to 51010
[21:04:45.882] [SEVERE ] setting player 2 freeze to 2383
[21:04:45.882] [SEVERE ] updating countdown to 51010
[21:04:45.882] [SEVERE ] setting player 2 freeze to 2383
[21:04:45.883] [SEVERE ] updating countdown to 51009
[21:04:45.883] [SEVERE ] setting player 2 freeze to 2382
[21:04:45.883] [SEVERE ] updating countdown to 51009
[21:04:45.883] [SEVERE ] setting player 2 freeze to 2382
[21:04:45.884] [SEVERE ] updating countdown to 51008
[21:04:45.884] [SEVERE ] setting player 2 freeze to 2381
[21:04:45.884] [SEVERE ] updating countdown to 51008
[21:04:45.884] [SEVERE ] setting player 2 freeze to 2381
[21:04:45.884] [SEVERE ] updating countdown to 51008
[21:04:45.884] [SEVERE ] setting player 2 freeze to 2381
[21:04:45.884] [SEVERE ] updating countdown to 51008
[21:04:45.884] [SEVERE ] setting player 2 freeze to 2381
[21:04:45.885] [SEVERE ] updating countdown to 51007
[21:04:45.885] [SEVERE ] setting player 2 freeze to 2380
[21:04:45.885] [SEVERE ] updating countdown to 51007
[21:04:45.885] [SEVERE ] setting player 2 freeze to 2380
[21:04:45.886] [SEVERE ] updating countdown to 51006
[21:04:45.886] [SEVERE ] setting player 2 freeze to 2379
[21:04:45.886] [SEVERE ] updating countdown to 51006
[21:04:45.886] [SEVERE ] setting player 2 freeze to 2379
[21:04:45.887] [SEVERE ] updating countdown to 51005
[21:04:45.887] [SEVERE ] setting player 2 freeze to 2378
[21:04:45.887] [SEVERE ] updating countdown to 51005
[21:04:45.887] [SEVERE ] setting player 2 freeze to 2378
[21:04:45.888] [SEVERE ] updating countdown to 51004
[21:04:45.888] [SEVERE ] setting player 2 freeze to 2377
[21:04:45.888] [SEVERE ] updating countdown to 51004
[21:04:45.888] [SEVERE ] setting player 2 freeze to 2377
[21:04:45.889] [SEVERE ] updating countdown to 51003
[21:04:45.889] [SEVERE ] setting player 2 freeze to 2376
[21:04:45.889] [SEVERE ] updating countdown to 51003
[21:04:45.889] [SEVERE ] setting player 2 freeze to 2376
[21:04:45.889] [SEVERE ] updating countdown to 51003
[21:04:45.889] [SEVERE ] setting player 2 freeze to 2376
[21:04:45.889] [SEVERE ] updating countdown to 51003
[21:04:45.889] [SEVERE ] setting player 2 freeze to 2376
[21:04:45.889] [SEVERE ] updating countdown to 51003
[21:04:45.889] [SEVERE ] setting player 2 freeze to 2376
[21:04:45.889] [SEVERE ] updating countdown to 51003
[21:04:45.889] [SEVERE ] setting player 2 freeze to 2376
[21:04:45.889] [SEVERE ] updating countdown to 51003
[21:04:45.889] [SEVERE ] setting player 2 freeze to 2376
[21:04:45.890] [SEVERE ] updating countdown to 51002
[21:04:45.890] [SEVERE ] setting player 2 freeze to 2375
[21:04:45.890] [SEVERE ] updating countdown to 51002
[21:04:45.890] [SEVERE ] setting player 2 freeze to 2375
[21:04:45.890] [SEVERE ] updating countdown to 51002
[21:04:45.890] [SEVERE ] setting player 2 freeze to 2375
[21:04:45.890] [SEVERE ] updating countdown to 51002
[21:04:45.890] [SEVERE ] setting player 2 freeze to 2375
[21:04:45.891] [SEVERE ] updating countdown to 51001
[21:04:45.891] [SEVERE ] setting player 2 freeze to 2374
[21:04:45.892] [SEVERE ] updating countdown to 51001
[21:04:45.892] [SEVERE ] setting player 2 freeze to 2373
[21:04:45.892] [SEVERE ] updating countdown to 51000
[21:04:45.892] [SEVERE ] setting player 2 freeze to 2373
[21:04:45.892] [SEVERE ] updating countdown to 51000
[21:04:45.892] [SEVERE ] setting player 2 freeze to 2373
[21:04:45.892] [SEVERE ] updating countdown to 51000
[21:04:45.892] [SEVERE ] setting player 2 freeze to 2373
[21:04:46.862] [SEVERE ] updating countdown to 50030
[21:04:46.862] [SEVERE ] setting player 2 freeze to 1403
[21:04:46.863] [SEVERE ] updating countdown to 50029
[21:04:46.863] [SEVERE ] setting player 2 freeze to 1402
[21:04:46.863] [SEVERE ] updating countdown to 50029
[21:04:46.863] [SEVERE ] setting player 2 freeze to 1402
[21:04:46.863] [SEVERE ] updating countdown to 50029
[21:04:46.863] [SEVERE ] setting player 2 freeze to 1402
[21:04:46.864] [SEVERE ] updating countdown to 50028
[21:04:46.864] [SEVERE ] setting player 2 freeze to 1401
[21:04:46.864] [SEVERE ] updating countdown to 50028
[21:04:46.864] [SEVERE ] setting player 2 freeze to 1401
[21:04:46.864] [SEVERE ] updating countdown to 50028
[21:04:46.864] [SEVERE ] setting player 2 freeze to 1401
[21:04:46.864] [SEVERE ] updating countdown to 50028
[21:04:46.864] [SEVERE ] setting player 2 freeze to 1401
[21:04:46.864] [SEVERE ] updating countdown to 50028
[21:04:46.865] [SEVERE ] setting player 2 freeze to 1400
[21:04:46.865] [SEVERE ] updating countdown to 50027
[21:04:46.865] [SEVERE ] setting player 2 freeze to 1400
[21:04:46.865] [SEVERE ] updating countdown to 50027
[21:04:46.865] [SEVERE ] setting player 2 freeze to 1400
[21:04:46.866] [SEVERE ] updating countdown to 50026
[21:04:46.866] [SEVERE ] setting player 2 freeze to 1399
[21:04:46.866] [SEVERE ] updating countdown to 50026
[21:04:46.866] [SEVERE ] setting player 2 freeze to 1399
[21:04:46.866] [SEVERE ] updating countdown to 50026
[21:04:46.867] [SEVERE ] setting player 2 freeze to 1398
[21:04:46.867] [SEVERE ] updating countdown to 50025
[21:04:46.867] [SEVERE ] setting player 2 freeze to 1398
[21:04:46.867] [SEVERE ] updating countdown to 50025
[21:04:46.867] [SEVERE ] setting player 2 freeze to 1398
[21:04:46.867] [SEVERE ] updating countdown to 50025
[21:04:46.867] [SEVERE ] setting player 2 freeze to 1398
[21:04:46.867] [SEVERE ] updating countdown to 50025
[21:04:46.867] [SEVERE ] setting player 2 freeze to 1398
[21:04:46.868] [SEVERE ] updating countdown to 50024
[21:04:46.868] [SEVERE ] setting player 2 freeze to 1397
[21:04:46.868] [SEVERE ] updating countdown to 50024
[21:04:46.868] [SEVERE ] setting player 2 freeze to 1397
[21:04:46.868] [SEVERE ] updating countdown to 50024
[21:04:46.868] [SEVERE ] setting player 2 freeze to 1397
[21:04:46.869] [SEVERE ] updating countdown to 50023
[21:04:46.869] [SEVERE ] setting player 2 freeze to 1396
[21:04:46.869] [SEVERE ] updating countdown to 50023
[21:04:46.869] [SEVERE ] setting player 2 freeze to 1396
[21:04:46.869] [SEVERE ] updating countdown to 50023
[21:04:46.869] [SEVERE ] setting player 2 freeze to 1396
[21:04:46.869] [SEVERE ] updating countdown to 50023
[21:04:46.869] [SEVERE ] setting player 2 freeze to 1396
[21:04:46.870] [SEVERE ] updating countdown to 50022
[21:04:46.870] [SEVERE ] setting player 2 freeze to 1395
[21:04:46.870] [SEVERE ] updating countdown to 50022
[21:04:46.870] [SEVERE ] setting player 2 freeze to 1395
[21:04:46.870] [SEVERE ] updating countdown to 50022
[21:04:46.870] [SEVERE ] setting player 2 freeze to 1395
[21:04:46.870] [SEVERE ] updating countdown to 50022
[21:04:46.870] [SEVERE ] setting player 2 freeze to 1395
[21:04:46.871] [SEVERE ] updating countdown to 50021
[21:04:46.871] [SEVERE ] setting player 2 freeze to 1394
[21:04:46.871] [SEVERE ] updating countdown to 50021
[21:04:46.871] [SEVERE ] setting player 2 freeze to 1394
[21:04:46.871] [SEVERE ] updating countdown to 50021
[21:04:46.871] [SEVERE ] setting player 2 freeze to 1394
[21:04:46.871] [SEVERE ] updating countdown to 50021
[21:04:46.871] [SEVERE ] setting player 2 freeze to 1394
[21:04:46.871] [SEVERE ] updating countdown to 50021
[21:04:46.871] [SEVERE ] setting player 2 freeze to 1394
[21:04:46.871] [SEVERE ] updating countdown to 50021
[21:04:46.871] [SEVERE ] setting player 2 freeze to 1394
[21:04:46.872] [SEVERE ] updating countdown to 50020
[21:04:46.872] [SEVERE ] setting player 2 freeze to 1393
[21:04:46.872] [SEVERE ] updating countdown to 50020
[21:04:46.872] [SEVERE ] setting player 2 freeze to 1393
[21:04:46.872] [SEVERE ] updating countdown to 50020
[21:04:46.872] [SEVERE ] setting player 2 freeze to 1393
[21:04:46.873] [SEVERE ] updating countdown to 50019
[21:04:46.873] [SEVERE ] setting player 2 freeze to 1392
[21:04:46.873] [SEVERE ] updating countdown to 50019
[21:04:46.873] [SEVERE ] setting player 2 freeze to 1392
[21:04:46.874] [SEVERE ] updating countdown to 50018
[21:04:46.874] [SEVERE ] setting player 2 freeze to 1391
[21:04:46.874] [SEVERE ] updating countdown to 50018
[21:04:46.874] [SEVERE ] setting player 2 freeze to 1391
[21:04:46.874] [SEVERE ] updating countdown to 50018
[21:04:46.874] [SEVERE ] setting player 2 freeze to 1391
[21:04:46.875] [SEVERE ] updating countdown to 50017
[21:04:46.875] [SEVERE ] setting player 2 freeze to 1390
[21:04:46.875] [SEVERE ] updating countdown to 50017
[21:04:46.875] [SEVERE ] setting player 2 freeze to 1390
[21:04:46.875] [SEVERE ] updating countdown to 50017
[21:04:46.875] [SEVERE ] setting player 2 freeze to 1390
[21:04:46.875] [SEVERE ] updating countdown to 50017
[21:04:46.875] [SEVERE ] setting player 2 freeze to 1390
[21:04:46.877] [SEVERE ] updating countdown to 50015
[21:04:46.877] [SEVERE ] setting player 2 freeze to 1388
[21:04:46.877] [SEVERE ] updating countdown to 50015
[21:04:46.877] [SEVERE ] setting player 2 freeze to 1388
[21:04:46.877] [SEVERE ] updating countdown to 50015
[21:04:46.877] [SEVERE ] setting player 2 freeze to 1388
[21:04:46.878] [SEVERE ] updating countdown to 50014
[21:04:46.878] [SEVERE ] setting player 2 freeze to 1387
[21:04:46.878] [SEVERE ] updating countdown to 50014
[21:04:46.878] [SEVERE ] setting player 2 freeze to 1387
[21:04:46.878] [SEVERE ] updating countdown to 50014
[21:04:46.878] [SEVERE ] setting player 2 freeze to 1387
[21:04:46.878] [SEVERE ] updating countdown to 50014
[21:04:46.878] [SEVERE ] setting player 2 freeze to 1387
[21:04:46.878] [SEVERE ] updating countdown to 50014
[21:04:46.878] [SEVERE ] setting player 2 freeze to 1387
[21:04:46.879] [SEVERE ] updating countdown to 50013
[21:04:46.879] [SEVERE ] setting player 2 freeze to 1386
[21:04:46.879] [SEVERE ] updating countdown to 50013
[21:04:46.879] [SEVERE ] setting player 2 freeze to 1386
[21:04:46.879] [SEVERE ] updating countdown to 50013
[21:04:46.879] [SEVERE ] setting player 2 freeze to 1386
[21:04:46.880] [SEVERE ] updating countdown to 50012
[21:04:46.880] [SEVERE ] setting player 2 freeze to 1385
[21:04:46.880] [SEVERE ] updating countdown to 50012
[21:04:46.880] [SEVERE ] setting player 2 freeze to 1385
[21:04:46.880] [SEVERE ] updating countdown to 50012
[21:04:46.880] [SEVERE ] setting player 2 freeze to 1385
[21:04:46.881] [SEVERE ] updating countdown to 50011
[21:04:46.881] [SEVERE ] setting player 2 freeze to 1384
[21:04:46.881] [SEVERE ] updating countdown to 50011
[21:04:46.881] [SEVERE ] setting player 2 freeze to 1384
[21:04:46.881] [SEVERE ] updating countdown to 50011
[21:04:46.882] [SEVERE ] setting player 2 freeze to 1383
[21:04:46.882] [SEVERE ] updating countdown to 50010
[21:04:46.882] [SEVERE ] setting player 2 freeze to 1383
[21:04:46.882] [SEVERE ] updating countdown to 50010
[21:04:46.882] [SEVERE ] setting player 2 freeze to 1383
[21:04:46.882] [SEVERE ] updating countdown to 50010
[21:04:46.882] [SEVERE ] setting player 2 freeze to 1383
[21:04:46.882] [SEVERE ] updating countdown to 50010
[21:04:46.882] [SEVERE ] setting player 2 freeze to 1383
[21:04:46.883] [SEVERE ] updating countdown to 50009
[21:04:46.883] [SEVERE ] setting player 2 freeze to 1382
[21:04:46.883] [SEVERE ] updating countdown to 50009
[21:04:46.883] [SEVERE ] setting player 2 freeze to 1382
[21:04:46.883] [SEVERE ] updating countdown to 50009
[21:04:46.883] [SEVERE ] setting player 2 freeze to 1382
[21:04:46.883] [SEVERE ] updating countdown to 50009
[21:04:46.883] [SEVERE ] setting player 2 freeze to 1382
[21:04:46.883] [SEVERE ] updating countdown to 50009
[21:04:46.883] [SEVERE ] setting player 2 freeze to 1382
[21:04:46.883] [SEVERE ] updating countdown to 50009
[21:04:46.883] [SEVERE ] setting player 2 freeze to 1382
[21:04:46.884] [SEVERE ] updating countdown to 50008
[21:04:46.884] [SEVERE ] setting player 2 freeze to 1381
[21:04:46.884] [SEVERE ] updating countdown to 50008
[21:04:46.884] [SEVERE ] setting player 2 freeze to 1381
[21:04:46.884] [SEVERE ] updating countdown to 50008
[21:04:46.884] [SEVERE ] setting player 2 freeze to 1381
[21:04:46.885] [SEVERE ] updating countdown to 50007
[21:04:46.885] [SEVERE ] setting player 2 freeze to 1380
[21:04:46.885] [SEVERE ] updating countdown to 50007
[21:04:46.885] [SEVERE ] setting player 2 freeze to 1380
[21:04:46.885] [SEVERE ] updating countdown to 50007
[21:04:46.885] [SEVERE ] setting player 2 freeze to 1380
[21:04:46.885] [SEVERE ] updating countdown to 50007
[21:04:46.885] [SEVERE ] setting player 2 freeze to 1380
[21:04:46.885] [SEVERE ] updating countdown to 50007
[21:04:46.885] [SEVERE ] setting player 2 freeze to 1380
[21:04:46.885] [SEVERE ] updating countdown to 50007
[21:04:46.886] [SEVERE ] setting player 2 freeze to 1379
[21:04:46.886] [SEVERE ] updating countdown to 50006
[21:04:46.886] [SEVERE ] setting player 2 freeze to 1379
[21:04:46.887] [SEVERE ] updating countdown to 50005
[21:04:46.887] [SEVERE ] setting player 2 freeze to 1378
[21:04:46.887] [SEVERE ] updating countdown to 50005
[21:04:46.887] [SEVERE ] setting player 2 freeze to 1378
[21:04:46.887] [SEVERE ] updating countdown to 50005
[21:04:46.887] [SEVERE ] setting player 2 freeze to 1378
[21:04:46.888] [SEVERE ] updating countdown to 50004
[21:04:46.888] [SEVERE ] setting player 2 freeze to 1377
[21:04:46.889] [SEVERE ] updating countdown to 50003
[21:04:46.889] [SEVERE ] setting player 2 freeze to 1376
[21:04:46.889] [SEVERE ] updating countdown to 50003
[21:04:46.889] [SEVERE ] setting player 2 freeze to 1376
[21:04:46.889] [SEVERE ] updating countdown to 50003
[21:04:46.889] [SEVERE ] setting player 2 freeze to 1376
[21:04:46.890] [SEVERE ] updating countdown to 50002
[21:04:46.890] [SEVERE ] setting player 2 freeze to 1375
[21:04:46.890] [SEVERE ] updating countdown to 50002
[21:04:46.890] [SEVERE ] setting player 2 freeze to 1375
[21:04:46.891] [SEVERE ] updating countdown to 50001
[21:04:46.891] [SEVERE ] setting player 2 freeze to 1374
[21:04:46.891] [SEVERE ] updating countdown to 50001
[21:04:46.891] [SEVERE ] setting player 2 freeze to 1374
[21:04:46.891] [SEVERE ] updating countdown to 50001
[21:04:46.891] [SEVERE ] setting player 2 freeze to 1374
[21:04:46.892] [SEVERE ] updating countdown to 50000
[21:04:46.892] [SEVERE ] setting player 2 freeze to 1373
[21:04:46.892] [SEVERE ] updating countdown to 50000
[21:04:46.892] [SEVERE ] setting player 2 freeze to 1373
[21:04:46.892] [SEVERE ] updating countdown to 50000
[21:04:46.892] [SEVERE ] setting player 2 freeze to 1373
[21:04:46.893] [SEVERE ] updating countdown to 49999
[21:04:46.893] [SEVERE ] setting player 2 freeze to 1372
[21:04:47.370] [SEVERE ] removing player 2 token from slot 6
[21:04:47.370] [SEVERE ] player 2 placing token on slot 4
[21:04:47.371] [SEVERE ] updating countdown to 49521
[21:04:47.371] [SEVERE ] setting player 2 freeze to 0
[21:04:47.371] [SEVERE ] setting player 2 freeze to 3900
[21:04:47.371] [SEVERE ] setting player 2 freeze to 3900
[21:04:47.862] [SEVERE ] updating countdown to 49030
[21:04:47.862] [SEVERE ] setting player 2 freeze to 3409
[21:04:47.862] [SEVERE ] updating countdown to 49030
[21:04:47.862] [SEVERE ] setting player 2 freeze to 3409
[21:04:47.863] [SEVERE ] updating countdown to 49029
[21:04:47.863] [SEVERE ] setting player 2 freeze to 3408
[21:04:47.863] [SEVERE ] updating countdown to 49029
[21:04:47.863] [SEVERE ] setting player 2 freeze to 3408
[21:04:47.863] [SEVERE ] updating countdown to 49029
[21:04:47.863] [SEVERE ] setting player 2 freeze to 3408
[21:04:47.863] [SEVERE ] updating countdown to 49029
[21:04:47.863] [SEVERE ] setting player 2 freeze to 3408
[21:04:47.864] [SEVERE ] updating countdown to 49028
[21:04:47.864] [SEVERE ] setting player 2 freeze to 3407
[21:04:47.864] [SEVERE ] updating countdown to 49028
[21:04:47.864] [SEVERE ] setting player 2 freeze to 3407
[21:04:47.864] [SEVERE ] updating countdown to 49028
[21:04:47.864] [SEVERE ] setting player 2 freeze to 3407
[21:04:47.864] [SEVERE ] updating countdown to 49028
[21:04:47.864] [SEVERE ] setting player 2 freeze to 3407
[21:04:47.864] [SEVERE ] updating countdown to 49028
[21:04:47.864] [SEVERE ] setting player 2 freeze to 3407
[21:04:47.865] [SEVERE ] updating countdown to 49027
[21:04:47.865] [SEVERE ] setting player 2 freeze to 3406
[21:04:47.865] [SEVERE ] updating countdown to 49027
[21:04:47.865] [SEVERE ] setting player 2 freeze to 3406
[21:04:47.865] [SEVERE ] updating countdown to 49027
[21:04:47.865] [SEVERE ] setting player 2 freeze to 3406
[21:04:47.865] [SEVERE ] updating countdown to 49027
[21:04:47.865] [SEVERE ] setting player 2 freeze to 3406
[21:04:47.865] [SEVERE ] updating countdown to 49027
[21:04:47.865] [SEVERE ] setting player 2 freeze to 3406
[21:04:47.865] [SEVERE ] updating countdown to 49027
[21:04:47.865] [SEVERE ] setting player 2 freeze to 3406
[21:04:47.866] [SEVERE ] updating countdown to 49026
[21:04:47.866] [SEVERE ] setting player 2 freeze to 3405
[21:04:47.866] [SEVERE ] updating countdown to 49026
[21:04:47.866] [SEVERE ] setting player 2 freeze to 3405
[21:04:47.866] [SEVERE ] updating countdown to 49026
[21:04:47.866] [SEVERE ] setting player 2 freeze to 3405
[21:04:47.866] [SEVERE ] updating countdown to 49026
[21:04:47.866] [SEVERE ] setting player 2 freeze to 3405
[21:04:47.866] [SEVERE ] updating countdown to 49026
[21:04:47.866] [SEVERE ] setting player 2 freeze to 3405
[21:04:47.866] [SEVERE ] updating countdown to 49026
[21:04:47.867] [SEVERE ] setting player 2 freeze to 3404
[21:04:47.867] [SEVERE ] updating countdown to 49025
[21:04:47.867] [SEVERE ] setting player 2 freeze to 3404
[21:04:47.867] [SEVERE ] updating countdown to 49025
[21:04:47.867] [SEVERE ] setting player 2 freeze to 3404
[21:04:47.867] [SEVERE ] updating countdown to 49025
[21:04:47.867] [SEVERE ] setting player 2 freeze to 3404
[21:04:47.867] [SEVERE ] updating countdown to 49025
[21:04:47.867] [SEVERE ] setting player 2 freeze to 3404
[21:04:47.867] [SEVERE ] updating countdown to 49025
[21:04:47.867] [SEVERE ] setting player 2 freeze to 3404
[21:04:47.868] [SEVERE ] updating countdown to 49024
[21:04:47.868] [SEVERE ] setting player 2 freeze to 3403
[21:04:47.868] [SEVERE ] updating countdown to 49024
[21:04:47.868] [SEVERE ] setting player 2 freeze to 3403
[21:04:47.869] [SEVERE ] updating countdown to 49023
[21:04:47.869] [SEVERE ] setting player 2 freeze to 3402
[21:04:47.870] [SEVERE ] updating countdown to 49022
[21:04:47.870] [SEVERE ] setting player 2 freeze to 3401
[21:04:47.870] [SEVERE ] updating countdown to 49022
[21:04:47.870] [SEVERE ] setting player 2 freeze to 3401
[21:04:47.870] [SEVERE ] updating countdown to 49022
[21:04:47.871] [SEVERE ] setting player 2 freeze to 3400
[21:04:47.871] [SEVERE ] updating countdown to 49021
[21:04:47.871] [SEVERE ] setting player 2 freeze to 3400
[21:04:47.871] [SEVERE ] updating countdown to 49021
[21:04:47.871] [SEVERE ] setting player 2 freeze to 3400
[21:04:47.871] [SEVERE ] updating countdown to 49021
[21:04:47.871] [SEVERE ] setting player 2 freeze to 3400
[21:04:47.872] [SEVERE ] updating countdown to 49020
[21:04:47.872] [SEVERE ] setting player 2 freeze to 3399
[21:04:47.872] [SEVERE ] updating countdown to 49020
[21:04:47.872] [SEVERE ] setting player 2 freeze to 3399
[21:04:47.872] [SEVERE ] updating countdown to 49020
[21:04:47.872] [SEVERE ] setting player 2 freeze to 3399
[21:04:47.872] [SEVERE ] updating countdown to 49020
[21:04:47.872] [SEVERE ] setting player 2 freeze to 3399
[21:04:47.872] [SEVERE ] updating countdown to 49020
[21:04:47.872] [SEVERE ] setting player 2 freeze to 3399
[21:04:47.873] [SEVERE ] updating countdown to 49019
[21:04:47.873] [SEVERE ] setting player 2 freeze to 3398
[21:04:47.873] [SEVERE ] updating countdown to 49019
[21:04:47.873] [SEVERE ] setting player 2 freeze to 3398
[21:04:47.874] [SEVERE ] updating countdown to 49018
[21:04:47.874] [SEVERE ] setting player 2 freeze to 3397
[21:04:47.874] [SEVERE ] updating countdown to 49018
[21:04:47.874] [SEVERE ] setting player 2 freeze to 3397
[21:04:47.874] [SEVERE ] updating countdown to 49018
[21:04:47.874] [SEVERE ] setting player 2 freeze to 3397
[21:04:47.875] [SEVERE ] updating countdown to 49017
[21:04:47.875] [SEVERE ] setting player 2 freeze to 3396
[21:04:47.875] [SEVERE ] updating countdown to 49017
[21:04:47.875] [SEVERE ] setting player 2 freeze to 3396
[21:04:47.875] [SEVERE ] updating countdown to 49017
[21:04:47.875] [SEVERE ] setting player 2 freeze to 3396
[21:04:47.875] [SEVERE ] updating countdown to 49017
[21:04:47.875] [SEVERE ] setting player 2 freeze to 3396
[21:04:47.875] [SEVERE ] updating countdown to 49017
[21:04:47.876] [SEVERE ] setting player 2 freeze to 3395
[21:04:47.876] [SEVERE ] updating countdown to 49016
[21:04:47.876] [SEVERE ] setting player 2 freeze to 3395
[21:04:47.876] [SEVERE ] updating countdown to 49016
[21:04:47.876] [SEVERE ] setting player 2 freeze to 3395
[21:04:47.876] [SEVERE ] updating countdown to 49016
[21:04:47.876] [SEVERE ] setting player 2 freeze to 3395
[21:04:47.877] [SEVERE ] updating countdown to 49015
[21:04:47.877] [SEVERE ] setting player 2 freeze to 3394
[21:04:47.877] [SEVERE ] updating countdown to 49015
[21:04:47.877] [SEVERE ] setting player 2 freeze to 3394
[21:04:47.877] [SEVERE ] updating countdown to 49015
[21:04:47.877] [SEVERE ] setting player 2 freeze to 3394
[21:04:47.877] [SEVERE ] updating countdown to 49015
[21:04:47.877] [SEVERE ] setting player 2 freeze to 3394
[21:04:47.878] [SEVERE ] updating countdown to 49014
[21:04:47.878] [SEVERE ] setting player 2 freeze to 3393
[21:04:47.878] [SEVERE ] updating countdown to 49014
[21:04:47.878] [SEVERE ] setting player 2 freeze to 3393
[21:04:47.878] [SEVERE ] updating countdown to 49014
[21:04:47.878] [SEVERE ] setting player 2 freeze to 3393
[21:04:47.878] [SEVERE ] updating countdown to 49014
[21:04:47.878] [SEVERE ] setting player 2 freeze to 3393
[21:04:47.878] [SEVERE ] updating countdown to 49014
[21:04:47.879] [SEVERE ] setting player 2 freeze to 3392
[21:04:47.879] [SEVERE ] updating countdown to 49013
[21:04:47.879] [SEVERE ] setting player 2 freeze to 3392
[21:04:47.879] [SEVERE ] updating countdown to 49013
[21:04:47.879] [SEVERE ] setting player 2 freeze to 3392
[21:04:47.879] [SEVERE ] updating countdown to 49013
[21:04:47.879] [SEVERE ] setting player 2 freeze to 3392
[21:04:47.879] [SEVERE ] updating countdown to 49013
[21:04:47.879] [SEVERE ] setting player 2 freeze to 3392
[21:04:47.879] [SEVERE ] updating countdown to 49013
[21:04:47.879] [SEVERE ] setting player 2 freeze to 3392
[21:04:47.879] [SEVERE ] updating countdown to 49013
[21:04:47.879] [SEVERE ] setting player 2 freeze to 3392
[21:04:47.880] [SEVERE ] updating countdown to 49012
[21:04:47.880] [SEVERE ] setting player 2 freeze to 3391
[21:04:47.880] [SEVERE ] updating countdown to 49012
[21:04:47.880] [SEVERE ] setting player 2 freeze to 3391
[21:04:47.880] [SEVERE ] updating countdown to 49012
[21:04:47.880] [SEVERE ] setting player 2 freeze to 3391
[21:04:47.880] [SEVERE ] updating countdown to 49012
[21:04:47.880] [SEVERE ] setting player 2 freeze to 3391
[21:04:47.880] [SEVERE ] updating countdown to 49012
[21:04:47.880] [SEVERE ] setting player 2 freeze to 3391
[21:04:47.880] [SEVERE ] updating countdown to 49012
[21:04:47.880] [SEVERE ] setting player 2 freeze to 3391
[21:04:47.880] [SEVERE ] updating countdown to 49012
[21:04:47.881] [SEVERE ] setting player 2 freeze to 3390
[21:04:47.881] [SEVERE ] updating countdown to 49011
[21:04:47.881] [SEVERE ] setting player 2 freeze to 3390
[21:04:47.881] [SEVERE ] updating countdown to 49011
[21:04:47.881] [SEVERE ] setting player 2 freeze to 3390
[21:04:47.881] [SEVERE ] updating countdown to 49011
[21:04:47.881] [SEVERE ] setting player 2 freeze to 3390
[21:04:47.881] [SEVERE ] updating countdown to 49011
[21:04:47.881] [SEVERE ] setting player 2 freeze to 3390
[21:04:47.881] [SEVERE ] updating countdown to 49011
[21:04:47.881] [SEVERE ] setting player 2 freeze to 3390
[21:04:47.881] [SEVERE ] updating countdown to 49011
[21:04:47.881] [SEVERE ] setting player 2 freeze to 3390
[21:04:47.882] [SEVERE ] updating countdown to 49010
[21:04:47.882] [SEVERE ] setting player 2 freeze to 3389
[21:04:47.882] [SEVERE ] updating countdown to 49010
[21:04:47.882] [SEVERE ] setting player 2 freeze to 3389
[21:04:47.882] [SEVERE ] updating countdown to 49010
[21:04:47.882] [SEVERE ] setting player 2 freeze to 3389
[21:04:47.882] [SEVERE ] updating countdown to 49010
[21:04:47.882] [SEVERE ] setting player 2 freeze to 3389
[21:04:47.882] [SEVERE ] updating countdown to 49010
[21:04:47.882] [SEVERE ] setting player 2 freeze to 3389
[21:04:47.882] [SEVERE ] updating countdown to 49010
[21:04:47.882] [SEVERE ] setting player 2 freeze to 3389
[21:04:47.883] [SEVERE ] updating countdown to 49009
[21:04:47.883] [SEVERE ] setting player 2 freeze to 3388
[21:04:47.883] [SEVERE ] updating countdown to 49009
[21:04:47.883] [SEVERE ] setting player 2 freeze to 3388
[21:04:47.884] [SEVERE ] updating countdown to 49008
[21:04:47.884] [SEVERE ] setting player 2 freeze to 3387
[21:04:47.884] [SEVERE ] updating countdown to 49008
[21:04:47.884] [SEVERE ] setting player 2 freeze to 3387
[21:04:47.884] [SEVERE ] updating countdown to 49008
[21:04:47.884] [SEVERE ] setting player 2 freeze to 3387
[21:04:47.884] [SEVERE ] updating countdown to 49008
[21:04:47.884] [SEVERE ] setting player 2 freeze to 3387
[21:04:47.884] [SEVERE ] updating countdown to 49008
[21:04:47.884] [SEVERE ] setting player 2 freeze to 3387
[21:04:47.885] [SEVERE ] updating countdown to 49008
[21:04:47.885] [SEVERE ] setting player 2 freeze to 3386
[21:04:47.885] [SEVERE ] updating countdown to 49007
[21:04:47.885] [SEVERE ] setting player 2 freeze to 3386
[21:04:47.885] [SEVERE ] updating countdown to 49007
[21:04:47.885] [SEVERE ] setting player 2 freeze to 3386
[21:04:47.885] [SEVERE ] updating countdown to 49007
[21:04:47.886] [SEVERE ] setting player 2 freeze to 3385
[21:04:47.886] [SEVERE ] updating countdown to 49006
[21:04:47.886] [SEVERE ] setting player 2 freeze to 3385
[21:04:47.886] [SEVERE ] updating countdown to 49006
[21:04:47.886] [SEVERE ] setting player 2 freeze to 3385
[21:04:47.886] [SEVERE ] updating countdown to 49006
[21:04:47.887] [SEVERE ] setting player 2 freeze to 3384
[21:04:47.887] [SEVERE ] updating countdown to 49005
[21:04:47.887] [SEVERE ] setting player 2 freeze to 3384
[21:04:47.887] [SEVERE ] updating countdown to 49005
[21:04:47.887] [SEVERE ] setting player 2 freeze to 3384
[21:04:47.888] [SEVERE ] updating countdown to 49004
[21:04:47.888] [SEVERE ] setting player 2 freeze to 3383
[21:04:47.888] [SEVERE ] updating countdown to 49004
[21:04:47.888] [SEVERE ] setting player 2 freeze to 3383
[21:04:47.888] [SEVERE ] updating countdown to 49004
[21:04:47.888] [SEVERE ] setting player 2 freeze to 3383
[21:04:47.889] [SEVERE ] updating countdown to 49003
[21:04:47.889] [SEVERE ] setting player 2 freeze to 3382
[21:04:47.889] [SEVERE ] updating countdown to 49003
[21:04:47.889] [SEVERE ] setting player 2 freeze to 3382
[21:04:47.889] [SEVERE ] updating countdown to 49003
[21:04:47.889] [SEVERE ] setting player 2 freeze to 3382
[21:04:47.889] [SEVERE ] updating countdown to 49003
[21:04:47.889] [SEVERE ] setting player 2 freeze to 3382
[21:04:47.889] [SEVERE ] updating countdown to 49003
[21:04:47.890] [SEVERE ] setting player 2 freeze to 3381
[21:04:47.890] [SEVERE ] updating countdown to 49002
[21:04:47.890] [SEVERE ] setting player 2 freeze to 3381
[21:04:47.890] [SEVERE ] updating countdown to 49002
[21:04:47.890] [SEVERE ] setting player 2 freeze to 3381
[21:04:47.891] [SEVERE ] updating countdown to 49001
[21:04:47.891] [SEVERE ] setting player 2 freeze to 3380
[21:04:47.891] [SEVERE ] updating countdown to 49001
[21:04:47.891] [SEVERE ] setting player 2 freeze to 3380
[21:04:47.892] [SEVERE ] updating countdown to 49000
[21:04:47.892] [SEVERE ] setting player 2 freeze to 3379
[21:04:47.892] [SEVERE ] updating countdown to 49000
[21:04:47.892] [SEVERE ] setting player 2 freeze to 3379
[21:04:48.863] [SEVERE ] updating countdown to 48029
[21:04:48.863] [SEVERE ] setting player 2 freeze to 2408
[21:04:48.863] [SEVERE ] updating countdown to 48029
[21:04:48.863] [SEVERE ] setting player 2 freeze to 2408
[21:04:48.864] [SEVERE ] updating countdown to 48028
[21:04:48.864] [SEVERE ] setting player 2 freeze to 2407
[21:04:48.864] [SEVERE ] updating countdown to 48028
[21:04:48.864] [SEVERE ] setting player 2 freeze to 2407
[21:04:48.864] [SEVERE ] updating countdown to 48028
[21:04:48.864] [SEVERE ] setting player 2 freeze to 2407
[21:04:48.864] [SEVERE ] updating countdown to 48028
[21:04:48.865] [SEVERE ] setting player 2 freeze to 2406
[21:04:48.865] [SEVERE ] updating countdown to 48027
[21:04:48.865] [SEVERE ] setting player 2 freeze to 2406
[21:04:48.865] [SEVERE ] updating countdown to 48027
[21:04:48.865] [SEVERE ] setting player 2 freeze to 2406
[21:04:48.865] [SEVERE ] updating countdown to 48027
[21:04:48.865] [SEVERE ] setting player 2 freeze to 2406
[21:04:48.866] [SEVERE ] updating countdown to 48026
[21:04:48.866] [SEVERE ] setting player 2 freeze to 2405
[21:04:48.866] [SEVERE ] updating countdown to 48026
[21:04:48.866] [SEVERE ] setting player 2 freeze to 2405
[21:04:48.866] [SEVERE ] updating countdown to 48026
[21:04:48.866] [SEVERE ] setting player 2 freeze to 2405
[21:04:48.866] [SEVERE ] updating countdown to 48026
[21:04:48.866] [SEVERE ] setting player 2 freeze to 2405
[21:04:48.867] [SEVERE ] updating countdown to 48025
[21:04:48.867] [SEVERE ] setting player 2 freeze to 2404
[21:04:48.867] [SEVERE ] updating countdown to 48025
[21:04:48.867] [SEVERE ] setting player 2 freeze to 2404
[21:04:48.867] [SEVERE ] updating countdown to 48025
[21:04:48.867] [SEVERE ] setting player 2 freeze to 2404
[21:04:48.868] [SEVERE ] updating countdown to 48024
[21:04:48.868] [SEVERE ] setting player 2 freeze to 2403
[21:04:48.868] [SEVERE ] updating countdown to 48024
[21:04:48.868] [SEVERE ] setting player 2 freeze to 2403
[21:04:48.868] [SEVERE ] updating countdown to 48024
[21:04:48.868] [SEVERE ] setting player 2 freeze to 2403
[21:04:48.868] [SEVERE ] updating countdown to 48024
[21:04:48.868] [SEVERE ] setting player 2 freeze to 2403
[21:04:48.868] [SEVERE ] updating countdown to 48024
[21:04:48.868] [SEVERE ] setting player 2 freeze to 2403
[21:04:48.868] [SEVERE ] updating countdown to 48024
[21:04:48.868] [SEVERE ] setting player 2 freeze to 2403
[21:04:48.869] [SEVERE ] updating countdown to 48023
[21:04:48.869] [SEVERE ] setting player 2 freeze to 2402
[21:04:48.869] [SEVERE ] updating countdown to 48023
[21:04:48.869] [SEVERE ] setting player 2 freeze to 2402
[21:04:48.869] [SEVERE ] updating countdown to 48023
[21:04:48.869] [SEVERE ] setting player 2 freeze to 2402
[21:04:48.869] [SEVERE ] updating countdown to 48023
[21:04:48.869] [SEVERE ] setting player 2 freeze to 2402
[21:04:48.869] [SEVERE ] updating countdown to 48023
[21:04:48.869] [SEVERE ] setting player 2 freeze to 2402
[21:04:48.869] [SEVERE ] updating countdown to 48023
[21:04:48.869] [SEVERE ] setting player 2 freeze to 2402
[21:04:48.870] [SEVERE ] updating countdown to 48022
[21:04:48.870] [SEVERE ] setting player 2 freeze to 2401
[21:04:48.870] [SEVERE ] updating countdown to 48022
[21:04:48.870] [SEVERE ] setting player 2 freeze to 2401
[21:04:48.870] [SEVERE ] updating countdown to 48022
[21:04:48.870] [SEVERE ] setting player 2 freeze to 2401
[21:04:48.871] [SEVERE ] updating countdown to 48021
[21:04:48.871] [SEVERE ] setting player 2 freeze to 2400
[21:04:48.871] [SEVERE ] updating countdown to 48021
[21:04:48.871] [SEVERE ] setting player 2 freeze to 2400
[21:04:48.871] [SEVERE ] updating countdown to 48021
[21:04:48.871] [SEVERE ] setting player 2 freeze to 2400
[21:04:48.871] [SEVERE ] updating countdown to 48021
[21:04:48.871] [SEVERE ] setting player 2 freeze to 2400
[21:04:48.872] [SEVERE ] updating countdown to 48020
[21:04:48.872] [SEVERE ] setting player 2 freeze to 2399
[21:04:48.872] [SEVERE ] updating countdown to 48020
[21:04:48.872] [SEVERE ] setting player 2 freeze to 2399
[21:04:48.872] [SEVERE ] updating countdown to 48020
[21:04:48.872] [SEVERE ] setting player 2 freeze to 2399
[21:04:48.872] [SEVERE ] updating countdown to 48020
[21:04:48.872] [SEVERE ] setting player 2 freeze to 2399
[21:04:48.873] [SEVERE ] updating countdown to 48019
[21:04:48.873] [SEVERE ] setting player 2 freeze to 2398
[21:04:48.873] [SEVERE ] updating countdown to 48019
[21:04:48.873] [SEVERE ] setting player 2 freeze to 2398
[21:04:48.873] [SEVERE ] updating countdown to 48019
[21:04:48.873] [SEVERE ] setting player 2 freeze to 2398
[21:04:48.873] [SEVERE ] updating countdown to 48019
[21:04:48.873] [SEVERE ] setting player 2 freeze to 2398
[21:04:48.874] [SEVERE ] updating countdown to 48018
[21:04:48.874] [SEVERE ] setting player 2 freeze to 2397
[21:04:48.874] [SEVERE ] updating countdown to 48018
[21:04:48.874] [SEVERE ] setting player 2 freeze to 2397
[21:04:48.875] [SEVERE ] updating countdown to 48017
[21:04:48.875] [SEVERE ] setting player 2 freeze to 2396
[21:04:48.875] [SEVERE ] updating countdown to 48017
[21:04:48.875] [SEVERE ] setting player 2 freeze to 2396
[21:04:48.875] [SEVERE ] updating countdown to 48017
[21:04:48.875] [SEVERE ] setting player 2 freeze to 2396
[21:04:48.876] [SEVERE ] updating countdown to 48016
[21:04:48.876] [SEVERE ] setting player 2 freeze to 2395
[21:04:48.876] [SEVERE ] updating countdown to 48016
[21:04:48.876] [SEVERE ] setting player 2 freeze to 2395
[21:04:48.877] [SEVERE ] updating countdown to 48015
[21:04:48.877] [SEVERE ] setting player 2 freeze to 2394
[21:04:48.877] [SEVERE ] updating countdown to 48015
[21:04:48.877] [SEVERE ] setting player 2 freeze to 2394
[21:04:48.877] [SEVERE ] updating countdown to 48015
[21:04:48.878] [SEVERE ] setting player 2 freeze to 2393
[21:04:48.878] [SEVERE ] updating countdown to 48014
[21:04:48.878] [SEVERE ] setting player 2 freeze to 2393
[21:04:48.878] [SEVERE ] updating countdown to 48014
[21:04:48.878] [SEVERE ] setting player 2 freeze to 2393
[21:04:48.878] [SEVERE ] updating countdown to 48014
[21:04:48.878] [SEVERE ] setting player 2 freeze to 2393
[21:04:48.879] [SEVERE ] updating countdown to 48013
[21:04:48.879] [SEVERE ] setting player 2 freeze to 2392
[21:04:48.879] [SEVERE ] updating countdown to 48013
[21:04:48.879] [SEVERE ] setting player 2 freeze to 2392
[21:04:48.879] [SEVERE ] updating countdown to 48013
[21:04:48.879] [SEVERE ] setting player 2 freeze to 2392
[21:04:48.880] [SEVERE ] updating countdown to 48012
[21:04:48.880] [SEVERE ] setting player 2 freeze to 2391
[21:04:48.880] [SEVERE ] updating countdown to 48012
[21:04:48.880] [SEVERE ] setting player 2 freeze to 2391
[21:04:48.880] [SEVERE ] updating countdown to 48012
[21:04:48.880] [SEVERE ] setting player 2 freeze to 2391
[21:04:48.880] [SEVERE ] updating countdown to 48012
[21:04:48.880] [SEVERE ] setting player 2 freeze to 2391
[21:04:48.880] [SEVERE ] updating countdown to 48012
[21:04:48.880] [SEVERE ] setting player 2 freeze to 2391
[21:04:48.881] [SEVERE ] updating countdown to 48011
[21:04:48.881] [SEVERE ] setting player 2 freeze to 2390
[21:04:48.881] [SEVERE ] updating countdown to 48011
[21:04:48.881] [SEVERE ] setting player 2 freeze to 2390
[21:04:48.881] [SEVERE ] updating countdown to 48011
[21:04:48.881] [SEVERE ] setting player 2 freeze to 2390
[21:04:48.881] [SEVERE ] updating countdown to 48011
[21:04:48.881] [SEVERE ] setting player 2 freeze to 2390
[21:04:48.881] [SEVERE ] updating countdown to 48011
[21:04:48.881] [SEVERE ] setting player 2 freeze to 2390
[21:04:48.881] [SEVERE ] updating countdown to 48011
[21:04:48.881] [SEVERE ] setting player 2 freeze to 2390
[21:04:48.882] [SEVERE ] updating countdown to 48010
[21:04:48.882] [SEVERE ] setting player 2 freeze to 2389
[21:04:48.882] [SEVERE ] updating countdown to 48010
[21:04:48.882] [SEVERE ] setting player 2 freeze to 2389
[21:04:48.883] [SEVERE ] updating countdown to 48009
[21:04:48.883] [SEVERE ] setting player 2 freeze to 2388
[21:04:48.883] [SEVERE ] updating countdown to 48009
[21:04:48.883] [SEVERE ] setting player 2 freeze to 2388
[21:04:48.884] [SEVERE ] updating countdown to 48008
[21:04:48.884] [SEVERE ] setting player 2 freeze to 2387
[21:04:48.884] [SEVERE ] updating countdown to 48008
[21:04:48.884] [SEVERE ] setting player 2 freeze to 2387
[21:04:48.884] [SEVERE ] updating countdown to 48008
[21:04:48.884] [SEVERE ] setting player 2 freeze to 2387
[21:04:48.885] [SEVERE ] updating countdown to 48007
[21:04:48.885] [SEVERE ] setting player 2 freeze to 2386
[21:04:48.885] [SEVERE ] updating countdown to 48007
[21:04:48.885] [SEVERE ] setting player 2 freeze to 2386
[21:04:48.886] [SEVERE ] updating countdown to 48006
[21:04:48.886] [SEVERE ] setting player 2 freeze to 2385
[21:04:48.887] [SEVERE ] updating countdown to 48005
[21:04:48.887] [SEVERE ] setting player 2 freeze to 2384
[21:04:48.887] [SEVERE ] updating countdown to 48005
[21:04:48.887] [SEVERE ] setting player 2 freeze to 2384
[21:04:48.887] [SEVERE ] updating countdown to 48005
[21:04:48.887] [SEVERE ] setting player 2 freeze to 2384
[21:04:48.888] [SEVERE ] updating countdown to 48004
[21:04:48.888] [SEVERE ] setting player 2 freeze to 2383
[21:04:48.888] [SEVERE ] updating countdown to 48004
[21:04:48.888] [SEVERE ] setting player 2 freeze to 2383
[21:04:48.888] [SEVERE ] updating countdown to 48004
[21:04:48.888] [SEVERE ] setting player 2 freeze to 2383
[21:04:48.888] [SEVERE ] updating countdown to 48004
[21:04:48.888] [SEVERE ] setting player 2 freeze to 2383
[21:04:48.888] [SEVERE ] updating countdown to 48004
[21:04:48.888] [SEVERE ] setting player 2 freeze to 2383
[21:04:48.889] [SEVERE ] updating countdown to 48003
[21:04:48.889] [SEVERE ] setting player 2 freeze to 2382
[21:04:48.889] [SEVERE ] updating countdown to 48003
[21:04:48.889] [SEVERE ] setting player 2 freeze to 2382
[21:04:48.889] [SEVERE ] updating countdown to 48003
[21:04:48.889] [SEVERE ] setting player 2 freeze to 2382
[21:04:48.890] [SEVERE ] updating countdown to 48002
[21:04:48.890] [SEVERE ] setting player 2 freeze to 2381
[21:04:48.890] [SEVERE ] updating countdown to 48002
[21:04:48.890] [SEVERE ] setting player 2 freeze to 2381
[21:04:48.891] [SEVERE ] updating countdown to 48001
[21:04:48.891] [SEVERE ] setting player 2 freeze to 2380
[21:04:48.891] [SEVERE ] updating countdown to 48001
[21:04:48.891] [SEVERE ] setting player 2 freeze to 2380
[21:04:48.892] [SEVERE ] updating countdown to 48000
[21:04:48.892] [SEVERE ] setting player 2 freeze to 2379
[21:04:48.892] [SEVERE ] updating countdown to 48000
[21:04:48.892] [SEVERE ] setting player 2 freeze to 2379
[21:04:48.893] [SEVERE ] updating countdown to 47999
[21:04:48.893] [SEVERE ] setting player 2 freeze to 2378
[21:04:49.344] [SEVERE ] exit button pressed
[21:04:49.344] [INFO   ] thread computer-1 terminated.
[21:04:49.344] [INFO   ] thread Thread-0 terminated.
[21:04:49.863] [SEVERE ] updating countdown to 47029
[21:04:49.863] [SEVERE ] setting player 2 freeze to 1408
[21:04:49.864] [SEVERE ] updating countdown to 47028
[21:04:49.864] [SEVERE ] setting player 2 freeze to 1407
[21:04:49.966] [SEVERE ] removing card from slot 0
[21:04:50.076] [SEVERE ] removing player 2 token from slot 1
[21:04:50.076] [SEVERE ] removing card from slot 1
[21:04:50.187] [SEVERE ] removing card from slot 2
[21:04:50.296] [SEVERE ] removing card from slot 3
[21:04:50.406] [SEVERE ] removing player 2 token from slot 4
[21:04:50.406] [SEVERE ] removing card from slot 4
[21:04:50.515] [SEVERE ] removing card from slot 5
[21:04:50.626] [SEVERE ] removing card from slot 6
[21:04:50.736] [SEVERE ] removing card from slot 7
[21:04:50.845] [SEVERE ] removing card from slot 8
[21:04:50.954] [SEVERE ] removing card from slot 9
[21:04:51.063] [SEVERE ] removing card from slot 10
[21:04:51.173] [SEVERE ] removing player 2 token from slot 11
[21:04:51.173] [SEVERE ] removing card from slot 11
[21:04:51.176] [SEVERE ] announcing winner(s): player 1, player 2
[21:04:51.177] [INFO   ] thread dealer terminated.
[21:04:51.178] [INFO   ] thread Thread-1 terminated.
[21:04:51.178] [INFO   ] thread dealer terminated.
[21:04:51.178] [SEVERE ] thanks for playing... it was fun!
[21:04:51.179] [INFO   ] thread main terminated.
