[23:48:28.313] [INFO   ] thread main starting.
[23:48:28.326] [SEVERE ] cannot read configuration file config.properties trying from resources.
[23:48:28.328] [SEVERE ] configuration file was loaded from resources directory.
[23:48:28.705] [INFO   ] thread dealer starting.
[23:48:28.706] [INFO   ] thread dealer starting.
[23:48:28.706] [SEVERE ] updating countdown to 60000
[23:48:28.707] [INFO   ] thread Thread-0 starting.
[23:48:28.707] [INFO   ] thread Thread-1 starting.
[23:48:28.708] [INFO   ] thread computer-1 starting.
[23:48:28.816] [SEVERE ] placing card 16 in slot 0
[23:48:28.923] [SEVERE ] placing card 43 in slot 1
[23:48:29.046] [SEVERE ] placing card 18 in slot 2
[23:48:29.154] [SEVERE ] placing card 22 in slot 3
[23:48:29.264] [SEVERE ] placing card 50 in slot 4
[23:48:29.374] [SEVERE ] placing card 63 in slot 5
[23:48:29.484] [SEVERE ] placing card 23 in slot 6
[23:48:29.594] [SEVERE ] placing card 48 in slot 7
[23:48:29.704] [SEVERE ] placing card 14 in slot 8
[23:48:29.815] [SEVERE ] placing card 55 in slot 9
[23:48:29.924] [SEVERE ] placing card 11 in slot 10
[23:48:30.027] [SEVERE ] placing card 6 in slot 11
[23:48:30.027] [SEVERE ] player 2 placing token on slot 10
[23:48:30.028] [SEVERE ] player 2 placing token on slot 6
[23:48:30.028] [SEVERE ] player 2 placing token on slot 0
[23:48:30.137] [SEVERE ] removing player 2 token from slot 0
[23:48:30.137] [SEVERE ] removing card from slot 0
[23:48:30.244] [SEVERE ] removing card from slot 1
[23:48:30.345] [SEVERE ] removing card from slot 2
[23:48:30.452] [SEVERE ] removing card from slot 3
[23:48:30.553] [SEVERE ] removing card from slot 4
[23:48:30.661] [SEVERE ] removing card from slot 5
[23:48:30.769] [SEVERE ] removing player 2 token from slot 6
[23:48:30.769] [SEVERE ] removing card from slot 6
[23:48:30.871] [SEVERE ] removing card from slot 7
[23:48:30.976] [SEVERE ] removing card from slot 8
[23:48:31.084] [SEVERE ] removing card from slot 9
[23:48:31.186] [SEVERE ] removing player 2 token from slot 10
[23:48:31.186] [SEVERE ] removing card from slot 10
[23:48:31.294] [SEVERE ] removing card from slot 11
[23:48:31.395] [SEVERE ] placing card 5 in slot 0
[23:48:31.502] [SEVERE ] placing card 21 in slot 1
[23:48:31.604] [SEVERE ] placing card 3 in slot 2
[23:48:31.713] [SEVERE ] placing card 49 in slot 3
[23:48:31.823] [SEVERE ] placing card 18 in slot 4
[23:48:31.930] [SEVERE ] placing card 60 in slot 5
[23:48:32.035] [SEVERE ] placing card 55 in slot 6
[23:48:32.144] [SEVERE ] placing card 28 in slot 7
[23:48:32.254] [SEVERE ] placing card 2 in slot 8
[23:48:32.365] [SEVERE ] placing card 22 in slot 9
[23:48:32.475] [SEVERE ] placing card 20 in slot 10
[23:48:32.510] [SEVERE ] exit button pressed
[23:48:32.510] [INFO   ] thread Thread-0 terminated.
[23:48:32.510] [INFO   ] thread computer-1 terminated.
[23:48:32.510] [INFO   ] thread Thread-1 terminated.
[23:48:32.576] [SEVERE ] placing card 79 in slot 11
[23:48:32.700] [SEVERE ] removing card from slot 0
[23:48:32.802] [SEVERE ] removing card from slot 1
[23:48:32.906] [SEVERE ] removing card from slot 2
[23:48:33.020] [SEVERE ] removing card from slot 3
[23:48:33.135] [SEVERE ] removing card from slot 4
[23:48:33.244] [SEVERE ] removing card from slot 5
[23:48:33.359] [SEVERE ] removing card from slot 6
[23:48:33.469] [SEVERE ] removing card from slot 7
[23:48:33.576] [SEVERE ] removing card from slot 8
[23:48:33.691] [SEVERE ] removing card from slot 9
[23:48:33.794] [SEVERE ] removing card from slot 10
[23:48:33.903] [SEVERE ] removing card from slot 11
[23:48:33.910] [SEVERE ] announcing winner(s): player 1, player 2
[23:48:33.912] [INFO   ] thread dealer terminated.
[23:48:33.913] [INFO   ] thread dealer terminated.
[23:48:33.913] [SEVERE ] thanks for playing... it was fun!
[23:48:33.914] [INFO   ] thread main terminated.
