[22:08:26.997] [INFO   ] thread main starting.
[22:08:27.003] [SEVERE ] cannot read configuration file config.properties trying from resources.
[22:08:27.003] [SEVERE ] configuration file was loaded from resources directory.
[22:08:27.364] [INFO   ] thread dealer starting.
[22:08:27.364] [INFO   ] thread dealer starting.
[22:08:27.365] [SEVERE ] updating countdown to 60000
[22:08:27.365] [INFO   ] thread Thread-0 starting.
[22:08:27.365] [INFO   ] thread Thread-1 starting.
[22:08:27.365] [INFO   ] thread Thread-2 starting.
[22:08:27.365] [INFO   ] thread Thread-3 starting.
[22:08:27.366] [INFO   ] thread computer-0 starting.
[22:08:27.366] [INFO   ] thread computer-1 starting.
[22:08:27.366] [INFO   ] thread computer-2 starting.
[22:08:27.366] [INFO   ] thread computer-3 starting.
[22:08:27.467] [SEVERE ] updating countdown to 59898
[22:08:27.577] [SEVERE ] placing card 53 in slot 0
[22:08:27.682] [SEVERE ] placing card 56 in slot 1
[22:08:27.785] [SEVERE ] placing card 21 in slot 2
[22:08:27.893] [SEVERE ] placing card 59 in slot 3
[22:08:28.001] [SEVERE ] placing card 58 in slot 4
[22:08:28.103] [SEVERE ] placing card 24 in slot 5
[22:08:28.205] [SEVERE ] placing card 8 in slot 6
[22:08:28.310] [SEVERE ] placing card 45 in slot 7
[22:08:28.411] [SEVERE ] placing card 76 in slot 8
[22:08:28.526] [SEVERE ] placing card 55 in slot 9
[22:08:28.635] [SEVERE ] placing card 75 in slot 10
[22:08:28.751] [SEVERE ] placing card 14 in slot 11
[22:08:28.751] [SEVERE ] player 4 placing token on slot 10
[22:08:28.751] [SEVERE ] player 3 placing token on slot 1
[22:08:28.751] [SEVERE ] player 1 placing token on slot 11
[22:08:28.751] [SEVERE ] player 2 placing token on slot 10
[22:08:28.751] [SEVERE ] player 4 placing token on slot 9
[22:08:28.751] [SEVERE ] player 3 placing token on slot 0
[22:08:28.751] [SEVERE ] player 1 placing token on slot 6
[22:08:28.751] [SEVERE ] player 2 placing token on slot 6
[22:08:28.751] [SEVERE ] player 1 placing token on slot 9
[22:08:28.751] [SEVERE ] player 4 placing token on slot 11
[22:08:28.751] [SEVERE ] player 3 placing token on slot 10
[22:08:28.751] [SEVERE ] player 2 placing token on slot 4
[22:08:28.753] [SEVERE ] setting player 1 freeze to 3900
[22:08:28.753] [SEVERE ] setting player 1 freeze to 3900
[22:08:28.753] [SEVERE ] setting player 4 freeze to 3900
[22:08:28.753] [SEVERE ] setting player 1 freeze to 3900
[22:08:28.753] [SEVERE ] setting player 4 freeze to 3900
[22:08:28.761] [SEVERE ] setting player 2 freeze to 3900
[22:08:28.761] [SEVERE ] setting player 1 freeze to 3892
[22:08:28.762] [SEVERE ] setting player 2 freeze to 3899
[22:08:28.762] [SEVERE ] setting player 4 freeze to 3891
[22:08:28.764] [SEVERE ] setting player 3 freeze to 3900
[22:08:28.765] [SEVERE ] setting player 1 freeze to 3888
[22:08:28.765] [SEVERE ] setting player 2 freeze to 3896
[22:08:28.765] [SEVERE ] setting player 3 freeze to 3899
[22:08:28.765] [SEVERE ] setting player 4 freeze to 3888
[22:08:28.767] [SEVERE ] updating countdown to 58598
[22:08:28.767] [SEVERE ] setting player 1 freeze to 3886
[22:08:28.767] [SEVERE ] setting player 2 freeze to 3894
[22:08:28.768] [SEVERE ] setting player 3 freeze to 3896
[22:08:28.768] [SEVERE ] setting player 4 freeze to 3885
[22:08:29.769] [SEVERE ] updating countdown to 57596
[22:08:29.769] [SEVERE ] setting player 1 freeze to 2884
[22:08:29.769] [SEVERE ] setting player 2 freeze to 2892
[22:08:29.769] [SEVERE ] setting player 3 freeze to 2895
[22:08:29.769] [SEVERE ] setting player 4 freeze to 2884
[22:08:29.769] [SEVERE ] updating countdown to 57596
[22:08:29.769] [SEVERE ] setting player 1 freeze to 2884
[22:08:29.769] [SEVERE ] setting player 2 freeze to 2892
[22:08:29.769] [SEVERE ] setting player 3 freeze to 2895
[22:08:29.769] [SEVERE ] setting player 4 freeze to 2884
[22:08:30.777] [SEVERE ] updating countdown to 56589
[22:08:30.777] [SEVERE ] setting player 1 freeze to 1876
[22:08:30.777] [SEVERE ] setting player 2 freeze to 1884
[22:08:30.777] [SEVERE ] setting player 3 freeze to 1887
[22:08:30.777] [SEVERE ] setting player 4 freeze to 1876
[22:08:30.777] [SEVERE ] updating countdown to 56588
[22:08:30.777] [SEVERE ] setting player 1 freeze to 1876
[22:08:30.777] [SEVERE ] setting player 2 freeze to 1884
[22:08:30.777] [SEVERE ] setting player 3 freeze to 1887
[22:08:30.777] [SEVERE ] setting player 4 freeze to 1876
[22:08:31.760] [SEVERE ] removing player 4 token from slot 10
[22:08:31.760] [SEVERE ] removing player 1 token from slot 6
[22:08:31.760] [SEVERE ] player 4 placing token on slot 1
[22:08:31.760] [SEVERE ] player 1 placing token on slot 4
[22:08:31.761] [SEVERE ] setting player 1 freeze to 3900
[22:08:31.761] [SEVERE ] setting player 1 freeze to 3900
[22:08:31.761] [SEVERE ] setting player 2 freeze to 0
[22:08:31.761] [SEVERE ] setting player 3 freeze to 903
[22:08:31.761] [SEVERE ] setting player 4 freeze to 0
[22:08:31.761] [SEVERE ] setting player 4 freeze to 3900
[22:08:31.761] [SEVERE ] setting player 1 freeze to 3900
[22:08:31.761] [SEVERE ] setting player 3 freeze to 903
[22:08:31.761] [SEVERE ] setting player 4 freeze to 3900
[22:08:31.776] [SEVERE ] removing player 2 token from slot 10
[22:08:31.776] [SEVERE ] removing player 3 token from slot 1
[22:08:31.776] [SEVERE ] player 2 placing token on slot 3
[22:08:31.776] [SEVERE ] player 3 placing token on slot 4
[22:08:31.777] [SEVERE ] setting player 2 freeze to 3900
[22:08:31.777] [SEVERE ] setting player 1 freeze to 3884
[22:08:31.777] [SEVERE ] setting player 2 freeze to 3900
[22:08:31.777] [SEVERE ] setting player 3 freeze to 0
[22:08:31.777] [SEVERE ] setting player 4 freeze to 3884
[22:08:31.778] [SEVERE ] setting player 3 freeze to 3900
[22:08:31.778] [SEVERE ] setting player 1 freeze to 3883
[22:08:31.779] [SEVERE ] setting player 2 freeze to 3898
[22:08:31.779] [SEVERE ] setting player 3 freeze to 3899
[22:08:31.779] [SEVERE ] setting player 4 freeze to 3882
[22:08:32.763] [SEVERE ] updating countdown to 54602
[22:08:32.763] [SEVERE ] setting player 1 freeze to 2898
[22:08:32.763] [SEVERE ] setting player 2 freeze to 2914
[22:08:32.763] [SEVERE ] setting player 3 freeze to 2915
[22:08:32.763] [SEVERE ] setting player 4 freeze to 2898
[22:08:32.780] [SEVERE ] updating countdown to 54585
[22:08:32.780] [SEVERE ] setting player 1 freeze to 2881
[22:08:32.780] [SEVERE ] setting player 2 freeze to 2897
[22:08:32.780] [SEVERE ] setting player 3 freeze to 2898
[22:08:32.780] [SEVERE ] setting player 4 freeze to 2881
[22:08:33.766] [SEVERE ] updating countdown to 53599
[22:08:33.766] [SEVERE ] setting player 1 freeze to 1895
[22:08:33.766] [SEVERE ] setting player 2 freeze to 1911
[22:08:33.766] [SEVERE ] setting player 3 freeze to 1912
[22:08:33.766] [SEVERE ] setting player 4 freeze to 1895
[22:08:33.782] [SEVERE ] updating countdown to 53583
[22:08:33.782] [SEVERE ] setting player 1 freeze to 1879
[22:08:33.782] [SEVERE ] setting player 2 freeze to 1895
[22:08:33.782] [SEVERE ] setting player 3 freeze to 1896
[22:08:33.782] [SEVERE ] setting player 4 freeze to 1879
[22:08:34.763] [SEVERE ] removing player 1 token from slot 11
[22:08:34.763] [SEVERE ] player 1 placing token on slot 5
[22:08:34.764] [SEVERE ] setting player 1 freeze to 3900
[22:08:34.764] [SEVERE ] setting player 1 freeze to 3900
[22:08:34.764] [SEVERE ] setting player 2 freeze to 913
[22:08:34.764] [SEVERE ] setting player 3 freeze to 914
[22:08:34.765] [SEVERE ] setting player 4 freeze to 0
[22:08:34.765] [SEVERE ] removing player 4 token from slot 11
[22:08:34.765] [SEVERE ] player 4 placing token on slot 4
[22:08:34.765] [SEVERE ] setting player 4 freeze to 3900
[22:08:34.765] [SEVERE ] setting player 1 freeze to 3899
[22:08:34.766] [SEVERE ] setting player 2 freeze to 911
[22:08:34.766] [SEVERE ] setting player 3 freeze to 912
[22:08:34.766] [SEVERE ] setting player 4 freeze to 3899
[22:08:34.779] [SEVERE ] removing player 3 token from slot 0
[22:08:34.779] [SEVERE ] removing player 2 token from slot 4
[22:08:34.779] [SEVERE ] player 3 placing token on slot 8
[22:08:34.779] [SEVERE ] player 2 placing token on slot 1
[22:08:34.780] [SEVERE ] setting player 2 freeze to 3900
[22:08:34.780] [SEVERE ] setting player 1 freeze to 3884
[22:08:34.780] [SEVERE ] setting player 2 freeze to 3900
[22:08:34.780] [SEVERE ] setting player 3 freeze to 0
[22:08:34.780] [SEVERE ] setting player 4 freeze to 3885
[22:08:34.782] [SEVERE ] setting player 3 freeze to 3900
[22:08:34.782] [SEVERE ] setting player 1 freeze to 3882
[22:08:34.782] [SEVERE ] setting player 2 freeze to 3898
[22:08:34.782] [SEVERE ] setting player 3 freeze to 3900
[22:08:34.782] [SEVERE ] setting player 4 freeze to 3883
[22:08:35.766] [SEVERE ] updating countdown to 51599
[22:08:35.766] [SEVERE ] setting player 1 freeze to 2898
[22:08:35.766] [SEVERE ] setting player 2 freeze to 2914
[22:08:35.766] [SEVERE ] setting player 3 freeze to 2916
[22:08:35.766] [SEVERE ] setting player 4 freeze to 2899
[22:08:35.784] [SEVERE ] updating countdown to 51581
[22:08:35.784] [SEVERE ] setting player 1 freeze to 2880
[22:08:35.784] [SEVERE ] setting player 2 freeze to 2896
[22:08:35.784] [SEVERE ] setting player 3 freeze to 2898
[22:08:35.784] [SEVERE ] setting player 4 freeze to 2881
[22:08:36.768] [SEVERE ] updating countdown to 50597
[22:08:36.768] [SEVERE ] setting player 1 freeze to 1896
[22:08:36.768] [SEVERE ] setting player 2 freeze to 1912
[22:08:36.768] [SEVERE ] setting player 3 freeze to 1914
[22:08:36.768] [SEVERE ] setting player 4 freeze to 1897
[22:08:36.785] [SEVERE ] updating countdown to 50580
[22:08:36.785] [SEVERE ] setting player 1 freeze to 1879
[22:08:36.785] [SEVERE ] setting player 2 freeze to 1895
[22:08:36.785] [SEVERE ] setting player 3 freeze to 1897
[22:08:36.785] [SEVERE ] setting player 4 freeze to 1880
[22:08:37.406] [SEVERE ] exit button pressed
[22:08:37.407] [INFO   ] thread computer-1 terminated.
[22:08:37.407] [INFO   ] thread computer-0 terminated.
[22:08:37.407] [INFO   ] thread computer-2 terminated.
[22:08:37.407] [INFO   ] thread computer-3 terminated.
[22:08:37.769] [SEVERE ] updating countdown to 49596
[22:08:37.769] [SEVERE ] setting player 1 freeze to 0
[22:08:37.769] [SEVERE ] setting player 2 freeze to 911
[22:08:37.769] [SEVERE ] setting player 3 freeze to 913
[22:08:37.769] [SEVERE ] setting player 4 freeze to 0
[22:08:37.769] [SEVERE ] setting player 2 freeze to 911
[22:08:37.769] [SEVERE ] setting player 3 freeze to 913
[22:08:37.871] [SEVERE ] removing card from slot 0
[22:08:37.977] [SEVERE ] removing player 4 token from slot 1
[22:08:37.977] [SEVERE ] removing player 2 token from slot 1
[22:08:37.978] [SEVERE ] removing card from slot 1
[22:08:38.085] [SEVERE ] removing card from slot 2
[22:08:38.193] [SEVERE ] removing player 2 token from slot 3
[22:08:38.193] [SEVERE ] removing card from slot 3
[22:08:38.304] [SEVERE ] removing player 1 token from slot 4
[22:08:38.305] [SEVERE ] removing player 3 token from slot 4
[22:08:38.305] [SEVERE ] removing player 4 token from slot 4
[22:08:38.305] [SEVERE ] removing card from slot 4
[22:08:38.410] [SEVERE ] removing player 1 token from slot 5
[22:08:38.411] [SEVERE ] removing card from slot 5
[22:08:38.518] [SEVERE ] removing player 2 token from slot 6
[22:08:38.518] [SEVERE ] removing card from slot 6
[22:08:38.630] [SEVERE ] removing card from slot 7
[22:08:38.731] [SEVERE ] removing player 3 token from slot 8
[22:08:38.731] [SEVERE ] removing card from slot 8
[22:08:38.837] [SEVERE ] removing player 4 token from slot 9
[22:08:38.838] [SEVERE ] removing player 1 token from slot 9
[22:08:38.839] [SEVERE ] removing card from slot 9
[22:08:38.940] [SEVERE ] removing player 3 token from slot 10
[22:08:38.940] [SEVERE ] removing card from slot 10
[22:08:39.053] [SEVERE ] removing card from slot 11
[22:08:39.054] [SEVERE ] announcing winner(s): player 1, player 2, player 3, player 4
[22:08:39.056] [INFO   ] thread dealer terminated.
[22:08:39.056] [INFO   ] thread dealer terminated.
[22:08:39.056] [SEVERE ] thanks for playing... it was fun!
[22:08:39.056] [INFO   ] thread Thread-0 terminated.
[22:08:39.056] [INFO   ] thread Thread-1 terminated.
[22:08:39.056] [INFO   ] thread Thread-2 terminated.
[22:08:39.056] [INFO   ] thread Thread-3 terminated.
[22:08:39.057] [INFO   ] thread main terminated.
