[14:18:46.210] [INFO   ] thread main starting.
[14:18:46.216] [SEVERE ] cannot read configuration file config.properties trying from resources.
[14:18:46.218] [SEVERE ] configuration file was loaded from resources directory.
[14:18:46.595] [INFO   ] thread dealer starting.
[14:18:46.596] [INFO   ] thread dealer starting.
[14:18:46.596] [SEVERE ] updating countdown to 5000
[14:18:46.596] [INFO   ] thread Thread-0 starting.
[14:18:46.596] [INFO   ] thread Thread-1 starting.
[14:18:46.597] [INFO   ] thread Thread-2 starting.
[14:18:46.597] [INFO   ] thread Thread-3 starting.
[14:18:46.597] [INFO   ] thread computer-0 starting.
[14:18:46.597] [INFO   ] thread computer-1 starting.
[14:18:46.598] [INFO   ] thread computer-2 starting.
[14:18:46.598] [INFO   ] thread computer-3 starting.
[14:18:46.720] [SEVERE ] placing card 73 in slot 0
[14:18:46.825] [SEVERE ] placing card 32 in slot 1
[14:18:46.926] [SEVERE ] placing card 45 in slot 2
[14:18:47.030] [SEVERE ] placing card 25 in slot 3
[14:18:47.132] [SEVERE ] placing card 42 in slot 4
[14:18:47.237] [SEVERE ] placing card 71 in slot 5
[14:18:47.338] [SEVERE ] placing card 80 in slot 6
[14:18:47.452] [SEVERE ] placing card 74 in slot 7
[14:18:47.562] [SEVERE ] placing card 20 in slot 8
[14:18:47.670] [SEVERE ] placing card 41 in slot 9
[14:18:47.771] [SEVERE ] placing card 3 in slot 10
[14:18:47.885] [SEVERE ] placing card 4 in slot 11
[14:18:47.885] [SEVERE ] player 1 placing token on slot 5
[14:18:47.885] [SEVERE ] player 3 placing token on slot 10
[14:18:47.885] [SEVERE ] player 2 placing token on slot 0
[14:18:47.885] [SEVERE ] player 4 placing token on slot 9
[14:18:47.885] [SEVERE ] player 1 placing token on slot 8
[14:18:47.886] [SEVERE ] player 2 placing token on slot 11
[14:18:47.886] [SEVERE ] removing player 3 token from slot 10
[14:18:47.886] [SEVERE ] player 4 placing token on slot 1
[14:18:47.886] [SEVERE ] player 1 placing token on slot 10
[14:18:47.886] [SEVERE ] player 2 placing token on slot 10
[14:18:47.887] [SEVERE ] player 3 placing token on slot 5
[14:18:47.887] [SEVERE ] player 4 placing token on slot 4
[14:18:47.887] [SEVERE ] player 3 placing token on slot 2
[14:18:47.889] [SEVERE ] player 3 placing token on slot 1
[14:18:47.894] [SEVERE ] setting player 1 freeze to 900
[14:18:47.894] [SEVERE ] removing player 1 token from slot 10
[14:18:47.894] [SEVERE ] setting player 1 freeze to 0
[14:18:47.894] [SEVERE ] removing player 1 token from slot 8
[14:18:47.895] [SEVERE ] player 1 placing token on slot 9
[14:18:47.896] [SEVERE ] player 1 placing token on slot 0
[14:18:47.898] [SEVERE ] setting player 2 freeze to 900
[14:18:47.898] [SEVERE ] setting player 2 freeze to 0
[14:18:47.898] [SEVERE ] removing player 2 token from slot 10
[14:18:47.898] [SEVERE ] player 2 placing token on slot 3
[14:18:47.901] [SEVERE ] setting player 4 freeze to 900
[14:18:47.901] [SEVERE ] setting player 4 freeze to 0
[14:18:47.901] [SEVERE ] removing player 4 token from slot 9
[14:18:47.902] [SEVERE ] player 4 placing token on slot 0
[14:18:47.903] [SEVERE ] setting player 3 freeze to 900
[14:18:47.903] [SEVERE ] setting player 3 freeze to 0
[14:18:47.903] [SEVERE ] removing player 3 token from slot 5
[14:18:47.904] [SEVERE ] player 3 placing token on slot 4
[14:18:47.905] [SEVERE ] setting player 1 freeze to 900
[14:18:47.905] [SEVERE ] setting player 1 freeze to 0
[14:18:47.905] [SEVERE ] removing player 1 token from slot 0
[14:18:47.905] [SEVERE ] player 1 placing token on slot 0
[14:18:47.906] [SEVERE ] setting player 2 freeze to 900
[14:18:47.907] [SEVERE ] removing player 2 token from slot 3
[14:18:47.907] [SEVERE ] setting player 2 freeze to 0
[14:18:47.908] [SEVERE ] removing player 2 token from slot 0
[14:18:47.908] [SEVERE ] player 2 placing token on slot 0
[14:18:47.908] [SEVERE ] player 2 placing token on slot 5
[14:18:47.909] [SEVERE ] setting player 4 freeze to 900
[14:18:47.909] [SEVERE ] setting player 4 freeze to 0
[14:18:47.909] [SEVERE ] removing player 4 token from slot 1
[14:18:47.910] [SEVERE ] player 4 placing token on slot 3
[14:18:47.910] [SEVERE ] setting player 3 freeze to 900
[14:18:47.911] [SEVERE ] setting player 3 freeze to 0
[14:18:47.911] [SEVERE ] removing player 3 token from slot 4
[14:18:47.911] [SEVERE ] player 3 placing token on slot 10
[14:18:47.912] [SEVERE ] setting player 1 freeze to 900
[14:18:47.912] [SEVERE ] setting player 1 freeze to 0
[14:18:47.913] [SEVERE ] removing player 1 token from slot 9
[14:18:47.913] [SEVERE ] player 1 placing token on slot 4
[14:18:47.914] [SEVERE ] setting player 2 freeze to 900
[14:18:47.914] [SEVERE ] setting player 2 freeze to 0
[14:18:47.915] [SEVERE ] removing player 2 token from slot 11
[14:18:47.915] [SEVERE ] player 2 placing token on slot 7
[14:18:47.916] [SEVERE ] setting player 4 freeze to 900
[14:18:47.916] [SEVERE ] removing player 4 token from slot 3
[14:18:47.916] [SEVERE ] player 4 placing token on slot 1
[14:18:47.916] [SEVERE ] setting player 4 freeze to 0
[14:18:47.918] [SEVERE ] setting player 3 freeze to 900
[14:18:47.918] [SEVERE ] setting player 3 freeze to 0
[14:18:47.918] [SEVERE ] removing player 3 token from slot 10
[14:18:47.919] [SEVERE ] removing player 3 token from slot 1
[14:18:47.919] [SEVERE ] setting player 1 freeze to 900
[14:18:47.919] [SEVERE ] player 3 placing token on slot 1
[14:18:47.919] [SEVERE ] setting player 1 freeze to 0
[14:18:47.919] [SEVERE ] player 3 placing token on slot 4
[14:18:47.919] [SEVERE ] removing player 1 token from slot 0
[14:18:47.919] [SEVERE ] player 1 placing token on slot 0
[14:18:47.920] [SEVERE ] setting player 2 freeze to 900
[14:18:47.921] [SEVERE ] setting player 2 freeze to 0
[14:18:47.921] [SEVERE ] removing player 2 token from slot 7
[14:18:47.921] [SEVERE ] player 2 placing token on slot 3
[14:18:47.922] [SEVERE ] setting player 4 freeze to 900
[14:18:47.922] [SEVERE ] setting player 4 freeze to 0
[14:18:47.922] [SEVERE ] removing player 4 token from slot 4
[14:18:47.922] [SEVERE ] player 4 placing token on slot 9
[14:18:47.923] [SEVERE ] setting player 3 freeze to 900
[14:18:47.923] [SEVERE ] setting player 3 freeze to 0
[14:18:47.923] [SEVERE ] removing player 3 token from slot 4
[14:18:47.923] [SEVERE ] player 3 placing token on slot 11
[14:18:47.924] [SEVERE ] setting player 1 freeze to 900
[14:18:47.924] [SEVERE ] setting player 1 freeze to 0
[14:18:47.924] [SEVERE ] removing player 1 token from slot 5
[14:18:47.924] [SEVERE ] player 1 placing token on slot 10
[14:18:47.925] [SEVERE ] setting player 2 freeze to 900
[14:18:47.925] [SEVERE ] setting player 2 freeze to 0
[14:18:47.925] [SEVERE ] removing player 2 token from slot 3
[14:18:47.925] [SEVERE ] player 2 placing token on slot 1
[14:18:47.926] [SEVERE ] setting player 3 freeze to 900
[14:18:47.926] [SEVERE ] setting player 3 freeze to 0
[14:18:47.927] [SEVERE ] removing player 3 token from slot 1
[14:18:47.927] [SEVERE ] player 3 placing token on slot 6
[14:18:47.928] [SEVERE ] setting player 4 freeze to 900
[14:18:47.928] [SEVERE ] setting player 4 freeze to 0
[14:18:47.929] [SEVERE ] removing player 4 token from slot 1
[14:18:47.929] [SEVERE ] player 4 placing token on slot 6
[14:18:47.930] [SEVERE ] setting player 1 freeze to 900
[14:18:47.930] [SEVERE ] setting player 1 freeze to 0
[14:18:47.930] [SEVERE ] removing player 1 token from slot 4
[14:18:47.931] [SEVERE ] player 1 placing token on slot 9
[14:18:47.931] [SEVERE ] setting player 2 freeze to 900
[14:18:47.932] [SEVERE ] setting player 2 freeze to 0
[14:18:47.932] [SEVERE ] removing player 2 token from slot 5
[14:18:47.932] [SEVERE ] player 2 placing token on slot 5
[14:18:47.933] [SEVERE ] setting player 3 freeze to 900
[14:18:47.933] [SEVERE ] setting player 3 freeze to 0
[14:18:47.933] [SEVERE ] removing player 3 token from slot 2
[14:18:47.933] [SEVERE ] player 3 placing token on slot 9
[14:18:47.934] [SEVERE ] setting player 4 freeze to 900
[14:18:47.934] [SEVERE ] setting player 4 freeze to 0
[14:18:47.934] [SEVERE ] removing player 4 token from slot 9
[14:18:47.934] [SEVERE ] player 4 placing token on slot 1
[14:18:47.935] [SEVERE ] setting player 1 freeze to 900
[14:18:47.935] [SEVERE ] setting player 1 freeze to 0
[14:18:47.935] [SEVERE ] removing player 1 token from slot 10
[14:18:47.935] [SEVERE ] player 1 placing token on slot 6
[14:18:47.936] [SEVERE ] setting player 2 freeze to 900
[14:18:47.937] [SEVERE ] setting player 2 freeze to 0
[14:18:47.937] [SEVERE ] removing player 2 token from slot 5
[14:18:47.937] [SEVERE ] player 2 placing token on slot 7
[14:18:47.938] [SEVERE ] setting player 3 freeze to 900
[14:18:47.939] [SEVERE ] setting player 3 freeze to 0
[14:18:47.939] [SEVERE ] removing player 3 token from slot 11
[14:18:47.939] [SEVERE ] player 3 placing token on slot 8
[14:18:47.940] [SEVERE ] setting player 4 freeze to 900
[14:18:47.940] [SEVERE ] setting player 4 freeze to 0
[14:18:47.940] [SEVERE ] removing player 4 token from slot 1
[14:18:47.940] [SEVERE ] player 4 placing token on slot 5
[14:18:47.941] [SEVERE ] setting player 1 freeze to 900
[14:18:47.941] [SEVERE ] setting player 1 freeze to 0
[14:18:47.941] [SEVERE ] removing player 1 token from slot 9
[14:18:47.941] [SEVERE ] player 1 placing token on slot 8
[14:18:47.943] [SEVERE ] setting player 2 freeze to 900
[14:18:47.943] [SEVERE ] setting player 2 freeze to 0
[14:18:47.943] [SEVERE ] removing player 2 token from slot 1
[14:18:47.943] [SEVERE ] player 2 placing token on slot 1
[14:18:47.944] [SEVERE ] setting player 3 freeze to 900
[14:18:47.944] [SEVERE ] setting player 3 freeze to 0
[14:18:47.944] [SEVERE ] removing player 3 token from slot 6
[14:18:47.945] [SEVERE ] player 3 placing token on slot 2
[14:18:47.945] [SEVERE ] setting player 4 freeze to 900
[14:18:47.945] [SEVERE ] setting player 4 freeze to 0
[14:18:47.945] [SEVERE ] removing player 4 token from slot 0
[14:18:47.945] [SEVERE ] player 4 placing token on slot 10
[14:18:47.945] [SEVERE ] setting player 1 freeze to 900
[14:18:47.945] [SEVERE ] setting player 1 freeze to 0
[14:18:47.946] [SEVERE ] removing player 1 token from slot 0
[14:18:47.946] [SEVERE ] player 1 placing token on slot 2
[14:18:47.947] [SEVERE ] setting player 2 freeze to 900
[14:18:47.947] [SEVERE ] setting player 2 freeze to 0
[14:18:47.947] [SEVERE ] removing player 2 token from slot 1
[14:18:47.947] [SEVERE ] player 2 placing token on slot 3
[14:18:47.948] [SEVERE ] setting player 3 freeze to 900
[14:18:47.948] [SEVERE ] setting player 3 freeze to 0
[14:18:47.948] [SEVERE ] removing player 3 token from slot 2
[14:18:47.948] [SEVERE ] player 3 placing token on slot 4
[14:18:47.949] [SEVERE ] setting player 4 freeze to 900
[14:18:47.949] [SEVERE ] setting player 4 freeze to 0
[14:18:47.949] [SEVERE ] removing player 4 token from slot 10
[14:18:47.949] [SEVERE ] player 4 placing token on slot 0
[14:18:47.949] [SEVERE ] setting player 1 freeze to 900
[14:18:47.949] [SEVERE ] setting player 1 freeze to 0
[14:18:47.950] [SEVERE ] removing player 1 token from slot 8
[14:18:47.950] [SEVERE ] player 1 placing token on slot 8
[14:18:47.950] [SEVERE ] setting player 2 freeze to 900
[14:18:47.950] [SEVERE ] setting player 2 freeze to 0
[14:18:47.950] [SEVERE ] removing player 2 token from slot 0
[14:18:47.950] [SEVERE ] player 2 placing token on slot 5
[14:18:47.951] [SEVERE ] setting player 3 freeze to 900
[14:18:47.951] [SEVERE ] setting player 3 freeze to 0
[14:18:47.951] [SEVERE ] removing player 3 token from slot 8
[14:18:47.951] [SEVERE ] player 3 placing token on slot 0
[14:18:47.951] [SEVERE ] setting player 4 freeze to 900
[14:18:47.951] [SEVERE ] setting player 4 freeze to 0
[14:18:47.952] [SEVERE ] removing player 4 token from slot 0
[14:18:47.952] [SEVERE ] setting player 1 freeze to 900
[14:18:47.952] [SEVERE ] player 4 placing token on slot 2
[14:18:47.952] [SEVERE ] setting player 1 freeze to 0
[14:18:47.952] [SEVERE ] removing player 1 token from slot 8
[14:18:47.952] [SEVERE ] player 1 placing token on slot 3
[14:18:47.953] [SEVERE ] setting player 2 freeze to 900
[14:18:47.953] [SEVERE ] setting player 2 freeze to 0
[14:18:47.953] [SEVERE ] removing player 2 token from slot 7
[14:18:47.953] [SEVERE ] player 2 placing token on slot 0
[14:18:47.954] [SEVERE ] setting player 3 freeze to 900
[14:18:47.954] [SEVERE ] setting player 3 freeze to 0
[14:18:47.954] [SEVERE ] removing player 3 token from slot 0
[14:18:47.954] [SEVERE ] player 3 placing token on slot 7
[14:18:47.954] [SEVERE ] setting player 1 freeze to 900
[14:18:47.954] [SEVERE ] setting player 1 freeze to 0
[14:18:47.955] [SEVERE ] removing player 1 token from slot 6
[14:18:47.955] [SEVERE ] removing player 1 token from slot 3
[14:18:47.955] [SEVERE ] player 1 placing token on slot 3
[14:18:47.956] [SEVERE ] player 1 placing token on slot 9
[14:18:47.956] [SEVERE ] setting player 4 freeze to 900
[14:18:47.956] [SEVERE ] setting player 4 freeze to 0
[14:18:47.956] [SEVERE ] removing player 4 token from slot 6
[14:18:47.956] [SEVERE ] player 4 placing token on slot 6
[14:18:47.957] [SEVERE ] setting player 2 freeze to 900
[14:18:47.957] [SEVERE ] setting player 2 freeze to 0
[14:18:47.957] [SEVERE ] removing player 2 token from slot 3
[14:18:47.957] [SEVERE ] player 2 placing token on slot 6
[14:18:47.959] [SEVERE ] setting player 3 freeze to 900
[14:18:47.959] [SEVERE ] removing player 3 token from slot 4
[14:18:47.959] [SEVERE ] setting player 3 freeze to 0
[14:18:47.959] [SEVERE ] player 3 placing token on slot 6
[14:18:47.960] [SEVERE ] setting player 1 freeze to 900
[14:18:47.960] [SEVERE ] setting player 1 freeze to 0
[14:18:47.960] [SEVERE ] removing player 1 token from slot 9
[14:18:47.961] [SEVERE ] player 1 placing token on slot 5
[14:18:47.962] [SEVERE ] setting player 4 freeze to 900
[14:18:47.962] [SEVERE ] setting player 4 freeze to 0
[14:18:47.962] [SEVERE ] removing player 4 token from slot 2
[14:18:47.962] [SEVERE ] player 4 placing token on slot 0
[14:18:47.963] [SEVERE ] setting player 2 freeze to 900
[14:18:47.963] [SEVERE ] setting player 2 freeze to 0
[14:18:47.963] [SEVERE ] removing player 2 token from slot 6
[14:18:47.963] [SEVERE ] player 2 placing token on slot 6
[14:18:47.964] [SEVERE ] setting player 3 freeze to 900
[14:18:47.964] [SEVERE ] setting player 3 freeze to 0
[14:18:47.964] [SEVERE ] removing player 3 token from slot 9
[14:18:47.965] [SEVERE ] player 3 placing token on slot 3
[14:18:47.965] [SEVERE ] setting player 1 freeze to 900
[14:18:47.965] [SEVERE ] setting player 1 freeze to 0
[14:18:47.965] [SEVERE ] removing player 1 token from slot 5
[14:18:47.966] [SEVERE ] player 1 placing token on slot 9
[14:18:47.966] [SEVERE ] setting player 4 freeze to 900
[14:18:47.966] [SEVERE ] setting player 4 freeze to 0
[14:18:47.966] [SEVERE ] removing player 4 token from slot 6
[14:18:47.966] [SEVERE ] player 4 placing token on slot 2
[14:18:47.966] [SEVERE ] setting player 2 freeze to 900
[14:18:47.966] [SEVERE ] setting player 2 freeze to 0
[14:18:47.967] [SEVERE ] removing player 2 token from slot 5
[14:18:47.967] [SEVERE ] player 2 placing token on slot 4
[14:18:47.967] [SEVERE ] setting player 3 freeze to 900
[14:18:47.967] [SEVERE ] setting player 3 freeze to 0
[14:18:47.967] [SEVERE ] removing player 3 token from slot 6
[14:18:47.967] [SEVERE ] player 3 placing token on slot 5
[14:18:47.968] [SEVERE ] setting player 1 freeze to 900
[14:18:47.968] [SEVERE ] setting player 1 freeze to 0
[14:18:47.968] [SEVERE ] removing player 1 token from slot 3
[14:18:47.968] [SEVERE ] player 1 placing token on slot 8
[14:18:47.969] [SEVERE ] setting player 4 freeze to 900
[14:18:47.969] [SEVERE ] setting player 4 freeze to 0
[14:18:47.969] [SEVERE ] removing player 4 token from slot 0
[14:18:47.969] [SEVERE ] player 4 placing token on slot 9
[14:18:47.969] [SEVERE ] setting player 2 freeze to 900
[14:18:47.969] [SEVERE ] setting player 2 freeze to 0
[14:18:47.970] [SEVERE ] removing player 2 token from slot 4
[14:18:47.970] [SEVERE ] player 2 placing token on slot 2
[14:18:47.970] [SEVERE ] setting player 3 freeze to 900
[14:18:47.970] [SEVERE ] setting player 3 freeze to 0
[14:18:47.970] [SEVERE ] removing player 3 token from slot 3
[14:18:47.971] [SEVERE ] player 3 placing token on slot 3
[14:18:47.971] [SEVERE ] setting player 1 freeze to 900
[14:18:47.971] [SEVERE ] setting player 1 freeze to 0
[14:18:47.971] [SEVERE ] removing player 1 token from slot 2
[14:18:47.972] [SEVERE ] player 1 placing token on slot 10
[14:18:47.972] [SEVERE ] setting player 4 freeze to 900
[14:18:47.972] [SEVERE ] setting player 4 freeze to 0
[14:18:47.973] [SEVERE ] removing player 4 token from slot 2
[14:18:47.973] [SEVERE ] player 4 placing token on slot 4
[14:18:47.973] [SEVERE ] setting player 2 freeze to 900
[14:18:47.973] [SEVERE ] setting player 2 freeze to 0
[14:18:47.973] [SEVERE ] removing player 2 token from slot 6
[14:18:47.973] [SEVERE ] removing player 2 token from slot 2
[14:18:47.974] [SEVERE ] player 2 placing token on slot 7
[14:18:47.974] [SEVERE ] setting player 3 freeze to 900
[14:18:47.974] [SEVERE ] setting player 3 freeze to 0
[14:18:47.974] [SEVERE ] removing player 2 token from slot 0
[14:18:47.974] [SEVERE ] player 2 placing token on slot 5
[14:18:47.974] [SEVERE ] removing player 3 token from slot 5
[14:18:47.974] [SEVERE ] player 2 placing token on slot 3
[14:18:47.974] [SEVERE ] player 3 placing token on slot 11
[14:18:47.974] [SEVERE ] setting player 1 freeze to 900
[14:18:47.974] [SEVERE ] setting player 1 freeze to 0
[14:18:47.975] [SEVERE ] removing player 1 token from slot 8
[14:18:47.975] [SEVERE ] player 1 placing token on slot 8
[14:18:47.975] [SEVERE ] setting player 4 freeze to 900
[14:18:47.975] [SEVERE ] setting player 4 freeze to 0
[14:18:47.976] [SEVERE ] removing player 4 token from slot 4
[14:18:47.976] [SEVERE ] player 4 placing token on slot 4
[14:18:47.976] [SEVERE ] setting player 2 freeze to 900
[14:18:47.977] [SEVERE ] setting player 2 freeze to 0
[14:18:47.977] [SEVERE ] removing player 2 token from slot 5
[14:18:47.977] [SEVERE ] player 2 placing token on slot 9
[14:18:47.978] [SEVERE ] setting player 3 freeze to 900
[14:18:47.978] [SEVERE ] setting player 3 freeze to 0
[14:18:47.978] [SEVERE ] removing player 3 token from slot 3
[14:18:47.978] [SEVERE ] player 3 placing token on slot 3
[14:18:47.978] [SEVERE ] setting player 1 freeze to 900
[14:18:47.978] [SEVERE ] setting player 1 freeze to 0
[14:18:47.979] [SEVERE ] removing player 1 token from slot 8
[14:18:47.979] [SEVERE ] setting player 4 freeze to 900
[14:18:47.979] [SEVERE ] player 1 placing token on slot 4
[14:18:47.979] [SEVERE ] setting player 4 freeze to 0
[14:18:47.979] [SEVERE ] removing player 4 token from slot 9
[14:18:47.979] [SEVERE ] player 4 placing token on slot 3
[14:18:47.979] [SEVERE ] setting player 2 freeze to 900
[14:18:47.980] [SEVERE ] setting player 2 freeze to 0
[14:18:47.980] [SEVERE ] removing player 2 token from slot 3
[14:18:47.980] [SEVERE ] player 2 placing token on slot 3
[14:18:47.981] [SEVERE ] setting player 3 freeze to 900
[14:18:47.981] [SEVERE ] setting player 3 freeze to 0
[14:18:47.981] [SEVERE ] removing player 3 token from slot 7
[14:18:47.981] [SEVERE ] player 3 placing token on slot 0
[14:18:47.982] [SEVERE ] setting player 1 freeze to 900
[14:18:47.982] [SEVERE ] setting player 1 freeze to 0
[14:18:47.982] [SEVERE ] removing player 1 token from slot 10
[14:18:47.982] [SEVERE ] player 1 placing token on slot 3
[14:18:47.983] [SEVERE ] setting player 4 freeze to 900
[14:18:47.983] [SEVERE ] setting player 4 freeze to 0
[14:18:47.983] [SEVERE ] removing player 4 token from slot 4
[14:18:47.983] [SEVERE ] player 4 placing token on slot 7
[14:18:47.983] [SEVERE ] setting player 2 freeze to 900
[14:18:47.984] [SEVERE ] setting player 2 freeze to 0
[14:18:47.984] [SEVERE ] removing player 2 token from slot 9
[14:18:47.984] [SEVERE ] player 2 placing token on slot 9
[14:18:47.984] [SEVERE ] setting player 3 freeze to 900
[14:18:47.984] [SEVERE ] setting player 3 freeze to 0
[14:18:47.984] [SEVERE ] removing player 3 token from slot 0
[14:18:47.985] [SEVERE ] player 3 placing token on slot 8
[14:18:47.985] [SEVERE ] setting player 1 freeze to 900
[14:18:47.985] [SEVERE ] setting player 1 freeze to 0
[14:18:47.985] [SEVERE ] removing player 1 token from slot 4
[14:18:47.986] [SEVERE ] removing player 1 token from slot 3
[14:18:47.986] [SEVERE ] setting player 4 freeze to 900
[14:18:47.986] [SEVERE ] player 1 placing token on slot 6
[14:18:47.986] [SEVERE ] setting player 4 freeze to 0
[14:18:47.986] [SEVERE ] player 1 placing token on slot 7
[14:18:47.986] [SEVERE ] removing player 4 token from slot 5
[14:18:47.986] [SEVERE ] player 4 placing token on slot 5
[14:18:47.986] [SEVERE ] setting player 2 freeze to 900
[14:18:47.987] [SEVERE ] setting player 2 freeze to 0
[14:18:47.987] [SEVERE ] removing player 2 token from slot 9
[14:18:47.987] [SEVERE ] removing player 2 token from slot 3
[14:18:47.987] [SEVERE ] player 2 placing token on slot 3
[14:18:47.987] [SEVERE ] player 2 placing token on slot 9
[14:18:47.987] [SEVERE ] setting player 3 freeze to 900
[14:18:47.987] [SEVERE ] setting player 3 freeze to 0
[14:18:47.988] [SEVERE ] removing player 3 token from slot 8
[14:18:47.988] [SEVERE ] removing player 3 token from slot 3
[14:18:47.988] [SEVERE ] player 3 placing token on slot 8
[14:18:47.988] [SEVERE ] player 3 placing token on slot 7
[14:18:47.988] [SEVERE ] setting player 1 freeze to 900
[14:18:47.988] [SEVERE ] setting player 1 freeze to 0
[14:18:47.989] [SEVERE ] removing player 1 token from slot 6
[14:18:47.989] [SEVERE ] setting player 4 freeze to 900
[14:18:47.989] [SEVERE ] player 1 placing token on slot 3
[14:18:47.989] [SEVERE ] setting player 4 freeze to 0
[14:18:47.989] [SEVERE ] removing player 4 token from slot 3
[14:18:47.990] [SEVERE ] removing player 4 token from slot 7
[14:18:47.990] [SEVERE ] player 4 placing token on slot 6
[14:18:47.990] [SEVERE ] setting player 2 freeze to 900
[14:18:47.990] [SEVERE ] player 4 placing token on slot 11
[14:18:47.990] [SEVERE ] removing player 2 token from slot 9
[14:18:47.990] [SEVERE ] setting player 2 freeze to 0
[14:18:47.990] [SEVERE ] player 2 placing token on slot 8
[14:18:47.991] [SEVERE ] setting player 3 freeze to 900
[14:18:47.991] [SEVERE ] setting player 3 freeze to 0
[14:18:47.991] [SEVERE ] removing player 3 token from slot 7
[14:18:47.991] [SEVERE ] player 3 placing token on slot 2
[14:18:47.992] [SEVERE ] setting player 1 freeze to 900
[14:18:47.992] [SEVERE ] setting player 1 freeze to 0
[14:18:47.992] [SEVERE ] removing player 1 token from slot 9
[14:18:47.993] [SEVERE ] player 1 placing token on slot 6
[14:18:47.993] [SEVERE ] setting player 2 freeze to 900
[14:18:47.993] [SEVERE ] setting player 2 freeze to 0
[14:18:47.994] [SEVERE ] removing player 2 token from slot 3
[14:18:47.994] [SEVERE ] player 2 placing token on slot 5
[14:18:47.994] [SEVERE ] setting player 4 freeze to 900
[14:18:47.994] [SEVERE ] setting player 4 freeze to 0
[14:18:47.995] [SEVERE ] removing player 4 token from slot 6
[14:18:47.995] [SEVERE ] player 4 placing token on slot 6
[14:18:47.995] [SEVERE ] setting player 3 freeze to 900
[14:18:47.995] [SEVERE ] setting player 3 freeze to 0
[14:18:47.995] [SEVERE ] removing player 3 token from slot 8
[14:18:47.995] [SEVERE ] player 3 placing token on slot 5
[14:18:47.996] [SEVERE ] setting player 1 freeze to 900
[14:18:47.996] [SEVERE ] setting player 1 freeze to 0
[14:18:47.996] [SEVERE ] removing player 1 token from slot 6
[14:18:47.996] [SEVERE ] player 1 placing token on slot 0
[14:18:47.996] [SEVERE ] setting player 2 freeze to 900
[14:18:47.996] [SEVERE ] setting player 2 freeze to 0
[14:18:47.997] [SEVERE ] removing player 2 token from slot 8
[14:18:47.997] [SEVERE ] player 2 placing token on slot 1
[14:18:48.098] [SEVERE ] removing player 3 token from slot 11
[14:18:48.099] [SEVERE ] removing player 4 token from slot 11
[14:18:48.099] [SEVERE ] removing card from slot 11
[14:18:48.213] [SEVERE ] removing player 3 token from slot 2
[14:18:48.213] [SEVERE ] removing card from slot 2
[14:18:48.316] [SEVERE ] removing player 4 token from slot 5
[14:18:48.317] [SEVERE ] removing player 2 token from slot 5
[14:18:48.317] [SEVERE ] removing player 3 token from slot 5
[14:18:48.317] [SEVERE ] removing card from slot 5
[14:18:48.431] [SEVERE ] placing card 12 in slot 2
[14:18:48.539] [SEVERE ] placing card 38 in slot 5
[14:18:48.640] [SEVERE ] placing card 60 in slot 11
[14:18:48.640] [SEVERE ] player 2 placing token on slot 8
[14:18:48.640] [SEVERE ] player 4 placing token on slot 2
[14:18:48.640] [SEVERE ] player 4 placing token on slot 3
[14:18:48.752] [SEVERE ] removing player 1 token from slot 0
[14:18:48.752] [SEVERE ] removing card from slot 0
[14:18:48.868] [SEVERE ] removing player 2 token from slot 1
[14:18:48.868] [SEVERE ] removing card from slot 1
[14:18:48.976] [SEVERE ] removing player 4 token from slot 2
[14:18:48.976] [SEVERE ] removing card from slot 2
[14:18:49.085] [SEVERE ] removing player 1 token from slot 3
[14:18:49.085] [SEVERE ] removing player 4 token from slot 3
[14:18:49.085] [SEVERE ] removing card from slot 3
[14:18:49.194] [SEVERE ] removing card from slot 4
[14:18:49.305] [SEVERE ] removing card from slot 5
[14:18:49.414] [SEVERE ] removing player 4 token from slot 6
[14:18:49.414] [SEVERE ] removing card from slot 6
[14:18:49.526] [SEVERE ] removing player 2 token from slot 7
[14:18:49.526] [SEVERE ] removing player 1 token from slot 7
[14:18:49.526] [SEVERE ] removing card from slot 7
[14:18:49.627] [SEVERE ] removing player 2 token from slot 8
[14:18:49.627] [SEVERE ] removing card from slot 8
[14:18:49.735] [SEVERE ] removing card from slot 9
[14:18:49.845] [SEVERE ] removing card from slot 10
[14:18:49.955] [SEVERE ] removing card from slot 11
[14:18:49.955] [SEVERE ] player 3 placing token on slot 4
[14:18:50.065] [SEVERE ] placing card 36 in slot 0
[14:18:50.174] [SEVERE ] placing card 33 in slot 1
[14:18:50.284] [SEVERE ] placing card 8 in slot 2
[14:18:50.394] [SEVERE ] placing card 58 in slot 3
[14:18:50.504] [SEVERE ] placing card 39 in slot 4
[14:18:50.614] [SEVERE ] placing card 79 in slot 5
[14:18:50.723] [SEVERE ] placing card 18 in slot 6
[14:18:50.833] [SEVERE ] placing card 15 in slot 7
[14:18:50.943] [SEVERE ] placing card 3 in slot 8
[14:18:51.053] [SEVERE ] placing card 49 in slot 9
[14:18:51.163] [SEVERE ] placing card 24 in slot 10
[14:18:51.273] [SEVERE ] placing card 74 in slot 11
[14:18:51.273] [SEVERE ] removing player 3 token from slot 4
[14:18:51.273] [SEVERE ] player 3 placing token on slot 6
[14:18:51.273] [SEVERE ] player 3 placing token on slot 9
[14:18:51.273] [SEVERE ] player 3 placing token on slot 10
[14:18:51.273] [SEVERE ] updating countdown to 5000
[14:18:51.273] [SEVERE ] setting player 3 score to 1
[14:18:51.273] [SEVERE ] setting player 3 freeze to 900
[14:18:51.273] [SEVERE ] setting player 3 freeze to 0
[14:18:51.273] [SEVERE ] updating countdown to 5000
[14:18:51.296] [INFO   ] thread dealer terminated.
[14:18:53.112] [SEVERE ] exit button pressed
[14:18:53.112] [INFO   ] thread computer-0 terminated.
[14:18:53.112] [INFO   ] thread Thread-0 terminated.
[14:18:53.112] [INFO   ] thread computer-1 terminated.
[14:18:53.112] [INFO   ] thread computer-2 terminated.
[14:18:53.113] [INFO   ] thread Thread-1 terminated.
[14:18:53.112] [INFO   ] thread computer-3 terminated.
[14:18:53.113] [INFO   ] thread Thread-2 terminated.
[14:18:53.113] [INFO   ] thread Thread-3 terminated.
[14:18:56.304] [SEVERE ] thanks for playing... it was fun!
[14:18:56.304] [INFO   ] thread main terminated.
