[23:54:37.534] [INFO   ] thread main starting.
[23:54:37.542] [SEVERE ] cannot read configuration file config.properties trying from resources.
[23:54:37.544] [SEVERE ] configuration file was loaded from resources directory.
[23:54:37.918] [INFO   ] thread dealer starting.
[23:54:37.919] [INFO   ] thread dealer starting.
[23:54:37.920] [INFO   ] thread Thread-0 starting.
[23:54:37.920] [INFO   ] thread Thread-1 starting.
[23:54:37.921] [INFO   ] thread computer-1 starting.
[23:54:38.025] [SEVERE ] placing card 26 in slot 0
[23:54:38.134] [SEVERE ] placing card 36 in slot 1
[23:54:38.245] [SEVERE ] placing card 19 in slot 2
[23:54:38.355] [SEVERE ] placing card 11 in slot 3
[23:54:38.465] [SEVERE ] placing card 65 in slot 4
[23:54:38.576] [SEVERE ] placing card 77 in slot 5
[23:54:38.687] [SEVERE ] placing card 13 in slot 6
[23:54:38.797] [SEVERE ] placing card 66 in slot 7
[23:54:38.908] [SEVERE ] placing card 48 in slot 8
[23:54:39.018] [SEVERE ] placing card 0 in slot 9
[23:54:39.129] [SEVERE ] placing card 5 in slot 10
[23:54:39.240] [SEVERE ] placing card 40 in slot 11
[23:54:39.240] [SEVERE ] player 2 placing token on slot 8
[23:54:39.241] [SEVERE ] player 2 placing token on slot 0
[23:54:39.241] [SEVERE ] player 2 placing token on slot 10
[23:54:39.246] [SEVERE ] updating countdown to 60000
[23:54:39.247] [SEVERE ] setting player 2 freeze to 3900
[23:54:40.246] [SEVERE ] updating countdown to 59000
[23:54:40.246] [SEVERE ] setting player 2 freeze to 2901
[23:54:41.247] [SEVERE ] updating countdown to 57999
[23:54:41.248] [SEVERE ] setting player 2 freeze to 1899
[23:54:42.247] [SEVERE ] updating countdown to 56999
[23:54:42.248] [SEVERE ] setting player 2 freeze to 0
[23:54:42.257] [SEVERE ] removing player 2 token from slot 8
[23:54:42.258] [SEVERE ] player 2 placing token on slot 1
[23:54:42.259] [SEVERE ] setting player 2 freeze to 3900
[23:54:43.248] [SEVERE ] updating countdown to 55998
[23:54:43.248] [SEVERE ] setting player 2 freeze to 2911
[23:54:44.253] [SEVERE ] updating countdown to 54993
[23:54:44.253] [SEVERE ] setting player 2 freeze to 1906
[23:54:45.255] [SEVERE ] updating countdown to 53991
[23:54:45.255] [SEVERE ] setting player 2 freeze to 904
[23:54:45.271] [SEVERE ] removing player 2 token from slot 0
[23:54:45.271] [SEVERE ] player 2 placing token on slot 0
[23:54:45.272] [SEVERE ] setting player 2 freeze to 3900
[23:54:46.256] [SEVERE ] updating countdown to 52990
[23:54:46.256] [SEVERE ] setting player 2 freeze to 2916
[23:54:47.097] [SEVERE ] exit button pressed
[23:54:47.097] [INFO   ] thread computer-1 terminated.
[23:54:47.097] [INFO   ] thread Thread-0 terminated.
[23:54:47.257] [SEVERE ] updating countdown to 51989
[23:54:47.257] [SEVERE ] setting player 2 freeze to 1915
[23:54:47.368] [SEVERE ] removing player 2 token from slot 0
[23:54:47.368] [SEVERE ] removing card from slot 0
[23:54:47.469] [SEVERE ] removing player 2 token from slot 1
[23:54:47.469] [SEVERE ] removing card from slot 1
[23:54:47.571] [SEVERE ] removing card from slot 2
[23:54:47.678] [SEVERE ] removing card from slot 3
[23:54:47.790] [SEVERE ] removing card from slot 4
[23:54:47.904] [SEVERE ] removing card from slot 5
[23:54:48.005] [SEVERE ] removing card from slot 6
[23:54:48.107] [SEVERE ] removing card from slot 7
[23:54:48.208] [SEVERE ] removing card from slot 8
[23:54:48.309] [SEVERE ] removing card from slot 9
[23:54:48.413] [SEVERE ] removing player 2 token from slot 10
[23:54:48.414] [SEVERE ] removing card from slot 10
[23:54:48.516] [SEVERE ] removing card from slot 11
[23:54:48.516] [SEVERE ] announcing winner(s): player 1, player 2
[23:54:48.516] [INFO   ] thread dealer terminated.
[23:54:48.516] [INFO   ] thread Thread-1 terminated.
[23:54:48.516] [INFO   ] thread dealer terminated.
[23:54:48.516] [SEVERE ] thanks for playing... it was fun!
[23:54:48.516] [INFO   ] thread main terminated.
