[16:12:16.206] [INFO   ] thread main starting.
[16:12:16.212] [SEVERE ] cannot read configuration file config.properties trying from resources.
[16:12:16.214] [SEVERE ] configuration file was loaded from resources directory.
[16:12:16.580] [INFO   ] thread dealer starting.
[16:12:16.581] [INFO   ] thread dealer starting.
[16:12:16.581] [SEVERE ] updating countdown to 60000
[16:12:16.581] [INFO   ] thread Thread-0 starting.
[16:12:16.581] [INFO   ] thread Thread-1 starting.
[16:12:16.581] [INFO   ] thread Thread-2 starting.
[16:12:16.582] [INFO   ] thread computer-1 starting.
[16:12:16.582] [INFO   ] thread computer-2 starting.
[16:12:16.588] [SEVERE ] updating countdown to 59993
[16:12:16.696] [SEVERE ] placing card 51 in slot 0
[16:12:16.797] [SEVERE ] placing card 60 in slot 1
[16:12:16.906] [SEVERE ] placing card 49 in slot 2
[16:12:17.017] [SEVERE ] placing card 19 in slot 3
[16:12:17.133] [SEVERE ] placing card 11 in slot 4
[16:12:17.243] [SEVERE ] placing card 33 in slot 5
[16:12:17.353] [SEVERE ] placing card 38 in slot 6
[16:12:17.462] [SEVERE ] placing card 13 in slot 7
[16:12:17.574] [SEVERE ] placing card 54 in slot 8
[16:12:17.683] [SEVERE ] placing card 68 in slot 9
[16:12:17.785] [SEVERE ] placing card 75 in slot 10
[16:12:17.893] [SEVERE ] placing card 27 in slot 11
[16:12:17.901] [SEVERE ] updating countdown to 58680
[16:12:17.919] [SEVERE ] updating countdown to 58662
[16:12:17.920] [SEVERE ] updating countdown to 58661
[16:12:17.934] [SEVERE ] updating countdown to 58647
[16:12:17.936] [SEVERE ] updating countdown to 58645
[16:12:17.959] [SEVERE ] updating countdown to 58622
[16:12:17.959] [SEVERE ] updating countdown to 58622
[16:12:17.975] [SEVERE ] updating countdown to 58606
[16:12:17.975] [SEVERE ] updating countdown to 58606
[16:12:17.992] [SEVERE ] updating countdown to 58589
[16:12:17.996] [SEVERE ] updating countdown to 58585
[16:12:18.013] [SEVERE ] updating countdown to 58568
[16:12:18.013] [SEVERE ] updating countdown to 58568
[16:12:18.028] [SEVERE ] updating countdown to 58553
[16:12:18.028] [SEVERE ] updating countdown to 58553
[16:12:18.044] [SEVERE ] updating countdown to 58537
[16:12:18.044] [SEVERE ] updating countdown to 58537
[16:12:18.059] [SEVERE ] updating countdown to 58522
[16:12:18.059] [SEVERE ] updating countdown to 58522
[16:12:18.077] [SEVERE ] updating countdown to 58504
[16:12:18.077] [SEVERE ] updating countdown to 58504
[16:12:18.102] [SEVERE ] updating countdown to 58479
[16:12:18.102] [SEVERE ] updating countdown to 58479
[16:12:18.118] [SEVERE ] updating countdown to 58463
[16:12:18.118] [SEVERE ] updating countdown to 58463
[16:12:18.133] [SEVERE ] updating countdown to 58448
[16:12:18.133] [SEVERE ] updating countdown to 58448
[16:12:18.149] [SEVERE ] updating countdown to 58432
[16:12:18.149] [SEVERE ] updating countdown to 58432
[16:12:18.169] [SEVERE ] updating countdown to 58412
[16:12:18.169] [SEVERE ] updating countdown to 58412
[16:12:18.184] [SEVERE ] updating countdown to 58397
[16:12:18.184] [SEVERE ] updating countdown to 58397
[16:12:18.199] [SEVERE ] updating countdown to 58382
[16:12:18.199] [SEVERE ] updating countdown to 58382
[16:12:18.215] [SEVERE ] updating countdown to 58366
[16:12:18.215] [SEVERE ] updating countdown to 58366
[16:12:18.227] [SEVERE ] updating countdown to 58354
[16:12:18.227] [SEVERE ] updating countdown to 58354
[16:12:18.242] [SEVERE ] updating countdown to 58339
[16:12:18.242] [SEVERE ] updating countdown to 58339
[16:12:18.258] [SEVERE ] updating countdown to 58323
[16:12:18.258] [SEVERE ] updating countdown to 58323
[16:12:18.268] [SEVERE ] updating countdown to 58313
[16:12:18.268] [SEVERE ] updating countdown to 58313
[16:12:18.283] [SEVERE ] updating countdown to 58298
[16:12:18.283] [SEVERE ] updating countdown to 58298
[16:12:18.299] [SEVERE ] updating countdown to 58282
[16:12:18.299] [SEVERE ] updating countdown to 58282
[16:12:18.310] [SEVERE ] updating countdown to 58271
[16:12:18.310] [SEVERE ] updating countdown to 58271
[16:12:18.334] [SEVERE ] updating countdown to 58247
[16:12:18.334] [SEVERE ] updating countdown to 58247
[16:12:18.351] [SEVERE ] updating countdown to 58230
[16:12:18.351] [SEVERE ] updating countdown to 58230
[16:12:18.366] [SEVERE ] updating countdown to 58215
[16:12:18.366] [SEVERE ] updating countdown to 58215
[16:12:18.377] [SEVERE ] updating countdown to 58204
[16:12:18.377] [SEVERE ] updating countdown to 58204
[16:12:18.402] [SEVERE ] updating countdown to 58179
[16:12:18.402] [SEVERE ] updating countdown to 58179
[16:12:18.418] [SEVERE ] updating countdown to 58163
[16:12:18.418] [SEVERE ] updating countdown to 58163
[16:12:18.433] [SEVERE ] updating countdown to 58148
[16:12:18.434] [SEVERE ] updating countdown to 58147
[16:12:18.449] [SEVERE ] updating countdown to 58132
[16:12:18.449] [SEVERE ] updating countdown to 58132
[16:12:18.465] [SEVERE ] updating countdown to 58116
[16:12:18.465] [SEVERE ] updating countdown to 58116
[16:12:18.477] [SEVERE ] updating countdown to 58104
[16:12:18.477] [SEVERE ] updating countdown to 58104
[16:12:18.493] [SEVERE ] updating countdown to 58088
[16:12:18.493] [SEVERE ] updating countdown to 58088
[16:12:18.518] [SEVERE ] updating countdown to 58063
[16:12:18.518] [SEVERE ] updating countdown to 58063
[16:12:18.543] [SEVERE ] updating countdown to 58038
[16:12:18.543] [SEVERE ] updating countdown to 58038
[16:12:18.559] [SEVERE ] updating countdown to 58022
[16:12:18.559] [SEVERE ] updating countdown to 58022
[16:12:18.584] [SEVERE ] updating countdown to 57997
[16:12:18.584] [SEVERE ] updating countdown to 57997
[16:12:18.600] [SEVERE ] updating countdown to 57981
[16:12:18.600] [SEVERE ] updating countdown to 57981
[16:12:18.615] [SEVERE ] updating countdown to 57966
[16:12:18.615] [SEVERE ] updating countdown to 57966
[16:12:18.631] [SEVERE ] updating countdown to 57950
[16:12:18.631] [SEVERE ] updating countdown to 57950
[16:12:18.647] [SEVERE ] updating countdown to 57934
[16:12:18.647] [SEVERE ] updating countdown to 57934
[16:12:18.663] [SEVERE ] updating countdown to 57918
[16:12:18.663] [SEVERE ] updating countdown to 57918
[16:12:18.678] [SEVERE ] updating countdown to 57903
[16:12:18.678] [SEVERE ] updating countdown to 57903
[16:12:18.694] [SEVERE ] updating countdown to 57887
[16:12:18.694] [SEVERE ] updating countdown to 57887
[16:12:18.710] [SEVERE ] updating countdown to 57871
[16:12:18.710] [SEVERE ] updating countdown to 57871
[16:12:18.725] [SEVERE ] updating countdown to 57856
[16:12:18.725] [SEVERE ] updating countdown to 57856
[16:12:18.741] [SEVERE ] updating countdown to 57840
[16:12:18.741] [SEVERE ] updating countdown to 57840
[16:12:18.757] [SEVERE ] updating countdown to 57824
[16:12:18.757] [SEVERE ] updating countdown to 57824
[16:12:18.773] [SEVERE ] updating countdown to 57808
[16:12:18.773] [SEVERE ] updating countdown to 57808
[16:12:18.788] [SEVERE ] updating countdown to 57793
[16:12:18.788] [SEVERE ] updating countdown to 57793
[16:12:18.804] [SEVERE ] updating countdown to 57777
[16:12:18.804] [SEVERE ] updating countdown to 57777
[16:12:18.819] [SEVERE ] updating countdown to 57762
[16:12:18.819] [SEVERE ] updating countdown to 57762
[16:12:18.836] [SEVERE ] updating countdown to 57745
[16:12:18.836] [SEVERE ] updating countdown to 57745
[16:12:18.851] [SEVERE ] updating countdown to 57730
[16:12:18.851] [SEVERE ] updating countdown to 57730
[16:12:18.867] [SEVERE ] updating countdown to 57714
[16:12:18.867] [SEVERE ] updating countdown to 57714
[16:12:18.882] [SEVERE ] updating countdown to 57699
[16:12:18.882] [SEVERE ] updating countdown to 57699
[16:12:18.898] [SEVERE ] updating countdown to 57683
[16:12:18.898] [SEVERE ] updating countdown to 57683
[16:12:18.914] [SEVERE ] updating countdown to 57667
[16:12:18.914] [SEVERE ] updating countdown to 57667
[16:12:18.929] [SEVERE ] updating countdown to 57652
[16:12:18.929] [SEVERE ] updating countdown to 57652
[16:12:18.945] [SEVERE ] updating countdown to 57636
[16:12:18.945] [SEVERE ] updating countdown to 57636
[16:12:18.961] [SEVERE ] updating countdown to 57620
[16:12:18.961] [SEVERE ] updating countdown to 57620
[16:12:18.977] [SEVERE ] updating countdown to 57604
[16:12:18.977] [SEVERE ] updating countdown to 57604
[16:12:18.992] [SEVERE ] updating countdown to 57589
[16:12:18.992] [SEVERE ] updating countdown to 57589
[16:12:19.008] [SEVERE ] updating countdown to 57573
[16:12:19.008] [SEVERE ] updating countdown to 57573
[16:12:19.024] [SEVERE ] updating countdown to 57557
[16:12:19.024] [SEVERE ] updating countdown to 57557
[16:12:19.040] [SEVERE ] updating countdown to 57541
[16:12:19.040] [SEVERE ] updating countdown to 57541
[16:12:19.055] [SEVERE ] updating countdown to 57526
[16:12:19.055] [SEVERE ] updating countdown to 57526
[16:12:19.071] [SEVERE ] updating countdown to 57510
[16:12:19.071] [SEVERE ] updating countdown to 57510
[16:12:19.086] [SEVERE ] updating countdown to 57495
[16:12:19.086] [SEVERE ] updating countdown to 57495
[16:12:19.102] [SEVERE ] updating countdown to 57479
[16:12:19.102] [SEVERE ] updating countdown to 57479
[16:12:19.118] [SEVERE ] updating countdown to 57463
[16:12:19.118] [SEVERE ] updating countdown to 57463
[16:12:19.133] [SEVERE ] updating countdown to 57448
[16:12:19.134] [SEVERE ] updating countdown to 57447
[16:12:19.149] [SEVERE ] updating countdown to 57432
[16:12:19.149] [SEVERE ] updating countdown to 57432
[16:12:19.165] [SEVERE ] updating countdown to 57416
[16:12:19.165] [SEVERE ] updating countdown to 57416
[16:12:19.181] [SEVERE ] updating countdown to 57400
[16:12:19.181] [SEVERE ] updating countdown to 57400
[16:12:19.196] [SEVERE ] updating countdown to 57385
[16:12:19.196] [SEVERE ] updating countdown to 57385
[16:12:19.212] [SEVERE ] updating countdown to 57369
[16:12:19.212] [SEVERE ] updating countdown to 57369
[16:12:19.228] [SEVERE ] updating countdown to 57353
[16:12:19.228] [SEVERE ] updating countdown to 57353
[16:12:19.244] [SEVERE ] updating countdown to 57337
[16:12:19.244] [SEVERE ] updating countdown to 57337
[16:12:19.259] [SEVERE ] updating countdown to 57322
[16:12:19.259] [SEVERE ] updating countdown to 57322
[16:12:19.275] [SEVERE ] updating countdown to 57306
[16:12:19.275] [SEVERE ] updating countdown to 57306
[16:12:19.290] [SEVERE ] updating countdown to 57291
[16:12:19.290] [SEVERE ] updating countdown to 57291
[16:12:19.304] [SEVERE ] updating countdown to 57277
[16:12:19.304] [SEVERE ] updating countdown to 57277
[16:12:19.318] [SEVERE ] updating countdown to 57263
[16:12:19.318] [SEVERE ] updating countdown to 57263
[16:12:19.334] [SEVERE ] updating countdown to 57247
[16:12:19.334] [SEVERE ] updating countdown to 57247
[16:12:19.344] [SEVERE ] updating countdown to 57237
[16:12:19.345] [SEVERE ] updating countdown to 57236
[16:12:19.360] [SEVERE ] updating countdown to 57221
[16:12:19.360] [SEVERE ] updating countdown to 57221
[16:12:19.372] [SEVERE ] updating countdown to 57209
[16:12:19.372] [SEVERE ] updating countdown to 57209
[16:12:19.386] [SEVERE ] updating countdown to 57195
[16:12:19.386] [SEVERE ] updating countdown to 57195
[16:12:19.403] [SEVERE ] updating countdown to 57178
[16:12:19.403] [SEVERE ] updating countdown to 57178
[16:12:19.419] [SEVERE ] updating countdown to 57162
[16:12:19.419] [SEVERE ] updating countdown to 57162
[16:12:19.436] [SEVERE ] updating countdown to 57145
[16:12:19.436] [SEVERE ] updating countdown to 57145
[16:12:19.451] [SEVERE ] updating countdown to 57130
[16:12:19.451] [SEVERE ] updating countdown to 57130
[16:12:19.470] [SEVERE ] updating countdown to 57111
[16:12:19.470] [SEVERE ] updating countdown to 57111
[16:12:19.484] [SEVERE ] updating countdown to 57097
[16:12:19.484] [SEVERE ] updating countdown to 57097
[16:12:19.509] [SEVERE ] updating countdown to 57072
[16:12:19.509] [SEVERE ] updating countdown to 57072
[16:12:19.525] [SEVERE ] updating countdown to 57056
[16:12:19.525] [SEVERE ] updating countdown to 57056
[16:12:19.541] [SEVERE ] updating countdown to 57040
[16:12:19.541] [SEVERE ] updating countdown to 57040
[16:12:19.556] [SEVERE ] updating countdown to 57025
[16:12:19.556] [SEVERE ] updating countdown to 57025
[16:12:19.572] [SEVERE ] updating countdown to 57009
[16:12:19.572] [SEVERE ] updating countdown to 57009
[16:12:19.588] [SEVERE ] updating countdown to 56993
[16:12:19.588] [SEVERE ] updating countdown to 56993
[16:12:19.603] [SEVERE ] updating countdown to 56978
[16:12:19.603] [SEVERE ] updating countdown to 56978
[16:12:19.619] [SEVERE ] updating countdown to 56962
[16:12:19.619] [SEVERE ] updating countdown to 56962
[16:12:19.634] [SEVERE ] updating countdown to 56947
[16:12:19.634] [SEVERE ] updating countdown to 56947
[16:12:19.650] [SEVERE ] updating countdown to 56931
[16:12:19.650] [SEVERE ] updating countdown to 56931
[16:12:19.666] [SEVERE ] updating countdown to 56915
[16:12:19.666] [SEVERE ] updating countdown to 56915
[16:12:19.681] [SEVERE ] updating countdown to 56900
[16:12:19.681] [SEVERE ] updating countdown to 56900
[16:12:19.697] [SEVERE ] updating countdown to 56884
[16:12:19.697] [SEVERE ] updating countdown to 56884
[16:12:19.713] [SEVERE ] updating countdown to 56868
[16:12:19.713] [SEVERE ] updating countdown to 56868
[16:12:19.728] [SEVERE ] updating countdown to 56853
[16:12:19.728] [SEVERE ] updating countdown to 56853
[16:12:19.744] [SEVERE ] updating countdown to 56837
[16:12:19.744] [SEVERE ] updating countdown to 56837
[16:12:19.760] [SEVERE ] updating countdown to 56821
[16:12:19.760] [SEVERE ] updating countdown to 56821
[16:12:19.776] [SEVERE ] updating countdown to 56805
[16:12:19.776] [SEVERE ] updating countdown to 56805
[16:12:19.791] [SEVERE ] updating countdown to 56790
[16:12:19.791] [SEVERE ] updating countdown to 56790
[16:12:19.807] [SEVERE ] updating countdown to 56774
[16:12:19.807] [SEVERE ] updating countdown to 56774
[16:12:19.822] [SEVERE ] updating countdown to 56759
[16:12:19.822] [SEVERE ] updating countdown to 56759
[16:12:19.838] [SEVERE ] updating countdown to 56743
[16:12:19.838] [SEVERE ] updating countdown to 56743
[16:12:19.854] [SEVERE ] updating countdown to 56727
[16:12:19.854] [SEVERE ] updating countdown to 56727
[16:12:19.870] [SEVERE ] updating countdown to 56711
[16:12:19.870] [SEVERE ] updating countdown to 56711
[16:12:19.885] [SEVERE ] updating countdown to 56696
[16:12:19.885] [SEVERE ] updating countdown to 56696
[16:12:19.901] [SEVERE ] updating countdown to 56680
[16:12:19.901] [SEVERE ] updating countdown to 56680
[16:12:19.917] [SEVERE ] updating countdown to 56664
[16:12:19.917] [SEVERE ] updating countdown to 56664
[16:12:19.932] [SEVERE ] updating countdown to 56649
[16:12:19.932] [SEVERE ] updating countdown to 56649
[16:12:19.948] [SEVERE ] updating countdown to 56633
[16:12:19.948] [SEVERE ] updating countdown to 56633
[16:12:19.964] [SEVERE ] updating countdown to 56617
[16:12:19.964] [SEVERE ] updating countdown to 56617
[16:12:19.980] [SEVERE ] updating countdown to 56601
[16:12:19.980] [SEVERE ] updating countdown to 56601
[16:12:19.995] [SEVERE ] updating countdown to 56586
[16:12:19.995] [SEVERE ] updating countdown to 56586
[16:12:20.011] [SEVERE ] updating countdown to 56570
[16:12:20.011] [SEVERE ] updating countdown to 56570
[16:12:20.026] [SEVERE ] updating countdown to 56555
[16:12:20.026] [SEVERE ] updating countdown to 56555
[16:12:20.043] [SEVERE ] updating countdown to 56538
[16:12:20.043] [SEVERE ] updating countdown to 56538
[16:12:20.058] [SEVERE ] updating countdown to 56523
[16:12:20.058] [SEVERE ] updating countdown to 56523
[16:12:20.074] [SEVERE ] updating countdown to 56507
[16:12:20.074] [SEVERE ] updating countdown to 56507
[16:12:20.089] [SEVERE ] updating countdown to 56492
[16:12:20.089] [SEVERE ] updating countdown to 56492
[16:12:20.100] [SEVERE ] updating countdown to 56481
[16:12:20.100] [SEVERE ] updating countdown to 56481
[16:12:20.111] [SEVERE ] updating countdown to 56470
[16:12:20.111] [SEVERE ] updating countdown to 56470
[16:12:20.124] [SEVERE ] updating countdown to 56457
[16:12:20.124] [SEVERE ] updating countdown to 56457
[16:12:20.140] [SEVERE ] updating countdown to 56441
[16:12:20.140] [SEVERE ] updating countdown to 56441
[16:12:20.151] [SEVERE ] updating countdown to 56430
[16:12:20.151] [SEVERE ] updating countdown to 56430
[16:12:20.166] [SEVERE ] updating countdown to 56415
[16:12:20.166] [SEVERE ] updating countdown to 56415
[16:12:20.182] [SEVERE ] updating countdown to 56399
[16:12:20.182] [SEVERE ] updating countdown to 56399
[16:12:20.199] [SEVERE ] updating countdown to 56382
[16:12:20.199] [SEVERE ] updating countdown to 56382
[16:12:20.215] [SEVERE ] updating countdown to 56366
[16:12:20.215] [SEVERE ] updating countdown to 56366
[16:12:20.231] [SEVERE ] updating countdown to 56350
[16:12:20.231] [SEVERE ] updating countdown to 56350
[16:12:20.241] [SEVERE ] updating countdown to 56340
[16:12:20.241] [SEVERE ] updating countdown to 56340
[16:12:20.255] [SEVERE ] updating countdown to 56326
[16:12:20.255] [SEVERE ] updating countdown to 56326
[16:12:20.266] [SEVERE ] updating countdown to 56315
[16:12:20.266] [SEVERE ] updating countdown to 56315
[16:12:20.279] [SEVERE ] updating countdown to 56302
[16:12:20.279] [SEVERE ] updating countdown to 56302
[16:12:20.291] [SEVERE ] updating countdown to 56290
[16:12:20.291] [SEVERE ] updating countdown to 56290
[16:12:20.303] [SEVERE ] updating countdown to 56278
[16:12:20.303] [SEVERE ] updating countdown to 56278
[16:12:20.316] [SEVERE ] updating countdown to 56265
[16:12:20.316] [SEVERE ] updating countdown to 56265
[16:12:20.327] [SEVERE ] updating countdown to 56254
[16:12:20.327] [SEVERE ] updating countdown to 56254
[16:12:20.341] [SEVERE ] updating countdown to 56240
[16:12:20.341] [SEVERE ] updating countdown to 56240
[16:12:20.351] [SEVERE ] updating countdown to 56230
[16:12:20.351] [SEVERE ] updating countdown to 56230
[16:12:20.366] [SEVERE ] updating countdown to 56215
[16:12:20.366] [SEVERE ] updating countdown to 56215
[16:12:20.382] [SEVERE ] updating countdown to 56199
[16:12:20.382] [SEVERE ] updating countdown to 56199
[16:12:20.399] [SEVERE ] updating countdown to 56182
[16:12:20.399] [SEVERE ] updating countdown to 56182
[16:12:20.415] [SEVERE ] updating countdown to 56166
[16:12:20.416] [SEVERE ] updating countdown to 56165
[16:12:20.431] [SEVERE ] updating countdown to 56150
[16:12:20.431] [SEVERE ] updating countdown to 56150
[16:12:20.441] [SEVERE ] updating countdown to 56140
[16:12:20.441] [SEVERE ] updating countdown to 56140
[16:12:20.452] [SEVERE ] updating countdown to 56129
[16:12:20.452] [SEVERE ] updating countdown to 56129
[16:12:20.470] [SEVERE ] updating countdown to 56111
[16:12:20.470] [SEVERE ] updating countdown to 56111
[16:12:20.480] [SEVERE ] updating countdown to 56101
[16:12:20.480] [SEVERE ] updating countdown to 56101
[16:12:20.495] [SEVERE ] updating countdown to 56086
[16:12:20.495] [SEVERE ] updating countdown to 56086
[16:12:20.507] [SEVERE ] updating countdown to 56074
[16:12:20.507] [SEVERE ] updating countdown to 56074
[16:12:20.525] [SEVERE ] updating countdown to 56056
[16:12:20.525] [SEVERE ] updating countdown to 56056
[16:12:20.552] [SEVERE ] updating countdown to 56029
[16:12:20.552] [SEVERE ] updating countdown to 56029
[16:12:20.566] [SEVERE ] updating countdown to 56015
[16:12:20.566] [SEVERE ] updating countdown to 56015
[16:12:20.581] [SEVERE ] updating countdown to 56000
[16:12:20.581] [SEVERE ] updating countdown to 56000
[16:12:20.601] [SEVERE ] updating countdown to 55980
[16:12:20.602] [SEVERE ] updating countdown to 55979
[16:12:20.623] [SEVERE ] updating countdown to 55958
[16:12:20.623] [SEVERE ] updating countdown to 55958
[16:12:20.639] [SEVERE ] updating countdown to 55942
[16:12:20.639] [SEVERE ] updating countdown to 55942
[16:12:20.652] [SEVERE ] updating countdown to 55929
[16:12:20.652] [SEVERE ] updating countdown to 55929
[16:12:20.674] [SEVERE ] updating countdown to 55907
[16:12:20.674] [SEVERE ] updating countdown to 55907
[16:12:20.691] [SEVERE ] updating countdown to 55890
[16:12:20.691] [SEVERE ] updating countdown to 55890
[16:12:20.702] [SEVERE ] updating countdown to 55879
[16:12:20.702] [SEVERE ] updating countdown to 55879
[16:12:20.719] [SEVERE ] updating countdown to 55862
[16:12:20.719] [SEVERE ] updating countdown to 55862
[16:12:20.737] [SEVERE ] updating countdown to 55844
[16:12:20.737] [SEVERE ] updating countdown to 55844
[16:12:20.757] [SEVERE ] updating countdown to 55824
[16:12:20.757] [SEVERE ] updating countdown to 55824
[16:12:20.769] [SEVERE ] updating countdown to 55812
[16:12:20.769] [SEVERE ] updating countdown to 55812
[16:12:20.785] [SEVERE ] updating countdown to 55796
[16:12:20.785] [SEVERE ] updating countdown to 55796
[16:12:20.802] [SEVERE ] updating countdown to 55779
[16:12:20.802] [SEVERE ] updating countdown to 55779
[16:12:20.818] [SEVERE ] updating countdown to 55763
[16:12:20.818] [SEVERE ] updating countdown to 55763
[16:12:20.832] [SEVERE ] updating countdown to 55749
[16:12:20.832] [SEVERE ] updating countdown to 55749
[16:12:20.849] [SEVERE ] updating countdown to 55732
[16:12:20.849] [SEVERE ] updating countdown to 55732
[16:12:20.866] [SEVERE ] updating countdown to 55715
[16:12:20.866] [SEVERE ] updating countdown to 55715
[16:12:20.881] [SEVERE ] updating countdown to 55700
[16:12:20.881] [SEVERE ] updating countdown to 55700
[16:12:20.899] [SEVERE ] updating countdown to 55682
[16:12:20.899] [SEVERE ] updating countdown to 55682
[16:12:20.924] [SEVERE ] updating countdown to 55657
[16:12:20.924] [SEVERE ] updating countdown to 55657
[16:12:20.935] [SEVERE ] updating countdown to 55646
[16:12:20.935] [SEVERE ] updating countdown to 55646
[16:12:20.957] [SEVERE ] updating countdown to 55624
[16:12:20.957] [SEVERE ] updating countdown to 55624
[16:12:20.968] [SEVERE ] updating countdown to 55613
[16:12:20.968] [SEVERE ] updating countdown to 55613
[16:12:20.991] [SEVERE ] updating countdown to 55590
[16:12:20.991] [SEVERE ] updating countdown to 55590
[16:12:21.007] [SEVERE ] updating countdown to 55574
[16:12:21.007] [SEVERE ] updating countdown to 55574
[16:12:21.031] [SEVERE ] updating countdown to 55550
[16:12:21.031] [SEVERE ] updating countdown to 55550
[16:12:21.057] [SEVERE ] updating countdown to 55524
[16:12:21.057] [SEVERE ] updating countdown to 55524
[16:12:21.069] [SEVERE ] updating countdown to 55512
[16:12:21.069] [SEVERE ] updating countdown to 55512
[16:12:21.085] [SEVERE ] updating countdown to 55496
[16:12:21.086] [SEVERE ] updating countdown to 55495
[16:12:21.107] [SEVERE ] updating countdown to 55474
[16:12:21.107] [SEVERE ] updating countdown to 55474
[16:12:21.119] [SEVERE ] updating countdown to 55462
[16:12:21.119] [SEVERE ] updating countdown to 55462
[16:12:21.135] [SEVERE ] updating countdown to 55446
[16:12:21.135] [SEVERE ] updating countdown to 55446
[16:12:21.152] [SEVERE ] updating countdown to 55429
[16:12:21.152] [SEVERE ] updating countdown to 55429
[16:12:21.174] [SEVERE ] updating countdown to 55407
[16:12:21.174] [SEVERE ] updating countdown to 55407
[16:12:21.191] [SEVERE ] updating countdown to 55390
[16:12:21.191] [SEVERE ] updating countdown to 55390
[16:12:21.202] [SEVERE ] updating countdown to 55379
[16:12:21.202] [SEVERE ] updating countdown to 55379
[16:12:21.224] [SEVERE ] updating countdown to 55357
[16:12:21.224] [SEVERE ] updating countdown to 55357
[16:12:21.235] [SEVERE ] updating countdown to 55346
[16:12:21.235] [SEVERE ] updating countdown to 55346
[16:12:21.252] [SEVERE ] updating countdown to 55329
[16:12:21.252] [SEVERE ] updating countdown to 55329
[16:12:21.268] [SEVERE ] updating countdown to 55313
[16:12:21.269] [SEVERE ] updating countdown to 55312
[16:12:21.285] [SEVERE ] updating countdown to 55296
[16:12:21.285] [SEVERE ] updating countdown to 55296
[16:12:21.315] [SEVERE ] updating countdown to 55266
[16:12:21.315] [SEVERE ] updating countdown to 55266
[16:12:21.330] [SEVERE ] updating countdown to 55251
[16:12:21.330] [SEVERE ] updating countdown to 55251
[16:12:21.346] [SEVERE ] updating countdown to 55235
[16:12:21.346] [SEVERE ] updating countdown to 55235
[16:12:21.362] [SEVERE ] updating countdown to 55219
[16:12:21.362] [SEVERE ] updating countdown to 55219
[16:12:21.377] [SEVERE ] updating countdown to 55204
[16:12:21.377] [SEVERE ] updating countdown to 55204
[16:12:21.390] [SEVERE ] updating countdown to 55191
[16:12:21.391] [SEVERE ] updating countdown to 55190
[16:12:21.415] [SEVERE ] updating countdown to 55166
[16:12:21.415] [SEVERE ] updating countdown to 55166
[16:12:21.432] [SEVERE ] updating countdown to 55149
[16:12:21.433] [SEVERE ] updating countdown to 55148
[16:12:21.457] [SEVERE ] updating countdown to 55124
[16:12:21.457] [SEVERE ] updating countdown to 55124
[16:12:21.473] [SEVERE ] updating countdown to 55108
[16:12:21.473] [SEVERE ] updating countdown to 55108
[16:12:21.498] [SEVERE ] updating countdown to 55083
[16:12:21.498] [SEVERE ] updating countdown to 55083
[16:12:21.508] [SEVERE ] updating countdown to 55073
[16:12:21.508] [SEVERE ] updating countdown to 55073
[16:12:21.524] [SEVERE ] updating countdown to 55057
[16:12:21.524] [SEVERE ] updating countdown to 55057
[16:12:21.534] [SEVERE ] updating countdown to 55047
[16:12:21.534] [SEVERE ] updating countdown to 55047
[16:12:21.549] [SEVERE ] updating countdown to 55032
[16:12:21.549] [SEVERE ] updating countdown to 55032
[16:12:21.573] [SEVERE ] updating countdown to 55008
[16:12:21.573] [SEVERE ] updating countdown to 55008
[16:12:21.588] [SEVERE ] updating countdown to 54993
[16:12:21.588] [SEVERE ] updating countdown to 54993
[16:12:21.599] [SEVERE ] updating countdown to 54982
[16:12:21.599] [SEVERE ] updating countdown to 54982
[16:12:21.623] [SEVERE ] updating countdown to 54958
[16:12:21.623] [SEVERE ] updating countdown to 54958
[16:12:21.639] [SEVERE ] updating countdown to 54942
[16:12:21.639] [SEVERE ] updating countdown to 54942
[16:12:21.655] [SEVERE ] updating countdown to 54926
[16:12:21.655] [SEVERE ] updating countdown to 54926
[16:12:21.670] [SEVERE ] updating countdown to 54911
[16:12:21.670] [SEVERE ] updating countdown to 54911
[16:12:21.686] [SEVERE ] updating countdown to 54895
[16:12:21.686] [SEVERE ] updating countdown to 54895
[16:12:21.702] [SEVERE ] updating countdown to 54879
[16:12:21.702] [SEVERE ] updating countdown to 54879
[16:12:21.717] [SEVERE ] updating countdown to 54864
[16:12:21.717] [SEVERE ] updating countdown to 54864
[16:12:21.733] [SEVERE ] updating countdown to 54848
[16:12:21.733] [SEVERE ] updating countdown to 54848
[16:12:21.749] [SEVERE ] updating countdown to 54832
[16:12:21.749] [SEVERE ] updating countdown to 54832
[16:12:21.764] [SEVERE ] updating countdown to 54817
[16:12:21.764] [SEVERE ] updating countdown to 54817
[16:12:21.780] [SEVERE ] updating countdown to 54801
[16:12:21.780] [SEVERE ] updating countdown to 54801
[16:12:21.796] [SEVERE ] updating countdown to 54785
[16:12:21.796] [SEVERE ] updating countdown to 54785
[16:12:21.811] [SEVERE ] updating countdown to 54770
[16:12:21.811] [SEVERE ] updating countdown to 54770
[16:12:21.827] [SEVERE ] updating countdown to 54754
[16:12:21.827] [SEVERE ] updating countdown to 54754
[16:12:21.843] [SEVERE ] updating countdown to 54738
[16:12:21.843] [SEVERE ] updating countdown to 54738
[16:12:21.859] [SEVERE ] updating countdown to 54722
[16:12:21.859] [SEVERE ] updating countdown to 54722
[16:12:21.874] [SEVERE ] updating countdown to 54707
[16:12:21.874] [SEVERE ] updating countdown to 54707
[16:12:21.890] [SEVERE ] updating countdown to 54691
[16:12:21.890] [SEVERE ] updating countdown to 54691
[16:12:21.906] [SEVERE ] updating countdown to 54675
[16:12:21.906] [SEVERE ] updating countdown to 54675
[16:12:21.921] [SEVERE ] updating countdown to 54660
[16:12:21.921] [SEVERE ] updating countdown to 54660
[16:12:21.937] [SEVERE ] updating countdown to 54644
[16:12:21.937] [SEVERE ] updating countdown to 54644
[16:12:21.953] [SEVERE ] updating countdown to 54628
[16:12:21.953] [SEVERE ] updating countdown to 54628
[16:12:21.969] [SEVERE ] updating countdown to 54612
[16:12:21.969] [SEVERE ] updating countdown to 54612
[16:12:21.984] [SEVERE ] updating countdown to 54597
[16:12:21.984] [SEVERE ] updating countdown to 54597
[16:12:22.000] [SEVERE ] updating countdown to 54581
[16:12:22.000] [SEVERE ] updating countdown to 54581
[16:12:22.015] [SEVERE ] updating countdown to 54566
[16:12:22.015] [SEVERE ] updating countdown to 54566
[16:12:22.031] [SEVERE ] updating countdown to 54550
[16:12:22.031] [SEVERE ] updating countdown to 54550
[16:12:22.047] [SEVERE ] updating countdown to 54534
[16:12:22.047] [SEVERE ] updating countdown to 54534
[16:12:22.063] [SEVERE ] updating countdown to 54518
[16:12:22.063] [SEVERE ] updating countdown to 54518
[16:12:22.078] [SEVERE ] updating countdown to 54503
[16:12:22.078] [SEVERE ] updating countdown to 54503
[16:12:22.094] [SEVERE ] updating countdown to 54487
[16:12:22.094] [SEVERE ] updating countdown to 54487
[16:12:22.110] [SEVERE ] updating countdown to 54471
[16:12:22.110] [SEVERE ] updating countdown to 54471
[16:12:22.125] [SEVERE ] updating countdown to 54456
[16:12:22.125] [SEVERE ] updating countdown to 54456
[16:12:22.141] [SEVERE ] updating countdown to 54440
[16:12:22.141] [SEVERE ] updating countdown to 54440
[16:12:22.157] [SEVERE ] updating countdown to 54424
[16:12:22.157] [SEVERE ] updating countdown to 54424
[16:12:22.173] [SEVERE ] updating countdown to 54408
[16:12:22.173] [SEVERE ] updating countdown to 54408
[16:12:22.188] [SEVERE ] updating countdown to 54393
[16:12:22.188] [SEVERE ] updating countdown to 54393
[16:12:22.204] [SEVERE ] updating countdown to 54377
[16:12:22.204] [SEVERE ] updating countdown to 54377
[16:12:22.219] [SEVERE ] updating countdown to 54362
[16:12:22.219] [SEVERE ] updating countdown to 54362
[16:12:22.235] [SEVERE ] updating countdown to 54346
[16:12:22.235] [SEVERE ] updating countdown to 54346
[16:12:22.251] [SEVERE ] updating countdown to 54330
[16:12:22.251] [SEVERE ] updating countdown to 54330
[16:12:22.267] [SEVERE ] updating countdown to 54314
[16:12:22.267] [SEVERE ] updating countdown to 54314
[16:12:22.283] [SEVERE ] updating countdown to 54298
[16:12:22.283] [SEVERE ] updating countdown to 54298
[16:12:22.298] [SEVERE ] updating countdown to 54283
[16:12:22.298] [SEVERE ] updating countdown to 54283
[16:12:22.314] [SEVERE ] updating countdown to 54267
[16:12:22.314] [SEVERE ] updating countdown to 54267
[16:12:22.329] [SEVERE ] updating countdown to 54252
[16:12:22.329] [SEVERE ] updating countdown to 54252
[16:12:22.329] [SEVERE ] key 81 was pressed by player 1
[16:12:22.346] [SEVERE ] updating countdown to 54235
[16:12:22.346] [SEVERE ] updating countdown to 54235
[16:12:22.361] [SEVERE ] updating countdown to 54220
[16:12:22.361] [SEVERE ] updating countdown to 54220
[16:12:22.377] [SEVERE ] updating countdown to 54204
[16:12:22.377] [SEVERE ] updating countdown to 54204
[16:12:22.393] [SEVERE ] updating countdown to 54188
[16:12:22.393] [SEVERE ] updating countdown to 54188
[16:12:22.408] [SEVERE ] updating countdown to 54173
[16:12:22.408] [SEVERE ] updating countdown to 54173
[16:12:22.424] [SEVERE ] updating countdown to 54157
[16:12:22.424] [SEVERE ] updating countdown to 54157
[16:12:22.440] [SEVERE ] updating countdown to 54141
[16:12:22.440] [SEVERE ] updating countdown to 54141
[16:12:22.455] [SEVERE ] updating countdown to 54126
[16:12:22.455] [SEVERE ] updating countdown to 54126
[16:12:22.471] [SEVERE ] updating countdown to 54110
[16:12:22.471] [SEVERE ] updating countdown to 54110
[16:12:22.487] [SEVERE ] updating countdown to 54094
[16:12:22.487] [SEVERE ] updating countdown to 54094
[16:12:22.492] [SEVERE ] key 87 was pressed by player 1
[16:12:22.502] [SEVERE ] updating countdown to 54079
[16:12:22.502] [SEVERE ] updating countdown to 54079
[16:12:22.520] [SEVERE ] updating countdown to 54061
[16:12:22.520] [SEVERE ] updating countdown to 54061
[16:12:22.535] [SEVERE ] updating countdown to 54046
[16:12:22.535] [SEVERE ] updating countdown to 54046
[16:12:22.551] [SEVERE ] updating countdown to 54030
[16:12:22.551] [SEVERE ] updating countdown to 54030
[16:12:22.567] [SEVERE ] updating countdown to 54014
[16:12:22.567] [SEVERE ] updating countdown to 54014
[16:12:22.583] [SEVERE ] updating countdown to 53998
[16:12:22.583] [SEVERE ] updating countdown to 53998
[16:12:22.598] [SEVERE ] updating countdown to 53983
[16:12:22.598] [SEVERE ] updating countdown to 53983
[16:12:22.614] [SEVERE ] updating countdown to 53967
[16:12:22.614] [SEVERE ] updating countdown to 53967
[16:12:22.629] [SEVERE ] updating countdown to 53952
[16:12:22.629] [SEVERE ] updating countdown to 53952
[16:12:22.645] [SEVERE ] updating countdown to 53936
[16:12:22.645] [SEVERE ] updating countdown to 53936
[16:12:22.661] [SEVERE ] updating countdown to 53920
[16:12:22.661] [SEVERE ] updating countdown to 53920
[16:12:22.677] [SEVERE ] updating countdown to 53904
[16:12:22.677] [SEVERE ] updating countdown to 53904
[16:12:22.692] [SEVERE ] updating countdown to 53889
[16:12:22.692] [SEVERE ] updating countdown to 53889
[16:12:22.708] [SEVERE ] updating countdown to 53873
[16:12:22.708] [SEVERE ] updating countdown to 53873
[16:12:22.724] [SEVERE ] updating countdown to 53857
[16:12:22.724] [SEVERE ] updating countdown to 53857
[16:12:22.739] [SEVERE ] updating countdown to 53842
[16:12:22.739] [SEVERE ] updating countdown to 53842
[16:12:22.755] [SEVERE ] updating countdown to 53826
[16:12:22.755] [SEVERE ] updating countdown to 53826
[16:12:22.771] [SEVERE ] updating countdown to 53810
[16:12:22.771] [SEVERE ] updating countdown to 53810
[16:12:22.786] [SEVERE ] updating countdown to 53795
[16:12:22.786] [SEVERE ] updating countdown to 53795
[16:12:22.802] [SEVERE ] updating countdown to 53779
[16:12:22.802] [SEVERE ] updating countdown to 53779
[16:12:22.818] [SEVERE ] updating countdown to 53763
[16:12:22.818] [SEVERE ] updating countdown to 53763
[16:12:22.833] [SEVERE ] updating countdown to 53748
[16:12:22.833] [SEVERE ] updating countdown to 53748
[16:12:22.849] [SEVERE ] updating countdown to 53732
[16:12:22.849] [SEVERE ] updating countdown to 53732
[16:12:22.865] [SEVERE ] updating countdown to 53716
[16:12:22.865] [SEVERE ] updating countdown to 53716
[16:12:22.881] [SEVERE ] updating countdown to 53700
[16:12:22.881] [SEVERE ] updating countdown to 53700
[16:12:22.896] [SEVERE ] updating countdown to 53685
[16:12:22.896] [SEVERE ] updating countdown to 53685
[16:12:22.912] [SEVERE ] updating countdown to 53669
[16:12:22.912] [SEVERE ] updating countdown to 53669
[16:12:22.928] [SEVERE ] updating countdown to 53653
[16:12:22.928] [SEVERE ] updating countdown to 53653
[16:12:22.944] [SEVERE ] updating countdown to 53637
[16:12:22.944] [SEVERE ] updating countdown to 53637
[16:12:22.959] [SEVERE ] updating countdown to 53622
[16:12:22.959] [SEVERE ] updating countdown to 53622
[16:12:22.975] [SEVERE ] updating countdown to 53606
[16:12:22.975] [SEVERE ] updating countdown to 53606
[16:12:22.990] [SEVERE ] updating countdown to 53591
[16:12:22.990] [SEVERE ] updating countdown to 53591
[16:12:23.006] [SEVERE ] updating countdown to 53575
[16:12:23.006] [SEVERE ] updating countdown to 53575
[16:12:23.022] [SEVERE ] updating countdown to 53559
[16:12:23.022] [SEVERE ] updating countdown to 53559
[16:12:23.037] [SEVERE ] updating countdown to 53544
[16:12:23.037] [SEVERE ] updating countdown to 53544
[16:12:23.053] [SEVERE ] updating countdown to 53528
[16:12:23.053] [SEVERE ] updating countdown to 53528
[16:12:23.069] [SEVERE ] updating countdown to 53512
[16:12:23.069] [SEVERE ] updating countdown to 53512
[16:12:23.085] [SEVERE ] updating countdown to 53496
[16:12:23.085] [SEVERE ] updating countdown to 53496
[16:12:23.100] [SEVERE ] updating countdown to 53481
[16:12:23.100] [SEVERE ] updating countdown to 53481
[16:12:23.116] [SEVERE ] updating countdown to 53465
[16:12:23.116] [SEVERE ] updating countdown to 53465
[16:12:23.132] [SEVERE ] updating countdown to 53449
[16:12:23.132] [SEVERE ] updating countdown to 53449
[16:12:23.148] [SEVERE ] updating countdown to 53433
[16:12:23.148] [SEVERE ] updating countdown to 53433
[16:12:23.163] [SEVERE ] updating countdown to 53418
[16:12:23.163] [SEVERE ] updating countdown to 53418
[16:12:23.179] [SEVERE ] updating countdown to 53402
[16:12:23.179] [SEVERE ] updating countdown to 53402
[16:12:23.194] [SEVERE ] updating countdown to 53387
[16:12:23.194] [SEVERE ] updating countdown to 53387
[16:12:23.210] [SEVERE ] updating countdown to 53371
[16:12:23.210] [SEVERE ] updating countdown to 53371
[16:12:23.226] [SEVERE ] updating countdown to 53355
[16:12:23.226] [SEVERE ] updating countdown to 53355
[16:12:23.241] [SEVERE ] updating countdown to 53340
[16:12:23.241] [SEVERE ] updating countdown to 53340
[16:12:23.257] [SEVERE ] updating countdown to 53324
[16:12:23.257] [SEVERE ] updating countdown to 53324
[16:12:23.272] [SEVERE ] updating countdown to 53309
[16:12:23.272] [SEVERE ] updating countdown to 53309
[16:12:23.288] [SEVERE ] updating countdown to 53293
[16:12:23.288] [SEVERE ] updating countdown to 53293
[16:12:23.304] [SEVERE ] updating countdown to 53277
[16:12:23.304] [SEVERE ] updating countdown to 53277
[16:12:23.319] [SEVERE ] updating countdown to 53262
[16:12:23.319] [SEVERE ] updating countdown to 53262
[16:12:23.335] [SEVERE ] updating countdown to 53246
[16:12:23.335] [SEVERE ] updating countdown to 53246
[16:12:23.351] [SEVERE ] updating countdown to 53230
[16:12:23.351] [SEVERE ] updating countdown to 53230
[16:12:23.367] [SEVERE ] updating countdown to 53214
[16:12:23.367] [SEVERE ] updating countdown to 53214
[16:12:23.382] [SEVERE ] updating countdown to 53199
[16:12:23.382] [SEVERE ] updating countdown to 53199
[16:12:23.398] [SEVERE ] updating countdown to 53183
[16:12:23.398] [SEVERE ] updating countdown to 53183
[16:12:23.414] [SEVERE ] updating countdown to 53167
[16:12:23.414] [SEVERE ] updating countdown to 53167
[16:12:23.429] [SEVERE ] updating countdown to 53152
[16:12:23.429] [SEVERE ] updating countdown to 53152
[16:12:23.445] [SEVERE ] updating countdown to 53136
[16:12:23.445] [SEVERE ] updating countdown to 53136
[16:12:23.461] [SEVERE ] updating countdown to 53120
[16:12:23.461] [SEVERE ] updating countdown to 53120
[16:12:23.477] [SEVERE ] updating countdown to 53104
[16:12:23.477] [SEVERE ] updating countdown to 53104
[16:12:23.492] [SEVERE ] updating countdown to 53089
[16:12:23.492] [SEVERE ] updating countdown to 53089
[16:12:23.508] [SEVERE ] updating countdown to 53073
[16:12:23.508] [SEVERE ] updating countdown to 53073
[16:12:23.524] [SEVERE ] updating countdown to 53057
[16:12:23.524] [SEVERE ] updating countdown to 53057
[16:12:23.539] [SEVERE ] updating countdown to 53042
[16:12:23.539] [SEVERE ] updating countdown to 53042
[16:12:23.555] [SEVERE ] updating countdown to 53026
[16:12:23.555] [SEVERE ] updating countdown to 53026
[16:12:23.571] [SEVERE ] updating countdown to 53010
[16:12:23.571] [SEVERE ] updating countdown to 53010
[16:12:23.571] [SEVERE ] key 69 was pressed by player 1
[16:12:23.586] [SEVERE ] updating countdown to 52995
[16:12:23.586] [SEVERE ] updating countdown to 52995
[16:12:23.602] [SEVERE ] updating countdown to 52979
[16:12:23.602] [SEVERE ] updating countdown to 52979
[16:12:23.618] [SEVERE ] updating countdown to 52963
[16:12:23.618] [SEVERE ] updating countdown to 52963
[16:12:23.633] [SEVERE ] updating countdown to 52948
[16:12:23.633] [SEVERE ] updating countdown to 52948
[16:12:23.649] [SEVERE ] updating countdown to 52932
[16:12:23.649] [SEVERE ] updating countdown to 52932
[16:12:23.665] [SEVERE ] updating countdown to 52916
[16:12:23.665] [SEVERE ] updating countdown to 52916
[16:12:23.681] [SEVERE ] updating countdown to 52900
[16:12:23.681] [SEVERE ] updating countdown to 52900
[16:12:23.696] [SEVERE ] updating countdown to 52885
[16:12:23.696] [SEVERE ] updating countdown to 52885
[16:12:23.712] [SEVERE ] updating countdown to 52869
[16:12:23.712] [SEVERE ] updating countdown to 52869
[16:12:23.727] [SEVERE ] updating countdown to 52854
[16:12:23.727] [SEVERE ] updating countdown to 52854
[16:12:23.743] [SEVERE ] updating countdown to 52838
[16:12:23.743] [SEVERE ] updating countdown to 52838
[16:12:23.759] [SEVERE ] updating countdown to 52822
[16:12:23.759] [SEVERE ] updating countdown to 52822
[16:12:23.775] [SEVERE ] updating countdown to 52806
[16:12:23.775] [SEVERE ] updating countdown to 52806
[16:12:23.790] [SEVERE ] updating countdown to 52791
[16:12:23.790] [SEVERE ] updating countdown to 52791
[16:12:23.806] [SEVERE ] updating countdown to 52775
[16:12:23.806] [SEVERE ] updating countdown to 52775
[16:12:23.822] [SEVERE ] updating countdown to 52759
[16:12:23.822] [SEVERE ] updating countdown to 52759
[16:12:23.837] [SEVERE ] updating countdown to 52744
[16:12:23.837] [SEVERE ] updating countdown to 52744
[16:12:23.853] [SEVERE ] updating countdown to 52728
[16:12:23.853] [SEVERE ] updating countdown to 52728
[16:12:23.869] [SEVERE ] updating countdown to 52712
[16:12:23.869] [SEVERE ] updating countdown to 52712
[16:12:23.885] [SEVERE ] updating countdown to 52696
[16:12:23.885] [SEVERE ] updating countdown to 52696
[16:12:23.900] [SEVERE ] updating countdown to 52681
[16:12:23.900] [SEVERE ] updating countdown to 52681
[16:12:23.916] [SEVERE ] updating countdown to 52665
[16:12:23.916] [SEVERE ] updating countdown to 52665
[16:12:23.931] [SEVERE ] updating countdown to 52650
[16:12:23.931] [SEVERE ] updating countdown to 52650
[16:12:23.947] [SEVERE ] updating countdown to 52634
[16:12:23.947] [SEVERE ] updating countdown to 52634
[16:12:23.963] [SEVERE ] updating countdown to 52618
[16:12:23.963] [SEVERE ] updating countdown to 52618
[16:12:23.979] [SEVERE ] updating countdown to 52602
[16:12:23.979] [SEVERE ] updating countdown to 52602
[16:12:23.994] [SEVERE ] updating countdown to 52587
[16:12:23.994] [SEVERE ] updating countdown to 52587
[16:12:24.010] [SEVERE ] updating countdown to 52571
[16:12:24.010] [SEVERE ] updating countdown to 52571
[16:12:24.026] [SEVERE ] updating countdown to 52555
[16:12:24.026] [SEVERE ] updating countdown to 52555
[16:12:24.041] [SEVERE ] updating countdown to 52540
[16:12:24.041] [SEVERE ] updating countdown to 52540
[16:12:24.057] [SEVERE ] updating countdown to 52524
[16:12:24.057] [SEVERE ] updating countdown to 52524
[16:12:24.073] [SEVERE ] updating countdown to 52508
[16:12:24.073] [SEVERE ] updating countdown to 52508
[16:12:24.088] [SEVERE ] updating countdown to 52493
[16:12:24.088] [SEVERE ] updating countdown to 52493
[16:12:24.104] [SEVERE ] updating countdown to 52477
[16:12:24.104] [SEVERE ] updating countdown to 52477
[16:12:24.120] [SEVERE ] updating countdown to 52461
[16:12:24.120] [SEVERE ] updating countdown to 52461
[16:12:24.135] [SEVERE ] updating countdown to 52446
[16:12:24.135] [SEVERE ] updating countdown to 52446
[16:12:24.151] [SEVERE ] updating countdown to 52430
[16:12:24.151] [SEVERE ] updating countdown to 52430
[16:12:24.167] [SEVERE ] updating countdown to 52414
[16:12:24.167] [SEVERE ] updating countdown to 52414
[16:12:24.183] [SEVERE ] updating countdown to 52398
[16:12:24.183] [SEVERE ] updating countdown to 52398
[16:12:24.198] [SEVERE ] updating countdown to 52383
[16:12:24.198] [SEVERE ] updating countdown to 52383
[16:12:24.214] [SEVERE ] updating countdown to 52367
[16:12:24.214] [SEVERE ] updating countdown to 52367
[16:12:24.229] [SEVERE ] updating countdown to 52352
[16:12:24.229] [SEVERE ] updating countdown to 52352
[16:12:24.246] [SEVERE ] updating countdown to 52335
[16:12:24.246] [SEVERE ] updating countdown to 52335
[16:12:24.261] [SEVERE ] updating countdown to 52320
[16:12:24.261] [SEVERE ] updating countdown to 52320
[16:12:24.277] [SEVERE ] updating countdown to 52304
[16:12:24.277] [SEVERE ] updating countdown to 52304
[16:12:24.293] [SEVERE ] updating countdown to 52288
[16:12:24.293] [SEVERE ] updating countdown to 52288
[16:12:24.308] [SEVERE ] updating countdown to 52273
[16:12:24.308] [SEVERE ] updating countdown to 52273
[16:12:24.324] [SEVERE ] updating countdown to 52257
[16:12:24.324] [SEVERE ] updating countdown to 52257
[16:12:24.339] [SEVERE ] updating countdown to 52242
[16:12:24.339] [SEVERE ] updating countdown to 52242
[16:12:24.356] [SEVERE ] updating countdown to 52225
[16:12:24.356] [SEVERE ] updating countdown to 52225
[16:12:24.371] [SEVERE ] updating countdown to 52210
[16:12:24.371] [SEVERE ] updating countdown to 52210
[16:12:24.387] [SEVERE ] updating countdown to 52194
[16:12:24.387] [SEVERE ] updating countdown to 52194
[16:12:24.403] [SEVERE ] updating countdown to 52178
[16:12:24.403] [SEVERE ] updating countdown to 52178
[16:12:24.418] [SEVERE ] updating countdown to 52163
[16:12:24.418] [SEVERE ] updating countdown to 52163
[16:12:24.434] [SEVERE ] updating countdown to 52147
[16:12:24.434] [SEVERE ] updating countdown to 52147
[16:12:24.450] [SEVERE ] updating countdown to 52131
[16:12:24.450] [SEVERE ] updating countdown to 52131
[16:12:24.466] [SEVERE ] updating countdown to 52115
[16:12:24.466] [SEVERE ] updating countdown to 52115
[16:12:24.481] [SEVERE ] updating countdown to 52100
[16:12:24.481] [SEVERE ] updating countdown to 52100
[16:12:24.497] [SEVERE ] updating countdown to 52084
[16:12:24.497] [SEVERE ] updating countdown to 52084
[16:12:24.512] [SEVERE ] updating countdown to 52069
[16:12:24.512] [SEVERE ] updating countdown to 52069
[16:12:24.528] [SEVERE ] updating countdown to 52053
[16:12:24.528] [SEVERE ] updating countdown to 52053
[16:12:24.544] [SEVERE ] updating countdown to 52037
[16:12:24.544] [SEVERE ] updating countdown to 52037
[16:12:24.560] [SEVERE ] updating countdown to 52021
[16:12:24.560] [SEVERE ] updating countdown to 52021
[16:12:24.575] [SEVERE ] updating countdown to 52006
[16:12:24.575] [SEVERE ] updating countdown to 52006
[16:12:24.591] [SEVERE ] updating countdown to 51990
[16:12:24.591] [SEVERE ] updating countdown to 51990
[16:12:24.607] [SEVERE ] updating countdown to 51974
[16:12:24.607] [SEVERE ] updating countdown to 51974
[16:12:24.622] [SEVERE ] updating countdown to 51959
[16:12:24.622] [SEVERE ] updating countdown to 51959
[16:12:24.638] [SEVERE ] updating countdown to 51943
[16:12:24.638] [SEVERE ] updating countdown to 51943
[16:12:24.654] [SEVERE ] updating countdown to 51927
[16:12:24.654] [SEVERE ] updating countdown to 51927
[16:12:24.670] [SEVERE ] updating countdown to 51911
[16:12:24.670] [SEVERE ] updating countdown to 51911
[16:12:24.685] [SEVERE ] updating countdown to 51896
[16:12:24.685] [SEVERE ] updating countdown to 51896
[16:12:24.701] [SEVERE ] updating countdown to 51880
[16:12:24.701] [SEVERE ] updating countdown to 51880
[16:12:24.717] [SEVERE ] updating countdown to 51864
[16:12:24.717] [SEVERE ] updating countdown to 51864
[16:12:24.732] [SEVERE ] updating countdown to 51849
[16:12:24.732] [SEVERE ] updating countdown to 51849
[16:12:24.748] [SEVERE ] updating countdown to 51833
[16:12:24.748] [SEVERE ] updating countdown to 51833
[16:12:24.764] [SEVERE ] updating countdown to 51817
[16:12:24.764] [SEVERE ] updating countdown to 51817
[16:12:24.779] [SEVERE ] updating countdown to 51802
[16:12:24.779] [SEVERE ] updating countdown to 51802
[16:12:24.795] [SEVERE ] updating countdown to 51786
[16:12:24.795] [SEVERE ] updating countdown to 51786
[16:12:24.811] [SEVERE ] updating countdown to 51770
[16:12:24.811] [SEVERE ] updating countdown to 51770
[16:12:24.826] [SEVERE ] updating countdown to 51755
[16:12:24.826] [SEVERE ] updating countdown to 51755
[16:12:24.842] [SEVERE ] updating countdown to 51739
[16:12:24.842] [SEVERE ] updating countdown to 51739
[16:12:24.858] [SEVERE ] updating countdown to 51723
[16:12:24.858] [SEVERE ] updating countdown to 51723
[16:12:24.874] [SEVERE ] updating countdown to 51707
[16:12:24.874] [SEVERE ] updating countdown to 51707
[16:12:24.889] [SEVERE ] updating countdown to 51692
[16:12:24.889] [SEVERE ] updating countdown to 51692
[16:12:24.905] [SEVERE ] updating countdown to 51676
[16:12:24.905] [SEVERE ] updating countdown to 51676
[16:12:24.921] [SEVERE ] updating countdown to 51660
[16:12:24.921] [SEVERE ] updating countdown to 51660
[16:12:24.936] [SEVERE ] updating countdown to 51645
[16:12:24.936] [SEVERE ] updating countdown to 51645
[16:12:24.952] [SEVERE ] updating countdown to 51629
[16:12:24.952] [SEVERE ] updating countdown to 51629
[16:12:24.968] [SEVERE ] updating countdown to 51613
[16:12:24.968] [SEVERE ] updating countdown to 51613
[16:12:24.983] [SEVERE ] updating countdown to 51598
[16:12:24.983] [SEVERE ] updating countdown to 51598
[16:12:24.999] [SEVERE ] updating countdown to 51582
[16:12:24.999] [SEVERE ] updating countdown to 51582
[16:12:25.015] [SEVERE ] updating countdown to 51566
[16:12:25.015] [SEVERE ] updating countdown to 51566
[16:12:25.030] [SEVERE ] updating countdown to 51551
[16:12:25.030] [SEVERE ] updating countdown to 51551
[16:12:25.046] [SEVERE ] updating countdown to 51535
[16:12:25.046] [SEVERE ] updating countdown to 51535
[16:12:25.062] [SEVERE ] updating countdown to 51519
[16:12:25.062] [SEVERE ] updating countdown to 51519
[16:12:25.078] [SEVERE ] updating countdown to 51503
[16:12:25.078] [SEVERE ] updating countdown to 51503
[16:12:25.093] [SEVERE ] updating countdown to 51488
[16:12:25.093] [SEVERE ] updating countdown to 51488
[16:12:25.109] [SEVERE ] updating countdown to 51472
[16:12:25.109] [SEVERE ] updating countdown to 51472
[16:12:25.124] [SEVERE ] updating countdown to 51457
[16:12:25.124] [SEVERE ] updating countdown to 51457
[16:12:25.140] [SEVERE ] updating countdown to 51441
[16:12:25.140] [SEVERE ] updating countdown to 51441
[16:12:25.156] [SEVERE ] updating countdown to 51425
[16:12:25.156] [SEVERE ] updating countdown to 51425
[16:12:25.172] [SEVERE ] updating countdown to 51409
[16:12:25.172] [SEVERE ] updating countdown to 51409
[16:12:25.187] [SEVERE ] updating countdown to 51394
[16:12:25.187] [SEVERE ] updating countdown to 51394
[16:12:25.203] [SEVERE ] updating countdown to 51378
[16:12:25.203] [SEVERE ] updating countdown to 51378
[16:12:25.219] [SEVERE ] updating countdown to 51362
[16:12:25.219] [SEVERE ] updating countdown to 51362
[16:12:25.234] [SEVERE ] updating countdown to 51347
[16:12:25.234] [SEVERE ] updating countdown to 51347
[16:12:25.250] [SEVERE ] updating countdown to 51331
[16:12:25.250] [SEVERE ] updating countdown to 51331
[16:12:25.266] [SEVERE ] updating countdown to 51315
[16:12:25.266] [SEVERE ] updating countdown to 51315
[16:12:25.281] [SEVERE ] updating countdown to 51300
[16:12:25.281] [SEVERE ] updating countdown to 51300
[16:12:25.297] [SEVERE ] updating countdown to 51284
[16:12:25.297] [SEVERE ] updating countdown to 51284
[16:12:25.313] [SEVERE ] updating countdown to 51268
[16:12:25.313] [SEVERE ] updating countdown to 51268
[16:12:25.328] [SEVERE ] updating countdown to 51253
[16:12:25.328] [SEVERE ] updating countdown to 51253
[16:12:25.344] [SEVERE ] updating countdown to 51237
[16:12:25.344] [SEVERE ] updating countdown to 51237
[16:12:25.360] [SEVERE ] updating countdown to 51221
[16:12:25.360] [SEVERE ] updating countdown to 51221
[16:12:25.376] [SEVERE ] updating countdown to 51205
[16:12:25.376] [SEVERE ] updating countdown to 51205
[16:12:25.391] [SEVERE ] updating countdown to 51190
[16:12:25.391] [SEVERE ] updating countdown to 51190
[16:12:25.407] [SEVERE ] updating countdown to 51174
[16:12:25.407] [SEVERE ] updating countdown to 51174
[16:12:25.423] [SEVERE ] updating countdown to 51158
[16:12:25.423] [SEVERE ] updating countdown to 51158
[16:12:25.438] [SEVERE ] updating countdown to 51143
[16:12:25.438] [SEVERE ] updating countdown to 51143
[16:12:25.454] [SEVERE ] updating countdown to 51127
[16:12:25.454] [SEVERE ] updating countdown to 51127
[16:12:25.470] [SEVERE ] updating countdown to 51111
[16:12:25.470] [SEVERE ] updating countdown to 51111
[16:12:25.485] [SEVERE ] updating countdown to 51096
[16:12:25.485] [SEVERE ] updating countdown to 51096
[16:12:25.501] [SEVERE ] updating countdown to 51080
[16:12:25.501] [SEVERE ] updating countdown to 51080
[16:12:25.517] [SEVERE ] updating countdown to 51064
[16:12:25.517] [SEVERE ] updating countdown to 51064
[16:12:25.532] [SEVERE ] updating countdown to 51049
[16:12:25.532] [SEVERE ] updating countdown to 51049
[16:12:25.550] [SEVERE ] updating countdown to 51031
[16:12:25.550] [SEVERE ] updating countdown to 51031
[16:12:25.566] [SEVERE ] updating countdown to 51015
[16:12:25.566] [SEVERE ] updating countdown to 51015
[16:12:25.581] [SEVERE ] updating countdown to 51000
[16:12:25.581] [SEVERE ] updating countdown to 51000
[16:12:25.610] [SEVERE ] updating countdown to 50971
[16:12:25.610] [SEVERE ] updating countdown to 50971
[16:12:25.626] [SEVERE ] updating countdown to 50955
[16:12:25.626] [SEVERE ] updating countdown to 50955
[16:12:25.641] [SEVERE ] updating countdown to 50940
[16:12:25.641] [SEVERE ] updating countdown to 50940
[16:12:25.657] [SEVERE ] updating countdown to 50924
[16:12:25.657] [SEVERE ] updating countdown to 50924
[16:12:25.673] [SEVERE ] updating countdown to 50908
[16:12:25.673] [SEVERE ] updating countdown to 50908
[16:12:25.689] [SEVERE ] updating countdown to 50892
[16:12:25.689] [SEVERE ] updating countdown to 50892
[16:12:25.704] [SEVERE ] updating countdown to 50877
[16:12:25.704] [SEVERE ] updating countdown to 50877
[16:12:25.720] [SEVERE ] updating countdown to 50861
[16:12:25.720] [SEVERE ] updating countdown to 50861
[16:12:25.735] [SEVERE ] updating countdown to 50846
[16:12:25.735] [SEVERE ] updating countdown to 50846
[16:12:25.751] [SEVERE ] updating countdown to 50830
[16:12:25.751] [SEVERE ] updating countdown to 50830
[16:12:25.767] [SEVERE ] updating countdown to 50814
[16:12:25.767] [SEVERE ] updating countdown to 50814
[16:12:25.783] [SEVERE ] updating countdown to 50798
[16:12:25.783] [SEVERE ] updating countdown to 50798
[16:12:25.798] [SEVERE ] updating countdown to 50783
[16:12:25.798] [SEVERE ] updating countdown to 50783
[16:12:25.814] [SEVERE ] updating countdown to 50767
[16:12:25.814] [SEVERE ] updating countdown to 50767
[16:12:25.830] [SEVERE ] updating countdown to 50751
[16:12:25.830] [SEVERE ] updating countdown to 50751
[16:12:25.845] [SEVERE ] updating countdown to 50736
[16:12:25.845] [SEVERE ] updating countdown to 50736
[16:12:25.861] [SEVERE ] updating countdown to 50720
[16:12:25.861] [SEVERE ] updating countdown to 50720
[16:12:25.877] [SEVERE ] updating countdown to 50704
[16:12:25.877] [SEVERE ] updating countdown to 50704
[16:12:25.893] [SEVERE ] updating countdown to 50688
[16:12:25.894] [SEVERE ] updating countdown to 50687
[16:12:25.918] [SEVERE ] updating countdown to 50663
[16:12:25.918] [SEVERE ] updating countdown to 50663
[16:12:25.933] [SEVERE ] updating countdown to 50648
[16:12:25.933] [SEVERE ] updating countdown to 50648
[16:12:25.949] [SEVERE ] updating countdown to 50632
[16:12:25.949] [SEVERE ] updating countdown to 50632
[16:12:25.965] [SEVERE ] updating countdown to 50616
[16:12:25.965] [SEVERE ] updating countdown to 50616
[16:12:25.981] [SEVERE ] updating countdown to 50600
[16:12:25.981] [SEVERE ] updating countdown to 50600
[16:12:25.996] [SEVERE ] updating countdown to 50585
[16:12:25.996] [SEVERE ] updating countdown to 50585
[16:12:26.012] [SEVERE ] updating countdown to 50569
[16:12:26.012] [SEVERE ] updating countdown to 50569
[16:12:26.027] [SEVERE ] updating countdown to 50554
[16:12:26.027] [SEVERE ] updating countdown to 50554
[16:12:26.043] [SEVERE ] updating countdown to 50538
[16:12:26.043] [SEVERE ] updating countdown to 50538
[16:12:26.059] [SEVERE ] updating countdown to 50522
[16:12:26.059] [SEVERE ] updating countdown to 50522
[16:12:26.075] [SEVERE ] updating countdown to 50506
[16:12:26.075] [SEVERE ] updating countdown to 50506
[16:12:26.090] [SEVERE ] updating countdown to 50491
[16:12:26.090] [SEVERE ] updating countdown to 50491
[16:12:26.106] [SEVERE ] updating countdown to 50475
[16:12:26.106] [SEVERE ] updating countdown to 50475
[16:12:26.122] [SEVERE ] updating countdown to 50459
[16:12:26.122] [SEVERE ] updating countdown to 50459
[16:12:26.137] [SEVERE ] updating countdown to 50444
[16:12:26.137] [SEVERE ] updating countdown to 50444
[16:12:26.159] [SEVERE ] updating countdown to 50422
[16:12:26.159] [SEVERE ] updating countdown to 50422
[16:12:26.175] [SEVERE ] updating countdown to 50406
[16:12:26.175] [SEVERE ] updating countdown to 50406
[16:12:26.190] [SEVERE ] updating countdown to 50391
[16:12:26.190] [SEVERE ] updating countdown to 50391
[16:12:26.206] [SEVERE ] updating countdown to 50375
[16:12:26.206] [SEVERE ] updating countdown to 50375
[16:12:26.222] [SEVERE ] updating countdown to 50359
[16:12:26.222] [SEVERE ] updating countdown to 50359
[16:12:26.237] [SEVERE ] updating countdown to 50344
[16:12:26.237] [SEVERE ] updating countdown to 50344
[16:12:26.253] [SEVERE ] updating countdown to 50328
[16:12:26.253] [SEVERE ] updating countdown to 50328
[16:12:26.269] [SEVERE ] updating countdown to 50312
[16:12:26.269] [SEVERE ] updating countdown to 50312
[16:12:26.284] [SEVERE ] updating countdown to 50297
[16:12:26.284] [SEVERE ] updating countdown to 50297
[16:12:26.300] [SEVERE ] updating countdown to 50281
[16:12:26.300] [SEVERE ] updating countdown to 50281
[16:12:26.316] [SEVERE ] updating countdown to 50265
[16:12:26.316] [SEVERE ] updating countdown to 50265
[16:12:26.331] [SEVERE ] updating countdown to 50250
[16:12:26.331] [SEVERE ] updating countdown to 50250
[16:12:26.347] [SEVERE ] updating countdown to 50234
[16:12:26.347] [SEVERE ] updating countdown to 50234
[16:12:26.363] [SEVERE ] updating countdown to 50218
[16:12:26.363] [SEVERE ] updating countdown to 50218
[16:12:26.379] [SEVERE ] updating countdown to 50202
[16:12:26.379] [SEVERE ] updating countdown to 50202
[16:12:26.394] [SEVERE ] updating countdown to 50187
[16:12:26.394] [SEVERE ] updating countdown to 50187
[16:12:26.410] [SEVERE ] updating countdown to 50171
[16:12:26.410] [SEVERE ] updating countdown to 50171
[16:12:26.425] [SEVERE ] updating countdown to 50156
[16:12:26.425] [SEVERE ] updating countdown to 50156
[16:12:26.441] [SEVERE ] updating countdown to 50140
[16:12:26.441] [SEVERE ] updating countdown to 50140
[16:12:26.457] [SEVERE ] updating countdown to 50124
[16:12:26.457] [SEVERE ] updating countdown to 50124
[16:12:26.473] [SEVERE ] updating countdown to 50108
[16:12:26.473] [SEVERE ] updating countdown to 50108
[16:12:26.488] [SEVERE ] updating countdown to 50093
[16:12:26.488] [SEVERE ] updating countdown to 50093
[16:12:26.504] [SEVERE ] updating countdown to 50077
[16:12:26.504] [SEVERE ] updating countdown to 50077
[16:12:26.519] [SEVERE ] updating countdown to 50062
[16:12:26.519] [SEVERE ] updating countdown to 50062
[16:12:26.535] [SEVERE ] updating countdown to 50046
[16:12:26.535] [SEVERE ] updating countdown to 50046
[16:12:26.551] [SEVERE ] updating countdown to 50030
[16:12:26.551] [SEVERE ] updating countdown to 50030
[16:12:26.567] [SEVERE ] updating countdown to 50014
[16:12:26.567] [SEVERE ] updating countdown to 50014
[16:12:26.582] [SEVERE ] updating countdown to 49999
[16:12:26.582] [SEVERE ] updating countdown to 49999
[16:12:26.598] [SEVERE ] updating countdown to 49983
[16:12:26.598] [SEVERE ] updating countdown to 49983
[16:12:26.614] [SEVERE ] updating countdown to 49967
[16:12:26.614] [SEVERE ] updating countdown to 49967
[16:12:26.629] [SEVERE ] updating countdown to 49952
[16:12:26.629] [SEVERE ] updating countdown to 49952
[16:12:26.645] [SEVERE ] updating countdown to 49936
[16:12:26.645] [SEVERE ] updating countdown to 49936
[16:12:26.661] [SEVERE ] updating countdown to 49920
[16:12:26.661] [SEVERE ] updating countdown to 49920
[16:12:26.676] [SEVERE ] updating countdown to 49905
[16:12:26.676] [SEVERE ] updating countdown to 49905
[16:12:26.692] [SEVERE ] updating countdown to 49889
[16:12:26.692] [SEVERE ] updating countdown to 49889
[16:12:26.708] [SEVERE ] updating countdown to 49873
[16:12:26.708] [SEVERE ] updating countdown to 49873
[16:12:26.723] [SEVERE ] updating countdown to 49858
[16:12:26.723] [SEVERE ] updating countdown to 49858
[16:12:26.739] [SEVERE ] updating countdown to 49842
[16:12:26.739] [SEVERE ] updating countdown to 49842
[16:12:26.755] [SEVERE ] updating countdown to 49826
[16:12:26.755] [SEVERE ] updating countdown to 49826
[16:12:26.771] [SEVERE ] updating countdown to 49810
[16:12:26.771] [SEVERE ] updating countdown to 49810
[16:12:26.786] [SEVERE ] updating countdown to 49795
[16:12:26.786] [SEVERE ] updating countdown to 49795
[16:12:26.802] [SEVERE ] updating countdown to 49779
[16:12:26.802] [SEVERE ] updating countdown to 49779
[16:12:26.818] [SEVERE ] updating countdown to 49763
[16:12:26.818] [SEVERE ] updating countdown to 49763
[16:12:26.833] [SEVERE ] updating countdown to 49748
[16:12:26.833] [SEVERE ] updating countdown to 49748
[16:12:26.849] [SEVERE ] updating countdown to 49732
[16:12:26.849] [SEVERE ] updating countdown to 49732
[16:12:26.864] [SEVERE ] updating countdown to 49717
[16:12:26.864] [SEVERE ] updating countdown to 49717
[16:12:26.880] [SEVERE ] updating countdown to 49701
[16:12:26.880] [SEVERE ] updating countdown to 49701
[16:12:26.898] [SEVERE ] updating countdown to 49683
[16:12:26.898] [SEVERE ] updating countdown to 49683
[16:12:26.926] [SEVERE ] updating countdown to 49655
[16:12:26.926] [SEVERE ] updating countdown to 49655
[16:12:26.942] [SEVERE ] updating countdown to 49639
[16:12:26.942] [SEVERE ] updating countdown to 49639
[16:12:26.958] [SEVERE ] updating countdown to 49623
[16:12:26.958] [SEVERE ] updating countdown to 49623
[16:12:26.974] [SEVERE ] updating countdown to 49607
[16:12:26.974] [SEVERE ] updating countdown to 49607
[16:12:26.989] [SEVERE ] updating countdown to 49592
[16:12:26.989] [SEVERE ] updating countdown to 49592
[16:12:27.005] [SEVERE ] updating countdown to 49576
[16:12:27.005] [SEVERE ] updating countdown to 49576
[16:12:27.021] [SEVERE ] updating countdown to 49560
[16:12:27.021] [SEVERE ] updating countdown to 49560
[16:12:27.036] [SEVERE ] updating countdown to 49545
[16:12:27.036] [SEVERE ] updating countdown to 49545
[16:12:27.052] [SEVERE ] updating countdown to 49529
[16:12:27.052] [SEVERE ] updating countdown to 49529
[16:12:27.068] [SEVERE ] updating countdown to 49513
[16:12:27.068] [SEVERE ] updating countdown to 49513
[16:12:27.084] [SEVERE ] updating countdown to 49497
[16:12:27.084] [SEVERE ] updating countdown to 49497
[16:12:27.099] [SEVERE ] updating countdown to 49482
[16:12:27.099] [SEVERE ] updating countdown to 49482
[16:12:27.115] [SEVERE ] updating countdown to 49466
[16:12:27.115] [SEVERE ] updating countdown to 49466
[16:12:27.130] [SEVERE ] updating countdown to 49451
[16:12:27.130] [SEVERE ] updating countdown to 49451
[16:12:27.146] [SEVERE ] updating countdown to 49435
[16:12:27.146] [SEVERE ] updating countdown to 49435
[16:12:27.162] [SEVERE ] updating countdown to 49419
[16:12:27.162] [SEVERE ] updating countdown to 49419
[16:12:27.178] [SEVERE ] updating countdown to 49403
[16:12:27.178] [SEVERE ] updating countdown to 49403
[16:12:27.193] [SEVERE ] updating countdown to 49388
[16:12:27.193] [SEVERE ] updating countdown to 49388
[16:12:27.193] [SEVERE ] key 69 was pressed by player 1
[16:12:27.209] [SEVERE ] updating countdown to 49372
[16:12:27.209] [SEVERE ] updating countdown to 49372
[16:12:27.225] [SEVERE ] updating countdown to 49356
[16:12:27.225] [SEVERE ] updating countdown to 49356
[16:12:27.240] [SEVERE ] updating countdown to 49341
[16:12:27.240] [SEVERE ] updating countdown to 49341
[16:12:27.256] [SEVERE ] updating countdown to 49325
[16:12:27.256] [SEVERE ] updating countdown to 49325
[16:12:27.272] [SEVERE ] updating countdown to 49309
[16:12:27.272] [SEVERE ] updating countdown to 49309
[16:12:27.287] [SEVERE ] updating countdown to 49294
[16:12:27.287] [SEVERE ] updating countdown to 49294
[16:12:27.303] [SEVERE ] updating countdown to 49278
[16:12:27.303] [SEVERE ] updating countdown to 49278
[16:12:27.319] [SEVERE ] updating countdown to 49262
[16:12:27.319] [SEVERE ] updating countdown to 49262
[16:12:27.334] [SEVERE ] updating countdown to 49247
[16:12:27.334] [SEVERE ] updating countdown to 49247
[16:12:27.350] [SEVERE ] updating countdown to 49231
[16:12:27.350] [SEVERE ] updating countdown to 49231
[16:12:27.365] [SEVERE ] updating countdown to 49216
[16:12:27.365] [SEVERE ] updating countdown to 49216
[16:12:27.381] [SEVERE ] updating countdown to 49200
[16:12:27.381] [SEVERE ] updating countdown to 49200
[16:12:27.397] [SEVERE ] updating countdown to 49184
[16:12:27.397] [SEVERE ] updating countdown to 49184
[16:12:27.412] [SEVERE ] updating countdown to 49169
[16:12:27.412] [SEVERE ] updating countdown to 49169
[16:12:27.428] [SEVERE ] updating countdown to 49153
[16:12:27.428] [SEVERE ] updating countdown to 49153
[16:12:27.444] [SEVERE ] updating countdown to 49137
[16:12:27.444] [SEVERE ] updating countdown to 49137
[16:12:27.460] [SEVERE ] updating countdown to 49121
[16:12:27.460] [SEVERE ] updating countdown to 49121
[16:12:27.475] [SEVERE ] updating countdown to 49106
[16:12:27.475] [SEVERE ] updating countdown to 49106
[16:12:27.491] [SEVERE ] updating countdown to 49090
[16:12:27.491] [SEVERE ] updating countdown to 49090
[16:12:27.506] [SEVERE ] updating countdown to 49075
[16:12:27.506] [SEVERE ] updating countdown to 49075
[16:12:27.522] [SEVERE ] updating countdown to 49059
[16:12:27.522] [SEVERE ] updating countdown to 49059
[16:12:27.538] [SEVERE ] updating countdown to 49043
[16:12:27.538] [SEVERE ] updating countdown to 49043
[16:12:27.554] [SEVERE ] updating countdown to 49027
[16:12:27.554] [SEVERE ] updating countdown to 49027
[16:12:27.569] [SEVERE ] updating countdown to 49012
[16:12:27.569] [SEVERE ] updating countdown to 49012
[16:12:27.585] [SEVERE ] updating countdown to 48996
[16:12:27.585] [SEVERE ] updating countdown to 48996
[16:12:27.601] [SEVERE ] updating countdown to 48980
[16:12:27.601] [SEVERE ] updating countdown to 48980
[16:12:27.616] [SEVERE ] updating countdown to 48965
[16:12:27.616] [SEVERE ] updating countdown to 48965
[16:12:27.616] [SEVERE ] exit button pressed
[16:12:27.616] [INFO   ] thread computer-2 terminated.
[16:12:27.616] [INFO   ] thread computer-1 terminated.
[16:12:27.632] [SEVERE ] updating countdown to 48949
[16:12:27.632] [SEVERE ] updating countdown to 48949
[16:12:27.632] [SEVERE ] updating countdown to 48949
[16:12:27.741] [SEVERE ] removing card from slot 0
[16:12:27.846] [SEVERE ] removing card from slot 1
[16:12:27.953] [SEVERE ] removing card from slot 2
[16:12:28.054] [SEVERE ] removing card from slot 3
[16:12:28.161] [SEVERE ] removing card from slot 4
[16:12:28.268] [SEVERE ] removing card from slot 5
[16:12:28.377] [SEVERE ] removing card from slot 6
[16:12:28.484] [SEVERE ] removing card from slot 7
[16:12:28.593] [SEVERE ] removing card from slot 8
[16:12:28.704] [SEVERE ] removing card from slot 9
[16:12:28.805] [SEVERE ] removing card from slot 10
[16:12:28.911] [SEVERE ] removing card from slot 11
[16:12:28.912] [SEVERE ] announcing winner(s): player 1, player 2, player 3
[16:12:28.912] [INFO   ] thread dealer terminated.
[16:12:28.912] [INFO   ] thread dealer terminated.
[16:12:28.912] [SEVERE ] thanks for playing... it was fun!
[16:12:28.912] [INFO   ] thread main terminated.
