[20:02:31.256] [INFO   ] thread main starting.
[20:02:31.260] [SEVERE ] cannot read configuration file config.properties trying from resources.
[20:02:31.264] [SEVERE ] configuration file was loaded from resources directory.
[20:02:31.644] [INFO   ] thread dealer starting.
[20:02:31.644] [INFO   ] thread dealer starting.
[20:02:31.644] [SEVERE ] updating countdown to 10000
[20:02:31.644] [INFO   ] thread Thread-0 starting.
[20:02:31.644] [INFO   ] thread Thread-1 starting.
[20:02:31.644] [INFO   ] thread computer-1 starting.
[20:02:31.755] [SEVERE ] updating countdown to 9889
[20:02:31.869] [SEVERE ] placing card 60 in slot 0
[20:02:31.984] [SEVERE ] placing card 51 in slot 1
[20:02:32.089] [SEVERE ] placing card 5 in slot 2
[20:02:32.200] [SEVERE ] placing card 49 in slot 3
[20:02:32.311] [SEVERE ] placing card 37 in slot 4
[20:02:32.422] [SEVERE ] placing card 76 in slot 5
[20:02:32.533] [SEVERE ] placing card 0 in slot 6
[20:02:32.643] [SEVERE ] placing card 47 in slot 7
[20:02:32.753] [SEVERE ] placing card 65 in slot 8
[20:02:32.857] [SEVERE ] placing card 7 in slot 9
[20:02:32.970] [SEVERE ] placing card 78 in slot 10
[20:02:33.080] [SEVERE ] placing card 9 in slot 11
[20:02:33.080] [SEVERE ] player 2 placing token on slot 5
[20:02:33.080] [SEVERE ] player 2 placing token on slot 7
[20:02:33.080] [SEVERE ] player 2 placing token on slot 2
[20:02:33.080] [SEVERE ] updating countdown to 8564
[20:02:33.080] [SEVERE ] updating countdown to 8564
[20:02:33.080] [SEVERE ] setting player 2 freeze to 3900
[20:02:33.080] [SEVERE ] setting player 2 freeze to 3900
[20:02:33.080] [SEVERE ] updating countdown to 8564
[20:02:33.080] [SEVERE ] setting player 2 freeze to 3900
[20:02:33.653] [SEVERE ] updating countdown to 7991
[20:02:33.653] [SEVERE ] setting player 2 freeze to 3327
[20:02:33.653] [SEVERE ] updating countdown to 7991
[20:02:33.653] [SEVERE ] setting player 2 freeze to 3327
[20:02:34.647] [SEVERE ] updating countdown to 6997
[20:02:34.647] [SEVERE ] setting player 2 freeze to 2333
[20:02:34.648] [SEVERE ] updating countdown to 6996
[20:02:34.648] [SEVERE ] setting player 2 freeze to 2332
[20:02:35.644] [SEVERE ] updating countdown to 6000
[20:02:35.644] [SEVERE ] setting player 2 freeze to 1336
[20:02:35.644] [SEVERE ] updating countdown to 6000
[20:02:35.644] [SEVERE ] setting player 2 freeze to 1336
[20:02:36.088] [SEVERE ] removing player 2 token from slot 2
[20:02:36.088] [SEVERE ] player 2 placing token on slot 10
[20:02:36.088] [SEVERE ] updating countdown to 5556
[20:02:36.088] [SEVERE ] setting player 2 freeze to 0
[20:02:36.088] [SEVERE ] setting player 2 freeze to 3900
[20:02:36.088] [SEVERE ] setting player 2 freeze to 3900
[20:02:36.088] [SEVERE ] updating countdown to 5556
[20:02:36.088] [SEVERE ] setting player 2 freeze to 3900
[20:02:36.646] [SEVERE ] setting player 2 freeze to 3342
[20:02:36.646] [SEVERE ] setting player 2 freeze to 3342
[20:02:36.747] [SEVERE ] setting player 2 freeze to 3241
[20:02:36.747] [SEVERE ] setting player 2 freeze to 3241
[20:02:36.857] [SEVERE ] setting player 2 freeze to 3131
[20:02:36.857] [SEVERE ] setting player 2 freeze to 3131
[20:02:36.966] [SEVERE ] setting player 2 freeze to 3022
[20:02:36.966] [SEVERE ] setting player 2 freeze to 3022
[20:02:37.076] [SEVERE ] setting player 2 freeze to 2912
[20:02:37.076] [SEVERE ] setting player 2 freeze to 2912
[20:02:37.186] [SEVERE ] setting player 2 freeze to 2802
[20:02:37.186] [SEVERE ] setting player 2 freeze to 2802
[20:02:37.296] [SEVERE ] setting player 2 freeze to 2692
[20:02:37.296] [SEVERE ] setting player 2 freeze to 2692
[20:02:37.406] [SEVERE ] setting player 2 freeze to 2582
[20:02:37.406] [SEVERE ] setting player 2 freeze to 2582
[20:02:37.516] [SEVERE ] setting player 2 freeze to 2472
[20:02:37.516] [SEVERE ] setting player 2 freeze to 2472
[20:02:37.626] [SEVERE ] setting player 2 freeze to 2362
[20:02:37.626] [SEVERE ] setting player 2 freeze to 2362
[20:02:37.735] [SEVERE ] setting player 2 freeze to 2253
[20:02:37.736] [SEVERE ] setting player 2 freeze to 2252
[20:02:37.845] [SEVERE ] setting player 2 freeze to 2143
[20:02:37.845] [SEVERE ] setting player 2 freeze to 2143
[20:02:37.955] [SEVERE ] setting player 2 freeze to 2033
[20:02:37.955] [SEVERE ] setting player 2 freeze to 2033
[20:02:38.065] [SEVERE ] setting player 2 freeze to 1923
[20:02:38.065] [SEVERE ] setting player 2 freeze to 1923
[20:02:38.175] [SEVERE ] setting player 2 freeze to 1813
[20:02:38.175] [SEVERE ] setting player 2 freeze to 1813
[20:02:38.285] [SEVERE ] setting player 2 freeze to 1703
[20:02:38.285] [SEVERE ] setting player 2 freeze to 1703
[20:02:38.395] [SEVERE ] setting player 2 freeze to 1593
[20:02:38.395] [SEVERE ] setting player 2 freeze to 1593
[20:02:38.505] [SEVERE ] setting player 2 freeze to 1483
[20:02:38.505] [SEVERE ] setting player 2 freeze to 1483
[20:02:38.614] [SEVERE ] setting player 2 freeze to 1374
[20:02:38.614] [SEVERE ] setting player 2 freeze to 1374
[20:02:38.724] [SEVERE ] setting player 2 freeze to 1264
[20:02:38.724] [SEVERE ] setting player 2 freeze to 1264
[20:02:38.834] [SEVERE ] setting player 2 freeze to 1154
[20:02:38.834] [SEVERE ] setting player 2 freeze to 1154
[20:02:38.944] [SEVERE ] setting player 2 freeze to 1044
[20:02:38.944] [SEVERE ] setting player 2 freeze to 1044
[20:02:39.054] [SEVERE ] setting player 2 freeze to 934
[20:02:39.054] [SEVERE ] setting player 2 freeze to 934
[20:02:39.101] [SEVERE ] removing player 2 token from slot 7
[20:02:39.101] [SEVERE ] player 2 placing token on slot 4
[20:02:39.101] [SEVERE ] setting player 2 freeze to 0
[20:02:39.101] [SEVERE ] setting player 2 freeze to 3900
[20:02:39.101] [SEVERE ] setting player 2 freeze to 3900
[20:02:39.101] [SEVERE ] setting player 2 freeze to 3900
[20:02:39.205] [SEVERE ] setting player 2 freeze to 3796
[20:02:39.205] [SEVERE ] setting player 2 freeze to 3796
[20:02:39.315] [SEVERE ] setting player 2 freeze to 3686
[20:02:39.315] [SEVERE ] setting player 2 freeze to 3686
[20:02:39.425] [SEVERE ] setting player 2 freeze to 3576
[20:02:39.425] [SEVERE ] setting player 2 freeze to 3576
[20:02:39.534] [SEVERE ] setting player 2 freeze to 3467
[20:02:39.534] [SEVERE ] setting player 2 freeze to 3467
[20:02:39.644] [SEVERE ] updating countdown to 2000
[20:02:39.644] [SEVERE ] setting player 2 freeze to 3357
[20:02:39.644] [SEVERE ] updating countdown to 2000
[20:02:39.644] [SEVERE ] setting player 2 freeze to 3357
[20:02:39.754] [SEVERE ] setting player 2 freeze to 3247
[20:02:39.754] [SEVERE ] setting player 2 freeze to 3247
[20:02:39.864] [SEVERE ] setting player 2 freeze to 3137
[20:02:39.864] [SEVERE ] setting player 2 freeze to 3137
[20:02:39.974] [SEVERE ] setting player 2 freeze to 3027
[20:02:39.974] [SEVERE ] setting player 2 freeze to 3027
[20:02:40.084] [SEVERE ] setting player 2 freeze to 2917
[20:02:40.084] [SEVERE ] setting player 2 freeze to 2917
[20:02:40.193] [SEVERE ] setting player 2 freeze to 2808
[20:02:40.193] [SEVERE ] setting player 2 freeze to 2808
[20:02:40.303] [SEVERE ] setting player 2 freeze to 2698
[20:02:40.303] [SEVERE ] setting player 2 freeze to 2698
[20:02:40.412] [SEVERE ] setting player 2 freeze to 2589
[20:02:40.412] [SEVERE ] setting player 2 freeze to 2589
[20:02:40.522] [SEVERE ] setting player 2 freeze to 2479
[20:02:40.522] [SEVERE ] setting player 2 freeze to 2479
[20:02:40.632] [SEVERE ] setting player 2 freeze to 2369
[20:02:40.632] [SEVERE ] setting player 2 freeze to 2369
[20:02:40.742] [SEVERE ] setting player 2 freeze to 2259
[20:02:40.742] [SEVERE ] setting player 2 freeze to 2259
[20:02:40.852] [SEVERE ] setting player 2 freeze to 2149
[20:02:40.852] [SEVERE ] setting player 2 freeze to 2149
[20:02:40.961] [SEVERE ] setting player 2 freeze to 2040
[20:02:40.961] [SEVERE ] setting player 2 freeze to 2040
[20:02:41.071] [SEVERE ] setting player 2 freeze to 1930
[20:02:41.071] [SEVERE ] setting player 2 freeze to 1930
[20:02:41.181] [SEVERE ] setting player 2 freeze to 1820
[20:02:41.181] [SEVERE ] setting player 2 freeze to 1820
[20:02:41.291] [SEVERE ] setting player 2 freeze to 1710
[20:02:41.291] [SEVERE ] setting player 2 freeze to 1710
[20:02:41.401] [SEVERE ] setting player 2 freeze to 1600
[20:02:41.401] [SEVERE ] setting player 2 freeze to 1600
[20:02:41.510] [SEVERE ] setting player 2 freeze to 1491
[20:02:41.510] [SEVERE ] setting player 2 freeze to 1491
[20:02:41.620] [SEVERE ] setting player 2 freeze to 1381
[20:02:41.620] [SEVERE ] setting player 2 freeze to 1381
[20:02:41.730] [SEVERE ] updating countdown to 10000
[20:02:41.730] [SEVERE ] setting player 2 freeze to 1271
[20:02:41.730] [SEVERE ] updating countdown to 10000
[20:02:41.730] [SEVERE ] setting player 2 freeze to 1271
[20:02:41.840] [SEVERE ] removing card from slot 0
[20:02:41.950] [SEVERE ] removing card from slot 1
[20:02:42.059] [SEVERE ] removing card from slot 2
[20:02:42.164] [SEVERE ] removing card from slot 3
[20:02:42.268] [SEVERE ] removing player 2 token from slot 4
[20:02:42.268] [SEVERE ] removing card from slot 4
[20:02:42.378] [SEVERE ] removing player 2 token from slot 5
[20:02:42.378] [SEVERE ] removing card from slot 5
[20:02:42.489] [SEVERE ] removing card from slot 6
[20:02:42.598] [SEVERE ] removing card from slot 7
[20:02:42.708] [SEVERE ] removing card from slot 8
[20:02:42.818] [SEVERE ] removing card from slot 9
[20:02:42.928] [SEVERE ] removing player 2 token from slot 10
[20:02:42.928] [SEVERE ] removing card from slot 10
[20:02:43.038] [SEVERE ] removing card from slot 11
[20:02:43.147] [SEVERE ] placing card 65 in slot 0
[20:02:43.256] [SEVERE ] placing card 34 in slot 1
[20:02:43.366] [SEVERE ] placing card 13 in slot 2
[20:02:43.476] [SEVERE ] placing card 66 in slot 3
[20:02:43.586] [SEVERE ] placing card 19 in slot 4
[20:02:43.695] [SEVERE ] placing card 32 in slot 5
[20:02:43.805] [SEVERE ] placing card 10 in slot 6
[20:02:43.915] [SEVERE ] placing card 27 in slot 7
[20:02:44.025] [SEVERE ] placing card 28 in slot 8
[20:02:44.135] [SEVERE ] placing card 45 in slot 9
[20:02:44.244] [SEVERE ] placing card 68 in slot 10
[20:02:44.354] [SEVERE ] placing card 15 in slot 11
[20:02:44.354] [SEVERE ] player 2 placing token on slot 11
[20:02:44.354] [SEVERE ] player 2 placing token on slot 8
[20:02:44.354] [SEVERE ] removing player 2 token from slot 11
[20:02:44.354] [SEVERE ] player 2 placing token on slot 9
[20:02:44.354] [SEVERE ] removing player 2 token from slot 8
[20:02:44.354] [SEVERE ] player 2 placing token on slot 10
[20:02:44.354] [SEVERE ] player 2 placing token on slot 11
[20:02:44.354] [SEVERE ] setting player 2 freeze to 3900
[20:02:44.354] [SEVERE ] setting player 2 freeze to 3900
[20:02:44.354] [SEVERE ] updating countdown to 10000
[20:02:44.354] [SEVERE ] setting player 2 freeze to 3900
[20:02:47.357] [SEVERE ] removing player 2 token from slot 9
[20:02:47.357] [SEVERE ] player 2 placing token on slot 5
[20:02:47.357] [SEVERE ] updating countdown to 6997
[20:02:47.357] [SEVERE ] setting player 2 freeze to 0
[20:02:47.357] [SEVERE ] setting player 2 freeze to 3900
[20:02:47.357] [SEVERE ] setting player 2 freeze to 3900
[20:02:47.357] [SEVERE ] updating countdown to 6997
[20:02:47.357] [SEVERE ] setting player 2 freeze to 3900
[20:02:48.356] [SEVERE ] updating countdown to 5998
[20:02:48.356] [SEVERE ] setting player 2 freeze to 2901
[20:02:48.356] [SEVERE ] updating countdown to 5998
[20:02:48.356] [SEVERE ] setting player 2 freeze to 2901
[20:02:48.601] [SEVERE ] exit button pressed
[20:02:48.601] [INFO   ] thread Thread-0 terminated.
[20:02:48.601] [INFO   ] thread computer-1 terminated.
[20:02:49.357] [SEVERE ] setting player 2 freeze to 1900
[20:02:49.357] [SEVERE ] setting player 2 freeze to 1900
[20:02:49.358] [SEVERE ] setting player 2 freeze to 1899
[20:02:49.466] [SEVERE ] removing card from slot 0
[20:02:49.576] [SEVERE ] removing card from slot 1
[20:02:49.686] [SEVERE ] removing card from slot 2
[20:02:49.796] [SEVERE ] removing card from slot 3
[20:02:49.906] [SEVERE ] removing card from slot 4
[20:02:50.017] [SEVERE ] removing player 2 token from slot 5
[20:02:50.017] [SEVERE ] removing card from slot 5
[20:02:50.120] [SEVERE ] removing card from slot 6
[20:02:50.230] [SEVERE ] removing card from slot 7
[20:02:50.340] [SEVERE ] removing card from slot 8
[20:02:50.450] [SEVERE ] removing card from slot 9
[20:02:50.561] [SEVERE ] removing player 2 token from slot 10
[20:02:50.561] [SEVERE ] removing card from slot 10
[20:02:50.671] [SEVERE ] removing player 2 token from slot 11
[20:02:50.671] [SEVERE ] removing card from slot 11
[20:02:50.671] [SEVERE ] announcing winner(s): player 1, player 2
[20:02:50.671] [INFO   ] thread dealer terminated.
[20:02:50.671] [INFO   ] thread Thread-1 terminated.
[20:02:50.671] [INFO   ] thread dealer terminated.
[20:02:50.671] [SEVERE ] thanks for playing... it was fun!
[20:02:50.671] [INFO   ] thread main terminated.
