[23:38:58.328] [INFO   ] thread main starting.
[23:38:58.335] [SEVERE ] cannot read configuration file config.properties trying from resources.
[23:38:58.339] [SEVERE ] configuration file was loaded from resources directory.
[23:38:58.708] [INFO   ] thread dealer starting.
[23:38:58.709] [INFO   ] thread dealer starting.
[23:38:58.710] [SEVERE ] updating countdown to 60000
[23:38:58.710] [INFO   ] thread Thread-1 starting.
[23:38:58.710] [INFO   ] thread Thread-0 starting.
[23:38:58.711] [INFO   ] thread computer-1 starting.
[23:38:58.830] [SEVERE ] updating countdown to 59879
[23:38:58.936] [SEVERE ] placing card 37 in slot 0
[23:38:59.049] [SEVERE ] placing card 51 in slot 1
[23:38:59.165] [SEVERE ] placing card 34 in slot 2
[23:38:59.275] [SEVERE ] placing card 53 in slot 3
[23:38:59.385] [SEVERE ] placing card 8 in slot 4
[23:38:59.495] [SEVERE ] placing card 21 in slot 5
[23:38:59.605] [SEVERE ] placing card 46 in slot 6
[23:38:59.715] [SEVERE ] placing card 50 in slot 7
[23:38:59.826] [SEVERE ] placing card 49 in slot 8
[23:38:59.936] [SEVERE ] placing card 77 in slot 9
[23:39:00.046] [SEVERE ] placing card 66 in slot 10
[23:39:00.156] [SEVERE ] placing card 18 in slot 11
[23:39:00.156] [SEVERE ] player 2 placing token on slot 4
[23:39:00.156] [SEVERE ] removing player 2 token from slot 4
[23:39:00.156] [SEVERE ] player 2 placing token on slot 6
[23:39:00.156] [SEVERE ] player 2 placing token on slot 7
[23:39:00.156] [SEVERE ] player 2 placing token on slot 2
[23:39:00.165] [SEVERE ] updating countdown to 58544
[23:39:00.165] [SEVERE ] setting player 2 freeze to 3900
[23:39:00.166] [SEVERE ] setting player 2 freeze to 3899
[23:39:01.166] [SEVERE ] updating countdown to 57543
[23:39:01.166] [SEVERE ] setting player 2 freeze to 2899
[23:39:02.166] [SEVERE ] updating countdown to 56543
[23:39:02.166] [SEVERE ] setting player 2 freeze to 1899
[23:39:03.176] [SEVERE ] updating countdown to 55533
[23:39:03.176] [SEVERE ] removing player 2 token from slot 6
[23:39:03.176] [SEVERE ] setting player 2 freeze to 0
[23:39:03.176] [SEVERE ] player 2 placing token on slot 5
[23:39:03.177] [SEVERE ] setting player 2 freeze to 3900
[23:39:03.177] [SEVERE ] setting player 2 freeze to 3900
[23:39:04.178] [SEVERE ] updating countdown to 54531
[23:39:04.178] [SEVERE ] setting player 2 freeze to 2899
[23:39:05.188] [SEVERE ] updating countdown to 53521
[23:39:05.188] [SEVERE ] setting player 2 freeze to 1889
[23:39:06.187] [SEVERE ] removing player 2 token from slot 5
[23:39:06.187] [SEVERE ] player 2 placing token on slot 0
[23:39:06.187] [SEVERE ] updating countdown to 52522
[23:39:06.187] [SEVERE ] setting player 2 freeze to 0
[23:39:06.187] [SEVERE ] setting player 2 freeze to 3900
[23:39:06.187] [SEVERE ] setting player 2 freeze to 3900
[23:39:07.189] [SEVERE ] updating countdown to 51520
[23:39:07.189] [SEVERE ] setting player 2 freeze to 2898
[23:39:08.195] [SEVERE ] updating countdown to 50514
[23:39:08.195] [SEVERE ] setting player 2 freeze to 1892
[23:39:09.190] [SEVERE ] removing player 2 token from slot 2
[23:39:09.190] [SEVERE ] player 2 placing token on slot 10
[23:39:09.190] [SEVERE ] updating countdown to 49519
[23:39:09.190] [SEVERE ] setting player 2 freeze to 0
[23:39:09.190] [SEVERE ] setting player 2 freeze to 3900
[23:39:09.190] [SEVERE ] setting player 2 freeze to 3900
[23:39:10.192] [SEVERE ] updating countdown to 48517
[23:39:10.192] [SEVERE ] setting player 2 freeze to 2898
[23:39:11.195] [SEVERE ] updating countdown to 47514
[23:39:11.195] [SEVERE ] setting player 2 freeze to 1895
[23:39:12.194] [SEVERE ] removing player 2 token from slot 0
[23:39:12.194] [SEVERE ] player 2 placing token on slot 2
[23:39:12.194] [SEVERE ] updating countdown to 46515
[23:39:12.194] [SEVERE ] setting player 2 freeze to 0
[23:39:12.194] [SEVERE ] setting player 2 freeze to 3900
[23:39:12.194] [SEVERE ] setting player 2 freeze to 3900
[23:39:13.196] [SEVERE ] updating countdown to 45513
[23:39:13.196] [SEVERE ] setting player 2 freeze to 2898
[23:39:14.200] [SEVERE ] updating countdown to 44509
[23:39:14.200] [SEVERE ] setting player 2 freeze to 1894
[23:39:15.210] [SEVERE ] removing player 2 token from slot 7
[23:39:15.210] [SEVERE ] updating countdown to 43499
[23:39:15.210] [SEVERE ] setting player 2 freeze to 0
[23:39:15.210] [SEVERE ] player 2 placing token on slot 8
[23:39:15.211] [SEVERE ] setting player 2 freeze to 3900
[23:39:15.211] [SEVERE ] setting player 2 freeze to 3900
[23:39:16.211] [SEVERE ] updating countdown to 42498
[23:39:16.211] [SEVERE ] setting player 2 freeze to 2900
[23:39:17.222] [SEVERE ] updating countdown to 41487
[23:39:17.222] [SEVERE ] setting player 2 freeze to 1889
[23:39:18.217] [SEVERE ] removing player 2 token from slot 10
[23:39:18.217] [SEVERE ] player 2 placing token on slot 5
[23:39:18.217] [SEVERE ] updating countdown to 40492
[23:39:18.217] [SEVERE ] setting player 2 freeze to 0
[23:39:18.217] [SEVERE ] setting player 2 freeze to 3900
[23:39:18.217] [SEVERE ] setting player 2 freeze to 3900
[23:39:19.220] [SEVERE ] updating countdown to 39489
[23:39:19.220] [SEVERE ] setting player 2 freeze to 2897
[23:39:20.232] [SEVERE ] updating countdown to 38477
[23:39:20.232] [SEVERE ] setting player 2 freeze to 1885
[23:39:21.227] [SEVERE ] removing player 2 token from slot 2
[23:39:21.227] [SEVERE ] player 2 placing token on slot 3
[23:39:21.227] [SEVERE ] updating countdown to 37482
[23:39:21.227] [SEVERE ] setting player 2 freeze to 0
[23:39:21.227] [SEVERE ] setting player 2 freeze to 3900
[23:39:21.227] [SEVERE ] setting player 2 freeze to 3900
[23:39:22.227] [SEVERE ] updating countdown to 36482
[23:39:22.227] [SEVERE ] setting player 2 freeze to 2900
[23:39:23.237] [SEVERE ] updating countdown to 35472
[23:39:23.237] [SEVERE ] setting player 2 freeze to 1890
[23:39:24.229] [SEVERE ] removing player 2 token from slot 3
[23:39:24.229] [SEVERE ] player 2 placing token on slot 4
[23:39:24.229] [SEVERE ] updating countdown to 34480
[23:39:24.229] [SEVERE ] setting player 2 freeze to 0
[23:39:24.229] [SEVERE ] setting player 2 freeze to 3900
[23:39:24.229] [SEVERE ] setting player 2 freeze to 3900
[23:39:25.238] [SEVERE ] updating countdown to 33471
[23:39:25.238] [SEVERE ] setting player 2 freeze to 2891
[23:39:26.240] [SEVERE ] updating countdown to 32469
[23:39:26.240] [SEVERE ] setting player 2 freeze to 1889
[23:39:27.238] [SEVERE ] removing player 2 token from slot 5
[23:39:27.238] [SEVERE ] player 2 placing token on slot 6
[23:39:27.238] [SEVERE ] updating countdown to 31471
[23:39:27.238] [SEVERE ] setting player 2 freeze to 0
[23:39:27.238] [SEVERE ] setting player 2 freeze to 3900
[23:39:27.238] [SEVERE ] setting player 2 freeze to 3900
[23:39:27.896] [SEVERE ] exit button pressed
[23:39:27.896] [INFO   ] thread Thread-0 terminated.
[23:39:27.896] [INFO   ] thread computer-1 terminated.
[23:39:28.249] [SEVERE ] updating countdown to 30460
[23:39:28.249] [SEVERE ] setting player 2 freeze to 2889
[23:39:28.249] [SEVERE ] setting player 2 freeze to 2889
[23:39:28.356] [SEVERE ] removing card from slot 0
[23:39:28.466] [SEVERE ] removing card from slot 1
[23:39:28.575] [SEVERE ] removing card from slot 2
[23:39:28.678] [SEVERE ] removing card from slot 3
[23:39:28.781] [SEVERE ] removing player 2 token from slot 4
[23:39:28.781] [SEVERE ] removing card from slot 4
[23:39:28.884] [SEVERE ] removing card from slot 5
[23:39:28.986] [SEVERE ] removing player 2 token from slot 6
[23:39:28.988] [SEVERE ] removing card from slot 6
[23:39:29.093] [SEVERE ] removing card from slot 7
[23:39:29.203] [SEVERE ] removing player 2 token from slot 8
[23:39:29.203] [SEVERE ] removing card from slot 8
[23:39:29.309] [SEVERE ] removing card from slot 9
[23:39:29.410] [SEVERE ] removing card from slot 10
[23:39:29.522] [SEVERE ] removing card from slot 11
[23:39:29.522] [SEVERE ] announcing winner(s): player 1, player 2
[23:39:29.522] [INFO   ] thread dealer terminated.
[23:39:29.522] [INFO   ] thread Thread-1 terminated.
[23:39:29.522] [INFO   ] thread dealer terminated.
[23:39:29.522] [SEVERE ] thanks for playing... it was fun!
[23:39:29.522] [INFO   ] thread main terminated.
