[23:32:21.330] [INFO   ] thread main starting.
[23:32:21.338] [SEVERE ] cannot read configuration file config.properties trying from resources.
[23:32:21.339] [SEVERE ] configuration file was loaded from resources directory.
[23:32:21.699] [INFO   ] thread dealer starting.
[23:32:21.699] [INFO   ] thread dealer starting.
[23:32:21.699] [SEVERE ] updating countdown to 60000
[23:32:21.700] [INFO   ] thread Thread-0 starting.
[23:32:21.700] [INFO   ] thread Thread-1 starting.
[23:32:21.701] [INFO   ] thread computer-1 starting.
[23:32:21.801] [SEVERE ] updating countdown to 59898
[23:32:21.906] [SEVERE ] placing card 63 in slot 0
[23:32:22.015] [SEVERE ] placing card 54 in slot 1
[23:32:22.122] [SEVERE ] placing card 26 in slot 2
[23:32:22.236] [SEVERE ] placing card 62 in slot 3
[23:32:22.341] [SEVERE ] placing card 52 in slot 4
[23:32:22.443] [SEVERE ] placing card 64 in slot 5
[23:32:22.554] [SEVERE ] placing card 76 in slot 6
[23:32:22.600] [SEVERE ] exit button pressed
[23:32:22.600] [INFO   ] thread computer-1 terminated.
[23:32:22.600] [INFO   ] thread Thread-0 terminated.
[23:32:22.614] [INFO   ] thread Thread-1 terminated.
[23:32:22.667] [SEVERE ] placing card 11 in slot 7
[23:32:22.771] [SEVERE ] placing card 39 in slot 8
[23:32:22.881] [SEVERE ] placing card 33 in slot 9
[23:32:22.991] [SEVERE ] placing card 30 in slot 10
[23:32:23.095] [SEVERE ] placing card 16 in slot 11
[23:32:23.216] [SEVERE ] removing card from slot 0
[23:32:23.326] [SEVERE ] removing card from slot 1
[23:32:23.437] [SEVERE ] removing card from slot 2
[23:32:23.547] [SEVERE ] removing card from slot 3
[23:32:23.657] [SEVERE ] removing card from slot 4
[23:32:23.767] [SEVERE ] removing card from slot 5
[23:32:23.877] [SEVERE ] removing card from slot 6
[23:32:23.981] [SEVERE ] removing card from slot 7
[23:32:24.088] [SEVERE ] removing card from slot 8
[23:32:24.190] [SEVERE ] removing card from slot 9
[23:32:24.297] [SEVERE ] removing card from slot 10
[23:32:24.399] [SEVERE ] removing card from slot 11
[23:32:24.404] [SEVERE ] announcing winner(s): player 1, player 2
[23:32:24.407] [INFO   ] thread dealer terminated.
[23:32:24.408] [INFO   ] thread dealer terminated.
[23:32:24.409] [SEVERE ] thanks for playing... it was fun!
[23:32:24.410] [INFO   ] thread main terminated.
