[09:30:32.288] [INFO   ] thread main starting.
[09:30:32.294] [SEVERE ] cannot read configuration file config.properties trying from resources.
[09:30:32.296] [SEVERE ] configuration file was loaded from resources directory.
[09:30:32.669] [INFO   ] thread dealer starting.
[09:30:32.670] [INFO   ] thread dealer starting.
[09:30:32.670] [INFO   ] thread Thread-0 starting.
[09:30:32.671] [INFO   ] thread Thread-4 starting.
[09:30:32.670] [INFO   ] thread Thread-1 starting.
[09:30:32.670] [INFO   ] thread Thread-2 starting.
[09:30:32.670] [INFO   ] thread Thread-3 starting.
[09:30:32.671] [INFO   ] thread Thread-5 starting.
[09:30:32.671] [INFO   ] thread computer-4 starting.
[09:30:32.671] [INFO   ] thread computer-0 starting.
[09:30:32.671] [INFO   ] thread computer-1 starting.
[09:30:32.671] [INFO   ] thread computer-2 starting.
[09:30:32.672] [INFO   ] thread computer-3 starting.
[09:30:32.674] [INFO   ] thread computer-5 starting.
[09:30:32.778] [SEVERE ] placing card 4 in slot 0
[09:30:32.886] [SEVERE ] placing card 70 in slot 1
[09:30:32.994] [SEVERE ] placing card 35 in slot 2
[09:30:33.101] [SEVERE ] placing card 69 in slot 3
[09:30:33.206] [SEVERE ] placing card 33 in slot 4
[09:30:33.316] [SEVERE ] placing card 74 in slot 5
[09:30:33.419] [SEVERE ] placing card 19 in slot 6
[09:30:33.522] [SEVERE ] placing card 54 in slot 7
[09:30:33.635] [SEVERE ] placing card 40 in slot 8
[09:30:33.736] [SEVERE ] placing card 39 in slot 9
[09:30:33.837] [SEVERE ] placing card 78 in slot 10
[09:30:33.939] [SEVERE ] placing card 37 in slot 11
[09:30:33.939] [SEVERE ] player 6 placing token on slot 3
[09:30:33.939] [SEVERE ] player 4 placing token on slot 8
[09:30:33.939] [SEVERE ] player 2 placing token on slot 7
[09:30:33.939] [SEVERE ] player 5 placing token on slot 4
[09:30:33.939] [SEVERE ] player 3 placing token on slot 2
[09:30:33.939] [SEVERE ] player 1 placing token on slot 2
[09:30:33.939] [SEVERE ] player 6 placing token on slot 6
[09:30:33.939] [SEVERE ] player 2 placing token on slot 10
[09:30:33.939] [SEVERE ] player 4 placing token on slot 1
[09:30:33.939] [SEVERE ] removing player 5 token from slot 4
[09:30:33.939] [SEVERE ] player 3 placing token on slot 11
[09:30:33.939] [SEVERE ] player 1 placing token on slot 1
[09:30:33.939] [SEVERE ] player 6 placing token on slot 0
[09:30:33.939] [SEVERE ] player 2 placing token on slot 8
[09:30:33.939] [SEVERE ] removing player 4 token from slot 1
[09:30:33.939] [SEVERE ] player 5 placing token on slot 0
[09:30:33.939] [SEVERE ] player 3 placing token on slot 6
[09:30:33.939] [SEVERE ] player 1 placing token on slot 7
[09:30:33.943] [SEVERE ] player 4 placing token on slot 9
[09:30:33.943] [SEVERE ] player 5 placing token on slot 10
[09:30:33.943] [SEVERE ] player 4 placing token on slot 11
[09:30:33.943] [SEVERE ] player 5 placing token on slot 8
[09:30:33.946] [SEVERE ] updating countdown to 60000
[09:30:33.946] [SEVERE ] setting player 2 freeze to 3900
[09:30:33.948] [SEVERE ] setting player 6 freeze to 3900
[09:30:33.950] [SEVERE ] setting player 1 freeze to 3900
[09:30:33.953] [SEVERE ] setting player 3 freeze to 3900
[09:30:33.953] [SEVERE ] setting player 4 freeze to 3900
[09:30:33.955] [SEVERE ] setting player 5 freeze to 3900
[09:30:34.946] [SEVERE ] updating countdown to 59000
[09:30:34.946] [SEVERE ] setting player 1 freeze to 2904
[09:30:34.946] [SEVERE ] setting player 2 freeze to 2900
[09:30:34.946] [SEVERE ] setting player 3 freeze to 2907
[09:30:34.946] [SEVERE ] setting player 4 freeze to 2907
[09:30:34.946] [SEVERE ] setting player 5 freeze to 2909
[09:30:34.946] [SEVERE ] setting player 6 freeze to 2902
[09:30:35.948] [SEVERE ] updating countdown to 57998
[09:30:35.948] [SEVERE ] setting player 1 freeze to 1902
[09:30:35.948] [SEVERE ] setting player 2 freeze to 1898
[09:30:35.948] [SEVERE ] setting player 3 freeze to 1905
[09:30:35.948] [SEVERE ] setting player 4 freeze to 1905
[09:30:35.948] [SEVERE ] setting player 5 freeze to 1907
[09:30:35.948] [SEVERE ] setting player 6 freeze to 1900
[09:30:36.960] [SEVERE ] removing player 2 token from slot 8
[09:30:36.960] [SEVERE ] removing player 6 token from slot 6
[09:30:36.960] [SEVERE ] removing player 3 token from slot 6
[09:30:36.960] [SEVERE ] removing player 4 token from slot 8
[09:30:36.960] [SEVERE ] removing player 5 token from slot 8
[09:30:36.960] [SEVERE ] removing player 1 token from slot 1
[09:30:36.960] [SEVERE ] player 2 placing token on slot 6
[09:30:36.960] [SEVERE ] player 6 placing token on slot 6
[09:30:36.961] [SEVERE ] player 3 placing token on slot 7
[09:30:36.961] [SEVERE ] player 4 placing token on slot 1
[09:30:36.961] [SEVERE ] player 5 placing token on slot 2
[09:30:36.961] [SEVERE ] player 1 placing token on slot 1
[09:30:36.962] [SEVERE ] updating countdown to 56984
[09:30:36.963] [SEVERE ] setting player 1 freeze to 0
[09:30:36.963] [SEVERE ] setting player 2 freeze to 0
[09:30:36.963] [SEVERE ] setting player 3 freeze to 0
[09:30:36.964] [SEVERE ] setting player 4 freeze to 0
[09:30:36.964] [SEVERE ] setting player 5 freeze to 0
[09:30:36.964] [SEVERE ] setting player 6 freeze to 0
[09:30:36.964] [SEVERE ] setting player 1 freeze to 3900
[09:30:36.965] [SEVERE ] setting player 2 freeze to 3900
[09:30:36.965] [SEVERE ] setting player 3 freeze to 3900
[09:30:36.966] [SEVERE ] setting player 4 freeze to 3900
[09:30:36.966] [SEVERE ] setting player 5 freeze to 3900
[09:30:36.966] [SEVERE ] setting player 6 freeze to 3900
[09:30:37.950] [SEVERE ] updating countdown to 55996
[09:30:37.950] [SEVERE ] setting player 1 freeze to 2914
[09:30:37.950] [SEVERE ] setting player 2 freeze to 2915
[09:30:37.951] [SEVERE ] setting player 3 freeze to 2914
[09:30:37.951] [SEVERE ] setting player 4 freeze to 2915
[09:30:37.951] [SEVERE ] setting player 5 freeze to 2915
[09:30:37.951] [SEVERE ] setting player 6 freeze to 2915
[09:30:38.947] [SEVERE ] updating countdown to 54999
[09:30:38.947] [SEVERE ] setting player 1 freeze to 1917
[09:30:38.947] [SEVERE ] setting player 2 freeze to 1918
[09:30:38.947] [SEVERE ] setting player 3 freeze to 1918
[09:30:38.947] [SEVERE ] setting player 4 freeze to 1919
[09:30:38.947] [SEVERE ] setting player 5 freeze to 1919
[09:30:38.947] [SEVERE ] setting player 6 freeze to 1919
[09:30:39.947] [SEVERE ] updating countdown to 53999
[09:30:39.947] [SEVERE ] setting player 1 freeze to 917
[09:30:39.947] [SEVERE ] setting player 2 freeze to 918
[09:30:39.947] [SEVERE ] setting player 3 freeze to 918
[09:30:39.947] [SEVERE ] setting player 4 freeze to 919
[09:30:39.947] [SEVERE ] setting player 5 freeze to 919
[09:30:39.947] [SEVERE ] setting player 6 freeze to 919
[09:30:39.974] [SEVERE ] removing player 6 token from slot 6
[09:30:39.974] [SEVERE ] removing player 2 token from slot 7
[09:30:39.974] [SEVERE ] removing player 5 token from slot 0
[09:30:39.974] [SEVERE ] player 2 placing token on slot 0
[09:30:39.974] [SEVERE ] removing player 3 token from slot 7
[09:30:39.974] [SEVERE ] removing player 1 token from slot 1
[09:30:39.974] [SEVERE ] removing player 4 token from slot 11
[09:30:39.974] [SEVERE ] removing player 6 token from slot 3
[09:30:39.974] [SEVERE ] player 5 placing token on slot 3
[09:30:39.974] [SEVERE ] player 3 placing token on slot 7
[09:30:39.974] [SEVERE ] player 1 placing token on slot 3
[09:30:39.975] [SEVERE ] player 4 placing token on slot 0
[09:30:39.975] [SEVERE ] removing player 6 token from slot 0
[09:30:39.975] [SEVERE ] setting player 2 freeze to 3900
[09:30:39.975] [SEVERE ] player 6 placing token on slot 11
[09:30:39.975] [SEVERE ] player 6 placing token on slot 9
[09:30:39.975] [SEVERE ] removing player 6 token from slot 11
[09:30:39.975] [SEVERE ] player 6 placing token on slot 1
[09:30:39.975] [SEVERE ] player 6 placing token on slot 8
[09:30:39.976] [SEVERE ] setting player 1 freeze to 3900
[09:30:39.976] [SEVERE ] setting player 3 freeze to 3900
[09:30:39.976] [SEVERE ] setting player 4 freeze to 3900
[09:30:39.977] [SEVERE ] setting player 5 freeze to 3900
[09:30:39.977] [SEVERE ] setting player 6 freeze to 3900
[09:30:40.539] [SEVERE ] exit button pressed
[09:30:40.539] [INFO   ] thread computer-0 terminated.
[09:30:40.539] [INFO   ] thread computer-1 terminated.
[09:30:40.539] [INFO   ] thread computer-2 terminated.
[09:30:40.539] [INFO   ] thread computer-3 terminated.
[09:30:40.539] [INFO   ] thread computer-4 terminated.
[09:30:40.539] [INFO   ] thread computer-5 terminated.
[09:30:40.947] [SEVERE ] updating countdown to 52999
[09:30:40.947] [SEVERE ] setting player 1 freeze to 2929
[09:30:40.948] [SEVERE ] setting player 2 freeze to 2927
[09:30:40.948] [SEVERE ] setting player 3 freeze to 2928
[09:30:40.948] [SEVERE ] setting player 4 freeze to 2928
[09:30:40.948] [SEVERE ] setting player 5 freeze to 2929
[09:30:40.949] [SEVERE ] setting player 6 freeze to 2928
[09:30:41.062] [SEVERE ] removing player 2 token from slot 0
[09:30:41.062] [SEVERE ] removing player 4 token from slot 0
[09:30:41.063] [SEVERE ] removing card from slot 0
[09:30:41.171] [SEVERE ] removing player 4 token from slot 1
[09:30:41.171] [SEVERE ] removing player 6 token from slot 1
[09:30:41.171] [SEVERE ] removing card from slot 1
[09:30:41.276] [SEVERE ] removing player 3 token from slot 2
[09:30:41.276] [SEVERE ] removing player 1 token from slot 2
[09:30:41.276] [SEVERE ] removing player 5 token from slot 2
[09:30:41.276] [SEVERE ] removing card from slot 2
[09:30:41.378] [SEVERE ] removing player 5 token from slot 3
[09:30:41.379] [SEVERE ] removing player 1 token from slot 3
[09:30:41.380] [SEVERE ] removing card from slot 3
[09:30:41.484] [SEVERE ] removing card from slot 4
[09:30:41.586] [SEVERE ] removing card from slot 5
[09:30:41.700] [SEVERE ] removing player 2 token from slot 6
[09:30:41.700] [SEVERE ] removing card from slot 6
[09:30:41.808] [SEVERE ] removing player 1 token from slot 7
[09:30:41.809] [SEVERE ] removing player 3 token from slot 7
[09:30:41.809] [SEVERE ] removing card from slot 7
[09:30:41.912] [SEVERE ] removing player 6 token from slot 8
[09:30:41.912] [SEVERE ] removing card from slot 8
[09:30:42.019] [SEVERE ] removing player 4 token from slot 9
[09:30:42.019] [SEVERE ] removing player 6 token from slot 9
[09:30:42.020] [SEVERE ] removing card from slot 9
[09:30:42.132] [SEVERE ] removing player 2 token from slot 10
[09:30:42.132] [SEVERE ] removing player 5 token from slot 10
[09:30:42.132] [SEVERE ] removing card from slot 10
[09:30:42.233] [SEVERE ] removing player 3 token from slot 11
[09:30:42.233] [SEVERE ] removing card from slot 11
[09:30:42.233] [SEVERE ] announcing winner(s): player 1, player 2, player 3, player 4, player 5, player 6
[09:30:42.233] [INFO   ] thread dealer terminated.
[09:30:42.233] [INFO   ] thread Thread-0 terminated.
[09:30:42.233] [INFO   ] thread dealer terminated.
[09:30:42.233] [INFO   ] thread Thread-3 terminated.
[09:30:42.233] [INFO   ] thread Thread-5 terminated.
[09:30:42.233] [INFO   ] thread Thread-1 terminated.
[09:30:42.233] [INFO   ] thread Thread-2 terminated.
[09:30:42.233] [INFO   ] thread Thread-4 terminated.
[09:30:42.233] [SEVERE ] thanks for playing... it was fun!
[09:30:42.233] [INFO   ] thread main terminated.
