[08:53:40.230] [INFO   ] thread main starting.
[08:53:40.243] [SEVERE ] cannot read configuration file config.properties trying from resources.
[08:53:40.245] [SEVERE ] configuration file was loaded from resources directory.
[08:53:40.671] [INFO   ] thread dealer starting.
[08:53:40.671] [INFO   ] thread dealer starting.
[08:53:40.672] [INFO   ] thread Thread-0 starting.
[08:53:40.672] [INFO   ] thread Thread-2 starting.
[08:53:40.673] [INFO   ] thread Thread-5 starting.
[08:53:40.672] [INFO   ] thread Thread-1 starting.
[08:53:40.673] [INFO   ] thread Thread-3 starting.
[08:53:40.673] [INFO   ] thread Thread-4 starting.
[08:53:40.674] [INFO   ] thread computer-0 starting.
[08:53:40.674] [INFO   ] thread computer-1 starting.
[08:53:40.676] [INFO   ] thread computer-4 starting.
[08:53:40.674] [INFO   ] thread computer-5 starting.
[08:53:40.674] [INFO   ] thread computer-2 starting.
[08:53:40.674] [INFO   ] thread computer-3 starting.
[08:53:40.781] [SEVERE ] placing card 23 in slot 0
[08:53:40.897] [SEVERE ] placing card 15 in slot 1
[08:53:41.011] [SEVERE ] placing card 55 in slot 2
[08:53:41.116] [SEVERE ] placing card 69 in slot 3
[08:53:41.228] [SEVERE ] placing card 53 in slot 4
[08:53:41.330] [SEVERE ] placing card 26 in slot 5
[08:53:41.434] [SEVERE ] placing card 68 in slot 6
[08:53:41.535] [SEVERE ] placing card 5 in slot 7
[08:53:41.641] [SEVERE ] placing card 16 in slot 8
[08:53:41.745] [SEVERE ] placing card 8 in slot 9
[08:53:41.846] [SEVERE ] placing card 56 in slot 10
[08:53:41.951] [SEVERE ] placing card 58 in slot 11
[08:53:41.951] [SEVERE ] player 1 placing token on slot 3
[08:53:41.951] [SEVERE ] player 6 placing token on slot 11
[08:53:41.951] [SEVERE ] player 2 placing token on slot 7
[08:53:41.951] [SEVERE ] player 3 placing token on slot 1
[08:53:41.951] [SEVERE ] player 4 placing token on slot 8
[08:53:41.951] [SEVERE ] player 5 placing token on slot 5
[08:53:41.951] [SEVERE ] removing player 1 token from slot 3
[08:53:41.951] [SEVERE ] player 6 placing token on slot 2
[08:53:41.951] [SEVERE ] player 2 placing token on slot 6
[08:53:41.951] [SEVERE ] player 3 placing token on slot 3
[08:53:41.951] [SEVERE ] player 4 placing token on slot 9
[08:53:41.951] [SEVERE ] player 5 placing token on slot 4
[08:53:41.951] [SEVERE ] player 1 placing token on slot 3
[08:53:41.951] [SEVERE ] player 6 placing token on slot 1
[08:53:41.953] [SEVERE ] player 2 placing token on slot 8
[08:53:41.953] [SEVERE ] removing player 3 token from slot 1
[08:53:41.953] [SEVERE ] player 4 placing token on slot 6
[08:53:41.953] [SEVERE ] player 5 placing token on slot 6
[08:53:41.954] [SEVERE ] player 1 placing token on slot 8
[08:53:41.954] [SEVERE ] player 3 placing token on slot 7
[08:53:41.955] [SEVERE ] player 1 placing token on slot 9
[08:53:41.955] [SEVERE ] player 3 placing token on slot 4
[08:53:42.060] [SEVERE ] removing card from slot 0
[08:53:42.168] [SEVERE ] removing player 6 token from slot 1
[08:53:42.168] [SEVERE ] removing card from slot 1
[08:53:42.270] [SEVERE ] removing player 6 token from slot 2
[08:53:42.270] [SEVERE ] removing card from slot 2
[08:53:42.385] [SEVERE ] removing player 3 token from slot 3
[08:53:42.385] [SEVERE ] removing player 1 token from slot 3
[08:53:42.385] [SEVERE ] removing card from slot 3
[08:53:42.495] [SEVERE ] removing player 5 token from slot 4
[08:53:42.495] [SEVERE ] removing player 3 token from slot 4
[08:53:42.495] [SEVERE ] removing card from slot 4
[08:53:42.604] [SEVERE ] removing player 5 token from slot 5
[08:53:42.604] [SEVERE ] removing card from slot 5
[08:53:42.714] [SEVERE ] removing player 2 token from slot 6
[08:53:42.714] [SEVERE ] removing player 4 token from slot 6
[08:53:42.714] [SEVERE ] removing player 5 token from slot 6
[08:53:42.714] [SEVERE ] removing card from slot 6
[08:53:42.826] [SEVERE ] removing player 2 token from slot 7
[08:53:42.826] [SEVERE ] removing player 3 token from slot 7
[08:53:42.826] [SEVERE ] removing card from slot 7
[08:53:42.935] [SEVERE ] removing player 4 token from slot 8
[08:53:42.935] [SEVERE ] removing player 2 token from slot 8
[08:53:42.935] [SEVERE ] removing player 1 token from slot 8
[08:53:42.935] [SEVERE ] removing card from slot 8
[08:53:43.045] [SEVERE ] removing player 4 token from slot 9
[08:53:43.045] [SEVERE ] removing player 1 token from slot 9
[08:53:43.045] [SEVERE ] removing card from slot 9
[08:53:43.155] [SEVERE ] removing card from slot 10
[08:53:43.265] [SEVERE ] removing player 6 token from slot 11
[08:53:43.265] [SEVERE ] removing card from slot 11
[08:53:43.375] [SEVERE ] placing card 59 in slot 0
[08:53:43.485] [SEVERE ] placing card 68 in slot 1
[08:53:43.595] [SEVERE ] placing card 28 in slot 2
[08:53:43.705] [SEVERE ] placing card 79 in slot 3
[08:53:43.815] [SEVERE ] placing card 46 in slot 4
[08:53:43.924] [SEVERE ] placing card 41 in slot 5
[08:53:44.034] [SEVERE ] placing card 43 in slot 6
[08:53:44.144] [SEVERE ] placing card 45 in slot 7
[08:53:44.254] [SEVERE ] placing card 8 in slot 8
[08:53:44.363] [SEVERE ] placing card 72 in slot 9
[08:53:44.473] [SEVERE ] placing card 52 in slot 10
[08:53:44.583] [SEVERE ] placing card 51 in slot 11
[08:53:44.583] [SEVERE ] player 1 placing token on slot 8
[08:53:44.583] [SEVERE ] player 6 placing token on slot 1
[08:53:44.583] [SEVERE ] player 5 placing token on slot 1
[08:53:44.583] [SEVERE ] player 3 placing token on slot 5
[08:53:44.583] [SEVERE ] player 2 placing token on slot 9
[08:53:44.583] [SEVERE ] player 4 placing token on slot 7
[08:53:44.583] [SEVERE ] player 1 placing token on slot 11
[08:53:44.583] [SEVERE ] player 6 placing token on slot 2
[08:53:44.583] [SEVERE ] player 5 placing token on slot 11
[08:53:44.583] [SEVERE ] player 5 placing token on slot 8
[08:53:44.583] [SEVERE ] player 3 placing token on slot 11
[08:53:44.583] [SEVERE ] player 2 placing token on slot 1
[08:53:44.583] [SEVERE ] player 4 placing token on slot 5
[08:53:44.583] [SEVERE ] player 1 placing token on slot 6
[08:53:44.583] [SEVERE ] player 6 placing token on slot 6
[08:53:44.583] [SEVERE ] player 3 placing token on slot 1
[08:53:44.583] [SEVERE ] removing player 2 token from slot 9
[08:53:44.586] [SEVERE ] player 2 placing token on slot 8
[08:53:44.583] [SEVERE ] player 4 placing token on slot 9
[08:53:44.586] [SEVERE ] removing player 2 token from slot 1
[08:53:44.586] [SEVERE ] updating countdown to 60000
[08:53:44.586] [SEVERE ] player 2 placing token on slot 4
[08:53:44.586] [SEVERE ] player 2 placing token on slot 3
[08:53:44.587] [SEVERE ] setting player 1 freeze to 3900
[08:53:44.587] [SEVERE ] setting player 5 freeze to 3900
[08:53:44.587] [SEVERE ] setting player 3 freeze to 3900
[08:53:44.587] [SEVERE ] setting player 4 freeze to 3900
[08:53:44.587] [SEVERE ] setting player 6 freeze to 3900
[08:53:44.587] [SEVERE ] setting player 2 freeze to 3900
[08:53:45.599] [SEVERE ] updating countdown to 58987
[08:53:45.600] [SEVERE ] setting player 1 freeze to 2887
[08:53:45.600] [SEVERE ] setting player 2 freeze to 2887
[08:53:45.600] [SEVERE ] setting player 3 freeze to 2887
[08:53:45.600] [SEVERE ] setting player 4 freeze to 2887
[08:53:45.600] [SEVERE ] setting player 5 freeze to 2887
[08:53:45.600] [SEVERE ] setting player 6 freeze to 2887
[08:53:47.591] [SEVERE ] updating countdown to 56995
[08:53:47.591] [SEVERE ] setting player 1 freeze to 0
[08:53:47.591] [SEVERE ] setting player 2 freeze to 0
[08:53:47.591] [SEVERE ] setting player 3 freeze to 0
[08:53:47.591] [SEVERE ] setting player 4 freeze to 0
[08:53:47.591] [SEVERE ] setting player 5 freeze to 0
[08:53:47.591] [SEVERE ] setting player 6 freeze to 0
[08:53:47.594] [SEVERE ] removing player 1 token from slot 8
[08:53:47.594] [SEVERE ] removing player 6 token from slot 1
[08:53:47.594] [SEVERE ] removing player 4 token from slot 5
[08:53:47.594] [SEVERE ] removing player 3 token from slot 1
[08:53:47.594] [SEVERE ] player 1 placing token on slot 7
[08:53:47.594] [SEVERE ] player 6 placing token on slot 8
[08:53:47.594] [SEVERE ] removing player 5 token from slot 1
[08:53:47.594] [SEVERE ] player 4 placing token on slot 1
[08:53:47.594] [SEVERE ] player 3 placing token on slot 6
[08:53:47.595] [SEVERE ] removing player 2 token from slot 8
[08:53:47.595] [SEVERE ] player 5 placing token on slot 1
[08:53:47.595] [SEVERE ] setting player 1 freeze to 3900
[08:53:47.595] [SEVERE ] player 2 placing token on slot 11
[08:53:47.596] [SEVERE ] setting player 3 freeze to 3900
[08:53:47.596] [SEVERE ] setting player 4 freeze to 3900
[08:53:47.596] [SEVERE ] setting player 5 freeze to 3900
[08:53:47.596] [SEVERE ] setting player 6 freeze to 3900
[08:53:47.596] [SEVERE ] setting player 2 freeze to 3900
[08:53:48.598] [SEVERE ] updating countdown to 55988
[08:53:48.598] [SEVERE ] setting player 1 freeze to 2897
[08:53:48.598] [SEVERE ] setting player 2 freeze to 2898
[08:53:48.598] [SEVERE ] setting player 3 freeze to 2898
[08:53:48.598] [SEVERE ] setting player 4 freeze to 2898
[08:53:48.598] [SEVERE ] setting player 5 freeze to 2898
[08:53:48.598] [SEVERE ] setting player 6 freeze to 2898
[08:53:48.713] [SEVERE ] exit button pressed
[08:53:48.713] [INFO   ] thread computer-0 terminated.
[08:53:48.713] [INFO   ] thread computer-1 terminated.
[08:53:48.713] [INFO   ] thread computer-2 terminated.
[08:53:48.713] [INFO   ] thread computer-3 terminated.
[08:53:48.713] [INFO   ] thread computer-4 terminated.
[08:53:48.713] [INFO   ] thread computer-5 terminated.
[08:53:50.589] [SEVERE ] updating countdown to 53997
[08:53:50.589] [SEVERE ] setting player 1 freeze to 906
[08:53:50.590] [SEVERE ] setting player 2 freeze to 906
[08:53:50.590] [SEVERE ] setting player 3 freeze to 906
[08:53:50.590] [SEVERE ] setting player 4 freeze to 906
[08:53:50.590] [SEVERE ] setting player 5 freeze to 906
[08:53:50.590] [SEVERE ] setting player 6 freeze to 906
[08:53:50.703] [SEVERE ] removing card from slot 0
[08:53:50.810] [SEVERE ] removing player 4 token from slot 1
[08:53:50.810] [SEVERE ] removing player 5 token from slot 1
[08:53:50.811] [SEVERE ] removing card from slot 1
[08:53:50.919] [SEVERE ] removing player 6 token from slot 2
[08:53:50.919] [SEVERE ] removing card from slot 2
[08:53:51.028] [SEVERE ] removing player 2 token from slot 3
[08:53:51.028] [SEVERE ] removing card from slot 3
[08:53:51.136] [SEVERE ] removing player 2 token from slot 4
[08:53:51.136] [SEVERE ] removing card from slot 4
[08:53:51.247] [SEVERE ] removing player 3 token from slot 5
[08:53:51.247] [SEVERE ] removing card from slot 5
[08:53:51.358] [SEVERE ] removing player 1 token from slot 6
[08:53:51.358] [SEVERE ] removing player 6 token from slot 6
[08:53:51.358] [SEVERE ] removing player 3 token from slot 6
[08:53:51.358] [SEVERE ] removing card from slot 6
[08:53:51.460] [SEVERE ] removing player 4 token from slot 7
[08:53:51.460] [SEVERE ] removing player 1 token from slot 7
[08:53:51.461] [SEVERE ] removing card from slot 7
[08:53:51.563] [SEVERE ] removing player 5 token from slot 8
[08:53:51.563] [SEVERE ] removing player 6 token from slot 8
[08:53:51.563] [SEVERE ] removing card from slot 8
[08:53:51.670] [SEVERE ] removing player 4 token from slot 9
[08:53:51.670] [SEVERE ] removing card from slot 9
[08:53:51.786] [SEVERE ] removing card from slot 10
[08:53:51.896] [SEVERE ] removing player 1 token from slot 11
[08:53:51.896] [SEVERE ] removing player 5 token from slot 11
[08:53:51.896] [SEVERE ] removing player 3 token from slot 11
[08:53:51.896] [SEVERE ] removing player 2 token from slot 11
[08:53:51.896] [SEVERE ] removing card from slot 11
[08:53:51.896] [SEVERE ] announcing winner(s): player 1, player 2, player 3, player 4, player 5, player 6
[08:53:51.896] [INFO   ] thread dealer terminated.
[08:53:51.896] [INFO   ] thread Thread-4 terminated.
[08:53:51.896] [INFO   ] thread Thread-5 terminated.
[08:53:51.896] [INFO   ] thread dealer terminated.
[08:53:51.896] [SEVERE ] thanks for playing... it was fun!
[08:53:51.896] [INFO   ] thread Thread-0 terminated.
[08:53:51.896] [INFO   ] thread Thread-1 terminated.
[08:53:51.896] [INFO   ] thread Thread-3 terminated.
[08:53:51.896] [INFO   ] thread Thread-2 terminated.
[08:53:51.896] [INFO   ] thread main terminated.
