[17:56:02.694] [INFO   ] thread main starting.
[17:56:02.699] [SEVERE ] cannot read configuration file config.properties trying from resources.
[17:56:02.701] [SEVERE ] configuration file was loaded from resources directory.
[17:56:03.076] [INFO   ] thread dealer starting.
[17:56:03.076] [INFO   ] thread dealer starting.
[17:56:03.077] [INFO   ] thread Thread-0 starting.
[17:56:03.077] [INFO   ] thread Thread-2 starting.
[17:56:03.077] [INFO   ] thread Thread-1 starting.
[17:56:03.077] [INFO   ] thread Thread-3 starting.
[17:56:03.078] [INFO   ] thread Thread-5 starting.
[17:56:03.078] [INFO   ] thread Thread-4 starting.
[17:56:03.079] [INFO   ] thread computer-1 starting.
[17:56:03.079] [INFO   ] thread computer-2 starting.
[17:56:03.079] [INFO   ] thread computer-0 starting.
[17:56:03.079] [INFO   ] thread computer-3 starting.
[17:56:03.079] [INFO   ] thread computer-5 starting.
[17:56:03.079] [INFO   ] thread computer-4 starting.
[17:56:03.196] [SEVERE ] placing card 67 in slot 0
[17:56:03.308] [SEVERE ] placing card 54 in slot 1
[17:56:03.419] [SEVERE ] placing card 22 in slot 2
[17:56:03.530] [SEVERE ] placing card 73 in slot 3
[17:56:03.641] [SEVERE ] placing card 51 in slot 4
[17:56:03.752] [SEVERE ] placing card 69 in slot 5
[17:56:03.862] [SEVERE ] placing card 35 in slot 6
[17:56:03.973] [SEVERE ] placing card 20 in slot 7
[17:56:04.084] [SEVERE ] placing card 42 in slot 8
[17:56:04.195] [SEVERE ] placing card 6 in slot 9
[17:56:04.306] [SEVERE ] placing card 30 in slot 10
[17:56:04.417] [SEVERE ] placing card 4 in slot 11
[17:56:04.417] [SEVERE ] player 1 placing token on slot 0
[17:56:04.417] [SEVERE ] player 5 placing token on slot 10
[17:56:04.417] [SEVERE ] player 4 placing token on slot 9
[17:56:04.417] [SEVERE ] player 2 placing token on slot 9
[17:56:04.418] [SEVERE ] player 4 placing token on slot 6
[17:56:04.417] [SEVERE ] player 3 placing token on slot 0
[17:56:04.417] [SEVERE ] player 6 placing token on slot 1
[17:56:04.418] [SEVERE ] player 5 placing token on slot 8
[17:56:04.418] [SEVERE ] player 1 placing token on slot 1
[17:56:04.418] [SEVERE ] player 2 placing token on slot 3
[17:56:04.418] [SEVERE ] removing player 4 token from slot 9
[17:56:04.418] [SEVERE ] player 3 placing token on slot 10
[17:56:04.419] [SEVERE ] player 6 placing token on slot 10
[17:56:04.419] [SEVERE ] player 5 placing token on slot 1
[17:56:04.419] [SEVERE ] player 1 placing token on slot 11
[17:56:04.419] [SEVERE ] player 2 placing token on slot 2
[17:56:04.419] [SEVERE ] player 4 placing token on slot 2
[17:56:04.419] [SEVERE ] player 3 placing token on slot 7
[17:56:04.420] [SEVERE ] player 6 placing token on slot 8
[17:56:04.421] [SEVERE ] player 4 placing token on slot 9
[17:56:04.425] [SEVERE ] updating countdown to 60000
[17:56:04.426] [SEVERE ] setting player 1 freeze to 3900
[17:56:04.429] [SEVERE ] setting player 2 freeze to 3900
[17:56:04.430] [SEVERE ] setting player 5 freeze to 3900
[17:56:04.431] [SEVERE ] setting player 3 freeze to 3900
[17:56:04.432] [SEVERE ] setting player 4 freeze to 3900
[17:56:04.433] [SEVERE ] setting player 6 freeze to 3900
[17:56:05.426] [SEVERE ] updating countdown to 58999
[17:56:05.426] [SEVERE ] setting player 1 freeze to 2900
[17:56:05.427] [SEVERE ] setting player 2 freeze to 2902
[17:56:05.427] [SEVERE ] setting player 3 freeze to 2904
[17:56:05.427] [SEVERE ] setting player 4 freeze to 2905
[17:56:05.427] [SEVERE ] setting player 5 freeze to 2903
[17:56:05.427] [SEVERE ] setting player 6 freeze to 2906
[17:56:06.426] [SEVERE ] updating countdown to 57999
[17:56:06.426] [SEVERE ] setting player 1 freeze to 1900
[17:56:06.426] [SEVERE ] setting player 2 freeze to 1903
[17:56:06.427] [SEVERE ] setting player 3 freeze to 1905
[17:56:06.427] [SEVERE ] setting player 4 freeze to 1905
[17:56:06.427] [SEVERE ] setting player 5 freeze to 1903
[17:56:06.427] [SEVERE ] setting player 6 freeze to 1906
[17:56:07.441] [SEVERE ] removing player 4 token from slot 2
[17:56:07.441] [SEVERE ] removing player 2 token from slot 2
[17:56:07.441] [SEVERE ] player 4 placing token on slot 8
[17:56:07.441] [SEVERE ] removing player 5 token from slot 10
[17:56:07.441] [SEVERE ] removing player 6 token from slot 8
[17:56:07.442] [SEVERE ] player 6 placing token on slot 0
[17:56:07.441] [SEVERE ] removing player 3 token from slot 10
[17:56:07.442] [SEVERE ] updating countdown to 56983
[17:56:07.441] [SEVERE ] removing player 1 token from slot 0
[17:56:07.441] [SEVERE ] player 2 placing token on slot 7
[17:56:07.442] [SEVERE ] player 5 placing token on slot 7
[17:56:07.442] [SEVERE ] player 3 placing token on slot 8
[17:56:07.443] [SEVERE ] setting player 1 freeze to 0
[17:56:07.443] [SEVERE ] player 1 placing token on slot 2
[17:56:07.443] [SEVERE ] setting player 2 freeze to 0
[17:56:07.444] [SEVERE ] setting player 3 freeze to 0
[17:56:07.444] [SEVERE ] setting player 4 freeze to 0
[17:56:07.444] [SEVERE ] setting player 5 freeze to 0
[17:56:07.444] [SEVERE ] setting player 6 freeze to 0
[17:56:07.444] [SEVERE ] setting player 4 freeze to 3900
[17:56:07.445] [SEVERE ] setting player 6 freeze to 3900
[17:56:07.446] [SEVERE ] setting player 1 freeze to 3900
[17:56:07.447] [SEVERE ] setting player 2 freeze to 3900
[17:56:07.448] [SEVERE ] setting player 3 freeze to 3900
[17:56:07.449] [SEVERE ] setting player 5 freeze to 3900
[17:56:08.426] [SEVERE ] updating countdown to 55999
[17:56:08.426] [SEVERE ] setting player 1 freeze to 2920
[17:56:08.426] [SEVERE ] setting player 2 freeze to 2921
[17:56:08.426] [SEVERE ] setting player 3 freeze to 2922
[17:56:08.426] [SEVERE ] setting player 4 freeze to 2918
[17:56:08.427] [SEVERE ] setting player 5 freeze to 2922
[17:56:08.427] [SEVERE ] setting player 6 freeze to 2918
[17:56:09.426] [SEVERE ] updating countdown to 54999
[17:56:09.426] [SEVERE ] setting player 1 freeze to 1920
[17:56:09.426] [SEVERE ] setting player 2 freeze to 1921
[17:56:09.426] [SEVERE ] setting player 3 freeze to 1922
[17:56:09.426] [SEVERE ] setting player 4 freeze to 1918
[17:56:09.426] [SEVERE ] setting player 5 freeze to 1923
[17:56:09.426] [SEVERE ] setting player 6 freeze to 1919
[17:56:10.426] [SEVERE ] updating countdown to 53999
[17:56:10.426] [SEVERE ] setting player 1 freeze to 920
[17:56:10.427] [SEVERE ] setting player 2 freeze to 920
[17:56:10.427] [SEVERE ] setting player 3 freeze to 921
[17:56:10.427] [SEVERE ] setting player 4 freeze to 917
[17:56:10.427] [SEVERE ] setting player 5 freeze to 922
[17:56:10.427] [SEVERE ] setting player 6 freeze to 918
[17:56:10.458] [SEVERE ] removing player 2 token from slot 9
[17:56:10.458] [SEVERE ] removing player 6 token from slot 10
[17:56:10.458] [SEVERE ] player 2 placing token on slot 2
[17:56:10.458] [SEVERE ] removing player 4 token from slot 9
[17:56:10.458] [SEVERE ] removing player 1 token from slot 2
[17:56:10.458] [SEVERE ] removing player 3 token from slot 7
[17:56:10.458] [SEVERE ] removing player 5 token from slot 8
[17:56:10.458] [SEVERE ] removing player 6 token from slot 0
[17:56:10.459] [SEVERE ] player 5 placing token on slot 6
[17:56:10.458] [SEVERE ] player 4 placing token on slot 1
[17:56:10.458] [SEVERE ] player 1 placing token on slot 10
[17:56:10.459] [SEVERE ] removing player 3 token from slot 8
[17:56:10.459] [SEVERE ] setting player 2 freeze to 3900
[17:56:10.459] [SEVERE ] player 6 placing token on slot 2
[17:56:10.459] [SEVERE ] removing player 3 token from slot 0
[17:56:10.460] [SEVERE ] player 3 placing token on slot 1
[17:56:10.460] [SEVERE ] player 6 placing token on slot 7
[17:56:10.460] [SEVERE ] player 3 placing token on slot 5
[17:56:10.460] [SEVERE ] removing player 3 token from slot 1
[17:56:10.460] [SEVERE ] player 3 placing token on slot 7
[17:56:10.460] [SEVERE ] setting player 1 freeze to 3900
[17:56:10.460] [SEVERE ] player 3 placing token on slot 10
[17:56:10.461] [SEVERE ] setting player 4 freeze to 3900
[17:56:10.462] [SEVERE ] setting player 5 freeze to 3900
[17:56:10.462] [SEVERE ] setting player 3 freeze to 3900
[17:56:10.463] [SEVERE ] setting player 6 freeze to 3900
[17:56:11.426] [SEVERE ] updating countdown to 52999
[17:56:11.426] [SEVERE ] setting player 1 freeze to 2934
[17:56:11.427] [SEVERE ] setting player 2 freeze to 2933
[17:56:11.427] [SEVERE ] setting player 3 freeze to 2935
[17:56:11.427] [SEVERE ] setting player 4 freeze to 2934
[17:56:11.427] [SEVERE ] setting player 5 freeze to 2935
[17:56:11.427] [SEVERE ] setting player 6 freeze to 2936
[17:56:12.433] [SEVERE ] updating countdown to 51992
[17:56:12.433] [SEVERE ] setting player 1 freeze to 1927
[17:56:12.433] [SEVERE ] setting player 2 freeze to 1926
[17:56:12.434] [SEVERE ] setting player 3 freeze to 1928
[17:56:12.434] [SEVERE ] setting player 4 freeze to 1927
[17:56:12.434] [SEVERE ] setting player 5 freeze to 1928
[17:56:12.434] [SEVERE ] setting player 6 freeze to 1929
[17:56:13.427] [SEVERE ] updating countdown to 50998
[17:56:13.427] [SEVERE ] setting player 1 freeze to 933
[17:56:13.427] [SEVERE ] setting player 2 freeze to 932
[17:56:13.427] [SEVERE ] setting player 3 freeze to 935
[17:56:13.427] [SEVERE ] setting player 4 freeze to 934
[17:56:13.427] [SEVERE ] setting player 5 freeze to 935
[17:56:13.427] [SEVERE ] setting player 6 freeze to 936
[17:56:13.464] [SEVERE ] removing player 6 token from slot 1
[17:56:13.464] [SEVERE ] removing player 2 token from slot 3
[17:56:13.464] [SEVERE ] removing player 5 token from slot 1
[17:56:13.464] [SEVERE ] removing player 3 token from slot 10
[17:56:13.464] [SEVERE ] removing player 4 token from slot 8
[17:56:13.464] [SEVERE ] player 3 placing token on slot 9
[17:56:13.464] [SEVERE ] removing player 1 token from slot 1
[17:56:13.464] [SEVERE ] player 6 placing token on slot 11
[17:56:13.464] [SEVERE ] player 2 placing token on slot 5
[17:56:13.464] [SEVERE ] player 5 placing token on slot 8
[17:56:13.464] [SEVERE ] player 4 placing token on slot 2
[17:56:13.465] [SEVERE ] player 1 placing token on slot 6
[17:56:13.465] [SEVERE ] setting player 2 freeze to 3900
[17:56:13.466] [SEVERE ] setting player 1 freeze to 3900
[17:56:13.466] [SEVERE ] setting player 3 freeze to 3900
[17:56:13.467] [SEVERE ] setting player 4 freeze to 3900
[17:56:13.467] [SEVERE ] setting player 5 freeze to 3900
[17:56:13.468] [SEVERE ] setting player 6 freeze to 3900
[17:56:15.426] [SEVERE ] updating countdown to 48999
[17:56:15.426] [SEVERE ] setting player 1 freeze to 1940
[17:56:15.426] [SEVERE ] setting player 2 freeze to 1939
[17:56:15.426] [SEVERE ] setting player 3 freeze to 1940
[17:56:15.426] [SEVERE ] setting player 4 freeze to 1941
[17:56:15.426] [SEVERE ] setting player 5 freeze to 1941
[17:56:15.426] [SEVERE ] setting player 6 freeze to 1942
[17:56:15.900] [SEVERE ] exit button pressed
[17:56:15.900] [INFO   ] thread computer-1 terminated.
[17:56:15.900] [INFO   ] thread computer-5 terminated.
[17:56:15.900] [INFO   ] thread computer-0 terminated.
[17:56:15.900] [INFO   ] thread computer-2 terminated.
[17:56:15.900] [INFO   ] thread computer-4 terminated.
[17:56:15.900] [INFO   ] thread computer-3 terminated.
[17:56:16.428] [SEVERE ] updating countdown to 47997
[17:56:16.428] [SEVERE ] setting player 1 freeze to 938
[17:56:16.428] [SEVERE ] setting player 2 freeze to 937
[17:56:16.428] [SEVERE ] setting player 3 freeze to 938
[17:56:16.428] [SEVERE ] setting player 4 freeze to 939
[17:56:16.428] [SEVERE ] setting player 5 freeze to 939
[17:56:16.428] [SEVERE ] setting player 6 freeze to 940
[17:56:16.539] [SEVERE ] removing card from slot 0
[17:56:16.649] [SEVERE ] removing player 4 token from slot 1
[17:56:16.649] [SEVERE ] removing card from slot 1
[17:56:16.759] [SEVERE ] removing player 2 token from slot 2
[17:56:16.759] [SEVERE ] removing player 6 token from slot 2
[17:56:16.759] [SEVERE ] removing player 4 token from slot 2
[17:56:16.759] [SEVERE ] removing card from slot 2
[17:56:16.870] [SEVERE ] removing card from slot 3
[17:56:16.980] [SEVERE ] removing card from slot 4
[17:56:17.091] [SEVERE ] removing player 3 token from slot 5
[17:56:17.091] [SEVERE ] removing player 2 token from slot 5
[17:56:17.091] [SEVERE ] removing card from slot 5
[17:56:17.199] [SEVERE ] removing player 4 token from slot 6
[17:56:17.199] [SEVERE ] removing player 5 token from slot 6
[17:56:17.199] [SEVERE ] removing player 1 token from slot 6
[17:56:17.199] [SEVERE ] removing card from slot 6
[17:56:17.307] [SEVERE ] removing player 2 token from slot 7
[17:56:17.307] [SEVERE ] removing player 5 token from slot 7
[17:56:17.307] [SEVERE ] removing player 6 token from slot 7
[17:56:17.307] [SEVERE ] removing player 3 token from slot 7
[17:56:17.307] [SEVERE ] removing card from slot 7
[17:56:17.410] [SEVERE ] removing player 5 token from slot 8
[17:56:17.410] [SEVERE ] removing card from slot 8
[17:56:17.515] [SEVERE ] removing player 3 token from slot 9
[17:56:17.515] [SEVERE ] removing card from slot 9
[17:56:17.631] [SEVERE ] removing player 1 token from slot 10
[17:56:17.631] [SEVERE ] removing card from slot 10
[17:56:17.741] [SEVERE ] removing player 1 token from slot 11
[17:56:17.741] [SEVERE ] removing player 6 token from slot 11
[17:56:17.741] [SEVERE ] removing card from slot 11
[17:56:17.741] [SEVERE ] announcing winner(s): player 1, player 2, player 3, player 4, player 5, player 6
[17:56:17.741] [INFO   ] thread dealer terminated.
[17:56:17.741] [INFO   ] thread Thread-0 terminated.
[17:56:17.741] [INFO   ] thread Thread-3 terminated.
[17:56:17.741] [INFO   ] thread Thread-4 terminated.
[17:56:17.741] [INFO   ] thread Thread-5 terminated.
[17:56:17.741] [INFO   ] thread dealer terminated.
[17:56:17.741] [SEVERE ] thanks for playing... it was fun!
[17:56:17.741] [INFO   ] thread Thread-1 terminated.
[17:56:17.741] [INFO   ] thread Thread-2 terminated.
[17:56:17.741] [INFO   ] thread main terminated.
