[00:10:05.474] [INFO   ] thread main starting.
[00:10:05.478] [SEVERE ] cannot read configuration file config.properties trying from resources.
[00:10:05.479] [SEVERE ] configuration file was loaded from resources directory.
[00:10:05.848] [INFO   ] thread dealer starting.
[00:10:05.848] [INFO   ] thread dealer starting.
[00:10:05.850] [INFO   ] thread Thread-0 starting.
[00:10:05.850] [INFO   ] thread Thread-1 starting.
[00:10:05.851] [INFO   ] thread computer-1 starting.
[00:10:05.960] [SEVERE ] placing card 52 in slot 0
[00:10:06.062] [SEVERE ] placing card 22 in slot 1
[00:10:06.171] [SEVERE ] placing card 14 in slot 2
[00:10:06.288] [SEVERE ] placing card 34 in slot 3
[00:10:06.398] [SEVERE ] placing card 54 in slot 4
[00:10:06.509] [SEVERE ] placing card 16 in slot 5
[00:10:06.618] [SEVERE ] placing card 2 in slot 6
[00:10:06.728] [SEVERE ] placing card 0 in slot 7
[00:10:06.839] [SEVERE ] placing card 67 in slot 8
[00:10:06.949] [SEVERE ] placing card 56 in slot 9
[00:10:07.059] [SEVERE ] placing card 6 in slot 10
[00:10:07.169] [SEVERE ] placing card 62 in slot 11
[00:10:07.169] [SEVERE ] player 2 placing token on slot 11
[00:10:07.169] [SEVERE ] player 2 placing token on slot 9
[00:10:07.169] [SEVERE ] removing player 2 token from slot 9
[00:10:07.169] [SEVERE ] removing player 2 token from slot 11
[00:10:07.169] [SEVERE ] player 2 placing token on slot 2
[00:10:07.169] [SEVERE ] player 2 placing token on slot 6
[00:10:07.169] [SEVERE ] player 2 placing token on slot 4
[00:10:07.169] [SEVERE ] updating countdown to 60000
[00:10:07.169] [SEVERE ] setting player 2 freeze to 3900
[00:10:08.120] [SEVERE ] updating countdown to 59049
[00:10:08.120] [SEVERE ] setting player 2 freeze to 2949
[00:10:09.076] [SEVERE ] updating countdown to 58093
[00:10:09.076] [SEVERE ] setting player 2 freeze to 1993
[00:10:10.039] [SEVERE ] updating countdown to 57130
[00:10:10.039] [SEVERE ] setting player 2 freeze to 1030
[00:10:10.184] [SEVERE ] removing player 2 token from slot 6
[00:10:10.184] [SEVERE ] player 2 placing token on slot 9
[00:10:10.184] [SEVERE ] setting player 2 freeze to 3900
[00:10:10.994] [SEVERE ] updating countdown to 56175
[00:10:10.994] [SEVERE ] setting player 2 freeze to 3090
[00:10:11.944] [SEVERE ] updating countdown to 55225
[00:10:11.944] [SEVERE ] setting player 2 freeze to 2140
[00:10:12.894] [SEVERE ] updating countdown to 54275
[00:10:12.894] [SEVERE ] setting player 2 freeze to 1190
[00:10:13.196] [SEVERE ] removing player 2 token from slot 4
[00:10:13.197] [SEVERE ] player 2 placing token on slot 6
[00:10:13.198] [SEVERE ] setting player 2 freeze to 3900
[00:10:13.845] [SEVERE ] updating countdown to 53324
[00:10:13.845] [SEVERE ] setting player 2 freeze to 3253
[00:10:14.799] [SEVERE ] updating countdown to 52370
[00:10:14.799] [SEVERE ] setting player 2 freeze to 2299
[00:10:15.761] [SEVERE ] updating countdown to 51408
[00:10:15.761] [SEVERE ] setting player 2 freeze to 1337
[00:10:16.204] [SEVERE ] removing player 2 token from slot 9
[00:10:16.204] [SEVERE ] removing player 2 token from slot 2
[00:10:16.204] [SEVERE ] player 2 placing token on slot 9
[00:10:16.204] [SEVERE ] removing player 2 token from slot 9
[00:10:16.204] [SEVERE ] player 2 placing token on slot 7
[00:10:16.204] [SEVERE ] player 2 placing token on slot 0
[00:10:16.204] [SEVERE ] setting player 2 freeze to 3900
[00:10:16.714] [SEVERE ] updating countdown to 50455
[00:10:16.714] [SEVERE ] setting player 2 freeze to 3390
[00:10:17.674] [SEVERE ] updating countdown to 49495
[00:10:17.674] [SEVERE ] setting player 2 freeze to 2430
[00:10:18.634] [SEVERE ] updating countdown to 48535
[00:10:18.634] [SEVERE ] setting player 2 freeze to 1470
[00:10:19.219] [SEVERE ] removing player 2 token from slot 7
[00:10:19.219] [SEVERE ] player 2 placing token on slot 11
[00:10:19.219] [SEVERE ] setting player 2 freeze to 3900
[00:10:19.587] [SEVERE ] updating countdown to 47582
[00:10:19.587] [SEVERE ] setting player 2 freeze to 3532
[00:10:20.544] [SEVERE ] updating countdown to 46625
[00:10:20.544] [SEVERE ] setting player 2 freeze to 2575
[00:10:21.501] [SEVERE ] updating countdown to 45668
[00:10:21.501] [SEVERE ] setting player 2 freeze to 1618
[00:10:22.227] [SEVERE ] removing player 2 token from slot 11
[00:10:22.227] [SEVERE ] player 2 placing token on slot 7
[00:10:22.227] [SEVERE ] setting player 2 freeze to 3900
[00:10:22.454] [SEVERE ] updating countdown to 44715
[00:10:22.454] [SEVERE ] setting player 2 freeze to 3673
[00:10:23.415] [SEVERE ] updating countdown to 43754
[00:10:23.415] [SEVERE ] setting player 2 freeze to 2712
[00:10:24.377] [SEVERE ] updating countdown to 42792
[00:10:24.377] [SEVERE ] setting player 2 freeze to 1750
[00:10:25.233] [SEVERE ] removing player 2 token from slot 6
[00:10:25.233] [SEVERE ] player 2 placing token on slot 3
[00:10:25.234] [SEVERE ] setting player 2 freeze to 3900
[00:10:25.329] [SEVERE ] updating countdown to 41840
[00:10:25.329] [SEVERE ] setting player 2 freeze to 3805
[00:10:26.279] [SEVERE ] updating countdown to 40890
[00:10:26.279] [SEVERE ] setting player 2 freeze to 2855
[00:10:27.239] [SEVERE ] updating countdown to 39930
[00:10:27.239] [SEVERE ] setting player 2 freeze to 1895
[00:10:28.201] [SEVERE ] updating countdown to 38968
[00:10:28.201] [SEVERE ] setting player 2 freeze to 933
[00:10:28.243] [SEVERE ] removing player 2 token from slot 3
[00:10:28.243] [SEVERE ] player 2 placing token on slot 3
[00:10:28.243] [SEVERE ] setting player 2 freeze to 3900
[00:10:29.153] [SEVERE ] updating countdown to 38016
[00:10:29.153] [SEVERE ] setting player 2 freeze to 2990
[00:10:30.115] [SEVERE ] updating countdown to 37054
[00:10:30.115] [SEVERE ] setting player 2 freeze to 2028
[00:10:31.073] [SEVERE ] updating countdown to 36096
[00:10:31.073] [SEVERE ] setting player 2 freeze to 1070
[00:10:31.253] [SEVERE ] removing player 2 token from slot 3
[00:10:31.253] [SEVERE ] player 2 placing token on slot 9
[00:10:31.253] [SEVERE ] setting player 2 freeze to 3900
[00:10:32.038] [SEVERE ] updating countdown to 35131
[00:10:32.038] [SEVERE ] setting player 2 freeze to 3115
[00:10:32.989] [SEVERE ] updating countdown to 34180
[00:10:32.989] [SEVERE ] setting player 2 freeze to 2164
[00:10:33.409] [SEVERE ] exit button pressed
[00:10:33.409] [INFO   ] thread computer-1 terminated.
[00:10:33.409] [INFO   ] thread Thread-0 terminated.
[00:10:33.946] [SEVERE ] updating countdown to 33223
[00:10:33.946] [SEVERE ] setting player 2 freeze to 1207
[00:10:34.056] [SEVERE ] removing player 2 token from slot 0
[00:10:34.056] [SEVERE ] removing card from slot 0
[00:10:34.164] [SEVERE ] removing card from slot 1
[00:10:34.265] [SEVERE ] removing card from slot 2
[00:10:34.373] [SEVERE ] removing card from slot 3
[00:10:34.486] [SEVERE ] removing card from slot 4
[00:10:34.596] [SEVERE ] removing card from slot 5
[00:10:34.698] [SEVERE ] removing card from slot 6
[00:10:34.799] [SEVERE ] removing player 2 token from slot 7
[00:10:34.799] [SEVERE ] removing card from slot 7
[00:10:34.905] [SEVERE ] removing card from slot 8
[00:10:35.006] [SEVERE ] removing player 2 token from slot 9
[00:10:35.006] [SEVERE ] removing card from slot 9
[00:10:35.114] [SEVERE ] removing card from slot 10
[00:10:35.222] [SEVERE ] removing card from slot 11
[00:10:35.222] [SEVERE ] announcing winner(s): player 1, player 2
[00:10:35.222] [INFO   ] thread dealer terminated.
[00:10:35.222] [INFO   ] thread Thread-1 terminated.
[00:10:35.222] [INFO   ] thread dealer terminated.
[00:10:35.222] [SEVERE ] thanks for playing... it was fun!
[00:10:35.222] [INFO   ] thread main terminated.
