[00:01:43.381] [INFO   ] thread main starting.
[00:01:43.386] [SEVERE ] cannot read configuration file config.properties trying from resources.
[00:01:43.386] [SEVERE ] configuration file was loaded from resources directory.
[00:01:43.748] [INFO   ] thread dealer starting.
[00:01:43.749] [INFO   ] thread dealer starting.
[00:01:43.749] [INFO   ] thread Thread-0 starting.
[00:01:43.749] [INFO   ] thread Thread-1 starting.
[00:01:43.750] [INFO   ] thread computer-1 starting.
[00:01:43.867] [SEVERE ] placing card 33 in slot 0
[00:01:43.984] [SEVERE ] placing card 18 in slot 1
[00:01:44.094] [SEVERE ] placing card 23 in slot 2
[00:01:44.203] [SEVERE ] placing card 37 in slot 3
[00:01:44.318] [SEVERE ] placing card 15 in slot 4
[00:01:44.426] [SEVERE ] placing card 43 in slot 5
[00:01:44.535] [SEVERE ] placing card 74 in slot 6
[00:01:44.636] [SEVERE ] placing card 28 in slot 7
[00:01:44.747] [SEVERE ] placing card 30 in slot 8
[00:01:44.853] [SEVERE ] placing card 63 in slot 9
[00:01:44.978] [SEVERE ] placing card 8 in slot 10
[00:01:45.084] [SEVERE ] placing card 50 in slot 11
[00:01:45.084] [SEVERE ] player 2 placing token on slot 10
[00:01:45.085] [SEVERE ] player 2 placing token on slot 3
[00:01:45.086] [SEVERE ] player 2 placing token on slot 1
[00:01:45.086] [SEVERE ] updating countdown to 60000
[00:01:45.086] [SEVERE ] setting player 2 freeze to 3900
[00:01:46.037] [SEVERE ] updating countdown to 59049
[00:01:46.037] [SEVERE ] setting player 2 freeze to 2949
[00:01:46.987] [SEVERE ] updating countdown to 58099
[00:01:46.987] [SEVERE ] setting player 2 freeze to 1999
[00:01:47.944] [SEVERE ] updating countdown to 57142
[00:01:47.945] [SEVERE ] setting player 2 freeze to 1041
[00:01:48.093] [SEVERE ] removing player 2 token from slot 3
[00:01:48.093] [SEVERE ] removing player 2 token from slot 10
[00:01:48.094] [SEVERE ] player 2 placing token on slot 11
[00:01:48.094] [SEVERE ] player 2 placing token on slot 6
[00:01:48.097] [SEVERE ] setting player 2 freeze to 3900
[00:01:48.896] [SEVERE ] updating countdown to 56190
[00:01:48.896] [SEVERE ] setting player 2 freeze to 3101
[00:01:49.846] [SEVERE ] updating countdown to 55240
[00:01:49.846] [SEVERE ] setting player 2 freeze to 2151
[00:01:50.796] [SEVERE ] updating countdown to 54290
[00:01:50.796] [SEVERE ] setting player 2 freeze to 1201
[00:01:51.101] [SEVERE ] removing player 2 token from slot 6
[00:01:51.101] [SEVERE ] player 2 placing token on slot 8
[00:01:51.104] [SEVERE ] setting player 2 freeze to 3900
[00:01:51.748] [SEVERE ] updating countdown to 53338
[00:01:51.750] [SEVERE ] setting player 2 freeze to 3254
[00:01:52.698] [SEVERE ] updating countdown to 52388
[00:01:52.698] [SEVERE ] setting player 2 freeze to 2306
[00:01:53.648] [SEVERE ] updating countdown to 51438
[00:01:53.648] [SEVERE ] setting player 2 freeze to 1356
[00:01:54.109] [SEVERE ] removing player 2 token from slot 11
[00:01:54.109] [SEVERE ] player 2 placing token on slot 3
[00:01:54.111] [SEVERE ] setting player 2 freeze to 3900
[00:01:54.599] [SEVERE ] updating countdown to 50487
[00:01:54.599] [SEVERE ] setting player 2 freeze to 3412
[00:01:55.549] [SEVERE ] updating countdown to 49537
[00:01:55.549] [SEVERE ] setting player 2 freeze to 2462
[00:01:56.511] [SEVERE ] updating countdown to 48575
[00:01:56.511] [SEVERE ] setting player 2 freeze to 1500
[00:01:57.112] [SEVERE ] removing player 2 token from slot 8
[00:01:57.112] [SEVERE ] player 2 placing token on slot 7
[00:01:57.113] [SEVERE ] setting player 2 freeze to 3900
[00:01:57.462] [SEVERE ] updating countdown to 47624
[00:01:57.463] [SEVERE ] setting player 2 freeze to 3550
[00:01:58.413] [SEVERE ] updating countdown to 46673
[00:01:58.414] [SEVERE ] setting player 2 freeze to 2599
[00:01:59.365] [SEVERE ] updating countdown to 45721
[00:01:59.365] [SEVERE ] setting player 2 freeze to 1648
[00:02:00.128] [SEVERE ] removing player 2 token from slot 7
[00:02:00.128] [SEVERE ] removing player 2 token from slot 3
[00:02:00.129] [SEVERE ] player 2 placing token on slot 0
[00:02:00.129] [SEVERE ] player 2 placing token on slot 7
[00:02:00.129] [SEVERE ] setting player 2 freeze to 3900
[00:02:01.269] [SEVERE ] updating countdown to 43817
[00:02:01.269] [SEVERE ] setting player 2 freeze to 2760
[00:02:02.235] [SEVERE ] updating countdown to 42851
[00:02:02.235] [SEVERE ] setting player 2 freeze to 1794
[00:02:02.734] [SEVERE ] exit button pressed
[00:02:02.735] [INFO   ] thread computer-1 terminated.
[00:02:02.735] [INFO   ] thread Thread-0 terminated.
[00:02:03.185] [SEVERE ] updating countdown to 41901
[00:02:03.186] [SEVERE ] setting player 2 freeze to 0
[00:02:03.301] [SEVERE ] removing player 2 token from slot 0
[00:02:03.301] [SEVERE ] removing card from slot 0
[00:02:03.403] [SEVERE ] removing player 2 token from slot 1
[00:02:03.403] [SEVERE ] removing card from slot 1
[00:02:03.505] [SEVERE ] removing card from slot 2
[00:02:03.612] [SEVERE ] removing card from slot 3
[00:02:03.718] [SEVERE ] removing card from slot 4
[00:02:03.828] [SEVERE ] removing card from slot 5
[00:02:03.936] [SEVERE ] removing card from slot 6
[00:02:04.044] [SEVERE ] removing player 2 token from slot 7
[00:02:04.045] [SEVERE ] removing card from slot 7
[00:02:04.150] [SEVERE ] removing card from slot 8
[00:02:04.251] [SEVERE ] removing card from slot 9
[00:02:04.353] [SEVERE ] removing card from slot 10
[00:02:04.465] [SEVERE ] removing card from slot 11
[00:02:04.468] [SEVERE ] announcing winner(s): player 1, player 2
[00:02:04.469] [INFO   ] thread dealer terminated.
[00:02:04.469] [INFO   ] thread Thread-1 terminated.
[00:02:04.469] [INFO   ] thread dealer terminated.
[00:02:04.469] [SEVERE ] thanks for playing... it was fun!
[00:02:04.469] [INFO   ] thread main terminated.
