[09:17:19.074] [INFO   ] thread main starting.
[09:17:19.081] [SEVERE ] cannot read configuration file config.properties trying from resources.
[09:17:19.084] [SEVERE ] configuration file was loaded from resources directory.
[09:17:19.468] [INFO   ] thread dealer starting.
[09:17:19.468] [INFO   ] thread dealer starting.
[09:17:19.469] [INFO   ] thread Thread-0 starting.
[09:17:19.469] [INFO   ] thread Thread-2 starting.
[09:17:19.469] [INFO   ] thread Thread-1 starting.
[09:17:19.469] [INFO   ] thread Thread-3 starting.
[09:17:19.469] [INFO   ] thread Thread-4 starting.
[09:17:19.469] [INFO   ] thread Thread-5 starting.
[09:17:19.470] [INFO   ] thread computer-1 starting.
[09:17:19.470] [INFO   ] thread computer-0 starting.
[09:17:19.470] [INFO   ] thread computer-2 starting.
[09:17:19.471] [INFO   ] thread computer-3 starting.
[09:17:19.471] [INFO   ] thread computer-4 starting.
[09:17:19.473] [INFO   ] thread computer-5 starting.
[09:17:19.582] [SEVERE ] placing card 70 in slot 0
[09:17:19.699] [SEVERE ] placing card 71 in slot 1
[09:17:19.816] [SEVERE ] placing card 14 in slot 2
[09:17:19.935] [SEVERE ] placing card 34 in slot 3
[09:17:20.045] [SEVERE ] placing card 66 in slot 4
[09:17:20.149] [SEVERE ] placing card 50 in slot 5
[09:17:20.254] [SEVERE ] placing card 43 in slot 6
[09:17:20.368] [SEVERE ] placing card 12 in slot 7
[09:17:20.475] [SEVERE ] placing card 60 in slot 8
[09:17:20.585] [SEVERE ] placing card 22 in slot 9
[09:17:20.690] [SEVERE ] placing card 63 in slot 10
[09:17:20.792] [SEVERE ] placing card 67 in slot 11
[09:17:20.792] [SEVERE ] player 6 placing token on slot 4
[09:17:20.792] [SEVERE ] player 5 placing token on slot 2
[09:17:20.792] [SEVERE ] player 1 placing token on slot 0
[09:17:20.792] [SEVERE ] player 4 placing token on slot 9
[09:17:20.792] [SEVERE ] player 3 placing token on slot 0
[09:17:20.792] [SEVERE ] player 2 placing token on slot 7
[09:17:20.793] [SEVERE ] player 6 placing token on slot 8
[09:17:20.793] [SEVERE ] player 1 placing token on slot 5
[09:17:20.793] [SEVERE ] player 5 placing token on slot 10
[09:17:20.793] [SEVERE ] player 4 placing token on slot 6
[09:17:20.793] [SEVERE ] player 3 placing token on slot 9
[09:17:20.793] [SEVERE ] player 2 placing token on slot 4
[09:17:20.793] [SEVERE ] player 6 placing token on slot 3
[09:17:20.793] [SEVERE ] player 1 placing token on slot 10
[09:17:20.794] [SEVERE ] player 5 placing token on slot 8
[09:17:20.794] [SEVERE ] player 4 placing token on slot 8
[09:17:20.794] [SEVERE ] player 3 placing token on slot 3
[09:17:20.794] [SEVERE ] removing player 2 token from slot 4
[09:17:20.795] [SEVERE ] player 2 placing token on slot 4
[09:17:20.795] [SEVERE ] removing player 2 token from slot 4
[09:17:20.795] [SEVERE ] player 2 placing token on slot 4
[09:17:20.795] [SEVERE ] player 2 placing token on slot 2
[09:17:20.799] [SEVERE ] updating countdown to 60000
[09:17:20.800] [SEVERE ] setting player 1 freeze to 3900
[09:17:20.802] [SEVERE ] setting player 6 freeze to 3900
[09:17:20.804] [SEVERE ] setting player 3 freeze to 3900
[09:17:20.804] [SEVERE ] setting player 4 freeze to 3900
[09:17:20.805] [SEVERE ] setting player 5 freeze to 3900
[09:17:20.806] [SEVERE ] setting player 2 freeze to 3900
[09:17:21.799] [SEVERE ] updating countdown to 59000
[09:17:21.799] [SEVERE ] setting player 1 freeze to 2901
[09:17:21.799] [SEVERE ] setting player 2 freeze to 2907
[09:17:21.799] [SEVERE ] setting player 3 freeze to 2905
[09:17:21.799] [SEVERE ] setting player 4 freeze to 2905
[09:17:21.799] [SEVERE ] setting player 5 freeze to 2906
[09:17:21.799] [SEVERE ] setting player 6 freeze to 2903
[09:17:22.801] [SEVERE ] updating countdown to 57998
[09:17:22.801] [SEVERE ] setting player 1 freeze to 1899
[09:17:22.801] [SEVERE ] setting player 2 freeze to 1905
[09:17:22.801] [SEVERE ] setting player 3 freeze to 1903
[09:17:22.801] [SEVERE ] setting player 4 freeze to 1903
[09:17:22.801] [SEVERE ] setting player 5 freeze to 1904
[09:17:22.801] [SEVERE ] setting player 6 freeze to 1901
[09:17:23.801] [SEVERE ] removing player 1 token from slot 0
[09:17:23.801] [SEVERE ] player 1 placing token on slot 2
[09:17:23.802] [SEVERE ] updating countdown to 56997
[09:17:23.802] [SEVERE ] setting player 1 freeze to 0
[09:17:23.802] [SEVERE ] setting player 2 freeze to 904
[09:17:23.802] [SEVERE ] setting player 3 freeze to 902
[09:17:23.802] [SEVERE ] setting player 4 freeze to 902
[09:17:23.802] [SEVERE ] setting player 5 freeze to 903
[09:17:23.802] [SEVERE ] setting player 6 freeze to 0
[09:17:23.802] [SEVERE ] setting player 1 freeze to 3900
[09:17:23.817] [SEVERE ] removing player 6 token from slot 3
[09:17:23.817] [SEVERE ] player 6 placing token on slot 9
[09:17:23.817] [SEVERE ] removing player 4 token from slot 6
[09:17:23.817] [SEVERE ] removing player 5 token from slot 2
[09:17:23.817] [SEVERE ] removing player 2 token from slot 4
[09:17:23.817] [SEVERE ] removing player 3 token from slot 0
[09:17:23.819] [SEVERE ] player 3 placing token on slot 5
[09:17:23.817] [SEVERE ] player 4 placing token on slot 5
[09:17:23.818] [SEVERE ] player 5 placing token on slot 7
[09:17:23.818] [SEVERE ] setting player 6 freeze to 3900
[09:17:23.818] [SEVERE ] player 2 placing token on slot 4
[09:17:23.820] [SEVERE ] setting player 2 freeze to 3900
[09:17:23.820] [SEVERE ] setting player 3 freeze to 3900
[09:17:23.822] [SEVERE ] setting player 4 freeze to 3900
[09:17:23.822] [SEVERE ] setting player 5 freeze to 3900
[09:17:25.623] [SEVERE ] updating countdown to 55176
[09:17:25.623] [SEVERE ] setting player 1 freeze to 2079
[09:17:25.623] [SEVERE ] setting player 2 freeze to 2097
[09:17:25.623] [SEVERE ] setting player 3 freeze to 2097
[09:17:25.623] [SEVERE ] setting player 4 freeze to 2099
[09:17:25.623] [SEVERE ] setting player 5 freeze to 2099
[09:17:25.623] [SEVERE ] setting player 6 freeze to 2095
[09:17:25.860] [SEVERE ] updating countdown to 54939
[09:17:25.860] [SEVERE ] setting player 1 freeze to 1842
[09:17:25.860] [SEVERE ] setting player 2 freeze to 1860
[09:17:25.860] [SEVERE ] setting player 3 freeze to 1860
[09:17:25.860] [SEVERE ] setting player 4 freeze to 1862
[09:17:25.860] [SEVERE ] setting player 5 freeze to 1862
[09:17:25.860] [SEVERE ] setting player 6 freeze to 1858
[09:17:26.815] [SEVERE ] removing player 1 token from slot 2
[09:17:26.815] [SEVERE ] player 1 placing token on slot 11
[09:17:26.816] [SEVERE ] updating countdown to 53983
[09:17:26.816] [SEVERE ] setting player 1 freeze to 0
[09:17:26.816] [SEVERE ] setting player 2 freeze to 904
[09:17:26.817] [SEVERE ] setting player 3 freeze to 903
[09:17:26.817] [SEVERE ] setting player 4 freeze to 905
[09:17:26.817] [SEVERE ] setting player 5 freeze to 905
[09:17:26.817] [SEVERE ] setting player 6 freeze to 901
[09:17:26.817] [SEVERE ] setting player 1 freeze to 3900
[09:17:26.830] [SEVERE ] removing player 6 token from slot 8
[09:17:26.830] [SEVERE ] removing player 5 token from slot 7
[09:17:26.830] [SEVERE ] removing player 4 token from slot 5
[09:17:26.830] [SEVERE ] removing player 2 token from slot 4
[09:17:26.830] [SEVERE ] removing player 3 token from slot 3
[09:17:26.830] [SEVERE ] player 6 placing token on slot 7
[09:17:26.830] [SEVERE ] player 5 placing token on slot 4
[09:17:26.830] [SEVERE ] player 4 placing token on slot 4
[09:17:26.830] [SEVERE ] player 2 placing token on slot 8
[09:17:26.831] [SEVERE ] player 3 placing token on slot 10
[09:17:26.832] [SEVERE ] setting player 2 freeze to 3900
[09:17:26.832] [SEVERE ] setting player 3 freeze to 3900
[09:17:26.833] [SEVERE ] setting player 4 freeze to 3900
[09:17:26.834] [SEVERE ] setting player 5 freeze to 3900
[09:17:26.835] [SEVERE ] setting player 6 freeze to 3900
[09:17:28.606] [SEVERE ] updating countdown to 52193
[09:17:28.606] [SEVERE ] setting player 1 freeze to 2111
[09:17:28.606] [SEVERE ] setting player 2 freeze to 2126
[09:17:28.606] [SEVERE ] setting player 3 freeze to 2126
[09:17:28.606] [SEVERE ] setting player 4 freeze to 2127
[09:17:28.606] [SEVERE ] setting player 5 freeze to 2128
[09:17:28.606] [SEVERE ] setting player 6 freeze to 2129
[09:17:28.894] [SEVERE ] updating countdown to 51905
[09:17:28.894] [SEVERE ] setting player 1 freeze to 1823
[09:17:28.894] [SEVERE ] setting player 2 freeze to 1838
[09:17:28.894] [SEVERE ] setting player 3 freeze to 1838
[09:17:28.894] [SEVERE ] setting player 4 freeze to 1839
[09:17:28.894] [SEVERE ] setting player 5 freeze to 1840
[09:17:28.894] [SEVERE ] setting player 6 freeze to 1841
[09:17:29.828] [SEVERE ] removing player 1 token from slot 10
[09:17:29.828] [SEVERE ] player 1 placing token on slot 10
[09:17:29.830] [SEVERE ] updating countdown to 50969
[09:17:29.830] [SEVERE ] setting player 1 freeze to 0
[09:17:29.830] [SEVERE ] setting player 2 freeze to 902
[09:17:29.830] [SEVERE ] setting player 3 freeze to 902
[09:17:29.830] [SEVERE ] setting player 4 freeze to 903
[09:17:29.830] [SEVERE ] setting player 5 freeze to 904
[09:17:29.830] [SEVERE ] setting player 6 freeze to 905
[09:17:29.830] [SEVERE ] setting player 1 freeze to 3900
[09:17:29.845] [SEVERE ] removing player 4 token from slot 8
[09:17:29.845] [SEVERE ] removing player 6 token from slot 7
[09:17:29.845] [SEVERE ] removing player 5 token from slot 4
[09:17:29.845] [SEVERE ] removing player 3 token from slot 9
[09:17:29.845] [SEVERE ] removing player 2 token from slot 2
[09:17:29.845] [SEVERE ] player 6 placing token on slot 11
[09:17:29.845] [SEVERE ] removing player 4 token from slot 4
[09:17:29.845] [SEVERE ] removing player 5 token from slot 8
[09:17:29.845] [SEVERE ] player 3 placing token on slot 2
[09:17:29.845] [SEVERE ] player 2 placing token on slot 9
[09:17:29.845] [SEVERE ] removing player 4 token from slot 9
[09:17:29.845] [SEVERE ] player 5 placing token on slot 7
[09:17:29.847] [SEVERE ] player 5 placing token on slot 6
[09:17:29.847] [SEVERE ] setting player 3 freeze to 3900
[09:17:29.847] [SEVERE ] player 4 placing token on slot 4
[09:17:29.847] [SEVERE ] player 4 placing token on slot 8
[09:17:29.847] [SEVERE ] setting player 6 freeze to 3900
[09:17:29.847] [SEVERE ] player 4 placing token on slot 5
[09:17:29.848] [SEVERE ] setting player 2 freeze to 3900
[09:17:29.848] [SEVERE ] setting player 5 freeze to 3900
[09:17:29.849] [SEVERE ] setting player 4 freeze to 3900
[09:17:30.994] [SEVERE ] exit button pressed
[09:17:30.994] [INFO   ] thread computer-1 terminated.
[09:17:30.994] [INFO   ] thread computer-3 terminated.
[09:17:30.994] [INFO   ] thread computer-2 terminated.
[09:17:30.994] [INFO   ] thread computer-4 terminated.
[09:17:30.994] [INFO   ] thread computer-5 terminated.
[09:17:30.994] [INFO   ] thread computer-0 terminated.
[09:17:31.594] [SEVERE ] updating countdown to 49205
[09:17:31.594] [SEVERE ] setting player 1 freeze to 2136
[09:17:31.594] [SEVERE ] setting player 2 freeze to 2154
[09:17:31.594] [SEVERE ] setting player 3 freeze to 2153
[09:17:31.594] [SEVERE ] setting player 4 freeze to 2155
[09:17:31.594] [SEVERE ] setting player 5 freeze to 2154
[09:17:31.597] [SEVERE ] setting player 6 freeze to 2150
[09:17:31.704] [SEVERE ] removing card from slot 0
[09:17:31.811] [SEVERE ] removing card from slot 1
[09:17:31.915] [SEVERE ] removing player 3 token from slot 2
[09:17:31.915] [SEVERE ] removing card from slot 2
[09:17:32.018] [SEVERE ] removing card from slot 3
[09:17:32.119] [SEVERE ] removing player 6 token from slot 4
[09:17:32.120] [SEVERE ] removing player 4 token from slot 4
[09:17:32.120] [SEVERE ] removing card from slot 4
[09:17:32.234] [SEVERE ] removing player 1 token from slot 5
[09:17:32.234] [SEVERE ] removing player 3 token from slot 5
[09:17:32.234] [SEVERE ] removing player 4 token from slot 5
[09:17:32.235] [SEVERE ] removing card from slot 5
[09:17:32.351] [SEVERE ] removing player 5 token from slot 6
[09:17:32.351] [SEVERE ] removing card from slot 6
[09:17:32.459] [SEVERE ] removing player 2 token from slot 7
[09:17:32.459] [SEVERE ] removing player 5 token from slot 7
[09:17:32.459] [SEVERE ] removing card from slot 7
[09:17:32.561] [SEVERE ] removing player 2 token from slot 8
[09:17:32.561] [SEVERE ] removing player 4 token from slot 8
[09:17:32.561] [SEVERE ] removing card from slot 8
[09:17:32.674] [SEVERE ] removing player 6 token from slot 9
[09:17:32.674] [SEVERE ] removing player 2 token from slot 9
[09:17:32.674] [SEVERE ] removing card from slot 9
[09:17:32.791] [SEVERE ] removing player 5 token from slot 10
[09:17:32.791] [SEVERE ] removing player 3 token from slot 10
[09:17:32.791] [SEVERE ] removing player 1 token from slot 10
[09:17:32.791] [SEVERE ] removing card from slot 10
[09:17:32.903] [SEVERE ] removing player 1 token from slot 11
[09:17:32.903] [SEVERE ] removing player 6 token from slot 11
[09:17:32.903] [SEVERE ] removing card from slot 11
[09:17:32.904] [SEVERE ] announcing winner(s): player 1, player 2, player 3, player 4, player 5, player 6
[09:17:32.906] [INFO   ] thread dealer terminated.
[09:17:32.906] [INFO   ] thread Thread-4 terminated.
[09:17:32.906] [INFO   ] thread Thread-5 terminated.
[09:17:32.906] [INFO   ] thread Thread-0 terminated.
[09:17:32.906] [INFO   ] thread Thread-1 terminated.
[09:17:32.906] [INFO   ] thread Thread-3 terminated.
[09:17:32.906] [INFO   ] thread Thread-2 terminated.
[09:17:32.906] [INFO   ] thread dealer terminated.
[09:17:32.907] [SEVERE ] thanks for playing... it was fun!
[09:17:32.907] [INFO   ] thread main terminated.
