[09:31:12.757] [INFO   ] thread main starting.
[09:31:12.765] [SEVERE ] cannot read configuration file config.properties trying from resources.
[09:31:12.767] [SEVERE ] configuration file was loaded from resources directory.
[09:31:13.134] [INFO   ] thread dealer starting.
[09:31:13.135] [INFO   ] thread dealer starting.
[09:31:13.135] [INFO   ] thread Thread-0 starting.
[09:31:13.135] [INFO   ] thread Thread-1 starting.
[09:31:13.136] [INFO   ] thread Thread-4 starting.
[09:31:13.136] [INFO   ] thread Thread-2 starting.
[09:31:13.136] [INFO   ] thread Thread-5 starting.
[09:31:13.136] [INFO   ] thread Thread-3 starting.
[09:31:13.137] [INFO   ] thread computer-4 starting.
[09:31:13.137] [INFO   ] thread computer-2 starting.
[09:31:13.137] [INFO   ] thread computer-0 starting.
[09:31:13.137] [INFO   ] thread computer-1 starting.
[09:31:13.137] [INFO   ] thread computer-5 starting.
[09:31:13.137] [INFO   ] thread computer-3 starting.
[09:31:13.252] [SEVERE ] placing card 78 in slot 0
[09:31:13.361] [SEVERE ] placing card 13 in slot 1
[09:31:13.477] [SEVERE ] placing card 26 in slot 2
[09:31:13.582] [SEVERE ] placing card 42 in slot 3
[09:31:13.685] [SEVERE ] placing card 47 in slot 4
[09:31:13.791] [SEVERE ] placing card 69 in slot 5
[09:31:13.900] [SEVERE ] placing card 22 in slot 6
[09:31:14.011] [SEVERE ] placing card 75 in slot 7
[09:31:14.127] [SEVERE ] placing card 10 in slot 8
[09:31:14.234] [SEVERE ] placing card 55 in slot 9
[09:31:14.350] [SEVERE ] placing card 51 in slot 10
[09:31:14.451] [SEVERE ] placing card 49 in slot 11
[09:31:14.451] [SEVERE ] player 5 placing token on slot 7
[09:31:14.451] [SEVERE ] player 3 placing token on slot 4
[09:31:14.451] [SEVERE ] player 2 placing token on slot 4
[09:31:14.451] [SEVERE ] player 1 placing token on slot 11
[09:31:14.451] [SEVERE ] player 6 placing token on slot 5
[09:31:14.451] [SEVERE ] player 4 placing token on slot 2
[09:31:14.452] [SEVERE ] player 5 placing token on slot 6
[09:31:14.452] [SEVERE ] player 3 placing token on slot 11
[09:31:14.452] [SEVERE ] player 2 placing token on slot 7
[09:31:14.452] [SEVERE ] player 1 placing token on slot 10
[09:31:14.452] [SEVERE ] player 6 placing token on slot 11
[09:31:14.452] [SEVERE ] player 4 placing token on slot 4
[09:31:14.452] [SEVERE ] player 5 placing token on slot 9
[09:31:14.452] [SEVERE ] player 3 placing token on slot 2
[09:31:14.452] [SEVERE ] removing player 2 token from slot 7
[09:31:14.452] [SEVERE ] player 1 placing token on slot 8
[09:31:14.452] [SEVERE ] player 6 placing token on slot 9
[09:31:14.452] [SEVERE ] removing player 4 token from slot 4
[09:31:14.454] [SEVERE ] player 2 placing token on slot 2
[09:31:14.455] [SEVERE ] player 4 placing token on slot 4
[09:31:14.455] [SEVERE ] player 2 placing token on slot 6
[09:31:14.455] [SEVERE ] player 4 placing token on slot 7
[09:31:14.455] [SEVERE ] updating countdown to 60000
[09:31:14.455] [SEVERE ] setting player 3 freeze to 3900
[09:31:14.463] [SEVERE ] setting player 5 freeze to 3900
[09:31:14.465] [SEVERE ] setting player 1 freeze to 3900
[09:31:14.467] [SEVERE ] setting player 2 freeze to 3900
[09:31:14.468] [SEVERE ] setting player 4 freeze to 3900
[09:31:14.469] [SEVERE ] setting player 6 freeze to 3900
[09:31:15.456] [SEVERE ] updating countdown to 58999
[09:31:15.456] [SEVERE ] setting player 1 freeze to 2909
[09:31:15.456] [SEVERE ] setting player 2 freeze to 2911
[09:31:15.456] [SEVERE ] setting player 3 freeze to 2899
[09:31:15.456] [SEVERE ] setting player 4 freeze to 2912
[09:31:15.456] [SEVERE ] setting player 5 freeze to 2907
[09:31:15.456] [SEVERE ] setting player 6 freeze to 2913
[09:31:16.458] [SEVERE ] updating countdown to 57997
[09:31:16.459] [SEVERE ] setting player 1 freeze to 1906
[09:31:16.459] [SEVERE ] setting player 2 freeze to 1908
[09:31:16.459] [SEVERE ] setting player 3 freeze to 1896
[09:31:16.459] [SEVERE ] setting player 4 freeze to 1909
[09:31:16.459] [SEVERE ] setting player 5 freeze to 1904
[09:31:16.459] [SEVERE ] setting player 6 freeze to 1910
[09:31:17.457] [SEVERE ] updating countdown to 56998
[09:31:17.457] [SEVERE ] setting player 1 freeze to 908
[09:31:17.457] [SEVERE ] setting player 2 freeze to 910
[09:31:17.457] [SEVERE ] setting player 3 freeze to 0
[09:31:17.457] [SEVERE ] setting player 4 freeze to 911
[09:31:17.457] [SEVERE ] setting player 5 freeze to 906
[09:31:17.457] [SEVERE ] setting player 6 freeze to 912
[09:31:17.465] [SEVERE ] removing player 5 token from slot 9
[09:31:17.465] [SEVERE ] removing player 3 token from slot 11
[09:31:17.465] [SEVERE ] player 5 placing token on slot 3
[09:31:17.465] [SEVERE ] removing player 3 token from slot 2
[09:31:17.465] [SEVERE ] player 3 placing token on slot 9
[09:31:17.465] [SEVERE ] player 3 placing token on slot 10
[09:31:17.466] [SEVERE ] setting player 5 freeze to 3900
[09:31:17.466] [SEVERE ] setting player 3 freeze to 3900
[09:31:17.467] [SEVERE ] removing player 1 token from slot 8
[09:31:17.467] [SEVERE ] removing player 1 token from slot 10
[09:31:17.467] [SEVERE ] player 1 placing token on slot 0
[09:31:17.467] [SEVERE ] player 1 placing token on slot 5
[09:31:17.467] [SEVERE ] setting player 1 freeze to 3900
[09:31:17.481] [SEVERE ] removing player 4 token from slot 4
[09:31:17.481] [SEVERE ] removing player 2 token from slot 6
[09:31:17.481] [SEVERE ] removing player 6 token from slot 9
[09:31:17.481] [SEVERE ] player 4 placing token on slot 4
[09:31:17.481] [SEVERE ] player 2 placing token on slot 0
[09:31:17.481] [SEVERE ] removing player 6 token from slot 5
[09:31:17.482] [SEVERE ] player 6 placing token on slot 3
[09:31:17.482] [SEVERE ] player 6 placing token on slot 10
[09:31:17.482] [SEVERE ] setting player 4 freeze to 3900
[09:31:17.483] [SEVERE ] setting player 2 freeze to 3900
[09:31:17.483] [SEVERE ] setting player 6 freeze to 3900
[09:31:18.457] [SEVERE ] updating countdown to 55998
[09:31:18.457] [SEVERE ] setting player 1 freeze to 2910
[09:31:18.457] [SEVERE ] setting player 2 freeze to 2926
[09:31:18.457] [SEVERE ] setting player 3 freeze to 2909
[09:31:18.457] [SEVERE ] setting player 4 freeze to 2925
[09:31:18.457] [SEVERE ] setting player 5 freeze to 2909
[09:31:18.457] [SEVERE ] setting player 6 freeze to 2926
[09:31:19.456] [SEVERE ] updating countdown to 54999
[09:31:19.456] [SEVERE ] setting player 1 freeze to 1911
[09:31:19.456] [SEVERE ] setting player 2 freeze to 1927
[09:31:19.456] [SEVERE ] setting player 3 freeze to 1910
[09:31:19.456] [SEVERE ] setting player 4 freeze to 1926
[09:31:19.456] [SEVERE ] setting player 5 freeze to 1910
[09:31:19.456] [SEVERE ] setting player 6 freeze to 1927
[09:31:20.457] [SEVERE ] updating countdown to 53998
[09:31:20.457] [SEVERE ] setting player 1 freeze to 910
[09:31:20.458] [SEVERE ] setting player 2 freeze to 925
[09:31:20.458] [SEVERE ] setting player 3 freeze to 908
[09:31:20.458] [SEVERE ] setting player 4 freeze to 924
[09:31:20.458] [SEVERE ] setting player 5 freeze to 908
[09:31:20.458] [SEVERE ] setting player 6 freeze to 925
[09:31:20.466] [SEVERE ] removing player 5 token from slot 3
[09:31:20.466] [SEVERE ] removing player 5 token from slot 6
[09:31:20.466] [SEVERE ] player 5 placing token on slot 3
[09:31:20.466] [SEVERE ] player 5 placing token on slot 11
[09:31:20.467] [SEVERE ] setting player 5 freeze to 3900
[09:31:20.468] [SEVERE ] removing player 3 token from slot 10
[09:31:20.468] [SEVERE ] player 3 placing token on slot 7
[09:31:20.468] [SEVERE ] setting player 3 freeze to 3900
[09:31:20.480] [SEVERE ] removing player 1 token from slot 5
[09:31:20.480] [SEVERE ] player 1 placing token on slot 1
[09:31:20.481] [SEVERE ] setting player 1 freeze to 3900
[09:31:20.483] [SEVERE ] removing player 4 token from slot 7
[09:31:20.483] [SEVERE ] removing player 2 token from slot 2
[09:31:20.483] [SEVERE ] player 4 placing token on slot 3
[09:31:20.483] [SEVERE ] removing player 2 token from slot 4
[09:31:20.483] [SEVERE ] player 2 placing token on slot 7
[09:31:20.483] [SEVERE ] player 2 placing token on slot 8
[09:31:20.484] [SEVERE ] setting player 2 freeze to 3900
[09:31:20.484] [SEVERE ] setting player 4 freeze to 3900
[09:31:20.496] [SEVERE ] removing player 6 token from slot 3
[09:31:20.496] [SEVERE ] player 6 placing token on slot 3
[09:31:20.497] [SEVERE ] setting player 6 freeze to 3900
[09:31:20.687] [SEVERE ] exit button pressed
[09:31:20.687] [INFO   ] thread computer-0 terminated.
[09:31:20.687] [INFO   ] thread computer-1 terminated.
[09:31:20.687] [INFO   ] thread computer-3 terminated.
[09:31:20.687] [INFO   ] thread computer-2 terminated.
[09:31:20.687] [INFO   ] thread computer-5 terminated.
[09:31:20.687] [INFO   ] thread computer-4 terminated.
[09:31:20.791] [SEVERE ] removing player 1 token from slot 0
[09:31:20.792] [SEVERE ] removing player 2 token from slot 0
[09:31:20.792] [SEVERE ] removing card from slot 0
[09:31:20.900] [SEVERE ] removing player 1 token from slot 1
[09:31:20.900] [SEVERE ] removing card from slot 1
[09:31:21.001] [SEVERE ] removing player 4 token from slot 2
[09:31:21.001] [SEVERE ] removing card from slot 2
[09:31:21.103] [SEVERE ] removing player 5 token from slot 3
[09:31:21.103] [SEVERE ] removing player 4 token from slot 3
[09:31:21.103] [SEVERE ] removing player 6 token from slot 3
[09:31:21.103] [SEVERE ] removing card from slot 3
[09:31:21.215] [SEVERE ] removing player 3 token from slot 4
[09:31:21.217] [SEVERE ] removing player 4 token from slot 4
[09:31:21.217] [SEVERE ] removing card from slot 4
[09:31:21.319] [SEVERE ] removing card from slot 5
[09:31:21.425] [SEVERE ] removing card from slot 6
[09:31:21.534] [SEVERE ] removing player 5 token from slot 7
[09:31:21.535] [SEVERE ] removing player 3 token from slot 7
[09:31:21.535] [SEVERE ] removing player 2 token from slot 7
[09:31:21.535] [SEVERE ] removing card from slot 7
[09:31:21.649] [SEVERE ] removing player 2 token from slot 8
[09:31:21.650] [SEVERE ] removing card from slot 8
[09:31:21.751] [SEVERE ] removing player 3 token from slot 9
[09:31:21.751] [SEVERE ] removing card from slot 9
[09:31:21.859] [SEVERE ] removing player 6 token from slot 10
[09:31:21.860] [SEVERE ] removing card from slot 10
[09:31:21.962] [SEVERE ] removing player 1 token from slot 11
[09:31:21.962] [SEVERE ] removing player 6 token from slot 11
[09:31:21.963] [SEVERE ] removing player 5 token from slot 11
[09:31:21.964] [SEVERE ] removing card from slot 11
[09:31:21.967] [SEVERE ] announcing winner(s): player 1, player 2, player 3, player 4, player 5, player 6
[09:31:21.969] [INFO   ] thread dealer terminated.
[09:31:21.969] [INFO   ] thread Thread-0 terminated.
[09:31:21.969] [INFO   ] thread Thread-2 terminated.
[09:31:21.969] [INFO   ] thread Thread-3 terminated.
[09:31:21.969] [INFO   ] thread Thread-4 terminated.
[09:31:21.969] [INFO   ] thread dealer terminated.
[09:31:21.969] [SEVERE ] thanks for playing... it was fun!
[09:31:21.969] [INFO   ] thread Thread-1 terminated.
[09:31:21.969] [INFO   ] thread Thread-5 terminated.
[09:31:21.969] [INFO   ] thread main terminated.
