[17:45:30.959] [INFO   ] thread main starting.
[17:45:30.964] [SEVERE ] cannot read configuration file config.properties trying from resources.
[17:45:30.964] [SEVERE ] configuration file was loaded from resources directory.
[17:45:31.329] [INFO   ] thread dealer starting.
[17:45:31.329] [INFO   ] thread dealer starting.
[17:45:31.330] [INFO   ] thread Thread-0 starting.
[17:45:31.330] [INFO   ] thread Thread-1 starting.
[17:45:31.330] [INFO   ] thread Thread-2 starting.
[17:45:31.330] [INFO   ] thread Thread-3 starting.
[17:45:31.330] [INFO   ] thread Thread-4 starting.
[17:45:31.330] [INFO   ] thread Thread-5 starting.
[17:45:31.331] [INFO   ] thread computer-1 starting.
[17:45:31.331] [INFO   ] thread computer-2 starting.
[17:45:31.332] [INFO   ] thread computer-0 starting.
[17:45:31.332] [INFO   ] thread computer-3 starting.
[17:45:31.332] [INFO   ] thread computer-4 starting.
[17:45:31.333] [INFO   ] thread computer-5 starting.
[17:45:31.447] [SEVERE ] placing card 56 in slot 0
[17:45:31.554] [SEVERE ] placing card 48 in slot 1
[17:45:31.656] [SEVERE ] placing card 7 in slot 2
[17:45:31.770] [SEVERE ] placing card 4 in slot 3
[17:45:31.872] [SEVERE ] placing card 51 in slot 4
[17:45:31.979] [SEVERE ] placing card 26 in slot 5
[17:45:32.087] [SEVERE ] placing card 14 in slot 6
[17:45:32.191] [SEVERE ] placing card 41 in slot 7
[17:45:32.304] [SEVERE ] placing card 8 in slot 8
[17:45:32.412] [SEVERE ] placing card 64 in slot 9
[17:45:32.513] [SEVERE ] placing card 74 in slot 10
[17:45:32.620] [SEVERE ] placing card 20 in slot 11
[17:45:32.620] [SEVERE ] player 4 placing token on slot 11
[17:45:32.620] [SEVERE ] player 2 placing token on slot 6
[17:45:32.620] [SEVERE ] player 5 placing token on slot 11
[17:45:32.620] [SEVERE ] player 3 placing token on slot 3
[17:45:32.620] [SEVERE ] player 1 placing token on slot 3
[17:45:32.620] [SEVERE ] player 6 placing token on slot 1
[17:45:32.620] [SEVERE ] player 5 placing token on slot 3
[17:45:32.620] [SEVERE ] player 4 placing token on slot 9
[17:45:32.620] [SEVERE ] player 2 placing token on slot 4
[17:45:32.620] [SEVERE ] player 3 placing token on slot 7
[17:45:32.620] [SEVERE ] player 1 placing token on slot 8
[17:45:32.623] [SEVERE ] player 6 placing token on slot 8
[17:45:32.623] [SEVERE ] player 5 placing token on slot 5
[17:45:32.623] [SEVERE ] removing player 4 token from slot 11
[17:45:32.623] [SEVERE ] player 2 placing token on slot 8
[17:45:32.624] [SEVERE ] player 3 placing token on slot 9
[17:45:32.624] [SEVERE ] player 1 placing token on slot 7
[17:45:32.624] [SEVERE ] player 6 placing token on slot 4
[17:45:32.624] [SEVERE ] player 4 placing token on slot 3
[17:45:32.625] [SEVERE ] player 4 placing token on slot 1
[17:45:32.629] [SEVERE ] updating countdown to 60000
[17:45:32.631] [SEVERE ] setting player 2 freeze to 3900
[17:45:32.634] [SEVERE ] setting player 5 freeze to 3900
[17:45:32.635] [SEVERE ] setting player 1 freeze to 3900
[17:45:32.637] [SEVERE ] setting player 3 freeze to 3900
[17:45:32.638] [SEVERE ] setting player 4 freeze to 3900
[17:45:32.640] [SEVERE ] setting player 6 freeze to 3900
[17:45:33.642] [SEVERE ] updating countdown to 58987
[17:45:33.642] [SEVERE ] setting player 1 freeze to 2893
[17:45:33.643] [SEVERE ] setting player 2 freeze to 2888
[17:45:33.643] [SEVERE ] setting player 3 freeze to 2894
[17:45:33.643] [SEVERE ] setting player 4 freeze to 2895
[17:45:33.643] [SEVERE ] setting player 5 freeze to 2891
[17:45:33.643] [SEVERE ] setting player 6 freeze to 2897
[17:45:34.642] [SEVERE ] updating countdown to 57987
[17:45:34.643] [SEVERE ] setting player 1 freeze to 1893
[17:45:34.643] [SEVERE ] setting player 2 freeze to 1888
[17:45:34.643] [SEVERE ] setting player 3 freeze to 1894
[17:45:34.643] [SEVERE ] setting player 4 freeze to 1895
[17:45:34.643] [SEVERE ] setting player 5 freeze to 1891
[17:45:34.643] [SEVERE ] setting player 6 freeze to 1897
[17:45:35.636] [SEVERE ] removing player 2 token from slot 8
[17:45:35.636] [SEVERE ] removing player 5 token from slot 3
[17:45:35.636] [SEVERE ] player 2 placing token on slot 9
[17:45:35.636] [SEVERE ] removing player 1 token from slot 8
[17:45:35.636] [SEVERE ] player 5 placing token on slot 9
[17:45:35.637] [SEVERE ] player 1 placing token on slot 0
[17:45:35.638] [SEVERE ] removing player 3 token from slot 9
[17:45:35.638] [SEVERE ] updating countdown to 56991
[17:45:35.638] [SEVERE ] player 3 placing token on slot 0
[17:45:35.638] [SEVERE ] setting player 1 freeze to 0
[17:45:35.638] [SEVERE ] setting player 2 freeze to 0
[17:45:35.638] [SEVERE ] setting player 3 freeze to 0
[17:45:35.638] [SEVERE ] setting player 4 freeze to 0
[17:45:35.638] [SEVERE ] setting player 5 freeze to 0
[17:45:35.638] [SEVERE ] setting player 6 freeze to 902
[17:45:35.638] [SEVERE ] setting player 2 freeze to 3900
[17:45:35.638] [SEVERE ] setting player 5 freeze to 3900
[17:45:35.638] [SEVERE ] setting player 1 freeze to 3900
[17:45:35.638] [SEVERE ] setting player 3 freeze to 3900
[17:45:35.654] [SEVERE ] removing player 4 token from slot 1
[17:45:35.654] [SEVERE ] removing player 6 token from slot 8
[17:45:35.654] [SEVERE ] player 4 placing token on slot 6
[17:45:35.654] [SEVERE ] player 6 placing token on slot 0
[17:45:35.655] [SEVERE ] setting player 4 freeze to 3900
[17:45:35.655] [SEVERE ] setting player 6 freeze to 3900
[17:45:35.916] [SEVERE ] exit button pressed
[17:45:35.916] [INFO   ] thread computer-0 terminated.
[17:45:35.916] [INFO   ] thread computer-2 terminated.
[17:45:35.916] [INFO   ] thread computer-1 terminated.
[17:45:35.916] [INFO   ] thread computer-3 terminated.
[17:45:35.916] [INFO   ] thread computer-4 terminated.
[17:45:35.916] [INFO   ] thread computer-5 terminated.
[17:45:36.031] [SEVERE ] removing player 1 token from slot 0
[17:45:36.032] [SEVERE ] removing player 3 token from slot 0
[17:45:36.032] [SEVERE ] removing player 6 token from slot 0
[17:45:36.032] [SEVERE ] removing card from slot 0
[17:45:36.138] [SEVERE ] removing player 6 token from slot 1
[17:45:36.138] [SEVERE ] removing card from slot 1
[17:45:36.249] [SEVERE ] removing card from slot 2
[17:45:36.356] [SEVERE ] removing player 3 token from slot 3
[17:45:36.356] [SEVERE ] removing player 1 token from slot 3
[17:45:36.356] [SEVERE ] removing player 4 token from slot 3
[17:45:36.356] [SEVERE ] removing card from slot 3
[17:45:36.459] [SEVERE ] removing player 2 token from slot 4
[17:45:36.459] [SEVERE ] removing player 6 token from slot 4
[17:45:36.459] [SEVERE ] removing card from slot 4
[17:45:36.570] [SEVERE ] removing player 5 token from slot 5
[17:45:36.570] [SEVERE ] removing card from slot 5
[17:45:36.680] [SEVERE ] removing player 2 token from slot 6
[17:45:36.680] [SEVERE ] removing player 4 token from slot 6
[17:45:36.680] [SEVERE ] removing card from slot 6
[17:45:36.780] [SEVERE ] removing player 3 token from slot 7
[17:45:36.780] [SEVERE ] removing player 1 token from slot 7
[17:45:36.780] [SEVERE ] removing card from slot 7
[17:45:36.888] [SEVERE ] removing card from slot 8
[17:45:36.990] [SEVERE ] removing player 4 token from slot 9
[17:45:36.990] [SEVERE ] removing player 2 token from slot 9
[17:45:36.990] [SEVERE ] removing player 5 token from slot 9
[17:45:36.990] [SEVERE ] removing card from slot 9
[17:45:37.094] [SEVERE ] removing card from slot 10
[17:45:37.198] [SEVERE ] removing player 5 token from slot 11
[17:45:37.198] [SEVERE ] removing card from slot 11
[17:45:37.198] [SEVERE ] announcing winner(s): player 1, player 2, player 3, player 4, player 5, player 6
[17:45:37.206] [INFO   ] thread dealer terminated.
[17:45:37.206] [INFO   ] thread Thread-1 terminated.
[17:45:37.206] [INFO   ] thread dealer terminated.
[17:45:37.206] [INFO   ] thread Thread-5 terminated.
[17:45:37.206] [INFO   ] thread Thread-0 terminated.
[17:45:37.206] [INFO   ] thread Thread-3 terminated.
[17:45:37.206] [INFO   ] thread Thread-2 terminated.
[17:45:37.206] [INFO   ] thread Thread-4 terminated.
[17:45:37.206] [SEVERE ] thanks for playing... it was fun!
[17:45:37.206] [INFO   ] thread main terminated.
