[00:03:30.859] [INFO   ] thread main starting.
[00:03:30.866] [SEVERE ] cannot read configuration file config.properties trying from resources.
[00:03:30.868] [SEVERE ] configuration file was loaded from resources directory.
[00:03:31.242] [INFO   ] thread dealer starting.
[00:03:31.242] [INFO   ] thread dealer starting.
[00:03:31.243] [INFO   ] thread Thread-0 starting.
[00:03:31.243] [INFO   ] thread Thread-1 starting.
[00:03:31.244] [INFO   ] thread computer-1 starting.
[00:03:31.348] [SEVERE ] placing card 57 in slot 0
[00:03:31.452] [SEVERE ] placing card 53 in slot 1
[00:03:31.560] [SEVERE ] placing card 60 in slot 2
[00:03:31.668] [SEVERE ] placing card 17 in slot 3
[00:03:31.769] [SEVERE ] placing card 2 in slot 4
[00:03:31.871] [SEVERE ] placing card 21 in slot 5
[00:03:31.973] [SEVERE ] placing card 11 in slot 6
[00:03:32.085] [SEVERE ] placing card 40 in slot 7
[00:03:32.193] [SEVERE ] placing card 30 in slot 8
[00:03:32.298] [SEVERE ] placing card 39 in slot 9
[00:03:32.408] [SEVERE ] placing card 31 in slot 10
[00:03:32.515] [SEVERE ] placing card 9 in slot 11
[00:03:32.515] [SEVERE ] player 2 placing token on slot 5
[00:03:32.515] [SEVERE ] player 2 placing token on slot 7
[00:03:32.515] [SEVERE ] player 2 placing token on slot 10
[00:03:32.521] [SEVERE ] updating countdown to 60000
[00:03:32.521] [SEVERE ] setting player 2 freeze to 3900
[00:03:33.472] [SEVERE ] updating countdown to 59049
[00:03:33.472] [SEVERE ] setting player 2 freeze to 2949
[00:03:34.422] [SEVERE ] updating countdown to 58099
[00:03:34.422] [SEVERE ] setting player 2 freeze to 1999
[00:03:35.373] [SEVERE ] updating countdown to 57148
[00:03:35.373] [SEVERE ] setting player 2 freeze to 1048
[00:03:35.536] [SEVERE ] removing player 2 token from slot 5
[00:03:35.536] [SEVERE ] player 2 placing token on slot 5
[00:03:35.537] [SEVERE ] setting player 2 freeze to 3900
[00:03:36.324] [SEVERE ] updating countdown to 56197
[00:03:36.324] [SEVERE ] setting player 2 freeze to 3113
[00:03:37.274] [SEVERE ] updating countdown to 55247
[00:03:37.274] [SEVERE ] setting player 2 freeze to 2163
[00:03:38.225] [SEVERE ] updating countdown to 54296
[00:03:38.225] [SEVERE ] setting player 2 freeze to 1212
[00:03:38.545] [SEVERE ] removing player 2 token from slot 5
[00:03:38.545] [SEVERE ] removing player 2 token from slot 10
[00:03:38.545] [SEVERE ] player 2 placing token on slot 4
[00:03:38.545] [SEVERE ] player 2 placing token on slot 11
[00:03:38.546] [SEVERE ] setting player 2 freeze to 3900
[00:03:39.175] [SEVERE ] updating countdown to 53346
[00:03:39.175] [SEVERE ] setting player 2 freeze to 3271
[00:03:40.126] [SEVERE ] updating countdown to 52395
[00:03:40.126] [SEVERE ] setting player 2 freeze to 2320
[00:03:41.080] [SEVERE ] updating countdown to 51441
[00:03:41.080] [SEVERE ] setting player 2 freeze to 1366
[00:03:41.548] [SEVERE ] removing player 2 token from slot 4
[00:03:41.548] [SEVERE ] player 2 placing token on slot 1
[00:03:41.551] [SEVERE ] setting player 2 freeze to 3900
[00:03:42.032] [SEVERE ] updating countdown to 50489
[00:03:42.032] [SEVERE ] setting player 2 freeze to 3419
[00:03:42.985] [SEVERE ] updating countdown to 49536
[00:03:42.985] [SEVERE ] setting player 2 freeze to 2466
[00:03:43.943] [SEVERE ] updating countdown to 48578
[00:03:43.943] [SEVERE ] setting player 2 freeze to 1508
[00:03:44.552] [SEVERE ] removing player 2 token from slot 7
[00:03:44.554] [SEVERE ] player 2 placing token on slot 4
[00:03:44.556] [SEVERE ] setting player 2 freeze to 3900
[00:03:44.893] [SEVERE ] updating countdown to 47628
[00:03:44.893] [SEVERE ] setting player 2 freeze to 3563
[00:03:45.852] [SEVERE ] updating countdown to 46669
[00:03:45.852] [SEVERE ] setting player 2 freeze to 2604
[00:03:46.818] [SEVERE ] updating countdown to 45703
[00:03:46.818] [SEVERE ] setting player 2 freeze to 1638
[00:03:47.565] [SEVERE ] removing player 2 token from slot 1
[00:03:47.565] [SEVERE ] player 2 placing token on slot 1
[00:03:47.565] [SEVERE ] setting player 2 freeze to 3900
[00:03:47.770] [SEVERE ] updating countdown to 44751
[00:03:47.770] [SEVERE ] setting player 2 freeze to 3695
[00:03:48.732] [SEVERE ] updating countdown to 43789
[00:03:48.732] [SEVERE ] setting player 2 freeze to 2733
[00:03:49.689] [SEVERE ] updating countdown to 42832
[00:03:49.689] [SEVERE ] setting player 2 freeze to 1776
[00:03:50.576] [SEVERE ] removing player 2 token from slot 1
[00:03:50.576] [SEVERE ] player 2 placing token on slot 1
[00:03:50.577] [SEVERE ] setting player 2 freeze to 3900
[00:03:51.599] [SEVERE ] updating countdown to 40922
[00:03:51.599] [SEVERE ] setting player 2 freeze to 2878
[00:03:52.286] [SEVERE ] exit button pressed
[00:03:52.287] [INFO   ] thread Thread-0 terminated.
[00:03:52.287] [INFO   ] thread computer-1 terminated.
[00:03:52.551] [SEVERE ] updating countdown to 39970
[00:03:52.552] [SEVERE ] setting player 2 freeze to 1925
[00:03:52.658] [SEVERE ] removing card from slot 0
[00:03:52.769] [SEVERE ] removing player 2 token from slot 1
[00:03:52.769] [SEVERE ] removing card from slot 1
[00:03:52.872] [SEVERE ] removing card from slot 2
[00:03:52.975] [SEVERE ] removing card from slot 3
[00:03:53.086] [SEVERE ] removing player 2 token from slot 4
[00:03:53.086] [SEVERE ] removing card from slot 4
[00:03:53.201] [SEVERE ] removing card from slot 5
[00:03:53.306] [SEVERE ] removing card from slot 6
[00:03:53.420] [SEVERE ] removing card from slot 7
[00:03:53.525] [SEVERE ] removing card from slot 8
[00:03:53.637] [SEVERE ] removing card from slot 9
[00:03:53.752] [SEVERE ] removing card from slot 10
[00:03:53.858] [SEVERE ] removing player 2 token from slot 11
[00:03:53.859] [SEVERE ] removing card from slot 11
[00:03:53.860] [SEVERE ] announcing winner(s): player 1, player 2
[00:03:53.860] [INFO   ] thread dealer terminated.
[00:03:53.860] [INFO   ] thread Thread-1 terminated.
[00:03:53.860] [INFO   ] thread dealer terminated.
[00:03:53.860] [SEVERE ] thanks for playing... it was fun!
[00:03:53.860] [INFO   ] thread main terminated.
