[19:08:13.613] [INFO   ] thread main starting.
[19:08:13.627] [SEVERE ] cannot read configuration file config.properties trying from resources.
[19:08:13.630] [SEVERE ] configuration file was loaded from resources directory.
[19:08:14.187] [INFO   ] thread dealer starting.
[19:08:14.187] [INFO   ] thread dealer starting.
[19:08:14.189] [INFO   ] thread Thread-0 starting.
[19:08:14.189] [INFO   ] thread Thread-1 starting.
[19:08:14.190] [INFO   ] thread Thread-2 starting.
[19:08:14.190] [INFO   ] thread Thread-3 starting.
[19:08:14.191] [INFO   ] thread Thread-5 starting.
[19:08:14.191] [INFO   ] thread computer-1 starting.
[19:08:14.191] [INFO   ] thread Thread-4 starting.
[19:08:14.191] [INFO   ] thread computer-2 starting.
[19:08:14.191] [INFO   ] thread computer-0 starting.
[19:08:14.191] [INFO   ] thread computer-3 starting.
[19:08:14.192] [INFO   ] thread computer-5 starting.
[19:08:14.196] [INFO   ] thread computer-4 starting.
[19:08:14.307] [SEVERE ] placing card 65 in slot 0
[19:08:14.417] [SEVERE ] placing card 2 in slot 1
[19:08:14.526] [SEVERE ] placing card 32 in slot 2
[19:08:14.633] [SEVERE ] placing card 14 in slot 3
[19:08:14.741] [SEVERE ] placing card 77 in slot 4
[19:08:14.850] [SEVERE ] placing card 19 in slot 5
[19:08:14.961] [SEVERE ] placing card 20 in slot 6
[19:08:15.070] [SEVERE ] placing card 17 in slot 7
[19:08:15.179] [SEVERE ] placing card 54 in slot 8
[19:08:15.287] [SEVERE ] placing card 5 in slot 9
[19:08:15.396] [SEVERE ] placing card 60 in slot 10
[19:08:15.505] [SEVERE ] placing card 55 in slot 11
[19:08:15.505] [SEVERE ] player 1 placing token on slot 5
[19:08:15.505] [SEVERE ] player 6 placing token on slot 7
[19:08:15.506] [SEVERE ] player 5 placing token on slot 3
[19:08:15.506] [SEVERE ] player 4 placing token on slot 11
[19:08:15.508] [SEVERE ] player 6 placing token on slot 0
[19:08:15.508] [SEVERE ] player 6 placing token on slot 5
[19:08:15.506] [SEVERE ] player 3 placing token on slot 5
[19:08:15.509] [SEVERE ] player 3 placing token on slot 7
[19:08:15.506] [SEVERE ] player 2 placing token on slot 3
[19:08:15.508] [SEVERE ] player 1 placing token on slot 10
[19:08:15.508] [SEVERE ] player 5 placing token on slot 4
[19:08:15.510] [SEVERE ] player 1 placing token on slot 9
[19:08:15.508] [SEVERE ] player 4 placing token on slot 8
[19:08:15.509] [SEVERE ] player 3 placing token on slot 8
[19:08:15.510] [SEVERE ] player 2 placing token on slot 1
[19:08:15.510] [SEVERE ] player 5 placing token on slot 2
[19:08:15.510] [SEVERE ] player 4 placing token on slot 2
[19:08:15.511] [SEVERE ] player 2 placing token on slot 0
[19:08:15.522] [SEVERE ] updating countdown to 60000
[19:08:15.523] [SEVERE ] updating countdown to 60000
[19:08:15.523] [SEVERE ] setting player 6 freeze to 900
[19:08:15.524] [SEVERE ] removing player 6 token from slot 7
[19:08:15.525] [SEVERE ] player 6 placing token on slot 8
[19:08:15.530] [SEVERE ] updating countdown to 60000
[19:08:15.530] [SEVERE ] setting player 6 freeze to 0
[19:08:15.531] [SEVERE ] setting player 1 freeze to 900
[19:08:15.531] [SEVERE ] removing player 1 token from slot 9
[19:08:15.532] [SEVERE ] removing player 1 token from slot 5
[19:08:15.533] [SEVERE ] player 1 placing token on slot 3
[19:08:15.533] [SEVERE ] removing player 1 token from slot 10
[19:08:15.533] [SEVERE ] player 1 placing token on slot 8
[19:08:15.533] [SEVERE ] player 1 placing token on slot 2
[19:08:15.535] [SEVERE ] updating countdown to 60000
[19:08:15.535] [SEVERE ] setting player 1 freeze to 0
[19:08:15.536] [SEVERE ] setting player 3 freeze to 900
[19:08:15.537] [SEVERE ] removing player 3 token from slot 8
[19:08:15.537] [SEVERE ] player 3 placing token on slot 1
[19:08:15.538] [SEVERE ] updating countdown to 60000
[19:08:15.539] [SEVERE ] setting player 3 freeze to 0
[19:08:15.643] [SEVERE ] removing player 5 token from slot 3
[19:08:15.647] [INFO   ] thread dealer terminated.
[19:08:18.156] [SEVERE ] exit button pressed
[19:08:18.156] [INFO   ] thread computer-0 terminated.
[19:08:18.156] [INFO   ] thread computer-2 terminated.
[19:08:18.156] [INFO   ] thread computer-5 terminated.
[19:08:18.156] [INFO   ] thread computer-1 terminated.
[19:08:18.156] [INFO   ] thread computer-3 terminated.
[19:08:18.156] [INFO   ] thread computer-4 terminated.
[19:08:18.156] [INFO   ] thread Thread-0 terminated.
[19:08:18.156] [INFO   ] thread Thread-2 terminated.
[19:08:18.158] [INFO   ] thread Thread-5 terminated.
[19:08:18.158] [INFO   ] thread Thread-1 terminated.
[19:08:18.158] [INFO   ] thread Thread-3 terminated.
[19:08:18.158] [INFO   ] thread Thread-4 terminated.
[19:08:20.649] [SEVERE ] thanks for playing... it was fun!
[19:08:20.650] [INFO   ] thread main terminated.
