[00:49:29.068] [INFO   ] thread main starting.
[00:49:29.074] [SEVERE ] cannot read configuration file config.properties trying from resources.
[00:49:29.075] [SEVERE ] configuration file was loaded from resources directory.
[00:49:29.425] [INFO   ] thread dealer starting.
[00:49:29.425] [INFO   ] thread dealer starting.
[00:49:29.426] [INFO   ] thread Thread-0 starting.
[00:49:29.426] [INFO   ] thread Thread-2 starting.
[00:49:29.426] [INFO   ] thread Thread-1 starting.
[00:49:29.427] [INFO   ] thread computer-0 starting.
[00:49:29.426] [INFO   ] thread Thread-3 starting.
[00:49:29.426] [INFO   ] thread Thread-4 starting.
[00:49:29.426] [INFO   ] thread Thread-5 starting.
[00:49:29.427] [INFO   ] thread computer-2 starting.
[00:49:29.427] [INFO   ] thread computer-1 starting.
[00:49:29.427] [INFO   ] thread computer-3 starting.
[00:49:29.430] [INFO   ] thread computer-4 starting.
[00:49:29.430] [INFO   ] thread computer-5 starting.
[00:49:29.533] [SEVERE ] placing card 27 in slot 0
[00:49:29.645] [SEVERE ] placing card 7 in slot 1
[00:49:29.756] [SEVERE ] placing card 71 in slot 2
[00:49:29.870] [SEVERE ] placing card 43 in slot 3
[00:49:29.980] [SEVERE ] placing card 77 in slot 4
[00:49:30.085] [SEVERE ] placing card 60 in slot 5
[00:49:30.189] [SEVERE ] placing card 50 in slot 6
[00:49:30.293] [SEVERE ] placing card 33 in slot 7
[00:49:30.394] [SEVERE ] placing card 54 in slot 8
[00:49:30.509] [SEVERE ] placing card 49 in slot 9
[00:49:30.610] [SEVERE ] placing card 72 in slot 10
[00:49:30.726] [SEVERE ] placing card 3 in slot 11
[00:49:30.726] [SEVERE ] player 4 placing token on slot 6
[00:49:30.726] [SEVERE ] player 2 placing token on slot 1
[00:49:30.726] [SEVERE ] player 6 placing token on slot 0
[00:49:30.726] [SEVERE ] player 1 placing token on slot 8
[00:49:30.726] [SEVERE ] player 5 placing token on slot 6
[00:49:30.726] [SEVERE ] player 3 placing token on slot 2
[00:49:30.727] [SEVERE ] player 2 placing token on slot 6
[00:49:30.727] [SEVERE ] player 4 placing token on slot 3
[00:49:30.727] [SEVERE ] player 1 placing token on slot 9
[00:49:30.727] [SEVERE ] player 6 placing token on slot 4
[00:49:30.727] [SEVERE ] player 5 placing token on slot 8
[00:49:30.728] [SEVERE ] player 3 placing token on slot 8
[00:49:30.728] [SEVERE ] player 2 placing token on slot 3
[00:49:30.728] [SEVERE ] player 4 placing token on slot 11
[00:49:30.729] [SEVERE ] player 1 placing token on slot 11
[00:49:30.729] [SEVERE ] player 6 placing token on slot 5
[00:49:30.729] [SEVERE ] removing player 5 token from slot 8
[00:49:30.729] [SEVERE ] player 3 placing token on slot 1
[00:49:30.730] [SEVERE ] player 5 placing token on slot 0
[00:49:30.731] [SEVERE ] player 5 placing token on slot 9
[00:49:30.733] [SEVERE ] updating countdown to 60000
[00:49:30.733] [SEVERE ] setting player 2 freeze to 3900
[00:49:30.734] [SEVERE ] setting player 1 freeze to 3900
[00:49:30.737] [SEVERE ] setting player 3 freeze to 3900
[00:49:30.739] [SEVERE ] setting player 4 freeze to 3900
[00:49:30.740] [SEVERE ] setting player 6 freeze to 3900
[00:49:30.741] [SEVERE ] setting player 5 freeze to 3900
[00:49:31.742] [SEVERE ] updating countdown to 58991
[00:49:31.742] [SEVERE ] setting player 1 freeze to 2892
[00:49:31.742] [SEVERE ] setting player 2 freeze to 2891
[00:49:31.742] [SEVERE ] setting player 3 freeze to 2895
[00:49:31.742] [SEVERE ] setting player 4 freeze to 2897
[00:49:31.742] [SEVERE ] setting player 5 freeze to 2899
[00:49:31.742] [SEVERE ] setting player 6 freeze to 2898
[00:49:32.745] [SEVERE ] updating countdown to 57988
[00:49:32.745] [SEVERE ] setting player 1 freeze to 1889
[00:49:32.745] [SEVERE ] setting player 2 freeze to 1888
[00:49:32.745] [SEVERE ] setting player 3 freeze to 1892
[00:49:32.745] [SEVERE ] setting player 4 freeze to 1894
[00:49:32.745] [SEVERE ] setting player 5 freeze to 1896
[00:49:32.745] [SEVERE ] setting player 6 freeze to 1895
[00:49:33.740] [SEVERE ] removing player 3 token from slot 8
[00:49:33.740] [SEVERE ] removing player 4 token from slot 6
[00:49:33.740] [SEVERE ] removing player 2 token from slot 1
[00:49:33.740] [SEVERE ] removing player 1 token from slot 8
[00:49:33.741] [SEVERE ] removing player 6 token from slot 0
[00:49:33.741] [SEVERE ] player 3 placing token on slot 11
[00:49:33.742] [SEVERE ] player 4 placing token on slot 8
[00:49:33.742] [SEVERE ] player 2 placing token on slot 11
[00:49:33.742] [SEVERE ] player 1 placing token on slot 10
[00:49:33.742] [SEVERE ] player 6 placing token on slot 10
[00:49:33.743] [SEVERE ] updating countdown to 56990
[00:49:33.743] [SEVERE ] setting player 1 freeze to 0
[00:49:33.744] [SEVERE ] setting player 2 freeze to 0
[00:49:33.744] [SEVERE ] setting player 3 freeze to 0
[00:49:33.744] [SEVERE ] setting player 4 freeze to 0
[00:49:33.744] [SEVERE ] setting player 5 freeze to 0
[00:49:33.744] [SEVERE ] setting player 6 freeze to 0
[00:49:33.744] [SEVERE ] setting player 3 freeze to 3900
[00:49:33.744] [SEVERE ] setting player 4 freeze to 3900
[00:49:33.744] [SEVERE ] setting player 1 freeze to 3900
[00:49:33.744] [SEVERE ] setting player 2 freeze to 3900
[00:49:33.744] [SEVERE ] setting player 6 freeze to 3900
[00:49:33.756] [SEVERE ] removing player 5 token from slot 0
[00:49:33.756] [SEVERE ] player 5 placing token on slot 4
[00:49:33.757] [SEVERE ] setting player 5 freeze to 3900
[00:49:34.743] [SEVERE ] updating countdown to 55990
[00:49:34.743] [SEVERE ] setting player 1 freeze to 2901
[00:49:34.743] [SEVERE ] setting player 2 freeze to 2901
[00:49:34.743] [SEVERE ] setting player 3 freeze to 2901
[00:49:34.743] [SEVERE ] setting player 4 freeze to 2901
[00:49:34.743] [SEVERE ] setting player 5 freeze to 2914
[00:49:34.743] [SEVERE ] setting player 6 freeze to 2901
[00:49:35.745] [SEVERE ] updating countdown to 54988
[00:49:35.745] [SEVERE ] setting player 1 freeze to 1899
[00:49:35.745] [SEVERE ] setting player 2 freeze to 1899
[00:49:35.745] [SEVERE ] setting player 3 freeze to 1899
[00:49:35.745] [SEVERE ] setting player 4 freeze to 1899
[00:49:35.745] [SEVERE ] setting player 5 freeze to 1912
[00:49:35.745] [SEVERE ] setting player 6 freeze to 1899
[00:49:36.400] [SEVERE ] exit button pressed
[00:49:36.400] [INFO   ] thread computer-2 terminated.
[00:49:36.400] [INFO   ] thread computer-3 terminated.
[00:49:36.400] [INFO   ] thread computer-4 terminated.
[00:49:36.400] [INFO   ] thread computer-5 terminated.
[00:49:36.400] [INFO   ] thread computer-0 terminated.
[00:49:36.400] [INFO   ] thread computer-1 terminated.
[00:49:36.748] [SEVERE ] updating countdown to 53985
[00:49:36.748] [SEVERE ] setting player 1 freeze to 0
[00:49:36.749] [SEVERE ] setting player 2 freeze to 0
[00:49:36.749] [SEVERE ] setting player 3 freeze to 0
[00:49:36.751] [SEVERE ] setting player 4 freeze to 0
[00:49:36.752] [SEVERE ] setting player 5 freeze to 905
[00:49:36.752] [SEVERE ] setting player 6 freeze to 0
[00:49:36.857] [SEVERE ] removing card from slot 0
[00:49:36.959] [SEVERE ] removing player 3 token from slot 1
[00:49:36.959] [SEVERE ] removing card from slot 1
[00:49:37.069] [SEVERE ] removing player 3 token from slot 2
[00:49:37.069] [SEVERE ] removing card from slot 2
[00:49:37.175] [SEVERE ] removing player 4 token from slot 3
[00:49:37.176] [SEVERE ] removing player 2 token from slot 3
[00:49:37.176] [SEVERE ] removing card from slot 3
[00:49:37.280] [SEVERE ] removing player 6 token from slot 4
[00:49:37.280] [SEVERE ] removing player 5 token from slot 4
[00:49:37.280] [SEVERE ] removing card from slot 4
[00:49:37.383] [SEVERE ] removing player 6 token from slot 5
[00:49:37.383] [SEVERE ] removing card from slot 5
[00:49:37.498] [SEVERE ] removing player 5 token from slot 6
[00:49:37.498] [SEVERE ] removing player 2 token from slot 6
[00:49:37.499] [SEVERE ] removing card from slot 6
[00:49:37.607] [SEVERE ] removing card from slot 7
[00:49:37.711] [SEVERE ] removing player 4 token from slot 8
[00:49:37.711] [SEVERE ] removing card from slot 8
[00:49:37.816] [SEVERE ] removing player 1 token from slot 9
[00:49:37.816] [SEVERE ] removing player 5 token from slot 9
[00:49:37.817] [SEVERE ] removing card from slot 9
[00:49:37.923] [SEVERE ] removing player 1 token from slot 10
[00:49:37.923] [SEVERE ] removing player 6 token from slot 10
[00:49:37.923] [SEVERE ] removing card from slot 10
[00:49:38.024] [SEVERE ] removing player 4 token from slot 11
[00:49:38.025] [SEVERE ] removing player 1 token from slot 11
[00:49:38.026] [SEVERE ] removing player 3 token from slot 11
[00:49:38.026] [SEVERE ] removing player 2 token from slot 11
[00:49:38.026] [SEVERE ] removing card from slot 11
[00:49:38.029] [SEVERE ] announcing winner(s): player 1, player 2, player 3, player 4, player 5, player 6
[00:49:38.031] [INFO   ] thread dealer terminated.
[00:49:38.031] [INFO   ] thread Thread-0 terminated.
[00:49:38.031] [INFO   ] thread Thread-2 terminated.
[00:49:38.031] [INFO   ] thread Thread-3 terminated.
[00:49:38.031] [INFO   ] thread Thread-1 terminated.
[00:49:38.031] [INFO   ] thread Thread-4 terminated.
[00:49:38.031] [INFO   ] thread Thread-5 terminated.
[00:49:38.031] [INFO   ] thread dealer terminated.
[00:49:38.034] [SEVERE ] thanks for playing... it was fun!
[00:49:38.034] [INFO   ] thread main terminated.
