[08:55:44.371] [INFO   ] thread main starting.
[08:55:44.379] [SEVERE ] cannot read configuration file config.properties trying from resources.
[08:55:44.381] [SEVERE ] configuration file was loaded from resources directory.
[08:55:44.767] [INFO   ] thread dealer starting.
[08:55:44.768] [INFO   ] thread dealer starting.
[08:55:44.768] [INFO   ] thread Thread-0 starting.
[08:55:44.769] [INFO   ] thread Thread-1 starting.
[08:55:44.769] [INFO   ] thread Thread-2 starting.
[08:55:44.769] [INFO   ] thread Thread-3 starting.
[08:55:44.769] [INFO   ] thread Thread-5 starting.
[08:55:44.769] [INFO   ] thread Thread-4 starting.
[08:55:44.770] [INFO   ] thread computer-0 starting.
[08:55:44.772] [INFO   ] thread computer-4 starting.
[08:55:44.770] [INFO   ] thread computer-1 starting.
[08:55:44.770] [INFO   ] thread computer-5 starting.
[08:55:44.770] [INFO   ] thread computer-2 starting.
[08:55:44.770] [INFO   ] thread computer-3 starting.
[08:55:44.875] [SEVERE ] placing card 15 in slot 0
[08:55:44.983] [SEVERE ] placing card 75 in slot 1
[08:55:45.094] [SEVERE ] placing card 8 in slot 2
[08:55:45.211] [SEVERE ] placing card 52 in slot 3
[08:55:45.318] [SEVERE ] placing card 46 in slot 4
[08:55:45.424] [SEVERE ] placing card 63 in slot 5
[08:55:45.528] [SEVERE ] placing card 30 in slot 6
[08:55:45.635] [SEVERE ] placing card 9 in slot 7
[08:55:45.741] [SEVERE ] placing card 40 in slot 8
[08:55:45.844] [SEVERE ] placing card 53 in slot 9
[08:55:45.953] [SEVERE ] placing card 12 in slot 10
[08:55:46.057] [SEVERE ] placing card 78 in slot 11
[08:55:46.057] [SEVERE ] player 1 placing token on slot 4
[08:55:46.057] [SEVERE ] player 3 placing token on slot 5
[08:55:46.057] [SEVERE ] player 6 placing token on slot 11
[08:55:46.057] [SEVERE ] player 5 placing token on slot 2
[08:55:46.057] [SEVERE ] player 4 placing token on slot 0
[08:55:46.057] [SEVERE ] player 2 placing token on slot 0
[08:55:46.057] [SEVERE ] player 1 placing token on slot 10
[08:55:46.057] [SEVERE ] player 6 placing token on slot 0
[08:55:46.057] [SEVERE ] player 3 placing token on slot 1
[08:55:46.057] [SEVERE ] player 5 placing token on slot 0
[08:55:46.057] [SEVERE ] player 4 placing token on slot 4
[08:55:46.057] [SEVERE ] player 2 placing token on slot 1
[08:55:46.057] [SEVERE ] removing player 1 token from slot 4
[08:55:46.057] [SEVERE ] player 6 placing token on slot 7
[08:55:46.057] [SEVERE ] player 3 placing token on slot 8
[08:55:46.057] [SEVERE ] player 5 placing token on slot 9
[08:55:46.057] [SEVERE ] player 4 placing token on slot 6
[08:55:46.057] [SEVERE ] player 2 placing token on slot 9
[08:55:46.057] [SEVERE ] player 1 placing token on slot 8
[08:55:46.062] [SEVERE ] player 1 placing token on slot 0
[08:55:46.065] [SEVERE ] updating countdown to 60000
[08:55:46.065] [SEVERE ] setting player 2 freeze to 3900
[08:55:46.067] [SEVERE ] setting player 3 freeze to 3900
[08:55:46.069] [SEVERE ] setting player 4 freeze to 3900
[08:55:46.070] [SEVERE ] setting player 5 freeze to 3900
[08:55:46.071] [SEVERE ] setting player 6 freeze to 3900
[08:55:46.072] [SEVERE ] setting player 1 freeze to 3900
[08:55:47.065] [SEVERE ] updating countdown to 59000
[08:55:47.065] [SEVERE ] setting player 1 freeze to 2907
[08:55:47.066] [SEVERE ] setting player 2 freeze to 2899
[08:55:47.066] [SEVERE ] setting player 3 freeze to 2901
[08:55:47.066] [SEVERE ] setting player 4 freeze to 2903
[08:55:47.066] [SEVERE ] setting player 5 freeze to 2904
[08:55:47.066] [SEVERE ] setting player 6 freeze to 2905
[08:55:48.064] [SEVERE ] updating countdown to 58001
[08:55:48.064] [SEVERE ] setting player 1 freeze to 1908
[08:55:48.064] [SEVERE ] setting player 2 freeze to 1901
[08:55:48.064] [SEVERE ] setting player 3 freeze to 1903
[08:55:48.065] [SEVERE ] setting player 4 freeze to 1904
[08:55:48.065] [SEVERE ] setting player 5 freeze to 1905
[08:55:48.065] [SEVERE ] setting player 6 freeze to 1906
[08:55:49.063] [SEVERE ] updating countdown to 57002
[08:55:49.064] [SEVERE ] setting player 1 freeze to 908
[08:55:49.065] [SEVERE ] setting player 2 freeze to 0
[08:55:49.065] [SEVERE ] setting player 3 freeze to 902
[08:55:49.065] [SEVERE ] setting player 4 freeze to 904
[08:55:49.066] [SEVERE ] setting player 5 freeze to 904
[08:55:49.066] [SEVERE ] setting player 6 freeze to 905
[08:55:49.077] [SEVERE ] removing player 4 token from slot 0
[08:55:49.077] [SEVERE ] removing player 3 token from slot 8
[08:55:49.077] [SEVERE ] removing player 5 token from slot 9
[08:55:49.077] [SEVERE ] removing player 1 token from slot 10
[08:55:49.077] [SEVERE ] removing player 2 token from slot 0
[08:55:49.077] [SEVERE ] removing player 6 token from slot 0
[08:55:49.077] [SEVERE ] player 4 placing token on slot 5
[08:55:49.077] [SEVERE ] player 3 placing token on slot 3
[08:55:49.077] [SEVERE ] player 5 placing token on slot 10
[08:55:49.078] [SEVERE ] removing player 1 token from slot 0
[08:55:49.078] [SEVERE ] player 2 placing token on slot 4
[08:55:49.078] [SEVERE ] player 6 placing token on slot 9
[08:55:49.078] [SEVERE ] player 1 placing token on slot 2
[08:55:49.078] [SEVERE ] updating countdown to 56987
[08:55:49.079] [SEVERE ] player 1 placing token on slot 11
[08:55:49.079] [SEVERE ] setting player 1 freeze to 0
[08:55:49.079] [SEVERE ] setting player 3 freeze to 0
[08:55:49.079] [SEVERE ] setting player 4 freeze to 0
[08:55:49.079] [SEVERE ] setting player 5 freeze to 0
[08:55:49.079] [SEVERE ] setting player 6 freeze to 0
[08:55:49.079] [SEVERE ] setting player 2 freeze to 3900
[08:55:49.080] [SEVERE ] setting player 3 freeze to 3900
[08:55:49.081] [SEVERE ] setting player 4 freeze to 3900
[08:55:49.081] [SEVERE ] setting player 5 freeze to 3900
[08:55:49.081] [SEVERE ] setting player 1 freeze to 3900
[08:55:49.082] [SEVERE ] setting player 6 freeze to 3900
[08:55:50.078] [SEVERE ] updating countdown to 55987
[08:55:50.078] [SEVERE ] setting player 1 freeze to 2903
[08:55:50.078] [SEVERE ] setting player 2 freeze to 2901
[08:55:50.079] [SEVERE ] setting player 3 freeze to 2901
[08:55:50.079] [SEVERE ] setting player 4 freeze to 2902
[08:55:50.079] [SEVERE ] setting player 5 freeze to 2902
[08:55:50.079] [SEVERE ] setting player 6 freeze to 2903
[08:55:51.078] [SEVERE ] updating countdown to 54987
[08:55:51.078] [SEVERE ] setting player 1 freeze to 1903
[08:55:51.078] [SEVERE ] setting player 2 freeze to 1901
[08:55:51.078] [SEVERE ] setting player 3 freeze to 1902
[08:55:51.078] [SEVERE ] setting player 4 freeze to 1903
[08:55:51.078] [SEVERE ] setting player 5 freeze to 1903
[08:55:51.078] [SEVERE ] setting player 6 freeze to 1904
[08:55:52.077] [SEVERE ] updating countdown to 53988
[08:55:52.078] [SEVERE ] setting player 1 freeze to 903
[08:55:52.078] [SEVERE ] setting player 2 freeze to 901
[08:55:52.078] [SEVERE ] setting player 3 freeze to 902
[08:55:52.078] [SEVERE ] setting player 4 freeze to 903
[08:55:52.079] [SEVERE ] setting player 5 freeze to 902
[08:55:52.079] [SEVERE ] setting player 6 freeze to 903
[08:55:52.092] [SEVERE ] removing player 4 token from slot 4
[08:55:52.092] [SEVERE ] removing player 3 token from slot 5
[08:55:52.092] [SEVERE ] removing player 3 token from slot 3
[08:55:52.092] [SEVERE ] removing player 2 token from slot 1
[08:55:52.092] [SEVERE ] removing player 5 token from slot 10
[08:55:52.092] [SEVERE ] removing player 1 token from slot 2
[08:55:52.092] [SEVERE ] removing player 6 token from slot 9
[08:55:52.093] [SEVERE ] player 6 placing token on slot 8
[08:55:52.092] [SEVERE ] removing player 4 token from slot 6
[08:55:52.092] [SEVERE ] player 3 placing token on slot 11
[08:55:52.092] [SEVERE ] player 2 placing token on slot 5
[08:55:52.092] [SEVERE ] player 5 placing token on slot 6
[08:55:52.093] [SEVERE ] setting player 2 freeze to 3900
[08:55:52.093] [SEVERE ] player 1 placing token on slot 2
[08:55:52.093] [SEVERE ] player 4 placing token on slot 9
[08:55:52.093] [SEVERE ] player 3 placing token on slot 10
[08:55:52.094] [SEVERE ] player 4 placing token on slot 1
[08:55:52.094] [SEVERE ] setting player 5 freeze to 3900
[08:55:52.095] [SEVERE ] setting player 6 freeze to 3900
[08:55:52.096] [SEVERE ] setting player 1 freeze to 3900
[08:55:52.096] [SEVERE ] setting player 3 freeze to 3900
[08:55:52.097] [SEVERE ] setting player 4 freeze to 3900
[08:55:53.077] [SEVERE ] updating countdown to 52988
[08:55:53.077] [SEVERE ] setting player 1 freeze to 2919
[08:55:53.077] [SEVERE ] setting player 2 freeze to 2916
[08:55:53.077] [SEVERE ] setting player 3 freeze to 2919
[08:55:53.077] [SEVERE ] setting player 4 freeze to 2920
[08:55:53.077] [SEVERE ] setting player 5 freeze to 2917
[08:55:53.077] [SEVERE ] setting player 6 freeze to 2918
[08:55:54.077] [SEVERE ] updating countdown to 51988
[08:55:54.077] [SEVERE ] setting player 1 freeze to 1919
[08:55:54.077] [SEVERE ] setting player 2 freeze to 1916
[08:55:54.078] [SEVERE ] setting player 3 freeze to 1919
[08:55:54.078] [SEVERE ] setting player 4 freeze to 1919
[08:55:54.078] [SEVERE ] setting player 5 freeze to 1916
[08:55:54.078] [SEVERE ] setting player 6 freeze to 1917
[08:55:55.077] [SEVERE ] updating countdown to 50988
[08:55:55.077] [SEVERE ] setting player 1 freeze to 919
[08:55:55.077] [SEVERE ] setting player 2 freeze to 916
[08:55:55.077] [SEVERE ] setting player 3 freeze to 919
[08:55:55.077] [SEVERE ] setting player 4 freeze to 920
[08:55:55.077] [SEVERE ] setting player 5 freeze to 917
[08:55:55.077] [SEVERE ] setting player 6 freeze to 918
[08:55:55.105] [SEVERE ] removing player 1 token from slot 8
[08:55:55.105] [SEVERE ] removing player 6 token from slot 8
[08:55:55.105] [SEVERE ] removing player 5 token from slot 0
[08:55:55.105] [SEVERE ] player 6 placing token on slot 4
[08:55:55.106] [SEVERE ] player 5 placing token on slot 7
[08:55:55.105] [SEVERE ] removing player 4 token from slot 9
[08:55:55.105] [SEVERE ] removing player 3 token from slot 10
[08:55:55.105] [SEVERE ] removing player 2 token from slot 9
[08:55:55.105] [SEVERE ] player 1 placing token on slot 5
[08:55:55.106] [SEVERE ] removing player 4 token from slot 1
[08:55:55.106] [SEVERE ] player 3 placing token on slot 9
[08:55:55.106] [SEVERE ] player 2 placing token on slot 8
[08:55:55.106] [SEVERE ] player 4 placing token on slot 8
[08:55:55.106] [SEVERE ] setting player 1 freeze to 3900
[08:55:55.106] [SEVERE ] player 4 placing token on slot 7
[08:55:55.107] [SEVERE ] setting player 2 freeze to 3900
[08:55:55.108] [SEVERE ] setting player 3 freeze to 3900
[08:55:55.108] [SEVERE ] setting player 5 freeze to 3900
[08:55:55.108] [SEVERE ] setting player 6 freeze to 3900
[08:55:55.108] [SEVERE ] setting player 4 freeze to 3900
[08:55:56.077] [SEVERE ] updating countdown to 49988
[08:55:56.077] [SEVERE ] setting player 1 freeze to 2929
[08:55:56.077] [SEVERE ] setting player 2 freeze to 2930
[08:55:56.078] [SEVERE ] setting player 3 freeze to 2930
[08:55:56.078] [SEVERE ] setting player 4 freeze to 2930
[08:55:56.078] [SEVERE ] setting player 5 freeze to 2930
[08:55:56.078] [SEVERE ] setting player 6 freeze to 2930
[08:55:57.077] [SEVERE ] updating countdown to 48988
[08:55:57.077] [SEVERE ] setting player 1 freeze to 1929
[08:55:57.077] [SEVERE ] setting player 2 freeze to 1930
[08:55:57.077] [SEVERE ] setting player 3 freeze to 1931
[08:55:57.077] [SEVERE ] setting player 4 freeze to 1931
[08:55:57.077] [SEVERE ] setting player 5 freeze to 1931
[08:55:57.077] [SEVERE ] setting player 6 freeze to 1931
[08:55:58.077] [SEVERE ] updating countdown to 47988
[08:55:58.077] [SEVERE ] setting player 1 freeze to 929
[08:55:58.077] [SEVERE ] setting player 2 freeze to 930
[08:55:58.077] [SEVERE ] setting player 3 freeze to 931
[08:55:58.077] [SEVERE ] setting player 4 freeze to 931
[08:55:58.077] [SEVERE ] setting player 5 freeze to 931
[08:55:58.077] [SEVERE ] setting player 6 freeze to 931
[08:55:58.116] [SEVERE ] removing player 6 token from slot 11
[08:55:58.116] [SEVERE ] removing player 3 token from slot 9
[08:55:58.116] [SEVERE ] removing player 1 token from slot 5
[08:55:58.116] [SEVERE ] removing player 5 token from slot 7
[08:55:58.116] [SEVERE ] removing player 2 token from slot 8
[08:55:58.116] [SEVERE ] removing player 4 token from slot 5
[08:55:58.116] [SEVERE ] player 6 placing token on slot 9
[08:55:58.116] [SEVERE ] player 3 placing token on slot 2
[08:55:58.116] [SEVERE ] player 1 placing token on slot 4
[08:55:58.116] [SEVERE ] player 5 placing token on slot 3
[08:55:58.116] [SEVERE ] player 2 placing token on slot 8
[08:55:58.116] [SEVERE ] player 4 placing token on slot 5
[08:55:58.117] [SEVERE ] setting player 6 freeze to 3900
[08:55:58.117] [SEVERE ] setting player 1 freeze to 3900
[08:55:58.118] [SEVERE ] setting player 2 freeze to 3900
[08:55:58.118] [SEVERE ] setting player 3 freeze to 3900
[08:55:58.119] [SEVERE ] setting player 4 freeze to 3900
[08:55:58.119] [SEVERE ] setting player 5 freeze to 3900
[08:55:59.078] [SEVERE ] updating countdown to 46987
[08:55:59.078] [SEVERE ] setting player 1 freeze to 2939
[08:55:59.078] [SEVERE ] setting player 2 freeze to 2940
[08:55:59.078] [SEVERE ] setting player 3 freeze to 2940
[08:55:59.078] [SEVERE ] setting player 4 freeze to 2941
[08:55:59.078] [SEVERE ] setting player 5 freeze to 2941
[08:55:59.078] [SEVERE ] setting player 6 freeze to 2939
[08:56:00.078] [SEVERE ] updating countdown to 45987
[08:56:00.078] [SEVERE ] setting player 1 freeze to 1939
[08:56:00.078] [SEVERE ] setting player 2 freeze to 1940
[08:56:00.078] [SEVERE ] setting player 3 freeze to 1940
[08:56:00.078] [SEVERE ] setting player 4 freeze to 1941
[08:56:00.078] [SEVERE ] setting player 5 freeze to 1941
[08:56:00.078] [SEVERE ] setting player 6 freeze to 1939
[08:56:01.078] [SEVERE ] updating countdown to 44987
[08:56:01.078] [SEVERE ] setting player 1 freeze to 939
[08:56:01.078] [SEVERE ] setting player 2 freeze to 940
[08:56:01.078] [SEVERE ] setting player 3 freeze to 940
[08:56:01.078] [SEVERE ] setting player 4 freeze to 941
[08:56:01.078] [SEVERE ] setting player 5 freeze to 941
[08:56:01.078] [SEVERE ] setting player 6 freeze to 939
[08:56:01.118] [SEVERE ] removing player 6 token from slot 7
[08:56:01.118] [SEVERE ] removing player 6 token from slot 4
[08:56:01.118] [SEVERE ] player 6 placing token on slot 3
[08:56:01.118] [SEVERE ] player 6 placing token on slot 1
[08:56:01.119] [SEVERE ] removing player 2 token from slot 4
[08:56:01.119] [SEVERE ] player 2 placing token on slot 11
[08:56:01.119] [SEVERE ] setting player 2 freeze to 3900
[08:56:01.120] [SEVERE ] setting player 6 freeze to 3900
[08:56:01.134] [SEVERE ] removing player 1 token from slot 2
[08:56:01.134] [SEVERE ] removing player 5 token from slot 3
[08:56:01.134] [SEVERE ] removing player 3 token from slot 1
[08:56:01.134] [SEVERE ] removing player 4 token from slot 8
[08:56:01.134] [SEVERE ] player 1 placing token on slot 3
[08:56:01.134] [SEVERE ] removing player 5 token from slot 6
[08:56:01.134] [SEVERE ] removing player 3 token from slot 2
[08:56:01.134] [SEVERE ] player 4 placing token on slot 8
[08:56:01.135] [SEVERE ] player 5 placing token on slot 9
[08:56:01.135] [SEVERE ] removing player 3 token from slot 11
[08:56:01.135] [SEVERE ] setting player 1 freeze to 3900
[08:56:01.135] [SEVERE ] player 5 placing token on slot 0
[08:56:01.135] [SEVERE ] player 3 placing token on slot 0
[08:56:01.135] [SEVERE ] player 3 placing token on slot 11
[08:56:01.135] [SEVERE ] player 3 placing token on slot 7
[08:56:01.135] [SEVERE ] setting player 4 freeze to 3900
[08:56:01.136] [SEVERE ] setting player 3 freeze to 3900
[08:56:01.136] [SEVERE ] setting player 5 freeze to 3900
[08:56:02.078] [SEVERE ] updating countdown to 43987
[08:56:02.078] [SEVERE ] setting player 1 freeze to 2957
[08:56:02.078] [SEVERE ] setting player 2 freeze to 2941
[08:56:02.078] [SEVERE ] setting player 3 freeze to 2958
[08:56:02.078] [SEVERE ] setting player 4 freeze to 2957
[08:56:02.078] [SEVERE ] setting player 5 freeze to 2958
[08:56:02.078] [SEVERE ] setting player 6 freeze to 2942
[08:56:03.077] [SEVERE ] updating countdown to 42988
[08:56:03.077] [SEVERE ] setting player 1 freeze to 1958
[08:56:03.077] [SEVERE ] setting player 2 freeze to 1942
[08:56:03.077] [SEVERE ] setting player 3 freeze to 1959
[08:56:03.077] [SEVERE ] setting player 4 freeze to 1958
[08:56:03.078] [SEVERE ] setting player 5 freeze to 1958
[08:56:03.078] [SEVERE ] setting player 6 freeze to 1942
[08:56:04.077] [SEVERE ] updating countdown to 41988
[08:56:04.077] [SEVERE ] setting player 1 freeze to 958
[08:56:04.077] [SEVERE ] setting player 2 freeze to 942
[08:56:04.077] [SEVERE ] setting player 3 freeze to 959
[08:56:04.077] [SEVERE ] setting player 4 freeze to 958
[08:56:04.077] [SEVERE ] setting player 5 freeze to 959
[08:56:04.077] [SEVERE ] setting player 6 freeze to 943
[08:56:04.130] [SEVERE ] removing player 2 token from slot 11
[08:56:04.130] [SEVERE ] removing player 6 token from slot 3
[08:56:04.130] [SEVERE ] player 2 placing token on slot 3
[08:56:04.130] [SEVERE ] player 6 placing token on slot 4
[08:56:04.131] [SEVERE ] setting player 2 freeze to 3900
[08:56:04.132] [SEVERE ] setting player 6 freeze to 3900
[08:56:04.146] [SEVERE ] removing player 4 token from slot 7
[08:56:04.146] [SEVERE ] removing player 5 token from slot 2
[08:56:04.146] [SEVERE ] removing player 1 token from slot 3
[08:56:04.146] [SEVERE ] removing player 3 token from slot 0
[08:56:04.146] [SEVERE ] player 3 placing token on slot 6
[08:56:04.146] [SEVERE ] player 4 placing token on slot 3
[08:56:04.146] [SEVERE ] player 5 placing token on slot 7
[08:56:04.146] [SEVERE ] player 1 placing token on slot 1
[08:56:04.147] [SEVERE ] setting player 1 freeze to 3900
[08:56:04.252] [SEVERE ] removing player 1 token from slot 11
[08:56:04.252] [SEVERE ] removing player 3 token from slot 11
[08:56:04.252] [SEVERE ] removing card from slot 11
[08:56:04.358] [SEVERE ] removing player 3 token from slot 7
[08:56:04.358] [SEVERE ] removing player 5 token from slot 7
[08:56:04.358] [SEVERE ] removing card from slot 7
[08:56:04.469] [SEVERE ] removing player 3 token from slot 6
[08:56:04.469] [SEVERE ] removing card from slot 6
[08:56:04.575] [SEVERE ] placing card 47 in slot 6
[08:56:04.676] [SEVERE ] placing card 26 in slot 7
[08:56:04.784] [SEVERE ] placing card 33 in slot 11
[08:56:04.784] [SEVERE ] player 5 placing token on slot 1
[08:56:04.786] [SEVERE ] updating countdown to 60000
[08:56:04.786] [SEVERE ] setting player 3 score to 1
[08:56:04.786] [SEVERE ] setting player 3 freeze to 1900
[08:56:04.786] [SEVERE ] setting player 4 freeze to 3900
[08:56:04.786] [SEVERE ] setting player 5 freeze to 3900
[08:56:05.788] [SEVERE ] updating countdown to 58998
[08:56:05.788] [SEVERE ] setting player 1 freeze to 2259
[08:56:05.788] [SEVERE ] setting player 2 freeze to 2243
[08:56:05.788] [SEVERE ] setting player 3 freeze to 0
[08:56:05.788] [SEVERE ] setting player 4 freeze to 2898
[08:56:05.788] [SEVERE ] setting player 5 freeze to 2898
[08:56:05.788] [SEVERE ] setting player 6 freeze to 2244
[08:56:05.790] [SEVERE ] player 3 placing token on slot 11
[08:56:05.790] [SEVERE ] player 3 placing token on slot 3
[08:56:05.790] [SEVERE ] player 3 placing token on slot 10
[08:56:05.790] [SEVERE ] setting player 3 freeze to 3900
[08:56:06.789] [SEVERE ] updating countdown to 57997
[08:56:06.789] [SEVERE ] setting player 1 freeze to 1258
[08:56:06.789] [SEVERE ] setting player 2 freeze to 1242
[08:56:06.789] [SEVERE ] setting player 3 freeze to 2901
[08:56:06.789] [SEVERE ] setting player 4 freeze to 1897
[08:56:06.789] [SEVERE ] setting player 5 freeze to 1897
[08:56:06.789] [SEVERE ] setting player 6 freeze to 1243
[08:56:07.134] [SEVERE ] removing player 6 token from slot 4
[08:56:07.134] [SEVERE ] removing player 2 token from slot 8
[08:56:07.134] [SEVERE ] removing player 6 token from slot 1
[08:56:07.134] [SEVERE ] player 6 placing token on slot 10
[08:56:07.134] [SEVERE ] removing player 6 token from slot 10
[08:56:07.134] [SEVERE ] player 6 placing token on slot 0
[08:56:07.134] [SEVERE ] player 2 placing token on slot 6
[08:56:07.134] [SEVERE ] removing player 6 token from slot 9
[08:56:07.135] [SEVERE ] removing player 6 token from slot 0
[08:56:07.135] [SEVERE ] player 6 placing token on slot 6
[08:56:07.135] [SEVERE ] player 6 placing token on slot 2
[08:56:07.135] [SEVERE ] player 6 placing token on slot 7
[08:56:07.135] [SEVERE ] setting player 2 freeze to 3900
[08:56:07.135] [SEVERE ] setting player 6 freeze to 3900
[08:56:07.151] [SEVERE ] player 1 placing token on slot 0
[08:56:07.152] [SEVERE ] setting player 1 freeze to 3900
[08:56:07.566] [SEVERE ] exit button pressed
[08:56:07.567] [INFO   ] thread computer-0 terminated.
[08:56:07.567] [INFO   ] thread computer-5 terminated.
[08:56:07.567] [INFO   ] thread computer-4 terminated.
[08:56:07.567] [INFO   ] thread computer-1 terminated.
[08:56:07.567] [INFO   ] thread computer-3 terminated.
[08:56:07.567] [INFO   ] thread computer-2 terminated.
[08:56:07.791] [SEVERE ] updating countdown to 56995
[08:56:07.791] [SEVERE ] setting player 1 freeze to 3261
[08:56:07.791] [SEVERE ] setting player 2 freeze to 3244
[08:56:07.791] [SEVERE ] setting player 3 freeze to 1899
[08:56:07.791] [SEVERE ] setting player 4 freeze to 0
[08:56:07.791] [SEVERE ] setting player 5 freeze to 0
[08:56:07.791] [SEVERE ] setting player 6 freeze to 3244
[08:56:07.901] [SEVERE ] removing player 5 token from slot 0
[08:56:07.901] [SEVERE ] removing player 1 token from slot 0
[08:56:07.901] [SEVERE ] removing card from slot 0
[08:56:08.011] [SEVERE ] removing player 1 token from slot 1
[08:56:08.011] [SEVERE ] removing player 5 token from slot 1
[08:56:08.011] [SEVERE ] removing card from slot 1
[08:56:08.114] [SEVERE ] removing player 6 token from slot 2
[08:56:08.114] [SEVERE ] removing card from slot 2
[08:56:08.216] [SEVERE ] removing player 2 token from slot 3
[08:56:08.216] [SEVERE ] removing player 4 token from slot 3
[08:56:08.216] [SEVERE ] removing player 3 token from slot 3
[08:56:08.216] [SEVERE ] removing card from slot 3
[08:56:08.320] [SEVERE ] removing player 1 token from slot 4
[08:56:08.320] [SEVERE ] removing card from slot 4
[08:56:08.422] [SEVERE ] removing player 2 token from slot 5
[08:56:08.422] [SEVERE ] removing player 4 token from slot 5
[08:56:08.422] [SEVERE ] removing card from slot 5
[08:56:08.528] [SEVERE ] removing player 2 token from slot 6
[08:56:08.528] [SEVERE ] removing player 6 token from slot 6
[08:56:08.528] [SEVERE ] removing card from slot 6
[08:56:08.634] [SEVERE ] removing player 6 token from slot 7
[08:56:08.634] [SEVERE ] removing card from slot 7
[08:56:08.736] [SEVERE ] removing player 4 token from slot 8
[08:56:08.736] [SEVERE ] removing card from slot 8
[08:56:08.845] [SEVERE ] removing player 5 token from slot 9
[08:56:08.845] [SEVERE ] removing card from slot 9
[08:56:08.955] [SEVERE ] removing player 3 token from slot 10
[08:56:08.955] [SEVERE ] removing card from slot 10
[08:56:09.059] [SEVERE ] removing player 3 token from slot 11
[08:56:09.059] [SEVERE ] removing card from slot 11
[08:56:09.062] [SEVERE ] announcing winner(s): player 3
[08:56:09.064] [INFO   ] thread dealer terminated.
[08:56:09.064] [INFO   ] thread Thread-3 terminated.
[08:56:09.064] [INFO   ] thread Thread-0 terminated.
[08:56:09.064] [INFO   ] thread Thread-1 terminated.
[08:56:09.064] [INFO   ] thread Thread-2 terminated.
[08:56:09.064] [INFO   ] thread Thread-4 terminated.
[08:56:09.064] [INFO   ] thread Thread-5 terminated.
[08:56:09.065] [INFO   ] thread dealer terminated.
[08:56:09.065] [SEVERE ] thanks for playing... it was fun!
[08:56:09.066] [INFO   ] thread main terminated.
