[00:45:47.209] [INFO   ] thread main starting.
[00:45:47.214] [SEVERE ] cannot read configuration file config.properties trying from resources.
[00:45:47.216] [SEVERE ] configuration file was loaded from resources directory.
[00:45:47.569] [INFO   ] thread dealer starting.
[00:45:47.569] [INFO   ] thread dealer starting.
[00:45:47.570] [INFO   ] thread Thread-0 starting.
[00:45:47.570] [INFO   ] thread Thread-5 starting.
[00:45:47.570] [INFO   ] thread Thread-2 starting.
[00:45:47.570] [INFO   ] thread Thread-1 starting.
[00:45:47.570] [INFO   ] thread Thread-3 starting.
[00:45:47.570] [INFO   ] thread Thread-4 starting.
[00:45:47.571] [INFO   ] thread computer-5 starting.
[00:45:47.571] [INFO   ] thread computer-2 starting.
[00:45:47.571] [INFO   ] thread computer-0 starting.
[00:45:47.572] [INFO   ] thread computer-1 starting.
[00:45:47.572] [INFO   ] thread computer-3 starting.
[00:45:47.574] [INFO   ] thread computer-4 starting.
[00:45:47.681] [SEVERE ] placing card 30 in slot 0
[00:45:47.782] [SEVERE ] placing card 55 in slot 1
[00:45:47.896] [SEVERE ] placing card 18 in slot 2
[00:45:47.997] [SEVERE ] placing card 10 in slot 3
[00:45:48.111] [SEVERE ] placing card 28 in slot 4
[00:45:48.213] [SEVERE ] placing card 46 in slot 5
[00:45:48.316] [SEVERE ] placing card 17 in slot 6
[00:45:48.431] [SEVERE ] placing card 49 in slot 7
[00:45:48.533] [SEVERE ] placing card 15 in slot 8
[00:45:48.644] [SEVERE ] placing card 12 in slot 9
[00:45:48.757] [SEVERE ] placing card 59 in slot 10
[00:45:48.862] [SEVERE ] placing card 77 in slot 11
[00:45:48.862] [SEVERE ] player 4 placing token on slot 0
[00:45:48.862] [SEVERE ] player 1 placing token on slot 3
[00:45:48.862] [SEVERE ] player 6 placing token on slot 3
[00:45:48.862] [SEVERE ] player 3 placing token on slot 5
[00:45:48.862] [SEVERE ] player 2 placing token on slot 5
[00:45:48.862] [SEVERE ] player 5 placing token on slot 6
[00:45:48.863] [SEVERE ] player 1 placing token on slot 1
[00:45:48.863] [SEVERE ] removing player 6 token from slot 3
[00:45:48.863] [SEVERE ] player 4 placing token on slot 5
[00:45:48.863] [SEVERE ] player 3 placing token on slot 9
[00:45:48.863] [SEVERE ] removing player 2 token from slot 5
[00:45:48.863] [SEVERE ] player 5 placing token on slot 7
[00:45:48.865] [SEVERE ] player 1 placing token on slot 9
[00:45:48.865] [SEVERE ] player 6 placing token on slot 10
[00:45:48.865] [SEVERE ] removing player 4 token from slot 5
[00:45:48.865] [SEVERE ] player 3 placing token on slot 2
[00:45:48.865] [SEVERE ] player 2 placing token on slot 0
[00:45:48.865] [SEVERE ] player 5 placing token on slot 4
[00:45:48.865] [SEVERE ] player 6 placing token on slot 4
[00:45:48.865] [SEVERE ] player 4 placing token on slot 9
[00:45:48.865] [SEVERE ] player 2 placing token on slot 1
[00:45:48.866] [SEVERE ] player 6 placing token on slot 0
[00:45:48.866] [SEVERE ] player 4 placing token on slot 4
[00:45:48.866] [SEVERE ] player 2 placing token on slot 4
[00:45:48.873] [SEVERE ] updating countdown to 60000
[00:45:48.874] [SEVERE ] setting player 1 freeze to 3900
[00:45:48.878] [SEVERE ] setting player 3 freeze to 3900
[00:45:48.881] [SEVERE ] setting player 2 freeze to 3900
[00:45:48.881] [SEVERE ] setting player 4 freeze to 3900
[00:45:48.884] [SEVERE ] setting player 5 freeze to 3900
[00:45:48.885] [SEVERE ] setting player 6 freeze to 3900
[00:45:49.880] [SEVERE ] updating countdown to 58993
[00:45:49.880] [SEVERE ] setting player 1 freeze to 2894
[00:45:49.880] [SEVERE ] setting player 2 freeze to 2901
[00:45:49.880] [SEVERE ] setting player 3 freeze to 2898
[00:45:49.881] [SEVERE ] setting player 4 freeze to 2900
[00:45:49.881] [SEVERE ] setting player 5 freeze to 2903
[00:45:49.881] [SEVERE ] setting player 6 freeze to 2904
[00:45:50.876] [SEVERE ] updating countdown to 57997
[00:45:50.876] [SEVERE ] setting player 1 freeze to 1898
[00:45:50.876] [SEVERE ] setting player 2 freeze to 1905
[00:45:50.876] [SEVERE ] setting player 3 freeze to 1902
[00:45:50.877] [SEVERE ] setting player 4 freeze to 1904
[00:45:50.877] [SEVERE ] setting player 5 freeze to 1907
[00:45:50.877] [SEVERE ] setting player 6 freeze to 1908
[00:45:51.879] [SEVERE ] removing player 1 token from slot 3
[00:45:51.879] [SEVERE ] removing player 3 token from slot 2
[00:45:51.879] [SEVERE ] removing player 1 token from slot 9
[00:45:51.879] [SEVERE ] player 3 placing token on slot 2
[00:45:51.880] [SEVERE ] player 1 placing token on slot 5
[00:45:51.880] [SEVERE ] removing player 1 token from slot 5
[00:45:51.880] [SEVERE ] player 1 placing token on slot 11
[00:45:51.880] [SEVERE ] updating countdown to 56993
[00:45:51.880] [SEVERE ] player 1 placing token on slot 9
[00:45:51.880] [SEVERE ] setting player 1 freeze to 0
[00:45:51.881] [SEVERE ] setting player 2 freeze to 0
[00:45:51.881] [SEVERE ] setting player 3 freeze to 0
[00:45:51.881] [SEVERE ] setting player 4 freeze to 0
[00:45:51.881] [SEVERE ] setting player 5 freeze to 903
[00:45:51.881] [SEVERE ] setting player 6 freeze to 904
[00:45:51.881] [SEVERE ] setting player 1 freeze to 3900
[00:45:51.882] [SEVERE ] setting player 3 freeze to 3900
[00:45:51.884] [SEVERE ] removing player 2 token from slot 4
[00:45:51.884] [SEVERE ] removing player 4 token from slot 9
[00:45:51.884] [SEVERE ] player 2 placing token on slot 10
[00:45:51.884] [SEVERE ] player 4 placing token on slot 3
[00:45:51.885] [SEVERE ] setting player 2 freeze to 3900
[00:45:51.886] [SEVERE ] removing player 6 token from slot 0
[00:45:51.886] [SEVERE ] removing player 5 token from slot 7
[00:45:51.886] [SEVERE ] player 5 placing token on slot 1
[00:45:51.886] [SEVERE ] setting player 4 freeze to 3900
[00:45:51.886] [SEVERE ] player 6 placing token on slot 7
[00:45:51.886] [SEVERE ] setting player 5 freeze to 3900
[00:45:51.886] [SEVERE ] setting player 6 freeze to 3900
[00:45:52.648] [SEVERE ] exit button pressed
[00:45:52.649] [INFO   ] thread computer-0 terminated.
[00:45:52.649] [INFO   ] thread computer-2 terminated.
[00:45:52.649] [INFO   ] thread computer-1 terminated.
[00:45:52.649] [INFO   ] thread computer-3 terminated.
[00:45:52.649] [INFO   ] thread computer-4 terminated.
[00:45:52.649] [INFO   ] thread computer-5 terminated.
[00:45:52.878] [SEVERE ] updating countdown to 55995
[00:45:52.878] [SEVERE ] setting player 1 freeze to 2903
[00:45:52.878] [SEVERE ] setting player 2 freeze to 2907
[00:45:52.878] [SEVERE ] setting player 3 freeze to 2904
[00:45:52.878] [SEVERE ] setting player 4 freeze to 2908
[00:45:52.878] [SEVERE ] setting player 5 freeze to 2908
[00:45:52.878] [SEVERE ] setting player 6 freeze to 2908
[00:45:52.984] [SEVERE ] removing player 4 token from slot 0
[00:45:52.984] [SEVERE ] removing player 2 token from slot 0
[00:45:52.984] [SEVERE ] removing card from slot 0
[00:45:53.097] [SEVERE ] removing player 1 token from slot 1
[00:45:53.097] [SEVERE ] removing player 2 token from slot 1
[00:45:53.097] [SEVERE ] removing player 5 token from slot 1
[00:45:53.097] [SEVERE ] removing card from slot 1
[00:45:53.201] [SEVERE ] removing player 3 token from slot 2
[00:45:53.201] [SEVERE ] removing card from slot 2
[00:45:53.315] [SEVERE ] removing player 4 token from slot 3
[00:45:53.315] [SEVERE ] removing card from slot 3
[00:45:53.416] [SEVERE ] removing player 5 token from slot 4
[00:45:53.417] [SEVERE ] removing player 6 token from slot 4
[00:45:53.417] [SEVERE ] removing player 4 token from slot 4
[00:45:53.417] [SEVERE ] removing card from slot 4
[00:45:53.518] [SEVERE ] removing player 3 token from slot 5
[00:45:53.518] [SEVERE ] removing card from slot 5
[00:45:53.620] [SEVERE ] removing player 5 token from slot 6
[00:45:53.620] [SEVERE ] removing card from slot 6
[00:45:53.731] [SEVERE ] removing player 6 token from slot 7
[00:45:53.731] [SEVERE ] removing card from slot 7
[00:45:53.840] [SEVERE ] removing card from slot 8
[00:45:53.948] [SEVERE ] removing player 3 token from slot 9
[00:45:53.948] [SEVERE ] removing player 1 token from slot 9
[00:45:53.948] [SEVERE ] removing card from slot 9
[00:45:54.050] [SEVERE ] removing player 6 token from slot 10
[00:45:54.050] [SEVERE ] removing player 2 token from slot 10
[00:45:54.050] [SEVERE ] removing card from slot 10
[00:45:54.164] [SEVERE ] removing player 1 token from slot 11
[00:45:54.165] [SEVERE ] removing card from slot 11
[00:45:54.170] [SEVERE ] announcing winner(s): player 1, player 2, player 3, player 4, player 5, player 6
[00:45:54.175] [INFO   ] thread dealer terminated.
[00:45:54.175] [INFO   ] thread Thread-3 terminated.
[00:45:54.176] [INFO   ] thread Thread-4 terminated.
[00:45:54.175] [INFO   ] thread Thread-0 terminated.
[00:45:54.175] [INFO   ] thread Thread-5 terminated.
[00:45:54.175] [INFO   ] thread Thread-2 terminated.
[00:45:54.175] [INFO   ] thread Thread-1 terminated.
[00:45:54.175] [INFO   ] thread dealer terminated.
[00:45:54.177] [SEVERE ] thanks for playing... it was fun!
[00:45:54.177] [INFO   ] thread main terminated.
