[18:19:47.013] [INFO   ] thread main starting.
[18:19:47.024] [SEVERE ] cannot read configuration file config.properties trying from resources.
[18:19:47.027] [SEVERE ] configuration file was loaded from resources directory.
[18:19:47.586] [INFO   ] thread dealer starting.
[18:19:47.586] [INFO   ] thread dealer starting.
[18:19:47.587] [INFO   ] thread Thread-0 starting.
[18:19:47.587] [INFO   ] thread Thread-1 starting.
[18:19:47.587] [INFO   ] thread Thread-2 starting.
[18:19:47.587] [INFO   ] thread Thread-3 starting.
[18:19:47.587] [INFO   ] thread Thread-4 starting.
[18:19:47.587] [INFO   ] thread Thread-5 starting.
[18:19:47.588] [INFO   ] thread computer-1 starting.
[18:19:47.588] [INFO   ] thread computer-2 starting.
[18:19:47.589] [INFO   ] thread computer-0 starting.
[18:19:47.589] [INFO   ] thread computer-3 starting.
[18:19:47.589] [INFO   ] thread computer-4 starting.
[18:19:47.594] [INFO   ] thread computer-5 starting.
[18:19:47.695] [SEVERE ] placing card 33 in slot 0
[18:19:47.802] [SEVERE ] placing card 7 in slot 1
[18:19:47.911] [SEVERE ] placing card 15 in slot 2
[18:19:48.018] [SEVERE ] placing card 6 in slot 3
[18:19:48.127] [SEVERE ] placing card 36 in slot 4
[18:19:48.237] [SEVERE ] placing card 45 in slot 5
[18:19:48.346] [SEVERE ] placing card 63 in slot 6
[18:19:48.457] [SEVERE ] placing card 49 in slot 7
[18:19:48.567] [SEVERE ] placing card 23 in slot 8
[18:19:48.676] [SEVERE ] placing card 62 in slot 9
[18:19:48.786] [SEVERE ] placing card 56 in slot 10
[18:19:48.895] [SEVERE ] placing card 79 in slot 11
[18:19:48.896] [SEVERE ] player 4 placing token on slot 9
[18:19:48.896] [SEVERE ] player 6 placing token on slot 9
[18:19:48.896] [SEVERE ] player 3 placing token on slot 3
[18:19:48.899] [SEVERE ] player 3 placing token on slot 2
[18:19:48.899] [SEVERE ] player 3 placing token on slot 11
[18:19:48.896] [SEVERE ] player 1 placing token on slot 4
[18:19:48.896] [SEVERE ] player 2 placing token on slot 9
[18:19:48.897] [SEVERE ] player 4 placing token on slot 8
[18:19:48.902] [SEVERE ] player 4 placing token on slot 4
[18:19:48.897] [SEVERE ] player 6 placing token on slot 6
[18:19:48.897] [SEVERE ] player 5 placing token on slot 11
[18:19:48.900] [SEVERE ] player 1 placing token on slot 6
[18:19:48.905] [SEVERE ] player 5 placing token on slot 0
[18:19:48.901] [SEVERE ] player 2 placing token on slot 1
[18:19:48.905] [SEVERE ] removing player 2 token from slot 9
[18:19:48.908] [SEVERE ] player 2 placing token on slot 6
[18:19:48.910] [SEVERE ] player 2 placing token on slot 11
[18:19:48.905] [SEVERE ] player 6 placing token on slot 5
[18:19:48.905] [SEVERE ] player 1 placing token on slot 2
[18:19:48.905] [SEVERE ] player 5 placing token on slot 2
[18:19:48.917] [SEVERE ] updating countdown to 60000
[18:19:48.918] [SEVERE ] setting player 3 freeze to 3900
[18:19:48.927] [SEVERE ] setting player 4 freeze to 3900
[18:19:48.931] [SEVERE ] setting player 2 freeze to 3900
[18:19:48.932] [SEVERE ] setting player 6 freeze to 3900
[18:19:48.933] [SEVERE ] setting player 1 freeze to 3900
[18:19:48.935] [SEVERE ] setting player 5 freeze to 3900
[18:19:49.683] [SEVERE ] exit button pressed
[18:19:49.684] [INFO   ] thread computer-0 terminated.
[18:19:49.684] [INFO   ] thread computer-1 terminated.
[18:19:49.684] [INFO   ] thread computer-3 terminated.
[18:19:49.684] [INFO   ] thread computer-4 terminated.
[18:19:49.684] [INFO   ] thread computer-5 terminated.
[18:19:49.684] [INFO   ] thread computer-2 terminated.
[18:19:49.925] [SEVERE ] updating countdown to 58992
[18:19:49.926] [SEVERE ] setting player 1 freeze to 2907
[18:19:49.927] [SEVERE ] setting player 2 freeze to 2903
[18:19:49.927] [SEVERE ] setting player 3 freeze to 2891
[18:19:49.927] [SEVERE ] setting player 4 freeze to 2899
[18:19:49.927] [SEVERE ] setting player 5 freeze to 2908
[18:19:49.927] [SEVERE ] setting player 6 freeze to 2905
[18:19:50.032] [SEVERE ] removing player 5 token from slot 0
[18:19:50.032] [SEVERE ] removing card from slot 0
[18:19:50.141] [SEVERE ] removing player 2 token from slot 1
[18:19:50.141] [SEVERE ] removing card from slot 1
[18:19:50.250] [SEVERE ] removing player 3 token from slot 2
[18:19:50.250] [SEVERE ] removing player 1 token from slot 2
[18:19:50.251] [SEVERE ] removing player 5 token from slot 2
[18:19:50.251] [SEVERE ] removing card from slot 2
[18:19:50.359] [SEVERE ] removing player 3 token from slot 3
[18:19:50.360] [SEVERE ] removing card from slot 3
[18:19:50.468] [SEVERE ] removing player 1 token from slot 4
[18:19:50.468] [SEVERE ] removing player 4 token from slot 4
[18:19:50.469] [SEVERE ] removing card from slot 4
[18:19:50.579] [SEVERE ] removing player 6 token from slot 5
[18:19:50.579] [SEVERE ] removing card from slot 5
[18:19:50.689] [SEVERE ] removing player 6 token from slot 6
[18:19:50.690] [SEVERE ] removing player 1 token from slot 6
[18:19:50.690] [SEVERE ] removing player 2 token from slot 6
[18:19:50.691] [SEVERE ] removing card from slot 6
[18:19:50.799] [SEVERE ] removing card from slot 7
[18:19:50.908] [SEVERE ] removing player 4 token from slot 8
[18:19:50.908] [SEVERE ] removing card from slot 8
[18:19:51.017] [SEVERE ] removing player 6 token from slot 9
[18:19:51.017] [SEVERE ] removing player 4 token from slot 9
[18:19:51.017] [SEVERE ] removing card from slot 9
[18:19:51.123] [SEVERE ] removing card from slot 10
[18:19:51.233] [SEVERE ] removing player 5 token from slot 11
[18:19:51.233] [SEVERE ] removing player 3 token from slot 11
[18:19:51.234] [SEVERE ] removing player 2 token from slot 11
[18:19:51.234] [SEVERE ] removing card from slot 11
[18:19:51.238] [SEVERE ] announcing winner(s): player 1, player 2, player 3, player 4, player 5, player 6
[18:19:51.241] [INFO   ] thread dealer terminated.
[18:19:51.241] [INFO   ] thread Thread-1 terminated.
[18:19:51.241] [INFO   ] thread Thread-0 terminated.
[18:19:51.241] [INFO   ] thread Thread-2 terminated.
[18:19:51.241] [INFO   ] thread Thread-4 terminated.
[18:19:51.241] [INFO   ] thread Thread-3 terminated.
[18:19:51.241] [INFO   ] thread Thread-5 terminated.
[18:19:51.242] [INFO   ] thread dealer terminated.
[18:19:51.245] [SEVERE ] thanks for playing... it was fun!
[18:19:51.248] [INFO   ] thread main terminated.
