[00:07:58.407] [INFO   ] thread main starting.
[00:07:58.412] [SEVERE ] cannot read configuration file config.properties trying from resources.
[00:07:58.414] [SEVERE ] configuration file was loaded from resources directory.
[00:07:58.786] [INFO   ] thread dealer starting.
[00:07:58.787] [INFO   ] thread dealer starting.
[00:07:58.787] [INFO   ] thread Thread-0 starting.
[00:07:58.787] [INFO   ] thread Thread-1 starting.
[00:07:58.788] [INFO   ] thread computer-1 starting.
[00:07:58.894] [SEVERE ] placing card 49 in slot 0
[00:07:59.005] [SEVERE ] placing card 53 in slot 1
[00:07:59.116] [SEVERE ] placing card 37 in slot 2
[00:07:59.224] [SEVERE ] placing card 68 in slot 3
[00:07:59.334] [SEVERE ] placing card 69 in slot 4
[00:07:59.445] [SEVERE ] placing card 13 in slot 5
[00:07:59.556] [SEVERE ] placing card 32 in slot 6
[00:07:59.668] [SEVERE ] placing card 24 in slot 7
[00:07:59.776] [SEVERE ] placing card 11 in slot 8
[00:07:59.888] [SEVERE ] placing card 39 in slot 9
[00:07:59.998] [SEVERE ] placing card 5 in slot 10
[00:08:00.108] [SEVERE ] placing card 72 in slot 11
[00:08:00.108] [SEVERE ] player 2 placing token on slot 11
[00:08:00.109] [SEVERE ] player 2 placing token on slot 2
[00:08:00.109] [SEVERE ] player 2 placing token on slot 1
[00:08:00.116] [SEVERE ] updating countdown to 60000
[00:08:00.117] [SEVERE ] setting player 2 freeze to 3900
[00:08:01.067] [SEVERE ] updating countdown to 59049
[00:08:01.067] [SEVERE ] setting player 2 freeze to 2950
[00:08:02.017] [SEVERE ] updating countdown to 58099
[00:08:02.017] [SEVERE ] setting player 2 freeze to 2000
[00:08:02.967] [SEVERE ] updating countdown to 57149
[00:08:02.967] [SEVERE ] setting player 2 freeze to 1050
[00:08:03.124] [SEVERE ] removing player 2 token from slot 11
[00:08:03.124] [SEVERE ] player 2 placing token on slot 11
[00:08:03.125] [SEVERE ] setting player 2 freeze to 3900
[00:08:03.918] [SEVERE ] updating countdown to 56198
[00:08:03.918] [SEVERE ] setting player 2 freeze to 3107
[00:08:04.869] [SEVERE ] updating countdown to 55247
[00:08:04.870] [SEVERE ] setting player 2 freeze to 2155
[00:08:05.820] [SEVERE ] updating countdown to 54296
[00:08:05.820] [SEVERE ] setting player 2 freeze to 1205
[00:08:06.129] [SEVERE ] removing player 2 token from slot 11
[00:08:06.129] [SEVERE ] removing player 2 token from slot 1
[00:08:06.129] [SEVERE ] player 2 placing token on slot 3
[00:08:06.130] [SEVERE ] removing player 2 token from slot 3
[00:08:06.130] [SEVERE ] player 2 placing token on slot 3
[00:08:06.130] [SEVERE ] player 2 placing token on slot 7
[00:08:06.131] [SEVERE ] setting player 2 freeze to 3900
[00:08:06.770] [SEVERE ] updating countdown to 53346
[00:08:06.770] [SEVERE ] setting player 2 freeze to 3261
[00:08:07.730] [SEVERE ] updating countdown to 52386
[00:08:07.730] [SEVERE ] setting player 2 freeze to 2301
[00:08:08.680] [SEVERE ] updating countdown to 51436
[00:08:08.680] [SEVERE ] setting player 2 freeze to 1351
[00:08:09.146] [SEVERE ] removing player 2 token from slot 3
[00:08:09.147] [SEVERE ] player 2 placing token on slot 6
[00:08:09.149] [SEVERE ] setting player 2 freeze to 3900
[00:08:09.630] [SEVERE ] updating countdown to 50486
[00:08:09.630] [SEVERE ] setting player 2 freeze to 3419
[00:08:10.586] [SEVERE ] updating countdown to 49530
[00:08:10.586] [SEVERE ] setting player 2 freeze to 2463
[00:08:11.552] [SEVERE ] updating countdown to 48564
[00:08:11.552] [SEVERE ] setting player 2 freeze to 1497
[00:08:12.157] [SEVERE ] removing player 2 token from slot 2
[00:08:12.157] [SEVERE ] player 2 placing token on slot 11
[00:08:12.158] [SEVERE ] setting player 2 freeze to 3900
[00:08:12.502] [SEVERE ] updating countdown to 47614
[00:08:12.502] [SEVERE ] setting player 2 freeze to 3556
[00:08:13.452] [SEVERE ] updating countdown to 46664
[00:08:13.452] [SEVERE ] setting player 2 freeze to 2606
[00:08:14.403] [SEVERE ] updating countdown to 45713
[00:08:14.403] [SEVERE ] setting player 2 freeze to 1655
[00:08:15.162] [SEVERE ] removing player 2 token from slot 11
[00:08:15.162] [SEVERE ] player 2 placing token on slot 11
[00:08:15.163] [SEVERE ] setting player 2 freeze to 3900
[00:08:16.331] [SEVERE ] updating countdown to 43785
[00:08:16.331] [SEVERE ] setting player 2 freeze to 2732
[00:08:16.990] [SEVERE ] exit button pressed
[00:08:16.991] [INFO   ] thread Thread-0 terminated.
[00:08:16.991] [INFO   ] thread computer-1 terminated.
[00:08:17.293] [SEVERE ] updating countdown to 42823
[00:08:17.294] [SEVERE ] setting player 2 freeze to 1769
[00:08:17.401] [SEVERE ] removing card from slot 0
[00:08:17.511] [SEVERE ] removing card from slot 1
[00:08:17.620] [SEVERE ] removing card from slot 2
[00:08:17.730] [SEVERE ] removing card from slot 3
[00:08:17.840] [SEVERE ] removing card from slot 4
[00:08:17.950] [SEVERE ] removing card from slot 5
[00:08:18.059] [SEVERE ] removing player 2 token from slot 6
[00:08:18.059] [SEVERE ] removing card from slot 6
[00:08:18.169] [SEVERE ] removing player 2 token from slot 7
[00:08:18.169] [SEVERE ] removing card from slot 7
[00:08:18.277] [SEVERE ] removing card from slot 8
[00:08:18.387] [SEVERE ] removing card from slot 9
[00:08:18.497] [SEVERE ] removing card from slot 10
[00:08:18.606] [SEVERE ] removing player 2 token from slot 11
[00:08:18.607] [SEVERE ] removing card from slot 11
[00:08:18.609] [SEVERE ] announcing winner(s): player 1, player 2
[00:08:18.611] [INFO   ] thread dealer terminated.
[00:08:18.611] [INFO   ] thread Thread-1 terminated.
[00:08:18.612] [INFO   ] thread dealer terminated.
[00:08:18.612] [SEVERE ] thanks for playing... it was fun!
[00:08:18.614] [INFO   ] thread main terminated.
