[18:03:32.436] [INFO   ] thread main starting.
[18:03:32.442] [SEVERE ] cannot read configuration file config.properties trying from resources.
[18:03:32.443] [SEVERE ] configuration file was loaded from resources directory.
[18:03:32.837] [INFO   ] thread dealer starting.
[18:03:32.838] [INFO   ] thread dealer starting.
[18:03:32.838] [INFO   ] thread Thread-0 starting.
[18:03:32.838] [INFO   ] thread Thread-1 starting.
[18:03:32.838] [INFO   ] thread Thread-2 starting.
[18:03:32.838] [INFO   ] thread Thread-3 starting.
[18:03:32.839] [INFO   ] thread Thread-5 starting.
[18:03:32.839] [INFO   ] thread Thread-4 starting.
[18:03:32.839] [INFO   ] thread computer-0 starting.
[18:03:32.842] [INFO   ] thread computer-4 starting.
[18:03:32.839] [INFO   ] thread computer-1 starting.
[18:03:32.839] [INFO   ] thread computer-2 starting.
[18:03:32.840] [INFO   ] thread computer-3 starting.
[18:03:32.840] [INFO   ] thread computer-5 starting.
[18:03:32.943] [SEVERE ] placing card 62 in slot 0
[18:03:33.045] [SEVERE ] placing card 16 in slot 1
[18:03:33.159] [SEVERE ] placing card 12 in slot 2
[18:03:33.260] [SEVERE ] placing card 31 in slot 3
[18:03:33.361] [SEVERE ] placing card 14 in slot 4
[18:03:33.475] [SEVERE ] placing card 45 in slot 5
[18:03:33.576] [SEVERE ] placing card 39 in slot 6
[18:03:33.692] [SEVERE ] placing card 70 in slot 7
[18:03:33.808] [SEVERE ] placing card 30 in slot 8
[18:03:33.909] [SEVERE ] placing card 5 in slot 9
[18:03:34.010] [SEVERE ] placing card 55 in slot 10
[18:03:34.124] [SEVERE ] placing card 35 in slot 11
[18:03:34.124] [SEVERE ] player 2 placing token on slot 9
[18:03:34.124] [SEVERE ] player 1 placing token on slot 9
[18:03:34.124] [SEVERE ] player 6 placing token on slot 2
[18:03:34.124] [SEVERE ] player 5 placing token on slot 3
[18:03:34.124] [SEVERE ] player 3 placing token on slot 7
[18:03:34.125] [SEVERE ] player 4 placing token on slot 9
[18:03:34.125] [SEVERE ] player 1 placing token on slot 10
[18:03:34.125] [SEVERE ] player 2 placing token on slot 6
[18:03:34.125] [SEVERE ] player 3 placing token on slot 0
[18:03:34.125] [SEVERE ] removing player 5 token from slot 3
[18:03:34.125] [SEVERE ] removing player 6 token from slot 2
[18:03:34.125] [SEVERE ] player 4 placing token on slot 2
[18:03:34.126] [SEVERE ] player 1 placing token on slot 6
[18:03:34.126] [SEVERE ] player 2 placing token on slot 5
[18:03:34.126] [SEVERE ] player 3 placing token on slot 5
[18:03:34.126] [SEVERE ] player 5 placing token on slot 11
[18:03:34.126] [SEVERE ] player 6 placing token on slot 10
[18:03:34.126] [SEVERE ] player 4 placing token on slot 5
[18:03:34.128] [SEVERE ] player 5 placing token on slot 2
[18:03:34.128] [SEVERE ] player 6 placing token on slot 7
[18:03:34.128] [SEVERE ] player 6 placing token on slot 0
[18:03:34.128] [SEVERE ] player 5 placing token on slot 7
[18:03:34.129] [SEVERE ] updating countdown to 60000
[18:03:34.129] [SEVERE ] setting player 1 freeze to 3900
[18:03:34.129] [SEVERE ] setting player 2 freeze to 3900
[18:03:34.136] [SEVERE ] setting player 3 freeze to 3900
[18:03:34.137] [SEVERE ] setting player 4 freeze to 3900
[18:03:34.138] [SEVERE ] setting player 5 freeze to 3900
[18:03:34.139] [SEVERE ] setting player 6 freeze to 3900
[18:03:35.129] [SEVERE ] updating countdown to 59000
[18:03:35.129] [SEVERE ] setting player 1 freeze to 2900
[18:03:35.129] [SEVERE ] setting player 2 freeze to 2900
[18:03:35.129] [SEVERE ] setting player 3 freeze to 2907
[18:03:35.129] [SEVERE ] setting player 4 freeze to 2908
[18:03:35.129] [SEVERE ] setting player 5 freeze to 2909
[18:03:35.129] [SEVERE ] setting player 6 freeze to 2910
[18:03:36.131] [SEVERE ] updating countdown to 57998
[18:03:36.131] [SEVERE ] setting player 1 freeze to 1898
[18:03:36.131] [SEVERE ] setting player 2 freeze to 1898
[18:03:36.131] [SEVERE ] setting player 3 freeze to 1905
[18:03:36.131] [SEVERE ] setting player 4 freeze to 1906
[18:03:36.131] [SEVERE ] setting player 5 freeze to 1907
[18:03:36.131] [SEVERE ] setting player 6 freeze to 1908
[18:03:37.131] [SEVERE ] updating countdown to 56998
[18:03:37.131] [SEVERE ] setting player 1 freeze to 0
[18:03:37.131] [SEVERE ] setting player 2 freeze to 0
[18:03:37.131] [SEVERE ] setting player 3 freeze to 905
[18:03:37.131] [SEVERE ] setting player 4 freeze to 906
[18:03:37.131] [SEVERE ] setting player 5 freeze to 907
[18:03:37.131] [SEVERE ] setting player 6 freeze to 908
[18:03:37.136] [SEVERE ] removing player 1 token from slot 10
[18:03:37.136] [SEVERE ] player 1 placing token on slot 1
[18:03:37.136] [SEVERE ] removing player 2 token from slot 9
[18:03:37.137] [SEVERE ] player 2 placing token on slot 1
[18:03:37.138] [SEVERE ] setting player 1 freeze to 3900
[18:03:37.139] [SEVERE ] setting player 2 freeze to 3900
[18:03:37.151] [SEVERE ] removing player 6 token from slot 10
[18:03:37.151] [SEVERE ] removing player 5 token from slot 7
[18:03:37.151] [SEVERE ] removing player 3 token from slot 5
[18:03:37.151] [SEVERE ] removing player 4 token from slot 9
[18:03:37.151] [SEVERE ] player 6 placing token on slot 2
[18:03:37.151] [SEVERE ] player 5 placing token on slot 1
[18:03:37.151] [SEVERE ] player 3 placing token on slot 8
[18:03:37.151] [SEVERE ] player 4 placing token on slot 10
[18:03:37.152] [SEVERE ] setting player 6 freeze to 3900
[18:03:37.154] [SEVERE ] setting player 3 freeze to 3900
[18:03:37.154] [SEVERE ] setting player 4 freeze to 3900
[18:03:37.155] [SEVERE ] setting player 5 freeze to 3900
[18:03:39.129] [SEVERE ] updating countdown to 55000
[18:03:39.129] [SEVERE ] setting player 1 freeze to 1909
[18:03:39.129] [SEVERE ] setting player 2 freeze to 1910
[18:03:39.129] [SEVERE ] setting player 3 freeze to 1925
[18:03:39.129] [SEVERE ] setting player 4 freeze to 1925
[18:03:39.129] [SEVERE ] setting player 5 freeze to 1926
[18:03:39.129] [SEVERE ] setting player 6 freeze to 1923
[18:03:39.359] [SEVERE ] exit button pressed
[18:03:39.360] [INFO   ] thread computer-0 terminated.
[18:03:39.360] [INFO   ] thread computer-1 terminated.
[18:03:39.360] [INFO   ] thread computer-3 terminated.
[18:03:39.360] [INFO   ] thread computer-2 terminated.
[18:03:39.360] [INFO   ] thread computer-4 terminated.
[18:03:39.360] [INFO   ] thread computer-5 terminated.
[18:03:40.131] [SEVERE ] updating countdown to 53998
[18:03:40.131] [SEVERE ] setting player 1 freeze to 907
[18:03:40.131] [SEVERE ] setting player 2 freeze to 908
[18:03:40.131] [SEVERE ] setting player 3 freeze to 923
[18:03:40.131] [SEVERE ] setting player 4 freeze to 923
[18:03:40.131] [SEVERE ] setting player 5 freeze to 924
[18:03:40.131] [SEVERE ] setting player 6 freeze to 921
[18:03:40.235] [SEVERE ] removing player 3 token from slot 0
[18:03:40.235] [SEVERE ] removing player 6 token from slot 0
[18:03:40.235] [SEVERE ] removing card from slot 0
[18:03:40.342] [SEVERE ] removing player 1 token from slot 1
[18:03:40.342] [SEVERE ] removing player 2 token from slot 1
[18:03:40.342] [SEVERE ] removing player 5 token from slot 1
[18:03:40.342] [SEVERE ] removing card from slot 1
[18:03:40.445] [SEVERE ] removing player 4 token from slot 2
[18:03:40.445] [SEVERE ] removing player 5 token from slot 2
[18:03:40.445] [SEVERE ] removing player 6 token from slot 2
[18:03:40.445] [SEVERE ] removing card from slot 2
[18:03:40.559] [SEVERE ] removing card from slot 3
[18:03:40.662] [SEVERE ] removing card from slot 4
[18:03:40.764] [SEVERE ] removing player 2 token from slot 5
[18:03:40.766] [SEVERE ] removing player 4 token from slot 5
[18:03:40.766] [SEVERE ] removing card from slot 5
[18:03:40.873] [SEVERE ] removing player 2 token from slot 6
[18:03:40.874] [SEVERE ] removing player 1 token from slot 6
[18:03:40.874] [SEVERE ] removing card from slot 6
[18:03:40.977] [SEVERE ] removing player 3 token from slot 7
[18:03:40.977] [SEVERE ] removing player 6 token from slot 7
[18:03:40.977] [SEVERE ] removing card from slot 7
[18:03:41.079] [SEVERE ] removing player 3 token from slot 8
[18:03:41.079] [SEVERE ] removing card from slot 8
[18:03:41.192] [SEVERE ] removing player 1 token from slot 9
[18:03:41.192] [SEVERE ] removing card from slot 9
[18:03:41.293] [SEVERE ] removing player 4 token from slot 10
[18:03:41.293] [SEVERE ] removing card from slot 10
[18:03:41.409] [SEVERE ] removing player 5 token from slot 11
[18:03:41.409] [SEVERE ] removing card from slot 11
[18:03:41.412] [SEVERE ] announcing winner(s): player 1, player 2, player 3, player 4, player 5, player 6
[18:03:41.412] [INFO   ] thread dealer terminated.
[18:03:41.412] [INFO   ] thread Thread-1 terminated.
[18:03:41.412] [INFO   ] thread Thread-5 terminated.
[18:03:41.412] [INFO   ] thread Thread-0 terminated.
[18:03:41.412] [INFO   ] thread Thread-2 terminated.
[18:03:41.412] [INFO   ] thread Thread-3 terminated.
[18:03:41.412] [INFO   ] thread Thread-4 terminated.
[18:03:41.412] [INFO   ] thread dealer terminated.
[18:03:41.418] [SEVERE ] thanks for playing... it was fun!
[18:03:41.419] [INFO   ] thread main terminated.
