[00:13:00.352] [INFO   ] thread main starting.
[00:13:00.359] [SEVERE ] cannot read configuration file config.properties trying from resources.
[00:13:00.362] [SEVERE ] configuration file was loaded from resources directory.
[00:13:00.787] [INFO   ] thread dealer starting.
[00:13:00.787] [INFO   ] thread dealer starting.
[00:13:00.788] [INFO   ] thread Thread-0 starting.
[00:13:00.788] [INFO   ] thread Thread-1 starting.
[00:13:00.789] [INFO   ] thread computer-1 starting.
[00:13:00.894] [SEVERE ] placing card 24 in slot 0
[00:13:01.005] [SEVERE ] placing card 37 in slot 1
[00:13:01.117] [SEVERE ] placing card 9 in slot 2
[00:13:01.222] [SEVERE ] placing card 46 in slot 3
[00:13:01.332] [SEVERE ] placing card 42 in slot 4
[00:13:01.442] [SEVERE ] placing card 65 in slot 5
[00:13:01.552] [SEVERE ] placing card 2 in slot 6
[00:13:01.662] [SEVERE ] placing card 12 in slot 7
[00:13:01.772] [SEVERE ] placing card 22 in slot 8
[00:13:01.882] [SEVERE ] placing card 76 in slot 9
[00:13:01.993] [SEVERE ] placing card 16 in slot 10
[00:13:02.102] [SEVERE ] placing card 68 in slot 11
[00:13:02.102] [SEVERE ] player 2 placing token on slot 9
[00:13:02.102] [SEVERE ] player 2 placing token on slot 8
[00:13:02.102] [SEVERE ] player 2 placing token on slot 10
[00:13:02.102] [SEVERE ] updating countdown to 60000
[00:13:02.102] [SEVERE ] setting player 2 freeze to 3900
[00:13:03.064] [SEVERE ] updating countdown to 59038
[00:13:03.064] [SEVERE ] setting player 2 freeze to 2938
[00:13:04.021] [SEVERE ] updating countdown to 58081
[00:13:04.021] [SEVERE ] setting player 2 freeze to 1981
[00:13:04.982] [SEVERE ] updating countdown to 57120
[00:13:04.982] [SEVERE ] setting player 2 freeze to 1020
[00:13:05.111] [SEVERE ] removing player 2 token from slot 9
[00:13:05.111] [SEVERE ] player 2 placing token on slot 7
[00:13:05.111] [SEVERE ] setting player 2 freeze to 3900
[00:13:05.936] [SEVERE ] updating countdown to 56166
[00:13:05.936] [SEVERE ] setting player 2 freeze to 3075
[00:13:06.898] [SEVERE ] updating countdown to 55204
[00:13:06.898] [SEVERE ] setting player 2 freeze to 2113
[00:13:07.860] [SEVERE ] updating countdown to 54242
[00:13:07.860] [SEVERE ] setting player 2 freeze to 1151
[00:13:08.114] [SEVERE ] removing player 2 token from slot 10
[00:13:08.114] [SEVERE ] player 2 placing token on slot 9
[00:13:08.114] [SEVERE ] setting player 2 freeze to 3900
[00:13:08.813] [SEVERE ] updating countdown to 53289
[00:13:08.813] [SEVERE ] setting player 2 freeze to 3201
[00:13:09.766] [SEVERE ] updating countdown to 52336
[00:13:09.766] [SEVERE ] setting player 2 freeze to 2248
[00:13:10.721] [SEVERE ] updating countdown to 51381
[00:13:10.721] [SEVERE ] setting player 2 freeze to 1293
[00:13:11.125] [SEVERE ] removing player 2 token from slot 7
[00:13:11.125] [SEVERE ] player 2 placing token on slot 10
[00:13:11.126] [SEVERE ] setting player 2 freeze to 3900
[00:13:11.673] [SEVERE ] updating countdown to 50429
[00:13:11.673] [SEVERE ] setting player 2 freeze to 3353
[00:13:12.634] [SEVERE ] updating countdown to 49468
[00:13:12.634] [SEVERE ] setting player 2 freeze to 2392
[00:13:13.590] [SEVERE ] updating countdown to 48512
[00:13:13.590] [SEVERE ] setting player 2 freeze to 1436
[00:13:14.127] [SEVERE ] removing player 2 token from slot 9
[00:13:14.127] [SEVERE ] player 2 placing token on slot 4
[00:13:14.128] [SEVERE ] setting player 2 freeze to 3900
[00:13:14.546] [SEVERE ] updating countdown to 47556
[00:13:14.546] [SEVERE ] setting player 2 freeze to 3482
[00:13:15.507] [SEVERE ] updating countdown to 46595
[00:13:15.507] [SEVERE ] setting player 2 freeze to 2521
[00:13:16.458] [SEVERE ] updating countdown to 45644
[00:13:16.458] [SEVERE ] setting player 2 freeze to 1570
[00:13:17.137] [SEVERE ] removing player 2 token from slot 4
[00:13:17.138] [SEVERE ] player 2 placing token on slot 7
[00:13:17.145] [SEVERE ] setting player 2 freeze to 3900
[00:13:17.410] [SEVERE ] updating countdown to 44692
[00:13:17.410] [SEVERE ] setting player 2 freeze to 3635
[00:13:18.372] [SEVERE ] updating countdown to 43730
[00:13:18.372] [SEVERE ] setting player 2 freeze to 2673
[00:13:19.335] [SEVERE ] updating countdown to 42767
[00:13:19.335] [SEVERE ] setting player 2 freeze to 1710
[00:13:20.155] [SEVERE ] removing player 2 token from slot 10
[00:13:20.155] [SEVERE ] player 2 placing token on slot 5
[00:13:20.155] [SEVERE ] setting player 2 freeze to 3900
[00:13:20.294] [SEVERE ] updating countdown to 41808
[00:13:20.294] [SEVERE ] setting player 2 freeze to 3761
[00:13:21.256] [SEVERE ] updating countdown to 40846
[00:13:21.256] [SEVERE ] setting player 2 freeze to 2799
[00:13:22.213] [SEVERE ] updating countdown to 39889
[00:13:22.213] [SEVERE ] setting player 2 freeze to 1842
[00:13:23.164] [SEVERE ] updating countdown to 38938
[00:13:23.164] [SEVERE ] setting player 2 freeze to 0
[00:13:23.165] [SEVERE ] removing player 2 token from slot 8
[00:13:23.165] [SEVERE ] player 2 placing token on slot 6
[00:13:23.165] [SEVERE ] setting player 2 freeze to 3900
[00:13:24.117] [SEVERE ] updating countdown to 37985
[00:13:24.117] [SEVERE ] setting player 2 freeze to 2948
[00:13:25.080] [SEVERE ] updating countdown to 37022
[00:13:25.080] [SEVERE ] setting player 2 freeze to 1985
[00:13:26.041] [SEVERE ] updating countdown to 36061
[00:13:26.041] [SEVERE ] setting player 2 freeze to 1024
[00:13:26.177] [SEVERE ] removing player 2 token from slot 7
[00:13:26.177] [SEVERE ] player 2 placing token on slot 7
[00:13:26.177] [SEVERE ] setting player 2 freeze to 3900
[00:13:26.993] [SEVERE ] updating countdown to 35109
[00:13:26.993] [SEVERE ] setting player 2 freeze to 3084
[00:13:27.959] [SEVERE ] updating countdown to 34143
[00:13:27.959] [SEVERE ] setting player 2 freeze to 2118
[00:13:28.921] [SEVERE ] updating countdown to 33181
[00:13:28.921] [SEVERE ] setting player 2 freeze to 1156
[00:13:29.192] [SEVERE ] removing player 2 token from slot 6
[00:13:29.192] [SEVERE ] player 2 placing token on slot 6
[00:13:29.192] [SEVERE ] setting player 2 freeze to 3900
[00:13:29.873] [SEVERE ] updating countdown to 32229
[00:13:29.873] [SEVERE ] setting player 2 freeze to 3219
[00:13:30.832] [SEVERE ] updating countdown to 31270
[00:13:30.832] [SEVERE ] setting player 2 freeze to 2260
[00:13:31.782] [SEVERE ] updating countdown to 30320
[00:13:31.782] [SEVERE ] setting player 2 freeze to 1310
[00:13:32.196] [SEVERE ] removing player 2 token from slot 7
[00:13:32.196] [SEVERE ] player 2 placing token on slot 7
[00:13:32.196] [SEVERE ] setting player 2 freeze to 3900
[00:13:32.733] [SEVERE ] updating countdown to 29369
[00:13:32.733] [SEVERE ] setting player 2 freeze to 3363
[00:13:33.692] [SEVERE ] exit button pressed
[00:13:33.692] [INFO   ] thread Thread-0 terminated.
[00:13:33.692] [INFO   ] thread computer-1 terminated.
[00:13:33.694] [SEVERE ] updating countdown to 28408
[00:13:33.694] [SEVERE ] setting player 2 freeze to 2402
[00:13:33.796] [SEVERE ] removing card from slot 0
[00:13:33.909] [SEVERE ] removing card from slot 1
[00:13:34.019] [SEVERE ] removing card from slot 2
[00:13:34.129] [SEVERE ] removing card from slot 3
[00:13:34.240] [SEVERE ] removing card from slot 4
[00:13:34.342] [SEVERE ] removing player 2 token from slot 5
[00:13:34.342] [SEVERE ] removing card from slot 5
[00:13:34.446] [SEVERE ] removing player 2 token from slot 6
[00:13:34.446] [SEVERE ] removing card from slot 6
[00:13:34.551] [SEVERE ] removing player 2 token from slot 7
[00:13:34.551] [SEVERE ] removing card from slot 7
[00:13:34.651] [SEVERE ] removing card from slot 8
[00:13:34.755] [SEVERE ] removing card from slot 9
[00:13:34.862] [SEVERE ] removing card from slot 10
[00:13:34.964] [SEVERE ] removing card from slot 11
[00:13:34.967] [SEVERE ] announcing winner(s): player 1, player 2
[00:13:34.969] [INFO   ] thread dealer terminated.
[00:13:34.970] [INFO   ] thread Thread-1 terminated.
[00:13:34.970] [INFO   ] thread dealer terminated.
[00:13:34.970] [SEVERE ] thanks for playing... it was fun!
[00:13:34.971] [INFO   ] thread main terminated.
