[23:10:22.102] [INFO   ] thread main starting.
[23:10:22.102] [SEVERE ] cannot read configuration file config.properties trying from resources.
[23:10:22.102] [SEVERE ] configuration file was loaded from resources directory.
[23:10:22.462] [INFO   ] thread dealer starting.
[23:10:22.462] [INFO   ] thread dealer starting.
[23:10:22.463] [INFO   ] thread Thread-0 starting.
[23:10:22.463] [INFO   ] thread Thread-2 starting.
[23:10:22.463] [INFO   ] thread Thread-5 starting.
[23:10:22.463] [INFO   ] thread Thread-1 starting.
[23:10:22.464] [INFO   ] thread computer-2 starting.
[23:10:22.463] [INFO   ] thread Thread-3 starting.
[23:10:22.463] [INFO   ] thread Thread-4 starting.
[23:10:22.464] [INFO   ] thread computer-0 starting.
[23:10:22.464] [INFO   ] thread computer-5 starting.
[23:10:22.465] [INFO   ] thread computer-1 starting.
[23:10:22.466] [INFO   ] thread computer-3 starting.
[23:10:22.470] [INFO   ] thread computer-4 starting.
[23:10:22.577] [SEVERE ] placing card 33 in slot 0
[23:10:22.685] [SEVERE ] placing card 47 in slot 1
[23:10:22.800] [SEVERE ] placing card 20 in slot 2
[23:10:22.909] [SEVERE ] placing card 6 in slot 3
[23:10:23.019] [SEVERE ] placing card 18 in slot 4
[23:10:23.126] [SEVERE ] placing card 19 in slot 5
[23:10:23.233] [SEVERE ] placing card 77 in slot 6
[23:10:23.335] [SEVERE ] placing card 13 in slot 7
[23:10:23.449] [SEVERE ] placing card 41 in slot 8
[23:10:23.551] [SEVERE ] placing card 5 in slot 9
[23:10:23.660] [SEVERE ] placing card 53 in slot 10
[23:10:23.762] [SEVERE ] placing card 2 in slot 11
[23:10:23.762] [SEVERE ] player 1 placing token on slot 6
[23:10:23.763] [SEVERE ] player 1 placing token on slot 0
[23:10:23.763] [SEVERE ] player 1 placing token on slot 9
[23:10:23.764] [SEVERE ] player 3 placing token on slot 9
[23:10:23.764] [SEVERE ] player 3 placing token on slot 4
[23:10:23.764] [SEVERE ] player 5 placing token on slot 2
[23:10:23.765] [SEVERE ] player 4 placing token on slot 10
[23:10:23.765] [SEVERE ] player 4 placing token on slot 4
[23:10:23.765] [SEVERE ] player 6 placing token on slot 11
[23:10:23.765] [SEVERE ] player 6 placing token on slot 0
[23:10:23.766] [SEVERE ] player 6 placing token on slot 1
[23:10:23.766] [SEVERE ] player 4 placing token on slot 8
[23:10:23.766] [SEVERE ] player 2 placing token on slot 1
[23:10:23.766] [SEVERE ] player 5 placing token on slot 3
[23:10:23.766] [SEVERE ] player 3 placing token on slot 8
[23:10:23.767] [SEVERE ] player 5 placing token on slot 1
[23:10:23.767] [SEVERE ] player 2 placing token on slot 4
[23:10:23.767] [SEVERE ] player 2 placing token on slot 2
[23:10:23.772] [SEVERE ] updating countdown to 10000
[23:10:23.772] [SEVERE ] updating countdown to 10000
[23:10:23.773] [SEVERE ] setting player 1 freeze to 1900
[23:10:24.782] [SEVERE ] updating countdown to 9000
[23:10:24.782] [SEVERE ] removing player 1 token from slot 9
[23:10:24.782] [SEVERE ] setting player 1 freeze to 0
[23:10:24.782] [SEVERE ] player 1 placing token on slot 5
[23:10:24.783] [SEVERE ] setting player 4 freeze to 1900
[23:10:24.783] [SEVERE ] updating countdown to 9000
[23:10:24.783] [SEVERE ] setting player 4 freeze to 1900
[23:10:24.783] [SEVERE ] setting player 6 freeze to 1900
[23:10:25.787] [SEVERE ] removing player 4 token from slot 10
[23:10:25.787] [SEVERE ] updating countdown to 8000
[23:10:25.788] [SEVERE ] removing player 4 token from slot 8
[23:10:25.788] [SEVERE ] setting player 4 freeze to 0
[23:10:25.788] [SEVERE ] removing player 6 token from slot 0
[23:10:25.788] [SEVERE ] setting player 6 freeze to 0
[23:10:25.789] [SEVERE ] player 6 placing token on slot 5
[23:10:25.789] [SEVERE ] player 4 placing token on slot 3
[23:10:25.789] [SEVERE ] player 4 placing token on slot 0
[23:10:25.789] [SEVERE ] setting player 3 freeze to 1900
[23:10:25.789] [SEVERE ] updating countdown to 8000
[23:10:25.789] [SEVERE ] setting player 3 freeze to 1900
[23:10:25.789] [SEVERE ] setting player 5 freeze to 1900
[23:10:26.795] [SEVERE ] removing player 3 token from slot 9
[23:10:26.795] [SEVERE ] updating countdown to 7000
[23:10:26.795] [SEVERE ] player 3 placing token on slot 10
[23:10:26.796] [SEVERE ] setting player 3 freeze to 0
[23:10:26.796] [SEVERE ] removing player 5 token from slot 2
[23:10:26.796] [SEVERE ] setting player 5 freeze to 0
[23:10:26.796] [SEVERE ] player 5 placing token on slot 5
[23:10:26.797] [SEVERE ] setting player 2 freeze to 1900
[23:10:26.797] [SEVERE ] updating countdown to 7000
[23:10:26.797] [SEVERE ] setting player 2 freeze to 1900
[23:10:26.797] [SEVERE ] setting player 1 freeze to 1900
[23:10:27.809] [SEVERE ] updating countdown to 6000
[23:10:27.809] [SEVERE ] removing player 2 token from slot 1
[23:10:27.809] [SEVERE ] setting player 1 freeze to 0
[23:10:27.809] [SEVERE ] player 2 placing token on slot 6
[23:10:27.809] [SEVERE ] setting player 2 freeze to 0
[23:10:27.809] [SEVERE ] removing player 1 token from slot 0
[23:10:27.810] [SEVERE ] player 1 placing token on slot 8
[23:10:27.810] [SEVERE ] setting player 4 freeze to 1900
[23:10:27.810] [SEVERE ] updating countdown to 6000
[23:10:27.810] [SEVERE ] setting player 4 freeze to 1900
[23:10:27.810] [SEVERE ] setting player 6 freeze to 1900
[23:10:28.814] [SEVERE ] removing player 6 token from slot 1
[23:10:28.814] [SEVERE ] player 6 placing token on slot 8
[23:10:28.815] [SEVERE ] removing player 4 token from slot 0
[23:10:28.815] [SEVERE ] setting player 4 freeze to 0
[23:10:28.815] [SEVERE ] player 4 placing token on slot 0
[23:10:28.815] [SEVERE ] setting player 6 freeze to 0
[23:10:28.815] [SEVERE ] setting player 3 freeze to 1900
[23:10:28.815] [SEVERE ] setting player 3 freeze to 1900
[23:10:28.815] [SEVERE ] setting player 5 freeze to 1900
[23:10:28.928] [SEVERE ] setting player 3 freeze to 1787
[23:10:28.928] [SEVERE ] setting player 5 freeze to 1787
[23:10:28.928] [SEVERE ] setting player 2 freeze to 1900
[23:10:29.031] [SEVERE ] setting player 2 freeze to 1797
[23:10:29.031] [SEVERE ] setting player 3 freeze to 1684
[23:10:29.031] [SEVERE ] setting player 5 freeze to 1684
[23:10:29.031] [SEVERE ] setting player 1 freeze to 1900
[23:10:29.144] [SEVERE ] setting player 1 freeze to 1787
[23:10:29.144] [SEVERE ] setting player 2 freeze to 1684
[23:10:29.144] [SEVERE ] setting player 3 freeze to 1571
[23:10:29.144] [SEVERE ] setting player 5 freeze to 1571
[23:10:29.144] [SEVERE ] setting player 4 freeze to 1900
[23:10:29.247] [SEVERE ] setting player 1 freeze to 1684
[23:10:29.247] [SEVERE ] setting player 2 freeze to 1581
[23:10:29.247] [SEVERE ] setting player 3 freeze to 1468
[23:10:29.247] [SEVERE ] setting player 4 freeze to 1797
[23:10:29.247] [SEVERE ] setting player 5 freeze to 1468
[23:10:29.247] [SEVERE ] setting player 6 freeze to 1900
[23:10:29.353] [SEVERE ] setting player 1 freeze to 1578
[23:10:29.353] [SEVERE ] setting player 2 freeze to 1475
[23:10:29.353] [SEVERE ] setting player 3 freeze to 1362
[23:10:29.353] [SEVERE ] setting player 4 freeze to 1691
[23:10:29.353] [SEVERE ] setting player 5 freeze to 1362
[23:10:29.353] [SEVERE ] setting player 6 freeze to 1794
[23:10:29.469] [SEVERE ] setting player 1 freeze to 1462
[23:10:29.469] [SEVERE ] setting player 2 freeze to 1359
[23:10:29.469] [SEVERE ] setting player 3 freeze to 1246
[23:10:29.469] [SEVERE ] setting player 4 freeze to 1575
[23:10:29.469] [SEVERE ] setting player 5 freeze to 1246
[23:10:29.469] [SEVERE ] setting player 6 freeze to 1678
[23:10:29.578] [SEVERE ] setting player 1 freeze to 1353
[23:10:29.578] [SEVERE ] setting player 2 freeze to 1250
[23:10:29.578] [SEVERE ] setting player 3 freeze to 1137
[23:10:29.578] [SEVERE ] setting player 4 freeze to 1466
[23:10:29.578] [SEVERE ] setting player 5 freeze to 1137
[23:10:29.578] [SEVERE ] setting player 6 freeze to 1569
[23:10:29.681] [SEVERE ] setting player 1 freeze to 1250
[23:10:29.681] [SEVERE ] setting player 2 freeze to 1147
[23:10:29.681] [SEVERE ] setting player 3 freeze to 1034
[23:10:29.681] [SEVERE ] setting player 4 freeze to 1363
[23:10:29.681] [SEVERE ] setting player 5 freeze to 1034
[23:10:29.681] [SEVERE ] setting player 6 freeze to 1466
[23:10:29.786] [SEVERE ] setting player 1 freeze to 1145
[23:10:29.786] [SEVERE ] setting player 2 freeze to 1042
[23:10:29.786] [SEVERE ] setting player 3 freeze to 929
[23:10:29.786] [SEVERE ] setting player 4 freeze to 1258
[23:10:29.786] [SEVERE ] setting player 5 freeze to 929
[23:10:29.786] [SEVERE ] setting player 6 freeze to 1361
[23:10:29.821] [SEVERE ] removing player 3 token from slot 10
[23:10:29.821] [SEVERE ] removing player 3 token from slot 4
[23:10:29.822] [SEVERE ] removing player 5 token from slot 1
[23:10:29.822] [SEVERE ] player 5 placing token on slot 7
[23:10:29.822] [SEVERE ] player 3 placing token on slot 11
[23:10:29.822] [SEVERE ] removing player 3 token from slot 8
[23:10:29.822] [SEVERE ] removing player 3 token from slot 11
[23:10:29.822] [SEVERE ] player 3 placing token on slot 9
[23:10:29.822] [SEVERE ] setting player 1 freeze to 1109
[23:10:29.823] [SEVERE ] player 3 placing token on slot 5
[23:10:29.823] [SEVERE ] player 3 placing token on slot 10
[23:10:29.823] [SEVERE ] setting player 2 freeze to 1005
[23:10:29.823] [SEVERE ] setting player 3 freeze to 0
[23:10:29.823] [SEVERE ] setting player 4 freeze to 1221
[23:10:29.823] [SEVERE ] setting player 5 freeze to 0
[23:10:29.823] [SEVERE ] setting player 6 freeze to 1324
[23:10:29.824] [SEVERE ] setting player 5 freeze to 1900
[23:10:29.825] [SEVERE ] setting player 1 freeze to 1106
[23:10:29.825] [SEVERE ] setting player 2 freeze to 1003
[23:10:29.825] [SEVERE ] setting player 4 freeze to 1219
[23:10:29.825] [SEVERE ] setting player 5 freeze to 1898
[23:10:29.825] [SEVERE ] setting player 6 freeze to 1322
[23:10:29.825] [SEVERE ] setting player 3 freeze to 1900
[23:10:29.925] [SEVERE ] setting player 1 freeze to 1006
[23:10:29.925] [SEVERE ] setting player 2 freeze to 903
[23:10:29.925] [SEVERE ] setting player 3 freeze to 1800
[23:10:29.925] [SEVERE ] setting player 4 freeze to 1119
[23:10:29.925] [SEVERE ] setting player 5 freeze to 1798
[23:10:29.925] [SEVERE ] setting player 6 freeze to 1222
[23:10:29.941] [SEVERE ] removing player 2 token from slot 2
[23:10:29.942] [SEVERE ] player 2 placing token on slot 1
[23:10:29.943] [SEVERE ] setting player 1 freeze to 988
[23:10:29.944] [SEVERE ] setting player 2 freeze to 0
[23:10:29.944] [SEVERE ] setting player 3 freeze to 1781
[23:10:29.944] [SEVERE ] setting player 4 freeze to 1100
[23:10:29.944] [SEVERE ] setting player 5 freeze to 1779
[23:10:29.944] [SEVERE ] setting player 6 freeze to 1203
[23:10:29.944] [SEVERE ] setting player 2 freeze to 1900
[23:10:30.027] [SEVERE ] setting player 1 freeze to 904
[23:10:30.027] [SEVERE ] setting player 2 freeze to 1817
[23:10:30.027] [SEVERE ] setting player 3 freeze to 1698
[23:10:30.027] [SEVERE ] setting player 4 freeze to 1017
[23:10:30.027] [SEVERE ] setting player 5 freeze to 1696
[23:10:30.027] [SEVERE ] setting player 6 freeze to 1120
[23:10:30.043] [SEVERE ] removing player 1 token from slot 6
[23:10:30.043] [SEVERE ] player 1 placing token on slot 9
[23:10:30.044] [SEVERE ] setting player 1 freeze to 0
[23:10:30.044] [SEVERE ] setting player 2 freeze to 1800
[23:10:30.044] [SEVERE ] setting player 3 freeze to 1681
[23:10:30.044] [SEVERE ] setting player 4 freeze to 1000
[23:10:30.045] [SEVERE ] setting player 5 freeze to 1678
[23:10:30.045] [SEVERE ] setting player 6 freeze to 1102
[23:10:30.045] [SEVERE ] setting player 1 freeze to 1900
[23:10:30.129] [SEVERE ] setting player 1 freeze to 1816
[23:10:30.129] [SEVERE ] setting player 2 freeze to 1715
[23:10:30.129] [SEVERE ] setting player 3 freeze to 1596
[23:10:30.129] [SEVERE ] setting player 4 freeze to 915
[23:10:30.129] [SEVERE ] setting player 5 freeze to 1594
[23:10:30.129] [SEVERE ] setting player 6 freeze to 1018
[23:10:30.146] [SEVERE ] removing player 4 token from slot 4
[23:10:30.146] [SEVERE ] player 4 placing token on slot 2
[23:10:30.147] [SEVERE ] setting player 1 freeze to 1798
[23:10:30.147] [SEVERE ] setting player 2 freeze to 1697
[23:10:30.147] [SEVERE ] setting player 3 freeze to 1578
[23:10:30.147] [SEVERE ] setting player 4 freeze to 0
[23:10:30.147] [SEVERE ] setting player 5 freeze to 1576
[23:10:30.147] [SEVERE ] setting player 6 freeze to 1000
[23:10:30.147] [SEVERE ] setting player 4 freeze to 1900
[23:10:30.231] [SEVERE ] setting player 1 freeze to 1714
[23:10:30.231] [SEVERE ] setting player 2 freeze to 1613
[23:10:30.231] [SEVERE ] setting player 3 freeze to 1494
[23:10:30.231] [SEVERE ] setting player 4 freeze to 1816
[23:10:30.231] [SEVERE ] setting player 5 freeze to 1492
[23:10:30.231] [SEVERE ] setting player 6 freeze to 916
[23:10:30.248] [SEVERE ] removing player 6 token from slot 11
[23:10:30.249] [SEVERE ] player 6 placing token on slot 1
[23:10:30.249] [SEVERE ] setting player 1 freeze to 1696
[23:10:30.249] [SEVERE ] setting player 2 freeze to 1595
[23:10:30.249] [SEVERE ] setting player 3 freeze to 1476
[23:10:30.249] [SEVERE ] setting player 4 freeze to 1798
[23:10:30.249] [SEVERE ] setting player 5 freeze to 1474
[23:10:30.249] [SEVERE ] setting player 6 freeze to 0
[23:10:30.250] [SEVERE ] setting player 6 freeze to 1900
[23:10:30.333] [SEVERE ] setting player 1 freeze to 1612
[23:10:30.333] [SEVERE ] setting player 2 freeze to 1511
[23:10:30.333] [SEVERE ] setting player 3 freeze to 1392
[23:10:30.333] [SEVERE ] setting player 4 freeze to 1714
[23:10:30.333] [SEVERE ] setting player 5 freeze to 1390
[23:10:30.333] [SEVERE ] setting player 6 freeze to 1817
[23:10:30.445] [SEVERE ] setting player 1 freeze to 1500
[23:10:30.445] [SEVERE ] setting player 2 freeze to 1399
[23:10:30.445] [SEVERE ] setting player 3 freeze to 1280
[23:10:30.445] [SEVERE ] setting player 4 freeze to 1602
[23:10:30.445] [SEVERE ] setting player 5 freeze to 1278
[23:10:30.445] [SEVERE ] setting player 6 freeze to 1705
[23:10:30.554] [SEVERE ] setting player 1 freeze to 1391
[23:10:30.554] [SEVERE ] setting player 2 freeze to 1290
[23:10:30.554] [SEVERE ] setting player 3 freeze to 1171
[23:10:30.554] [SEVERE ] setting player 4 freeze to 1493
[23:10:30.554] [SEVERE ] setting player 5 freeze to 1169
[23:10:30.554] [SEVERE ] setting player 6 freeze to 1596
[23:10:30.656] [SEVERE ] setting player 1 freeze to 1289
[23:10:30.656] [SEVERE ] setting player 2 freeze to 1188
[23:10:30.656] [SEVERE ] setting player 3 freeze to 1069
[23:10:30.656] [SEVERE ] setting player 4 freeze to 1391
[23:10:30.656] [SEVERE ] setting player 5 freeze to 1067
[23:10:30.656] [SEVERE ] setting player 6 freeze to 1494
[23:10:30.769] [SEVERE ] setting player 1 freeze to 1176
[23:10:30.769] [SEVERE ] setting player 2 freeze to 1075
[23:10:30.769] [SEVERE ] setting player 3 freeze to 956
[23:10:30.769] [SEVERE ] setting player 4 freeze to 1278
[23:10:30.769] [SEVERE ] setting player 5 freeze to 954
[23:10:30.769] [SEVERE ] setting player 6 freeze to 1381
[23:10:30.846] [SEVERE ] removing player 3 token from slot 10
[23:10:30.846] [SEVERE ] player 3 placing token on slot 11
[23:10:30.847] [SEVERE ] removing player 5 token from slot 5
[23:10:30.847] [SEVERE ] player 5 placing token on slot 10
[23:10:30.847] [SEVERE ] setting player 1 freeze to 1098
[23:10:30.847] [SEVERE ] setting player 2 freeze to 997
[23:10:30.847] [SEVERE ] setting player 3 freeze to 0
[23:10:30.847] [SEVERE ] setting player 4 freeze to 1200
[23:10:30.847] [SEVERE ] setting player 5 freeze to 0
[23:10:30.847] [SEVERE ] setting player 6 freeze to 1303
[23:10:30.847] [SEVERE ] setting player 3 freeze to 1900
[23:10:30.847] [SEVERE ] setting player 1 freeze to 1098
[23:10:30.847] [SEVERE ] setting player 2 freeze to 997
[23:10:30.847] [SEVERE ] setting player 3 freeze to 1900
[23:10:30.847] [SEVERE ] setting player 4 freeze to 1200
[23:10:30.847] [SEVERE ] setting player 6 freeze to 1303
[23:10:30.847] [SEVERE ] setting player 5 freeze to 1900
[23:10:30.953] [SEVERE ] removing player 2 token from slot 4
[23:10:30.953] [SEVERE ] setting player 1 freeze to 992
[23:10:30.953] [SEVERE ] player 2 placing token on slot 9
[23:10:30.953] [SEVERE ] setting player 2 freeze to 0
[23:10:30.953] [SEVERE ] setting player 3 freeze to 1794
[23:10:30.953] [SEVERE ] setting player 4 freeze to 1094
[23:10:30.953] [SEVERE ] setting player 5 freeze to 1794
[23:10:30.953] [SEVERE ] setting player 6 freeze to 1197
[23:10:30.953] [SEVERE ] setting player 2 freeze to 1900
[23:10:30.953] [SEVERE ] setting player 1 freeze to 992
[23:10:30.953] [SEVERE ] setting player 2 freeze to 1900
[23:10:30.953] [SEVERE ] setting player 3 freeze to 1794
[23:10:30.953] [SEVERE ] setting player 4 freeze to 1094
[23:10:30.953] [SEVERE ] setting player 5 freeze to 1794
[23:10:30.953] [SEVERE ] setting player 6 freeze to 1197
[23:10:31.054] [SEVERE ] removing player 1 token from slot 9
[23:10:31.054] [SEVERE ] player 1 placing token on slot 9
[23:10:31.055] [SEVERE ] setting player 1 freeze to 0
[23:10:31.055] [SEVERE ] setting player 2 freeze to 1798
[23:10:31.055] [SEVERE ] setting player 3 freeze to 1692
[23:10:31.055] [SEVERE ] setting player 4 freeze to 992
[23:10:31.055] [SEVERE ] setting player 5 freeze to 1692
[23:10:31.055] [SEVERE ] setting player 6 freeze to 1095
[23:10:31.055] [SEVERE ] setting player 1 freeze to 1900
[23:10:31.055] [INFO   ] thread dealer terminated.
[23:10:31.153] [SEVERE ] removing player 4 token from slot 3
[23:10:31.154] [SEVERE ] player 4 placing token on slot 9
[23:10:31.259] [SEVERE ] removing player 6 token from slot 1
[23:10:31.259] [SEVERE ] player 6 placing token on slot 1
[23:10:31.850] [SEVERE ] removing player 5 token from slot 7
[23:10:31.851] [SEVERE ] player 5 placing token on slot 2
[23:10:31.851] [SEVERE ] removing player 3 token from slot 11
[23:10:31.851] [SEVERE ] player 3 placing token on slot 2
[23:10:31.959] [SEVERE ] removing player 2 token from slot 6
[23:10:31.959] [SEVERE ] player 2 placing token on slot 4
[23:10:32.059] [SEVERE ] removing player 1 token from slot 8
[23:10:32.059] [SEVERE ] player 1 placing token on slot 1
[23:10:36.062] [SEVERE ] thanks for playing... it was fun!
[23:10:36.062] [INFO   ] thread main terminated.
[23:10:36.062] [SEVERE ] disposing of user interface elements
