[20:09:04.443] [INFO   ] thread main starting.
[20:09:04.448] [SEVERE ] cannot read configuration file config.properties trying from resources.
[20:09:04.449] [SEVERE ] configuration file was loaded from resources directory.
[20:09:04.791] [INFO   ] thread dealer starting.
[20:09:04.791] [INFO   ] thread dealer starting.
[20:09:04.792] [INFO   ] thread Thread-0 starting.
[20:09:04.792] [INFO   ] thread Thread-1 starting.
[20:09:04.794] [INFO   ] thread computer-0 starting.
[20:09:04.794] [INFO   ] thread computer-1 starting.
[20:09:04.907] [SEVERE ] placing card 75 in slot 0
[20:09:05.013] [SEVERE ] placing card 2 in slot 1
[20:09:05.132] [SEVERE ] placing card 25 in slot 2
[20:09:05.237] [SEVERE ] placing card 46 in slot 3
[20:09:05.349] [SEVERE ] placing card 9 in slot 4
[20:09:05.459] [SEVERE ] placing card 28 in slot 5
[20:09:05.569] [SEVERE ] placing card 79 in slot 6
[20:09:05.679] [SEVERE ] placing card 72 in slot 7
[20:09:05.789] [SEVERE ] placing card 12 in slot 8
[20:09:05.899] [SEVERE ] placing card 29 in slot 9
[20:09:06.010] [SEVERE ] placing card 49 in slot 10
[20:09:06.116] [SEVERE ] placing card 50 in slot 11
[20:09:06.116] [SEVERE ] player 1 placing token on slot 0
[20:09:06.118] [SEVERE ] player 1 placing token on slot 9
[20:09:06.118] [SEVERE ] player 1 placing token on slot 11
[20:09:06.118] [SEVERE ] player 2 placing token on slot 3
[20:09:06.118] [SEVERE ] player 2 placing token on slot 6
[20:09:06.118] [SEVERE ] player 2 placing token on slot 11
[20:09:06.125] [SEVERE ] updating countdown to 60000
[20:09:06.125] [SEVERE ] setting player 1 freeze to 3000
[20:09:07.131] [SEVERE ] updating countdown to 59000
[20:09:07.131] [SEVERE ] setting player 1 freeze to 2000
[20:09:07.131] [SEVERE ] setting player 2 freeze to 3000
[20:09:08.137] [SEVERE ] updating countdown to 58000
[20:09:08.137] [SEVERE ] setting player 1 freeze to 1000
[20:09:08.137] [SEVERE ] setting player 2 freeze to 2000
[20:09:09.128] [SEVERE ] removing player 1 token from slot 0
[20:09:09.128] [SEVERE ] player 1 placing token on slot 3
[20:09:09.128] [SEVERE ] updating countdown to 57000
[20:09:09.128] [SEVERE ] setting player 1 freeze to 0
[20:09:09.128] [SEVERE ] setting player 2 freeze to 2000
[20:09:09.128] [SEVERE ] setting player 1 freeze to 3000
[20:09:09.128] [SEVERE ] removing player 1 token from slot 9
[20:09:09.128] [SEVERE ] player 1 placing token on slot 8
[20:09:09.128] [SEVERE ] setting player 1 freeze to 3000
[20:09:09.128] [SEVERE ] setting player 2 freeze to 2000
[20:09:09.128] [SEVERE ] setting player 1 freeze to 3000
[20:09:09.128] [SEVERE ] removing player 1 token from slot 8
[20:09:09.128] [SEVERE ] player 1 placing token on slot 10
[20:09:09.128] [SEVERE ] setting player 1 freeze to 3000
[20:09:09.128] [SEVERE ] setting player 2 freeze to 2000
[20:09:09.128] [SEVERE ] setting player 1 freeze to 3000
[20:09:09.128] [SEVERE ] removing player 1 token from slot 3
[20:09:09.128] [SEVERE ] player 1 placing token on slot 9
[20:09:09.128] [SEVERE ] setting player 1 freeze to 3000
[20:09:09.128] [SEVERE ] setting player 2 freeze to 2000
[20:09:09.128] [SEVERE ] setting player 1 freeze to 3000
[20:09:09.128] [SEVERE ] removing player 1 token from slot 10
[20:09:09.128] [SEVERE ] player 1 placing token on slot 2
[20:09:09.128] [SEVERE ] setting player 1 freeze to 3000
[20:09:09.128] [SEVERE ] setting player 2 freeze to 2000
[20:09:09.128] [SEVERE ] setting player 1 freeze to 3000
[20:09:09.128] [SEVERE ] removing player 1 token from slot 2
[20:09:09.128] [SEVERE ] player 1 placing token on slot 10
[20:09:09.128] [SEVERE ] setting player 1 freeze to 3000
[20:09:09.128] [SEVERE ] setting player 2 freeze to 2000
[20:09:09.128] [SEVERE ] setting player 1 freeze to 3000
[20:09:09.128] [SEVERE ] removing player 1 token from slot 11
[20:09:09.128] [SEVERE ] player 1 placing token on slot 3
[20:09:09.128] [SEVERE ] setting player 1 freeze to 3000
[20:09:09.128] [SEVERE ] setting player 2 freeze to 2000
[20:09:09.128] [SEVERE ] setting player 1 freeze to 3000
[20:09:09.128] [SEVERE ] removing player 1 token from slot 10
[20:09:09.128] [SEVERE ] player 1 placing token on slot 8
[20:09:09.144] [SEVERE ] setting player 1 freeze to 3000
[20:09:09.144] [SEVERE ] setting player 2 freeze to 1000
[20:09:09.144] [SEVERE ] setting player 1 freeze to 3000
[20:09:09.144] [SEVERE ] removing player 1 token from slot 3
[20:09:09.144] [SEVERE ] removing player 1 token from slot 9
[20:09:09.144] [SEVERE ] player 1 placing token on slot 5
[20:09:09.145] [SEVERE ] player 1 placing token on slot 11
[20:09:09.145] [SEVERE ] setting player 1 freeze to 3000
[20:09:09.145] [SEVERE ] setting player 2 freeze to 1000
[20:09:09.145] [SEVERE ] setting player 1 freeze to 3000
[20:09:09.145] [SEVERE ] removing player 1 token from slot 5
[20:09:09.145] [SEVERE ] player 1 placing token on slot 10
[20:09:09.146] [SEVERE ] setting player 1 freeze to 3000
[20:09:09.146] [SEVERE ] setting player 2 freeze to 1000
[20:09:09.146] [SEVERE ] setting player 1 freeze to 3000
[20:09:09.146] [SEVERE ] removing player 1 token from slot 8
[20:09:09.146] [SEVERE ] player 1 placing token on slot 9
[20:09:09.146] [SEVERE ] setting player 1 freeze to 3000
[20:09:09.146] [SEVERE ] setting player 2 freeze to 1000
[20:09:09.146] [SEVERE ] setting player 1 freeze to 3000
[20:09:09.146] [SEVERE ] removing player 1 token from slot 9
[20:09:09.146] [SEVERE ] player 1 placing token on slot 6
[20:09:09.146] [SEVERE ] setting player 1 freeze to 3000
[20:09:09.146] [SEVERE ] setting player 2 freeze to 1000
[20:09:09.146] [SEVERE ] setting player 1 freeze to 3000
[20:09:09.146] [SEVERE ] removing player 1 token from slot 11
[20:09:09.146] [SEVERE ] player 1 placing token on slot 5
[20:09:09.148] [SEVERE ] setting player 1 freeze to 3000
[20:09:09.148] [SEVERE ] setting player 2 freeze to 1000
[20:09:09.148] [SEVERE ] setting player 1 freeze to 3000
[20:09:09.148] [SEVERE ] removing player 1 token from slot 5
[20:09:09.148] [SEVERE ] player 1 placing token on slot 1
[20:09:09.148] [SEVERE ] setting player 1 freeze to 3000
[20:09:09.148] [SEVERE ] setting player 2 freeze to 1000
[20:09:09.148] [SEVERE ] setting player 1 freeze to 3000
[20:09:09.148] [SEVERE ] removing player 1 token from slot 6
[20:09:09.148] [SEVERE ] player 1 placing token on slot 2
[20:09:09.148] [SEVERE ] setting player 1 freeze to 3000
[20:09:09.148] [SEVERE ] setting player 2 freeze to 1000
[20:09:09.148] [SEVERE ] setting player 1 freeze to 3000
[20:09:09.148] [SEVERE ] removing player 1 token from slot 1
[20:09:09.148] [SEVERE ] player 1 placing token on slot 5
[20:09:09.148] [SEVERE ] setting player 1 freeze to 3000
[20:09:09.148] [SEVERE ] setting player 2 freeze to 1000
[20:09:09.148] [SEVERE ] setting player 1 freeze to 3000
[20:09:09.148] [SEVERE ] removing player 1 token from slot 2
[20:09:09.148] [SEVERE ] player 1 placing token on slot 3
[20:09:09.148] [SEVERE ] setting player 1 freeze to 3000
[20:09:09.148] [SEVERE ] setting player 2 freeze to 1000
[20:09:09.148] [SEVERE ] setting player 1 freeze to 3000
[20:09:09.148] [SEVERE ] removing player 1 token from slot 10
[20:09:09.148] [SEVERE ] player 1 placing token on slot 2
[20:09:09.148] [SEVERE ] setting player 1 freeze to 3000
[20:09:09.148] [SEVERE ] setting player 2 freeze to 1000
[20:09:09.148] [SEVERE ] setting player 1 freeze to 3000
[20:09:09.148] [SEVERE ] removing player 1 token from slot 2
[20:09:09.148] [SEVERE ] player 1 placing token on slot 10
[20:09:09.148] [SEVERE ] setting player 1 freeze to 3000
[20:09:09.148] [SEVERE ] setting player 2 freeze to 1000
[20:09:09.148] [SEVERE ] setting player 1 freeze to 3000
[20:09:09.148] [SEVERE ] removing player 1 token from slot 5
[20:09:09.148] [SEVERE ] player 1 placing token on slot 0
[20:09:09.148] [SEVERE ] setting player 1 freeze to 3000
[20:09:09.148] [SEVERE ] setting player 2 freeze to 1000
[20:09:09.148] [SEVERE ] setting player 1 freeze to 3000
[20:09:09.148] [SEVERE ] removing player 1 token from slot 10
[20:09:09.148] [SEVERE ] player 1 placing token on slot 5
[20:09:09.148] [SEVERE ] setting player 1 freeze to 3000
[20:09:09.148] [SEVERE ] setting player 2 freeze to 1000
[20:09:09.148] [SEVERE ] setting player 1 freeze to 3000
[20:09:09.148] [SEVERE ] removing player 1 token from slot 0
[20:09:09.148] [SEVERE ] player 1 placing token on slot 10
[20:09:09.148] [SEVERE ] setting player 1 freeze to 3000
[20:09:09.148] [SEVERE ] setting player 2 freeze to 1000
[20:09:09.148] [SEVERE ] setting player 1 freeze to 3000
[20:09:09.148] [SEVERE ] removing player 1 token from slot 10
[20:09:09.148] [SEVERE ] player 1 placing token on slot 2
[20:09:09.148] [SEVERE ] setting player 1 freeze to 3000
[20:09:09.148] [SEVERE ] setting player 2 freeze to 1000
[20:09:09.148] [SEVERE ] setting player 1 freeze to 3000
[20:09:09.148] [SEVERE ] removing player 1 token from slot 3
[20:09:09.148] [SEVERE ] removing player 1 token from slot 2
[20:09:09.148] [SEVERE ] player 1 placing token on slot 1
[20:09:09.148] [SEVERE ] removing player 1 token from slot 5
[20:09:09.148] [SEVERE ] player 1 placing token on slot 0
[20:09:09.148] [SEVERE ] removing player 1 token from slot 0
[20:09:09.148] [SEVERE ] player 1 placing token on slot 6
[20:09:09.148] [SEVERE ] player 1 placing token on slot 5
[20:09:09.148] [SEVERE ] setting player 1 freeze to 3000
[20:09:09.148] [SEVERE ] setting player 2 freeze to 1000
[20:09:09.148] [SEVERE ] setting player 1 freeze to 3000
[20:09:09.148] [SEVERE ] removing player 1 token from slot 5
[20:09:09.148] [SEVERE ] player 1 placing token on slot 5
[20:09:09.148] [SEVERE ] setting player 1 freeze to 3000
[20:09:09.148] [SEVERE ] setting player 2 freeze to 1000
[20:09:09.148] [SEVERE ] setting player 1 freeze to 3000
[20:09:09.148] [SEVERE ] removing player 1 token from slot 5
[20:09:09.148] [SEVERE ] player 1 placing token on slot 3
[20:09:09.148] [SEVERE ] setting player 1 freeze to 3000
[20:09:09.148] [SEVERE ] setting player 2 freeze to 1000
[20:09:09.148] [SEVERE ] setting player 1 freeze to 3000
[20:09:09.148] [SEVERE ] removing player 1 token from slot 3
[20:09:09.148] [SEVERE ] player 1 placing token on slot 3
[20:09:09.148] [SEVERE ] setting player 1 freeze to 3000
[20:09:09.148] [SEVERE ] setting player 2 freeze to 1000
[20:09:09.148] [SEVERE ] setting player 1 freeze to 3000
[20:09:09.148] [SEVERE ] removing player 1 token from slot 1
[20:09:09.148] [SEVERE ] player 1 placing token on slot 5
[20:09:09.148] [SEVERE ] setting player 1 freeze to 3000
[20:09:09.148] [SEVERE ] setting player 2 freeze to 1000
[20:09:09.148] [SEVERE ] setting player 1 freeze to 3000
[20:09:09.148] [SEVERE ] removing player 1 token from slot 3
[20:09:09.148] [SEVERE ] player 1 placing token on slot 10
[20:09:09.148] [SEVERE ] setting player 1 freeze to 3000
[20:09:09.148] [SEVERE ] setting player 2 freeze to 1000
[20:09:09.148] [SEVERE ] setting player 1 freeze to 3000
[20:09:09.148] [SEVERE ] removing player 1 token from slot 5
[20:09:09.148] [SEVERE ] player 1 placing token on slot 1
[20:09:09.148] [SEVERE ] setting player 1 freeze to 3000
[20:09:09.148] [SEVERE ] setting player 2 freeze to 1000
[20:09:09.148] [SEVERE ] setting player 1 freeze to 3000
[20:09:09.148] [SEVERE ] removing player 1 token from slot 6
[20:09:09.148] [SEVERE ] player 1 placing token on slot 4
[20:09:09.148] [SEVERE ] setting player 1 freeze to 3000
[20:09:09.148] [SEVERE ] setting player 2 freeze to 1000
[20:09:09.148] [SEVERE ] setting player 1 freeze to 3000
[20:09:09.148] [SEVERE ] removing player 1 token from slot 1
[20:09:09.148] [SEVERE ] player 1 placing token on slot 2
[20:09:09.148] [SEVERE ] setting player 1 freeze to 3000
[20:09:09.148] [SEVERE ] setting player 2 freeze to 1000
[20:09:09.148] [SEVERE ] setting player 1 freeze to 3000
[20:09:09.148] [SEVERE ] removing player 1 token from slot 2
[20:09:09.148] [SEVERE ] removing player 1 token from slot 4
[20:09:09.161] [SEVERE ] player 1 placing token on slot 9
[20:09:09.161] [SEVERE ] removing player 1 token from slot 9
[20:09:09.161] [SEVERE ] player 1 placing token on slot 0
[20:09:09.161] [SEVERE ] player 1 placing token on slot 9
[20:09:09.161] [SEVERE ] setting player 1 freeze to 3000
[20:09:09.161] [SEVERE ] setting player 2 freeze to 1000
[20:09:09.161] [SEVERE ] setting player 1 freeze to 3000
[20:09:09.161] [SEVERE ] removing player 1 token from slot 9
[20:09:09.163] [SEVERE ] removing player 1 token from slot 0
[20:09:09.163] [SEVERE ] player 1 placing token on slot 3
[20:09:09.163] [SEVERE ] player 1 placing token on slot 11
[20:09:09.163] [SEVERE ] setting player 1 freeze to 3000
[20:09:09.163] [SEVERE ] setting player 2 freeze to 1000
[20:09:09.163] [SEVERE ] setting player 1 freeze to 3000
[20:09:09.163] [SEVERE ] removing player 1 token from slot 3
[20:09:09.163] [SEVERE ] player 1 placing token on slot 7
[20:09:09.164] [SEVERE ] setting player 1 freeze to 3000
[20:09:09.164] [SEVERE ] setting player 2 freeze to 1000
[20:09:09.164] [SEVERE ] setting player 1 freeze to 3000
[20:09:09.164] [SEVERE ] removing player 1 token from slot 10
[20:09:09.164] [SEVERE ] removing player 1 token from slot 7
[20:09:09.164] [SEVERE ] player 1 placing token on slot 4
[20:09:09.164] [SEVERE ] player 1 placing token on slot 0
[20:09:09.165] [SEVERE ] setting player 1 freeze to 3000
[20:09:09.165] [SEVERE ] setting player 2 freeze to 1000
[20:09:09.165] [SEVERE ] setting player 1 freeze to 3000
[20:09:09.165] [SEVERE ] removing player 1 token from slot 11
[20:09:09.165] [SEVERE ] removing player 1 token from slot 0
[20:09:09.165] [SEVERE ] player 1 placing token on slot 6
[20:09:09.165] [SEVERE ] player 1 placing token on slot 7
[20:09:09.166] [SEVERE ] setting player 1 freeze to 3000
[20:09:09.166] [SEVERE ] setting player 2 freeze to 1000
[20:09:09.166] [SEVERE ] setting player 1 freeze to 3000
[20:09:09.166] [SEVERE ] removing player 1 token from slot 7
[20:09:09.166] [SEVERE ] player 1 placing token on slot 7
[20:09:09.166] [SEVERE ] setting player 1 freeze to 3000
[20:09:09.166] [SEVERE ] setting player 2 freeze to 1000
[20:09:09.166] [SEVERE ] setting player 1 freeze to 3000
[20:09:09.166] [SEVERE ] removing player 1 token from slot 6
[20:09:09.166] [SEVERE ] player 1 placing token on slot 0
[20:09:09.166] [SEVERE ] setting player 1 freeze to 3000
[20:09:09.166] [SEVERE ] setting player 2 freeze to 1000
[20:09:09.166] [SEVERE ] setting player 1 freeze to 3000
[20:09:09.166] [SEVERE ] removing player 1 token from slot 7
[20:09:09.166] [SEVERE ] player 1 placing token on slot 8
[20:09:09.166] [SEVERE ] setting player 1 freeze to 3000
[20:09:09.166] [SEVERE ] setting player 2 freeze to 1000
[20:09:09.166] [SEVERE ] setting player 1 freeze to 3000
[20:09:09.166] [SEVERE ] removing player 1 token from slot 0
[20:09:09.166] [SEVERE ] player 1 placing token on slot 11
[20:09:09.166] [SEVERE ] setting player 1 freeze to 3000
[20:09:09.166] [SEVERE ] setting player 2 freeze to 1000
[20:09:09.166] [SEVERE ] setting player 1 freeze to 3000
[20:09:09.166] [SEVERE ] removing player 1 token from slot 8
[20:09:09.166] [SEVERE ] player 1 placing token on slot 0
[20:09:09.166] [SEVERE ] setting player 1 freeze to 3000
[20:09:09.166] [SEVERE ] setting player 2 freeze to 1000
[20:09:09.166] [SEVERE ] setting player 1 freeze to 3000
[20:09:09.166] [SEVERE ] removing player 1 token from slot 0
[20:09:09.166] [SEVERE ] player 1 placing token on slot 8
[20:09:09.166] [SEVERE ] setting player 1 freeze to 3000
[20:09:09.166] [SEVERE ] setting player 2 freeze to 1000
[20:09:09.166] [SEVERE ] setting player 1 freeze to 3000
[20:09:09.166] [SEVERE ] removing player 1 token from slot 11
[20:09:09.166] [SEVERE ] player 1 placing token on slot 11
[20:09:09.166] [SEVERE ] setting player 1 freeze to 3000
[20:09:09.166] [SEVERE ] setting player 2 freeze to 1000
[20:09:09.166] [SEVERE ] setting player 1 freeze to 3000
[20:09:09.166] [SEVERE ] removing player 1 token from slot 8
[20:09:09.166] [SEVERE ] player 1 placing token on slot 6
[20:09:09.166] [SEVERE ] setting player 1 freeze to 3000
[20:09:09.166] [SEVERE ] setting player 2 freeze to 1000
[20:09:09.166] [SEVERE ] setting player 1 freeze to 3000
[20:09:09.166] [SEVERE ] removing player 1 token from slot 11
[20:09:09.166] [SEVERE ] player 1 placing token on slot 9
[20:09:09.166] [SEVERE ] setting player 1 freeze to 3000
[20:09:09.166] [SEVERE ] setting player 2 freeze to 1000
[20:09:09.166] [SEVERE ] setting player 1 freeze to 3000
[20:09:09.166] [SEVERE ] removing player 1 token from slot 9
[20:09:09.166] [SEVERE ] player 1 placing token on slot 11
[20:09:09.166] [SEVERE ] setting player 1 freeze to 3000
[20:09:09.166] [SEVERE ] setting player 2 freeze to 1000
[20:09:09.166] [SEVERE ] setting player 1 freeze to 3000
[20:09:09.166] [SEVERE ] removing player 1 token from slot 6
[20:09:09.166] [SEVERE ] removing player 1 token from slot 11
[20:09:09.166] [SEVERE ] player 1 placing token on slot 8
[20:09:09.166] [SEVERE ] player 1 placing token on slot 0
[20:09:09.166] [SEVERE ] setting player 1 freeze to 3000
[20:09:09.166] [SEVERE ] setting player 2 freeze to 1000
[20:09:09.166] [SEVERE ] setting player 1 freeze to 3000
[20:09:09.166] [SEVERE ] removing player 1 token from slot 8
[20:09:09.166] [SEVERE ] player 1 placing token on slot 10
[20:09:09.166] [SEVERE ] setting player 1 freeze to 3000
[20:09:09.166] [SEVERE ] setting player 2 freeze to 1000
[20:09:09.166] [SEVERE ] setting player 1 freeze to 3000
[20:09:09.166] [SEVERE ] removing player 1 token from slot 10
[20:09:09.166] [SEVERE ] player 1 placing token on slot 7
[20:09:09.166] [SEVERE ] setting player 1 freeze to 3000
[20:09:09.166] [SEVERE ] setting player 2 freeze to 1000
[20:09:09.166] [SEVERE ] setting player 1 freeze to 3000
[20:09:09.166] [SEVERE ] removing player 1 token from slot 4
[20:09:09.166] [SEVERE ] player 1 placing token on slot 5
[20:09:09.166] [SEVERE ] setting player 1 freeze to 3000
[20:09:09.166] [SEVERE ] setting player 2 freeze to 1000
[20:09:09.166] [SEVERE ] setting player 1 freeze to 3000
[20:09:09.166] [SEVERE ] removing player 1 token from slot 5
[20:09:09.166] [SEVERE ] player 1 placing token on slot 8
[20:09:09.166] [SEVERE ] setting player 1 freeze to 3000
[20:09:09.166] [SEVERE ] setting player 2 freeze to 1000
[20:09:09.166] [SEVERE ] setting player 1 freeze to 3000
[20:09:09.166] [SEVERE ] removing player 1 token from slot 0
[20:09:09.166] [SEVERE ] player 1 placing token on slot 3
[20:09:09.166] [SEVERE ] setting player 1 freeze to 3000
[20:09:09.166] [SEVERE ] setting player 2 freeze to 1000
[20:09:09.166] [SEVERE ] setting player 1 freeze to 3000
[20:09:09.166] [SEVERE ] removing player 1 token from slot 8
[20:09:09.166] [SEVERE ] player 1 placing token on slot 2
[20:09:09.166] [SEVERE ] setting player 1 freeze to 3000
[20:09:09.166] [SEVERE ] setting player 2 freeze to 1000
[20:09:09.166] [SEVERE ] setting player 1 freeze to 3000
[20:09:09.166] [SEVERE ] removing player 1 token from slot 7
[20:09:09.166] [SEVERE ] player 1 placing token on slot 11
[20:09:09.166] [SEVERE ] setting player 1 freeze to 3000
[20:09:09.166] [SEVERE ] setting player 2 freeze to 1000
[20:09:09.166] [SEVERE ] setting player 1 freeze to 3000
[20:09:09.166] [SEVERE ] removing player 1 token from slot 2
[20:09:09.166] [SEVERE ] player 1 placing token on slot 0
[20:09:09.166] [SEVERE ] setting player 1 freeze to 3000
[20:09:09.166] [SEVERE ] setting player 2 freeze to 1000
[20:09:09.166] [SEVERE ] setting player 1 freeze to 3000
[20:09:09.166] [SEVERE ] removing player 1 token from slot 11
[20:09:09.166] [SEVERE ] player 1 placing token on slot 6
[20:09:09.166] [SEVERE ] setting player 1 freeze to 3000
[20:09:09.166] [SEVERE ] setting player 2 freeze to 1000
[20:09:09.166] [SEVERE ] setting player 1 freeze to 3000
[20:09:09.166] [SEVERE ] removing player 1 token from slot 0
[20:09:09.166] [SEVERE ] player 1 placing token on slot 10
[20:09:09.166] [SEVERE ] setting player 1 freeze to 3000
[20:09:09.166] [SEVERE ] setting player 2 freeze to 1000
[20:09:09.166] [SEVERE ] setting player 1 freeze to 3000
[20:09:09.166] [SEVERE ] removing player 1 token from slot 10
[20:09:09.166] [SEVERE ] player 1 placing token on slot 9
[20:09:09.166] [SEVERE ] setting player 1 freeze to 3000
[20:09:09.166] [SEVERE ] setting player 2 freeze to 1000
[20:09:09.166] [SEVERE ] setting player 1 freeze to 3000
[20:09:09.166] [SEVERE ] removing player 1 token from slot 6
[20:09:09.166] [SEVERE ] player 1 placing token on slot 8
[20:09:09.166] [SEVERE ] setting player 1 freeze to 3000
[20:09:09.166] [SEVERE ] setting player 2 freeze to 1000
[20:09:09.166] [SEVERE ] setting player 1 freeze to 3000
[20:09:09.166] [SEVERE ] removing player 1 token from slot 9
[20:09:09.166] [SEVERE ] player 1 placing token on slot 6
[20:09:09.166] [SEVERE ] setting player 1 freeze to 3000
[20:09:09.166] [SEVERE ] setting player 2 freeze to 1000
[20:09:09.166] [SEVERE ] setting player 1 freeze to 3000
[20:09:09.166] [SEVERE ] removing player 1 token from slot 8
[20:09:09.166] [SEVERE ] player 1 placing token on slot 9
[20:09:09.166] [SEVERE ] setting player 1 freeze to 3000
[20:09:09.166] [SEVERE ] setting player 2 freeze to 1000
[20:09:09.166] [SEVERE ] setting player 1 freeze to 3000
[20:09:09.166] [SEVERE ] removing player 1 token from slot 3
[20:09:09.166] [SEVERE ] player 1 placing token on slot 3
[20:09:09.166] [SEVERE ] setting player 1 freeze to 3000
[20:09:09.166] [SEVERE ] setting player 2 freeze to 1000
[20:09:09.166] [SEVERE ] setting player 1 freeze to 3000
[20:09:09.166] [SEVERE ] removing player 1 token from slot 6
[20:09:09.166] [SEVERE ] player 1 placing token on slot 6
[20:09:09.166] [SEVERE ] setting player 1 freeze to 3000
[20:09:09.166] [SEVERE ] setting player 2 freeze to 1000
[20:09:09.166] [SEVERE ] setting player 1 freeze to 3000
[20:09:09.166] [SEVERE ] removing player 1 token from slot 9
[20:09:09.166] [SEVERE ] player 1 placing token on slot 10
[20:09:09.166] [SEVERE ] setting player 1 freeze to 3000
[20:09:09.166] [SEVERE ] setting player 2 freeze to 1000
[20:09:09.166] [SEVERE ] setting player 1 freeze to 3000
[20:09:09.166] [SEVERE ] removing player 1 token from slot 6
[20:09:09.166] [SEVERE ] player 1 placing token on slot 2
[20:09:09.166] [SEVERE ] setting player 1 freeze to 3000
[20:09:09.166] [SEVERE ] setting player 2 freeze to 1000
[20:09:09.166] [SEVERE ] setting player 1 freeze to 3000
[20:09:09.166] [SEVERE ] removing player 1 token from slot 2
[20:09:09.166] [SEVERE ] player 1 placing token on slot 11
[20:09:09.166] [SEVERE ] setting player 1 freeze to 3000
[20:09:09.166] [SEVERE ] setting player 2 freeze to 1000
[20:09:09.166] [SEVERE ] setting player 1 freeze to 3000
[20:09:09.166] [SEVERE ] removing player 1 token from slot 11
[20:09:09.166] [SEVERE ] player 1 placing token on slot 0
[20:09:09.181] [SEVERE ] setting player 1 freeze to 3000
[20:09:09.181] [SEVERE ] setting player 2 freeze to 1000
[20:09:09.181] [SEVERE ] setting player 1 freeze to 3000
[20:09:09.181] [SEVERE ] removing player 1 token from slot 3
[20:09:09.181] [SEVERE ] player 1 placing token on slot 8
[20:09:09.181] [SEVERE ] setting player 1 freeze to 3000
[20:09:09.181] [SEVERE ] setting player 2 freeze to 1000
[20:09:09.181] [SEVERE ] setting player 1 freeze to 3000
[20:09:09.181] [SEVERE ] removing player 1 token from slot 8
[20:09:09.181] [SEVERE ] player 1 placing token on slot 11
[20:09:09.181] [SEVERE ] setting player 1 freeze to 3000
[20:09:09.181] [SEVERE ] setting player 2 freeze to 1000
[20:09:09.181] [SEVERE ] setting player 1 freeze to 3000
[20:09:09.181] [SEVERE ] removing player 1 token from slot 11
[20:09:09.181] [SEVERE ] player 1 placing token on slot 4
[20:09:09.181] [SEVERE ] setting player 1 freeze to 3000
[20:09:09.181] [SEVERE ] setting player 2 freeze to 1000
[20:09:09.181] [SEVERE ] setting player 1 freeze to 3000
[20:09:09.181] [SEVERE ] removing player 1 token from slot 10
[20:09:09.181] [SEVERE ] player 1 placing token on slot 8
[20:09:09.181] [SEVERE ] setting player 1 freeze to 3000
[20:09:09.181] [SEVERE ] setting player 2 freeze to 1000
[20:09:09.181] [SEVERE ] setting player 1 freeze to 3000
[20:09:09.181] [SEVERE ] removing player 1 token from slot 8
[20:09:09.181] [SEVERE ] removing player 1 token from slot 0
[20:09:09.181] [SEVERE ] player 1 placing token on slot 9
[20:09:09.181] [SEVERE ] removing player 1 token from slot 9
[20:09:09.181] [SEVERE ] player 1 placing token on slot 8
[20:09:09.181] [SEVERE ] player 1 placing token on slot 2
[20:09:09.181] [SEVERE ] setting player 1 freeze to 3000
[20:09:09.181] [SEVERE ] setting player 2 freeze to 1000
[20:09:09.181] [SEVERE ] setting player 1 freeze to 3000
[20:09:09.181] [SEVERE ] removing player 1 token from slot 4
[20:09:09.181] [SEVERE ] player 1 placing token on slot 5
[20:09:09.181] [SEVERE ] setting player 1 freeze to 3000
[20:09:09.181] [SEVERE ] setting player 2 freeze to 1000
[20:09:09.181] [SEVERE ] setting player 1 freeze to 3000
[20:09:09.181] [SEVERE ] removing player 1 token from slot 5
[20:09:09.181] [SEVERE ] player 1 placing token on slot 7
[20:09:09.181] [SEVERE ] setting player 1 freeze to 3000
[20:09:09.181] [SEVERE ] setting player 2 freeze to 1000
[20:09:09.181] [SEVERE ] setting player 1 freeze to 3000
[20:09:09.181] [SEVERE ] removing player 1 token from slot 8
[20:09:09.181] [SEVERE ] player 1 placing token on slot 5
[20:09:09.181] [SEVERE ] setting player 1 freeze to 3000
[20:09:09.181] [SEVERE ] setting player 2 freeze to 1000
[20:09:09.181] [SEVERE ] setting player 1 freeze to 3000
[20:09:09.181] [SEVERE ] removing player 1 token from slot 7
[20:09:09.181] [SEVERE ] player 1 placing token on slot 10
[20:09:09.181] [SEVERE ] setting player 1 freeze to 3000
[20:09:09.181] [SEVERE ] setting player 2 freeze to 1000
[20:09:09.181] [SEVERE ] setting player 1 freeze to 3000
[20:09:09.181] [SEVERE ] removing player 1 token from slot 10
[20:09:09.181] [SEVERE ] player 1 placing token on slot 7
[20:09:09.181] [SEVERE ] setting player 1 freeze to 3000
[20:09:09.181] [SEVERE ] setting player 2 freeze to 1000
[20:09:09.181] [SEVERE ] setting player 1 freeze to 3000
[20:09:09.181] [SEVERE ] removing player 1 token from slot 7
[20:09:09.181] [SEVERE ] player 1 placing token on slot 7
[20:09:09.181] [SEVERE ] setting player 1 freeze to 3000
[20:09:09.181] [SEVERE ] setting player 2 freeze to 1000
[20:09:09.181] [SEVERE ] setting player 1 freeze to 3000
[20:09:09.181] [SEVERE ] removing player 1 token from slot 5
[20:09:09.181] [SEVERE ] player 1 placing token on slot 9
[20:09:09.181] [SEVERE ] setting player 1 freeze to 3000
[20:09:09.181] [SEVERE ] setting player 2 freeze to 1000
[20:09:09.181] [SEVERE ] setting player 1 freeze to 3000
[20:09:09.181] [SEVERE ] removing player 1 token from slot 2
[20:09:09.181] [SEVERE ] player 1 placing token on slot 8
[20:09:09.181] [SEVERE ] setting player 1 freeze to 3000
[20:09:09.181] [SEVERE ] setting player 2 freeze to 1000
[20:09:09.181] [SEVERE ] setting player 1 freeze to 3000
[20:09:09.181] [SEVERE ] removing player 1 token from slot 7
[20:09:09.181] [SEVERE ] player 1 placing token on slot 10
[20:09:09.181] [SEVERE ] setting player 1 freeze to 3000
[20:09:09.181] [SEVERE ] setting player 2 freeze to 1000
[20:09:09.181] [SEVERE ] setting player 1 freeze to 3000
[20:09:09.181] [SEVERE ] removing player 1 token from slot 9
[20:09:09.181] [SEVERE ] player 1 placing token on slot 0
[20:09:09.181] [SEVERE ] setting player 1 freeze to 3000
[20:09:09.181] [SEVERE ] setting player 2 freeze to 1000
[20:09:09.181] [SEVERE ] setting player 1 freeze to 3000
[20:09:09.181] [SEVERE ] removing player 1 token from slot 10
[20:09:09.181] [SEVERE ] player 1 placing token on slot 7
[20:09:09.181] [SEVERE ] setting player 1 freeze to 3000
[20:09:09.181] [SEVERE ] setting player 2 freeze to 1000
[20:09:09.181] [SEVERE ] setting player 1 freeze to 3000
[20:09:09.181] [SEVERE ] removing player 1 token from slot 8
[20:09:09.181] [SEVERE ] removing player 1 token from slot 0
[20:09:09.181] [SEVERE ] player 1 placing token on slot 5
[20:09:09.181] [SEVERE ] player 1 placing token on slot 4
[20:09:09.181] [SEVERE ] setting player 1 freeze to 3000
[20:09:09.181] [SEVERE ] setting player 2 freeze to 1000
[20:09:09.181] [SEVERE ] setting player 1 freeze to 3000
[20:09:09.181] [SEVERE ] removing player 1 token from slot 7
[20:09:09.181] [SEVERE ] removing player 1 token from slot 5
[20:09:09.181] [SEVERE ] player 1 placing token on slot 0
[20:09:09.181] [SEVERE ] removing player 1 token from slot 0
[20:09:09.181] [SEVERE ] player 1 placing token on slot 8
[20:09:09.181] [SEVERE ] removing player 1 token from slot 8
[20:09:09.181] [SEVERE ] player 1 placing token on slot 3
[20:09:09.181] [SEVERE ] player 1 placing token on slot 6
[20:09:09.181] [SEVERE ] setting player 1 freeze to 3000
[20:09:09.181] [SEVERE ] setting player 2 freeze to 1000
[20:09:09.181] [SEVERE ] setting player 1 freeze to 3000
[20:09:09.181] [SEVERE ] removing player 1 token from slot 3
[20:09:09.181] [SEVERE ] player 1 placing token on slot 9
[20:09:09.181] [SEVERE ] setting player 1 freeze to 3000
[20:09:09.181] [SEVERE ] setting player 2 freeze to 1000
[20:09:09.181] [SEVERE ] setting player 1 freeze to 3000
[20:09:09.181] [SEVERE ] removing player 1 token from slot 6
[20:09:09.181] [SEVERE ] player 1 placing token on slot 5
[20:09:09.181] [SEVERE ] setting player 1 freeze to 3000
[20:09:09.181] [SEVERE ] setting player 2 freeze to 1000
[20:09:09.181] [SEVERE ] setting player 1 freeze to 3000
[20:09:09.181] [SEVERE ] removing player 1 token from slot 4
[20:09:09.181] [SEVERE ] player 1 placing token on slot 6
[20:09:09.181] [SEVERE ] setting player 1 freeze to 3000
[20:09:09.181] [SEVERE ] setting player 2 freeze to 1000
[20:09:09.181] [SEVERE ] setting player 1 freeze to 3000
[20:09:09.181] [SEVERE ] removing player 1 token from slot 5
[20:09:09.181] [SEVERE ] player 1 placing token on slot 1
[20:09:09.181] [SEVERE ] setting player 1 freeze to 3000
[20:09:09.181] [SEVERE ] setting player 2 freeze to 1000
[20:09:09.181] [SEVERE ] setting player 1 freeze to 3000
[20:09:09.181] [SEVERE ] removing player 1 token from slot 9
[20:09:09.181] [SEVERE ] removing player 1 token from slot 6
[20:09:09.181] [SEVERE ] removing player 1 token from slot 1
[20:09:09.181] [SEVERE ] player 1 placing token on slot 7
[20:09:09.181] [SEVERE ] player 1 placing token on slot 5
[20:09:09.181] [SEVERE ] player 1 placing token on slot 2
[20:09:09.181] [SEVERE ] setting player 1 freeze to 3000
[20:09:09.181] [SEVERE ] setting player 2 freeze to 1000
[20:09:09.181] [SEVERE ] setting player 1 freeze to 3000
[20:09:09.181] [SEVERE ] removing player 1 token from slot 5
[20:09:09.181] [SEVERE ] player 1 placing token on slot 9
[20:09:09.181] [SEVERE ] setting player 1 freeze to 3000
[20:09:09.181] [SEVERE ] setting player 2 freeze to 1000
[20:09:09.181] [SEVERE ] setting player 1 freeze to 3000
[20:09:09.181] [SEVERE ] removing player 1 token from slot 2
[20:09:09.181] [SEVERE ] player 1 placing token on slot 0
[20:09:09.181] [SEVERE ] setting player 1 freeze to 3000
[20:09:09.181] [SEVERE ] setting player 2 freeze to 1000
[20:09:09.181] [SEVERE ] setting player 1 freeze to 3000
[20:09:09.181] [SEVERE ] removing player 1 token from slot 0
[20:09:09.181] [SEVERE ] player 1 placing token on slot 2
[20:09:09.181] [SEVERE ] setting player 1 freeze to 3000
[20:09:09.181] [SEVERE ] setting player 2 freeze to 1000
[20:09:09.181] [SEVERE ] setting player 1 freeze to 3000
[20:09:09.181] [SEVERE ] removing player 1 token from slot 2
[20:09:09.181] [SEVERE ] player 1 placing token on slot 1
[20:09:09.181] [SEVERE ] setting player 1 freeze to 3000
[20:09:09.181] [SEVERE ] setting player 2 freeze to 1000
[20:09:09.181] [SEVERE ] setting player 1 freeze to 3000
[20:09:09.181] [SEVERE ] removing player 1 token from slot 7
[20:09:09.181] [SEVERE ] player 1 placing token on slot 7
[20:09:09.181] [SEVERE ] setting player 1 freeze to 3000
[20:09:09.181] [SEVERE ] setting player 2 freeze to 1000
[20:09:09.181] [SEVERE ] setting player 1 freeze to 3000
[20:09:09.181] [SEVERE ] removing player 1 token from slot 9
[20:09:09.181] [SEVERE ] removing player 1 token from slot 7
[20:09:09.181] [SEVERE ] player 1 placing token on slot 0
[20:09:09.181] [SEVERE ] player 1 placing token on slot 2
[20:09:09.181] [SEVERE ] setting player 1 freeze to 3000
[20:09:09.181] [SEVERE ] setting player 2 freeze to 1000
[20:09:09.181] [SEVERE ] setting player 1 freeze to 3000
[20:09:09.181] [SEVERE ] removing player 1 token from slot 0
[20:09:09.181] [SEVERE ] player 1 placing token on slot 0
[20:09:09.181] [SEVERE ] setting player 1 freeze to 3000
[20:09:09.181] [SEVERE ] setting player 2 freeze to 1000
[20:09:09.181] [SEVERE ] setting player 1 freeze to 3000
[20:09:09.181] [SEVERE ] removing player 1 token from slot 0
[20:09:09.181] [SEVERE ] player 1 placing token on slot 7
[20:09:09.181] [SEVERE ] setting player 1 freeze to 3000
[20:09:09.181] [SEVERE ] setting player 2 freeze to 1000
[20:09:09.181] [SEVERE ] setting player 1 freeze to 3000
[20:09:09.181] [SEVERE ] removing player 1 token from slot 7
[20:09:09.181] [SEVERE ] player 1 placing token on slot 7
[20:09:09.181] [SEVERE ] setting player 1 freeze to 3000
[20:09:09.181] [SEVERE ] setting player 2 freeze to 1000
[20:09:09.181] [SEVERE ] setting player 1 freeze to 3000
[20:09:09.181] [SEVERE ] removing player 1 token from slot 1
[20:09:09.181] [SEVERE ] removing player 1 token from slot 2
[20:09:09.181] [SEVERE ] player 1 placing token on slot 0
[20:09:09.181] [SEVERE ] player 1 placing token on slot 9
[20:09:09.197] [SEVERE ] setting player 1 freeze to 3000
[20:09:09.197] [SEVERE ] setting player 2 freeze to 1000
[20:09:09.197] [SEVERE ] setting player 1 freeze to 3000
[20:09:09.197] [SEVERE ] removing player 1 token from slot 9
[20:09:09.197] [SEVERE ] removing player 1 token from slot 0
[20:09:09.197] [SEVERE ] player 1 placing token on slot 6
[20:09:09.197] [SEVERE ] player 1 placing token on slot 11
[20:09:09.197] [SEVERE ] setting player 1 freeze to 3000
[20:09:09.197] [SEVERE ] setting player 2 freeze to 1000
[20:09:09.197] [SEVERE ] setting player 1 freeze to 3000
[20:09:09.197] [SEVERE ] removing player 1 token from slot 11
[20:09:09.197] [SEVERE ] removing player 1 token from slot 7
[20:09:09.197] [SEVERE ] removing player 1 token from slot 6
[20:09:09.197] [SEVERE ] player 1 placing token on slot 2
[20:09:09.197] [SEVERE ] player 1 placing token on slot 6
[20:09:09.197] [SEVERE ] removing player 1 token from slot 2
[20:09:09.197] [SEVERE ] player 1 placing token on slot 9
[20:09:09.197] [SEVERE ] player 1 placing token on slot 8
[20:09:09.197] [SEVERE ] setting player 1 freeze to 3000
[20:09:09.197] [SEVERE ] setting player 2 freeze to 1000
[20:09:09.307] [SEVERE ] removing player 2 token from slot 6
[20:09:09.308] [SEVERE ] removing player 1 token from slot 6
[20:09:09.308] [SEVERE ] removing card from slot 6
[20:09:09.418] [SEVERE ] removing player 1 token from slot 9
[20:09:09.418] [SEVERE ] removing card from slot 9
[20:09:09.527] [SEVERE ] removing player 1 token from slot 8
[20:09:09.527] [SEVERE ] removing card from slot 8
[20:09:09.637] [SEVERE ] placing card 39 in slot 6
[20:09:09.747] [SEVERE ] placing card 38 in slot 8
[20:09:09.849] [SEVERE ] placing card 62 in slot 9
[20:09:09.851] [SEVERE ] updating countdown to 60000
[20:09:09.851] [SEVERE ] setting player 1 score to 1
[20:09:09.852] [SEVERE ] setting player 1 freeze to 1000
[20:09:10.144] [SEVERE ] removing player 2 token from slot 11
[20:09:10.144] [SEVERE ] player 2 placing token on slot 7
[20:09:10.144] [SEVERE ] player 2 placing token on slot 0
[20:09:10.144] [SEVERE ] updating countdown to 60000
[20:09:10.144] [SEVERE ] setting player 1 freeze to 1000
[20:09:10.144] [SEVERE ] setting player 2 freeze to 0
[20:09:10.144] [SEVERE ] setting player 2 freeze to 3000
[20:09:10.855] [SEVERE ] updating countdown to 59000
[20:09:10.855] [SEVERE ] setting player 1 freeze to 0
[20:09:10.855] [SEVERE ] setting player 2 freeze to 3000
[20:09:10.871] [SEVERE ] player 1 placing token on slot 4
[20:09:10.871] [SEVERE ] player 1 placing token on slot 9
[20:09:10.871] [SEVERE ] player 1 placing token on slot 1
[20:09:10.871] [SEVERE ] setting player 2 freeze to 3000
[20:09:10.871] [SEVERE ] setting player 1 freeze to 3000
[20:09:11.859] [SEVERE ] updating countdown to 58000
[20:09:11.859] [SEVERE ] setting player 1 freeze to 3000
[20:09:11.859] [SEVERE ] setting player 2 freeze to 2000
[20:09:12.871] [SEVERE ] updating countdown to 57000
[20:09:12.871] [SEVERE ] setting player 1 freeze to 1000
[20:09:12.871] [SEVERE ] setting player 2 freeze to 1000
[20:09:13.153] [SEVERE ] removing player 2 token from slot 7
[20:09:13.154] [SEVERE ] player 2 placing token on slot 11
[20:09:13.156] [SEVERE ] setting player 1 freeze to 1000
[20:09:13.156] [SEVERE ] setting player 2 freeze to 0
[20:09:13.156] [SEVERE ] setting player 2 freeze to 3000
[20:09:13.158] [SEVERE ] removing player 2 token from slot 3
[20:09:13.158] [SEVERE ] player 2 placing token on slot 2
[20:09:13.159] [SEVERE ] setting player 1 freeze to 1000
[20:09:13.159] [SEVERE ] setting player 2 freeze to 3000
[20:09:13.159] [SEVERE ] setting player 2 freeze to 3000
[20:09:13.877] [SEVERE ] removing player 1 token from slot 1
[20:09:13.879] [SEVERE ] player 1 placing token on slot 11
[20:09:13.880] [SEVERE ] updating countdown to 56000
[20:09:13.880] [SEVERE ] setting player 1 freeze to 0
[20:09:13.880] [SEVERE ] setting player 2 freeze to 3000
[20:09:13.880] [SEVERE ] setting player 1 freeze to 3000
[20:09:14.162] [SEVERE ] setting player 1 freeze to 3000
[20:09:14.162] [SEVERE ] setting player 2 freeze to 2000
[20:09:15.166] [SEVERE ] updating countdown to 55000
[20:09:15.166] [SEVERE ] setting player 1 freeze to 2000
[20:09:15.166] [SEVERE ] setting player 2 freeze to 1000
[20:09:16.166] [SEVERE ] removing player 2 token from slot 2
[20:09:16.166] [SEVERE ] player 2 placing token on slot 8
[20:09:16.166] [SEVERE ] updating countdown to 54000
[20:09:16.166] [SEVERE ] setting player 1 freeze to 1000
[20:09:16.166] [SEVERE ] setting player 2 freeze to 0
[20:09:16.166] [SEVERE ] setting player 2 freeze to 3000
[20:09:16.166] [SEVERE ] setting player 1 freeze to 1000
[20:09:16.166] [SEVERE ] setting player 2 freeze to 3000
[20:09:16.166] [SEVERE ] removing player 2 token from slot 11
[20:09:16.166] [SEVERE ] player 2 placing token on slot 4
[20:09:16.166] [SEVERE ] setting player 1 freeze to 1000
[20:09:16.166] [SEVERE ] setting player 2 freeze to 3000
[20:09:16.166] [SEVERE ] setting player 2 freeze to 3000
[20:09:16.166] [SEVERE ] removing player 2 token from slot 4
[20:09:16.166] [SEVERE ] player 2 placing token on slot 1
[20:09:16.166] [SEVERE ] setting player 1 freeze to 1000
[20:09:16.166] [SEVERE ] setting player 2 freeze to 3000
[20:09:16.166] [SEVERE ] setting player 2 freeze to 3000
[20:09:16.884] [SEVERE ] removing player 1 token from slot 4
[20:09:16.884] [SEVERE ] player 1 placing token on slot 1
[20:09:16.884] [SEVERE ] updating countdown to 53000
[20:09:16.884] [SEVERE ] setting player 1 freeze to 0
[20:09:16.884] [SEVERE ] setting player 2 freeze to 3000
[20:09:16.884] [SEVERE ] setting player 1 freeze to 3000
[20:09:16.885] [SEVERE ] removing player 1 token from slot 1
[20:09:16.885] [SEVERE ] removing player 1 token from slot 11
[20:09:16.885] [SEVERE ] player 1 placing token on slot 1
[20:09:16.885] [SEVERE ] player 1 placing token on slot 11
[20:09:16.885] [SEVERE ] setting player 1 freeze to 3000
[20:09:16.885] [SEVERE ] setting player 2 freeze to 3000
[20:09:16.885] [SEVERE ] setting player 1 freeze to 3000
[20:09:17.885] [SEVERE ] updating countdown to 52000
[20:09:17.885] [SEVERE ] setting player 1 freeze to 2000
[20:09:17.885] [SEVERE ] setting player 2 freeze to 2000
[20:09:18.892] [SEVERE ] updating countdown to 51000
[20:09:18.892] [SEVERE ] setting player 1 freeze to 1000
[20:09:18.892] [SEVERE ] setting player 2 freeze to 1000
[20:09:19.175] [SEVERE ] removing player 2 token from slot 8
[20:09:19.175] [SEVERE ] player 2 placing token on slot 5
[20:09:19.175] [SEVERE ] setting player 1 freeze to 1000
[20:09:19.175] [SEVERE ] setting player 2 freeze to 0
[20:09:19.175] [SEVERE ] setting player 2 freeze to 3000
[20:09:19.177] [SEVERE ] removing player 2 token from slot 0
[20:09:19.177] [SEVERE ] player 2 placing token on slot 9
[20:09:19.178] [SEVERE ] setting player 1 freeze to 1000
[20:09:19.178] [SEVERE ] setting player 2 freeze to 3000
[20:09:19.178] [SEVERE ] setting player 2 freeze to 3000
[20:09:19.895] [SEVERE ] removing player 1 token from slot 11
[20:09:19.896] [SEVERE ] player 1 placing token on slot 11
[20:09:19.897] [SEVERE ] updating countdown to 50000
[20:09:19.897] [SEVERE ] setting player 1 freeze to 0
[20:09:19.897] [SEVERE ] setting player 2 freeze to 3000
[20:09:19.897] [SEVERE ] setting player 1 freeze to 3000
[20:09:20.180] [SEVERE ] setting player 1 freeze to 3000
[20:09:20.180] [SEVERE ] setting player 2 freeze to 2000
[20:09:21.189] [SEVERE ] updating countdown to 49000
[20:09:21.189] [SEVERE ] setting player 1 freeze to 2000
[20:09:21.189] [SEVERE ] setting player 2 freeze to 1000
[20:09:22.194] [SEVERE ] updating countdown to 48000
[20:09:22.194] [SEVERE ] removing player 2 token from slot 1
[20:09:22.194] [SEVERE ] player 2 placing token on slot 3
[20:09:22.194] [SEVERE ] setting player 1 freeze to 1000
[20:09:22.194] [SEVERE ] setting player 2 freeze to 0
[20:09:22.194] [SEVERE ] setting player 2 freeze to 3000
[20:09:22.194] [SEVERE ] removing player 2 token from slot 3
[20:09:22.194] [SEVERE ] player 2 placing token on slot 8
[20:09:22.194] [SEVERE ] setting player 1 freeze to 1000
[20:09:22.194] [SEVERE ] setting player 2 freeze to 3000
[20:09:22.194] [SEVERE ] setting player 2 freeze to 3000
[20:09:22.194] [SEVERE ] removing player 2 token from slot 8
[20:09:22.194] [SEVERE ] player 2 placing token on slot 10
[20:09:22.194] [SEVERE ] setting player 1 freeze to 1000
[20:09:22.194] [SEVERE ] setting player 2 freeze to 3000
[20:09:22.194] [SEVERE ] setting player 2 freeze to 3000
[20:09:22.194] [SEVERE ] removing player 2 token from slot 10
[20:09:22.194] [SEVERE ] player 2 placing token on slot 0
[20:09:22.194] [SEVERE ] setting player 1 freeze to 1000
[20:09:22.194] [SEVERE ] setting player 2 freeze to 3000
[20:09:22.194] [SEVERE ] setting player 2 freeze to 3000
[20:09:22.194] [SEVERE ] removing player 2 token from slot 5
[20:09:22.194] [SEVERE ] removing player 2 token from slot 9
[20:09:22.194] [SEVERE ] player 2 placing token on slot 9
[20:09:22.194] [SEVERE ] player 2 placing token on slot 3
[20:09:22.194] [SEVERE ] setting player 1 freeze to 1000
[20:09:22.194] [SEVERE ] setting player 2 freeze to 3000
[20:09:22.194] [SEVERE ] setting player 2 freeze to 3000
[20:09:22.903] [SEVERE ] removing player 1 token from slot 11
[20:09:22.903] [SEVERE ] player 1 placing token on slot 11
[20:09:22.903] [SEVERE ] updating countdown to 47000
[20:09:22.903] [SEVERE ] setting player 1 freeze to 0
[20:09:22.903] [SEVERE ] setting player 2 freeze to 3000
[20:09:22.903] [SEVERE ] setting player 1 freeze to 3000
[20:09:23.197] [SEVERE ] setting player 1 freeze to 3000
[20:09:23.197] [SEVERE ] setting player 2 freeze to 2000
[20:09:24.205] [SEVERE ] updating countdown to 46000
[20:09:24.205] [SEVERE ] setting player 1 freeze to 2000
[20:09:24.205] [SEVERE ] setting player 2 freeze to 1000
[20:09:25.203] [SEVERE ] removing player 2 token from slot 3
[20:09:25.203] [SEVERE ] player 2 placing token on slot 10
[20:09:25.203] [SEVERE ] updating countdown to 45000
[20:09:25.203] [SEVERE ] setting player 1 freeze to 1000
[20:09:25.203] [SEVERE ] setting player 2 freeze to 0
[20:09:25.203] [SEVERE ] setting player 2 freeze to 3000
[20:09:25.208] [SEVERE ] setting player 1 freeze to 1000
[20:09:25.208] [SEVERE ] setting player 2 freeze to 3000
[20:09:25.916] [SEVERE ] removing player 1 token from slot 11
[20:09:25.916] [SEVERE ] player 1 placing token on slot 6
[20:09:25.916] [SEVERE ] updating countdown to 44000
[20:09:25.916] [SEVERE ] setting player 1 freeze to 0
[20:09:25.916] [SEVERE ] setting player 2 freeze to 3000
[20:09:25.916] [SEVERE ] setting player 1 freeze to 3000
[20:09:26.213] [SEVERE ] setting player 1 freeze to 3000
[20:09:26.213] [SEVERE ] setting player 2 freeze to 2000
[20:09:27.224] [SEVERE ] updating countdown to 43000
[20:09:27.224] [SEVERE ] setting player 1 freeze to 2000
[20:09:27.224] [SEVERE ] setting player 2 freeze to 1000
[20:09:28.215] [SEVERE ] removing player 2 token from slot 10
[20:09:28.215] [SEVERE ] player 2 placing token on slot 8
[20:09:28.215] [SEVERE ] updating countdown to 42000
[20:09:28.215] [SEVERE ] setting player 1 freeze to 1000
[20:09:28.215] [SEVERE ] setting player 2 freeze to 0
[20:09:28.215] [SEVERE ] setting player 2 freeze to 3000
[20:09:28.217] [SEVERE ] removing player 2 token from slot 8
[20:09:28.217] [SEVERE ] removing player 2 token from slot 0
[20:09:28.217] [SEVERE ] player 2 placing token on slot 4
[20:09:28.217] [SEVERE ] player 2 placing token on slot 3
[20:09:28.217] [SEVERE ] setting player 1 freeze to 1000
[20:09:28.217] [SEVERE ] setting player 2 freeze to 3000
[20:09:28.217] [SEVERE ] setting player 2 freeze to 3000
[20:09:28.218] [SEVERE ] removing player 2 token from slot 3
[20:09:28.218] [SEVERE ] player 2 placing token on slot 8
[20:09:28.218] [SEVERE ] setting player 1 freeze to 1000
[20:09:28.218] [SEVERE ] setting player 2 freeze to 3000
[20:09:28.218] [SEVERE ] setting player 2 freeze to 3000
[20:09:28.218] [SEVERE ] removing player 2 token from slot 8
[20:09:28.218] [SEVERE ] player 2 placing token on slot 2
[20:09:28.219] [SEVERE ] setting player 1 freeze to 1000
[20:09:28.219] [SEVERE ] setting player 2 freeze to 3000
[20:09:28.219] [SEVERE ] setting player 2 freeze to 3000
[20:09:28.219] [SEVERE ] removing player 2 token from slot 9
[20:09:28.219] [SEVERE ] player 2 placing token on slot 7
[20:09:28.219] [SEVERE ] setting player 1 freeze to 1000
[20:09:28.219] [SEVERE ] setting player 2 freeze to 3000
[20:09:28.219] [SEVERE ] setting player 2 freeze to 3000
[20:09:28.219] [SEVERE ] removing player 2 token from slot 7
[20:09:28.219] [SEVERE ] player 2 placing token on slot 7
[20:09:28.219] [SEVERE ] setting player 1 freeze to 1000
[20:09:28.219] [SEVERE ] setting player 2 freeze to 3000
[20:09:28.219] [SEVERE ] setting player 2 freeze to 3000
[20:09:28.219] [SEVERE ] removing player 2 token from slot 2
[20:09:28.219] [SEVERE ] removing player 2 token from slot 7
[20:09:28.219] [SEVERE ] player 2 placing token on slot 2
[20:09:28.219] [SEVERE ] player 2 placing token on slot 1
[20:09:28.219] [SEVERE ] setting player 1 freeze to 1000
[20:09:28.219] [SEVERE ] setting player 2 freeze to 3000
[20:09:28.219] [SEVERE ] setting player 2 freeze to 3000
[20:09:28.927] [SEVERE ] removing player 1 token from slot 6
[20:09:28.927] [SEVERE ] player 1 placing token on slot 5
[20:09:28.927] [SEVERE ] updating countdown to 41000
[20:09:28.927] [SEVERE ] setting player 1 freeze to 0
[20:09:28.927] [SEVERE ] setting player 2 freeze to 3000
[20:09:28.927] [SEVERE ] setting player 1 freeze to 3000
[20:09:29.222] [SEVERE ] setting player 1 freeze to 3000
[20:09:29.222] [SEVERE ] setting player 2 freeze to 2000
[20:09:30.229] [SEVERE ] updating countdown to 40000
[20:09:30.229] [SEVERE ] setting player 1 freeze to 2000
[20:09:30.229] [SEVERE ] setting player 2 freeze to 1000
[20:09:31.222] [SEVERE ] removing player 2 token from slot 4
[20:09:31.222] [SEVERE ] removing player 2 token from slot 2
[20:09:31.222] [SEVERE ] player 2 placing token on slot 0
[20:09:31.222] [SEVERE ] player 2 placing token on slot 9
[20:09:31.222] [SEVERE ] updating countdown to 39000
[20:09:31.222] [SEVERE ] setting player 1 freeze to 1000
[20:09:31.222] [SEVERE ] setting player 2 freeze to 0
[20:09:31.222] [SEVERE ] setting player 2 freeze to 3000
[20:09:31.231] [SEVERE ] removing player 2 token from slot 9
[20:09:31.231] [SEVERE ] player 2 placing token on slot 11
[20:09:31.232] [SEVERE ] setting player 1 freeze to 1000
[20:09:31.232] [SEVERE ] setting player 2 freeze to 3000
[20:09:31.232] [SEVERE ] setting player 2 freeze to 3000
[20:09:31.232] [SEVERE ] removing player 2 token from slot 1
[20:09:31.232] [SEVERE ] player 2 placing token on slot 7
[20:09:31.232] [SEVERE ] setting player 1 freeze to 1000
[20:09:31.232] [SEVERE ] setting player 2 freeze to 3000
[20:09:31.232] [SEVERE ] setting player 2 freeze to 3000
[20:09:31.232] [SEVERE ] removing player 2 token from slot 11
[20:09:31.232] [SEVERE ] player 2 placing token on slot 9
[20:09:31.232] [SEVERE ] setting player 1 freeze to 1000
[20:09:31.232] [SEVERE ] setting player 2 freeze to 3000
[20:09:31.232] [SEVERE ] setting player 2 freeze to 3000
[20:09:31.232] [SEVERE ] removing player 2 token from slot 9
[20:09:31.232] [SEVERE ] player 2 placing token on slot 3
[20:09:31.232] [SEVERE ] setting player 1 freeze to 1000
[20:09:31.232] [SEVERE ] setting player 2 freeze to 3000
[20:09:31.232] [SEVERE ] setting player 2 freeze to 3000
[20:09:31.232] [SEVERE ] removing player 2 token from slot 7
[20:09:31.232] [SEVERE ] player 2 placing token on slot 4
[20:09:31.232] [SEVERE ] setting player 1 freeze to 1000
[20:09:31.232] [SEVERE ] setting player 2 freeze to 3000
[20:09:31.232] [SEVERE ] setting player 2 freeze to 3000
[20:09:31.939] [SEVERE ] removing player 1 token from slot 1
[20:09:31.939] [SEVERE ] player 1 placing token on slot 4
[20:09:31.939] [SEVERE ] updating countdown to 38000
[20:09:31.939] [SEVERE ] setting player 1 freeze to 0
[20:09:31.939] [SEVERE ] setting player 2 freeze to 3000
[20:09:31.939] [SEVERE ] setting player 1 freeze to 3000
[20:09:31.939] [SEVERE ] removing player 1 token from slot 5
[20:09:31.940] [SEVERE ] player 1 placing token on slot 10
[20:09:31.940] [SEVERE ] setting player 1 freeze to 3000
[20:09:31.940] [SEVERE ] setting player 2 freeze to 3000
[20:09:32.050] [SEVERE ] removing player 1 token from slot 9
[20:09:32.050] [SEVERE ] removing card from slot 9
[20:09:32.160] [SEVERE ] removing player 2 token from slot 4
[20:09:32.160] [SEVERE ] removing player 1 token from slot 4
[20:09:32.160] [SEVERE ] removing card from slot 4
[20:09:32.270] [SEVERE ] removing player 1 token from slot 10
[20:09:32.270] [SEVERE ] removing card from slot 10
[20:09:32.380] [SEVERE ] placing card 52 in slot 4
[20:09:32.490] [SEVERE ] placing card 32 in slot 9
[20:09:32.600] [SEVERE ] placing card 5 in slot 10
[20:09:32.601] [SEVERE ] updating countdown to 60000
[20:09:32.601] [SEVERE ] setting player 1 score to 2
[20:09:32.601] [SEVERE ] setting player 1 freeze to 1000
[20:09:32.601] [SEVERE ] player 1 placing token on slot 4
[20:09:32.601] [SEVERE ] player 1 placing token on slot 11
[20:09:32.601] [SEVERE ] player 1 placing token on slot 3
[20:09:32.602] [SEVERE ] updating countdown to 60000
[20:09:32.602] [SEVERE ] setting player 1 freeze to 1000
[20:09:32.602] [SEVERE ] setting player 2 freeze to 2000
[20:09:32.602] [SEVERE ] setting player 1 freeze to 3000
[20:09:33.601] [SEVERE ] updating countdown to 59000
[20:09:33.601] [SEVERE ] setting player 1 freeze to 3000
[20:09:33.601] [SEVERE ] setting player 2 freeze to 1000
[20:09:34.245] [SEVERE ] player 2 placing token on slot 10
[20:09:34.245] [SEVERE ] updating countdown to 58000
[20:09:34.245] [SEVERE ] setting player 1 freeze to 2000
[20:09:34.245] [SEVERE ] setting player 2 freeze to 0
[20:09:34.245] [SEVERE ] setting player 2 freeze to 3000
[20:09:34.602] [SEVERE ] setting player 1 freeze to 1000
[20:09:34.602] [SEVERE ] setting player 2 freeze to 3000
[20:09:35.617] [SEVERE ] updating countdown to 57000
[20:09:35.617] [SEVERE ] setting player 1 freeze to 0
[20:09:35.617] [SEVERE ] setting player 2 freeze to 2000
[20:09:35.617] [SEVERE ] removing player 1 token from slot 3
[20:09:35.617] [SEVERE ] player 1 placing token on slot 8
[20:09:35.617] [SEVERE ] setting player 2 freeze to 2000
[20:09:35.617] [SEVERE ] setting player 1 freeze to 3000
[20:09:35.617] [SEVERE ] removing player 1 token from slot 4
[20:09:35.617] [SEVERE ] player 1 placing token on slot 2
[20:09:35.617] [SEVERE ] setting player 1 freeze to 3000
[20:09:35.617] [SEVERE ] setting player 2 freeze to 2000
[20:09:35.617] [SEVERE ] setting player 1 freeze to 3000
[20:09:35.617] [SEVERE ] removing player 1 token from slot 2
[20:09:35.617] [SEVERE ] player 1 placing token on slot 5
[20:09:35.617] [SEVERE ] setting player 1 freeze to 3000
[20:09:35.617] [SEVERE ] setting player 2 freeze to 2000
[20:09:35.617] [SEVERE ] setting player 1 freeze to 3000
[20:09:35.617] [SEVERE ] removing player 1 token from slot 11
[20:09:35.617] [SEVERE ] player 1 placing token on slot 9
[20:09:35.617] [SEVERE ] setting player 1 freeze to 3000
[20:09:35.617] [SEVERE ] setting player 2 freeze to 2000
[20:09:35.617] [SEVERE ] setting player 1 freeze to 3000
[20:09:35.617] [SEVERE ] removing player 1 token from slot 5
[20:09:35.617] [SEVERE ] player 1 placing token on slot 1
[20:09:35.617] [SEVERE ] setting player 1 freeze to 3000
[20:09:35.617] [SEVERE ] setting player 2 freeze to 2000
[20:09:35.617] [SEVERE ] setting player 1 freeze to 3000
[20:09:35.617] [SEVERE ] removing player 1 token from slot 8
[20:09:35.617] [SEVERE ] player 1 placing token on slot 10
[20:09:35.617] [SEVERE ] setting player 1 freeze to 3000
[20:09:35.617] [SEVERE ] setting player 2 freeze to 2000
[20:09:35.617] [SEVERE ] setting player 1 freeze to 3000
[20:09:35.617] [SEVERE ] removing player 1 token from slot 9
[20:09:35.617] [SEVERE ] player 1 placing token on slot 9
[20:09:35.617] [SEVERE ] setting player 1 freeze to 3000
[20:09:35.617] [SEVERE ] setting player 2 freeze to 2000
[20:09:35.617] [SEVERE ] setting player 1 freeze to 3000
[20:09:35.617] [SEVERE ] removing player 1 token from slot 10
[20:09:35.617] [SEVERE ] player 1 placing token on slot 5
[20:09:35.617] [SEVERE ] setting player 1 freeze to 3000
[20:09:35.617] [SEVERE ] setting player 2 freeze to 2000
[20:09:35.617] [SEVERE ] setting player 1 freeze to 3000
[20:09:35.617] [SEVERE ] removing player 1 token from slot 5
[20:09:35.617] [SEVERE ] player 1 placing token on slot 11
[20:09:35.617] [SEVERE ] setting player 1 freeze to 3000
[20:09:35.617] [SEVERE ] setting player 2 freeze to 2000
[20:09:35.617] [SEVERE ] setting player 1 freeze to 3000
[20:09:35.617] [SEVERE ] removing player 1 token from slot 11
[20:09:35.617] [SEVERE ] player 1 placing token on slot 7
[20:09:35.617] [SEVERE ] setting player 1 freeze to 3000
[20:09:35.617] [SEVERE ] setting player 2 freeze to 2000
[20:09:35.617] [SEVERE ] setting player 1 freeze to 3000
[20:09:35.617] [SEVERE ] removing player 1 token from slot 1
[20:09:35.617] [SEVERE ] player 1 placing token on slot 8
[20:09:35.617] [SEVERE ] setting player 1 freeze to 3000
[20:09:35.617] [SEVERE ] setting player 2 freeze to 2000
[20:09:35.617] [SEVERE ] setting player 1 freeze to 3000
[20:09:35.617] [SEVERE ] removing player 1 token from slot 8
[20:09:35.617] [SEVERE ] player 1 placing token on slot 10
[20:09:35.617] [SEVERE ] setting player 1 freeze to 3000
[20:09:35.617] [SEVERE ] setting player 2 freeze to 2000
[20:09:35.617] [SEVERE ] setting player 1 freeze to 3000
[20:09:36.628] [SEVERE ] updating countdown to 56000
[20:09:36.628] [SEVERE ] setting player 1 freeze to 2000
[20:09:36.628] [SEVERE ] setting player 2 freeze to 1000
[20:09:37.257] [SEVERE ] removing player 2 token from slot 3
[20:09:37.257] [SEVERE ] player 2 placing token on slot 8
[20:09:37.257] [SEVERE ] updating countdown to 55000
[20:09:37.257] [SEVERE ] setting player 1 freeze to 2000
[20:09:37.257] [SEVERE ] setting player 2 freeze to 0
[20:09:37.257] [SEVERE ] setting player 2 freeze to 3000
[20:09:37.258] [SEVERE ] removing player 2 token from slot 8
[20:09:37.258] [SEVERE ] player 2 placing token on slot 4
[20:09:37.258] [SEVERE ] setting player 1 freeze to 2000
[20:09:37.258] [SEVERE ] setting player 2 freeze to 3000
[20:09:37.258] [SEVERE ] setting player 2 freeze to 3000
[20:09:37.258] [SEVERE ] removing player 2 token from slot 10
[20:09:37.258] [SEVERE ] player 2 placing token on slot 6
[20:09:37.258] [SEVERE ] setting player 1 freeze to 2000
[20:09:37.258] [SEVERE ] setting player 2 freeze to 3000
[20:09:37.258] [SEVERE ] setting player 2 freeze to 3000
[20:09:37.258] [SEVERE ] removing player 2 token from slot 6
[20:09:37.258] [SEVERE ] player 2 placing token on slot 1
[20:09:37.258] [SEVERE ] setting player 1 freeze to 2000
[20:09:37.258] [SEVERE ] setting player 2 freeze to 3000
[20:09:37.258] [SEVERE ] setting player 2 freeze to 3000
[20:09:38.264] [SEVERE ] updating countdown to 54000
[20:09:38.264] [SEVERE ] setting player 1 freeze to 1000
[20:09:38.264] [SEVERE ] setting player 2 freeze to 2000
[20:09:38.627] [SEVERE ] removing player 1 token from slot 9
[20:09:38.627] [SEVERE ] player 1 placing token on slot 4
[20:09:38.627] [SEVERE ] setting player 1 freeze to 0
[20:09:38.627] [SEVERE ] setting player 2 freeze to 2000
[20:09:38.627] [SEVERE ] setting player 1 freeze to 3000
[20:09:38.628] [SEVERE ] removing player 1 token from slot 10
[20:09:38.628] [SEVERE ] removing player 1 token from slot 4
[20:09:38.628] [SEVERE ] removing player 1 token from slot 7
[20:09:38.628] [SEVERE ] player 1 placing token on slot 5
[20:09:38.628] [SEVERE ] player 1 placing token on slot 3
[20:09:38.628] [SEVERE ] player 1 placing token on slot 0
[20:09:38.628] [SEVERE ] setting player 1 freeze to 3000
[20:09:38.628] [SEVERE ] setting player 2 freeze to 2000
[20:09:38.628] [SEVERE ] setting player 1 freeze to 3000
[20:09:38.628] [SEVERE ] removing player 1 token from slot 3
[20:09:38.628] [SEVERE ] player 1 placing token on slot 3
[20:09:38.629] [SEVERE ] setting player 1 freeze to 3000
[20:09:38.629] [SEVERE ] setting player 2 freeze to 2000
[20:09:38.629] [SEVERE ] setting player 1 freeze to 3000
[20:09:38.629] [SEVERE ] removing player 1 token from slot 0
[20:09:38.629] [SEVERE ] player 1 placing token on slot 1
[20:09:38.629] [SEVERE ] setting player 1 freeze to 3000
[20:09:38.629] [SEVERE ] setting player 2 freeze to 2000
[20:09:38.629] [SEVERE ] setting player 1 freeze to 3000
[20:09:39.634] [SEVERE ] updating countdown to 53000
[20:09:39.634] [SEVERE ] setting player 1 freeze to 2000
[20:09:39.634] [SEVERE ] setting player 2 freeze to 1000
[20:09:40.265] [SEVERE ] removing player 2 token from slot 0
[20:09:40.265] [SEVERE ] player 2 placing token on slot 6
[20:09:40.265] [SEVERE ] updating countdown to 52000
[20:09:40.265] [SEVERE ] setting player 1 freeze to 2000
[20:09:40.265] [SEVERE ] setting player 2 freeze to 0
[20:09:40.265] [SEVERE ] setting player 2 freeze to 3000
[20:09:40.267] [SEVERE ] removing player 2 token from slot 6
[20:09:40.268] [SEVERE ] player 2 placing token on slot 10
[20:09:40.268] [SEVERE ] setting player 1 freeze to 2000
[20:09:40.268] [SEVERE ] setting player 2 freeze to 3000
[20:09:40.268] [SEVERE ] setting player 2 freeze to 3000
[20:09:41.266] [SEVERE ] updating countdown to 51000
[20:09:41.266] [SEVERE ] setting player 1 freeze to 1000
[20:09:41.266] [SEVERE ] setting player 2 freeze to 3000
[20:09:41.643] [SEVERE ] removing player 1 token from slot 5
[20:09:41.643] [SEVERE ] player 1 placing token on slot 9
[20:09:41.643] [SEVERE ] setting player 1 freeze to 0
[20:09:41.643] [SEVERE ] setting player 2 freeze to 2000
[20:09:41.643] [SEVERE ] setting player 1 freeze to 3000
[20:09:41.644] [SEVERE ] removing player 1 token from slot 9
[20:09:41.644] [SEVERE ] player 1 placing token on slot 8
[20:09:41.644] [SEVERE ] setting player 1 freeze to 3000
[20:09:41.644] [SEVERE ] setting player 2 freeze to 2000
[20:09:41.644] [SEVERE ] setting player 1 freeze to 3000
[20:09:41.644] [SEVERE ] removing player 1 token from slot 1
[20:09:41.644] [SEVERE ] player 1 placing token on slot 10
[20:09:41.645] [SEVERE ] setting player 1 freeze to 3000
[20:09:41.645] [SEVERE ] setting player 2 freeze to 2000
[20:09:41.645] [SEVERE ] setting player 1 freeze to 3000
[20:09:42.645] [SEVERE ] updating countdown to 50000
[20:09:42.645] [SEVERE ] setting player 1 freeze to 2000
[20:09:42.645] [SEVERE ] setting player 2 freeze to 1000
[20:09:43.276] [SEVERE ] removing player 2 token from slot 10
[20:09:43.276] [SEVERE ] player 2 placing token on slot 11
[20:09:43.276] [SEVERE ] updating countdown to 49000
[20:09:43.276] [SEVERE ] setting player 1 freeze to 2000
[20:09:43.276] [SEVERE ] setting player 2 freeze to 0
[20:09:43.276] [SEVERE ] setting player 2 freeze to 3000
[20:09:43.279] [SEVERE ] removing player 2 token from slot 1
[20:09:43.279] [SEVERE ] player 2 placing token on slot 2
[20:09:43.279] [SEVERE ] setting player 1 freeze to 2000
[20:09:43.279] [SEVERE ] setting player 2 freeze to 3000
[20:09:43.279] [SEVERE ] setting player 2 freeze to 3000
[20:09:43.280] [SEVERE ] removing player 2 token from slot 2
[20:09:43.280] [SEVERE ] player 2 placing token on slot 0
[20:09:43.280] [SEVERE ] setting player 1 freeze to 2000
[20:09:43.280] [SEVERE ] setting player 2 freeze to 3000
[20:09:43.280] [SEVERE ] setting player 2 freeze to 3000
[20:09:43.281] [SEVERE ] removing player 2 token from slot 4
[20:09:43.281] [SEVERE ] player 2 placing token on slot 1
[20:09:43.281] [SEVERE ] setting player 1 freeze to 2000
[20:09:43.281] [SEVERE ] setting player 2 freeze to 3000
[20:09:43.281] [SEVERE ] setting player 2 freeze to 3000
[20:09:43.282] [SEVERE ] removing player 2 token from slot 11
[20:09:43.282] [SEVERE ] player 2 placing token on slot 6
[20:09:43.282] [SEVERE ] setting player 1 freeze to 2000
[20:09:43.282] [SEVERE ] setting player 2 freeze to 3000
[20:09:43.282] [SEVERE ] setting player 2 freeze to 3000
[20:09:44.282] [SEVERE ] updating countdown to 48000
[20:09:44.282] [SEVERE ] setting player 1 freeze to 1000
[20:09:44.282] [SEVERE ] setting player 2 freeze to 2000
[20:09:44.663] [SEVERE ] removing player 1 token from slot 10
[20:09:44.663] [SEVERE ] removing player 1 token from slot 3
[20:09:44.663] [SEVERE ] player 1 placing token on slot 11
[20:09:44.663] [SEVERE ] player 1 placing token on slot 2
[20:09:44.663] [SEVERE ] setting player 1 freeze to 0
[20:09:44.665] [SEVERE ] setting player 2 freeze to 2000
[20:09:44.665] [SEVERE ] setting player 1 freeze to 3000
[20:09:44.665] [SEVERE ] removing player 1 token from slot 11
[20:09:44.665] [SEVERE ] player 1 placing token on slot 3
[20:09:44.665] [SEVERE ] setting player 1 freeze to 3000
[20:09:44.665] [SEVERE ] setting player 2 freeze to 2000
[20:09:44.665] [SEVERE ] setting player 1 freeze to 3000
[20:09:44.665] [SEVERE ] removing player 1 token from slot 2
[20:09:44.665] [SEVERE ] player 1 placing token on slot 4
[20:09:44.665] [SEVERE ] setting player 1 freeze to 3000
[20:09:44.666] [SEVERE ] setting player 2 freeze to 2000
[20:09:44.666] [SEVERE ] setting player 1 freeze to 3000
[20:09:44.666] [SEVERE ] removing player 1 token from slot 8
[20:09:44.666] [SEVERE ] player 1 placing token on slot 2
[20:09:44.666] [SEVERE ] setting player 1 freeze to 3000
[20:09:44.666] [SEVERE ] setting player 2 freeze to 2000
[20:09:44.666] [SEVERE ] setting player 1 freeze to 3000
[20:09:44.666] [SEVERE ] removing player 1 token from slot 4
[20:09:44.666] [SEVERE ] player 1 placing token on slot 8
[20:09:44.666] [SEVERE ] setting player 1 freeze to 3000
[20:09:44.666] [SEVERE ] setting player 2 freeze to 2000
[20:09:44.666] [SEVERE ] setting player 1 freeze to 3000
[20:09:44.666] [SEVERE ] removing player 1 token from slot 8
[20:09:44.668] [SEVERE ] removing player 1 token from slot 2
[20:09:44.668] [SEVERE ] player 1 placing token on slot 6
[20:09:44.668] [SEVERE ] removing player 1 token from slot 6
[20:09:44.668] [SEVERE ] player 1 placing token on slot 0
[20:09:44.668] [SEVERE ] player 1 placing token on slot 7
[20:09:44.668] [SEVERE ] setting player 1 freeze to 3000
[20:09:44.668] [SEVERE ] setting player 2 freeze to 2000
[20:09:44.668] [SEVERE ] setting player 1 freeze to 3000
[20:09:44.668] [SEVERE ] removing player 1 token from slot 0
[20:09:44.668] [SEVERE ] player 1 placing token on slot 2
[20:09:44.668] [SEVERE ] setting player 1 freeze to 3000
[20:09:44.668] [SEVERE ] setting player 2 freeze to 2000
[20:09:44.668] [SEVERE ] setting player 1 freeze to 3000
[20:09:45.676] [SEVERE ] updating countdown to 47000
[20:09:45.676] [SEVERE ] setting player 1 freeze to 2000
[20:09:45.676] [SEVERE ] setting player 2 freeze to 1000
[20:09:45.743] [SEVERE ] exit button pressed
[20:09:45.743] [INFO   ] thread computer-1 terminated.
[20:09:45.743] [INFO   ] thread Thread-1 terminated.
[20:09:45.743] [INFO   ] thread computer-0 terminated.
[20:09:45.743] [SEVERE ] removing player 1 token from slot 7
[20:09:45.743] [INFO   ] thread Thread-0 terminated.
[20:09:46.686] [SEVERE ] updating countdown to 46000
[20:09:46.686] [SEVERE ] setting player 1 freeze to 1000
[20:09:46.686] [SEVERE ] setting player 2 freeze to 0
[20:09:46.791] [SEVERE ] removing player 2 token from slot 0
[20:09:46.791] [SEVERE ] removing card from slot 0
[20:09:46.893] [SEVERE ] removing player 2 token from slot 1
[20:09:46.893] [SEVERE ] removing card from slot 1
[20:09:46.997] [SEVERE ] removing player 1 token from slot 2
[20:09:46.997] [SEVERE ] removing card from slot 2
[20:09:47.098] [SEVERE ] removing player 1 token from slot 3
[20:09:47.099] [SEVERE ] removing card from slot 3
[20:09:47.213] [SEVERE ] removing card from slot 4
[20:09:47.324] [SEVERE ] removing card from slot 5
[20:09:47.433] [SEVERE ] removing player 2 token from slot 6
[20:09:47.433] [SEVERE ] removing card from slot 6
[20:09:47.541] [SEVERE ] removing card from slot 7
[20:09:47.648] [SEVERE ] removing card from slot 8
[20:09:47.757] [SEVERE ] removing card from slot 9
[20:09:47.867] [SEVERE ] removing card from slot 10
[20:09:47.977] [SEVERE ] removing card from slot 11
[20:09:47.977] [SEVERE ] announcing winner(s): player 1
[20:09:47.994] [INFO   ] thread dealer terminated.
[20:09:47.995] [INFO   ] thread dealer terminated.
[20:09:47.995] [SEVERE ] thanks for playing... it was fun!
[20:09:47.996] [INFO   ] thread main terminated.
