[20:10:03.054] [INFO   ] thread main starting.
[20:10:03.056] [SEVERE ] cannot read configuration file config.properties trying from resources.
[20:10:03.056] [SEVERE ] configuration file was loaded from resources directory.
[20:10:03.406] [INFO   ] thread dealer starting.
[20:10:03.406] [INFO   ] thread dealer starting.
[20:10:03.406] [INFO   ] thread Thread-1 starting.
[20:10:03.406] [INFO   ] thread Thread-0 starting.
[20:10:03.408] [INFO   ] thread computer-0 starting.
[20:10:03.409] [INFO   ] thread computer-1 starting.
[20:10:03.515] [SEVERE ] placing card 20 in slot 0
[20:10:03.621] [SEVERE ] placing card 7 in slot 1
[20:10:03.725] [SEVERE ] placing card 18 in slot 2
[20:10:03.831] [SEVERE ] placing card 39 in slot 3
[20:10:03.934] [SEVERE ] placing card 42 in slot 4
[20:10:04.044] [SEVERE ] placing card 31 in slot 5
[20:10:04.154] [SEVERE ] placing card 67 in slot 6
[20:10:04.264] [SEVERE ] placing card 55 in slot 7
[20:10:04.374] [SEVERE ] placing card 29 in slot 8
[20:10:04.483] [SEVERE ] placing card 51 in slot 9
[20:10:04.594] [SEVERE ] placing card 26 in slot 10
[20:10:04.709] [SEVERE ] placing card 43 in slot 11
[20:10:04.710] [SEVERE ] player 1 placing token on slot 6
[20:10:04.710] [SEVERE ] player 1 placing token on slot 9
[20:10:04.710] [SEVERE ] player 1 placing token on slot 0
[20:10:04.712] [SEVERE ] player 2 placing token on slot 4
[20:10:04.712] [SEVERE ] player 2 placing token on slot 6
[20:10:04.712] [SEVERE ] player 2 placing token on slot 7
[20:10:04.712] [SEVERE ] updating countdown to 60000
[20:10:04.718] [SEVERE ] setting player 1 freeze to 3000
[20:10:05.731] [SEVERE ] updating countdown to 59000
[20:10:05.731] [SEVERE ] setting player 1 freeze to 2000
[20:10:05.731] [SEVERE ] setting player 2 freeze to 3000
[20:10:06.736] [SEVERE ] updating countdown to 58000
[20:10:06.736] [SEVERE ] setting player 1 freeze to 1000
[20:10:06.736] [SEVERE ] setting player 2 freeze to 2000
[20:10:07.727] [SEVERE ] removing player 1 token from slot 6
[20:10:07.727] [SEVERE ] player 1 placing token on slot 6
[20:10:07.727] [SEVERE ] updating countdown to 57000
[20:10:07.727] [SEVERE ] setting player 1 freeze to 0
[20:10:07.727] [SEVERE ] setting player 2 freeze to 2000
[20:10:07.727] [SEVERE ] setting player 1 freeze to 3000
[20:10:07.727] [SEVERE ] removing player 1 token from slot 9
[20:10:07.727] [SEVERE ] player 1 placing token on slot 10
[20:10:07.729] [SEVERE ] setting player 1 freeze to 3000
[20:10:07.729] [SEVERE ] setting player 2 freeze to 2000
[20:10:07.729] [SEVERE ] setting player 1 freeze to 3000
[20:10:07.729] [SEVERE ] removing player 1 token from slot 10
[20:10:07.729] [SEVERE ] player 1 placing token on slot 1
[20:10:07.729] [SEVERE ] setting player 1 freeze to 3000
[20:10:07.729] [SEVERE ] setting player 2 freeze to 2000
[20:10:07.729] [SEVERE ] setting player 1 freeze to 3000
[20:10:07.729] [SEVERE ] removing player 1 token from slot 0
[20:10:07.737] [SEVERE ] player 1 placing token on slot 11
[20:10:07.738] [SEVERE ] setting player 1 freeze to 3000
[20:10:07.738] [SEVERE ] setting player 2 freeze to 1000
[20:10:07.738] [SEVERE ] setting player 1 freeze to 3000
[20:10:07.738] [SEVERE ] removing player 1 token from slot 1
[20:10:07.739] [SEVERE ] player 1 placing token on slot 10
[20:10:07.740] [SEVERE ] setting player 1 freeze to 3000
[20:10:07.741] [SEVERE ] setting player 2 freeze to 1000
[20:10:07.741] [SEVERE ] setting player 1 freeze to 3000
[20:10:08.734] [SEVERE ] removing player 2 token from slot 7
[20:10:08.735] [SEVERE ] player 2 placing token on slot 9
[20:10:08.735] [SEVERE ] updating countdown to 56000
[20:10:08.735] [SEVERE ] setting player 1 freeze to 3000
[20:10:08.735] [SEVERE ] setting player 2 freeze to 0
[20:10:08.735] [SEVERE ] setting player 2 freeze to 3000
[20:10:08.735] [SEVERE ] removing player 2 token from slot 4
[20:10:08.735] [SEVERE ] player 2 placing token on slot 2
[20:10:08.735] [SEVERE ] setting player 1 freeze to 3000
[20:10:08.735] [SEVERE ] setting player 2 freeze to 3000
[20:10:08.735] [SEVERE ] setting player 2 freeze to 3000
[20:10:08.735] [SEVERE ] removing player 2 token from slot 6
[20:10:08.735] [SEVERE ] player 2 placing token on slot 4
[20:10:08.735] [SEVERE ] setting player 1 freeze to 3000
[20:10:08.735] [SEVERE ] setting player 2 freeze to 3000
[20:10:08.735] [SEVERE ] setting player 2 freeze to 3000
[20:10:09.741] [SEVERE ] updating countdown to 55000
[20:10:09.741] [SEVERE ] setting player 1 freeze to 1000
[20:10:09.741] [SEVERE ] setting player 2 freeze to 2000
[20:10:10.748] [SEVERE ] updating countdown to 54000
[20:10:10.748] [SEVERE ] setting player 1 freeze to 0
[20:10:10.748] [SEVERE ] removing player 1 token from slot 11
[20:10:10.748] [SEVERE ] setting player 2 freeze to 1000
[20:10:10.748] [SEVERE ] player 1 placing token on slot 5
[20:10:10.748] [SEVERE ] setting player 1 freeze to 3000
[20:10:10.748] [SEVERE ] setting player 1 freeze to 3000
[20:10:10.748] [SEVERE ] setting player 2 freeze to 1000
[20:10:11.750] [SEVERE ] removing player 2 token from slot 4
[20:10:11.751] [SEVERE ] player 2 placing token on slot 6
[20:10:11.752] [SEVERE ] updating countdown to 53000
[20:10:11.752] [SEVERE ] setting player 1 freeze to 2000
[20:10:11.752] [SEVERE ] setting player 2 freeze to 0
[20:10:11.752] [SEVERE ] setting player 2 freeze to 3000
[20:10:11.752] [SEVERE ] setting player 1 freeze to 2000
[20:10:11.752] [SEVERE ] setting player 2 freeze to 3000
[20:10:12.755] [SEVERE ] updating countdown to 52000
[20:10:12.755] [SEVERE ] setting player 1 freeze to 1000
[20:10:12.755] [SEVERE ] setting player 2 freeze to 2000
[20:10:13.754] [SEVERE ] removing player 1 token from slot 5
[20:10:13.754] [SEVERE ] player 1 placing token on slot 3
[20:10:13.754] [SEVERE ] updating countdown to 51000
[20:10:13.754] [SEVERE ] setting player 1 freeze to 0
[20:10:13.754] [SEVERE ] setting player 2 freeze to 1000
[20:10:13.754] [SEVERE ] setting player 1 freeze to 3000
[20:10:13.757] [SEVERE ] setting player 1 freeze to 3000
[20:10:13.757] [SEVERE ] setting player 2 freeze to 1000
[20:10:14.759] [SEVERE ] updating countdown to 50000
[20:10:14.759] [SEVERE ] removing player 2 token from slot 6
[20:10:14.759] [SEVERE ] setting player 1 freeze to 2000
[20:10:14.759] [SEVERE ] player 2 placing token on slot 10
[20:10:14.759] [SEVERE ] setting player 2 freeze to 0
[20:10:14.759] [SEVERE ] setting player 2 freeze to 3000
[20:10:14.759] [SEVERE ] removing player 2 token from slot 2
[20:10:14.759] [SEVERE ] player 2 placing token on slot 4
[20:10:14.759] [SEVERE ] setting player 1 freeze to 2000
[20:10:14.759] [SEVERE ] setting player 2 freeze to 3000
[20:10:14.759] [SEVERE ] setting player 2 freeze to 3000
[20:10:14.759] [SEVERE ] removing player 2 token from slot 10
[20:10:14.759] [SEVERE ] player 2 placing token on slot 7
[20:10:14.759] [SEVERE ] setting player 1 freeze to 2000
[20:10:14.759] [SEVERE ] setting player 2 freeze to 3000
[20:10:14.759] [SEVERE ] setting player 2 freeze to 3000
[20:10:14.759] [SEVERE ] removing player 2 token from slot 7
[20:10:14.759] [SEVERE ] player 2 placing token on slot 7
[20:10:14.759] [SEVERE ] setting player 1 freeze to 2000
[20:10:14.759] [SEVERE ] setting player 2 freeze to 3000
[20:10:14.759] [SEVERE ] setting player 2 freeze to 3000
[20:10:15.368] [SEVERE ] exit button pressed
[20:10:15.368] [INFO   ] thread computer-1 terminated.
[20:10:15.368] [INFO   ] thread computer-0 terminated.
[20:10:15.368] [INFO   ] thread Thread-1 terminated.
[20:10:15.368] [INFO   ] thread Thread-0 terminated.
[20:10:15.764] [SEVERE ] updating countdown to 49000
[20:10:15.764] [SEVERE ] setting player 1 freeze to 1000
[20:10:15.764] [SEVERE ] setting player 2 freeze to 2000
[20:10:15.866] [SEVERE ] removing card from slot 0
[20:10:15.979] [SEVERE ] removing card from slot 1
[20:10:16.083] [SEVERE ] removing card from slot 2
[20:10:16.190] [SEVERE ] removing player 1 token from slot 3
[20:10:16.191] [SEVERE ] removing card from slot 3
[20:10:16.302] [SEVERE ] removing player 2 token from slot 4
[20:10:16.302] [SEVERE ] removing card from slot 4
[20:10:16.404] [SEVERE ] removing card from slot 5
[20:10:16.507] [SEVERE ] removing player 1 token from slot 6
[20:10:16.508] [SEVERE ] removing card from slot 6
[20:10:16.609] [SEVERE ] removing player 2 token from slot 7
[20:10:16.609] [SEVERE ] removing card from slot 7
[20:10:16.710] [SEVERE ] removing card from slot 8
[20:10:16.821] [SEVERE ] removing player 2 token from slot 9
[20:10:16.821] [SEVERE ] removing card from slot 9
[20:10:16.924] [SEVERE ] removing player 1 token from slot 10
[20:10:16.924] [SEVERE ] removing card from slot 10
[20:10:17.025] [SEVERE ] removing card from slot 11
[20:10:17.025] [SEVERE ] announcing winner(s): player 1, player 2
[20:10:17.025] [INFO   ] thread dealer terminated.
[20:10:17.025] [INFO   ] thread dealer terminated.
[20:10:17.025] [SEVERE ] thanks for playing... it was fun!
[20:10:17.025] [INFO   ] thread main terminated.
